[XVideos] Extracting URL: https://www.xvideos.com/video.hpupfle205b/_
[XVideos] hpupfle205b: Downloading webpage
[XVideos] hpupfle205b: Downloading m3u8 information
[XVideos] hpupfle205b: Checking hls-480p video format URL
[XVideos] hpupfle205b: Checking hls-360p video format URL
[XVideos] hpupfle205b: Checking hls-250p video format URL
[info] hpupfle205b: Downloading 1 format(s): hls-480p
[info] Downloading video thumbnail 1 ...
[info] Writing video thumbnail 1 to: D:\ÏÂÔØ\SmartVideoDownloader\downloads\Going_on_a_business_trip_to_the_mainland_to_find_a_sauna_girl-hpupfle205b.jpg
[hlsnative] Downloading m3u8 manifest
[hlsnative] Total fragments: 40
[download] Destination: D:\ÏÂÔØ\SmartVideoDownloader\downloads\Going_on_a_business_trip_to_the_mainland_to_find_a_sauna_girl-hpupfle205b.mp4
[download]   0.0% of ~  48.87MiB at    819.20B/s ETA Unknown (frag 0/40)
[download]   0.0% of ~  48.91MiB at    819.20B/s ETA Unknown (frag 0/40)
[download]   0.0% of ~  48.98MiB at    819.20B/s ETA Unknown (frag 0/40)
[download]   0.0% of ~  49.14MiB at    819.20B/s ETA Unknown (frag 0/40)
[download]   0.1% of ~  49.45MiB at   21.09KiB/s ETA Unknown (frag 0/40)
[download]   0.1% of ~  50.08MiB at   48.39KiB/s ETA Unknown (frag 0/40)
[download]   0.2% of ~  51.33MiB at   69.22KiB/s ETA 07:25 (frag 0/40)
[download]   0.4% of ~  53.83MiB at  103.81KiB/s ETA 07:10 (frag 0/40)
[download]   0.7% of ~  34.64MiB at  103.81KiB/s ETA 07:10 (frag 0/40)
[download]   0.7% of ~  34.68MiB at  103.81KiB/s ETA 07:10 (frag 0/40)
[download]   0.7% of ~  34.75MiB at  103.81KiB/s ETA 07:10 (frag 0/40)
[download]   0.7% of ~  34.91MiB at  103.81KiB/s ETA 07:10 (frag 0/40)
[download]   0.8% of ~  35.22MiB at  131.52KiB/s ETA 06:45 (frag 0/40)
[download]   0.7% of ~  36.70MiB at  145.84KiB/s ETA 06:25 (frag 0/40)
[download]   0.7% of ~  36.74MiB at  145.84KiB/s ETA 06:25 (frag 0/40)
[download]   0.8% of ~  36.82MiB at  145.84KiB/s ETA 06:25 (frag 0/40)
[download]   0.8% of ~  36.97MiB at  145.84KiB/s ETA 06:25 (frag 0/40)
[download]   0.9% of ~  36.43MiB at  145.84KiB/s ETA 06:25 (frag 0/40)
[download]   0.9% of ~  61.60MiB at  145.84KiB/s ETA 06:25 (frag 0/40)
[download]   1.2% of ~  47.99MiB at  145.84KiB/s ETA 06:25 (frag 0/40)
[download]   1.3% of ~  47.76MiB at  218.35KiB/s ETA 05:59 (frag 0/40)
[download]   1.3% of ~  51.11MiB at  218.35KiB/s ETA 05:59 (frag 0/40)
[download]   1.5% of ~  75.43MiB at  218.35KiB/s ETA 05:59 (frag 0/40)
[download]   1.3% of ~  85.10MiB at  218.35KiB/s ETA 05:59 (frag 0/40)
[download]   1.3% of ~  85.14MiB at  218.35KiB/s ETA 05:59 (frag 0/40)
[download]   1.3% of ~  85.22MiB at  218.35KiB/s ETA 05:59 (frag 0/40)
[download]   1.3% of ~  85.38MiB at  218.35KiB/s ETA 05:59 (frag 0/40)
[download]   1.5% of ~  94.92MiB at  218.35KiB/s ETA 05:59 (frag 0/40)
[download]   1.3% of ~ 105.74MiB at  218.35KiB/s ETA 05:59 (frag 1/40)
[download]   3.6% of ~  41.34MiB at  218.35KiB/s ETA 05:59 (frag 1/40)
[download]   3.8% of ~  42.16MiB at  437.97KiB/s ETA 05:28 (frag 1/40)
[download]   3.8% of ~  45.09MiB at  437.97KiB/s ETA 05:28 (frag 1/40)
[download]   3.2% of ~  54.51MiB at  603.27KiB/s ETA 05:00 (frag 1/40)
[download]   4.2% of ~  47.48MiB at  603.27KiB/s ETA 05:00 (frag 1/40)
[download]   4.3% of ~  52.90MiB at  603.27KiB/s ETA 05:00 (frag 1/40)
[download]   4.1% of ~  57.48MiB at  603.27KiB/s ETA 05:00 (frag 1/40)
[download]   4.0% of ~  59.97MiB at  811.36KiB/s ETA 04:35 (frag 2/40)
[download]   6.3% of ~  40.26MiB at  811.36KiB/s ETA 04:35 (frag 2/40)
[download]   6.0% of ~  42.21MiB at  811.36KiB/s ETA 04:35 (frag 3/40)
[download]   7.5% of ~  33.55MiB at  967.90KiB/s ETA 04:10 (frag 3/40)
[download]   7.5% of ~  33.56MiB at  967.90KiB/s ETA 04:10 (frag 3/40)
[download]   7.5% of ~  33.58MiB at  967.90KiB/s ETA 04:10 (frag 3/40)
[download]   7.5% of ~  33.62MiB at  967.90KiB/s ETA 04:10 (frag 3/40)
[download]   7.3% of ~  35.26MiB at    1.05MiB/s ETA 03:47 (frag 3/40)
[download]   7.4% of ~  34.92MiB at    1.05MiB/s ETA 03:47 (frag 3/40)
[download]   7.4% of ~  34.93MiB at    1.05MiB/s ETA 03:47 (frag 3/40)
[download]   7.4% of ~  34.95MiB at    1.05MiB/s ETA 03:47 (frag 3/40)
[download]   7.4% of ~  34.99MiB at    1.05MiB/s ETA 03:47 (frag 3/40)
[download]   7.4% of ~  35.07MiB at    1.05MiB/s ETA 03:47 (frag 3/40)
[download]   7.5% of ~  35.23MiB at    1.05MiB/s ETA 03:47 (frag 3/40)
[download]   7.6% of ~  35.54MiB at    1.05MiB/s ETA 03:47 (frag 3/40)
[download]   7.7% of ~  35.25MiB at    1.05MiB/s ETA 03:47 (frag 3/40)
[download]   7.7% of ~  35.06MiB at    1.13MiB/s ETA 03:27 (frag 3/40)
[download]   7.7% of ~  35.07MiB at    1.13MiB/s ETA 03:27 (frag 3/40)
[download]   7.7% of ~  35.09MiB at    1.13MiB/s ETA 03:27 (frag 3/40)
[download]   7.7% of ~  35.13MiB at    1.13MiB/s ETA 03:27 (frag 3/40)
[download]   7.5% of ~  37.12MiB at    1.13MiB/s ETA 03:27 (frag 3/40)
[download]   7.8% of ~  35.83MiB at    1.13MiB/s ETA 03:27 (frag 3/40)
[download]   7.8% of ~  36.33MiB at    1.18MiB/s ETA 03:09 (frag 3/40)
[download]   7.9% of ~  37.56MiB at    1.18MiB/s ETA 03:09 (frag 3/40)
[download]   7.5% of ~  39.52MiB at    1.18MiB/s ETA 03:09 (frag 3/40)
[download]   7.5% of ~  39.53MiB at    1.18MiB/s ETA 03:09 (frag 3/40)
[download]   7.5% of ~  39.55MiB at    1.18MiB/s ETA 03:09 (frag 3/40)
[download]   7.5% of ~  39.59MiB at    1.18MiB/s ETA 03:09 (frag 3/40)
[download]   7.8% of ~  39.61MiB at    1.18MiB/s ETA 03:09 (frag 3/40)
[download]   7.7% of ~  39.97MiB at    1.18MiB/s ETA 03:09 (frag 3/40)
[download]   7.7% of ~  39.98MiB at    1.18MiB/s ETA 03:09 (frag 3/40)
[download]   7.8% of ~  40.00MiB at    1.18MiB/s ETA 03:09 (frag 3/40)
[download]   7.8% of ~  40.04MiB at    1.18MiB/s ETA 03:09 (frag 3/40)
[download]   7.8% of ~  40.11MiB at    1.18MiB/s ETA 03:09 (frag 3/40)
[download]   7.8% of ~  40.27MiB at    1.18MiB/s ETA 03:09 (frag 3/40)
[download]   7.2% of ~  43.86MiB at    1.18MiB/s ETA 03:09 (frag 3/40)
[download]   7.2% of ~  43.87MiB at    1.18MiB/s ETA 03:09 (frag 3/40)
[download]   7.2% of ~  43.89MiB at    1.18MiB/s ETA 03:09 (frag 3/40)
[download]   7.2% of ~  43.93MiB at    1.18MiB/s ETA 03:09 (frag 3/40)
[download]   7.2% of ~  44.01MiB at    1.18MiB/s ETA 03:09 (frag 3/40)
[download]   7.9% of ~  40.88MiB at    1.18MiB/s ETA 03:09 (frag 3/40)
[download]   7.3% of ~  44.79MiB at    1.18MiB/s ETA 03:09 (frag 3/40)
[download]   7.7% of ~  42.54MiB at    1.27MiB/s ETA 02:52 (frag 3/40)
[download]   7.7% of ~  42.55MiB at    1.27MiB/s ETA 02:52 (frag 3/40)
[download]   7.7% of ~  42.57MiB at    1.27MiB/s ETA 02:52 (frag 3/40)
[download]   7.7% of ~  42.61MiB at    1.27MiB/s ETA 02:52 (frag 3/40)
[download]   7.4% of ~  45.25MiB at    1.27MiB/s ETA 02:52 (frag 3/40)
[download]   7.7% of ~  43.55MiB at    1.27MiB/s ETA 02:52 (frag 3/40)
[download]   8.2% of ~  41.73MiB at    1.27MiB/s ETA 02:52 (frag 3/40)
[download]   7.8% of ~  43.78MiB at    1.27MiB/s ETA 02:52 (frag 3/40)
[download]   8.2% of ~  42.54MiB at    1.35MiB/s ETA 02:38 (frag 3/40)
[download]   8.3% of ~  44.74MiB at    1.35MiB/s ETA 02:38 (frag 3/40)
[download]   8.3% of ~  46.34MiB at    1.35MiB/s ETA 02:38 (frag 3/40)
[download]   8.0% of ~  48.31MiB at    1.43MiB/s ETA 02:25 (frag 3/40)
[download]   8.6% of ~  48.15MiB at    1.43MiB/s ETA 02:25 (frag 3/40)
[download]   7.9% of ~  53.69MiB at    1.53MiB/s ETA 02:13 (frag 3/40)
[download]   8.2% of ~  52.61MiB at    1.53MiB/s ETA 02:13 (frag 3/40)
[download]   9.0% of ~  52.21MiB at    1.53MiB/s ETA 02:13 (frag 3/40)
[download]   8.7% of ~  55.22MiB at    1.53MiB/s ETA 02:13 (frag 3/40)
[download]   8.4% of ~  57.10MiB at    1.53MiB/s ETA 02:13 (frag 4/40)
[download]  10.9% of ~  44.95MiB at    1.53MiB/s ETA 02:13 (frag 4/40)
[download]  11.1% of ~  46.49MiB at    1.53MiB/s ETA 02:13 (frag 4/40)
[download]  10.6% of ~  49.25MiB at    1.70MiB/s ETA 02:02 (frag 4/40)
[download]  11.5% of ~  49.70MiB at    1.70MiB/s ETA 02:02 (frag 4/40)
[download]  10.7% of ~  53.64MiB at    1.70MiB/s ETA 02:02 (frag 5/40)
[download]  13.0% of ~  44.58MiB at    1.86MiB/s ETA 01:51 (frag 5/40)
[download]  13.5% of ~  43.84MiB at    1.97MiB/s ETA 01:42 (frag 5/40)
[download]  13.9% of ~  45.35MiB at    1.97MiB/s ETA 01:42 (frag 5/40)
[download]  13.1% of ~  48.04MiB at    1.97MiB/s ETA 01:42 (frag 6/40)
[download]  15.2% of ~  43.05MiB at    2.09MiB/s ETA 01:33 (frag 6/40)
[download]  15.5% of ~  43.15MiB at    2.09MiB/s ETA 01:33 (frag 6/40)
[download]  16.2% of ~  42.73MiB at    2.09MiB/s ETA 01:33 (frag 6/40)
[download]  16.2% of ~  44.36MiB at    2.09MiB/s ETA 01:33 (frag 6/40)
[download]  16.0% of ~  48.05MiB at    2.28MiB/s ETA 01:25 (frag 6/40)
[download]  15.4% of ~  49.86MiB at    2.28MiB/s ETA 01:25 (frag 6/40)
[download]  15.4% of ~  49.86MiB at    2.28MiB/s ETA 01:25 (frag 6/40)
[download]  15.4% of ~  49.87MiB at    2.28MiB/s ETA 01:25 (frag 6/40)
[download]  15.4% of ~  49.90MiB at    2.28MiB/s ETA 01:25 (frag 6/40)
[download]  15.4% of ~  49.94MiB at    2.28MiB/s ETA 01:25 (frag 6/40)
[download]  15.5% of ~  50.03MiB at    2.28MiB/s ETA 01:25 (frag 6/40)
[download]  15.5% of ~  49.86MiB at    2.40MiB/s ETA 01:18 (frag 6/40)
[download]  15.5% of ~  49.86MiB at    2.40MiB/s ETA 01:18 (frag 6/40)
[download]  15.5% of ~  49.87MiB at    2.40MiB/s ETA 01:18 (frag 6/40)
[download]  15.5% of ~  49.90MiB at    2.40MiB/s ETA 01:18 (frag 6/40)
[download]  15.6% of ~  49.94MiB at    2.47MiB/s ETA 01:12 (frag 6/40)
[download]  15.7% of ~  49.63MiB at    2.47MiB/s ETA 01:12 (frag 6/40)
[download]  15.7% of ~  49.63MiB at    2.47MiB/s ETA 01:12 (frag 6/40)
[download]  15.7% of ~  49.64MiB at    2.47MiB/s ETA 01:12 (frag 6/40)
[download]  15.7% of ~  49.67MiB at    2.47MiB/s ETA 01:12 (frag 6/40)
[download]  15.7% of ~  49.71MiB at    2.47MiB/s ETA 01:12 (frag 6/40)
[download]  15.7% of ~  49.80MiB at    2.59MiB/s ETA 01:06 (frag 6/40)
[download]  15.8% of ~  50.32MiB at    2.59MiB/s ETA 01:06 (frag 6/40)
[download]  16.5% of ~  50.24MiB at    2.70MiB/s ETA 01:01 (frag 6/40)
[download]  15.9% of ~  52.15MiB at    2.70MiB/s ETA 01:01 (frag 7/40)
[download]  17.9% of ~  46.69MiB at    2.70MiB/s ETA 01:01 (frag 7/40)
[download]  18.0% of ~  47.00MiB at    2.70MiB/s ETA 01:01 (frag 7/40)
[download]  18.4% of ~  47.38MiB at    2.70MiB/s ETA 01:01 (frag 7/40)
[download]  18.0% of ~  48.57MiB at    2.70MiB/s ETA 01:01 (frag 7/40)
[download]  18.1% of ~  48.73MiB at    2.70MiB/s ETA 01:01 (frag 7/40)
[download]  18.2% of ~  49.04MiB at    2.70MiB/s ETA 01:01 (frag 7/40)
[download]  18.3% of ~  49.31MiB at    2.84MiB/s ETA 00:56 (frag 7/40)
[download]  18.4% of ~  49.63MiB at    2.84MiB/s ETA 00:56 (frag 7/40)
[download]  18.4% of ~  50.91MiB at    2.94MiB/s ETA 00:52 (frag 7/40)
[download]  18.1% of ~  53.08MiB at    2.94MiB/s ETA 00:52 (frag 7/40)
[download]  17.7% of ~  54.23MiB at    2.94MiB/s ETA 00:52 (frag 8/40)
[download]  20.9% of ~  47.12MiB at    2.94MiB/s ETA 00:52 (frag 8/40)
[download]  21.0% of ~  48.18MiB at    3.08MiB/s ETA 00:48 (frag 8/40)
[download]  21.4% of ~  49.52MiB at    3.08MiB/s ETA 00:48 (frag 8/40)
[download]  21.2% of ~  51.15MiB at    3.08MiB/s ETA 00:48 (frag 8/40)
[download]  21.6% of ~  52.63MiB at    3.08MiB/s ETA 00:48 (frag 8/40)
[download]  20.7% of ~  55.07MiB at    3.08MiB/s ETA 00:48 (frag 8/40)
[download]  20.7% of ~  55.06MiB at    3.08MiB/s ETA 00:48 (frag 9/40)
[download]  22.9% of ~  49.75MiB at    3.08MiB/s ETA 00:48 (frag 10/40)
[download]  26.4% of ~  45.00MiB at    3.08MiB/s ETA 00:48 (frag 10/40)
[download]  25.4% of ~  46.77MiB at    3.08MiB/s ETA 00:48 (frag 11/40)
[download]  28.8% of ~  42.63MiB at    3.40MiB/s ETA 00:43 (frag 11/40)
[download]  27.9% of ~  44.02MiB at    3.40MiB/s ETA 00:43 (frag 12/40)
[download]  31.3% of ~  40.28MiB at    3.40MiB/s ETA 00:43 (frag 12/40)
[download]  30.6% of ~  41.20MiB at    3.40MiB/s ETA 00:43 (frag 13/40)
[download]  32.9% of ~  38.33MiB at    3.77MiB/s ETA 00:40 (frag 13/40)
[download]  32.9% of ~  38.34MiB at    3.77MiB/s ETA 00:40 (frag 13/40)
[download]  32.9% of ~  38.34MiB at    3.77MiB/s ETA 00:40 (frag 13/40)
[download]  32.9% of ~  38.35MiB at    3.77MiB/s ETA 00:40 (frag 13/40)
[download]  32.9% of ~  38.38MiB at    3.77MiB/s ETA 00:40 (frag 13/40)
[download]  32.7% of ~  38.56MiB at    3.77MiB/s ETA 00:40 (frag 13/40)
[download]  32.7% of ~  38.56MiB at    3.77MiB/s ETA 00:40 (frag 13/40)
[download]  32.7% of ~  38.57MiB at    3.77MiB/s ETA 00:40 (frag 13/40)
[download]  32.8% of ~  38.58MiB at    3.77MiB/s ETA 00:40 (frag 13/40)
[download]  32.7% of ~  38.64MiB at    4.01MiB/s ETA 00:36 (frag 13/40)
[download]  32.7% of ~  38.65MiB at    4.01MiB/s ETA 00:36 (frag 13/40)
[download]  32.7% of ~  38.65MiB at    4.01MiB/s ETA 00:36 (frag 13/40)
[download]  32.7% of ~  38.66MiB at    4.01MiB/s ETA 00:36 (frag 13/40)
[download]  32.7% of ~  38.68MiB at    4.01MiB/s ETA 00:36 (frag 13/40)
[download]  32.8% of ~  38.73MiB at    4.01MiB/s ETA 00:36 (frag 13/40)
[download]  33.7% of ~  39.06MiB at    4.01MiB/s ETA 00:36 (frag 13/40)
[download]  32.8% of ~  40.15MiB at    4.01MiB/s ETA 00:36 (frag 13/40)
[download]  32.8% of ~  40.15MiB at    4.01MiB/s ETA 00:36 (frag 13/40)
[download]  32.8% of ~  40.16MiB at    4.01MiB/s ETA 00:36 (frag 13/40)
[download]  32.4% of ~  40.57MiB at    4.01MiB/s ETA 00:36 (frag 13/40)
[download]  32.8% of ~  40.17MiB at    4.01MiB/s ETA 00:36 (frag 13/40)
[download]  32.4% of ~  40.60MiB at    4.01MiB/s ETA 00:36 (frag 13/40)
[download]  32.5% of ~  40.60MiB at    4.01MiB/s ETA 00:36 (frag 13/40)
[download]  32.8% of ~  40.21MiB at    4.01MiB/s ETA 00:36 (frag 13/40)
[download]  32.5% of ~  40.66MiB at    4.01MiB/s ETA 00:36 (frag 13/40)
[download]  33.0% of ~  40.07MiB at    4.01MiB/s ETA 00:36 (frag 13/40)
[download]  32.5% of ~  40.77MiB at    4.01MiB/s ETA 00:36 (frag 13/40)
[download]  32.9% of ~  40.41MiB at    4.01MiB/s ETA 00:36 (frag 13/40)
[download]  33.0% of ~  40.48MiB at    4.01MiB/s ETA 00:36 (frag 13/40)
[download]  32.5% of ~  41.08MiB at    4.01MiB/s ETA 00:36 (frag 13/40)
[download]  33.1% of ~  40.56MiB at    4.01MiB/s ETA 00:36 (frag 13/40)
[download]  32.6% of ~  41.35MiB at    4.01MiB/s ETA 00:36 (frag 13/40)
[download]  32.9% of ~  41.06MiB at    4.01MiB/s ETA 00:36 (frag 13/40)
[download]  33.0% of ~  41.11MiB at    4.01MiB/s ETA 00:36 (frag 13/40)
[download]  33.0% of ~  41.20MiB at    4.01MiB/s ETA 00:36 (frag 13/40)
[download]  32.8% of ~  41.66MiB at    4.25MiB/s ETA 00:33 (frag 13/40)
[download]  32.7% of ~  41.77MiB at    4.25MiB/s ETA 00:33 (frag 14/40)
[download]  35.4% of ~  38.77MiB at    4.25MiB/s ETA 00:33 (frag 14/40)
[download]  35.2% of ~  38.90MiB at    4.39MiB/s ETA 00:30 (frag 14/40)
[download]  35.2% of ~  38.91MiB at    4.39MiB/s ETA 00:30 (frag 14/40)
[download]  35.2% of ~  38.91MiB at    4.39MiB/s ETA 00:30 (frag 14/40)
[download]  35.3% of ~  38.92MiB at    4.39MiB/s ETA 00:30 (frag 14/40)
[download]  35.3% of ~  38.94MiB at    4.46MiB/s ETA 00:28 (frag 14/40)
[download]  35.3% of ~  38.98MiB at    4.46MiB/s ETA 00:28 (frag 14/40)
[download]  35.4% of ~  39.07MiB at    4.46MiB/s ETA 00:28 (frag 14/40)
[download]  35.6% of ~  39.21MiB at    4.59MiB/s ETA 00:25 (frag 14/40)
[download]  35.6% of ~  39.61MiB at    4.59MiB/s ETA 00:25 (frag 14/40)
[download]  35.0% of ~  40.29MiB at    4.59MiB/s ETA 00:25 (frag 14/40)
[download]  35.0% of ~  40.29MiB at    4.59MiB/s ETA 00:25 (frag 14/40)
[download]  35.0% of ~  40.30MiB at    4.59MiB/s ETA 00:25 (frag 14/40)
[download]  35.0% of ~  40.31MiB at    4.59MiB/s ETA 00:25 (frag 14/40)
[download]  35.0% of ~  40.33MiB at    4.59MiB/s ETA 00:25 (frag 14/40)
[download]  35.0% of ~  40.37MiB at    4.59MiB/s ETA 00:25 (frag 14/40)
[download]  35.1% of ~  40.46MiB at    4.59MiB/s ETA 00:25 (frag 14/40)
[download]  35.9% of ~  40.21MiB at    4.71MiB/s ETA 00:23 (frag 14/40)
[download]  35.8% of ~  40.75MiB at    4.71MiB/s ETA 00:23 (frag 14/40)
[download]  35.7% of ~  41.23MiB at    4.71MiB/s ETA 00:23 (frag 14/40)
[download]  35.7% of ~  41.58MiB at    4.71MiB/s ETA 00:23 (frag 14/40)
[download]  35.3% of ~  42.32MiB at    4.71MiB/s ETA 00:23 (frag 14/40)
[download]  36.0% of ~  42.25MiB at    4.82MiB/s ETA 00:22 (frag 14/40)
[download]  35.3% of ~  43.14MiB at    4.82MiB/s ETA 00:22 (frag 14/40)
[download]  35.3% of ~  43.14MiB at    4.82MiB/s ETA 00:22 (frag 14/40)
[download]  35.3% of ~  43.14MiB at    4.82MiB/s ETA 00:22 (frag 14/40)
[download]  35.3% of ~  43.15MiB at    4.82MiB/s ETA 00:22 (frag 14/40)
[download]  36.0% of ~  42.94MiB at    4.82MiB/s ETA 00:22 (frag 14/40)
[download]  35.3% of ~  43.84MiB at    4.82MiB/s ETA 00:22 (frag 14/40)
[download]  35.7% of ~  44.06MiB at    4.82MiB/s ETA 00:22 (frag 14/40)
[download]  36.0% of ~  44.35MiB at    4.82MiB/s ETA 00:22 (frag 14/40)
[download]  35.4% of ~  45.22MiB at    4.82MiB/s ETA 00:22 (frag 14/40)
[download]  35.5% of ~  45.45MiB at    4.82MiB/s ETA 00:22 (frag 14/40)
[download]  36.2% of ~  45.25MiB at    4.99MiB/s ETA 00:20 (frag 14/40)
[download]  36.4% of ~  46.08MiB at    4.99MiB/s ETA 00:20 (frag 14/40)
[download]  35.6% of ~  47.12MiB at    4.99MiB/s ETA 00:20 (frag 15/40)
[download]  38.0% of ~  44.38MiB at    4.99MiB/s ETA 00:20 (frag 15/40)
[download]  38.8% of ~  44.71MiB at    5.21MiB/s ETA 00:18 (frag 15/40)
[download]  37.8% of ~  45.96MiB at    5.21MiB/s ETA 00:18 (frag 15/40)
[download]  37.7% of ~  46.05MiB at    5.21MiB/s ETA 00:18 (frag 16/40)
[download]  40.7% of ~  43.32MiB at    5.21MiB/s ETA 00:18 (frag 16/40)
[download]  40.6% of ~  43.77MiB at    5.21MiB/s ETA 00:18 (frag 16/40)
[download]  41.4% of ~  43.72MiB at    5.21MiB/s ETA 00:18 (frag 16/40)
[download]  40.6% of ~  44.49MiB at    5.21MiB/s ETA 00:18 (frag 17/40)
[download]  43.8% of ~  42.18MiB at    5.21MiB/s ETA 00:18 (frag 17/40)
[download]  42.9% of ~  43.06MiB at    5.21MiB/s ETA 00:18 (frag 18/40)
[download]  46.2% of ~  41.07MiB at    5.58MiB/s ETA 00:17 (frag 18/40)
[download]  45.1% of ~  42.12MiB at    5.58MiB/s ETA 00:17 (frag 18/40)
[download]  45.1% of ~  42.18MiB at    5.58MiB/s ETA 00:17 (frag 19/40)
[download]  48.7% of ~  39.78MiB at    5.58MiB/s ETA 00:17 (frag 19/40)
[download]  47.8% of ~  40.55MiB at    5.58MiB/s ETA 00:17 (frag 20/40)
[download]  50.6% of ~  38.78MiB at    5.85MiB/s ETA 00:15 (frag 20/40)
[download]  51.2% of ~  39.08MiB at    5.85MiB/s ETA 00:15 (frag 20/40)
[download]  50.3% of ~  39.79MiB at    5.85MiB/s ETA 00:15 (frag 21/40)
[download]  52.1% of ~  38.44MiB at    6.03MiB/s ETA 00:14 (frag 21/40)
[download]  52.1% of ~  38.44MiB at    6.03MiB/s ETA 00:14 (frag 21/40)
[download]  52.1% of ~  38.44MiB at    6.03MiB/s ETA 00:14 (frag 21/40)
[download]  52.1% of ~  38.45MiB at    6.03MiB/s ETA 00:14 (frag 21/40)
[download]  52.1% of ~  38.46MiB at    6.03MiB/s ETA 00:14 (frag 21/40)
[download]  52.2% of ~  38.49MiB at    6.03MiB/s ETA 00:14 (frag 21/40)
[download]  52.2% of ~  38.55MiB at    6.03MiB/s ETA 00:14 (frag 21/40)
[download]  52.3% of ~  38.49MiB at    6.03MiB/s ETA 00:14 (frag 21/40)
[download]  52.3% of ~  38.49MiB at    6.03MiB/s ETA 00:14 (frag 21/40)
[download]  52.3% of ~  38.49MiB at    6.08MiB/s ETA 00:13 (frag 21/40)
[download]  52.4% of ~  38.50MiB at    6.08MiB/s ETA 00:13 (frag 21/40)
[download]  52.4% of ~  38.51MiB at    6.08MiB/s ETA 00:13 (frag 21/40)
[download]  53.7% of ~  38.44MiB at    6.08MiB/s ETA 00:13 (frag 21/40)
[download]  52.5% of ~  39.29MiB at    6.08MiB/s ETA 00:13 (frag 22/40)
[download]  54.9% of ~  37.69MiB at    6.08MiB/s ETA 00:13 (frag 22/40)
[download]  54.9% of ~  37.74MiB at    6.08MiB/s ETA 00:13 (frag 22/40)
[download]  55.2% of ~  37.55MiB at    6.08MiB/s ETA 00:13 (frag 22/40)
[download]  55.2% of ~  37.55MiB at    6.08MiB/s ETA 00:13 (frag 22/40)
[download]  54.9% of ~  37.75MiB at    6.08MiB/s ETA 00:13 (frag 22/40)
[download]  55.2% of ~  37.55MiB at    6.08MiB/s ETA 00:13 (frag 22/40)
[download]  54.9% of ~  37.76MiB at    6.08MiB/s ETA 00:13 (frag 22/40)
[download]  55.2% of ~  37.56MiB at    6.08MiB/s ETA 00:13 (frag 22/40)
[download]  54.9% of ~  37.78MiB at    6.08MiB/s ETA 00:13 (frag 22/40)
[download]  55.0% of ~  37.79MiB at    6.08MiB/s ETA 00:13 (frag 22/40)
[download]  55.0% of ~  37.80MiB at    6.08MiB/s ETA 00:13 (frag 22/40)
[download]  55.0% of ~  37.83MiB at    6.08MiB/s ETA 00:13 (frag 22/40)
[download]  55.3% of ~  37.68MiB at    6.08MiB/s ETA 00:13 (frag 22/40)
[download]  55.1% of ~  37.91MiB at    6.08MiB/s ETA 00:13 (frag 22/40)
[download]  55.3% of ~  37.81MiB at    6.18MiB/s ETA 00:12 (frag 22/40)
[download]  55.1% of ~  37.96MiB at    6.18MiB/s ETA 00:12 (frag 22/40)
[download]  55.1% of ~  37.97MiB at    6.18MiB/s ETA 00:12 (frag 22/40)
[download]  55.1% of ~  37.97MiB at    6.18MiB/s ETA 00:12 (frag 22/40)
[download]  55.1% of ~  37.98MiB at    6.18MiB/s ETA 00:12 (frag 22/40)
[download]  55.1% of ~  37.99MiB at    6.18MiB/s ETA 00:12 (frag 22/40)
[download]  55.2% of ~  38.02MiB at    6.18MiB/s ETA 00:12 (frag 22/40)
[download]  54.9% of ~  38.20MiB at    6.18MiB/s ETA 00:12 (frag 22/40)
[download]  54.9% of ~  38.20MiB at    6.18MiB/s ETA 00:12 (frag 22/40)
[download]  54.9% of ~  38.20MiB at    6.18MiB/s ETA 00:12 (frag 22/40)
[download]  54.9% of ~  38.21MiB at    6.18MiB/s ETA 00:12 (frag 22/40)
[download]  55.0% of ~  38.23MiB at    6.18MiB/s ETA 00:12 (frag 22/40)
[download]  55.4% of ~  38.03MiB at    6.18MiB/s ETA 00:12 (frag 22/40)
[download]  55.3% of ~  38.23MiB at    6.18MiB/s ETA 00:12 (frag 22/40)
[download]  55.0% of ~  38.47MiB at    6.18MiB/s ETA 00:12 (frag 22/40)
[download]  54.9% of ~  38.77MiB at    6.18MiB/s ETA 00:12 (frag 22/40)
[download]  55.1% of ~  38.74MiB at    6.22MiB/s ETA 00:11 (frag 22/40)
[download]  55.2% of ~  38.93MiB at    6.22MiB/s ETA 00:11 (frag 22/40)
[download]  55.6% of ~  38.63MiB at    6.22MiB/s ETA 00:11 (frag 22/40)
[download]  55.6% of ~  38.63MiB at    6.22MiB/s ETA 00:11 (frag 22/40)
[download]  55.6% of ~  38.64MiB at    6.22MiB/s ETA 00:11 (frag 22/40)
[download]  55.6% of ~  38.64MiB at    6.22MiB/s ETA 00:11 (frag 22/40)
[download]  55.6% of ~  38.66MiB at    6.22MiB/s ETA 00:11 (frag 22/40)
[download]  55.7% of ~  38.69MiB at    6.22MiB/s ETA 00:11 (frag 22/40)
[download]  55.8% of ~  38.74MiB at    6.22MiB/s ETA 00:11 (frag 22/40)
[download]  55.3% of ~  39.26MiB at    6.22MiB/s ETA 00:11 (frag 22/40)
[download]  55.6% of ~  39.28MiB at    6.29MiB/s ETA 00:10 (frag 22/40)
[download]  55.5% of ~  39.59MiB at    6.29MiB/s ETA 00:10 (frag 22/40)
[download]  55.4% of ~  39.94MiB at    6.29MiB/s ETA 00:10 (frag 22/40)
[download]  55.3% of ~  40.40MiB at    6.29MiB/s ETA 00:10 (frag 22/40)
[download]  55.6% of ~  40.67MiB at    6.41MiB/s ETA 00:09 (frag 22/40)
[download]  56.0% of ~  40.59MiB at    6.41MiB/s ETA 00:09 (frag 22/40)
[download]  55.8% of ~  40.71MiB at    6.41MiB/s ETA 00:09 (frag 22/40)
[download]  55.8% of ~  40.71MiB at    6.41MiB/s ETA 00:09 (frag 22/40)
[download]  55.9% of ~  40.71MiB at    6.41MiB/s ETA 00:09 (frag 22/40)
[download]  55.9% of ~  40.72MiB at    6.41MiB/s ETA 00:09 (frag 22/40)
[download]  55.9% of ~  40.73MiB at    6.41MiB/s ETA 00:09 (frag 22/40)
[download]  56.0% of ~  41.07MiB at    6.41MiB/s ETA 00:09 (frag 22/40)
[download]  55.9% of ~  41.19MiB at    6.41MiB/s ETA 00:09 (frag 22/40)
[download]  55.8% of ~  41.76MiB at    6.54MiB/s ETA 00:08 (frag 22/40)
[download]  55.9% of ~  42.09MiB at    6.54MiB/s ETA 00:08 (frag 22/40)
[download]  55.8% of ~  42.65MiB at    6.54MiB/s ETA 00:08 (frag 22/40)
[download]  56.1% of ~  42.55MiB at    6.69MiB/s ETA 00:08 (frag 22/40)
[download]  56.4% of ~  42.76MiB at    6.69MiB/s ETA 00:08 (frag 22/40)
[download]  56.3% of ~  43.71MiB at    6.69MiB/s ETA 00:08 (frag 22/40)
[download]  55.3% of ~  44.58MiB at    6.69MiB/s ETA 00:08 (frag 22/40)
[download]  55.2% of ~  44.63MiB at    6.69MiB/s ETA 00:08 (frag 23/40)
[download]  58.5% of ~  42.93MiB at    6.69MiB/s ETA 00:08 (frag 23/40)
[download]  58.8% of ~  43.11MiB at    6.91MiB/s ETA 00:07 (frag 23/40)
[download]  58.7% of ~  43.40MiB at    6.91MiB/s ETA 00:07 (frag 23/40)
[download]  58.3% of ~  43.71MiB at    6.91MiB/s ETA 00:07 (frag 24/40)
[download]  61.3% of ~  42.15MiB at    6.91MiB/s ETA 00:07 (frag 24/40)
[download]  60.5% of ~  42.72MiB at    6.91MiB/s ETA 00:07 (frag 25/40)
[download]  63.8% of ~  41.26MiB at    6.91MiB/s ETA 00:07 (frag 25/40)
[download]  62.6% of ~  42.22MiB at    6.91MiB/s ETA 00:07 (frag 25/40)
[download]  63.8% of ~  42.08MiB at    6.91MiB/s ETA 00:07 (frag 25/40)
[download]  62.7% of ~  42.80MiB at    6.91MiB/s ETA 00:07 (frag 26/40)
[download]  64.8% of ~  41.45MiB at    6.91MiB/s ETA 00:07 (frag 27/40)
[download]  67.7% of ~  39.66MiB at    6.91MiB/s ETA 00:07 (frag 28/40)
[download]  71.4% of ~  37.97MiB at    7.22MiB/s ETA 00:07 (frag 28/40)
[download]  71.2% of ~  38.31MiB at    7.22MiB/s ETA 00:07 (frag 28/40)
[download]  70.7% of ~  38.56MiB at    7.40MiB/s ETA 00:06 (frag 29/40)
[download]  73.7% of ~  37.68MiB at    7.40MiB/s ETA 00:06 (frag 29/40)
[download]  72.4% of ~  38.33MiB at    7.40MiB/s ETA 00:06 (frag 30/40)
[download]  75.1% of ~  36.98MiB at    7.44MiB/s ETA 00:06 (frag 30/40)
[download]  75.1% of ~  36.98MiB at    7.44MiB/s ETA 00:06 (frag 30/40)
[download]  75.1% of ~  36.98MiB at    7.44MiB/s ETA 00:06 (frag 30/40)
[download]  75.1% of ~  36.99MiB at    7.44MiB/s ETA 00:06 (frag 30/40)
[download]  75.1% of ~  37.00MiB at    7.44MiB/s ETA 00:06 (frag 30/40)
[download]  75.2% of ~  37.02MiB at    7.44MiB/s ETA 00:06 (frag 30/40)
[download]  74.9% of ~  37.16MiB at    7.44MiB/s ETA 00:06 (frag 30/40)
[download]  74.9% of ~  37.16MiB at    7.44MiB/s ETA 00:06 (frag 30/40)
[download]  74.9% of ~  37.17MiB at    7.44MiB/s ETA 00:06 (frag 30/40)
[download]  74.9% of ~  37.17MiB at    7.44MiB/s ETA 00:06 (frag 30/40)
[download]  74.9% of ~  37.18MiB at    7.44MiB/s ETA 00:06 (frag 30/40)
[download]  74.6% of ~  37.36MiB at    7.44MiB/s ETA 00:06 (frag 30/40)
[download]  74.6% of ~  37.36MiB at    7.44MiB/s ETA 00:06 (frag 30/40)
[download]  74.6% of ~  37.36MiB at    7.44MiB/s ETA 00:06 (frag 30/40)
[download]  74.6% of ~  37.37MiB at    7.44MiB/s ETA 00:06 (frag 30/40)
[download]  74.6% of ~  37.38MiB at    7.44MiB/s ETA 00:06 (frag 30/40)
[download]  75.3% of ~  37.14MiB at    7.44MiB/s ETA 00:06 (frag 30/40)
[download]  74.7% of ~  37.48MiB at    7.44MiB/s ETA 00:06 (frag 30/40)
[download]  75.0% of ~  37.36MiB at    7.44MiB/s ETA 00:06 (frag 30/40)
[download]  74.7% of ~  37.56MiB at    7.44MiB/s ETA 00:06 (frag 30/40)
[download]  74.2% of ~  37.81MiB at    7.44MiB/s ETA 00:06 (frag 30/40)
[download]  74.2% of ~  37.81MiB at    7.44MiB/s ETA 00:06 (frag 30/40)
[download]  74.3% of ~  37.82MiB at    7.44MiB/s ETA 00:06 (frag 30/40)
[download]  74.3% of ~  37.82MiB at    7.44MiB/s ETA 00:06 (frag 30/40)
[download]  74.6% of ~  37.67MiB at    7.44MiB/s ETA 00:06 (frag 30/40)
[download]  74.6% of ~  37.68MiB at    7.44MiB/s ETA 00:06 (frag 30/40)
[download]  74.6% of ~  37.68MiB at    7.44MiB/s ETA 00:06 (frag 30/40)
[download]  74.6% of ~  37.68MiB at    7.44MiB/s ETA 00:06 (frag 30/40)
[download]  74.5% of ~  37.72MiB at    7.44MiB/s ETA 00:06 (frag 30/40)
[download]  74.3% of ~  37.85MiB at    7.44MiB/s ETA 00:06 (frag 30/40)
[download]  74.5% of ~  37.74MiB at    7.44MiB/s ETA 00:06 (frag 30/40)
[download]  74.5% of ~  37.74MiB at    7.44MiB/s ETA 00:06 (frag 30/40)
[download]  74.6% of ~  37.72MiB at    7.44MiB/s ETA 00:06 (frag 30/40)
[download]  74.5% of ~  37.77MiB at    7.44MiB/s ETA 00:06 (frag 30/40)
[download]  74.6% of ~  37.78MiB at    7.44MiB/s ETA 00:06 (frag 30/40)
[download]  74.6% of ~  37.80MiB at    7.44MiB/s ETA 00:06 (frag 30/40)
[download]  74.7% of ~  37.84MiB at    7.48MiB/s ETA 00:05 (frag 30/40)
[download]  74.3% of ~  38.05MiB at    7.48MiB/s ETA 00:05 (frag 30/40)
[download]  74.7% of ~  38.02MiB at    7.48MiB/s ETA 00:05 (frag 30/40)
[download]  75.1% of ~  37.76MiB at    7.48MiB/s ETA 00:05 (frag 30/40)
[download]  74.7% of ~  38.06MiB at    7.48MiB/s ETA 00:05 (frag 30/40)
[download]  74.4% of ~  38.29MiB at    7.48MiB/s ETA 00:05 (frag 30/40)
[download]  75.1% of ~  37.95MiB at    7.50MiB/s ETA 00:05 (frag 30/40)
[download]  75.1% of ~  37.95MiB at    7.50MiB/s ETA 00:05 (frag 30/40)
[download]  75.1% of ~  37.95MiB at    7.50MiB/s ETA 00:05 (frag 30/40)
[download]  75.1% of ~  37.96MiB at    7.50MiB/s ETA 00:05 (frag 30/40)
[download]  75.5% of ~  37.96MiB at    7.50MiB/s ETA 00:05 (frag 30/40)
[download]  75.2% of ~  38.13MiB at    7.50MiB/s ETA 00:05 (frag 30/40)
[download]  75.2% of ~  38.15MiB at    7.50MiB/s ETA 00:05 (frag 30/40)
[download]  75.0% of ~  38.44MiB at    7.50MiB/s ETA 00:05 (frag 30/40)
[download]  75.3% of ~  38.45MiB at    7.50MiB/s ETA 00:05 (frag 30/40)
[download]  74.7% of ~  38.94MiB at    7.50MiB/s ETA 00:05 (frag 30/40)
[download]  75.3% of ~  38.67MiB at    7.50MiB/s ETA 00:05 (frag 30/40)
[download]  74.9% of ~  39.04MiB at    7.50MiB/s ETA 00:05 (frag 30/40)
[download]  75.0% of ~  39.18MiB at    7.50MiB/s ETA 00:05 (frag 30/40)
[download]  75.0% of ~  39.15MiB at    7.55MiB/s ETA 00:04 (frag 30/40)
[download]  75.0% of ~  39.15MiB at    7.55MiB/s ETA 00:04 (frag 30/40)
[download]  75.1% of ~  39.16MiB at    7.55MiB/s ETA 00:04 (frag 30/40)
[download]  75.1% of ~  39.16MiB at    7.55MiB/s ETA 00:04 (frag 30/40)
[download]  75.1% of ~  39.17MiB at    7.55MiB/s ETA 00:04 (frag 30/40)
[download]  75.1% of ~  39.19MiB at    7.55MiB/s ETA 00:04 (frag 30/40)
[download]  75.9% of ~  39.15MiB at    7.50MiB/s ETA 00:04 (frag 30/40)
[download]  75.5% of ~  39.48MiB at    7.50MiB/s ETA 00:04 (frag 30/40)
[download]  75.2% of ~  39.72MiB at    7.50MiB/s ETA 00:04 (frag 30/40)
[download]  75.7% of ~  39.82MiB at    7.50MiB/s ETA 00:04 (frag 30/40)
[download]  75.4% of ~  40.12MiB at    7.52MiB/s ETA 00:04 (frag 30/40)
[download]  76.3% of ~  40.19MiB at    7.59MiB/s ETA 00:03 (frag 30/40)
[download]  75.9% of ~  40.72MiB at    7.59MiB/s ETA 00:03 (frag 30/40)
[download]  75.3% of ~  41.03MiB at    7.59MiB/s ETA 00:03 (frag 31/40)
[download]  77.8% of ~  40.01MiB at    7.59MiB/s ETA 00:03 (frag 31/40)
[download]  78.2% of ~  40.14MiB at    7.59MiB/s ETA 00:03 (frag 31/40)
[download]  78.8% of ~  40.47MiB at    7.59MiB/s ETA 00:03 (frag 31/40)
[download]  77.6% of ~  41.07MiB at    7.59MiB/s ETA 00:03 (frag 32/40)
[download]  80.4% of ~  39.97MiB at    7.84MiB/s ETA 00:03 (frag 32/40)
[download]  81.0% of ~  40.27MiB at    7.84MiB/s ETA 00:03 (frag 32/40)
[download]  80.1% of ~  41.04MiB at    8.02MiB/s ETA 00:03 (frag 32/40)
[download]  80.4% of ~  41.22MiB at    8.02MiB/s ETA 00:03 (frag 32/40)
[download]  81.3% of ~  41.25MiB at    8.02MiB/s ETA 00:03 (frag 32/40)
[download]  80.3% of ~  41.74MiB at    8.02MiB/s ETA 00:03 (frag 33/40)
[download]  83.5% of ~  40.76MiB at    8.02MiB/s ETA 00:03 (frag 33/40)
[download]  82.6% of ~  41.35MiB at    8.02MiB/s ETA 00:03 (frag 33/40)
[download]  82.3% of ~  41.48MiB at    8.02MiB/s ETA 00:03 (frag 34/40)
[download]  85.0% of ~  40.28MiB at    8.02MiB/s ETA 00:03 (frag 34/40)
[download]  85.9% of ~  40.42MiB at    8.02MiB/s ETA 00:03 (frag 34/40)
[download]  84.8% of ~  40.96MiB at    8.02MiB/s ETA 00:03 (frag 35/40)
[download]  88.7% of ~  39.67MiB at    8.35MiB/s ETA 00:02 (frag 35/40)
[download]  87.5% of ~  40.37MiB at    8.35MiB/s ETA 00:02 (frag 35/40)
[download]  87.6% of ~  40.33MiB at    8.35MiB/s ETA 00:02 (frag 36/40)
[download]  89.6% of ~  39.42MiB at    8.35MiB/s ETA 00:02 (frag 37/40)
[download]  93.1% of ~  38.49MiB at    8.57MiB/s ETA 00:02 (frag 37/40)
[download]  92.7% of ~  38.65MiB at    8.66MiB/s ETA 00:02 (frag 37/40)
[download]  92.7% of ~  38.65MiB at    8.66MiB/s ETA 00:02 (frag 37/40)
[download]  92.7% of ~  38.65MiB at    8.66MiB/s ETA 00:02 (frag 37/40)
[download]  92.7% of ~  38.66MiB at    8.66MiB/s ETA 00:02 (frag 37/40)
[download]  92.8% of ~  38.66MiB at    8.66MiB/s ETA 00:02 (frag 37/40)
[download]  92.8% of ~  38.68MiB at    8.66MiB/s ETA 00:02 (frag 37/40)
[download]  92.8% of ~  38.68MiB at    8.66MiB/s ETA 00:02 (frag 37/40)
[download]  92.8% of ~  38.68MiB at    8.66MiB/s ETA 00:02 (frag 37/40)
[download]  92.8% of ~  38.68MiB at    8.66MiB/s ETA 00:02 (frag 37/40)
[download]  92.8% of ~  38.68MiB at    8.66MiB/s ETA 00:02 (frag 37/40)
[download]  92.9% of ~  38.69MiB at    8.66MiB/s ETA 00:02 (frag 37/40)
[download]  92.9% of ~  38.74MiB at    8.45MiB/s ETA 00:02 (frag 37/40)
[download]  92.9% of ~  38.77MiB at    8.45MiB/s ETA 00:02 (frag 37/40)
[download]  93.0% of ~  38.81MiB at    8.45MiB/s ETA 00:02 (frag 37/40)
[download]  93.1% of ~  38.87MiB at    8.45MiB/s ETA 00:02 (frag 37/40)
[download]  92.5% of ~  39.41MiB at    8.45MiB/s ETA 00:02 (frag 37/40)
[download]  91.9% of ~  39.65MiB at    8.45MiB/s ETA 00:02 (frag 38/40)
[download]  95.5% of ~  38.28MiB at    8.50MiB/s ETA 00:01 (frag 38/40)
[download]  95.9% of ~  38.37MiB at    8.50MiB/s ETA 00:01 (frag 38/40)
[download]  95.9% of ~  38.66MiB at    8.50MiB/s ETA 00:01 (frag 38/40)
[download]  96.2% of ~  38.88MiB at    8.47MiB/s ETA 00:01 (frag 38/40)
[download]  95.3% of ~  39.24MiB at    8.47MiB/s ETA 00:01 (frag 39/40)
[download]  98.7% of ~  38.29MiB at    8.47MiB/s ETA 00:01 (frag 39/40)
[download]  97.7% of ~  38.68MiB at    8.47MiB/s ETA 00:01 (frag 40/40)
[download] 100% of   37.79MiB in 00:00:06 at 5.58MiB/s
[FixupM3u8] Fixing MPEG-TS in MP4 container of "D:\ÏÂÔØ\SmartVideoDownloader\downloads\Going_on_a_business_trip_to_the_mainland_to_find_a_sauna_girl-hpupfle205b.mp4"
[Metadata] Adding metadata to "D:\ÏÂÔØ\SmartVideoDownloader\downloads\Going_on_a_business_trip_to_the_mainland_to_find_a_sauna_girl-hpupfle205b.mp4"
