[XVideos] Extracting URL: https://www.xvideos.com/video.opiiblt4718/japanese_cutie_comes_back_for_more_bbc
[XVideos] opiiblt4718: Downloading webpage
[XVideos] opiiblt4718: Downloading m3u8 information
[XVideos] opiiblt4718: Checking hls-480p video format URL
[XVideos] opiiblt4718: Checking hls-1080p video format URL
[XVideos] opiiblt4718: Checking hls-360p video format URL
[info] opiiblt4718: Downloading 1 format(s): hls-1080p
[info] Downloading video thumbnail 1 ...
[info] Writing video thumbnail 1 to: D:\ĎÂÔŘ\Japanese_Cutie_Comes_Back_for_More_BBC-opiiblt4718.avif
[hlsnative] Downloading m3u8 manifest
[hlsnative] Total fragments: 61
[download] Destination: D:\ĎÂÔŘ\Japanese_Cutie_Comes_Back_for_More_BBC-opiiblt4718.mp4
[download]   0.0% of ~ 136.17MiB at    819.20B/s ETA Unknown (frag 0/61)
[download]   0.0% of ~ 136.23MiB at    819.20B/s ETA Unknown (frag 0/61)
[download]   0.0% of ~ 136.35MiB at    819.20B/s ETA Unknown (frag 0/61)
[download]   0.0% of ~ 136.59MiB at    819.20B/s ETA Unknown (frag 0/61)
[download]   0.0% of ~ 137.07MiB at   21.79KiB/s ETA Unknown (frag 0/61)
[download]   0.0% of ~ 138.02MiB at   49.81KiB/s ETA Unknown (frag 0/61)
[download]   0.1% of ~ 139.93MiB at   90.24KiB/s ETA Unknown (frag 0/61)
[download]   0.2% of ~ 143.74MiB at  157.27KiB/s ETA Unknown (frag 0/61)
[download]   0.3% of ~ 151.36MiB at  268.29KiB/s ETA Unknown (frag 0/61)
[download]   0.3% of ~ 164.52MiB at  330.29KiB/s ETA 05:53 (frag 0/61)
[download]   0.3% of ~ 164.58MiB at  330.29KiB/s ETA 05:53 (frag 0/61)
[download]   0.3% of ~ 164.70MiB at  330.29KiB/s ETA 05:53 (frag 0/61)
[download]   0.3% of ~ 164.94MiB at  330.29KiB/s ETA 05:53 (frag 0/61)
[download]   0.2% of ~ 274.51MiB at  330.29KiB/s ETA 05:53 (frag 0/61)
[download]   0.2% of ~ 274.57MiB at  330.29KiB/s ETA 05:53 (frag 0/61)
[download]   0.2% of ~ 274.69MiB at  330.29KiB/s ETA 05:53 (frag 0/61)
[download]   0.2% of ~ 274.93MiB at  330.29KiB/s ETA 05:53 (frag 0/61)
[download]   0.2% of ~ 221.06MiB at  330.29KiB/s ETA 05:53 (frag 0/61)
[download]   0.2% of ~ 221.12MiB at  330.29KiB/s ETA 05:53 (frag 0/61)
[download]   0.2% of ~ 221.24MiB at  330.29KiB/s ETA 05:53 (frag 0/61)
[download]   0.2% of ~ 221.48MiB at  330.29KiB/s ETA 05:53 (frag 0/61)
[download]   0.1% of ~ 379.37MiB at  330.29KiB/s ETA 05:53 (frag 0/61)
[download]   0.1% of ~ 379.43MiB at  330.29KiB/s ETA 05:53 (frag 0/61)
[download]   0.1% of ~ 379.55MiB at  330.29KiB/s ETA 05:53 (frag 0/61)
[download]   0.1% of ~ 379.78MiB at  381.33KiB/s ETA 06:35 (frag 0/61)
[download]   0.2% of ~ 248.02MiB at  381.33KiB/s ETA 06:35 (frag 0/61)
[download]   0.2% of ~ 248.08MiB at  381.33KiB/s ETA 06:35 (frag 0/61)
[download]   0.2% of ~ 248.20MiB at  381.33KiB/s ETA 06:35 (frag 0/61)
[download]   0.2% of ~ 248.44MiB at  381.33KiB/s ETA 06:35 (frag 0/61)
[download]   0.2% of ~ 334.71MiB at  381.33KiB/s ETA 06:35 (frag 0/61)
[download]   0.2% of ~ 334.77MiB at  381.33KiB/s ETA 06:35 (frag 0/61)
[download]   0.2% of ~ 334.88MiB at  381.33KiB/s ETA 06:35 (frag 0/61)
[download]   0.2% of ~ 335.12MiB at  381.33KiB/s ETA 06:35 (frag 0/61)
[download]   0.4% of ~ 169.89MiB at  381.33KiB/s ETA 06:35 (frag 0/61)
[download]   0.2% of ~ 279.93MiB at  424.79KiB/s ETA 06:50 (frag 0/61)
[download]   0.2% of ~ 285.06MiB at  424.79KiB/s ETA 06:50 (frag 0/61)
[download]   0.2% of ~ 285.12MiB at  424.79KiB/s ETA 06:50 (frag 0/61)
[download]   0.2% of ~ 285.24MiB at  424.79KiB/s ETA 06:50 (frag 0/61)
[download]   0.2% of ~ 285.48MiB at  424.79KiB/s ETA 06:50 (frag 0/61)
[download]   0.2% of ~ 384.85MiB at  424.79KiB/s ETA 06:50 (frag 0/61)
[download]   0.2% of ~ 339.35MiB at  424.79KiB/s ETA 06:50 (frag 0/61)
[download]   0.3% of ~ 229.34MiB at  458.34KiB/s ETA 06:53 (frag 0/61)
[download]   0.4% of ~ 175.55MiB at  458.34KiB/s ETA 06:53 (frag 0/61)
[download]   0.7% of ~ 179.54MiB at  458.34KiB/s ETA 06:53 (frag 0/61)
[download]   0.4% of ~ 287.88MiB at  458.34KiB/s ETA 06:53 (frag 0/61)
[download]   0.4% of ~ 318.00MiB at  458.34KiB/s ETA 06:53 (frag 0/61)
[download]   0.5% of ~ 265.56MiB at  458.34KiB/s ETA 06:53 (frag 0/61)
[download]   0.5% of ~ 292.64MiB at  619.07KiB/s ETA 06:41 (frag 0/61)
[download]   0.3% of ~ 426.79MiB at  619.07KiB/s ETA 06:41 (frag 0/61)
[download]   0.4% of ~ 329.80MiB at  619.07KiB/s ETA 06:41 (frag 0/61)
[download]   0.4% of ~ 330.75MiB at  619.07KiB/s ETA 06:41 (frag 0/61)
[download]   0.7% of ~ 219.39MiB at  735.57KiB/s ETA 06:23 (frag 0/61)
[download]   0.5% of ~ 277.95MiB at  735.57KiB/s ETA 06:23 (frag 0/61)
[download]   0.5% of ~ 306.94MiB at  735.57KiB/s ETA 06:23 (frag 0/61)
[download]   0.4% of ~ 396.54MiB at  735.57KiB/s ETA 06:23 (frag 0/61)
[download]   0.5% of ~ 341.83MiB at  841.90KiB/s ETA 06:17 (frag 0/61)
[download]   0.6% of ~ 291.29MiB at  841.90KiB/s ETA 06:17 (frag 0/61)
[download]   1.1% of ~ 246.26MiB at  841.90KiB/s ETA 06:17 (frag 0/61)
[download]   0.7% of ~ 418.44MiB at    1.10MiB/s ETA 06:03 (frag 0/61)
[download]   1.0% of ~ 311.07MiB at    1.10MiB/s ETA 06:03 (frag 0/61)
[download]   1.0% of ~ 325.30MiB at    1.10MiB/s ETA 06:03 (frag 1/61)
[download]   2.0% of ~ 161.61MiB at    1.10MiB/s ETA 06:03 (frag 1/61)
[download]   1.6% of ~ 205.38MiB at    1.10MiB/s ETA 06:03 (frag 1/61)
[download]   1.6% of ~ 223.78MiB at    1.10MiB/s ETA 06:03 (frag 1/61)
[download]   1.4% of ~ 255.90MiB at    1.10MiB/s ETA 06:03 (frag 1/61)
[download]   1.3% of ~ 281.03MiB at    1.10MiB/s ETA 06:03 (frag 1/61)
[download]   1.6% of ~ 233.49MiB at    1.42MiB/s ETA 05:37 (frag 1/61)
[download]   1.9% of ~ 208.05MiB at    1.42MiB/s ETA 05:37 (frag 1/61)
[download]   2.2% of ~ 188.30MiB at    1.42MiB/s ETA 05:37 (frag 1/61)
[download]   1.8% of ~ 250.47MiB at    1.42MiB/s ETA 05:37 (frag 1/61)
[download]   1.9% of ~ 243.51MiB at    1.42MiB/s ETA 05:37 (frag 1/61)
[download]   1.6% of ~ 294.03MiB at    1.42MiB/s ETA 05:37 (frag 1/61)
[download]   1.5% of ~ 321.06MiB at    1.83MiB/s ETA 05:15 (frag 1/61)
[download]   1.9% of ~ 275.43MiB at    1.83MiB/s ETA 05:15 (frag 1/61)
[download]   2.5% of ~ 226.42MiB at    1.83MiB/s ETA 05:15 (frag 1/61)
[download]   1.8% of ~ 324.53MiB at    2.25MiB/s ETA 04:53 (frag 1/61)
[download]   2.1% of ~ 303.84MiB at    2.57MiB/s ETA 04:33 (frag 1/61)
[download]   1.8% of ~ 370.63MiB at    2.57MiB/s ETA 04:33 (frag 1/61)
[download]   2.4% of ~ 299.55MiB at    2.85MiB/s ETA 04:14 (frag 1/61)
[download]   2.1% of ~ 339.52MiB at    2.85MiB/s ETA 04:14 (frag 1/61)
[download]   2.1% of ~ 339.55MiB at    2.85MiB/s ETA 04:14 (frag 1/61)
[download]   2.1% of ~ 339.61MiB at    2.85MiB/s ETA 04:14 (frag 1/61)
[download]   2.1% of ~ 339.73MiB at    2.85MiB/s ETA 04:14 (frag 1/61)
[download]   2.1% of ~ 339.97MiB at    2.85MiB/s ETA 04:14 (frag 1/61)
[download]   2.9% of ~ 288.34MiB at    2.85MiB/s ETA 04:14 (frag 1/61)
[download]   2.2% of ~ 370.95MiB at    2.85MiB/s ETA 04:14 (frag 1/61)
[download]   2.2% of ~ 371.90MiB at    2.85MiB/s ETA 04:14 (frag 1/61)
[download]   2.4% of ~ 361.67MiB at    2.85MiB/s ETA 04:14 (frag 1/61)
[download]   2.7% of ~ 336.95MiB at    2.85MiB/s ETA 04:14 (frag 1/61)
[download]   2.6% of ~ 343.03MiB at    2.85MiB/s ETA 04:14 (frag 2/61)
[download]   3.6% of ~ 266.44MiB at    3.33MiB/s ETA 03:54 (frag 2/61)
[download]   3.4% of ~ 294.09MiB at    3.33MiB/s ETA 03:54 (frag 2/61)
[download]   3.3% of ~ 319.74MiB at    3.33MiB/s ETA 03:54 (frag 2/61)
[download]   3.9% of ~ 295.55MiB at    3.33MiB/s ETA 03:54 (frag 2/61)
[download]   4.2% of ~ 297.77MiB at    4.00MiB/s ETA 03:36 (frag 2/61)
[download]   4.0% of ~ 337.61MiB at    4.00MiB/s ETA 03:36 (frag 2/61)
[download]   3.9% of ~ 354.92MiB at    4.56MiB/s ETA 03:20 (frag 2/61)
[download]   3.9% of ~ 352.62MiB at    4.88MiB/s ETA 03:06 (frag 2/61)
[download]   3.9% of ~ 352.64MiB at    4.88MiB/s ETA 03:06 (frag 2/61)
[download]   3.9% of ~ 352.68MiB at    4.88MiB/s ETA 03:06 (frag 2/61)
[download]   3.9% of ~ 352.76MiB at    4.88MiB/s ETA 03:06 (frag 2/61)
[download]   3.9% of ~ 357.76MiB at    5.08MiB/s ETA 02:54 (frag 2/61)
[download]   3.9% of ~ 358.00MiB at    5.08MiB/s ETA 02:54 (frag 2/61)
[download]   3.9% of ~ 358.32MiB at    5.08MiB/s ETA 02:54 (frag 2/61)
[download]   4.2% of ~ 355.70MiB at    5.08MiB/s ETA 02:54 (frag 2/61)
[download]   4.0% of ~ 404.63MiB at    5.08MiB/s ETA 02:54 (frag 2/61)
[download]   4.0% of ~ 399.62MiB at    5.42MiB/s ETA 02:42 (frag 2/61)
[download]   4.4% of ~ 389.25MiB at    5.42MiB/s ETA 02:42 (frag 2/61)
[download]   4.2% of ~ 411.54MiB at    5.42MiB/s ETA 02:42 (frag 3/61)
[download]   5.2% of ~ 348.01MiB at    5.86MiB/s ETA 02:31 (frag 3/61)
[download]   6.0% of ~ 337.49MiB at    5.86MiB/s ETA 02:31 (frag 3/61)
[download]   5.5% of ~ 367.80MiB at    6.33MiB/s ETA 02:20 (frag 4/61)
[download]   7.0% of ~ 290.36MiB at    6.33MiB/s ETA 02:20 (frag 4/61)
[download]   7.0% of ~ 291.89MiB at    6.33MiB/s ETA 02:20 (frag 4/61)
[download]   7.5% of ~ 292.98MiB at    6.33MiB/s ETA 02:20 (frag 4/61)
[download]   7.1% of ~ 311.40MiB at    6.33MiB/s ETA 02:20 (frag 5/61)
[download]   8.5% of ~ 281.54MiB at    7.02MiB/s ETA 02:09 (frag 5/61)
[download]   8.8% of ~ 294.13MiB at    7.02MiB/s ETA 02:09 (frag 5/61)
[download]   8.6% of ~ 314.46MiB at    7.02MiB/s ETA 02:09 (frag 5/61)
[download]   8.3% of ~ 323.77MiB at    7.02MiB/s ETA 02:09 (frag 6/61)
[download]  10.7% of ~ 270.03MiB at    7.02MiB/s ETA 02:09 (frag 6/61)
[download]  10.1% of ~ 287.46MiB at    7.02MiB/s ETA 02:09 (frag 6/61)
[download]  10.1% of ~ 287.94MiB at    7.02MiB/s ETA 02:09 (frag 7/61)
[download]  11.8% of ~ 249.00MiB at    7.02MiB/s ETA 02:09 (frag 7/61)
[download]  11.6% of ~ 268.13MiB at    8.19MiB/s ETA 01:58 (frag 7/61)
[download]  11.1% of ~ 280.91MiB at    8.19MiB/s ETA 01:58 (frag 8/61)
[download]  13.3% of ~ 237.71MiB at    8.98MiB/s ETA 01:48 (frag 8/61)
[download]  13.3% of ~ 237.58MiB at    9.86MiB/s ETA 01:39 (frag 8/61)
[download]  13.3% of ~ 237.59MiB at    9.86MiB/s ETA 01:39 (frag 8/61)
[download]  13.3% of ~ 237.60MiB at    9.86MiB/s ETA 01:39 (frag 8/61)
[download]  13.3% of ~ 237.63MiB at    9.86MiB/s ETA 01:39 (frag 8/61)
[download]  13.3% of ~ 237.68MiB at    9.86MiB/s ETA 01:39 (frag 8/61)
[download]  13.3% of ~ 237.78MiB at    9.86MiB/s ETA 01:39 (frag 8/61)
[download]  13.4% of ~ 238.00MiB at    9.86MiB/s ETA 01:39 (frag 8/61)
[download]  13.6% of ~ 234.45MiB at    9.86MiB/s ETA 01:39 (frag 8/61)
[download]  13.6% of ~ 234.46MiB at    9.86MiB/s ETA 01:39 (frag 8/61)
[download]  13.6% of ~ 234.47MiB at    9.86MiB/s ETA 01:39 (frag 8/61)
[download]  13.6% of ~ 234.50MiB at    9.86MiB/s ETA 01:39 (frag 8/61)
[download]  13.6% of ~ 234.55MiB at    9.86MiB/s ETA 01:39 (frag 8/61)
[download]  13.8% of ~ 230.50MiB at   10.35MiB/s ETA 01:31 (frag 8/61)
[download]  13.8% of ~ 230.50MiB at   10.35MiB/s ETA 01:31 (frag 8/61)
[download]  13.8% of ~ 230.52MiB at   10.35MiB/s ETA 01:31 (frag 8/61)
[download]  13.8% of ~ 230.54MiB at   10.35MiB/s ETA 01:31 (frag 8/61)
[download]  13.8% of ~ 230.60MiB at   10.35MiB/s ETA 01:31 (frag 8/61)
[download]  13.8% of ~ 230.70MiB at   10.35MiB/s ETA 01:31 (frag 8/61)
[download]  13.8% of ~ 230.91MiB at   10.35MiB/s ETA 01:31 (frag 8/61)
[download]  13.6% of ~ 235.50MiB at   10.58MiB/s ETA 01:24 (frag 8/61)
[download]  13.4% of ~ 239.68MiB at   10.58MiB/s ETA 01:24 (frag 8/61)
[download]  13.3% of ~ 241.74MiB at   10.69MiB/s ETA 01:17 (frag 8/61)
[download]  13.3% of ~ 241.74MiB at   10.69MiB/s ETA 01:17 (frag 8/61)
[download]  13.3% of ~ 241.76MiB at   10.69MiB/s ETA 01:17 (frag 8/61)
[download]  13.3% of ~ 241.78MiB at   10.69MiB/s ETA 01:17 (frag 8/61)
[download]  13.3% of ~ 241.84MiB at   10.69MiB/s ETA 01:17 (frag 8/61)
[download]  13.6% of ~ 236.76MiB at   10.69MiB/s ETA 01:17 (frag 8/61)
[download]  13.9% of ~ 233.02MiB at   10.71MiB/s ETA 01:11 (frag 8/61)
[download]  13.3% of ~ 243.21MiB at   10.71MiB/s ETA 01:11 (frag 8/61)
[download]  13.3% of ~ 243.42MiB at   10.71MiB/s ETA 01:11 (frag 8/61)
[download]  13.3% of ~ 243.85MiB at   10.71MiB/s ETA 01:11 (frag 8/61)
[download]  13.5% of ~ 241.47MiB at   10.71MiB/s ETA 01:11 (frag 8/61)
[download]  13.5% of ~ 241.47MiB at   10.71MiB/s ETA 01:11 (frag 8/61)
[download]  13.5% of ~ 241.49MiB at   10.71MiB/s ETA 01:11 (frag 8/61)
[download]  13.5% of ~ 241.51MiB at   10.71MiB/s ETA 01:11 (frag 8/61)
[download]  13.5% of ~ 241.57MiB at   10.71MiB/s ETA 01:11 (frag 8/61)
[download]  13.5% of ~ 241.67MiB at   10.71MiB/s ETA 01:11 (frag 8/61)
[download]  13.5% of ~ 241.88MiB at   10.71MiB/s ETA 01:11 (frag 8/61)
[download]  13.6% of ~ 240.36MiB at   10.71MiB/s ETA 01:11 (frag 8/61)
[download]  13.8% of ~ 238.21MiB at   10.86MiB/s ETA 01:06 (frag 8/61)
[download]  13.8% of ~ 238.21MiB at   10.86MiB/s ETA 01:06 (frag 8/61)
[download]  13.8% of ~ 238.23MiB at   10.86MiB/s ETA 01:06 (frag 8/61)
[download]  13.8% of ~ 238.25MiB at   10.86MiB/s ETA 01:06 (frag 8/61)
[download]  13.8% of ~ 238.31MiB at   10.86MiB/s ETA 01:06 (frag 8/61)
[download]  13.8% of ~ 238.41MiB at   10.86MiB/s ETA 01:06 (frag 8/61)
[download]  13.5% of ~ 243.57MiB at   10.86MiB/s ETA 01:06 (frag 8/61)
[download]  13.7% of ~ 248.34MiB at   10.86MiB/s ETA 01:06 (frag 8/61)
[download]  13.5% of ~ 253.21MiB at   10.86MiB/s ETA 01:06 (frag 8/61)
[download]  13.6% of ~ 252.89MiB at   10.86MiB/s ETA 01:06 (frag 8/61)
[download]  13.6% of ~ 260.12MiB at   11.16MiB/s ETA 01:01 (frag 8/61)
[download]  13.5% of ~ 264.59MiB at   11.16MiB/s ETA 01:01 (frag 8/61)
[download]  13.9% of ~ 258.11MiB at   11.46MiB/s ETA 00:57 (frag 8/61)
[download]  13.9% of ~ 258.53MiB at   11.46MiB/s ETA 00:57 (frag 8/61)
[download]  14.0% of ~ 258.22MiB at   11.46MiB/s ETA 00:57 (frag 8/61)
[download]  13.8% of ~ 264.07MiB at   11.75MiB/s ETA 00:53 (frag 8/61)
[download]  14.1% of ~ 261.61MiB at   11.75MiB/s ETA 00:53 (frag 8/61)
[download]  13.8% of ~ 271.11MiB at   11.75MiB/s ETA 00:53 (frag 8/61)
[download]  13.7% of ~ 276.51MiB at   12.00MiB/s ETA 00:50 (frag 8/61)
[download]  13.9% of ~ 275.94MiB at   12.00MiB/s ETA 00:50 (frag 8/61)
[download]  13.7% of ~ 284.50MiB at   12.32MiB/s ETA 00:46 (frag 8/61)
[download]  13.9% of ~ 287.89MiB at   12.32MiB/s ETA 00:46 (frag 8/61)
[download]  14.0% of ~ 291.44MiB at   12.70MiB/s ETA 00:44 (frag 8/61)
[download]  14.1% of ~ 302.14MiB at   12.70MiB/s ETA 00:44 (frag 8/61)
[download]  14.1% of ~ 303.75MiB at   13.15MiB/s ETA 00:41 (frag 8/61)
[download]  13.6% of ~ 314.31MiB at   13.15MiB/s ETA 00:41 (frag 8/61)
[download]  13.6% of ~ 315.15MiB at   13.15MiB/s ETA 00:41 (frag 9/61)
[download]  15.7% of ~ 275.65MiB at   13.53MiB/s ETA 00:38 (frag 9/61)
[download]  16.0% of ~ 277.65MiB at   13.53MiB/s ETA 00:38 (frag 9/61)
[download]  15.7% of ~ 283.75MiB at   13.53MiB/s ETA 00:38 (frag 9/61)
[download]  15.6% of ~ 284.91MiB at   13.53MiB/s ETA 00:38 (frag 10/61)
[download]  17.3% of ~ 264.01MiB at   13.96MiB/s ETA 00:36 (frag 10/61)
[download]  16.9% of ~ 270.06MiB at   13.96MiB/s ETA 00:36 (frag 11/61)
[download]  18.9% of ~ 246.09MiB at   13.96MiB/s ETA 00:36 (frag 11/61)
[download]  18.6% of ~ 251.08MiB at   14.38MiB/s ETA 00:34 (frag 11/61)
[download]  18.6% of ~ 251.09MiB at   14.38MiB/s ETA 00:34 (frag 11/61)
[download]  18.6% of ~ 251.10MiB at   14.38MiB/s ETA 00:34 (frag 11/61)
[download]  18.6% of ~ 251.12MiB at   14.38MiB/s ETA 00:34 (frag 11/61)
[download]  18.6% of ~ 251.16MiB at   14.59MiB/s ETA 00:32 (frag 11/61)
[download]  18.6% of ~ 251.24MiB at   14.59MiB/s ETA 00:32 (frag 11/61)
[download]  18.6% of ~ 251.40MiB at   14.59MiB/s ETA 00:32 (frag 11/61)
[download]  18.6% of ~ 251.71MiB at   14.59MiB/s ETA 00:32 (frag 11/61)
[download]  18.8% of ~ 258.05MiB at   14.59MiB/s ETA 00:32 (frag 11/61)
[download]  19.1% of ~ 258.45MiB at   14.59MiB/s ETA 00:32 (frag 11/61)
[download]  18.4% of ~ 268.47MiB at   14.59MiB/s ETA 00:32 (frag 11/61)
[download]  18.4% of ~ 268.48MiB at   14.59MiB/s ETA 00:32 (frag 11/61)
[download]  18.4% of ~ 268.49MiB at   14.59MiB/s ETA 00:32 (frag 11/61)
[download]  18.4% of ~ 268.51MiB at   14.59MiB/s ETA 00:32 (frag 11/61)
[download]  18.4% of ~ 268.55MiB at   14.59MiB/s ETA 00:32 (frag 11/61)
[download]  18.8% of ~ 268.91MiB at   14.94MiB/s ETA 00:30 (frag 11/61)
[download]  18.5% of ~ 273.71MiB at   14.94MiB/s ETA 00:30 (frag 11/61)
[download]  18.7% of ~ 271.08MiB at   15.06MiB/s ETA 00:28 (frag 11/61)
[download]  18.5% of ~ 275.14MiB at   15.06MiB/s ETA 00:28 (frag 11/61)
[download]  18.9% of ~ 270.51MiB at   15.06MiB/s ETA 00:28 (frag 11/61)
[download]  18.8% of ~ 272.35MiB at   15.06MiB/s ETA 00:28 (frag 12/61)
[download]  19.9% of ~ 258.65MiB at   15.06MiB/s ETA 00:28 (frag 12/61)
[download]  19.8% of ~ 259.99MiB at   15.06MiB/s ETA 00:28 (frag 13/61)
[download]  21.6% of ~ 238.92MiB at   15.13MiB/s ETA 00:27 (frag 13/61)
[download]  21.7% of ~ 238.15MiB at   15.13MiB/s ETA 00:27 (frag 13/61)
[download]  21.7% of ~ 238.16MiB at   15.13MiB/s ETA 00:27 (frag 13/61)
[download]  21.7% of ~ 239.48MiB at   15.13MiB/s ETA 00:27 (frag 13/61)
[download]  21.7% of ~ 239.26MiB at   15.13MiB/s ETA 00:27 (frag 13/61)
[download]  21.7% of ~ 239.27MiB at   15.13MiB/s ETA 00:27 (frag 13/61)
[download]  21.7% of ~ 239.31MiB at   15.14MiB/s ETA 00:25 (frag 13/61)
[download]  21.7% of ~ 239.38MiB at   15.14MiB/s ETA 00:25 (frag 13/61)
[download]  22.0% of ~ 238.43MiB at   15.21MiB/s ETA 00:24 (frag 13/61)
[download]  21.7% of ~ 241.69MiB at   15.21MiB/s ETA 00:24 (frag 13/61)
[download]  21.7% of ~ 241.96MiB at   15.21MiB/s ETA 00:24 (frag 13/61)
[download]  22.1% of ~ 244.83MiB at   15.35MiB/s ETA 00:23 (frag 13/61)
[download]  21.5% of ~ 251.66MiB at   15.35MiB/s ETA 00:23 (frag 14/61)
[download]  23.1% of ~ 234.10MiB at   15.35MiB/s ETA 00:23 (frag 14/61)
[download]  23.2% of ~ 234.10MiB at   15.35MiB/s ETA 00:23 (frag 14/61)
[download]  23.2% of ~ 234.11MiB at   15.35MiB/s ETA 00:23 (frag 14/61)
[download]  23.2% of ~ 234.13MiB at   15.35MiB/s ETA 00:23 (frag 14/61)
[download]  23.4% of ~ 232.77MiB at   15.35MiB/s ETA 00:23 (frag 14/61)
[download]  23.2% of ~ 235.18MiB at   15.23MiB/s ETA 00:21 (frag 14/61)
[download]  23.4% of ~ 235.08MiB at   15.23MiB/s ETA 00:21 (frag 14/61)
[download]  23.8% of ~ 234.88MiB at   15.23MiB/s ETA 00:21 (frag 14/61)
[download]  23.5% of ~ 239.95MiB at   15.13MiB/s ETA 00:20 (frag 14/61)
[download]  23.2% of ~ 243.37MiB at   15.13MiB/s ETA 00:20 (frag 14/61)
[download]  23.2% of ~ 243.50MiB at   15.13MiB/s ETA 00:20 (frag 14/61)
[download]  23.3% of ~ 243.75MiB at   14.96MiB/s ETA 00:20 (frag 14/61)
[download]  23.8% of ~ 241.87MiB at   14.96MiB/s ETA 00:20 (frag 14/61)
[download]  23.5% of ~ 245.06MiB at   14.96MiB/s ETA 00:20 (frag 15/61)
[download]  24.9% of ~ 231.99MiB at   14.97MiB/s ETA 00:19 (frag 15/61)
[download]  25.2% of ~ 232.79MiB at   14.97MiB/s ETA 00:19 (frag 15/61)
[download]  25.0% of ~ 234.93MiB at   14.97MiB/s ETA 00:19 (frag 15/61)
[download]  25.0% of ~ 234.93MiB at   14.97MiB/s ETA 00:19 (frag 15/61)
[download]  25.0% of ~ 234.94MiB at   14.97MiB/s ETA 00:19 (frag 15/61)
[download]  25.0% of ~ 234.96MiB at   14.97MiB/s ETA 00:19 (frag 15/61)
[download]  25.0% of ~ 234.99MiB at   14.97MiB/s ETA 00:19 (frag 15/61)
[download]  25.0% of ~ 235.04MiB at   14.97MiB/s ETA 00:19 (frag 15/61)
[download]  25.0% of ~ 235.16MiB at   14.97MiB/s ETA 00:19 (frag 15/61)
[download]  25.1% of ~ 235.40MiB at   14.97MiB/s ETA 00:19 (frag 15/61)
[download]  25.4% of ~ 235.53MiB at   14.97MiB/s ETA 00:19 (frag 15/61)
[download]  25.1% of ~ 238.59MiB at   14.97MiB/s ETA 00:19 (frag 16/61)
[download]  26.5% of ~ 225.98MiB at   15.06MiB/s ETA 00:18 (frag 16/61)
[download]  26.5% of ~ 225.98MiB at   15.06MiB/s ETA 00:18 (frag 16/61)
[download]  26.5% of ~ 225.99MiB at   15.06MiB/s ETA 00:18 (frag 16/61)
[download]  26.5% of ~ 226.00MiB at   15.06MiB/s ETA 00:18 (frag 16/61)
[download]  26.5% of ~ 226.03MiB at   15.06MiB/s ETA 00:18 (frag 16/61)
[download]  26.5% of ~ 226.09MiB at   15.06MiB/s ETA 00:18 (frag 16/61)
[download]  26.7% of ~ 225.11MiB at   15.06MiB/s ETA 00:18 (frag 16/61)
[download]  27.0% of ~ 226.50MiB at   14.88MiB/s ETA 00:17 (frag 16/61)
[download]  26.7% of ~ 229.16MiB at   14.88MiB/s ETA 00:17 (frag 16/61)
[download]  26.7% of ~ 229.16MiB at   14.88MiB/s ETA 00:17 (frag 16/61)
[download]  26.7% of ~ 229.17MiB at   14.88MiB/s ETA 00:17 (frag 16/61)
[download]  26.7% of ~ 229.18MiB at   14.88MiB/s ETA 00:17 (frag 16/61)
[download]  26.7% of ~ 229.21MiB at   14.88MiB/s ETA 00:17 (frag 16/61)
[download]  26.7% of ~ 229.26MiB at   14.88MiB/s ETA 00:17 (frag 16/61)
[download]  26.5% of ~ 230.90MiB at   14.88MiB/s ETA 00:17 (frag 16/61)
[download]  26.7% of ~ 229.60MiB at   14.88MiB/s ETA 00:17 (frag 16/61)
[download]  26.8% of ~ 230.26MiB at   14.63MiB/s ETA 00:17 (frag 16/61)
[download]  27.0% of ~ 233.83MiB at   14.63MiB/s ETA 00:17 (frag 16/61)
[download]  26.7% of ~ 238.52MiB at   14.63MiB/s ETA 00:17 (frag 16/61)
[download]  26.6% of ~ 239.69MiB at   14.63MiB/s ETA 00:17 (frag 16/61)
[download]  26.5% of ~ 240.81MiB at   14.63MiB/s ETA 00:17 (frag 16/61)
[download]  26.5% of ~ 241.05MiB at   14.63MiB/s ETA 00:17 (frag 17/61)
[download]  28.3% of ~ 225.58MiB at   14.23MiB/s ETA 00:16 (frag 17/61)
[download]  28.4% of ~ 226.00MiB at   13.24MiB/s ETA 00:16 (frag 17/61)
[download]  28.6% of ~ 227.73MiB at   13.24MiB/s ETA 00:16 (frag 17/61)
[download]  28.2% of ~ 231.23MiB at   13.24MiB/s ETA 00:16 (frag 18/61)
[download]  29.8% of ~ 219.59MiB at   13.24MiB/s ETA 00:16 (frag 18/61)
[download]  30.3% of ~ 219.42MiB at   13.24MiB/s ETA 00:16 (frag 18/61)
[download]  30.3% of ~ 224.04MiB at   13.24MiB/s ETA 00:16 (frag 18/61)
[download]  29.7% of ~ 228.32MiB at   13.24MiB/s ETA 00:16 (frag 19/61)
[download]  31.9% of ~ 215.57MiB at   13.24MiB/s ETA 00:16 (frag 19/61)
[download]  31.5% of ~ 218.30MiB at   13.24MiB/s ETA 00:16 (frag 20/61)
[download]  32.9% of ~ 209.00MiB at   12.99MiB/s ETA 00:15 (frag 20/61)
[download]  33.3% of ~ 209.30MiB at   12.99MiB/s ETA 00:15 (frag 20/61)
[download]  32.9% of ~ 211.91MiB at   12.99MiB/s ETA 00:15 (frag 20/61)
[download]  33.3% of ~ 210.46MiB at   12.99MiB/s ETA 00:15 (frag 20/61)
[download]  32.9% of ~ 213.37MiB at   12.99MiB/s ETA 00:15 (frag 20/61)
[download]  32.9% of ~ 213.38MiB at   12.99MiB/s ETA 00:15 (frag 20/61)
[download]  32.9% of ~ 213.40MiB at   12.99MiB/s ETA 00:15 (frag 20/61)
[download]  32.9% of ~ 213.45MiB at   12.99MiB/s ETA 00:15 (frag 20/61)
[download]  32.9% of ~ 213.54MiB at   13.00MiB/s ETA 00:15 (frag 20/61)
[download]  32.9% of ~ 213.37MiB at   12.98MiB/s ETA 00:15 (frag 20/61)
[download]  32.9% of ~ 213.37MiB at   12.98MiB/s ETA 00:15 (frag 20/61)
[download]  33.6% of ~ 212.27MiB at   12.98MiB/s ETA 00:15 (frag 20/61)
[download]  33.0% of ~ 216.28MiB at   12.98MiB/s ETA 00:15 (frag 20/61)
[download]  33.2% of ~ 216.43MiB at   12.98MiB/s ETA 00:15 (frag 20/61)
[download]  33.0% of ~ 217.75MiB at   12.98MiB/s ETA 00:15 (frag 20/61)
[download]  33.0% of ~ 217.77MiB at   12.98MiB/s ETA 00:15 (frag 20/61)
[download]  33.0% of ~ 217.82MiB at   12.98MiB/s ETA 00:15 (frag 20/61)
[download]  33.0% of ~ 217.91MiB at   12.98MiB/s ETA 00:15 (frag 20/61)
[download]  33.0% of ~ 218.44MiB at   12.98MiB/s ETA 00:15 (frag 20/61)
[download]  33.0% of ~ 218.14MiB at   12.98MiB/s ETA 00:15 (frag 20/61)
[download]  33.0% of ~ 218.14MiB at   12.98MiB/s ETA 00:15 (frag 20/61)
[download]  33.0% of ~ 218.15MiB at   12.98MiB/s ETA 00:15 (frag 20/61)
[download]  33.0% of ~ 218.16MiB at   12.98MiB/s ETA 00:15 (frag 20/61)
[download]  33.0% of ~ 218.18MiB at   12.98MiB/s ETA 00:15 (frag 20/61)
[download]  33.0% of ~ 218.55MiB at   12.98MiB/s ETA 00:15 (frag 20/61)
[download]  33.0% of ~ 218.55MiB at   12.98MiB/s ETA 00:15 (frag 20/61)
[download]  33.0% of ~ 218.56MiB at   12.98MiB/s ETA 00:15 (frag 20/61)
[download]  33.0% of ~ 218.57MiB at   12.98MiB/s ETA 00:15 (frag 20/61)
[download]  33.0% of ~ 218.59MiB at   12.98MiB/s ETA 00:15 (frag 20/61)
[download]  33.0% of ~ 218.63MiB at   12.98MiB/s ETA 00:15 (frag 20/61)
[download]  33.0% of ~ 218.41MiB at   12.98MiB/s ETA 00:15 (frag 20/61)
[download]  33.0% of ~ 218.82MiB at   12.98MiB/s ETA 00:15 (frag 20/61)
[download]  33.0% of ~ 218.99MiB at   12.98MiB/s ETA 00:15 (frag 20/61)
[download]  33.0% of ~ 219.36MiB at   12.98MiB/s ETA 00:15 (frag 20/61)
[download]  33.1% of ~ 219.41MiB at   12.98MiB/s ETA 00:15 (frag 20/61)
[download]  33.1% of ~ 218.86MiB at   13.13MiB/s ETA 00:14 (frag 20/61)
[download]  33.2% of ~ 218.86MiB at   13.13MiB/s ETA 00:14 (frag 20/61)
[download]  33.2% of ~ 218.87MiB at   13.13MiB/s ETA 00:14 (frag 20/61)
[download]  33.2% of ~ 218.88MiB at   13.13MiB/s ETA 00:14 (frag 20/61)
[download]  33.2% of ~ 218.90MiB at   13.13MiB/s ETA 00:14 (frag 20/61)
[download]  33.2% of ~ 218.95MiB at   13.13MiB/s ETA 00:14 (frag 20/61)
[download]  33.2% of ~ 219.04MiB at   13.13MiB/s ETA 00:14 (frag 20/61)
[download]  33.5% of ~ 219.15MiB at   13.30MiB/s ETA 00:14 (frag 20/61)
[download]  33.2% of ~ 221.40MiB at   13.30MiB/s ETA 00:14 (frag 21/61)
[download]  34.7% of ~ 212.09MiB at   13.30MiB/s ETA 00:14 (frag 21/61)
[download]  34.8% of ~ 211.75MiB at   13.30MiB/s ETA 00:14 (frag 21/61)
[download]  34.7% of ~ 213.08MiB at   13.30MiB/s ETA 00:14 (frag 21/61)
[download]  34.7% of ~ 213.78MiB at   13.30MiB/s ETA 00:14 (frag 21/61)
[download]  34.7% of ~ 214.80MiB at   13.30MiB/s ETA 00:14 (frag 21/61)
[download]  34.8% of ~ 215.17MiB at   13.57MiB/s ETA 00:13 (frag 21/61)
[download]  35.1% of ~ 217.16MiB at   13.57MiB/s ETA 00:13 (frag 21/61)
[download]  34.5% of ~ 220.97MiB at   13.57MiB/s ETA 00:13 (frag 22/61)
[download]  36.5% of ~ 209.83MiB at   13.57MiB/s ETA 00:13 (frag 22/61)
[download]  36.4% of ~ 211.16MiB at   13.66MiB/s ETA 00:13 (frag 22/61)
[download]  36.5% of ~ 212.11MiB at   13.80MiB/s ETA 00:12 (frag 22/61)
[download]  36.6% of ~ 212.48MiB at   13.80MiB/s ETA 00:12 (frag 22/61)
[download]  36.4% of ~ 215.08MiB at   13.80MiB/s ETA 00:12 (frag 22/61)
[download]  36.4% of ~ 215.44MiB at   13.80MiB/s ETA 00:12 (frag 22/61)
[download]  36.5% of ~ 215.80MiB at   13.80MiB/s ETA 00:12 (frag 22/61)
[download]  36.4% of ~ 216.77MiB at   13.80MiB/s ETA 00:12 (frag 22/61)
[download]  36.4% of ~ 216.77MiB at   13.80MiB/s ETA 00:12 (frag 22/61)
[download]  36.4% of ~ 216.78MiB at   13.80MiB/s ETA 00:12 (frag 22/61)
[download]  36.4% of ~ 216.80MiB at   13.80MiB/s ETA 00:12 (frag 22/61)
[download]  36.4% of ~ 216.84MiB at   13.80MiB/s ETA 00:12 (frag 22/61)
[download]  36.7% of ~ 217.58MiB at   14.15MiB/s ETA 00:12 (frag 22/61)
[download]  36.3% of ~ 219.96MiB at   14.28MiB/s ETA 00:12 (frag 22/61)
[download]  36.3% of ~ 219.96MiB at   14.28MiB/s ETA 00:12 (frag 22/61)
[download]  36.3% of ~ 219.96MiB at   14.28MiB/s ETA 00:12 (frag 22/61)
[download]  36.3% of ~ 219.97MiB at   14.28MiB/s ETA 00:12 (frag 22/61)
[download]  36.3% of ~ 219.99MiB at   14.28MiB/s ETA 00:12 (frag 22/61)
[download]  36.3% of ~ 220.04MiB at   14.28MiB/s ETA 00:12 (frag 22/61)
[download]  36.3% of ~ 220.12MiB at   14.28MiB/s ETA 00:12 (frag 22/61)
[download]  36.4% of ~ 219.91MiB at   14.28MiB/s ETA 00:12 (frag 22/61)
[download]  36.4% of ~ 220.07MiB at   14.28MiB/s ETA 00:12 (frag 22/61)
[download]  36.7% of ~ 221.17MiB at   14.28MiB/s ETA 00:12 (frag 22/61)
[download]  36.4% of ~ 223.43MiB at   14.38MiB/s ETA 00:12 (frag 22/61)
[download]  36.8% of ~ 224.04MiB at   14.38MiB/s ETA 00:12 (frag 22/61)
[download]  36.3% of ~ 227.11MiB at   14.38MiB/s ETA 00:12 (frag 23/61)
[download]  38.1% of ~ 217.02MiB at   14.49MiB/s ETA 00:11 (frag 23/61)
[download]  38.2% of ~ 217.65MiB at   14.49MiB/s ETA 00:11 (frag 23/61)
[download]  38.4% of ~ 219.27MiB at   14.49MiB/s ETA 00:11 (frag 23/61)
[download]  38.5% of ~ 221.18MiB at   14.60MiB/s ETA 00:11 (frag 23/61)
[download]  38.4% of ~ 224.63MiB at   14.60MiB/s ETA 00:11 (frag 23/61)
[download]  38.1% of ~ 226.91MiB at   14.60MiB/s ETA 00:11 (frag 23/61)
[download]  38.5% of ~ 227.19MiB at   14.60MiB/s ETA 00:11 (frag 23/61)
[download]  38.2% of ~ 230.09MiB at   14.77MiB/s ETA 00:11 (frag 23/61)
[download]  38.4% of ~ 231.92MiB at   14.77MiB/s ETA 00:11 (frag 23/61)
[download]  37.8% of ~ 235.37MiB at   14.95MiB/s ETA 00:11 (frag 23/61)
[download]  37.8% of ~ 235.38MiB at   14.95MiB/s ETA 00:11 (frag 23/61)
[download]  37.8% of ~ 235.38MiB at   14.95MiB/s ETA 00:11 (frag 23/61)
[download]  37.8% of ~ 235.39MiB at   14.95MiB/s ETA 00:11 (frag 23/61)
[download]  37.8% of ~ 235.41MiB at   14.95MiB/s ETA 00:11 (frag 23/61)
[download]  37.8% of ~ 235.45MiB at   14.95MiB/s ETA 00:11 (frag 23/61)
[download]  38.5% of ~ 233.41MiB at   14.96MiB/s ETA 00:10 (frag 23/61)
[download]  38.2% of ~ 235.43MiB at   14.96MiB/s ETA 00:10 (frag 24/61)
[download]  40.1% of ~ 226.29MiB at   14.96MiB/s ETA 00:10 (frag 24/61)
[download]  39.7% of ~ 228.51MiB at   14.96MiB/s ETA 00:10 (frag 25/61)
[download]  41.0% of ~ 221.41MiB at   14.96MiB/s ETA 00:10 (frag 25/61)
[download]  41.7% of ~ 220.19MiB at   14.96MiB/s ETA 00:10 (frag 25/61)
[download]  41.3% of ~ 222.64MiB at   14.96MiB/s ETA 00:10 (frag 26/61)
[download]  42.6% of ~ 215.72MiB at   15.08MiB/s ETA 00:10 (frag 26/61)
[download]  43.3% of ~ 214.69MiB at   15.08MiB/s ETA 00:10 (frag 26/61)
[download]  43.3% of ~ 217.18MiB at   15.08MiB/s ETA 00:10 (frag 26/61)
[download]  42.8% of ~ 219.79MiB at   15.08MiB/s ETA 00:10 (frag 27/61)
[download]  44.3% of ~ 212.98MiB at   15.08MiB/s ETA 00:10 (frag 27/61)
[download]  45.0% of ~ 212.58MiB at   15.13MiB/s ETA 00:09 (frag 27/61)
[download]  44.4% of ~ 215.19MiB at   15.13MiB/s ETA 00:09 (frag 28/61)
[download]  46.0% of ~ 208.68MiB at   15.13MiB/s ETA 00:09 (frag 28/61)
[download]  46.0% of ~ 208.71MiB at   15.12MiB/s ETA 00:09 (frag 28/61)
[download]  46.0% of ~ 208.71MiB at   15.12MiB/s ETA 00:09 (frag 28/61)
[download]  46.0% of ~ 208.71MiB at   15.12MiB/s ETA 00:09 (frag 28/61)
[download]  46.0% of ~ 208.72MiB at   15.12MiB/s ETA 00:09 (frag 28/61)
[download]  46.0% of ~ 208.74MiB at   15.12MiB/s ETA 00:09 (frag 28/61)
[download]  45.9% of ~ 209.18MiB at   15.12MiB/s ETA 00:09 (frag 28/61)
[download]  45.9% of ~ 209.18MiB at   15.12MiB/s ETA 00:09 (frag 28/61)
[download]  45.9% of ~ 209.19MiB at   15.12MiB/s ETA 00:09 (frag 28/61)
[download]  45.9% of ~ 209.20MiB at   15.12MiB/s ETA 00:09 (frag 28/61)
[download]  46.0% of ~ 209.21MiB at   15.12MiB/s ETA 00:09 (frag 28/61)
[download]  46.1% of ~ 208.83MiB at   15.12MiB/s ETA 00:09 (frag 28/61)
[download]  46.0% of ~ 209.31MiB at   15.12MiB/s ETA 00:09 (frag 28/61)
[download]  46.0% of ~ 209.38MiB at   15.12MiB/s ETA 00:09 (frag 28/61)
[download]  46.6% of ~ 209.37MiB at   15.12MiB/s ETA 00:09 (frag 28/61)
[download]  46.0% of ~ 212.05MiB at   15.12MiB/s ETA 00:09 (frag 29/61)
[download]  47.5% of ~ 205.42MiB at   15.27MiB/s ETA 00:09 (frag 29/61)
[download]  47.5% of ~ 205.42MiB at   15.27MiB/s ETA 00:09 (frag 29/61)
[download]  47.5% of ~ 205.42MiB at   15.27MiB/s ETA 00:09 (frag 29/61)
[download]  47.5% of ~ 205.43MiB at   15.27MiB/s ETA 00:09 (frag 29/61)
[download]  47.5% of ~ 205.45MiB at   15.27MiB/s ETA 00:09 (frag 29/61)
[download]  47.5% of ~ 205.48MiB at   15.27MiB/s ETA 00:09 (frag 29/61)
[download]  47.5% of ~ 205.54MiB at   15.27MiB/s ETA 00:09 (frag 29/61)
[download]  48.2% of ~ 204.79MiB at   15.27MiB/s ETA 00:09 (frag 29/61)
[download]  47.7% of ~ 207.11MiB at   15.27MiB/s ETA 00:09 (frag 29/61)
[download]  47.7% of ~ 207.05MiB at   15.27MiB/s ETA 00:09 (frag 30/61)
[download]  49.3% of ~ 200.55MiB at   15.27MiB/s ETA 00:09 (frag 30/61)
[download]  49.2% of ~ 201.04MiB at   15.27MiB/s ETA 00:09 (frag 30/61)
[download]  49.2% of ~ 201.04MiB at   15.27MiB/s ETA 00:09 (frag 30/61)
[download]  49.2% of ~ 201.05MiB at   15.27MiB/s ETA 00:09 (frag 30/61)
[download]  49.2% of ~ 201.06MiB at   15.27MiB/s ETA 00:09 (frag 30/61)
[download]  49.2% of ~ 201.21MiB at   15.27MiB/s ETA 00:09 (frag 30/61)
[download]  49.2% of ~ 201.32MiB at   15.27MiB/s ETA 00:09 (frag 30/61)
[download]  49.5% of ~ 202.06MiB at   15.53MiB/s ETA 00:09 (frag 30/61)
[download]  49.2% of ~ 203.75MiB at   15.53MiB/s ETA 00:09 (frag 30/61)
[download]  49.3% of ~ 203.70MiB at   15.53MiB/s ETA 00:09 (frag 30/61)
[download]  49.2% of ~ 204.05MiB at   15.53MiB/s ETA 00:09 (frag 30/61)
[download]  49.2% of ~ 204.06MiB at   15.67MiB/s ETA 00:08 (frag 30/61)
[download]  49.2% of ~ 204.06MiB at   15.67MiB/s ETA 00:08 (frag 30/61)
[download]  49.2% of ~ 204.07MiB at   15.67MiB/s ETA 00:08 (frag 30/61)
[download]  49.2% of ~ 204.08MiB at   15.67MiB/s ETA 00:08 (frag 30/61)
[download]  49.2% of ~ 204.09MiB at   15.67MiB/s ETA 00:08 (frag 30/61)
[download]  49.2% of ~ 204.60MiB at   15.67MiB/s ETA 00:08 (frag 30/61)
[download]  49.3% of ~ 204.39MiB at   15.65MiB/s ETA 00:08 (frag 30/61)
[download]  49.3% of ~ 204.39MiB at   15.65MiB/s ETA 00:08 (frag 30/61)
[download]  49.4% of ~ 204.81MiB at   15.65MiB/s ETA 00:08 (frag 30/61)
[download]  49.3% of ~ 205.38MiB at   15.65MiB/s ETA 00:08 (frag 30/61)
[download]  49.3% of ~ 205.66MiB at   15.65MiB/s ETA 00:08 (frag 30/61)
[download]  49.3% of ~ 205.51MiB at   15.65MiB/s ETA 00:08 (frag 30/61)
[download]  49.3% of ~ 205.80MiB at   15.65MiB/s ETA 00:08 (frag 30/61)
[download]  49.4% of ~ 205.80MiB at   15.65MiB/s ETA 00:08 (frag 30/61)
[download]  49.4% of ~ 206.97MiB at   15.65MiB/s ETA 00:08 (frag 30/61)
[download]  49.5% of ~ 207.28MiB at   15.65MiB/s ETA 00:08 (frag 30/61)
[download]  49.3% of ~ 208.23MiB at   15.60MiB/s ETA 00:08 (frag 30/61)
[download]  49.3% of ~ 208.26MiB at   15.60MiB/s ETA 00:08 (frag 30/61)
[download]  49.3% of ~ 208.32MiB at   15.60MiB/s ETA 00:08 (frag 30/61)
[download]  49.4% of ~ 208.72MiB at   15.60MiB/s ETA 00:08 (frag 30/61)
[download]  49.3% of ~ 209.16MiB at   15.61MiB/s ETA 00:08 (frag 30/61)
[download]  49.3% of ~ 209.22MiB at   15.61MiB/s ETA 00:08 (frag 30/61)
[download]  49.3% of ~ 209.35MiB at   15.61MiB/s ETA 00:08 (frag 30/61)
[download]  49.7% of ~ 209.78MiB at   15.68MiB/s ETA 00:08 (frag 30/61)
[download]  48.7% of ~ 214.08MiB at   15.68MiB/s ETA 00:08 (frag 30/61)
[download]  48.7% of ~ 214.08MiB at   15.68MiB/s ETA 00:08 (frag 30/61)
[download]  48.7% of ~ 214.08MiB at   15.68MiB/s ETA 00:08 (frag 30/61)
[download]  48.7% of ~ 214.09MiB at   15.68MiB/s ETA 00:08 (frag 30/61)
[download]  48.7% of ~ 214.11MiB at   15.68MiB/s ETA 00:08 (frag 30/61)
[download]  48.7% of ~ 214.14MiB at   15.68MiB/s ETA 00:08 (frag 30/61)
[download]  48.7% of ~ 214.20MiB at   15.68MiB/s ETA 00:08 (frag 30/61)
[download]  49.4% of ~ 211.58MiB at   15.68MiB/s ETA 00:08 (frag 30/61)
[download]  48.8% of ~ 214.57MiB at   15.66MiB/s ETA 00:08 (frag 30/61)
[download]  49.9% of ~ 212.49MiB at   15.66MiB/s ETA 00:08 (frag 30/61)
[download]  49.3% of ~ 215.12MiB at   15.66MiB/s ETA 00:08 (frag 31/61)
[download]  51.0% of ~ 208.21MiB at   15.66MiB/s ETA 00:08 (frag 31/61)
[download]  51.1% of ~ 208.47MiB at   15.66MiB/s ETA 00:08 (frag 31/61)
[download]  51.1% of ~ 209.22MiB at   15.66MiB/s ETA 00:08 (frag 31/61)
[download]  51.4% of ~ 209.93MiB at   15.66MiB/s ETA 00:08 (frag 31/61)
[download]  50.5% of ~ 214.46MiB at   15.66MiB/s ETA 00:08 (frag 31/61)
[download]  51.5% of ~ 213.25MiB at   16.08MiB/s ETA 00:07 (frag 31/61)
[download]  50.8% of ~ 216.36MiB at   16.08MiB/s ETA 00:07 (frag 32/61)
[download]  52.9% of ~ 209.53MiB at   16.08MiB/s ETA 00:07 (frag 32/61)
[download]  52.2% of ~ 213.29MiB at   16.42MiB/s ETA 00:07 (frag 32/61)
[download]  52.9% of ~ 211.64MiB at   16.42MiB/s ETA 00:07 (frag 32/61)
[download]  53.2% of ~ 212.59MiB at   16.42MiB/s ETA 00:07 (frag 32/61)
[download]  52.6% of ~ 214.70MiB at   16.42MiB/s ETA 00:07 (frag 33/61)
[download]  54.4% of ~ 208.57MiB at   16.72MiB/s ETA 00:07 (frag 33/61)
[download]  54.7% of ~ 209.51MiB at   16.72MiB/s ETA 00:07 (frag 33/61)
[download]  53.7% of ~ 213.39MiB at   16.90MiB/s ETA 00:07 (frag 33/61)
[download]  53.7% of ~ 213.39MiB at   16.90MiB/s ETA 00:07 (frag 33/61)
[download]  53.7% of ~ 213.39MiB at   16.90MiB/s ETA 00:07 (frag 33/61)
[download]  53.7% of ~ 213.40MiB at   16.90MiB/s ETA 00:07 (frag 33/61)
[download]  53.7% of ~ 213.41MiB at   16.90MiB/s ETA 00:07 (frag 33/61)
[download]  53.7% of ~ 213.44MiB at   16.90MiB/s ETA 00:07 (frag 33/61)
[download]  53.7% of ~ 213.50MiB at   16.90MiB/s ETA 00:07 (frag 33/61)
[download]  54.1% of ~ 213.78MiB at   16.90MiB/s ETA 00:07 (frag 33/61)
[download]  53.8% of ~ 214.77MiB at   17.00MiB/s ETA 00:07 (frag 33/61)
[download]  53.8% of ~ 214.77MiB at   17.00MiB/s ETA 00:07 (frag 33/61)
[download]  53.8% of ~ 214.78MiB at   17.00MiB/s ETA 00:07 (frag 33/61)
[download]  53.8% of ~ 214.79MiB at   17.00MiB/s ETA 00:07 (frag 33/61)
[download]  53.8% of ~ 214.80MiB at   17.00MiB/s ETA 00:07 (frag 33/61)
[download]  53.9% of ~ 214.83MiB at   17.00MiB/s ETA 00:07 (frag 33/61)
[download]  53.9% of ~ 214.88MiB at   17.00MiB/s ETA 00:07 (frag 33/61)
[download]  53.9% of ~ 215.00MiB at   17.00MiB/s ETA 00:07 (frag 33/61)
[download]  54.7% of ~ 213.52MiB at   17.00MiB/s ETA 00:07 (frag 33/61)
[download]  53.8% of ~ 217.65MiB at   17.00MiB/s ETA 00:07 (frag 33/61)
[download]  53.8% of ~ 217.87MiB at   17.27MiB/s ETA 00:06 (frag 33/61)
[download]  54.0% of ~ 217.31MiB at   17.27MiB/s ETA 00:06 (frag 33/61)
[download]  54.0% of ~ 217.31MiB at   17.27MiB/s ETA 00:06 (frag 33/61)
[download]  54.0% of ~ 217.32MiB at   17.27MiB/s ETA 00:06 (frag 33/61)
[download]  54.0% of ~ 217.32MiB at   17.27MiB/s ETA 00:06 (frag 33/61)
[download]  54.0% of ~ 217.34MiB at   17.27MiB/s ETA 00:06 (frag 33/61)
[download]  54.0% of ~ 217.37MiB at   17.27MiB/s ETA 00:06 (frag 33/61)
[download]  54.0% of ~ 217.42MiB at   17.27MiB/s ETA 00:06 (frag 33/61)
[download]  54.8% of ~ 216.85MiB at   17.13MiB/s ETA 00:06 (frag 33/61)
[download]  54.2% of ~ 219.52MiB at   17.13MiB/s ETA 00:06 (frag 34/61)
[download]  55.6% of ~ 214.27MiB at   16.90MiB/s ETA 00:06 (frag 34/61)
[download]  55.6% of ~ 215.32MiB at   16.90MiB/s ETA 00:06 (frag 34/61)
[download]  55.6% of ~ 215.22MiB at   16.90MiB/s ETA 00:06 (frag 34/61)
[download]  55.7% of ~ 215.80MiB at   16.90MiB/s ETA 00:06 (frag 34/61)
[download]  55.8% of ~ 217.28MiB at   17.06MiB/s ETA 00:06 (frag 34/61)
[download]  56.5% of ~ 216.76MiB at   17.06MiB/s ETA 00:06 (frag 34/61)
[download]  55.9% of ~ 218.72MiB at   17.06MiB/s ETA 00:06 (frag 35/61)
[download]  57.3% of ~ 213.90MiB at   17.06MiB/s ETA 00:06 (frag 35/61)
[download]  58.1% of ~ 213.31MiB at   17.06MiB/s ETA 00:06 (frag 35/61)
[download]  57.9% of ~ 217.58MiB at   17.06MiB/s ETA 00:06 (frag 35/61)
[download]  58.0% of ~ 218.80MiB at   17.06MiB/s ETA 00:06 (frag 35/61)
[download]  57.5% of ~ 220.54MiB at   17.06MiB/s ETA 00:06 (frag 36/61)
[download]  58.8% of ~ 216.64MiB at   17.06MiB/s ETA 00:06 (frag 36/61)
[download]  58.6% of ~ 217.50MiB at   17.06MiB/s ETA 00:06 (frag 37/61)
[download]  60.8% of ~ 211.07MiB at   17.68MiB/s ETA 00:06 (frag 37/61)
[download]  60.7% of ~ 212.34MiB at   17.68MiB/s ETA 00:06 (frag 37/61)
[download]  60.6% of ~ 212.68MiB at   17.86MiB/s ETA 00:06 (frag 37/61)
[download]  60.6% of ~ 212.68MiB at   17.86MiB/s ETA 00:06 (frag 37/61)
[download]  60.6% of ~ 212.68MiB at   17.86MiB/s ETA 00:06 (frag 37/61)
[download]  60.6% of ~ 212.69MiB at   17.86MiB/s ETA 00:06 (frag 37/61)
[download]  60.6% of ~ 212.64MiB at   17.82MiB/s ETA 00:06 (frag 37/61)
[download]  60.6% of ~ 212.64MiB at   17.82MiB/s ETA 00:06 (frag 37/61)
[download]  60.6% of ~ 212.64MiB at   17.82MiB/s ETA 00:06 (frag 37/61)
[download]  60.6% of ~ 212.65MiB at   17.82MiB/s ETA 00:06 (frag 37/61)
[download]  60.6% of ~ 212.66MiB at   17.82MiB/s ETA 00:06 (frag 37/61)
[download]  60.6% of ~ 212.75MiB at   17.82MiB/s ETA 00:06 (frag 37/61)
[download]  60.6% of ~ 212.78MiB at   17.82MiB/s ETA 00:06 (frag 37/61)
[download]  60.6% of ~ 212.76MiB at   17.82MiB/s ETA 00:06 (frag 37/61)
[download]  61.2% of ~ 214.24MiB at   17.82MiB/s ETA 00:06 (frag 37/61)
[download]  60.7% of ~ 216.09MiB at   17.82MiB/s ETA 00:06 (frag 37/61)
[download]  60.7% of ~ 216.19MiB at   17.82MiB/s ETA 00:06 (frag 37/61)
[download]  60.5% of ~ 217.75MiB at   17.82MiB/s ETA 00:06 (frag 37/61)
[download]  60.3% of ~ 218.44MiB at   17.82MiB/s ETA 00:06 (frag 38/61)
[download]  62.1% of ~ 211.85MiB at   17.82MiB/s ETA 00:06 (frag 38/61)
[download]  62.6% of ~ 211.96MiB at   17.82MiB/s ETA 00:06 (frag 38/61)
[download]  62.2% of ~ 213.41MiB at   17.82MiB/s ETA 00:06 (frag 38/61)
[download]  62.2% of ~ 213.41MiB at   17.82MiB/s ETA 00:06 (frag 38/61)
[download]  62.3% of ~ 213.02MiB at   17.82MiB/s ETA 00:06 (frag 38/61)
[download]  62.2% of ~ 213.52MiB at   17.82MiB/s ETA 00:06 (frag 38/61)
[download]  62.2% of ~ 213.53MiB at   17.82MiB/s ETA 00:06 (frag 38/61)
[download]  62.2% of ~ 213.56MiB at   18.07MiB/s ETA 00:05 (frag 38/61)
[download]  63.0% of ~ 214.04MiB at   18.07MiB/s ETA 00:05 (frag 38/61)
[download]  62.1% of ~ 217.17MiB at   18.07MiB/s ETA 00:05 (frag 38/61)
[download]  62.1% of ~ 217.29MiB at   18.07MiB/s ETA 00:05 (frag 39/61)
[download]  63.8% of ~ 211.43MiB at   18.07MiB/s ETA 00:05 (frag 39/61)
[download]  64.0% of ~ 210.94MiB at   18.56MiB/s ETA 00:05 (frag 39/61)
[download]  64.0% of ~ 210.94MiB at   18.56MiB/s ETA 00:05 (frag 39/61)
[download]  64.0% of ~ 210.94MiB at   18.56MiB/s ETA 00:05 (frag 39/61)
[download]  64.0% of ~ 210.95MiB at   18.56MiB/s ETA 00:05 (frag 39/61)
[download]  64.0% of ~ 210.96MiB at   18.56MiB/s ETA 00:05 (frag 39/61)
[download]  64.0% of ~ 210.98MiB at   18.56MiB/s ETA 00:05 (frag 39/61)
[download]  64.0% of ~ 211.03MiB at   18.56MiB/s ETA 00:05 (frag 39/61)
[download]  64.0% of ~ 211.33MiB at   18.56MiB/s ETA 00:05 (frag 39/61)
[download]  64.0% of ~ 211.32MiB at   18.56MiB/s ETA 00:05 (frag 39/61)
[download]  64.0% of ~ 211.77MiB at   18.71MiB/s ETA 00:05 (frag 39/61)
[download]  64.1% of ~ 212.15MiB at   18.71MiB/s ETA 00:05 (frag 39/61)
[download]  64.0% of ~ 212.85MiB at   18.71MiB/s ETA 00:05 (frag 39/61)
[download]  63.9% of ~ 213.62MiB at   18.71MiB/s ETA 00:05 (frag 39/61)
[download]  64.1% of ~ 213.22MiB at   18.71MiB/s ETA 00:05 (frag 39/61)
[download]  64.6% of ~ 213.35MiB at   18.93MiB/s ETA 00:05 (frag 39/61)
[download]  64.1% of ~ 215.24MiB at   18.93MiB/s ETA 00:05 (frag 40/61)
[download]  65.5% of ~ 210.81MiB at   18.93MiB/s ETA 00:05 (frag 40/61)
[download]  66.3% of ~ 211.29MiB at   18.93MiB/s ETA 00:05 (frag 40/61)
[download]  65.4% of ~ 214.07MiB at   18.93MiB/s ETA 00:05 (frag 41/61)
[download]  67.6% of ~ 208.56MiB at   19.43MiB/s ETA 00:05 (frag 41/61)
[download]  67.5% of ~ 209.76MiB at   19.43MiB/s ETA 00:05 (frag 41/61)
[download]  67.8% of ~ 208.84MiB at   19.43MiB/s ETA 00:05 (frag 41/61)
[download]  67.8% of ~ 208.84MiB at   19.43MiB/s ETA 00:05 (frag 41/61)
[download]  67.8% of ~ 208.84MiB at   19.43MiB/s ETA 00:05 (frag 41/61)
[download]  67.8% of ~ 208.85MiB at   19.43MiB/s ETA 00:05 (frag 41/61)
[download]  67.8% of ~ 208.86MiB at   19.43MiB/s ETA 00:05 (frag 41/61)
[download]  67.8% of ~ 208.88MiB at   19.43MiB/s ETA 00:05 (frag 41/61)
[download]  67.4% of ~ 210.77MiB at   19.63MiB/s ETA 00:04 (frag 41/61)
[download]  67.3% of ~ 211.86MiB at   19.66MiB/s ETA 00:04 (frag 41/61)
[download]  67.8% of ~ 210.38MiB at   19.66MiB/s ETA 00:04 (frag 41/61)
[download]  67.8% of ~ 210.47MiB at   19.66MiB/s ETA 00:04 (frag 41/61)
[download]  67.7% of ~ 212.30MiB at   19.65MiB/s ETA 00:04 (frag 41/61)
[download]  67.5% of ~ 212.87MiB at   19.65MiB/s ETA 00:04 (frag 41/61)
[download]  67.5% of ~ 212.87MiB at   19.65MiB/s ETA 00:04 (frag 41/61)
[download]  67.5% of ~ 212.87MiB at   19.65MiB/s ETA 00:04 (frag 41/61)
[download]  67.5% of ~ 212.88MiB at   19.65MiB/s ETA 00:04 (frag 41/61)
[download]  67.5% of ~ 212.89MiB at   19.65MiB/s ETA 00:04 (frag 41/61)
[download]  67.6% of ~ 212.91MiB at   19.65MiB/s ETA 00:04 (frag 41/61)
[download]  67.9% of ~ 212.19MiB at   19.65MiB/s ETA 00:04 (frag 41/61)
[download]  67.6% of ~ 213.32MiB at   19.65MiB/s ETA 00:04 (frag 41/61)
[download]  67.5% of ~ 213.57MiB at   19.40MiB/s ETA 00:04 (frag 41/61)
[download]  67.5% of ~ 213.57MiB at   19.40MiB/s ETA 00:04 (frag 41/61)
[download]  67.5% of ~ 213.58MiB at   19.40MiB/s ETA 00:04 (frag 41/61)
[download]  67.5% of ~ 213.58MiB at   19.40MiB/s ETA 00:04 (frag 41/61)
[download]  67.5% of ~ 213.59MiB at   19.40MiB/s ETA 00:04 (frag 41/61)
[download]  67.5% of ~ 213.61MiB at   19.40MiB/s ETA 00:04 (frag 41/61)
[download]  67.5% of ~ 213.66MiB at   19.40MiB/s ETA 00:04 (frag 41/61)
[download]  68.0% of ~ 212.83MiB at   19.40MiB/s ETA 00:04 (frag 41/61)
[download]  67.6% of ~ 214.32MiB at   19.20MiB/s ETA 00:04 (frag 41/61)
[download]  67.7% of ~ 214.03MiB at   19.20MiB/s ETA 00:04 (frag 41/61)
[download]  67.7% of ~ 214.03MiB at   19.20MiB/s ETA 00:04 (frag 41/61)
[download]  67.7% of ~ 214.04MiB at   19.20MiB/s ETA 00:04 (frag 41/61)
[download]  67.7% of ~ 214.04MiB at   19.20MiB/s ETA 00:04 (frag 41/61)
[download]  67.7% of ~ 214.05MiB at   19.20MiB/s ETA 00:04 (frag 41/61)
[download]  67.7% of ~ 214.08MiB at   19.20MiB/s ETA 00:04 (frag 41/61)
[download]  67.7% of ~ 214.12MiB at   19.20MiB/s ETA 00:04 (frag 41/61)
[download]  67.8% of ~ 214.21MiB at   19.20MiB/s ETA 00:04 (frag 41/61)
[download]  67.9% of ~ 216.00MiB at   19.31MiB/s ETA 00:04 (frag 41/61)
[download]  67.2% of ~ 218.29MiB at   19.31MiB/s ETA 00:04 (frag 42/61)
[download]  69.3% of ~ 213.16MiB at   19.31MiB/s ETA 00:04 (frag 42/61)
[download]  69.2% of ~ 213.68MiB at   19.31MiB/s ETA 00:04 (frag 42/61)
[download]  69.2% of ~ 215.12MiB at   19.31MiB/s ETA 00:04 (frag 42/61)
[download]  69.5% of ~ 214.67MiB at   19.51MiB/s ETA 00:04 (frag 42/61)
[download]  69.6% of ~ 216.34MiB at   19.51MiB/s ETA 00:04 (frag 42/61)
[download]  68.9% of ~ 218.35MiB at   19.51MiB/s ETA 00:04 (frag 43/61)
[download]  71.2% of ~ 212.09MiB at   19.51MiB/s ETA 00:04 (frag 43/61)
[download]  71.5% of ~ 212.50MiB at   19.75MiB/s ETA 00:04 (frag 43/61)
[download]  71.2% of ~ 213.89MiB at   19.75MiB/s ETA 00:04 (frag 43/61)
[download]  71.1% of ~ 214.27MiB at   19.75MiB/s ETA 00:04 (frag 44/61)
[download]  72.6% of ~ 210.22MiB at   19.75MiB/s ETA 00:04 (frag 44/61)
[download]  72.5% of ~ 210.71MiB at   19.75MiB/s ETA 00:04 (frag 44/61)
[download]  73.1% of ~ 210.46MiB at   19.85MiB/s ETA 00:04 (frag 44/61)
[download]  72.7% of ~ 212.25MiB at   19.85MiB/s ETA 00:04 (frag 44/61)
[download]  72.6% of ~ 212.59MiB at   19.96MiB/s ETA 00:03 (frag 44/61)
[download]  72.6% of ~ 212.59MiB at   19.96MiB/s ETA 00:03 (frag 44/61)
[download]  72.6% of ~ 212.59MiB at   19.96MiB/s ETA 00:03 (frag 44/61)
[download]  72.6% of ~ 212.60MiB at   19.96MiB/s ETA 00:03 (frag 44/61)
[download]  72.6% of ~ 212.61MiB at   19.96MiB/s ETA 00:03 (frag 44/61)
[download]  72.6% of ~ 212.63MiB at   19.96MiB/s ETA 00:03 (frag 44/61)
[download]  72.6% of ~ 212.67MiB at   19.96MiB/s ETA 00:03 (frag 44/61)
[download]  72.6% of ~ 212.76MiB at   19.96MiB/s ETA 00:03 (frag 44/61)
[download]  72.8% of ~ 214.27MiB at   19.96MiB/s ETA 00:03 (frag 44/61)
[download]  72.1% of ~ 216.36MiB at   19.96MiB/s ETA 00:03 (frag 45/61)
[download]  74.5% of ~ 210.25MiB at   20.13MiB/s ETA 00:03 (frag 45/61)
[download]  74.2% of ~ 210.88MiB at   20.13MiB/s ETA 00:03 (frag 46/61)
[download]  75.9% of ~ 206.96MiB at   20.13MiB/s ETA 00:03 (frag 46/61)
[download]  76.2% of ~ 207.46MiB at   20.13MiB/s ETA 00:03 (frag 46/61)
[download]  75.7% of ~ 208.70MiB at   20.13MiB/s ETA 00:03 (frag 46/61)
[download]  75.7% of ~ 208.70MiB at   20.13MiB/s ETA 00:03 (frag 46/61)
[download]  75.7% of ~ 208.71MiB at   20.13MiB/s ETA 00:03 (frag 46/61)
[download]  75.7% of ~ 208.71MiB at   20.13MiB/s ETA 00:03 (frag 46/61)
[download]  75.7% of ~ 208.72MiB at   20.13MiB/s ETA 00:03 (frag 46/61)
[download]  75.7% of ~ 208.74MiB at   20.13MiB/s ETA 00:03 (frag 46/61)
[download]  75.8% of ~ 208.78MiB at   20.28MiB/s ETA 00:03 (frag 46/61)
[download]  75.8% of ~ 208.58MiB at   20.01MiB/s ETA 00:03 (frag 46/61)
[download]  75.8% of ~ 208.58MiB at   20.01MiB/s ETA 00:03 (frag 46/61)
[download]  75.8% of ~ 208.59MiB at   20.01MiB/s ETA 00:03 (frag 46/61)
[download]  75.8% of ~ 208.59MiB at   20.01MiB/s ETA 00:03 (frag 46/61)
[download]  75.8% of ~ 208.60MiB at   20.01MiB/s ETA 00:03 (frag 46/61)
[download]  75.8% of ~ 208.62MiB at   20.01MiB/s ETA 00:03 (frag 46/61)
[download]  75.9% of ~ 208.66MiB at   20.01MiB/s ETA 00:03 (frag 46/61)
[download]  75.9% of ~ 208.74MiB at   20.01MiB/s ETA 00:03 (frag 46/61)
[download]  76.1% of ~ 209.24MiB at   20.01MiB/s ETA 00:03 (frag 46/61)
[download]  75.7% of ~ 210.28MiB at   20.01MiB/s ETA 00:03 (frag 47/61)
[download]  77.4% of ~ 205.84MiB at   20.01MiB/s ETA 00:03 (frag 47/61)
[download]  77.7% of ~ 207.33MiB at   20.01MiB/s ETA 00:03 (frag 47/61)
[download]  77.5% of ~ 208.29MiB at   20.01MiB/s ETA 00:03 (frag 47/61)
[download]  76.9% of ~ 209.93MiB at   20.16MiB/s ETA 00:03 (frag 48/61)
[download]  79.2% of ~ 204.09MiB at   20.16MiB/s ETA 00:03 (frag 48/61)
[download]  79.2% of ~ 204.20MiB at   20.16MiB/s ETA 00:03 (frag 48/61)
[download]  79.2% of ~ 204.20MiB at   20.16MiB/s ETA 00:03 (frag 48/61)
[download]  79.2% of ~ 204.20MiB at   20.16MiB/s ETA 00:03 (frag 48/61)
[download]  79.2% of ~ 204.21MiB at   20.16MiB/s ETA 00:03 (frag 48/61)
[download]  78.8% of ~ 205.12MiB at   20.10MiB/s ETA 00:03 (frag 48/61)
[download]  78.8% of ~ 205.12MiB at   20.10MiB/s ETA 00:03 (frag 48/61)
[download]  78.8% of ~ 205.12MiB at   20.10MiB/s ETA 00:03 (frag 48/61)
[download]  78.8% of ~ 205.13MiB at   20.10MiB/s ETA 00:03 (frag 48/61)
[download]  78.8% of ~ 205.14MiB at   20.10MiB/s ETA 00:03 (frag 48/61)
[download]  79.2% of ~ 204.44MiB at   20.10MiB/s ETA 00:03 (frag 48/61)
[download]  78.8% of ~ 205.47MiB at   20.05MiB/s ETA 00:03 (frag 48/61)
[download]  78.8% of ~ 205.51MiB at   20.05MiB/s ETA 00:03 (frag 48/61)
[download]  79.2% of ~ 204.68MiB at   20.05MiB/s ETA 00:03 (frag 48/61)
[download]  79.2% of ~ 204.70MiB at   20.05MiB/s ETA 00:03 (frag 48/61)
[download]  79.2% of ~ 204.74MiB at   20.05MiB/s ETA 00:03 (frag 48/61)
[download]  78.9% of ~ 205.72MiB at   19.84MiB/s ETA 00:03 (frag 48/61)
[download]  79.2% of ~ 204.97MiB at   19.84MiB/s ETA 00:03 (frag 48/61)
[download]  78.7% of ~ 206.27MiB at   19.84MiB/s ETA 00:03 (frag 48/61)
[download]  78.7% of ~ 206.27MiB at   19.84MiB/s ETA 00:03 (frag 48/61)
[download]  78.7% of ~ 206.28MiB at   19.84MiB/s ETA 00:03 (frag 48/61)
[download]  78.7% of ~ 206.28MiB at   19.84MiB/s ETA 00:03 (frag 48/61)
[download]  78.7% of ~ 206.29MiB at   19.84MiB/s ETA 00:03 (frag 48/61)
[download]  78.7% of ~ 206.31MiB at   19.84MiB/s ETA 00:03 (frag 48/61)
[download]  79.3% of ~ 205.39MiB at   19.84MiB/s ETA 00:03 (frag 48/61)
[download]  79.2% of ~ 206.29MiB at   19.84MiB/s ETA 00:03 (frag 48/61)
[download]  78.9% of ~ 207.35MiB at   19.84MiB/s ETA 00:03 (frag 48/61)
[download]  79.3% of ~ 206.96MiB at   19.28MiB/s ETA 00:03 (frag 48/61)
[download]  79.5% of ~ 207.84MiB at   19.28MiB/s ETA 00:03 (frag 48/61)
[download]  78.8% of ~ 209.77MiB at   19.28MiB/s ETA 00:03 (frag 48/61)
[download]  78.8% of ~ 209.85MiB at   19.28MiB/s ETA 00:03 (frag 48/61)
[download]  79.3% of ~ 208.86MiB at   19.28MiB/s ETA 00:03 (frag 48/61)
[download]  79.4% of ~ 209.83MiB at   19.28MiB/s ETA 00:03 (frag 48/61)
[download]  79.6% of ~ 210.61MiB at   19.09MiB/s ETA 00:02 (frag 48/61)
[download]  79.4% of ~ 212.12MiB at   19.09MiB/s ETA 00:02 (frag 48/61)
[download]  79.0% of ~ 213.06MiB at   18.91MiB/s ETA 00:02 (frag 49/61)
[download]  80.5% of ~ 209.47MiB at   18.91MiB/s ETA 00:02 (frag 49/61)
[download]  80.7% of ~ 209.54MiB at   18.91MiB/s ETA 00:02 (frag 49/61)
[download]  81.1% of ~ 209.27MiB at   18.78MiB/s ETA 00:02 (frag 49/61)
[download]  80.6% of ~ 211.00MiB at   18.78MiB/s ETA 00:02 (frag 49/61)
[download]  81.0% of ~ 211.37MiB at   18.78MiB/s ETA 00:02 (frag 49/61)
[download]  81.0% of ~ 212.35MiB at   18.78MiB/s ETA 00:02 (frag 49/61)
[download]  80.6% of ~ 213.46MiB at   18.78MiB/s ETA 00:02 (frag 50/61)
[download]  81.4% of ~ 211.34MiB at   18.85MiB/s ETA 00:02 (frag 50/61)
[download]  81.4% of ~ 211.34MiB at   18.85MiB/s ETA 00:02 (frag 50/61)
[download]  81.4% of ~ 211.34MiB at   18.85MiB/s ETA 00:02 (frag 50/61)
[download]  81.4% of ~ 211.35MiB at   18.85MiB/s ETA 00:02 (frag 50/61)
[download]  81.4% of ~ 211.36MiB at   18.85MiB/s ETA 00:02 (frag 50/61)
[download]  81.4% of ~ 211.38MiB at   18.85MiB/s ETA 00:02 (frag 50/61)
[download]  82.7% of ~ 209.59MiB at   18.85MiB/s ETA 00:02 (frag 50/61)
[download]  81.5% of ~ 212.74MiB at   18.85MiB/s ETA 00:02 (frag 50/61)
[download]  82.1% of ~ 210.99MiB at   18.85MiB/s ETA 00:02 (frag 51/61)
[download]  84.1% of ~ 207.16MiB at   18.85MiB/s ETA 00:02 (frag 51/61)
[download]  83.1% of ~ 209.90MiB at   18.94MiB/s ETA 00:02 (frag 51/61)
[download]  84.5% of ~ 207.59MiB at   18.94MiB/s ETA 00:02 (frag 51/61)
[download]  84.3% of ~ 208.75MiB at   18.94MiB/s ETA 00:02 (frag 51/61)
[download]  84.0% of ~ 209.38MiB at   18.94MiB/s ETA 00:02 (frag 52/61)
[download]  85.9% of ~ 206.31MiB at   19.28MiB/s ETA 00:02 (frag 52/61)
[download]  84.9% of ~ 208.89MiB at   19.28MiB/s ETA 00:02 (frag 52/61)
[download]  84.9% of ~ 208.89MiB at   19.28MiB/s ETA 00:02 (frag 52/61)
[download]  85.3% of ~ 207.82MiB at   19.28MiB/s ETA 00:02 (frag 53/61)
[download]  86.5% of ~ 205.02MiB at   19.28MiB/s ETA 00:02 (frag 53/61)
[download]  86.5% of ~ 205.03MiB at   19.28MiB/s ETA 00:02 (frag 53/61)
[download]  86.5% of ~ 205.03MiB at   19.28MiB/s ETA 00:02 (frag 53/61)
[download]  86.5% of ~ 205.05MiB at   19.28MiB/s ETA 00:02 (frag 53/61)
[download]  86.5% of ~ 205.09MiB at   19.28MiB/s ETA 00:02 (frag 53/61)
[download]  86.5% of ~ 205.16MiB at   19.28MiB/s ETA 00:02 (frag 53/61)
[download]  86.4% of ~ 205.76MiB at   19.42MiB/s ETA 00:02 (frag 53/61)
[download]  87.8% of ~ 203.49MiB at   19.42MiB/s ETA 00:02 (frag 53/61)
[download]  86.5% of ~ 206.58MiB at   19.62MiB/s ETA 00:02 (frag 53/61)
[download]  86.5% of ~ 206.58MiB at   19.62MiB/s ETA 00:02 (frag 53/61)
[download]  86.5% of ~ 206.58MiB at   19.62MiB/s ETA 00:02 (frag 53/61)
[download]  86.5% of ~ 206.59MiB at   19.62MiB/s ETA 00:02 (frag 53/61)
[download]  86.5% of ~ 206.60MiB at   19.62MiB/s ETA 00:02 (frag 53/61)
[download]  86.5% of ~ 206.61MiB at   19.62MiB/s ETA 00:02 (frag 53/61)
[download]  86.6% of ~ 206.47MiB at   19.62MiB/s ETA 00:02 (frag 53/61)
[download]  86.6% of ~ 206.47MiB at   19.62MiB/s ETA 00:02 (frag 53/61)
[download]  86.6% of ~ 206.47MiB at   19.62MiB/s ETA 00:02 (frag 53/61)
[download]  86.6% of ~ 206.47MiB at   19.62MiB/s ETA 00:02 (frag 53/61)
[download]  86.6% of ~ 206.48MiB at   19.62MiB/s ETA 00:02 (frag 53/61)
[download]  86.6% of ~ 206.50MiB at   19.62MiB/s ETA 00:02 (frag 53/61)
[download]  86.6% of ~ 206.72MiB at   19.62MiB/s ETA 00:02 (frag 53/61)
[download]  86.6% of ~ 206.61MiB at   19.62MiB/s ETA 00:02 (frag 53/61)
[download]  87.5% of ~ 204.90MiB at   19.62MiB/s ETA 00:02 (frag 53/61)
[download]  87.4% of ~ 205.34MiB at   19.62MiB/s ETA 00:02 (frag 54/61)
[download]  88.2% of ~ 203.66MiB at   19.62MiB/s ETA 00:02 (frag 54/61)
[download]  88.3% of ~ 203.62MiB at   19.62MiB/s ETA 00:02 (frag 54/61)
[download]  88.1% of ~ 204.52MiB at   19.63MiB/s ETA 00:02 (frag 54/61)
[download]  89.0% of ~ 202.58MiB at   19.63MiB/s ETA 00:02 (frag 54/61)
[download]  89.0% of ~ 202.58MiB at   19.63MiB/s ETA 00:02 (frag 54/61)
[download]  89.0% of ~ 202.59MiB at   19.63MiB/s ETA 00:02 (frag 54/61)
[download]  89.0% of ~ 202.59MiB at   19.63MiB/s ETA 00:02 (frag 54/61)
[download]  89.0% of ~ 202.60MiB at   19.63MiB/s ETA 00:02 (frag 54/61)
[download]  89.0% of ~ 202.62MiB at   19.63MiB/s ETA 00:02 (frag 54/61)
[download]  89.0% of ~ 202.65MiB at   19.63MiB/s ETA 00:02 (frag 54/61)
[download]  89.0% of ~ 202.72MiB at   19.63MiB/s ETA 00:02 (frag 54/61)
[download]  88.2% of ~ 204.77MiB at   19.02MiB/s ETA 00:02 (frag 54/61)
[download]  89.2% of ~ 203.17MiB at   19.02MiB/s ETA 00:02 (frag 54/61)
[download]  88.9% of ~ 203.78MiB at   19.02MiB/s ETA 00:02 (frag 55/61)
[download]  90.0% of ~ 201.67MiB at   19.02MiB/s ETA 00:02 (frag 55/61)
[download]  91.7% of ~ 197.82MiB at   19.02MiB/s ETA 00:02 (frag 55/61)
[download]  91.7% of ~ 197.82MiB at   19.02MiB/s ETA 00:02 (frag 55/61)
[download]  91.7% of ~ 197.82MiB at   19.02MiB/s ETA 00:02 (frag 55/61)
[download]  91.7% of ~ 197.83MiB at   19.02MiB/s ETA 00:02 (frag 55/61)
[download]  91.7% of ~ 197.83MiB at   19.02MiB/s ETA 00:02 (frag 55/61)
[download]  91.7% of ~ 197.85MiB at   19.02MiB/s ETA 00:02 (frag 55/61)
[download]  90.0% of ~ 202.32MiB at   19.02MiB/s ETA 00:02 (frag 55/61)
[download]  91.8% of ~ 198.43MiB at   19.02MiB/s ETA 00:02 (frag 55/61)
[download]  91.7% of ~ 198.50MiB at   19.02MiB/s ETA 00:02 (frag 55/61)
[download]  91.7% of ~ 198.55MiB at   19.02MiB/s ETA 00:02 (frag 56/61)
[download]  92.4% of ~ 197.44MiB at   18.72MiB/s ETA 00:01 (frag 56/61)
[download]  91.7% of ~ 199.38MiB at   18.00MiB/s ETA 00:01 (frag 56/61)
[download]  91.5% of ~ 200.09MiB at   18.00MiB/s ETA 00:01 (frag 56/61)
[download]  92.5% of ~ 198.51MiB at   18.00MiB/s ETA 00:01 (frag 56/61)
[download]  91.6% of ~ 201.45MiB at   18.00MiB/s ETA 00:01 (frag 56/61)
[download]  91.8% of ~ 202.09MiB at   18.00MiB/s ETA 00:01 (frag 56/61)
[download]  92.0% of ~ 202.86MiB at   17.84MiB/s ETA 00:01 (frag 56/61)
[download]  91.7% of ~ 204.10MiB at   17.67MiB/s ETA 00:01 (frag 56/61)
[download]  92.5% of ~ 204.47MiB at   17.67MiB/s ETA 00:01 (frag 56/61)
[download]  91.5% of ~ 206.56MiB at   17.67MiB/s ETA 00:01 (frag 57/61)
[download]  94.4% of ~ 201.35MiB at   17.67MiB/s ETA 00:01 (frag 57/61)
[download]  94.1% of ~ 202.41MiB at   17.39MiB/s ETA 00:01 (frag 57/61)
[download]  93.9% of ~ 202.82MiB at   17.39MiB/s ETA 00:01 (frag 58/61)
[download]  95.4% of ~ 201.71MiB at   17.39MiB/s ETA 00:01 (frag 58/61)
[download]  95.2% of ~ 203.23MiB at   17.39MiB/s ETA 00:01 (frag 58/61)
[download]  94.8% of ~ 204.81MiB at   17.43MiB/s ETA 00:01 (frag 58/61)
[download]  94.5% of ~ 205.47MiB at   17.43MiB/s ETA 00:01 (frag 59/61)
[download]  97.3% of ~ 201.63MiB at   17.43MiB/s ETA 00:01 (frag 59/61)
[download]  96.4% of ~ 203.67MiB at   17.43MiB/s ETA 00:01 (frag 59/61)
[download]  96.3% of ~ 203.90MiB at   17.63MiB/s ETA 00:01 (frag 60/61)
[download]  98.9% of ~ 200.45MiB at   16.40MiB/s ETA 00:01 (frag 60/61)
[download]  98.0% of ~ 202.45MiB at   16.40MiB/s ETA 00:01 (frag 60/61)
[download]  98.0% of ~ 202.56MiB at   16.40MiB/s ETA 00:01 (frag 61/61)
[download] 100% of  198.45MiB in 00:00:13 at 14.33MiB/s
[FixupM3u8] Fixing MPEG-TS in MP4 container of "D:\ĎÂÔŘ\Japanese_Cutie_Comes_Back_for_More_BBC-opiiblt4718.mp4"
[Metadata] Adding metadata to "D:\ĎÂÔŘ\Japanese_Cutie_Comes_Back_for_More_BBC-opiiblt4718.mp4"
