[youtube] Extracting URL: https://www.youtube.com/watch?v=gDKAocebKCM
[youtube] gDKAocebKCM: Downloading webpage
[youtube] gDKAocebKCM: Downloading android vr player API JSON
[info] gDKAocebKCM: Downloading 1 format(s): 399+251
[info] Downloading video thumbnail 41 ...
[info] Writing video thumbnail 41 to: D:\Ž┬įž\25_._TVBS_@TVBSNEWS02-gDKAocebKCM.webp
[download] Destination: D:\Ž┬įž\25_._TVBS_@TVBSNEWS02-gDKAocebKCM.f399.mp4
[download]   0.0% of   87.97MiB at  108.38KiB/s ETA 13:51
[download]   0.0% of   87.97MiB at  238.37KiB/s ETA 06:17
[download]   0.0% of   87.97MiB at  464.66KiB/s ETA 03:13
[download]   0.0% of   87.97MiB at  867.06KiB/s ETA 01:43
[download]   0.0% of   87.97MiB at  869.07KiB/s ETA 01:43
[download]   0.1% of   87.97MiB at  715.24KiB/s ETA 02:05
[download]   0.1% of   87.97MiB at  813.55KiB/s ETA 01:50
[download]   0.3% of   87.97MiB at    1.04MiB/s ETA 01:24
[download]   0.6% of   87.97MiB at    1.65MiB/s ETA 00:52
[download]   1.1% of   87.97MiB at    2.17MiB/s ETA 00:40
[download]   2.3% of   87.97MiB at    3.86MiB/s ETA 00:22
[download]   4.5% of   87.97MiB at    4.77MiB/s ETA 00:17
[download]   9.1% of   87.97MiB at    7.85MiB/s ETA 00:10
[download]  10.9% of   87.97MiB at    8.86MiB/s ETA 00:08
[download]  10.9% of   87.97MiB at  Unknown B/s ETA Unknown
[download]  10.9% of   87.97MiB at    2.89MiB/s ETA 00:27
[download]  10.9% of   87.97MiB at    6.75MiB/s ETA 00:11
[download]  10.9% of   87.97MiB at    9.26MiB/s ETA 00:08
[download]  10.9% of   87.97MiB at   14.52MiB/s ETA 00:05
[download]  11.0% of   87.97MiB at   10.88MiB/s ETA 00:07
[download]  11.1% of   87.97MiB at   15.78MiB/s ETA 00:04
[download]  11.2% of   87.97MiB at    1.40MiB/s ETA 00:55
[download]  11.5% of   87.97MiB at    2.73MiB/s ETA 00:28
[download]  12.0% of   87.97MiB at    5.29MiB/s ETA 00:14
[download]  13.2% of   87.97MiB at    7.08MiB/s ETA 00:10
[download]  15.5% of   87.97MiB at    9.76MiB/s ETA 00:07
[download]  20.0% of   87.97MiB at   16.73MiB/s ETA 00:04
[download]  22.1% of   87.97MiB at   17.59MiB/s ETA 00:03
[download]  22.1% of   87.97MiB at  Unknown B/s ETA Unknown
[download]  22.1% of   87.97MiB at    2.22MiB/s ETA 00:30
[download]  22.1% of   87.97MiB at    3.75MiB/s ETA 00:18
[download]  22.1% of   87.97MiB at    8.03MiB/s ETA 00:08
[download]  22.1% of   87.97MiB at   10.95MiB/s ETA 00:06
[download]  22.2% of   87.97MiB at   18.82MiB/s ETA 00:03
[download]  22.2% of   87.97MiB at   25.79MiB/s ETA 00:02
[download]  22.4% of   87.97MiB at   31.74MiB/s ETA 00:02
[download]  22.7% of   87.97MiB at   33.43MiB/s ETA 00:02
[download]  23.2% of   87.97MiB at    5.55MiB/s ETA 00:12
[download]  24.4% of   87.97MiB at   10.33MiB/s ETA 00:06
[download]  26.7% of   87.97MiB at   12.66MiB/s ETA 00:05
[download]  31.2% of   87.97MiB at   21.58MiB/s ETA 00:02
[download]  32.9% of   87.97MiB at   21.29MiB/s ETA 00:02
[download]  32.9% of   87.97MiB at  Unknown B/s ETA Unknown
[download]  32.9% of   87.97MiB at  Unknown B/s ETA Unknown
[download]  32.9% of   87.97MiB at  Unknown B/s ETA Unknown
[download]  33.0% of   87.97MiB at    9.66MiB/s ETA 00:06
[download]  33.0% of   87.97MiB at   19.97MiB/s ETA 00:02
[download]  33.0% of   87.97MiB at   25.12MiB/s ETA 00:02
[download]  33.1% of   87.97MiB at   21.55MiB/s ETA 00:02
[download]  33.2% of   87.97MiB at   23.36MiB/s ETA 00:02
[download]  33.5% of   87.97MiB at    1.57MiB/s ETA 00:37
[download]  34.1% of   87.97MiB at    2.56MiB/s ETA 00:22
[download]  35.2% of   87.97MiB at    3.81MiB/s ETA 00:14
[download]  37.5% of   87.97MiB at    6.46MiB/s ETA 00:08
[download]  42.0% of   87.97MiB at   11.69MiB/s ETA 00:04
[download]  43.9% of   87.97MiB at   13.73MiB/s ETA 00:03
[download]  43.9% of   87.97MiB at  Unknown B/s ETA Unknown
[download]  43.9% of   87.97MiB at    2.85MiB/s ETA 00:17
[download]  43.9% of   87.97MiB at    6.65MiB/s ETA 00:07
[download]  43.9% of   87.97MiB at   14.26MiB/s ETA 00:03
[download]  44.0% of   87.97MiB at   12.60MiB/s ETA 00:03
[download]  44.0% of   87.97MiB at   16.83MiB/s ETA 00:02
[download]  44.1% of   87.97MiB at   15.17MiB/s ETA 00:03
[download]  44.2% of   87.97MiB at  657.39KiB/s ETA 01:16
[download]  44.5% of   87.97MiB at    1.27MiB/s ETA 00:38
[download]  45.1% of   87.97MiB at    2.26MiB/s ETA 00:21
[download]  46.2% of   87.97MiB at    4.47MiB/s ETA 00:10
[download]  48.5% of   87.97MiB at    8.81MiB/s ETA 00:05
[download]  53.0% of   87.97MiB at   14.31MiB/s ETA 00:02
[download]  54.7% of   87.97MiB at   14.54MiB/s ETA 00:02
[download]  54.7% of   87.97MiB at  Unknown B/s ETA Unknown
[download]  54.7% of   87.97MiB at    2.91MiB/s ETA 00:13
[download]  54.8% of   87.97MiB at    6.79MiB/s ETA 00:05
[download]  54.8% of   87.97MiB at    8.23MiB/s ETA 00:04
[download]  54.8% of   87.97MiB at   13.18MiB/s ETA 00:03
[download]  54.8% of   87.97MiB at   26.79MiB/s ETA 00:01
[download]  54.9% of   87.97MiB at   25.71MiB/s ETA 00:01
[download]  55.0% of   87.97MiB at   28.55MiB/s ETA 00:01
[download]  55.3% of   87.97MiB at    4.41MiB/s ETA 00:08
[download]  55.9% of   87.97MiB at    3.03MiB/s ETA 00:12
[download]  57.0% of   87.97MiB at    4.12MiB/s ETA 00:09
[download]  59.3% of   87.97MiB at    5.28MiB/s ETA 00:06
[download]  63.8% of   87.97MiB at    8.84MiB/s ETA 00:03
[download]  65.8% of   87.97MiB at    9.84MiB/s ETA 00:03
[download]  65.8% of   87.97MiB at  Unknown B/s ETA Unknown
[download]  65.8% of   87.97MiB at    1.41MiB/s ETA 00:21
[download]  65.8% of   87.97MiB at    2.78MiB/s ETA 00:10
[download]  65.8% of   87.97MiB at  516.15KiB/s ETA 00:59
[download]  65.9% of   87.97MiB at 1021.24KiB/s ETA 00:30
[download]  65.9% of   87.97MiB at    1.99MiB/s ETA 00:15
[download]  66.0% of   87.97MiB at    3.95MiB/s ETA 00:07
[download]  66.1% of   87.97MiB at    7.77MiB/s ETA 00:03
[download]  66.4% of   87.97MiB at   15.32MiB/s ETA 00:01
[download]  67.0% of   87.97MiB at   30.20MiB/s ETA 00:00
[download]  68.1% of   87.97MiB at   10.50MiB/s ETA 00:02
[download]  70.4% of   87.97MiB at   17.49MiB/s ETA 00:01
[download]  74.9% of   87.97MiB at   13.96MiB/s ETA 00:01
[download]  77.1% of   87.97MiB at   16.24MiB/s ETA 00:01
[download]  77.1% of   87.97MiB at  Unknown B/s ETA Unknown
[download]  77.1% of   87.97MiB at  Unknown B/s ETA Unknown
[download]  77.1% of   87.97MiB at  Unknown B/s ETA Unknown
[download]  77.1% of   87.97MiB at    9.29MiB/s ETA 00:02
[download]  77.2% of   87.97MiB at    1.36MiB/s ETA 00:14
[download]  77.2% of   87.97MiB at    1.92MiB/s ETA 00:10
[download]  77.3% of   87.97MiB at    3.51MiB/s ETA 00:05
[download]  77.4% of   87.97MiB at    6.61MiB/s ETA 00:03
[download]  77.7% of   87.97MiB at    3.62MiB/s ETA 00:05
[download]  78.3% of   87.97MiB at    6.75MiB/s ETA 00:02
[download]  79.4% of   87.97MiB at    8.27MiB/s ETA 00:02
[download]  81.7% of   87.97MiB at    7.61MiB/s ETA 00:02
[download]  86.2% of   87.97MiB at    9.02MiB/s ETA 00:01
[download]  88.0% of   87.97MiB at   10.73MiB/s ETA 00:00
[download]  88.0% of   87.97MiB at  Unknown B/s ETA Unknown
[download]  88.0% of   87.97MiB at    2.84MiB/s ETA 00:03
[download]  88.0% of   87.97MiB at    6.63MiB/s ETA 00:01
[download]  88.0% of   87.97MiB at    9.55MiB/s ETA 00:01
[download]  88.0% of   87.97MiB at   11.23MiB/s ETA 00:00
[download]  88.1% of   87.97MiB at   22.82MiB/s ETA 00:00
[download]  88.1% of   87.97MiB at   11.85MiB/s ETA 00:00
[download]  88.3% of   87.97MiB at   12.42MiB/s ETA 00:00
[download]  88.6% of   87.97MiB at    4.05MiB/s ETA 00:02
[download]  89.1% of   87.97MiB at    7.11MiB/s ETA 00:01
[download]  90.3% of   87.97MiB at   12.71MiB/s ETA 00:00
[download]  92.6% of   87.97MiB at    9.84MiB/s ETA 00:00
[download]  97.1% of   87.97MiB at    8.30MiB/s ETA 00:00
[download]  99.1% of   87.97MiB at    9.22MiB/s ETA 00:00
[download]  99.1% of   87.97MiB at  Unknown B/s ETA Unknown
[download]  99.1% of   87.97MiB at    2.82MiB/s ETA 00:00
[download]  99.1% of   87.97MiB at    4.76MiB/s ETA 00:00
[download]  99.1% of   87.97MiB at    7.56MiB/s ETA 00:00
[download]  99.2% of   87.97MiB at   12.33MiB/s ETA 00:00
[download]  99.2% of   87.97MiB at   17.49MiB/s ETA 00:00
[download]  99.3% of   87.97MiB at   17.88MiB/s ETA 00:00
[download]  99.4% of   87.97MiB at   13.21MiB/s ETA 00:00
[download]  99.7% of   87.97MiB at    4.56MiB/s ETA 00:00
[download] 100.0% of   87.97MiB at    5.93MiB/s ETA 00:00
[download] 100% of   87.97MiB in 00:00:09 at 9.17MiB/s
[download] Destination: D:\Ž┬įž\25_._TVBS_@TVBSNEWS02-gDKAocebKCM.f251.webm
[download]   0.0% of    5.39MiB at  Unknown B/s ETA Unknown
[download]   0.1% of    5.39MiB at  Unknown B/s ETA Unknown
[download]   0.1% of    5.39MiB at    4.07MiB/s ETA 00:01
[download]   0.3% of    5.39MiB at    6.71MiB/s ETA 00:00
[download]   0.6% of    5.39MiB at   11.11MiB/s ETA 00:00
[download]   1.1% of    5.39MiB at   15.18MiB/s ETA 00:00
[download]   2.3% of    5.39MiB at   14.16MiB/s ETA 00:00
[download]   4.6% of    5.39MiB at   13.71MiB/s ETA 00:00
[download]   9.3% of    5.39MiB at   14.38MiB/s ETA 00:00
[download]  18.6% of    5.39MiB at   14.10MiB/s ETA 00:00
[download]  37.1% of    5.39MiB at    8.87MiB/s ETA 00:00
[download]  74.3% of    5.39MiB at    7.82MiB/s ETA 00:00
[download] 100.0% of    5.39MiB at    8.06MiB/s ETA 00:00
[download] 100% of    5.39MiB in 00:00:00 at 6.41MiB/s
[Merger] Merging formats into "D:\Ž┬įž\25_._TVBS_@TVBSNEWS02-gDKAocebKCM.mp4"
Deleting original file D:\Ž┬įž\25_._TVBS_@TVBSNEWS02-gDKAocebKCM.f399.mp4 (pass -k to keep)
Deleting original file D:\Ž┬įž\25_._TVBS_@TVBSNEWS02-gDKAocebKCM.f251.webm (pass -k to keep)
[Metadata] Adding metadata to "D:\Ž┬įž\25_._TVBS_@TVBSNEWS02-gDKAocebKCM.mp4"
