[XVideos] Extracting URL: https://www.xvideos.com/video.oocbhkv3fce/_1_macy_chan_av_av_hong_kong_av
[XVideos] oocbhkv3fce: Downloading webpage
[XVideos] oocbhkv3fce: Downloading m3u8 information
[XVideos] oocbhkv3fce: Checking hls-480p video format URL
[XVideos] oocbhkv3fce: Checking hls-1080p video format URL
[XVideos] oocbhkv3fce: Checking hls-360p video format URL
[info] oocbhkv3fce: Downloading 1 format(s): hls-1080p
[info] Downloading video thumbnail 1 ...
[info] Writing video thumbnail 1 to: D:\Ž┬įž\Erotic_Massage_Unboxing_-_1-Hour_Real-World_Test_Princess_Service_Macy_Chan_Erot-oocbhkv3fce.avif
[hlsnative] Downloading m3u8 manifest
[hlsnative] Total fragments: 4
[download] Destination: D:\Ž┬įž\Erotic_Massage_Unboxing_-_1-Hour_Real-World_Test_Princess_Service_Macy_Chan_Erot-oocbhkv3fce.mp4
[download]   0.0% of ~  12.85MiB at    819.20B/s ETA Unknown (frag 0/4)
[download]   0.0% of ~  12.86MiB at    819.20B/s ETA Unknown (frag 0/4)
[download]   0.1% of ~  12.86MiB at    819.20B/s ETA Unknown (frag 0/4)
[download]   0.1% of ~  12.88MiB at    819.20B/s ETA Unknown (frag 0/4)
[download]   0.2% of ~  12.91MiB at   21.04KiB/s ETA Unknown (frag 0/4)
[download]   0.5% of ~  12.97MiB at   49.28KiB/s ETA Unknown (frag 0/4)
[download]   0.9% of ~  13.10MiB at   91.19KiB/s ETA Unknown (frag 0/4)
[download]   1.9% of ~  13.35MiB at  149.69KiB/s ETA Unknown (frag 0/4)
[download]   3.6% of ~  13.85MiB at  255.67KiB/s ETA 00:27 (frag 0/4)
[download]   2.9% of ~  17.15MiB at  255.67KiB/s ETA 00:27 (frag 0/4)
[download]   2.9% of ~  17.15MiB at  255.67KiB/s ETA 00:27 (frag 0/4)
[download]   2.9% of ~  17.16MiB at  255.67KiB/s ETA 00:27 (frag 0/4)
[download]   3.0% of ~  17.18MiB at  325.22KiB/s ETA 00:27 (frag 0/4)
[download]   6.8% of ~  14.91MiB at  325.22KiB/s ETA 00:27 (frag 0/4)
[download]   5.2% of ~  19.45MiB at  325.22KiB/s ETA 00:27 (frag 0/4)
[download]   5.2% of ~  19.45MiB at  325.22KiB/s ETA 00:27 (frag 0/4)
[download]   9.1% of ~  11.12MiB at  325.22KiB/s ETA 00:27 (frag 0/4)
[download]   5.2% of ~  19.47MiB at  325.22KiB/s ETA 00:27 (frag 0/4)
[download]   9.2% of ~  11.14MiB at  325.22KiB/s ETA 00:27 (frag 0/4)
[download]   5.3% of ~  19.49MiB at  325.22KiB/s ETA 00:27 (frag 0/4)
[download]   9.3% of ~  11.18MiB at  325.22KiB/s ETA 00:27 (frag 0/4)
[download]   9.3% of ~  11.20MiB at  325.22KiB/s ETA 00:27 (frag 0/4)
[download]   5.5% of ~  19.32MiB at  505.13KiB/s ETA 00:27 (frag 0/4)
[download]   5.5% of ~  19.63MiB at  505.13KiB/s ETA 00:27 (frag 0/4)
[download]   9.6% of ~  11.35MiB at  505.13KiB/s ETA 00:27 (frag 0/4)
[download]  12.1% of ~  17.21MiB at  505.13KiB/s ETA 00:27 (frag 0/4)
[download]   9.0% of ~  23.51MiB at  861.86KiB/s ETA 00:25 (frag 0/4)
[download]   9.0% of ~  23.88MiB at  861.86KiB/s ETA 00:25 (frag 0/4)
[download]  13.9% of ~  15.66MiB at  861.86KiB/s ETA 00:25 (frag 0/4)
[download]  15.7% of ~  21.59MiB at  861.86KiB/s ETA 00:25 (frag 0/4)
[download]  12.8% of ~  26.44MiB at  861.86KiB/s ETA 00:25 (frag 1/4)
[download]  24.1% of ~  14.37MiB at    1.33MiB/s ETA 00:23 (frag 1/4)
[download]  24.1% of ~  14.62MiB at    1.33MiB/s ETA 00:23 (frag 1/4)
[download]  33.9% of ~  10.57MiB at    1.33MiB/s ETA 00:23 (frag 1/4)
[download]  25.2% of ~  14.75MiB at    1.66MiB/s ETA 00:21 (frag 1/4)
[download]  25.4% of ~  15.12MiB at    1.66MiB/s ETA 00:21 (frag 1/4)
[download]  35.4% of ~  11.20MiB at    1.66MiB/s ETA 00:21 (frag 1/4)
[download]  27.2% of ~  15.50MiB at    1.91MiB/s ETA 00:20 (frag 1/4)
[download]  27.7% of ~  16.12MiB at    1.91MiB/s ETA 00:20 (frag 1/4)
[download]  37.8% of ~  12.45MiB at    1.91MiB/s ETA 00:20 (frag 1/4)
[download]  30.7% of ~  17.00MiB at    2.20MiB/s ETA 00:18 (frag 1/4)
[download]  31.5% of ~  18.12MiB at    2.20MiB/s ETA 00:18 (frag 1/4)
[download]  41.5% of ~  14.95MiB at    2.20MiB/s ETA 00:18 (frag 1/4)
[download]  36.1% of ~  20.00MiB at    2.64MiB/s ETA 00:16 (frag 1/4)
[download]  44.4% of ~  17.95MiB at    2.64MiB/s ETA 00:16 (frag 1/4)
[download]  40.9% of ~  19.48MiB at    2.64MiB/s ETA 00:16 (frag 2/4)
[download]  56.9% of ~  15.76MiB at    2.64MiB/s ETA 00:16 (frag 2/4)
[download]  63.3% of ~  17.02MiB at    3.40MiB/s ETA 00:15 (frag 2/4)
[download]  55.5% of ~  19.40MiB at    3.40MiB/s ETA 00:15 (frag 3/4)
[download]  86.3% of ~  14.61MiB at    4.11MiB/s ETA 00:13 (frag 3/4)
[download]  76.6% of ~  16.46MiB at    4.11MiB/s ETA 00:13 (frag 4/4)
[download] 100% of   12.61MiB in 00:00:02 at 5.73MiB/s
[FixupM3u8] Fixing MPEG-TS in MP4 container of "D:\Ž┬įž\Erotic_Massage_Unboxing_-_1-Hour_Real-World_Test_Princess_Service_Macy_Chan_Erot-oocbhkv3fce.mp4"
[Metadata] Adding metadata to "D:\Ž┬įž\Erotic_Massage_Unboxing_-_1-Hour_Real-World_Test_Princess_Service_Macy_Chan_Erot-oocbhkv3fce.mp4"
