[XVideos] Extracting URL: https://www.xvideos.com/video.opiilfo6668/she_was_really_horny_so_she_had_sex_with_me_during_a_work_zoom_meeting
[XVideos] opiilfo6668: Downloading webpage
[XVideos] opiilfo6668: Downloading m3u8 information
[XVideos] opiilfo6668: Checking hls-480p video format URL
[XVideos] opiilfo6668: Checking hls-1080p video format URL
[XVideos] opiilfo6668: Checking hls-360p video format URL
[info] opiilfo6668: Downloading 1 format(s): hls-1080p
[info] Downloading video thumbnail 1 ...
[info] Writing video thumbnail 1 to: D:\ĎÂÔŘ\She_was_really_horny_so_she_had_sex_with_me_during_a_work_Zoom_meeting-opiilfo6668.avif
[hlsnative] Downloading m3u8 manifest
[hlsnative] Total fragments: 95
[download] Destination: D:\ĎÂÔŘ\She_was_really_horny_so_she_had_sex_with_me_during_a_work_Zoom_meeting-opiilfo6668.mp4
[download]   0.0% of ~ 318.83MiB at    479.25B/s ETA Unknown (frag 0/95)
[download]   0.0% of ~ 318.93MiB at    479.25B/s ETA Unknown (frag 0/95)
[download]   0.0% of ~ 319.11MiB at    479.25B/s ETA Unknown (frag 0/95)
[download]   0.0% of ~ 319.48MiB at    479.25B/s ETA Unknown (frag 0/95)
[download]   0.0% of ~ 320.23MiB at    479.25B/s ETA Unknown (frag 0/95)
[download]   0.0% of ~ 321.71MiB at   23.15KiB/s ETA Unknown (frag 0/95)
[download]   0.0% of ~ 324.68MiB at   54.89KiB/s ETA Unknown (frag 0/95)
[download]   0.1% of ~ 330.62MiB at  106.42KiB/s ETA 24:52 (frag 0/95)
[download]   0.1% of ~ 343.97MiB at  136.68KiB/s ETA 25:13 (frag 0/95)
[download]   0.1% of ~ 344.07MiB at  136.68KiB/s ETA 25:13 (frag 0/95)
[download]   0.1% of ~ 344.25MiB at  136.68KiB/s ETA 25:13 (frag 0/95)
[download]   0.1% of ~ 344.62MiB at  136.68KiB/s ETA 25:13 (frag 0/95)
[download]   0.1% of ~ 343.88MiB at  215.86KiB/s ETA 24:09 (frag 0/95)
[download]   0.1% of ~ 369.11MiB at  268.00KiB/s ETA 23:21 (frag 0/95)
[download]   0.3% of ~ 369.12MiB at  382.18KiB/s ETA 21:59 (frag 0/95)
[download]   0.3% of ~ 418.10MiB at  382.18KiB/s ETA 21:59 (frag 0/95)
[download]   0.3% of ~ 393.92MiB at  447.39KiB/s ETA 20:54 (frag 0/95)
[download]   0.3% of ~ 394.01MiB at  447.39KiB/s ETA 20:54 (frag 0/95)
[download]   0.3% of ~ 394.20MiB at  447.39KiB/s ETA 20:54 (frag 0/95)
[download]   0.3% of ~ 394.57MiB at  447.39KiB/s ETA 20:54 (frag 0/95)
[download]   0.3% of ~ 395.31MiB at  447.39KiB/s ETA 20:54 (frag 0/95)
[download]   0.2% of ~ 447.69MiB at  447.39KiB/s ETA 20:54 (frag 0/95)
[download]   0.2% of ~ 447.78MiB at  447.39KiB/s ETA 20:54 (frag 0/95)
[download]   0.2% of ~ 447.97MiB at  493.02KiB/s ETA 20:05 (frag 0/95)
[download]   0.2% of ~ 448.34MiB at  493.02KiB/s ETA 20:05 (frag 0/95)
[download]   0.3% of ~ 398.19MiB at  493.02KiB/s ETA 20:05 (frag 0/95)
[download]   0.3% of ~ 428.30MiB at  535.20KiB/s ETA 19:13 (frag 0/95)
[download]   0.3% of ~ 457.98MiB at  535.20KiB/s ETA 19:13 (frag 0/95)
[download]   0.3% of ~ 408.58MiB at  570.84KiB/s ETA 18:22 (frag 0/95)
[download]   0.3% of ~ 441.66MiB at  608.41KiB/s ETA 17:36 (frag 0/95)
[download]   0.5% of ~ 452.06MiB at  608.41KiB/s ETA 17:36 (frag 0/95)
[download]   0.4% of ~ 572.28MiB at  608.41KiB/s ETA 17:36 (frag 0/95)
[download]   0.5% of ~ 534.53MiB at  608.41KiB/s ETA 17:36 (frag 0/95)
[download]   0.5% of ~ 534.62MiB at  608.41KiB/s ETA 17:36 (frag 0/95)
[download]   0.5% of ~ 534.80MiB at  608.41KiB/s ETA 17:36 (frag 0/95)
[download]   0.5% of ~ 535.17MiB at  608.41KiB/s ETA 17:36 (frag 0/95)
[download]   0.5% of ~ 535.92MiB at  774.37KiB/s ETA 16:38 (frag 0/95)
[download]   0.7% of ~ 552.90MiB at  774.37KiB/s ETA 16:38 (frag 0/95)
[download]   0.6% of ~ 656.16MiB at  774.37KiB/s ETA 16:38 (frag 0/95)
[download]   0.6% of ~ 693.70MiB at  774.37KiB/s ETA 16:38 (frag 1/95)
[download]   1.1% of ~ 359.46MiB at  774.37KiB/s ETA 16:38 (frag 1/95)
[download]   1.2% of ~ 342.07MiB at    1.04MiB/s ETA 15:18 (frag 1/95)
[download]   1.3% of ~ 338.47MiB at    1.04MiB/s ETA 15:18 (frag 1/95)
[download]   1.2% of ~ 363.92MiB at    1.29MiB/s ETA 14:05 (frag 1/95)
[download]   1.2% of ~ 387.67MiB at    1.29MiB/s ETA 14:05 (frag 1/95)
[download]   1.3% of ~ 373.24MiB at    1.47MiB/s ETA 13:00 (frag 1/95)
[download]   1.2% of ~ 398.89MiB at    1.55MiB/s ETA 12:05 (frag 1/95)
[download]   1.2% of ~ 398.94MiB at    1.55MiB/s ETA 12:05 (frag 1/95)
[download]   1.2% of ~ 399.03MiB at    1.55MiB/s ETA 12:05 (frag 1/95)
[download]   1.2% of ~ 399.21MiB at    1.55MiB/s ETA 12:05 (frag 1/95)
[download]   1.2% of ~ 399.59MiB at    1.55MiB/s ETA 12:05 (frag 1/95)
[download]   1.2% of ~ 400.33MiB at    1.55MiB/s ETA 12:05 (frag 1/95)
[download]   1.2% of ~ 401.81MiB at    1.60MiB/s ETA 11:15 (frag 1/95)
[download]   1.4% of ~ 377.02MiB at    1.60MiB/s ETA 11:15 (frag 1/95)
[download]   1.3% of ~ 426.21MiB at    1.71MiB/s ETA 10:29 (frag 1/95)
[download]   1.3% of ~ 440.41MiB at    1.71MiB/s ETA 10:29 (frag 1/95)
[download]   1.4% of ~ 444.03MiB at    1.95MiB/s ETA 09:44 (frag 1/95)
[download]   1.6% of ~ 442.33MiB at    1.95MiB/s ETA 09:44 (frag 1/95)
[download]   1.4% of ~ 517.59MiB at    1.95MiB/s ETA 09:44 (frag 1/95)
[download]   1.7% of ~ 501.71MiB at    2.35MiB/s ETA 09:00 (frag 1/95)
[download]   1.5% of ~ 553.33MiB at    2.35MiB/s ETA 09:00 (frag 2/95)
[download]   2.1% of ~ 411.30MiB at    2.35MiB/s ETA 09:00 (frag 2/95)
[download]   2.1% of ~ 411.33MiB at    2.35MiB/s ETA 09:00 (frag 2/95)
[download]   2.1% of ~ 411.39MiB at    2.35MiB/s ETA 09:00 (frag 2/95)
[download]   2.1% of ~ 411.52MiB at    2.35MiB/s ETA 09:00 (frag 2/95)
[download]   2.3% of ~ 368.63MiB at    2.35MiB/s ETA 09:00 (frag 2/95)
[download]   2.3% of ~ 368.66MiB at    2.35MiB/s ETA 09:00 (frag 2/95)
[download]   2.3% of ~ 368.72MiB at    2.35MiB/s ETA 09:00 (frag 2/95)
[download]   2.3% of ~ 368.84MiB at    2.35MiB/s ETA 09:00 (frag 2/95)
[download]   2.1% of ~ 412.23MiB at    2.62MiB/s ETA 08:19 (frag 2/95)
[download]   2.3% of ~ 373.70MiB at    2.62MiB/s ETA 08:19 (frag 2/95)
[download]   2.1% of ~ 416.68MiB at    2.62MiB/s ETA 08:19 (frag 2/95)
[download]   2.4% of ~ 384.31MiB at    2.84MiB/s ETA 07:40 (frag 2/95)
[download]   2.5% of ~ 408.06MiB at    3.06MiB/s ETA 07:05 (frag 2/95)
[download]   2.4% of ~ 429.13MiB at    3.06MiB/s ETA 07:05 (frag 2/95)
[download]   2.4% of ~ 429.16MiB at    3.06MiB/s ETA 07:05 (frag 2/95)
[download]   2.4% of ~ 429.22MiB at    3.06MiB/s ETA 07:05 (frag 2/95)
[download]   2.4% of ~ 429.35MiB at    3.06MiB/s ETA 07:05 (frag 2/95)
[download]   2.4% of ~ 422.50MiB at    3.06MiB/s ETA 07:05 (frag 2/95)
[download]   2.4% of ~ 442.23MiB at    3.25MiB/s ETA 06:34 (frag 2/95)
[download]   2.5% of ~ 442.94MiB at    3.37MiB/s ETA 06:06 (frag 2/95)
[download]   2.6% of ~ 428.19MiB at    3.37MiB/s ETA 06:06 (frag 2/95)
[download]   2.6% of ~ 428.22MiB at    3.37MiB/s ETA 06:06 (frag 2/95)
[download]   2.6% of ~ 428.28MiB at    3.37MiB/s ETA 06:06 (frag 2/95)
[download]   2.6% of ~ 428.41MiB at    3.37MiB/s ETA 06:06 (frag 2/95)
[download]   2.6% of ~ 428.65MiB at    3.37MiB/s ETA 06:06 (frag 2/95)
[download]   2.6% of ~ 429.15MiB at    3.37MiB/s ETA 06:06 (frag 2/95)
[download]   2.3% of ~ 488.83MiB at    3.51MiB/s ETA 05:42 (frag 2/95)
[download]   2.4% of ~ 454.77MiB at    3.51MiB/s ETA 05:42 (frag 2/95)
[download]   2.6% of ~ 432.61MiB at    3.51MiB/s ETA 05:42 (frag 2/95)
[download]   2.4% of ~ 457.24MiB at    3.51MiB/s ETA 05:42 (frag 2/95)
[download]   2.5% of ~ 458.23MiB at    3.58MiB/s ETA 05:20 (frag 2/95)
[download]   2.5% of ~ 457.23MiB at    3.58MiB/s ETA 05:20 (frag 2/95)
[download]   2.6% of ~ 447.39MiB at    3.58MiB/s ETA 05:20 (frag 2/95)
[download]   2.6% of ~ 451.35MiB at    3.72MiB/s ETA 04:59 (frag 2/95)
[download]   2.8% of ~ 492.51MiB at    3.72MiB/s ETA 04:59 (frag 2/95)
[download]   2.5% of ~ 543.89MiB at    3.72MiB/s ETA 04:59 (frag 3/95)
[download]   3.4% of ~ 399.97MiB at    3.96MiB/s ETA 04:37 (frag 3/95)
[download]   3.7% of ~ 385.96MiB at    3.96MiB/s ETA 04:37 (frag 3/95)
[download]   3.5% of ~ 409.49MiB at    3.96MiB/s ETA 04:37 (frag 3/95)
[download]   3.6% of ~ 424.66MiB at    4.30MiB/s ETA 04:18 (frag 3/95)
[download]   3.3% of ~ 466.34MiB at    4.30MiB/s ETA 04:18 (frag 3/95)
[download]   3.6% of ~ 444.29MiB at    4.30MiB/s ETA 04:18 (frag 3/95)
[download]   3.6% of ~ 452.24MiB at    4.63MiB/s ETA 04:00 (frag 3/95)
[download]   3.6% of ~ 469.22MiB at    4.93MiB/s ETA 03:44 (frag 3/95)
[download]   3.6% of ~ 475.16MiB at    5.09MiB/s ETA 03:30 (frag 3/95)
[download]   3.5% of ~ 491.59MiB at    5.09MiB/s ETA 03:30 (frag 3/95)
[download]   3.5% of ~ 491.62MiB at    5.09MiB/s ETA 03:30 (frag 3/95)
[download]   3.5% of ~ 491.66MiB at    5.09MiB/s ETA 03:30 (frag 3/95)
[download]   3.5% of ~ 491.76MiB at    5.09MiB/s ETA 03:30 (frag 3/95)
[download]   3.5% of ~ 491.94MiB at    5.09MiB/s ETA 03:30 (frag 3/95)
[download]   3.6% of ~ 482.43MiB at    5.09MiB/s ETA 03:30 (frag 3/95)
[download]   3.5% of ~ 493.80MiB at    5.09MiB/s ETA 03:30 (frag 3/95)
[download]   3.5% of ~ 494.54MiB at    5.20MiB/s ETA 03:18 (frag 3/95)
[download]   3.5% of ~ 496.02MiB at    5.29MiB/s ETA 03:06 (frag 3/95)
[download]   3.7% of ~ 494.43MiB at    5.29MiB/s ETA 03:06 (frag 3/95)
[download]   3.6% of ~ 522.74MiB at    5.47MiB/s ETA 02:56 (frag 3/95)
[download]   3.6% of ~ 528.68MiB at    5.52MiB/s ETA 02:48 (frag 3/95)
[download]   3.5% of ~ 563.02MiB at    5.50MiB/s ETA 02:41 (frag 3/95)
[download]   3.9% of ~ 524.95MiB at    5.53MiB/s ETA 02:34 (frag 3/95)
[download]   3.9% of ~ 563.45MiB at    5.53MiB/s ETA 02:34 (frag 3/95)
[download]   3.9% of ~ 604.28MiB at    5.53MiB/s ETA 02:34 (frag 3/95)
[download]   3.6% of ~ 643.97MiB at    5.53MiB/s ETA 02:34 (frag 4/95)
[download]   4.9% of ~ 507.90MiB at    5.91MiB/s ETA 02:25 (frag 4/95)
[download]   4.6% of ~ 532.37MiB at    5.91MiB/s ETA 02:25 (frag 5/95)
[download]   5.8% of ~ 446.68MiB at    6.26MiB/s ETA 02:17 (frag 5/95)
[download]   5.7% of ~ 455.93MiB at    6.62MiB/s ETA 02:09 (frag 5/95)
[download]   5.9% of ~ 464.08MiB at    6.94MiB/s ETA 02:02 (frag 5/95)
[download]   5.6% of ~ 487.52MiB at    6.94MiB/s ETA 02:02 (frag 6/95)
[download]   6.7% of ~ 416.41MiB at    6.94MiB/s ETA 02:02 (frag 6/95)
[download]   6.9% of ~ 415.24MiB at    6.94MiB/s ETA 02:02 (frag 6/95)
[download]   6.8% of ~ 423.01MiB at    6.94MiB/s ETA 02:02 (frag 7/95)
[download]   7.4% of ~ 385.72MiB at    6.94MiB/s ETA 02:02 (frag 7/95)
[download]   7.4% of ~ 385.73MiB at    6.94MiB/s ETA 02:02 (frag 7/95)
[download]   7.4% of ~ 385.75MiB at    6.94MiB/s ETA 02:02 (frag 7/95)
[download]   7.4% of ~ 385.80MiB at    6.94MiB/s ETA 02:02 (frag 7/95)
[download]   7.4% of ~ 392.32MiB at    6.94MiB/s ETA 02:02 (frag 7/95)
[download]   7.4% of ~ 388.59MiB at    6.94MiB/s ETA 02:02 (frag 7/95)
[download]   7.7% of ~ 380.57MiB at    6.94MiB/s ETA 02:02 (frag 7/95)
[download]   7.6% of ~ 387.88MiB at    6.94MiB/s ETA 02:02 (frag 8/95)
[download]   8.4% of ~ 352.08MiB at    7.32MiB/s ETA 01:53 (frag 8/95)
[download]   8.4% of ~ 352.41MiB at    7.66MiB/s ETA 01:46 (frag 8/95)
[download]   8.4% of ~ 353.07MiB at    7.66MiB/s ETA 01:46 (frag 8/95)
[download]   8.5% of ~ 350.91MiB at    7.84MiB/s ETA 01:39 (frag 8/95)
[download]   8.5% of ~ 350.92MiB at    7.84MiB/s ETA 01:39 (frag 8/95)
[download]   8.5% of ~ 350.94MiB at    7.84MiB/s ETA 01:39 (frag 8/95)
[download]   8.5% of ~ 350.98MiB at    7.84MiB/s ETA 01:39 (frag 8/95)
[download]   8.5% of ~ 351.06MiB at    7.91MiB/s ETA 01:33 (frag 8/95)
[download]   8.5% of ~ 350.61MiB at    7.91MiB/s ETA 01:33 (frag 8/95)
[download]   8.5% of ~ 350.62MiB at    7.91MiB/s ETA 01:33 (frag 8/95)
[download]   8.5% of ~ 350.64MiB at    7.91MiB/s ETA 01:33 (frag 8/95)
[download]   8.5% of ~ 350.68MiB at    7.91MiB/s ETA 01:33 (frag 8/95)
[download]   8.5% of ~ 350.76MiB at    7.91MiB/s ETA 01:33 (frag 8/95)
[download]   8.5% of ~ 350.92MiB at    7.91MiB/s ETA 01:33 (frag 8/95)
[download]   8.6% of ~ 346.69MiB at    7.91MiB/s ETA 01:33 (frag 8/95)
[download]   8.5% of ~ 353.03MiB at    7.93MiB/s ETA 01:28 (frag 8/95)
[download]   8.9% of ~ 337.05MiB at    7.93MiB/s ETA 01:28 (frag 8/95)
[download]   8.5% of ~ 353.37MiB at    7.93MiB/s ETA 01:28 (frag 8/95)
[download]   8.9% of ~ 337.72MiB at    7.93MiB/s ETA 01:28 (frag 8/95)
[download]   8.9% of ~ 337.75MiB at    7.93MiB/s ETA 01:28 (frag 8/95)
[download]   8.5% of ~ 353.47MiB at    7.93MiB/s ETA 01:28 (frag 8/95)
[download]   8.9% of ~ 338.45MiB at    7.93MiB/s ETA 01:28 (frag 8/95)
[download]   8.9% of ~ 338.53MiB at    7.93MiB/s ETA 01:28 (frag 8/95)
[download]   8.9% of ~ 338.69MiB at    7.93MiB/s ETA 01:28 (frag 8/95)
[download]   8.5% of ~ 355.33MiB at    7.76MiB/s ETA 01:23 (frag 8/95)
[download]   8.9% of ~ 340.34MiB at    7.76MiB/s ETA 01:23 (frag 8/95)
[download]   8.5% of ~ 360.79MiB at    7.76MiB/s ETA 01:23 (frag 8/95)
[download]   8.6% of ~ 359.95MiB at    7.76MiB/s ETA 01:23 (frag 8/95)
[download]   8.5% of ~ 361.96MiB at    7.76MiB/s ETA 01:23 (frag 8/95)
[download]   8.9% of ~ 347.60MiB at    7.71MiB/s ETA 01:19 (frag 8/95)
[download]   8.6% of ~ 365.23MiB at    7.71MiB/s ETA 01:19 (frag 8/95)
[download]   8.6% of ~ 369.88MiB at    7.73MiB/s ETA 01:15 (frag 8/95)
[download]   8.6% of ~ 376.62MiB at    7.72MiB/s ETA 01:12 (frag 8/95)
[download]   9.0% of ~ 362.11MiB at    7.63MiB/s ETA 01:09 (frag 8/95)
[download]   8.8% of ~ 381.06MiB at    7.63MiB/s ETA 01:09 (frag 8/95)
[download]   8.5% of ~ 400.80MiB at    7.63MiB/s ETA 01:09 (frag 8/95)
[download]   8.7% of ~ 394.48MiB at    7.63MiB/s ETA 01:09 (frag 8/95)
[download]   8.7% of ~ 400.71MiB at    7.75MiB/s ETA 01:07 (frag 8/95)
[download]   8.8% of ~ 401.42MiB at    7.75MiB/s ETA 01:07 (frag 8/95)
[download]   8.7% of ~ 402.47MiB at    7.75MiB/s ETA 01:07 (frag 8/95)
[download]   8.7% of ~ 402.48MiB at    7.75MiB/s ETA 01:07 (frag 8/95)
[download]   8.7% of ~ 402.50MiB at    7.75MiB/s ETA 01:07 (frag 8/95)
[download]   8.7% of ~ 402.54MiB at    7.75MiB/s ETA 01:07 (frag 8/95)
[download]   8.7% of ~ 402.62MiB at    7.82MiB/s ETA 01:05 (frag 8/95)
[download]   8.7% of ~ 402.78MiB at    7.63MiB/s ETA 01:03 (frag 8/95)
[download]   9.1% of ~ 393.12MiB at    7.63MiB/s ETA 01:03 (frag 8/95)
[download]   8.8% of ~ 408.39MiB at    7.37MiB/s ETA 01:03 (frag 8/95)
[download]   8.8% of ~ 418.84MiB at    7.24MiB/s ETA 01:02 (frag 8/95)
[download]   8.9% of ~ 425.29MiB at    7.24MiB/s ETA 01:02 (frag 8/95)
[download]   8.8% of ~ 430.16MiB at    7.24MiB/s ETA 01:02 (frag 8/95)
[download]   8.6% of ~ 446.98MiB at    7.27MiB/s ETA 01:01 (frag 8/95)
[download]   8.9% of ~ 437.16MiB at    7.32MiB/s ETA 01:00 (frag 8/95)
[download]   8.8% of ~ 444.17MiB at    7.32MiB/s ETA 01:00 (frag 8/95)
[download]   8.9% of ~ 445.40MiB at    7.42MiB/s ETA 00:59 (frag 8/95)
[download]   8.9% of ~ 451.80MiB at    7.42MiB/s ETA 00:59 (frag 8/95)
[download]   8.8% of ~ 458.54MiB at    7.48MiB/s ETA 00:59 (frag 8/95)
[download]   9.0% of ~ 462.05MiB at    7.48MiB/s ETA 00:59 (frag 8/95)
[download]   8.8% of ~ 476.54MiB at    7.48MiB/s ETA 00:59 (frag 9/95)
[download]   9.7% of ~ 430.63MiB at    7.48MiB/s ETA 00:59 (frag 10/95)
[download]  11.3% of ~ 378.13MiB at    7.63MiB/s ETA 00:57 (frag 10/95)
[download]  11.1% of ~ 386.77MiB at    7.63MiB/s ETA 00:57 (frag 10/95)
[download]  11.1% of ~ 386.86MiB at    7.63MiB/s ETA 00:57 (frag 11/95)
[download]  11.7% of ~ 365.09MiB at    7.68MiB/s ETA 00:55 (frag 11/95)
[download]  11.7% of ~ 365.09MiB at    7.68MiB/s ETA 00:55 (frag 11/95)
[download]  11.7% of ~ 365.11MiB at    7.68MiB/s ETA 00:55 (frag 11/95)
[download]  11.7% of ~ 365.14MiB at    7.68MiB/s ETA 00:55 (frag 11/95)
[download]  11.7% of ~ 365.20MiB at    7.68MiB/s ETA 00:55 (frag 11/95)
[download]  11.7% of ~ 365.33MiB at    7.68MiB/s ETA 00:55 (frag 11/95)
[download]  11.7% of ~ 365.57MiB at    7.68MiB/s ETA 00:55 (frag 11/95)
[download]  11.9% of ~ 370.45MiB at    7.68MiB/s ETA 00:55 (frag 11/95)
[download]  11.8% of ~ 375.29MiB at    7.68MiB/s ETA 00:55 (frag 11/95)
[download]  11.8% of ~ 376.28MiB at    7.40MiB/s ETA 00:55 (frag 11/95)
[download]  11.7% of ~ 386.92MiB at    7.40MiB/s ETA 00:55 (frag 11/95)
[download]  11.8% of ~ 382.27MiB at    7.12MiB/s ETA 00:54 (frag 11/95)
[download]  11.8% of ~ 382.28MiB at    7.12MiB/s ETA 00:54 (frag 11/95)
[download]  11.8% of ~ 382.29MiB at    7.12MiB/s ETA 00:54 (frag 11/95)
[download]  11.8% of ~ 382.32MiB at    7.12MiB/s ETA 00:54 (frag 11/95)
[download]  11.8% of ~ 382.38MiB at    6.81MiB/s ETA 00:54 (frag 11/95)
[download]  11.8% of ~ 382.51MiB at    6.81MiB/s ETA 00:54 (frag 11/95)
[download]  12.1% of ~ 381.18MiB at    6.81MiB/s ETA 00:54 (frag 11/95)
[download]  12.1% of ~ 393.36MiB at    6.81MiB/s ETA 00:54 (frag 11/95)
[download]  11.9% of ~ 401.78MiB at    6.81MiB/s ETA 00:54 (frag 11/95)
[download]  11.8% of ~ 407.69MiB at    6.81MiB/s ETA 00:54 (frag 12/95)
[download]  13.0% of ~ 368.41MiB at    6.69MiB/s ETA 00:54 (frag 12/95)
[download]  13.0% of ~ 368.42MiB at    6.69MiB/s ETA 00:54 (frag 12/95)
[download]  12.9% of ~ 375.15MiB at    6.69MiB/s ETA 00:54 (frag 12/95)
[download]  13.0% of ~ 372.09MiB at    6.69MiB/s ETA 00:54 (frag 12/95)
[download]  13.0% of ~ 372.12MiB at    6.69MiB/s ETA 00:54 (frag 12/95)
[download]  13.0% of ~ 372.18MiB at    6.69MiB/s ETA 00:54 (frag 12/95)
[download]  12.9% of ~ 377.72MiB at    6.69MiB/s ETA 00:54 (frag 12/95)
[download]  13.0% of ~ 372.75MiB at    6.69MiB/s ETA 00:54 (frag 12/95)
[download]  13.1% of ~ 372.97MiB at    6.62MiB/s ETA 00:53 (frag 12/95)
[download]  13.1% of ~ 380.14MiB at    6.66MiB/s ETA 00:53 (frag 12/95)
[download]  12.9% of ~ 385.32MiB at    6.66MiB/s ETA 00:53 (frag 12/95)
[download]  12.9% of ~ 385.33MiB at    6.66MiB/s ETA 00:53 (frag 12/95)
[download]  12.9% of ~ 385.34MiB at    6.66MiB/s ETA 00:53 (frag 12/95)
[download]  12.9% of ~ 385.37MiB at    6.66MiB/s ETA 00:53 (frag 12/95)
[download]  12.9% of ~ 385.43MiB at    6.66MiB/s ETA 00:53 (frag 12/95)
[download]  12.9% of ~ 386.39MiB at    6.66MiB/s ETA 00:53 (frag 12/95)
[download]  12.9% of ~ 386.46MiB at    6.67MiB/s ETA 00:53 (frag 12/95)
[download]  13.1% of ~ 382.10MiB at    6.65MiB/s ETA 00:52 (frag 12/95)
[download]  12.9% of ~ 388.44MiB at    6.65MiB/s ETA 00:52 (frag 12/95)
[download]  12.9% of ~ 389.43MiB at    6.65MiB/s ETA 00:52 (frag 12/95)
[download]  13.2% of ~ 389.27MiB at    6.62MiB/s ETA 00:52 (frag 12/95)
[download]  12.9% of ~ 396.28MiB at    6.62MiB/s ETA 00:52 (frag 13/95)
[download]  13.9% of ~ 368.54MiB at    6.62MiB/s ETA 00:52 (frag 13/95)
[download]  14.2% of ~ 371.36MiB at    6.62MiB/s ETA 00:52 (frag 13/95)
[download]  13.9% of ~ 380.40MiB at    6.62MiB/s ETA 00:52 (frag 14/95)
[download]  15.0% of ~ 353.20MiB at    6.62MiB/s ETA 00:52 (frag 14/95)
[download]  15.2% of ~ 350.81MiB at    6.56MiB/s ETA 00:52 (frag 14/95)
[download]  15.1% of ~ 356.36MiB at    6.56MiB/s ETA 00:52 (frag 14/95)
[download]  15.1% of ~ 360.26MiB at    6.56MiB/s ETA 00:52 (frag 14/95)
[download]  14.8% of ~ 371.47MiB at    6.56MiB/s ETA 00:52 (frag 14/95)
[download]  15.1% of ~ 366.93MiB at    6.68MiB/s ETA 00:51 (frag 14/95)
[download]  14.8% of ~ 372.06MiB at    6.68MiB/s ETA 00:51 (frag 14/95)
[download]  14.8% of ~ 372.07MiB at    6.68MiB/s ETA 00:51 (frag 14/95)
[download]  14.8% of ~ 372.08MiB at    6.68MiB/s ETA 00:51 (frag 14/95)
[download]  14.8% of ~ 372.11MiB at    6.68MiB/s ETA 00:51 (frag 14/95)
[download]  14.9% of ~ 372.16MiB at    6.68MiB/s ETA 00:51 (frag 14/95)
[download]  14.9% of ~ 372.25MiB at    6.70MiB/s ETA 00:50 (frag 14/95)
[download]  14.9% of ~ 372.45MiB at    6.70MiB/s ETA 00:50 (frag 14/95)
[download]  14.8% of ~ 374.02MiB at    6.70MiB/s ETA 00:50 (frag 14/95)
[download]  14.8% of ~ 374.03MiB at    6.70MiB/s ETA 00:50 (frag 14/95)
[download]  14.8% of ~ 374.04MiB at    6.70MiB/s ETA 00:50 (frag 14/95)
[download]  14.8% of ~ 374.07MiB at    6.70MiB/s ETA 00:50 (frag 14/95)
[download]  14.8% of ~ 374.12MiB at    6.70MiB/s ETA 00:50 (frag 14/95)
[download]  14.9% of ~ 373.04MiB at    6.79MiB/s ETA 00:50 (frag 14/95)
[download]  14.8% of ~ 375.01MiB at    6.79MiB/s ETA 00:50 (frag 14/95)
[download]  14.8% of ~ 375.20MiB at    6.86MiB/s ETA 00:49 (frag 14/95)
[download]  15.2% of ~ 371.45MiB at    6.92MiB/s ETA 00:49 (frag 14/95)
[download]  14.9% of ~ 380.76MiB at    6.92MiB/s ETA 00:49 (frag 14/95)
[download]  14.9% of ~ 383.52MiB at    6.71MiB/s ETA 00:49 (frag 14/95)
[download]  15.3% of ~ 376.18MiB at    6.71MiB/s ETA 00:49 (frag 14/95)
[download]  15.0% of ~ 386.30MiB at    6.64MiB/s ETA 00:49 (frag 14/95)
[download]  14.9% of ~ 390.64MiB at    6.57MiB/s ETA 00:49 (frag 14/95)
[download]  15.1% of ~ 388.22MiB at    6.50MiB/s ETA 00:50 (frag 14/95)
[download]  14.8% of ~ 399.19MiB at    6.50MiB/s ETA 00:50 (frag 14/95)
[download]  15.2% of ~ 394.54MiB at    6.56MiB/s ETA 00:50 (frag 14/95)
[download]  15.3% of ~ 400.14MiB at    6.49MiB/s ETA 00:50 (frag 14/95)
[download]  15.0% of ~ 406.73MiB at    6.49MiB/s ETA 00:50 (frag 15/95)
[download]  16.4% of ~ 377.59MiB at    6.49MiB/s ETA 00:50 (frag 15/95)
[download]  16.0% of ~ 388.98MiB at    6.39MiB/s ETA 00:50 (frag 15/95)
[download]  16.2% of ~ 390.85MiB at    6.36MiB/s ETA 00:50 (frag 15/95)
[download]  15.9% of ~ 398.70MiB at    6.36MiB/s ETA 00:50 (frag 15/95)
[download]  15.9% of ~ 398.70MiB at    6.36MiB/s ETA 00:50 (frag 15/95)
[download]  15.9% of ~ 398.71MiB at    6.36MiB/s ETA 00:50 (frag 15/95)
[download]  15.9% of ~ 398.74MiB at    6.36MiB/s ETA 00:50 (frag 15/95)
[download]  15.9% of ~ 398.78MiB at    6.36MiB/s ETA 00:50 (frag 15/95)
[download]  15.9% of ~ 398.87MiB at    6.36MiB/s ETA 00:50 (frag 15/95)
[download]  15.9% of ~ 399.06MiB at    6.35MiB/s ETA 00:51 (frag 15/95)
[download]  15.9% of ~ 402.96MiB at    6.32MiB/s ETA 00:51 (frag 15/95)
[download]  15.9% of ~ 402.30MiB at    6.05MiB/s ETA 00:52 (frag 15/95)
[download]  16.1% of ~ 402.23MiB at    6.05MiB/s ETA 00:52 (frag 15/95)
[download]  16.3% of ~ 403.50MiB at    6.05MiB/s ETA 00:52 (frag 15/95)
[download]  16.2% of ~ 407.87MiB at    6.05MiB/s ETA 00:52 (frag 15/95)
[download]  16.0% of ~ 414.45MiB at    6.05MiB/s ETA 00:52 (frag 15/95)
[download]  16.0% of ~ 415.93MiB at    5.95MiB/s ETA 00:53 (frag 15/95)
[download]  15.9% of ~ 422.43MiB at    5.89MiB/s ETA 00:54 (frag 15/95)
[download]  15.8% of ~ 424.57MiB at    5.89MiB/s ETA 00:54 (frag 16/95)
[download]  17.2% of ~ 392.51MiB at    5.89MiB/s ETA 00:54 (frag 16/95)
[download]  17.1% of ~ 394.34MiB at    5.89MiB/s ETA 00:54 (frag 17/95)
[download]  18.5% of ~ 368.51MiB at    5.96MiB/s ETA 00:53 (frag 17/95)
[download]  18.3% of ~ 372.61MiB at    5.96MiB/s ETA 00:53 (frag 18/95)
[download]  19.3% of ~ 358.49MiB at    5.96MiB/s ETA 00:53 (frag 18/95)
[download]  19.1% of ~ 364.30MiB at    5.93MiB/s ETA 00:53 (frag 18/95)
[download]  19.0% of ~ 366.05MiB at    5.93MiB/s ETA 00:53 (frag 19/95)
[download]  20.3% of ~ 343.53MiB at    5.87MiB/s ETA 00:52 (frag 19/95)
[download]  20.3% of ~ 343.53MiB at    5.87MiB/s ETA 00:52 (frag 19/95)
[download]  20.3% of ~ 343.54MiB at    5.87MiB/s ETA 00:52 (frag 19/95)
[download]  20.3% of ~ 343.56MiB at    5.87MiB/s ETA 00:52 (frag 19/95)
[download]  20.1% of ~ 346.12MiB at    5.87MiB/s ETA 00:52 (frag 19/95)
[download]  20.1% of ~ 346.12MiB at    5.87MiB/s ETA 00:52 (frag 19/95)
[download]  20.1% of ~ 346.13MiB at    5.87MiB/s ETA 00:52 (frag 19/95)
[download]  20.3% of ~ 343.63MiB at    5.87MiB/s ETA 00:52 (frag 19/95)
[download]  20.1% of ~ 346.22MiB at    5.87MiB/s ETA 00:52 (frag 19/95)
[download]  20.2% of ~ 349.48MiB at    5.87MiB/s ETA 00:52 (frag 19/95)
[download]  20.2% of ~ 351.01MiB at    5.87MiB/s ETA 00:52 (frag 19/95)
[download]  20.1% of ~ 352.27MiB at    5.87MiB/s ETA 00:52 (frag 19/95)
[download]  20.1% of ~ 352.27MiB at    5.90MiB/s ETA 00:52 (frag 19/95)
[download]  20.1% of ~ 352.28MiB at    5.90MiB/s ETA 00:52 (frag 19/95)
[download]  20.3% of ~ 348.60MiB at    5.90MiB/s ETA 00:52 (frag 19/95)
[download]  20.1% of ~ 352.45MiB at    5.90MiB/s ETA 00:52 (frag 19/95)
[download]  20.2% of ~ 351.30MiB at    5.90MiB/s ETA 00:52 (frag 19/95)
[download]  20.1% of ~ 352.64MiB at    5.90MiB/s ETA 00:52 (frag 19/95)
[download]  20.1% of ~ 352.71MiB at    5.90MiB/s ETA 00:52 (frag 19/95)
[download]  20.3% of ~ 349.16MiB at    5.90MiB/s ETA 00:51 (frag 19/95)
[download]  20.3% of ~ 351.54MiB at    5.90MiB/s ETA 00:51 (frag 19/95)
[download]  20.2% of ~ 353.55MiB at    5.90MiB/s ETA 00:51 (frag 19/95)
[download]  20.1% of ~ 355.04MiB at    5.85MiB/s ETA 00:51 (frag 19/95)
[download]  20.0% of ~ 357.75MiB at    5.77MiB/s ETA 00:51 (frag 19/95)
[download]  20.0% of ~ 357.76MiB at    5.77MiB/s ETA 00:51 (frag 19/95)
[download]  20.0% of ~ 357.77MiB at    5.77MiB/s ETA 00:51 (frag 19/95)
[download]  20.0% of ~ 357.79MiB at    5.77MiB/s ETA 00:51 (frag 19/95)
[download]  20.3% of ~ 351.70MiB at    5.77MiB/s ETA 00:51 (frag 19/95)
[download]  20.0% of ~ 358.42MiB at    5.77MiB/s ETA 00:51 (frag 19/95)
[download]  20.4% of ~ 357.46MiB at    5.77MiB/s ETA 00:51 (frag 19/95)
[download]  20.0% of ~ 365.65MiB at    5.77MiB/s ETA 00:51 (frag 19/95)
[download]  20.2% of ~ 362.19MiB at    5.77MiB/s ETA 00:51 (frag 19/95)
[download]  20.0% of ~ 366.39MiB at    5.77MiB/s ETA 00:51 (frag 19/95)
[download]  20.2% of ~ 364.27MiB at    5.87MiB/s ETA 00:51 (frag 19/95)
[download]  20.0% of ~ 367.28MiB at    5.96MiB/s ETA 00:50 (frag 19/95)
[download]  20.1% of ~ 367.87MiB at    5.96MiB/s ETA 00:50 (frag 19/95)
[download]  20.4% of ~ 362.94MiB at    5.96MiB/s ETA 00:50 (frag 19/95)
[download]  20.3% of ~ 366.64MiB at    6.05MiB/s ETA 00:50 (frag 19/95)
[download]  20.2% of ~ 369.02MiB at    6.06MiB/s ETA 00:50 (frag 19/95)
[download]  20.1% of ~ 372.62MiB at    6.06MiB/s ETA 00:50 (frag 19/95)
[download]  20.2% of ~ 373.97MiB at    6.18MiB/s ETA 00:49 (frag 19/95)
[download]  20.1% of ~ 376.05MiB at    6.18MiB/s ETA 00:49 (frag 20/95)
[download]  21.4% of ~ 355.68MiB at    6.12MiB/s ETA 00:49 (frag 20/95)
[download]  21.6% of ~ 361.02MiB at    6.26MiB/s ETA 00:48 (frag 20/95)
[download]  21.1% of ~ 369.31MiB at    6.26MiB/s ETA 00:48 (frag 21/95)
[download]  22.4% of ~ 349.20MiB at    6.26MiB/s ETA 00:48 (frag 21/95)
[download]  22.2% of ~ 351.77MiB at    6.26MiB/s ETA 00:48 (frag 21/95)
[download]  22.2% of ~ 351.78MiB at    6.26MiB/s ETA 00:48 (frag 21/95)
[download]  22.2% of ~ 351.79MiB at    6.41MiB/s ETA 00:47 (frag 21/95)
[download]  22.2% of ~ 351.80MiB at    6.41MiB/s ETA 00:47 (frag 21/95)
[download]  22.2% of ~ 351.84MiB at    6.41MiB/s ETA 00:47 (frag 21/95)
[download]  22.2% of ~ 351.90MiB at    6.41MiB/s ETA 00:47 (frag 21/95)
[download]  22.2% of ~ 352.04MiB at    6.41MiB/s ETA 00:47 (frag 21/95)
[download]  22.3% of ~ 355.13MiB at    6.41MiB/s ETA 00:47 (frag 21/95)
[download]  22.3% of ~ 355.78MiB at    6.41MiB/s ETA 00:47 (frag 21/95)
[download]  22.3% of ~ 356.11MiB at    6.41MiB/s ETA 00:47 (frag 22/95)
[download]  23.6% of ~ 338.81MiB at    6.41MiB/s ETA 00:47 (frag 22/95)
[download]  23.3% of ~ 343.51MiB at    6.51MiB/s ETA 00:47 (frag 22/95)
[download]  23.3% of ~ 344.03MiB at    6.58MiB/s ETA 00:46 (frag 22/95)
[download]  23.4% of ~ 345.65MiB at    6.58MiB/s ETA 00:46 (frag 22/95)
[download]  23.2% of ~ 347.68MiB at    6.57MiB/s ETA 00:45 (frag 22/95)
[download]  23.2% of ~ 347.69MiB at    6.57MiB/s ETA 00:45 (frag 22/95)
[download]  23.2% of ~ 347.70MiB at    6.57MiB/s ETA 00:45 (frag 22/95)
[download]  23.2% of ~ 347.71MiB at    6.57MiB/s ETA 00:45 (frag 22/95)
[download]  23.2% of ~ 347.74MiB at    6.57MiB/s ETA 00:45 (frag 22/95)
[download]  23.2% of ~ 347.81MiB at    6.57MiB/s ETA 00:45 (frag 22/95)
[download]  23.2% of ~ 347.81MiB at    6.48MiB/s ETA 00:45 (frag 22/95)
[download]  23.2% of ~ 347.82MiB at    6.48MiB/s ETA 00:45 (frag 22/95)
[download]  23.2% of ~ 347.82MiB at    6.48MiB/s ETA 00:45 (frag 22/95)
[download]  23.2% of ~ 347.84MiB at    6.48MiB/s ETA 00:45 (frag 22/95)
[download]  23.4% of ~ 347.44MiB at    6.38MiB/s ETA 00:45 (frag 22/95)
[download]  23.3% of ~ 350.06MiB at    6.38MiB/s ETA 00:45 (frag 22/95)
[download]  23.6% of ~ 349.32MiB at    6.46MiB/s ETA 00:44 (frag 22/95)
[download]  23.3% of ~ 354.33MiB at    6.46MiB/s ETA 00:44 (frag 22/95)
[download]  23.3% of ~ 354.52MiB at    6.44MiB/s ETA 00:44 (frag 22/95)
[download]  23.6% of ~ 354.47MiB at    6.47MiB/s ETA 00:44 (frag 22/95)
[download]  23.7% of ~ 355.97MiB at    6.47MiB/s ETA 00:44 (frag 22/95)
[download]  23.3% of ~ 362.23MiB at    6.49MiB/s ETA 00:44 (frag 22/95)
[download]  23.5% of ~ 362.51MiB at    6.49MiB/s ETA 00:44 (frag 22/95)
[download]  23.7% of ~ 367.38MiB at    6.70MiB/s ETA 00:43 (frag 22/95)
[download]  23.2% of ~ 375.29MiB at    6.70MiB/s ETA 00:43 (frag 23/95)
[download]  24.4% of ~ 357.60MiB at    6.73MiB/s ETA 00:43 (frag 23/95)
[download]  24.3% of ~ 358.47MiB at    6.73MiB/s ETA 00:43 (frag 23/95)
[download]  24.7% of ~ 357.88MiB at    6.76MiB/s ETA 00:42 (frag 23/95)
[download]  24.4% of ~ 362.44MiB at    6.76MiB/s ETA 00:42 (frag 23/95)
[download]  24.4% of ~ 362.45MiB at    6.76MiB/s ETA 00:42 (frag 24/95)
[download]  25.2% of ~ 351.22MiB at    6.76MiB/s ETA 00:42 (frag 24/95)
[download]  25.2% of ~ 351.22MiB at    6.76MiB/s ETA 00:42 (frag 24/95)
[download]  25.2% of ~ 351.23MiB at    6.76MiB/s ETA 00:42 (frag 24/95)
[download]  25.2% of ~ 351.25MiB at    6.76MiB/s ETA 00:42 (frag 24/95)
[download]  25.2% of ~ 351.28MiB at    6.76MiB/s ETA 00:42 (frag 24/95)
[download]  25.2% of ~ 351.34MiB at    6.72MiB/s ETA 00:42 (frag 24/95)
[download]  25.2% of ~ 351.45MiB at    6.72MiB/s ETA 00:42 (frag 24/95)
[download]  25.8% of ~ 346.41MiB at    6.72MiB/s ETA 00:42 (frag 24/95)
[download]  25.6% of ~ 349.24MiB at    6.72MiB/s ETA 00:42 (frag 24/95)
[download]  25.7% of ~ 352.07MiB at    6.72MiB/s ETA 00:42 (frag 24/95)
[download]  25.4% of ~ 356.86MiB at    6.72MiB/s ETA 00:42 (frag 25/95)
[download]  26.6% of ~ 340.81MiB at    6.72MiB/s ETA 00:42 (frag 26/95)
[download]  27.6% of ~ 330.93MiB at    6.72MiB/s ETA 00:42 (frag 26/95)
[download]  27.3% of ~ 335.73MiB at    6.97MiB/s ETA 00:41 (frag 26/95)
[download]  27.3% of ~ 336.17MiB at    7.12MiB/s ETA 00:40 (frag 26/95)
[download]  27.5% of ~ 334.77MiB at    7.12MiB/s ETA 00:40 (frag 26/95)
[download]  27.2% of ~ 337.48MiB at    7.12MiB/s ETA 00:39 (frag 26/95)
[download]  27.2% of ~ 337.48MiB at    7.12MiB/s ETA 00:39 (frag 26/95)
[download]  27.2% of ~ 337.49MiB at    7.12MiB/s ETA 00:39 (frag 26/95)
[download]  27.2% of ~ 337.50MiB at    7.12MiB/s ETA 00:39 (frag 26/95)
[download]  27.2% of ~ 337.53MiB at    7.12MiB/s ETA 00:39 (frag 26/95)
[download]  27.2% of ~ 337.59MiB at    7.12MiB/s ETA 00:39 (frag 26/95)
[download]  27.4% of ~ 337.70MiB at    7.16MiB/s ETA 00:39 (frag 26/95)
[download]  27.3% of ~ 339.46MiB at    7.16MiB/s ETA 00:39 (frag 26/95)
[download]  27.4% of ~ 337.59MiB at    7.16MiB/s ETA 00:39 (frag 26/95)
[download]  27.4% of ~ 337.23MiB at    7.16MiB/s ETA 00:39 (frag 26/95)
[download]  27.4% of ~ 337.59MiB at    7.16MiB/s ETA 00:39 (frag 26/95)
[download]  27.4% of ~ 337.24MiB at    7.16MiB/s ETA 00:39 (frag 26/95)
[download]  27.4% of ~ 337.61MiB at    7.16MiB/s ETA 00:39 (frag 26/95)
[download]  27.4% of ~ 337.26MiB at    7.16MiB/s ETA 00:39 (frag 26/95)
[download]  27.4% of ~ 337.63MiB at    7.16MiB/s ETA 00:39 (frag 26/95)
[download]  27.4% of ~ 337.30MiB at    7.16MiB/s ETA 00:39 (frag 26/95)
[download]  27.4% of ~ 337.33MiB at    7.16MiB/s ETA 00:39 (frag 26/95)
[download]  27.4% of ~ 337.74MiB at    7.16MiB/s ETA 00:39 (frag 26/95)
[download]  27.4% of ~ 337.80MiB at    7.16MiB/s ETA 00:39 (frag 26/95)
[download]  27.4% of ~ 337.55MiB at    7.16MiB/s ETA 00:39 (frag 26/95)
[download]  27.4% of ~ 338.02MiB at    7.16MiB/s ETA 00:39 (frag 26/95)
[download]  27.5% of ~ 337.88MiB at    7.18MiB/s ETA 00:38 (frag 26/95)
[download]  27.7% of ~ 338.41MiB at    7.27MiB/s ETA 00:38 (frag 26/95)
[download]  27.4% of ~ 341.86MiB at    7.27MiB/s ETA 00:38 (frag 27/95)
[download]  28.5% of ~ 329.52MiB at    7.27MiB/s ETA 00:38 (frag 27/95)
[download]  28.3% of ~ 332.56MiB at    7.27MiB/s ETA 00:38 (frag 27/95)
[download]  28.5% of ~ 330.62MiB at    7.27MiB/s ETA 00:38 (frag 27/95)
[download]  28.5% of ~ 331.39MiB at    7.27MiB/s ETA 00:38 (frag 27/95)
[download]  28.6% of ~ 333.84MiB at    7.32MiB/s ETA 00:37 (frag 27/95)
[download]  28.4% of ~ 337.23MiB at    7.32MiB/s ETA 00:37 (frag 27/95)
[download]  28.6% of ~ 335.71MiB at    7.41MiB/s ETA 00:36 (frag 27/95)
[download]  28.5% of ~ 336.91MiB at    7.45MiB/s ETA 00:36 (frag 27/95)
[download]  28.6% of ~ 337.68MiB at    7.45MiB/s ETA 00:36 (frag 27/95)
[download]  28.4% of ~ 340.20MiB at    7.45MiB/s ETA 00:36 (frag 27/95)
[download]  28.4% of ~ 340.20MiB at    7.45MiB/s ETA 00:36 (frag 27/95)
[download]  28.4% of ~ 340.21MiB at    7.46MiB/s ETA 00:35 (frag 27/95)
[download]  28.4% of ~ 340.22MiB at    7.46MiB/s ETA 00:35 (frag 27/95)
[download]  28.4% of ~ 340.25MiB at    7.46MiB/s ETA 00:35 (frag 27/95)
[download]  28.4% of ~ 340.30MiB at    7.46MiB/s ETA 00:35 (frag 27/95)
[download]  28.4% of ~ 340.41MiB at    7.46MiB/s ETA 00:35 (frag 27/95)
[download]  28.6% of ~ 339.53MiB at    7.46MiB/s ETA 00:35 (frag 27/95)
[download]  28.4% of ~ 342.32MiB at    7.46MiB/s ETA 00:35 (frag 27/95)
[download]  28.6% of ~ 341.48MiB at    7.46MiB/s ETA 00:35 (frag 27/95)
[download]  28.5% of ~ 345.54MiB at    7.70MiB/s ETA 00:35 (frag 27/95)
[download]  28.6% of ~ 345.22MiB at    7.70MiB/s ETA 00:35 (frag 27/95)
[download]  28.5% of ~ 347.83MiB at    7.70MiB/s ETA 00:35 (frag 27/95)
[download]  28.9% of ~ 349.78MiB at    8.08MiB/s ETA 00:34 (frag 27/95)
[download]  28.4% of ~ 356.57MiB at    8.08MiB/s ETA 00:34 (frag 27/95)
[download]  28.3% of ~ 356.62MiB at    8.08MiB/s ETA 00:34 (frag 28/95)
[download]  29.6% of ~ 343.25MiB at    8.28MiB/s ETA 00:33 (frag 28/95)
[download]  29.8% of ~ 343.83MiB at    8.28MiB/s ETA 00:33 (frag 28/95)
[download]  29.8% of ~ 347.28MiB at    8.56MiB/s ETA 00:32 (frag 28/95)
[download]  29.6% of ~ 350.31MiB at    8.54MiB/s ETA 00:32 (frag 28/95)
[download]  29.6% of ~ 350.32MiB at    8.54MiB/s ETA 00:32 (frag 28/95)
[download]  29.6% of ~ 350.32MiB at    8.54MiB/s ETA 00:32 (frag 28/95)
[download]  29.6% of ~ 350.34MiB at    8.54MiB/s ETA 00:32 (frag 28/95)
[download]  29.6% of ~ 350.36MiB at    8.54MiB/s ETA 00:32 (frag 28/95)
[download]  29.6% of ~ 350.41MiB at    8.54MiB/s ETA 00:32 (frag 28/95)
[download]  29.6% of ~ 350.52MiB at    8.54MiB/s ETA 00:32 (frag 28/95)
[download]  29.9% of ~ 350.63MiB at    8.54MiB/s ETA 00:32 (frag 28/95)
[download]  30.0% of ~ 353.91MiB at    8.63MiB/s ETA 00:32 (frag 28/95)
[download]  29.6% of ~ 358.22MiB at    8.63MiB/s ETA 00:32 (frag 29/95)
[download]  30.8% of ~ 347.45MiB at    8.63MiB/s ETA 00:32 (frag 29/95)
[download]  30.7% of ~ 349.53MiB at    8.76MiB/s ETA 00:31 (frag 29/95)
[download]  31.0% of ~ 350.00MiB at    9.04MiB/s ETA 00:30 (frag 29/95)
[download]  30.6% of ~ 354.32MiB at    9.04MiB/s ETA 00:30 (frag 30/95)
[download]  31.7% of ~ 342.82MiB at    9.04MiB/s ETA 00:30 (frag 30/95)
[download]  31.8% of ~ 343.75MiB at    9.18MiB/s ETA 00:30 (frag 30/95)
[download]  32.1% of ~ 345.27MiB at    9.48MiB/s ETA 00:29 (frag 30/95)
[download]  31.7% of ~ 349.61MiB at    9.48MiB/s ETA 00:29 (frag 31/95)
[download]  32.6% of ~ 339.59MiB at    9.48MiB/s ETA 00:29 (frag 31/95)
[download]  32.6% of ~ 339.59MiB at    9.48MiB/s ETA 00:29 (frag 31/95)
[download]  32.6% of ~ 339.60MiB at    9.48MiB/s ETA 00:29 (frag 31/95)
[download]  32.6% of ~ 339.61MiB at    9.48MiB/s ETA 00:29 (frag 31/95)
[download]  32.6% of ~ 339.64MiB at    9.48MiB/s ETA 00:29 (frag 31/95)
[download]  32.8% of ~ 338.56MiB at    9.48MiB/s ETA 00:29 (frag 31/95)
[download]  32.8% of ~ 342.03MiB at    9.48MiB/s ETA 00:29 (frag 31/95)
[download]  32.6% of ~ 344.05MiB at    9.48MiB/s ETA 00:29 (frag 31/95)
[download]  32.6% of ~ 344.05MiB at    9.48MiB/s ETA 00:29 (frag 31/95)
[download]  32.6% of ~ 344.06MiB at    9.48MiB/s ETA 00:29 (frag 31/95)
[download]  32.6% of ~ 344.07MiB at    9.48MiB/s ETA 00:29 (frag 31/95)
[download]  32.6% of ~ 344.09MiB at    9.48MiB/s ETA 00:29 (frag 31/95)
[download]  32.6% of ~ 344.14MiB at    9.48MiB/s ETA 00:29 (frag 31/95)
[download]  32.6% of ~ 344.32MiB at    9.78MiB/s ETA 00:28 (frag 31/95)
[download]  32.6% of ~ 344.41MiB at    9.78MiB/s ETA 00:28 (frag 31/95)
[download]  32.6% of ~ 344.60MiB at    9.78MiB/s ETA 00:28 (frag 31/95)
[download]  32.7% of ~ 344.97MiB at    9.93MiB/s ETA 00:28 (frag 31/95)
[download]  32.6% of ~ 345.62MiB at    9.93MiB/s ETA 00:28 (frag 31/95)
[download]  33.1% of ~ 345.79MiB at    9.93MiB/s ETA 00:28 (frag 31/95)
[download]  32.6% of ~ 350.81MiB at    9.93MiB/s ETA 00:28 (frag 32/95)
[download]  33.7% of ~ 340.19MiB at    9.93MiB/s ETA 00:28 (frag 32/95)
[download]  33.8% of ~ 340.63MiB at   10.24MiB/s ETA 00:27 (frag 32/95)
[download]  34.0% of ~ 340.98MiB at   10.24MiB/s ETA 00:27 (frag 32/95)
[download]  33.7% of ~ 344.87MiB at   10.24MiB/s ETA 00:27 (frag 32/95)
[download]  34.2% of ~ 344.58MiB at   10.58MiB/s ETA 00:26 (frag 32/95)
[download]  33.8% of ~ 348.45MiB at   10.58MiB/s ETA 00:26 (frag 33/95)
[download]  34.9% of ~ 340.07MiB at   10.58MiB/s ETA 00:26 (frag 33/95)
[download]  34.7% of ~ 341.81MiB at   10.58MiB/s ETA 00:26 (frag 33/95)
[download]  34.7% of ~ 341.81MiB at   10.58MiB/s ETA 00:26 (frag 33/95)
[download]  34.7% of ~ 341.82MiB at   10.58MiB/s ETA 00:26 (frag 33/95)
[download]  34.9% of ~ 342.08MiB at   10.58MiB/s ETA 00:26 (frag 33/95)
[download]  34.7% of ~ 343.23MiB at   10.58MiB/s ETA 00:26 (frag 33/95)
[download]  34.7% of ~ 343.25MiB at   10.58MiB/s ETA 00:26 (frag 33/95)
[download]  34.7% of ~ 343.29MiB at   10.58MiB/s ETA 00:26 (frag 33/95)
[download]  34.8% of ~ 343.38MiB at   10.58MiB/s ETA 00:26 (frag 33/95)
[download]  35.0% of ~ 343.89MiB at   11.08MiB/s ETA 00:25 (frag 33/95)
[download]  34.8% of ~ 346.35MiB at   11.08MiB/s ETA 00:25 (frag 33/95)
[download]  34.7% of ~ 347.28MiB at   11.08MiB/s ETA 00:25 (frag 33/95)
[download]  34.7% of ~ 347.28MiB at   11.08MiB/s ETA 00:25 (frag 33/95)
[download]  34.7% of ~ 347.28MiB at   11.08MiB/s ETA 00:25 (frag 33/95)
[download]  34.7% of ~ 347.29MiB at   11.08MiB/s ETA 00:25 (frag 33/95)
[download]  34.7% of ~ 347.32MiB at   11.27MiB/s ETA 00:25 (frag 33/95)
[download]  34.9% of ~ 346.20MiB at   11.27MiB/s ETA 00:25 (frag 33/95)
[download]  34.6% of ~ 349.86MiB at   11.36MiB/s ETA 00:24 (frag 33/95)
[download]  34.6% of ~ 349.86MiB at   11.36MiB/s ETA 00:24 (frag 33/95)
[download]  34.6% of ~ 349.86MiB at   11.36MiB/s ETA 00:24 (frag 33/95)
[download]  34.6% of ~ 349.88MiB at   11.36MiB/s ETA 00:24 (frag 33/95)
[download]  34.6% of ~ 349.90MiB at   11.36MiB/s ETA 00:24 (frag 33/95)
[download]  34.6% of ~ 349.94MiB at   11.36MiB/s ETA 00:24 (frag 33/95)
[download]  35.0% of ~ 348.52MiB at   11.39MiB/s ETA 00:24 (frag 33/95)
[download]  34.6% of ~ 352.82MiB at   11.34MiB/s ETA 00:23 (frag 33/95)
[download]  34.8% of ~ 351.24MiB at   11.02MiB/s ETA 00:23 (frag 33/95)
[download]  34.7% of ~ 352.52MiB at   11.02MiB/s ETA 00:23 (frag 33/95)
[download]  34.6% of ~ 353.78MiB at   11.02MiB/s ETA 00:23 (frag 33/95)
[download]  34.7% of ~ 354.13MiB at   10.83MiB/s ETA 00:23 (frag 33/95)
[download]  34.9% of ~ 353.07MiB at   10.83MiB/s ETA 00:23 (frag 33/95)
[download]  35.2% of ~ 354.63MiB at   10.83MiB/s ETA 00:23 (frag 33/95)
[download]  34.8% of ~ 359.44MiB at   10.83MiB/s ETA 00:23 (frag 34/95)
[download]  36.3% of ~ 349.09MiB at   11.03MiB/s ETA 00:23 (frag 34/95)
[download]  35.8% of ~ 353.69MiB at   11.03MiB/s ETA 00:23 (frag 35/95)
[download]  37.0% of ~ 344.70MiB at   11.03MiB/s ETA 00:23 (frag 35/95)
[download]  36.7% of ~ 347.29MiB at   11.03MiB/s ETA 00:23 (frag 36/95)
[download]  37.8% of ~ 338.47MiB at   11.23MiB/s ETA 00:22 (frag 36/95)
[download]  38.1% of ~ 338.14MiB at   11.23MiB/s ETA 00:22 (frag 36/95)
[download]  37.8% of ~ 340.92MiB at   11.26MiB/s ETA 00:22 (frag 36/95)
[download]  38.0% of ~ 339.90MiB at   11.26MiB/s ETA 00:22 (frag 36/95)
[download]  38.0% of ~ 339.90MiB at   11.26MiB/s ETA 00:22 (frag 36/95)
[download]  38.0% of ~ 339.90MiB at   11.26MiB/s ETA 00:22 (frag 36/95)
[download]  38.0% of ~ 339.91MiB at   11.26MiB/s ETA 00:22 (frag 36/95)
[download]  38.0% of ~ 339.93MiB at   11.26MiB/s ETA 00:22 (frag 36/95)
[download]  38.0% of ~ 339.97MiB at   11.26MiB/s ETA 00:22 (frag 36/95)
[download]  37.9% of ~ 340.97MiB at   11.29MiB/s ETA 00:21 (frag 36/95)
[download]  37.9% of ~ 340.97MiB at   11.29MiB/s ETA 00:21 (frag 36/95)
[download]  37.9% of ~ 340.98MiB at   11.29MiB/s ETA 00:21 (frag 36/95)
[download]  37.9% of ~ 340.99MiB at   11.29MiB/s ETA 00:21 (frag 36/95)
[download]  37.9% of ~ 341.01MiB at   11.29MiB/s ETA 00:21 (frag 36/95)
[download]  38.0% of ~ 342.39MiB at   11.29MiB/s ETA 00:21 (frag 36/95)
[download]  38.0% of ~ 342.54MiB at   11.34MiB/s ETA 00:21 (frag 36/95)
[download]  38.0% of ~ 342.54MiB at   11.34MiB/s ETA 00:21 (frag 36/95)
[download]  38.0% of ~ 342.55MiB at   11.34MiB/s ETA 00:21 (frag 36/95)
[download]  38.0% of ~ 342.56MiB at   11.34MiB/s ETA 00:21 (frag 36/95)
[download]  38.0% of ~ 342.58MiB at   11.34MiB/s ETA 00:21 (frag 36/95)
[download]  38.0% of ~ 342.62MiB at   11.34MiB/s ETA 00:21 (frag 36/95)
[download]  38.0% of ~ 342.70MiB at   11.34MiB/s ETA 00:21 (frag 36/95)
[download]  38.1% of ~ 343.14MiB at   11.34MiB/s ETA 00:21 (frag 36/95)
[download]  38.0% of ~ 344.38MiB at   11.34MiB/s ETA 00:21 (frag 36/95)
[download]  38.4% of ~ 345.18MiB at   11.34MiB/s ETA 00:21 (frag 36/95)
[download]  37.9% of ~ 349.94MiB at   11.34MiB/s ETA 00:21 (frag 36/95)
[download]  37.9% of ~ 350.02MiB at   11.34MiB/s ETA 00:21 (frag 36/95)
[download]  37.9% of ~ 349.92MiB at   11.34MiB/s ETA 00:21 (frag 36/95)
[download]  37.9% of ~ 350.02MiB at   11.34MiB/s ETA 00:21 (frag 37/95)
[download]  39.1% of ~ 340.03MiB at   11.34MiB/s ETA 00:21 (frag 37/95)
[download]  39.0% of ~ 341.38MiB at   11.63MiB/s ETA 00:21 (frag 37/95)
[download]  39.3% of ~ 343.01MiB at   11.63MiB/s ETA 00:21 (frag 37/95)
[download]  39.1% of ~ 345.81MiB at   11.63MiB/s ETA 00:21 (frag 37/95)
[download]  39.1% of ~ 346.12MiB at   11.63MiB/s ETA 00:21 (frag 37/95)
[download]  38.9% of ~ 348.95MiB at   11.63MiB/s ETA 00:21 (frag 37/95)
[download]  39.1% of ~ 347.17MiB at   11.63MiB/s ETA 00:21 (frag 37/95)
[download]  38.8% of ~ 350.15MiB at   11.63MiB/s ETA 00:21 (frag 38/95)
[download]  40.0% of ~ 339.89MiB at   12.04MiB/s ETA 00:20 (frag 38/95)
[download]  40.0% of ~ 340.76MiB at   12.04MiB/s ETA 00:20 (frag 38/95)
[download]  40.2% of ~ 339.94MiB at   12.04MiB/s ETA 00:20 (frag 38/95)
[download]  40.2% of ~ 341.01MiB at   12.08MiB/s ETA 00:20 (frag 38/95)
[download]  40.0% of ~ 342.71MiB at   12.08MiB/s ETA 00:20 (frag 38/95)
[download]  40.0% of ~ 342.71MiB at   12.08MiB/s ETA 00:20 (frag 38/95)
[download]  40.0% of ~ 342.71MiB at   12.08MiB/s ETA 00:20 (frag 38/95)
[download]  40.0% of ~ 342.72MiB at   12.08MiB/s ETA 00:20 (frag 38/95)
[download]  40.0% of ~ 342.74MiB at   12.08MiB/s ETA 00:20 (frag 38/95)
[download]  40.0% of ~ 342.78MiB at   12.08MiB/s ETA 00:20 (frag 38/95)
[download]  40.1% of ~ 343.39MiB at   12.08MiB/s ETA 00:20 (frag 38/95)
[download]  40.1% of ~ 344.07MiB at   12.18MiB/s ETA 00:19 (frag 38/95)
[download]  40.0% of ~ 344.41MiB at   12.18MiB/s ETA 00:19 (frag 38/95)
[download]  40.0% of ~ 344.41MiB at   12.18MiB/s ETA 00:19 (frag 38/95)
[download]  40.0% of ~ 344.41MiB at   12.18MiB/s ETA 00:19 (frag 38/95)
[download]  40.0% of ~ 344.42MiB at   12.18MiB/s ETA 00:19 (frag 38/95)
[download]  40.0% of ~ 344.44MiB at   12.18MiB/s ETA 00:19 (frag 38/95)
[download]  40.0% of ~ 344.48MiB at   12.18MiB/s ETA 00:19 (frag 38/95)
[download]  40.1% of ~ 344.38MiB at   12.18MiB/s ETA 00:19 (frag 38/95)
[download]  40.0% of ~ 344.86MiB at   12.18MiB/s ETA 00:19 (frag 38/95)
[download]  40.0% of ~ 345.62MiB at   12.05MiB/s ETA 00:19 (frag 38/95)
[download]  40.1% of ~ 345.44MiB at   12.05MiB/s ETA 00:19 (frag 38/95)
[download]  40.2% of ~ 345.83MiB at   12.10MiB/s ETA 00:19 (frag 38/95)
[download]  40.1% of ~ 347.50MiB at   12.10MiB/s ETA 00:19 (frag 38/95)
[download]  40.1% of ~ 347.80MiB at   12.10MiB/s ETA 00:19 (frag 38/95)
[download]  40.2% of ~ 348.23MiB at   12.11MiB/s ETA 00:19 (frag 38/95)
[download]  40.4% of ~ 349.12MiB at   11.86MiB/s ETA 00:19 (frag 38/95)
[download]  40.3% of ~ 352.42MiB at   11.86MiB/s ETA 00:19 (frag 38/95)
[download]  40.1% of ~ 355.11MiB at   11.86MiB/s ETA 00:19 (frag 38/95)
[download]  40.4% of ~ 355.06MiB at   11.86MiB/s ETA 00:19 (frag 38/95)
[download]  40.2% of ~ 358.16MiB at   11.88MiB/s ETA 00:18 (frag 38/95)
[download]  40.4% of ~ 359.19MiB at   11.88MiB/s ETA 00:18 (frag 38/95)
[download]  40.5% of ~ 361.30MiB at   11.88MiB/s ETA 00:18 (frag 38/95)
[download]  40.1% of ~ 364.59MiB at   11.88MiB/s ETA 00:18 (frag 39/95)
[download]  41.4% of ~ 355.97MiB at   11.88MiB/s ETA 00:18 (frag 39/95)
[download]  41.3% of ~ 358.94MiB at   12.08MiB/s ETA 00:18 (frag 39/95)
[download]  41.6% of ~ 361.07MiB at   12.08MiB/s ETA 00:18 (frag 39/95)
[download]  41.1% of ~ 365.12MiB at   12.08MiB/s ETA 00:18 (frag 40/95)
[download]  42.3% of ~ 355.50MiB at   12.08MiB/s ETA 00:18 (frag 40/95)
[download]  42.2% of ~ 356.55MiB at   12.30MiB/s ETA 00:18 (frag 41/95)
[download]  43.6% of ~ 348.43MiB at   12.30MiB/s ETA 00:18 (frag 41/95)
[download]  43.2% of ~ 351.96MiB at   12.30MiB/s ETA 00:18 (frag 42/95)
[download]  44.7% of ~ 343.61MiB at   12.77MiB/s ETA 00:17 (frag 42/95)
[download]  44.3% of ~ 346.89MiB at   12.77MiB/s ETA 00:17 (frag 43/95)
[download]  45.7% of ~ 338.58MiB at   12.77MiB/s ETA 00:17 (frag 43/95)
[download]  45.4% of ~ 341.37MiB at   12.77MiB/s ETA 00:17 (frag 44/95)
[download]  46.2% of ~ 334.78MiB at   13.06MiB/s ETA 00:17 (frag 44/95)
[download]  46.2% of ~ 334.78MiB at   13.06MiB/s ETA 00:17 (frag 44/95)
[download]  46.2% of ~ 334.79MiB at   13.06MiB/s ETA 00:17 (frag 44/95)
[download]  46.2% of ~ 334.79MiB at   13.06MiB/s ETA 00:17 (frag 44/95)
[download]  46.2% of ~ 334.81MiB at   13.06MiB/s ETA 00:17 (frag 44/95)
[download]  46.3% of ~ 334.84MiB at   13.06MiB/s ETA 00:17 (frag 44/95)
[download]  46.3% of ~ 334.91MiB at   13.06MiB/s ETA 00:17 (frag 44/95)
[download]  46.4% of ~ 333.66MiB at   13.13MiB/s ETA 00:17 (frag 44/95)
[download]  46.4% of ~ 333.66MiB at   13.13MiB/s ETA 00:17 (frag 44/95)
[download]  46.4% of ~ 333.66MiB at   13.13MiB/s ETA 00:17 (frag 44/95)
[download]  46.4% of ~ 333.67MiB at   13.13MiB/s ETA 00:17 (frag 44/95)
[download]  46.4% of ~ 333.69MiB at   13.13MiB/s ETA 00:17 (frag 44/95)
[download]  46.4% of ~ 333.72MiB at   13.13MiB/s ETA 00:17 (frag 44/95)
[download]  46.5% of ~ 333.79MiB at   13.13MiB/s ETA 00:17 (frag 44/95)
[download]  46.3% of ~ 335.30MiB at   13.13MiB/s ETA 00:17 (frag 44/95)
[download]  46.4% of ~ 334.24MiB at   13.13MiB/s ETA 00:17 (frag 44/95)
[download]  46.4% of ~ 334.25MiB at   13.13MiB/s ETA 00:17 (frag 44/95)
[download]  46.4% of ~ 334.25MiB at   13.13MiB/s ETA 00:17 (frag 44/95)
[download]  46.4% of ~ 334.26MiB at   13.13MiB/s ETA 00:17 (frag 44/95)
[download]  46.4% of ~ 334.27MiB at   13.06MiB/s ETA 00:16 (frag 44/95)
[download]  46.5% of ~ 333.98MiB at   13.06MiB/s ETA 00:16 (frag 44/95)
[download]  46.5% of ~ 333.99MiB at   13.06MiB/s ETA 00:16 (frag 44/95)
[download]  46.5% of ~ 333.99MiB at   13.06MiB/s ETA 00:16 (frag 44/95)
[download]  46.5% of ~ 334.00MiB at   13.06MiB/s ETA 00:16 (frag 44/95)
[download]  46.5% of ~ 334.01MiB at   13.06MiB/s ETA 00:16 (frag 44/95)
[download]  46.5% of ~ 334.05MiB at   13.06MiB/s ETA 00:16 (frag 44/95)
[download]  46.5% of ~ 334.11MiB at   13.06MiB/s ETA 00:16 (frag 44/95)
[download]  46.4% of ~ 334.57MiB at   13.06MiB/s ETA 00:16 (frag 44/95)
[download]  46.5% of ~ 334.31MiB at   13.06MiB/s ETA 00:16 (frag 44/95)
[download]  46.8% of ~ 336.32MiB at   13.06MiB/s ETA 00:16 (frag 44/95)
[download]  46.2% of ~ 340.15MiB at   13.06MiB/s ETA 00:16 (frag 45/95)
[download]  47.4% of ~ 331.68MiB at   13.06MiB/s ETA 00:16 (frag 45/95)
[download]  47.4% of ~ 331.68MiB at   13.06MiB/s ETA 00:16 (frag 45/95)
[download]  47.4% of ~ 331.69MiB at   13.06MiB/s ETA 00:16 (frag 45/95)
[download]  47.4% of ~ 331.70MiB at   13.06MiB/s ETA 00:16 (frag 45/95)
[download]  47.4% of ~ 331.71MiB at   13.06MiB/s ETA 00:16 (frag 45/95)
[download]  47.4% of ~ 331.74MiB at   13.06MiB/s ETA 00:16 (frag 45/95)
[download]  47.4% of ~ 331.81MiB at   13.16MiB/s ETA 00:16 (frag 45/95)
[download]  47.5% of ~ 331.61MiB at   13.16MiB/s ETA 00:16 (frag 45/95)
[download]  47.5% of ~ 331.68MiB at   13.16MiB/s ETA 00:16 (frag 45/95)
[download]  47.4% of ~ 333.30MiB at   13.16MiB/s ETA 00:16 (frag 45/95)
[download]  47.6% of ~ 332.20MiB at   13.25MiB/s ETA 00:16 (frag 45/95)
[download]  47.5% of ~ 333.36MiB at   13.25MiB/s ETA 00:16 (frag 45/95)
[download]  47.5% of ~ 333.29MiB at   13.08MiB/s ETA 00:15 (frag 45/95)
[download]  47.4% of ~ 333.98MiB at   13.08MiB/s ETA 00:15 (frag 45/95)
[download]  47.4% of ~ 333.98MiB at   13.08MiB/s ETA 00:15 (frag 45/95)
[download]  47.4% of ~ 333.99MiB at   13.08MiB/s ETA 00:15 (frag 45/95)
[download]  47.4% of ~ 333.99MiB at   13.08MiB/s ETA 00:15 (frag 45/95)
[download]  47.7% of ~ 333.26MiB at   13.08MiB/s ETA 00:15 (frag 45/95)
[download]  47.5% of ~ 335.91MiB at   13.00MiB/s ETA 00:15 (frag 45/95)
[download]  47.5% of ~ 335.97MiB at   13.00MiB/s ETA 00:15 (frag 45/95)
[download]  47.6% of ~ 336.10MiB at   13.00MiB/s ETA 00:15 (frag 45/95)
[download]  47.4% of ~ 337.11MiB at   12.92MiB/s ETA 00:15 (frag 45/95)
[download]  47.6% of ~ 336.65MiB at   12.92MiB/s ETA 00:15 (frag 45/95)
[download]  47.6% of ~ 337.74MiB at   12.92MiB/s ETA 00:15 (frag 45/95)
[download]  47.6% of ~ 338.58MiB at   13.03MiB/s ETA 00:15 (frag 45/95)
[download]  47.4% of ~ 339.72MiB at   13.03MiB/s ETA 00:15 (frag 45/95)
[download]  47.4% of ~ 339.77MiB at   12.65MiB/s ETA 00:15 (frag 45/95)
[download]  47.4% of ~ 339.77MiB at   12.65MiB/s ETA 00:15 (frag 45/95)
[download]  47.4% of ~ 339.77MiB at   12.65MiB/s ETA 00:15 (frag 45/95)
[download]  47.4% of ~ 339.78MiB at   12.65MiB/s ETA 00:15 (frag 45/95)
[download]  47.4% of ~ 339.80MiB at   12.65MiB/s ETA 00:15 (frag 45/95)
[download]  47.4% of ~ 339.83MiB at   12.65MiB/s ETA 00:15 (frag 45/95)
[download]  47.5% of ~ 339.89MiB at   12.65MiB/s ETA 00:15 (frag 45/95)
[download]  47.5% of ~ 340.02MiB at   12.65MiB/s ETA 00:15 (frag 45/95)
[download]  47.6% of ~ 341.16MiB at   12.65MiB/s ETA 00:15 (frag 45/95)
[download]  47.8% of ~ 341.62MiB at   12.65MiB/s ETA 00:15 (frag 45/95)
[download]  47.8% of ~ 343.68MiB at   12.62MiB/s ETA 00:15 (frag 45/95)
[download]  47.6% of ~ 345.71MiB at   12.62MiB/s ETA 00:15 (frag 46/95)
[download]  48.6% of ~ 339.07MiB at   12.62MiB/s ETA 00:15 (frag 46/95)
[download]  48.8% of ~ 339.49MiB at   12.63MiB/s ETA 00:14 (frag 46/95)
[download]  48.9% of ~ 342.46MiB at   12.63MiB/s ETA 00:14 (frag 46/95)
[download]  48.4% of ~ 346.02MiB at   12.63MiB/s ETA 00:14 (frag 47/95)
[download]  49.7% of ~ 337.57MiB at   12.63MiB/s ETA 00:14 (frag 47/95)
[download]  49.6% of ~ 338.97MiB at   12.63MiB/s ETA 00:14 (frag 47/95)
[download]  49.7% of ~ 339.08MiB at   12.63MiB/s ETA 00:14 (frag 47/95)
[download]  49.9% of ~ 339.62MiB at   12.97MiB/s ETA 00:14 (frag 47/95)
[download]  49.9% of ~ 341.97MiB at   12.97MiB/s ETA 00:14 (frag 47/95)
[download]  49.6% of ~ 344.52MiB at   12.97MiB/s ETA 00:14 (frag 48/95)
[download]  50.7% of ~ 336.66MiB at   13.28MiB/s ETA 00:14 (frag 48/95)
[download]  50.7% of ~ 336.66MiB at   13.28MiB/s ETA 00:14 (frag 48/95)
[download]  50.7% of ~ 336.67MiB at   13.28MiB/s ETA 00:14 (frag 48/95)
[download]  50.7% of ~ 336.67MiB at   13.28MiB/s ETA 00:14 (frag 48/95)
[download]  50.7% of ~ 336.69MiB at   13.28MiB/s ETA 00:14 (frag 48/95)
[download]  50.7% of ~ 336.72MiB at   13.28MiB/s ETA 00:14 (frag 48/95)
[download]  50.9% of ~ 337.69MiB at   13.28MiB/s ETA 00:14 (frag 48/95)
[download]  50.8% of ~ 338.72MiB at   13.28MiB/s ETA 00:14 (frag 48/95)
[download]  50.8% of ~ 338.84MiB at   13.28MiB/s ETA 00:14 (frag 48/95)
[download]  50.8% of ~ 338.85MiB at   13.51MiB/s ETA 00:14 (frag 48/95)
[download]  50.8% of ~ 338.86MiB at   13.51MiB/s ETA 00:14 (frag 48/95)
[download]  50.8% of ~ 338.86MiB at   13.51MiB/s ETA 00:14 (frag 48/95)
[download]  50.8% of ~ 338.87MiB at   13.51MiB/s ETA 00:14 (frag 48/95)
[download]  50.8% of ~ 338.88MiB at   13.51MiB/s ETA 00:14 (frag 48/95)
[download]  50.8% of ~ 338.91MiB at   13.51MiB/s ETA 00:14 (frag 48/95)
[download]  50.8% of ~ 338.97MiB at   13.51MiB/s ETA 00:14 (frag 48/95)
[download]  50.8% of ~ 338.95MiB at   13.12MiB/s ETA 00:14 (frag 48/95)
[download]  50.8% of ~ 338.96MiB at   13.12MiB/s ETA 00:14 (frag 48/95)
[download]  50.8% of ~ 338.96MiB at   13.12MiB/s ETA 00:14 (frag 48/95)
[download]  50.8% of ~ 338.97MiB at   13.12MiB/s ETA 00:14 (frag 48/95)
[download]  50.8% of ~ 338.98MiB at   13.12MiB/s ETA 00:14 (frag 48/95)
[download]  50.8% of ~ 339.01MiB at   13.12MiB/s ETA 00:14 (frag 48/95)
[download]  50.8% of ~ 339.07MiB at   13.12MiB/s ETA 00:14 (frag 48/95)
[download]  50.9% of ~ 340.09MiB at   12.94MiB/s ETA 00:14 (frag 48/95)
[download]  50.8% of ~ 341.38MiB at   12.94MiB/s ETA 00:14 (frag 48/95)
[download]  50.8% of ~ 341.63MiB at   12.94MiB/s ETA 00:14 (frag 48/95)
[download]  51.0% of ~ 343.01MiB at   12.83MiB/s ETA 00:13 (frag 48/95)
[download]  50.9% of ~ 344.46MiB at   12.83MiB/s ETA 00:13 (frag 48/95)
[download]  50.6% of ~ 346.08MiB at   12.83MiB/s ETA 00:13 (frag 49/95)
[download]  51.9% of ~ 338.27MiB at   12.83MiB/s ETA 00:13 (frag 49/95)
[download]  51.9% of ~ 338.86MiB at   12.83MiB/s ETA 00:13 (frag 49/95)
[download]  51.9% of ~ 339.10MiB at   12.83MiB/s ETA 00:13 (frag 49/95)
[download]  51.7% of ~ 340.84MiB at   12.83MiB/s ETA 00:13 (frag 49/95)
[download]  52.0% of ~ 339.95MiB at   12.87MiB/s ETA 00:13 (frag 49/95)
[download]  52.0% of ~ 340.76MiB at   12.85MiB/s ETA 00:13 (frag 49/95)
[download]  52.0% of ~ 342.53MiB at   12.85MiB/s ETA 00:13 (frag 49/95)
[download]  51.7% of ~ 344.63MiB at   12.85MiB/s ETA 00:13 (frag 50/95)
[download]  52.8% of ~ 337.56MiB at   12.85MiB/s ETA 00:13 (frag 50/95)
[download]  52.8% of ~ 337.56MiB at   12.85MiB/s ETA 00:13 (frag 50/95)
[download]  52.8% of ~ 337.56MiB at   12.85MiB/s ETA 00:13 (frag 50/95)
[download]  52.8% of ~ 337.57MiB at   12.85MiB/s ETA 00:13 (frag 50/95)
[download]  52.8% of ~ 337.58MiB at   12.85MiB/s ETA 00:13 (frag 50/95)
[download]  52.8% of ~ 337.61MiB at   12.85MiB/s ETA 00:13 (frag 50/95)
[download]  52.8% of ~ 337.67MiB at   12.85MiB/s ETA 00:13 (frag 50/95)
[download]  53.2% of ~ 337.44MiB at   12.85MiB/s ETA 00:13 (frag 50/95)
[download]  53.1% of ~ 340.02MiB at   12.85MiB/s ETA 00:13 (frag 50/95)
[download]  52.8% of ~ 342.26MiB at   12.85MiB/s ETA 00:13 (frag 51/95)
[download]  54.2% of ~ 334.83MiB at   12.85MiB/s ETA 00:13 (frag 51/95)
[download]  53.9% of ~ 337.14MiB at   13.13MiB/s ETA 00:13 (frag 51/95)
[download]  54.2% of ~ 337.24MiB at   13.13MiB/s ETA 00:13 (frag 51/95)
[download]  53.9% of ~ 339.19MiB at   13.20MiB/s ETA 00:13 (frag 51/95)
[download]  54.1% of ~ 339.52MiB at   13.20MiB/s ETA 00:13 (frag 51/95)
[download]  53.9% of ~ 341.10MiB at   13.20MiB/s ETA 00:13 (frag 52/95)
[download]  55.2% of ~ 334.32MiB at   13.32MiB/s ETA 00:12 (frag 52/95)
[download]  55.0% of ~ 335.53MiB at   13.32MiB/s ETA 00:12 (frag 53/95)
[download]  55.9% of ~ 330.15MiB at   13.32MiB/s ETA 00:12 (frag 53/95)
[download]  55.9% of ~ 330.15MiB at   13.32MiB/s ETA 00:12 (frag 53/95)
[download]  55.9% of ~ 330.16MiB at   13.32MiB/s ETA 00:12 (frag 53/95)
[download]  55.9% of ~ 330.16MiB at   13.32MiB/s ETA 00:12 (frag 53/95)
[download]  55.9% of ~ 330.18MiB at   13.32MiB/s ETA 00:12 (frag 53/95)
[download]  55.9% of ~ 330.20MiB at   13.32MiB/s ETA 00:12 (frag 53/95)
[download]  56.1% of ~ 329.88MiB at   13.32MiB/s ETA 00:12 (frag 53/95)
[download]  55.9% of ~ 331.14MiB at   13.51MiB/s ETA 00:12 (frag 53/95)
[download]  55.9% of ~ 331.59MiB at   13.51MiB/s ETA 00:12 (frag 53/95)
[download]  56.0% of ~ 331.13MiB at   13.51MiB/s ETA 00:12 (frag 53/95)
[download]  56.0% of ~ 331.14MiB at   13.51MiB/s ETA 00:12 (frag 53/95)
[download]  56.0% of ~ 331.14MiB at   13.51MiB/s ETA 00:12 (frag 53/95)
[download]  56.0% of ~ 331.15MiB at   13.51MiB/s ETA 00:12 (frag 53/95)
[download]  56.0% of ~ 331.16MiB at   13.51MiB/s ETA 00:12 (frag 53/95)
[download]  56.2% of ~ 330.90MiB at   13.51MiB/s ETA 00:12 (frag 53/95)
[download]  56.0% of ~ 332.22MiB at   13.51MiB/s ETA 00:12 (frag 54/95)
[download]  57.0% of ~ 326.45MiB at   13.51MiB/s ETA 00:12 (frag 54/95)
[download]  57.0% of ~ 326.51MiB at   13.67MiB/s ETA 00:12 (frag 54/95)
[download]  57.0% of ~ 326.62MiB at   13.67MiB/s ETA 00:12 (frag 54/95)
[download]  57.0% of ~ 327.25MiB at   13.67MiB/s ETA 00:12 (frag 54/95)
[download]  57.3% of ~ 327.10MiB at   13.60MiB/s ETA 00:12 (frag 54/95)
[download]  57.1% of ~ 328.77MiB at   13.48MiB/s ETA 00:12 (frag 54/95)
[download]  56.9% of ~ 329.65MiB at   13.48MiB/s ETA 00:12 (frag 54/95)
[download]  56.9% of ~ 329.66MiB at   13.48MiB/s ETA 00:12 (frag 54/95)
[download]  56.9% of ~ 329.66MiB at   13.48MiB/s ETA 00:12 (frag 54/95)
[download]  56.9% of ~ 329.67MiB at   13.48MiB/s ETA 00:12 (frag 54/95)
[download]  57.0% of ~ 329.26MiB at   13.48MiB/s ETA 00:12 (frag 54/95)
[download]  57.0% of ~ 329.27MiB at   13.48MiB/s ETA 00:12 (frag 54/95)
[download]  56.9% of ~ 329.69MiB at   13.48MiB/s ETA 00:12 (frag 54/95)
[download]  57.0% of ~ 329.30MiB at   13.48MiB/s ETA 00:12 (frag 54/95)
[download]  57.0% of ~ 329.30MiB at   13.48MiB/s ETA 00:12 (frag 54/95)
[download]  57.0% of ~ 329.32MiB at   13.48MiB/s ETA 00:12 (frag 54/95)
[download]  57.0% of ~ 329.34MiB at   13.48MiB/s ETA 00:12 (frag 54/95)
[download]  56.9% of ~ 329.81MiB at   13.48MiB/s ETA 00:12 (frag 54/95)
[download]  57.0% of ~ 329.45MiB at   13.48MiB/s ETA 00:12 (frag 54/95)
[download]  57.0% of ~ 329.94MiB at   12.95MiB/s ETA 00:12 (frag 54/95)
[download]  57.0% of ~ 330.41MiB at   12.95MiB/s ETA 00:12 (frag 54/95)
[download]  57.3% of ~ 330.11MiB at   12.95MiB/s ETA 00:12 (frag 54/95)
[download]  57.0% of ~ 331.73MiB at   12.95MiB/s ETA 00:12 (frag 55/95)
[download]  58.0% of ~ 326.20MiB at   12.95MiB/s ETA 00:12 (frag 55/95)
[download]  57.5% of ~ 328.97MiB at   12.60MiB/s ETA 00:12 (frag 55/95)
[download]  57.5% of ~ 328.97MiB at   12.60MiB/s ETA 00:12 (frag 55/95)
[download]  57.5% of ~ 328.98MiB at   12.60MiB/s ETA 00:12 (frag 55/95)
[download]  57.5% of ~ 328.98MiB at   12.60MiB/s ETA 00:12 (frag 55/95)
[download]  57.5% of ~ 329.00MiB at   12.60MiB/s ETA 00:12 (frag 55/95)
[download]  58.2% of ~ 326.02MiB at   12.60MiB/s ETA 00:12 (frag 55/95)
[download]  57.5% of ~ 330.07MiB at   12.09MiB/s ETA 00:12 (frag 55/95)
[download]  57.5% of ~ 329.87MiB at   12.09MiB/s ETA 00:12 (frag 55/95)
[download]  57.5% of ~ 330.12MiB at   12.09MiB/s ETA 00:12 (frag 55/95)
[download]  57.5% of ~ 330.13MiB at   12.09MiB/s ETA 00:12 (frag 55/95)
[download]  57.5% of ~ 330.13MiB at   12.09MiB/s ETA 00:12 (frag 55/95)
[download]  57.5% of ~ 330.15MiB at   12.09MiB/s ETA 00:12 (frag 55/95)
[download]  57.5% of ~ 330.17MiB at   12.09MiB/s ETA 00:12 (frag 55/95)
[download]  58.1% of ~ 327.44MiB at   12.09MiB/s ETA 00:12 (frag 55/95)
[download]  58.1% of ~ 328.32MiB at   11.74MiB/s ETA 00:12 (frag 55/95)
[download]  57.6% of ~ 331.30MiB at   11.74MiB/s ETA 00:12 (frag 55/95)
[download]  57.5% of ~ 331.60MiB at   11.74MiB/s ETA 00:12 (frag 55/95)
[download]  58.4% of ~ 328.51MiB at   11.69MiB/s ETA 00:12 (frag 55/95)
[download]  58.1% of ~ 330.65MiB at   11.69MiB/s ETA 00:12 (frag 55/95)
[download]  57.6% of ~ 334.06MiB at   11.69MiB/s ETA 00:12 (frag 55/95)
[download]  57.6% of ~ 334.47MiB at   11.65MiB/s ETA 00:12 (frag 55/95)
[download]  58.3% of ~ 331.48MiB at   11.65MiB/s ETA 00:12 (frag 55/95)
[download]  58.1% of ~ 333.02MiB at   11.65MiB/s ETA 00:12 (frag 56/95)
[download]  58.6% of ~ 330.32MiB at   11.65MiB/s ETA 00:12 (frag 56/95)
[download]  59.3% of ~ 328.02MiB at   11.65MiB/s ETA 00:12 (frag 56/95)
[download]  58.7% of ~ 332.21MiB at   11.80MiB/s ETA 00:12 (frag 56/95)
[download]  58.7% of ~ 332.63MiB at   11.80MiB/s ETA 00:12 (frag 56/95)
[download]  58.7% of ~ 333.65MiB at   11.80MiB/s ETA 00:12 (frag 56/95)
[download]  59.1% of ~ 332.07MiB at   11.80MiB/s ETA 00:12 (frag 56/95)
[download]  59.2% of ~ 331.86MiB at   11.95MiB/s ETA 00:11 (frag 56/95)
[download]  59.2% of ~ 332.07MiB at   11.92MiB/s ETA 00:11 (frag 56/95)
[download]  59.4% of ~ 332.69MiB at   11.92MiB/s ETA 00:11 (frag 56/95)
[download]  59.2% of ~ 333.99MiB at   11.92MiB/s ETA 00:11 (frag 56/95)
[download]  58.8% of ~ 336.58MiB at   11.92MiB/s ETA 00:11 (frag 56/95)
[download]  58.8% of ~ 336.58MiB at   11.92MiB/s ETA 00:11 (frag 56/95)
[download]  58.8% of ~ 336.58MiB at   11.92MiB/s ETA 00:11 (frag 56/95)
[download]  58.8% of ~ 336.59MiB at   11.92MiB/s ETA 00:11 (frag 56/95)
[download]  58.8% of ~ 336.60MiB at   12.14MiB/s ETA 00:11 (frag 56/95)
[download]  58.9% of ~ 337.45MiB at   12.14MiB/s ETA 00:11 (frag 56/95)
[download]  59.4% of ~ 336.60MiB at   12.42MiB/s ETA 00:11 (frag 56/95)
[download]  59.1% of ~ 338.54MiB at   12.42MiB/s ETA 00:11 (frag 57/95)
[download]  60.1% of ~ 333.00MiB at   12.42MiB/s ETA 00:11 (frag 57/95)
[download]  59.8% of ~ 334.84MiB at   12.42MiB/s ETA 00:11 (frag 57/95)
[download]  60.4% of ~ 332.83MiB at   12.42MiB/s ETA 00:11 (frag 57/95)
[download]  59.8% of ~ 335.86MiB at   12.42MiB/s ETA 00:11 (frag 57/95)
[download]  59.8% of ~ 335.97MiB at   12.31MiB/s ETA 00:11 (frag 57/95)
[download]  59.9% of ~ 336.17MiB at   12.31MiB/s ETA 00:11 (frag 57/95)
[download]  59.9% of ~ 337.58MiB at   12.06MiB/s ETA 00:11 (frag 57/95)
[download]  60.5% of ~ 336.52MiB at   12.06MiB/s ETA 00:11 (frag 57/95)
[download]  60.1% of ~ 338.40MiB at   12.06MiB/s ETA 00:11 (frag 58/95)
[download]  61.0% of ~ 334.33MiB at   11.68MiB/s ETA 00:11 (frag 58/95)
[download]  61.6% of ~ 333.11MiB at   11.60MiB/s ETA 00:11 (frag 58/95)
[download]  61.3% of ~ 337.84MiB at   11.60MiB/s ETA 00:11 (frag 58/95)
[download]  60.9% of ~ 340.15MiB at   11.60MiB/s ETA 00:11 (frag 58/95)
[download]  60.9% of ~ 340.15MiB at   11.60MiB/s ETA 00:11 (frag 58/95)
[download]  60.9% of ~ 340.16MiB at   11.60MiB/s ETA 00:11 (frag 58/95)
[download]  60.9% of ~ 340.16MiB at   11.60MiB/s ETA 00:11 (frag 58/95)
[download]  60.9% of ~ 340.17MiB at   11.60MiB/s ETA 00:11 (frag 58/95)
[download]  60.9% of ~ 340.20MiB at   11.60MiB/s ETA 00:11 (frag 58/95)
[download]  60.9% of ~ 340.25MiB at   11.60MiB/s ETA 00:11 (frag 58/95)
[download]  60.9% of ~ 341.26MiB at   11.60MiB/s ETA 00:11 (frag 58/95)
[download]  60.7% of ~ 342.35MiB at   11.60MiB/s ETA 00:11 (frag 59/95)
[download]  62.2% of ~ 336.83MiB at   11.89MiB/s ETA 00:11 (frag 59/95)
[download]  62.0% of ~ 338.04MiB at   11.89MiB/s ETA 00:11 (frag 59/95)
[download]  62.2% of ~ 338.36MiB at   12.11MiB/s ETA 00:11 (frag 59/95)
[download]  62.0% of ~ 339.82MiB at   12.11MiB/s ETA 00:11 (frag 59/95)
[download]  62.4% of ~ 338.34MiB at   12.11MiB/s ETA 00:11 (frag 59/95)
[download]  62.3% of ~ 339.06MiB at   12.11MiB/s ETA 00:11 (frag 60/95)
[download]  63.2% of ~ 336.41MiB at   12.11MiB/s ETA 00:11 (frag 60/95)
[download]  62.8% of ~ 338.50MiB at   12.11MiB/s ETA 00:11 (frag 61/95)
[download]  64.2% of ~ 332.00MiB at   12.44MiB/s ETA 00:11 (frag 61/95)
[download]  64.1% of ~ 332.62MiB at   12.42MiB/s ETA 00:10 (frag 61/95)
[download]  64.1% of ~ 332.62MiB at   12.42MiB/s ETA 00:10 (frag 61/95)
[download]  64.1% of ~ 332.63MiB at   12.42MiB/s ETA 00:10 (frag 61/95)
[download]  64.1% of ~ 332.63MiB at   12.42MiB/s ETA 00:10 (frag 61/95)
[download]  64.1% of ~ 332.64MiB at   12.42MiB/s ETA 00:10 (frag 61/95)
[download]  64.1% of ~ 332.67MiB at   12.42MiB/s ETA 00:10 (frag 61/95)
[download]  64.1% of ~ 332.72MiB at   12.42MiB/s ETA 00:10 (frag 61/95)
[download]  64.4% of ~ 331.78MiB at   12.49MiB/s ETA 00:10 (frag 61/95)
[download]  64.4% of ~ 331.96MiB at   12.46MiB/s ETA 00:10 (frag 61/95)
[download]  64.4% of ~ 331.96MiB at   12.46MiB/s ETA 00:10 (frag 61/95)
[download]  64.4% of ~ 331.96MiB at   12.46MiB/s ETA 00:10 (frag 61/95)
[download]  64.4% of ~ 331.97MiB at   12.46MiB/s ETA 00:10 (frag 61/95)
[download]  64.4% of ~ 331.98MiB at   12.39MiB/s ETA 00:10 (frag 61/95)
[download]  64.4% of ~ 332.00MiB at   12.39MiB/s ETA 00:10 (frag 61/95)
[download]  64.1% of ~ 333.79MiB at   12.39MiB/s ETA 00:10 (frag 61/95)
[download]  64.4% of ~ 332.41MiB at   12.39MiB/s ETA 00:10 (frag 61/95)
[download]  64.4% of ~ 332.41MiB at   12.39MiB/s ETA 00:10 (frag 61/95)
[download]  64.4% of ~ 332.25MiB at   12.39MiB/s ETA 00:10 (frag 61/95)
[download]  64.4% of ~ 332.51MiB at   12.39MiB/s ETA 00:10 (frag 61/95)
[download]  64.4% of ~ 332.52MiB at   12.39MiB/s ETA 00:10 (frag 61/95)
[download]  64.4% of ~ 332.53MiB at   12.39MiB/s ETA 00:10 (frag 61/95)
[download]  64.4% of ~ 332.55MiB at   12.39MiB/s ETA 00:10 (frag 61/95)
[download]  64.4% of ~ 332.60MiB at   12.39MiB/s ETA 00:10 (frag 61/95)
[download]  64.4% of ~ 332.70MiB at   12.03MiB/s ETA 00:10 (frag 61/95)
[download]  64.4% of ~ 332.72MiB at   12.03MiB/s ETA 00:10 (frag 61/95)
[download]  64.5% of ~ 332.91MiB at   12.03MiB/s ETA 00:10 (frag 61/95)
[download]  64.3% of ~ 335.17MiB at   11.85MiB/s ETA 00:10 (frag 61/95)
[download]  64.1% of ~ 336.56MiB at   11.85MiB/s ETA 00:10 (frag 61/95)
[download]  64.4% of ~ 335.38MiB at   11.85MiB/s ETA 00:10 (frag 61/95)
[download]  64.6% of ~ 337.58MiB at   11.85MiB/s ETA 00:10 (frag 61/95)
[download]  64.1% of ~ 340.17MiB at   11.85MiB/s ETA 00:10 (frag 61/95)
[download]  64.1% of ~ 340.17MiB at   11.85MiB/s ETA 00:10 (frag 61/95)
[download]  64.1% of ~ 340.17MiB at   11.85MiB/s ETA 00:10 (frag 61/95)
[download]  64.1% of ~ 340.66MiB at   11.85MiB/s ETA 00:10 (frag 61/95)
[download]  64.1% of ~ 340.46MiB at   11.85MiB/s ETA 00:10 (frag 61/95)
[download]  64.1% of ~ 340.47MiB at   11.85MiB/s ETA 00:10 (frag 61/95)
[download]  64.0% of ~ 340.98MiB at   11.85MiB/s ETA 00:10 (frag 62/95)
[download]  65.2% of ~ 335.09MiB at   11.85MiB/s ETA 00:10 (frag 62/95)
[download]  65.2% of ~ 335.14MiB at   11.85MiB/s ETA 00:10 (frag 62/95)
[download]  65.2% of ~ 335.23MiB at   11.58MiB/s ETA 00:10 (frag 62/95)
[download]  65.3% of ~ 334.56MiB at   11.20MiB/s ETA 00:10 (frag 62/95)
[download]  65.3% of ~ 334.57MiB at   11.20MiB/s ETA 00:10 (frag 62/95)
[download]  65.3% of ~ 334.57MiB at   11.20MiB/s ETA 00:10 (frag 62/95)
[download]  65.3% of ~ 334.57MiB at   11.20MiB/s ETA 00:10 (frag 62/95)
[download]  65.3% of ~ 334.59MiB at   11.20MiB/s ETA 00:10 (frag 62/95)
[download]  65.3% of ~ 334.61MiB at   11.20MiB/s ETA 00:10 (frag 62/95)
[download]  65.3% of ~ 334.66MiB at   11.20MiB/s ETA 00:10 (frag 62/95)
[download]  65.4% of ~ 334.75MiB at   11.20MiB/s ETA 00:10 (frag 62/95)
[download]  65.2% of ~ 335.80MiB at   11.20MiB/s ETA 00:10 (frag 62/95)
[download]  65.4% of ~ 335.32MiB at   11.06MiB/s ETA 00:10 (frag 62/95)
[download]  65.6% of ~ 335.07MiB at   11.06MiB/s ETA 00:10 (frag 62/95)
[download]  65.5% of ~ 336.45MiB at   11.06MiB/s ETA 00:10 (frag 62/95)
[download]  65.6% of ~ 336.74MiB at   11.06MiB/s ETA 00:10 (frag 62/95)
[download]  65.3% of ~ 338.81MiB at   11.11MiB/s ETA 00:10 (frag 62/95)
[download]  65.6% of ~ 338.25MiB at   11.11MiB/s ETA 00:10 (frag 62/95)
[download]  65.7% of ~ 339.19MiB at   11.11MiB/s ETA 00:10 (frag 62/95)
[download]  65.5% of ~ 341.01MiB at   11.11MiB/s ETA 00:10 (frag 62/95)
[download]  65.8% of ~ 341.38MiB at   11.11MiB/s ETA 00:10 (frag 62/95)
[download]  65.4% of ~ 343.29MiB at   11.11MiB/s ETA 00:10 (frag 63/95)
[download]  66.7% of ~ 339.58MiB at   11.11MiB/s ETA 00:10 (frag 63/95)
[download]  66.2% of ~ 342.48MiB at   11.64MiB/s ETA 00:10 (frag 63/95)
[download]  66.2% of ~ 342.71MiB at   11.64MiB/s ETA 00:10 (frag 64/95)
[download]  67.7% of ~ 336.26MiB at   11.99MiB/s ETA 00:10 (frag 64/95)
[download]  67.4% of ~ 338.76MiB at   11.99MiB/s ETA 00:10 (frag 64/95)
[download]  67.9% of ~ 337.84MiB at   11.99MiB/s ETA 00:10 (frag 64/95)
[download]  67.6% of ~ 339.50MiB at   12.37MiB/s ETA 00:10 (frag 65/95)
[download]  68.6% of ~ 335.77MiB at   12.37MiB/s ETA 00:10 (frag 65/95)
[download]  68.6% of ~ 336.03MiB at   12.59MiB/s ETA 00:09 (frag 65/95)
[download]  68.6% of ~ 336.03MiB at   12.59MiB/s ETA 00:09 (frag 65/95)
[download]  68.6% of ~ 336.03MiB at   12.59MiB/s ETA 00:09 (frag 65/95)
[download]  68.6% of ~ 336.04MiB at   12.59MiB/s ETA 00:09 (frag 65/95)
[download]  68.6% of ~ 336.05MiB at   12.59MiB/s ETA 00:09 (frag 65/95)
[download]  68.6% of ~ 336.07MiB at   12.59MiB/s ETA 00:09 (frag 65/95)
[download]  68.6% of ~ 336.12MiB at   12.59MiB/s ETA 00:09 (frag 65/95)
[download]  68.9% of ~ 336.57MiB at   12.59MiB/s ETA 00:09 (frag 65/95)
[download]  68.5% of ~ 338.45MiB at   12.59MiB/s ETA 00:09 (frag 66/95)
[download]  69.5% of ~ 333.33MiB at   12.59MiB/s ETA 00:09 (frag 66/95)
[download]  69.5% of ~ 333.34MiB at   12.59MiB/s ETA 00:09 (frag 66/95)
[download]  69.6% of ~ 333.34MiB at   12.59MiB/s ETA 00:09 (frag 66/95)
[download]  69.6% of ~ 333.34MiB at   12.59MiB/s ETA 00:09 (frag 66/95)
[download]  69.5% of ~ 334.43MiB at   12.82MiB/s ETA 00:09 (frag 66/95)
[download]  69.7% of ~ 333.85MiB at   12.82MiB/s ETA 00:09 (frag 66/95)
[download]  69.6% of ~ 334.32MiB at   12.82MiB/s ETA 00:09 (frag 66/95)
[download]  69.6% of ~ 334.35MiB at   12.82MiB/s ETA 00:09 (frag 66/95)
[download]  69.6% of ~ 334.39MiB at   12.82MiB/s ETA 00:09 (frag 66/95)
[download]  69.6% of ~ 334.48MiB at   12.82MiB/s ETA 00:09 (frag 66/95)
[download]  69.7% of ~ 334.36MiB at   12.81MiB/s ETA 00:09 (frag 66/95)
[download]  69.5% of ~ 335.13MiB at   12.81MiB/s ETA 00:09 (frag 66/95)
[download]  69.5% of ~ 335.13MiB at   12.81MiB/s ETA 00:09 (frag 66/95)
[download]  69.5% of ~ 335.14MiB at   12.81MiB/s ETA 00:09 (frag 66/95)
[download]  69.5% of ~ 335.14MiB at   12.81MiB/s ETA 00:09 (frag 66/95)
[download]  69.5% of ~ 335.15MiB at   12.81MiB/s ETA 00:09 (frag 66/95)
[download]  69.5% of ~ 335.18MiB at   12.81MiB/s ETA 00:09 (frag 66/95)
[download]  69.5% of ~ 335.22MiB at   12.81MiB/s ETA 00:09 (frag 66/95)
[download]  69.9% of ~ 336.05MiB at   12.87MiB/s ETA 00:09 (frag 66/95)
[download]  69.4% of ~ 338.70MiB at   12.87MiB/s ETA 00:09 (frag 67/95)
[download]  70.7% of ~ 332.87MiB at   13.10MiB/s ETA 00:09 (frag 67/95)
[download]  70.8% of ~ 332.92MiB at   13.10MiB/s ETA 00:09 (frag 67/95)
[download]  70.8% of ~ 334.04MiB at   13.29MiB/s ETA 00:08 (frag 67/95)
[download]  70.6% of ~ 334.52MiB at   13.33MiB/s ETA 00:08 (frag 67/95)
[download]  70.6% of ~ 334.52MiB at   13.33MiB/s ETA 00:08 (frag 67/95)
[download]  70.7% of ~ 334.52MiB at   13.33MiB/s ETA 00:08 (frag 67/95)
[download]  70.7% of ~ 334.53MiB at   13.33MiB/s ETA 00:08 (frag 67/95)
[download]  70.7% of ~ 334.54MiB at   13.33MiB/s ETA 00:08 (frag 67/95)
[download]  70.7% of ~ 334.56MiB at   13.33MiB/s ETA 00:08 (frag 67/95)
[download]  70.7% of ~ 334.60MiB at   13.33MiB/s ETA 00:08 (frag 67/95)
[download]  70.6% of ~ 335.02MiB at   13.33MiB/s ETA 00:08 (frag 67/95)
[download]  70.7% of ~ 335.19MiB at   13.34MiB/s ETA 00:08 (frag 67/95)
[download]  70.8% of ~ 335.42MiB at   13.34MiB/s ETA 00:08 (frag 67/95)
[download]  70.7% of ~ 335.54MiB at   13.34MiB/s ETA 00:08 (frag 67/95)
[download]  70.7% of ~ 335.54MiB at   13.34MiB/s ETA 00:08 (frag 67/95)
[download]  70.7% of ~ 335.54MiB at   13.34MiB/s ETA 00:08 (frag 67/95)
[download]  70.7% of ~ 335.55MiB at   13.34MiB/s ETA 00:08 (frag 67/95)
[download]  70.7% of ~ 335.56MiB at   13.34MiB/s ETA 00:08 (frag 67/95)
[download]  70.7% of ~ 335.58MiB at   13.34MiB/s ETA 00:08 (frag 67/95)
[download]  70.7% of ~ 337.26MiB at   13.34MiB/s ETA 00:08 (frag 67/95)
[download]  70.8% of ~ 337.18MiB at   13.34MiB/s ETA 00:08 (frag 67/95)
[download]  71.0% of ~ 337.56MiB at   13.34MiB/s ETA 00:08 (frag 67/95)
[download]  70.7% of ~ 339.04MiB at   13.55MiB/s ETA 00:08 (frag 67/95)
[download]  70.7% of ~ 339.22MiB at   13.55MiB/s ETA 00:08 (frag 67/95)
[download]  71.0% of ~ 339.48MiB at   13.61MiB/s ETA 00:08 (frag 67/95)
[download]  70.7% of ~ 340.94MiB at   13.61MiB/s ETA 00:08 (frag 68/95)
[download]  72.0% of ~ 336.29MiB at   13.61MiB/s ETA 00:08 (frag 68/95)
[download]  71.8% of ~ 337.09MiB at   13.61MiB/s ETA 00:08 (frag 68/95)
[download]  71.8% of ~ 337.96MiB at   13.68MiB/s ETA 00:08 (frag 68/95)
[download]  71.9% of ~ 337.96MiB at   13.80MiB/s ETA 00:08 (frag 68/95)
[download]  71.9% of ~ 338.67MiB at   13.80MiB/s ETA 00:08 (frag 68/95)
[download]  71.8% of ~ 339.68MiB at   13.90MiB/s ETA 00:07 (frag 68/95)
[download]  71.6% of ~ 340.48MiB at   13.90MiB/s ETA 00:07 (frag 69/95)
[download]  72.7% of ~ 335.59MiB at   13.90MiB/s ETA 00:07 (frag 69/95)
[download]  72.7% of ~ 335.59MiB at   13.90MiB/s ETA 00:07 (frag 69/95)
[download]  72.7% of ~ 335.60MiB at   13.90MiB/s ETA 00:07 (frag 69/95)
[download]  72.7% of ~ 335.60MiB at   13.90MiB/s ETA 00:07 (frag 69/95)
[download]  72.7% of ~ 335.61MiB at   13.90MiB/s ETA 00:07 (frag 69/95)
[download]  72.7% of ~ 335.63MiB at   13.90MiB/s ETA 00:07 (frag 69/95)
[download]  72.7% of ~ 335.68MiB at   13.90MiB/s ETA 00:07 (frag 69/95)
[download]  73.1% of ~ 335.67MiB at   13.90MiB/s ETA 00:07 (frag 69/95)
[download]  72.7% of ~ 337.38MiB at   13.90MiB/s ETA 00:07 (frag 70/95)
[download]  74.0% of ~ 332.07MiB at   13.90MiB/s ETA 00:07 (frag 70/95)
[download]  73.8% of ~ 333.38MiB at   13.90MiB/s ETA 00:07 (frag 70/95)
[download]  74.1% of ~ 333.27MiB at   13.90MiB/s ETA 00:07 (frag 70/95)
[download]  73.9% of ~ 335.82MiB at   14.33MiB/s ETA 00:07 (frag 70/95)
[download]  73.5% of ~ 337.61MiB at   14.33MiB/s ETA 00:07 (frag 71/95)
[download]  75.1% of ~ 332.03MiB at   14.33MiB/s ETA 00:07 (frag 71/95)
[download]  75.2% of ~ 333.04MiB at   14.70MiB/s ETA 00:07 (frag 71/95)
[download]  74.9% of ~ 334.51MiB at   14.70MiB/s ETA 00:07 (frag 72/95)
[download]  75.9% of ~ 330.21MiB at   14.70MiB/s ETA 00:07 (frag 72/95)
[download]  76.3% of ~ 329.90MiB at   14.70MiB/s ETA 00:07 (frag 72/95)
[download]  76.0% of ~ 331.83MiB at   14.61MiB/s ETA 00:07 (frag 72/95)
[download]  75.9% of ~ 332.27MiB at   14.61MiB/s ETA 00:07 (frag 72/95)
[download]  75.9% of ~ 332.27MiB at   14.61MiB/s ETA 00:07 (frag 72/95)
[download]  75.9% of ~ 332.27MiB at   14.61MiB/s ETA 00:07 (frag 72/95)
[download]  75.9% of ~ 332.27MiB at   14.61MiB/s ETA 00:07 (frag 72/95)
[download]  76.2% of ~ 332.53MiB at   14.61MiB/s ETA 00:07 (frag 72/95)
[download]  75.8% of ~ 334.28MiB at   14.61MiB/s ETA 00:07 (frag 73/95)
[download]  76.9% of ~ 329.52MiB at   14.61MiB/s ETA 00:07 (frag 73/95)
[download]  76.9% of ~ 329.61MiB at   14.61MiB/s ETA 00:07 (frag 73/95)
[download]  76.9% of ~ 329.61MiB at   14.61MiB/s ETA 00:07 (frag 73/95)
[download]  76.9% of ~ 329.62MiB at   14.61MiB/s ETA 00:07 (frag 73/95)
[download]  76.9% of ~ 329.62MiB at   14.61MiB/s ETA 00:07 (frag 73/95)
[download]  76.9% of ~ 329.63MiB at   14.61MiB/s ETA 00:07 (frag 73/95)
[download]  76.9% of ~ 329.65MiB at   14.61MiB/s ETA 00:07 (frag 73/95)
[download]  76.9% of ~ 329.69MiB at   14.61MiB/s ETA 00:07 (frag 73/95)
[download]  76.9% of ~ 329.65MiB at   14.59MiB/s ETA 00:07 (frag 73/95)
[download]  76.9% of ~ 329.70MiB at   14.59MiB/s ETA 00:07 (frag 73/95)
[download]  76.9% of ~ 329.69MiB at   14.59MiB/s ETA 00:07 (frag 73/95)
[download]  76.9% of ~ 329.70MiB at   14.59MiB/s ETA 00:07 (frag 73/95)
[download]  77.0% of ~ 329.70MiB at   14.59MiB/s ETA 00:07 (frag 73/95)
[download]  77.0% of ~ 329.71MiB at   14.59MiB/s ETA 00:07 (frag 73/95)
[download]  77.0% of ~ 329.85MiB at   14.59MiB/s ETA 00:07 (frag 73/95)
[download]  77.0% of ~ 329.89MiB at   14.59MiB/s ETA 00:07 (frag 73/95)
[download]  77.0% of ~ 329.98MiB at   14.34MiB/s ETA 00:06 (frag 73/95)
[download]  77.0% of ~ 330.01MiB at   14.34MiB/s ETA 00:06 (frag 73/95)
[download]  76.9% of ~ 330.11MiB at   14.34MiB/s ETA 00:06 (frag 73/95)
[download]  76.9% of ~ 330.11MiB at   14.34MiB/s ETA 00:06 (frag 73/95)
[download]  76.9% of ~ 330.11MiB at   14.34MiB/s ETA 00:06 (frag 73/95)
[download]  76.9% of ~ 330.12MiB at   14.34MiB/s ETA 00:06 (frag 73/95)
[download]  77.0% of ~ 330.13MiB at   14.16MiB/s ETA 00:06 (frag 73/95)
[download]  77.0% of ~ 330.15MiB at   14.16MiB/s ETA 00:06 (frag 73/95)
[download]  77.0% of ~ 330.19MiB at   14.16MiB/s ETA 00:06 (frag 73/95)
[download]  77.0% of ~ 330.27MiB at   14.16MiB/s ETA 00:06 (frag 73/95)
[download]  77.2% of ~ 330.67MiB at   14.16MiB/s ETA 00:06 (frag 73/95)
[download]  77.0% of ~ 331.70MiB at   14.16MiB/s ETA 00:06 (frag 73/95)
[download]  77.3% of ~ 331.50MiB at   14.20MiB/s ETA 00:06 (frag 73/95)
[download]  77.0% of ~ 332.58MiB at   14.20MiB/s ETA 00:06 (frag 74/95)
[download]  78.0% of ~ 328.55MiB at   14.20MiB/s ETA 00:06 (frag 74/95)
[download]  77.9% of ~ 329.20MiB at   14.20MiB/s ETA 00:06 (frag 74/95)
[download]  77.9% of ~ 329.20MiB at   14.20MiB/s ETA 00:06 (frag 74/95)
[download]  78.0% of ~ 328.78MiB at   14.20MiB/s ETA 00:06 (frag 74/95)
[download]  77.9% of ~ 329.52MiB at   14.20MiB/s ETA 00:06 (frag 74/95)
[download]  77.9% of ~ 329.52MiB at   14.20MiB/s ETA 00:06 (frag 74/95)
[download]  77.9% of ~ 329.53MiB at   14.20MiB/s ETA 00:06 (frag 74/95)
[download]  77.9% of ~ 329.55MiB at   14.20MiB/s ETA 00:06 (frag 74/95)
[download]  78.1% of ~ 329.07MiB at   14.20MiB/s ETA 00:06 (frag 74/95)
[download]  77.9% of ~ 329.91MiB at   14.26MiB/s ETA 00:06 (frag 74/95)
[download]  78.1% of ~ 329.56MiB at   14.26MiB/s ETA 00:06 (frag 74/95)
[download]  78.3% of ~ 330.34MiB at   14.26MiB/s ETA 00:06 (frag 74/95)
[download]  77.9% of ~ 332.02MiB at   14.48MiB/s ETA 00:06 (frag 75/95)
[download]  79.2% of ~ 327.41MiB at   14.48MiB/s ETA 00:06 (frag 75/95)
[download]  79.1% of ~ 328.06MiB at   14.48MiB/s ETA 00:06 (frag 75/95)
[download]  79.0% of ~ 328.86MiB at   14.48MiB/s ETA 00:06 (frag 75/95)
[download]  79.0% of ~ 329.02MiB at   14.60MiB/s ETA 00:06 (frag 75/95)
[download]  79.0% of ~ 328.81MiB at   14.60MiB/s ETA 00:06 (frag 75/95)
[download]  79.0% of ~ 328.81MiB at   14.60MiB/s ETA 00:06 (frag 75/95)
[download]  79.1% of ~ 328.81MiB at   14.60MiB/s ETA 00:06 (frag 75/95)
[download]  79.1% of ~ 328.82MiB at   14.60MiB/s ETA 00:06 (frag 75/95)
[download]  79.1% of ~ 328.83MiB at   14.60MiB/s ETA 00:06 (frag 75/95)
[download]  79.4% of ~ 328.85MiB at   14.60MiB/s ETA 00:06 (frag 75/95)
[download]  79.1% of ~ 330.10MiB at   14.65MiB/s ETA 00:05 (frag 75/95)
[download]  79.1% of ~ 330.14MiB at   14.65MiB/s ETA 00:05 (frag 75/95)
[download]  79.3% of ~ 330.32MiB at   14.65MiB/s ETA 00:05 (frag 75/95)
[download]  79.1% of ~ 331.45MiB at   14.65MiB/s ETA 00:05 (frag 75/95)
[download] Got error: SocksHTTPSConnectionPool(host='hls-cdn77.xvideos-cdn.com', port=443): Read timed out.. Retrying (1/10)...
[download]  79.1% of ~ 331.78MiB at   14.71MiB/s ETA 00:05 (frag 75/95)
[download]  79.2% of ~ 331.92MiB at   14.71MiB/s ETA 00:05 (frag 75/95)
[download]  79.4% of ~ 332.56MiB at   15.23MiB/s ETA 00:05 (frag 75/95)
[download]  79.1% of ~ 333.98MiB at   15.23MiB/s ETA 00:05 (frag 76/95)
[download]  80.2% of ~ 329.64MiB at   15.23MiB/s ETA 00:05 (frag 76/95)
[download]  80.1% of ~ 330.46MiB at   15.23MiB/s ETA 00:05 (frag 76/95)
[download]  80.1% of ~ 330.72MiB at   15.56MiB/s ETA 00:05 (frag 76/95)
[download]  80.1% of ~ 330.72MiB at   15.56MiB/s ETA 00:05 (frag 76/95)
[download]  80.1% of ~ 330.72MiB at   15.56MiB/s ETA 00:05 (frag 76/95)
[download]  80.1% of ~ 330.73MiB at   15.56MiB/s ETA 00:05 (frag 76/95)
[download]  80.2% of ~ 330.62MiB at   15.56MiB/s ETA 00:05 (frag 76/95)
[download]  80.1% of ~ 331.35MiB at   15.70MiB/s ETA 00:05 (frag 76/95)
[download]  80.1% of ~ 331.37MiB at   15.70MiB/s ETA 00:05 (frag 76/95)
[download]  80.1% of ~ 331.41MiB at   15.70MiB/s ETA 00:05 (frag 76/95)
[download]  80.1% of ~ 331.49MiB at   15.70MiB/s ETA 00:05 (frag 76/95)
[download]  80.1% of ~ 331.64MiB at   15.70MiB/s ETA 00:05 (frag 76/95)
[download]  80.5% of ~ 331.90MiB at   15.83MiB/s ETA 00:05 (frag 76/95)
[download]  80.2% of ~ 333.45MiB at   15.83MiB/s ETA 00:05 (frag 76/95)
[download]  80.1% of ~ 334.01MiB at   15.83MiB/s ETA 00:05 (frag 77/95)
[download]  81.3% of ~ 329.63MiB at   16.03MiB/s ETA 00:05 (frag 77/95)
[download]  81.3% of ~ 330.74MiB at   15.49MiB/s ETA 00:05 (frag 77/95)
[download]  81.1% of ~ 331.68MiB at   15.03MiB/s ETA 00:04 (frag 77/95)
[download]  81.1% of ~ 331.68MiB at   15.03MiB/s ETA 00:04 (frag 77/95)
[download]  81.1% of ~ 331.68MiB at   15.03MiB/s ETA 00:04 (frag 77/95)
[download]  81.1% of ~ 331.69MiB at   15.03MiB/s ETA 00:04 (frag 77/95)
[download]  81.1% of ~ 331.70MiB at   15.03MiB/s ETA 00:04 (frag 77/95)
[download]  81.2% of ~ 331.41MiB at   14.53MiB/s ETA 00:04 (frag 77/95)
[download]  81.2% of ~ 331.41MiB at   14.53MiB/s ETA 00:04 (frag 77/95)
[download]  81.2% of ~ 331.41MiB at   14.53MiB/s ETA 00:04 (frag 77/95)
[download]  81.2% of ~ 331.42MiB at   14.53MiB/s ETA 00:04 (frag 77/95)
[download]  81.2% of ~ 331.43MiB at   14.53MiB/s ETA 00:04 (frag 77/95)
[download]  81.2% of ~ 331.45MiB at   14.53MiB/s ETA 00:04 (frag 77/95)
[download]  81.2% of ~ 331.48MiB at   14.53MiB/s ETA 00:04 (frag 77/95)
[download]  81.1% of ~ 331.87MiB at   14.53MiB/s ETA 00:04 (frag 77/95)
[download]  81.1% of ~ 331.91MiB at   14.53MiB/s ETA 00:04 (frag 77/95)
[download]  81.2% of ~ 331.67MiB at   14.19MiB/s ETA 00:04 (frag 77/95)
[download]  81.1% of ~ 332.13MiB at   13.74MiB/s ETA 00:04 (frag 77/95)
[download]  81.3% of ~ 331.98MiB at   13.74MiB/s ETA 00:04 (frag 77/95)
[download]  81.4% of ~ 332.52MiB at   13.74MiB/s ETA 00:04 (frag 77/95)
[download]  81.2% of ~ 333.81MiB at   13.44MiB/s ETA 00:04 (frag 77/95)
[download]  81.5% of ~ 333.88MiB at   13.44MiB/s ETA 00:04 (frag 77/95)
[download]  81.3% of ~ 335.02MiB at   13.17MiB/s ETA 00:04 (frag 77/95)
[download]  81.3% of ~ 335.94MiB at   13.17MiB/s ETA 00:04 (frag 77/95)
[download]  81.5% of ~ 336.24MiB at   13.01MiB/s ETA 00:04 (frag 77/95)
[download]  81.4% of ~ 337.58MiB at   13.01MiB/s ETA 00:04 (frag 77/95)
[download]  81.5% of ~ 338.60MiB at   13.07MiB/s ETA 00:04 (frag 77/95)
[download]  81.2% of ~ 339.89MiB at   13.07MiB/s ETA 00:04 (frag 78/95)
[download]  82.5% of ~ 335.89MiB at   13.07MiB/s ETA 00:04 (frag 78/95)
[download]  82.6% of ~ 337.03MiB at   13.00MiB/s ETA 00:04 (frag 78/95)
[download]  82.2% of ~ 338.54MiB at   13.00MiB/s ETA 00:04 (frag 79/95)
[download]  83.6% of ~ 334.65MiB at   13.00MiB/s ETA 00:04 (frag 79/95)
[download]  83.2% of ~ 336.48MiB at   13.00MiB/s ETA 00:04 (frag 80/95)
[download]  84.1% of ~ 332.73MiB at   12.92MiB/s ETA 00:04 (frag 80/95)
[download]  84.1% of ~ 332.73MiB at   12.92MiB/s ETA 00:04 (frag 80/95)
[download]  84.1% of ~ 332.73MiB at   12.92MiB/s ETA 00:04 (frag 80/95)
[download]  84.1% of ~ 332.74MiB at   12.92MiB/s ETA 00:04 (frag 80/95)
[download]  84.6% of ~ 331.89MiB at   12.92MiB/s ETA 00:04 (frag 80/95)
[download]  84.7% of ~ 333.12MiB at   13.01MiB/s ETA 00:04 (frag 80/95)
[download]  84.1% of ~ 335.33MiB at   13.01MiB/s ETA 00:04 (frag 80/95)
[download]  84.3% of ~ 334.68MiB at   13.01MiB/s ETA 00:04 (frag 81/95)
[download]  85.3% of ~ 330.57MiB at   13.01MiB/s ETA 00:04 (frag 81/95)
[download]  85.3% of ~ 330.58MiB at   13.01MiB/s ETA 00:04 (frag 81/95)
[download]  85.3% of ~ 330.58MiB at   13.01MiB/s ETA 00:04 (frag 81/95)
[download]  85.3% of ~ 330.58MiB at   13.01MiB/s ETA 00:04 (frag 81/95)
[download]  85.3% of ~ 330.59MiB at   13.01MiB/s ETA 00:04 (frag 81/95)
[download]  85.3% of ~ 330.61MiB at   13.01MiB/s ETA 00:04 (frag 81/95)
[download]  85.3% of ~ 330.65MiB at   13.01MiB/s ETA 00:04 (frag 81/95)
[download]  85.4% of ~ 330.72MiB at   13.01MiB/s ETA 00:04 (frag 81/95)
[download]  85.2% of ~ 331.55MiB at   13.09MiB/s ETA 00:04 (frag 81/95)
[download]  85.7% of ~ 330.70MiB at   13.09MiB/s ETA 00:04 (frag 81/95)
[download]  85.3% of ~ 332.26MiB at   13.09MiB/s ETA 00:04 (frag 81/95)
[download]  85.3% of ~ 332.27MiB at   13.09MiB/s ETA 00:04 (frag 81/95)
[download]  85.3% of ~ 332.27MiB at   13.09MiB/s ETA 00:04 (frag 81/95)
[download]  85.3% of ~ 332.27MiB at   13.09MiB/s ETA 00:04 (frag 81/95)
[download]  85.3% of ~ 332.28MiB at   13.09MiB/s ETA 00:04 (frag 81/95)
[download]  85.3% of ~ 332.30MiB at   13.09MiB/s ETA 00:04 (frag 81/95)
[download]  85.5% of ~ 331.97MiB at   13.09MiB/s ETA 00:04 (frag 81/95)
[download]  85.4% of ~ 332.35MiB at   13.09MiB/s ETA 00:04 (frag 82/95)
[download]  86.3% of ~ 328.71MiB at   13.09MiB/s ETA 00:04 (frag 82/95)
[download]  86.1% of ~ 329.47MiB at   13.17MiB/s ETA 00:04 (frag 82/95)
[download]  86.1% of ~ 329.47MiB at   13.17MiB/s ETA 00:04 (frag 82/95)
[download]  86.5% of ~ 328.38MiB at   13.17MiB/s ETA 00:04 (frag 82/95)
[download]  86.1% of ~ 329.61MiB at   13.17MiB/s ETA 00:04 (frag 82/95)
[download]  86.1% of ~ 329.62MiB at   13.17MiB/s ETA 00:04 (frag 82/95)
[download]  86.4% of ~ 328.53MiB at   13.17MiB/s ETA 00:04 (frag 83/95)
[download]  87.2% of ~ 325.70MiB at   13.17MiB/s ETA 00:04 (frag 83/95)
[download]  87.5% of ~ 324.84MiB at   13.17MiB/s ETA 00:04 (frag 83/95)
[download]  87.2% of ~ 326.00MiB at   13.17MiB/s ETA 00:04 (frag 83/95)
[download]  87.2% of ~ 326.04MiB at   13.17MiB/s ETA 00:04 (frag 83/95)
[download]  87.2% of ~ 325.89MiB at   13.17MiB/s ETA 00:04 (frag 83/95)
[download]  87.4% of ~ 325.50MiB at   12.64MiB/s ETA 00:04 (frag 83/95)
[download]  87.6% of ~ 325.44MiB at   12.23MiB/s ETA 00:04 (frag 83/95)
[download]  87.2% of ~ 326.67MiB at   12.23MiB/s ETA 00:04 (frag 83/95)
[download]  87.2% of ~ 326.67MiB at   12.23MiB/s ETA 00:04 (frag 83/95)
[download]  87.2% of ~ 326.67MiB at   12.23MiB/s ETA 00:04 (frag 83/95)
[download]  87.2% of ~ 326.67MiB at   12.23MiB/s ETA 00:04 (frag 83/95)
[download]  87.4% of ~ 326.22MiB at   12.23MiB/s ETA 00:04 (frag 83/95)
[download]  87.2% of ~ 326.96MiB at   12.23MiB/s ETA 00:04 (frag 83/95)
[download]  87.2% of ~ 326.98MiB at   12.23MiB/s ETA 00:04 (frag 83/95)
[download]  87.3% of ~ 327.02MiB at   12.23MiB/s ETA 00:04 (frag 83/95)
[download]  87.3% of ~ 327.09MiB at   12.23MiB/s ETA 00:04 (frag 83/95)
[download]  87.3% of ~ 327.23MiB at   12.23MiB/s ETA 00:04 (frag 83/95)
[download]  87.2% of ~ 327.59MiB at   12.23MiB/s ETA 00:04 (frag 83/95)
[download]  87.3% of ~ 327.36MiB at   11.95MiB/s ETA 00:04 (frag 83/95)
[download]  87.3% of ~ 327.36MiB at   11.95MiB/s ETA 00:04 (frag 83/95)
[download]  87.3% of ~ 327.36MiB at   11.95MiB/s ETA 00:04 (frag 83/95)
[download]  87.3% of ~ 327.37MiB at   11.95MiB/s ETA 00:04 (frag 83/95)
[download]  87.5% of ~ 327.07MiB at   11.95MiB/s ETA 00:04 (frag 83/95)
[download]  87.3% of ~ 327.94MiB at   11.64MiB/s ETA 00:04 (frag 83/95)
[download]  87.3% of ~ 327.96MiB at   11.64MiB/s ETA 00:04 (frag 83/95)
[download]  87.3% of ~ 327.75MiB at   11.64MiB/s ETA 00:04 (frag 83/95)
[download]  87.3% of ~ 327.75MiB at   11.64MiB/s ETA 00:04 (frag 83/95)
[download]  87.3% of ~ 327.76MiB at   11.64MiB/s ETA 00:04 (frag 83/95)
[download]  87.3% of ~ 327.76MiB at   11.64MiB/s ETA 00:04 (frag 83/95)
[download]  87.3% of ~ 327.77MiB at   11.64MiB/s ETA 00:04 (frag 83/95)
[download]  87.3% of ~ 328.18MiB at   11.64MiB/s ETA 00:04 (frag 83/95)
[download]  87.4% of ~ 328.07MiB at   11.53MiB/s ETA 00:04 (frag 83/95)
[download]  87.3% of ~ 328.35MiB at   11.53MiB/s ETA 00:04 (frag 83/95)
[download]  87.3% of ~ 328.79MiB at   11.36MiB/s ETA 00:04 (frag 83/95)
[download]  87.7% of ~ 328.19MiB at   11.12MiB/s ETA 00:04 (frag 83/95)
[download]  87.4% of ~ 329.59MiB at   10.90MiB/s ETA 00:04 (frag 83/95)
[download]  87.4% of ~ 329.66MiB at   10.90MiB/s ETA 00:04 (frag 83/95)
[download]  87.3% of ~ 330.04MiB at   10.90MiB/s ETA 00:04 (frag 83/95)
[download]  87.3% of ~ 330.34MiB at   10.90MiB/s ETA 00:04 (frag 83/95)
[download]  87.7% of ~ 330.16MiB at   10.71MiB/s ETA 00:04 (frag 83/95)
[download]  87.3% of ~ 331.97MiB at   10.71MiB/s ETA 00:04 (frag 83/95)
[download]  87.4% of ~ 332.32MiB at   10.71MiB/s ETA 00:04 (frag 83/95)
[download]  87.3% of ~ 332.89MiB at   10.71MiB/s ETA 00:04 (frag 83/95)
[download]  87.3% of ~ 333.14MiB at   10.74MiB/s ETA 00:04 (frag 84/95)
[download]  88.4% of ~ 329.06MiB at   10.74MiB/s ETA 00:04 (frag 84/95)
[download]  88.5% of ~ 329.10MiB at   10.75MiB/s ETA 00:03 (frag 84/95)
[download]  88.9% of ~ 329.12MiB at   10.75MiB/s ETA 00:03 (frag 84/95)
[download]  88.5% of ~ 330.56MiB at   10.75MiB/s ETA 00:03 (frag 85/95)
[download]  89.6% of ~ 327.37MiB at   10.75MiB/s ETA 00:03 (frag 85/95)
[download]  89.5% of ~ 328.32MiB at   10.75MiB/s ETA 00:03 (frag 85/95)
[download]  89.6% of ~ 329.24MiB at   10.99MiB/s ETA 00:03 (frag 85/95)
[download]  89.9% of ~ 329.68MiB at   11.15MiB/s ETA 00:03 (frag 85/95)
[download]  89.5% of ~ 331.30MiB at   11.15MiB/s ETA 00:03 (frag 86/95)
[download]  90.5% of ~ 327.64MiB at   11.15MiB/s ETA 00:03 (frag 86/95)
[download]  90.5% of ~ 327.64MiB at   11.15MiB/s ETA 00:03 (frag 86/95)
[download]  90.5% of ~ 327.65MiB at   11.15MiB/s ETA 00:03 (frag 86/95)
[download]  90.5% of ~ 327.65MiB at   11.15MiB/s ETA 00:03 (frag 86/95)
[download]  90.5% of ~ 327.66MiB at   11.15MiB/s ETA 00:03 (frag 86/95)
[download]  90.5% of ~ 327.68MiB at   11.10MiB/s ETA 00:03 (frag 86/95)
[download]  91.0% of ~ 328.01MiB at   11.10MiB/s ETA 00:03 (frag 86/95)
[download]  90.6% of ~ 329.46MiB at   11.10MiB/s ETA 00:03 (frag 86/95)
[download]  90.6% of ~ 329.46MiB at   11.10MiB/s ETA 00:03 (frag 86/95)
[download]  90.4% of ~ 330.07MiB at   11.10MiB/s ETA 00:03 (frag 87/95)
[download]  91.6% of ~ 325.72MiB at   11.10MiB/s ETA 00:03 (frag 87/95)
[download]  91.6% of ~ 325.73MiB at   11.10MiB/s ETA 00:03 (frag 87/95)
[download]  91.6% of ~ 325.74MiB at   11.10MiB/s ETA 00:03 (frag 87/95)
[download]  91.6% of ~ 325.75MiB at   11.10MiB/s ETA 00:03 (frag 87/95)
[download]  91.5% of ~ 326.08MiB at   11.10MiB/s ETA 00:03 (frag 87/95)
[download]  91.6% of ~ 325.85MiB at   11.10MiB/s ETA 00:03 (frag 87/95)
[download]  91.7% of ~ 326.14MiB at   11.10MiB/s ETA 00:03 (frag 87/95)
[download]  91.6% of ~ 326.46MiB at   11.27MiB/s ETA 00:03 (frag 87/95)
[download]  91.8% of ~ 327.04MiB at   11.27MiB/s ETA 00:03 (frag 87/95)
[download]  91.6% of ~ 327.97MiB at   11.44MiB/s ETA 00:03 (frag 87/95)
[download]  91.7% of ~ 327.81MiB at   11.44MiB/s ETA 00:03 (frag 87/95)
[download]  91.7% of ~ 327.87MiB at   11.40MiB/s ETA 00:03 (frag 87/95)
[download]  91.7% of ~ 327.87MiB at   11.40MiB/s ETA 00:03 (frag 87/95)
[download]  91.7% of ~ 327.87MiB at   11.40MiB/s ETA 00:03 (frag 87/95)
[download]  91.7% of ~ 327.87MiB at   11.40MiB/s ETA 00:03 (frag 87/95)
[download]  91.7% of ~ 327.88MiB at   11.40MiB/s ETA 00:03 (frag 87/95)
[download]  91.7% of ~ 327.90MiB at   11.40MiB/s ETA 00:03 (frag 87/95)
[download]  91.7% of ~ 327.93MiB at   11.40MiB/s ETA 00:03 (frag 87/95)
[download]  91.6% of ~ 328.51MiB at   11.34MiB/s ETA 00:03 (frag 87/95)
[download]  91.8% of ~ 328.48MiB at   11.34MiB/s ETA 00:03 (frag 87/95)
[download]  91.7% of ~ 328.81MiB at   11.34MiB/s ETA 00:03 (frag 87/95)
[download]  92.3% of ~ 326.57MiB at   11.34MiB/s ETA 00:03 (frag 87/95)
[download]  92.3% of ~ 326.57MiB at   11.34MiB/s ETA 00:03 (frag 87/95)
[download]  92.3% of ~ 326.57MiB at   11.34MiB/s ETA 00:03 (frag 87/95)
[download]  92.3% of ~ 326.57MiB at   11.34MiB/s ETA 00:03 (frag 87/95)
[download]  92.4% of ~ 326.58MiB at   11.34MiB/s ETA 00:03 (frag 87/95)
[download]  92.4% of ~ 326.60MiB at   11.34MiB/s ETA 00:03 (frag 87/95)
[download]  92.4% of ~ 326.63MiB at   11.34MiB/s ETA 00:03 (frag 87/95)
[download]  92.4% of ~ 326.70MiB at   11.36MiB/s ETA 00:03 (frag 87/95)
[download]  91.8% of ~ 329.21MiB at   11.36MiB/s ETA 00:03 (frag 87/95)
[download]  92.0% of ~ 330.14MiB at   11.49MiB/s ETA 00:03 (frag 87/95)
[download]  91.5% of ~ 332.03MiB at   11.49MiB/s ETA 00:03 (frag 88/95)
[download]  93.0% of ~ 327.86MiB at   11.49MiB/s ETA 00:03 (frag 88/95)
[download]  93.5% of ~ 326.36MiB at   11.49MiB/s ETA 00:03 (frag 88/95)
[download]  92.7% of ~ 329.48MiB at   11.49MiB/s ETA 00:03 (frag 88/95)
[download]  92.9% of ~ 329.51MiB at   11.49MiB/s ETA 00:03 (frag 88/95)
[download]  93.5% of ~ 327.69MiB at   11.81MiB/s ETA 00:02 (frag 88/95)
[download]  93.4% of ~ 328.15MiB at   11.81MiB/s ETA 00:02 (frag 89/95)
[download]  94.1% of ~ 327.83MiB at   12.29MiB/s ETA 00:02 (frag 89/95)
[download]  94.1% of ~ 329.15MiB at   12.29MiB/s ETA 00:02 (frag 89/95)
[download]  93.7% of ~ 330.56MiB at   12.29MiB/s ETA 00:02 (frag 90/95)
[download]  94.6% of ~ 327.70MiB at   12.29MiB/s ETA 00:02 (frag 90/95)
[download]  94.5% of ~ 327.78MiB at   12.29MiB/s ETA 00:02 (frag 91/95)
[download]  96.1% of ~ 323.66MiB at   12.79MiB/s ETA 00:02 (frag 91/95)
[download]  96.2% of ~ 324.28MiB at   12.79MiB/s ETA 00:02 (frag 91/95)
[download]  96.0% of ~ 325.80MiB at   13.16MiB/s ETA 00:02 (frag 91/95)
[download]  96.2% of ~ 326.35MiB at   13.20MiB/s ETA 00:02 (frag 91/95)
[download]  95.9% of ~ 327.52MiB at   13.20MiB/s ETA 00:02 (frag 92/95)
[download]  97.3% of ~ 324.48MiB at   12.86MiB/s ETA 00:02 (frag 92/95)
[download]  96.8% of ~ 326.12MiB at   12.86MiB/s ETA 00:02 (frag 93/95)
[download]  98.2% of ~ 322.58MiB at   12.47MiB/s ETA 00:01 (frag 93/95)
[download]  97.9% of ~ 323.87MiB at   12.14MiB/s ETA 00:01 (frag 93/95)
[download]  97.9% of ~ 324.12MiB at   12.14MiB/s ETA 00:01 (frag 94/95)
[download]  99.3% of ~ 320.31MiB at    9.98MiB/s ETA 00:01 (frag 94/95)
[download]  99.2% of ~ 321.31MiB at    7.58MiB/s ETA 00:01 (frag 94/95)
[download]  99.2% of ~ 321.81MiB at    5.70MiB/s ETA 00:01 (frag 94/95)
[download]  99.0% of ~ 322.43MiB at    5.70MiB/s ETA 00:01 (frag 95/95)
[download] 100% of  319.31MiB in 00:00:36 at 8.84MiB/s
[FixupM3u8] Fixing MPEG-TS in MP4 container of "D:\ĎÂÔŘ\She_was_really_horny_so_she_had_sex_with_me_during_a_work_Zoom_meeting-opiilfo6668.mp4"
[Metadata] Adding metadata to "D:\ĎÂÔŘ\She_was_really_horny_so_she_had_sex_with_me_during_a_work_Zoom_meeting-opiilfo6668.mp4"
