[generic] Extracting URL: https://www.xvideos.com/prof-video-click/upload/myamya42/ucacoub5079/_
[generic] _: Downloading webpage
[redirect] Following redirect to https://www.xvideos.com/video.ucacoub5079/big_boobs_college_teen_like_riding_big_dick
[XVideos] Extracting URL: https://www.xvideos.com/video.ucacoub5079/big_boobs_college_teen_like_riding_big_dick
[XVideos] ucacoub5079: Downloading webpage
[XVideos] ucacoub5079: Downloading m3u8 information
[XVideos] ucacoub5079: Checking hls-480p video format URL
[XVideos] ucacoub5079: Checking hls-720p video format URL
[XVideos] ucacoub5079: Checking hls-1080p video format URL
[XVideos] ucacoub5079: Checking hls-360p video format URL
[XVideos] ucacoub5079: Checking hls-250p video format URL
[info] ucacoub5079: Downloading 1 format(s): hls-1080p
[info] Downloading video thumbnail 1 ...
[info] Writing video thumbnail 1 to: D:\ĎÂÔŘ\Big_boobs_college_teen_like_riding_big_dick-ucacoub5079.jpg
[hlsnative] Downloading m3u8 manifest
[hlsnative] Total fragments: 69
[download] Destination: D:\ĎÂÔŘ\Big_boobs_college_teen_like_riding_big_dick-ucacoub5079.mp4
[download]   0.0% of ~ 168.87MiB at    727.96B/s ETA Unknown (frag 0/69)
[download]   0.0% of ~ 168.93MiB at    727.96B/s ETA Unknown (frag 0/69)
[download]   0.0% of ~ 169.07MiB at    727.96B/s ETA Unknown (frag 0/69)
[download]   0.0% of ~ 169.34MiB at    727.96B/s ETA Unknown (frag 0/69)
[download]   0.0% of ~ 169.88MiB at    727.96B/s ETA Unknown (frag 0/69)
[download]   0.0% of ~ 170.95MiB at   35.05KiB/s ETA Unknown (frag 0/69)
[download]   0.1% of ~ 173.11MiB at   81.23KiB/s ETA Unknown (frag 0/69)
[download]   0.1% of ~ 177.42MiB at  149.25KiB/s ETA Unknown (frag 0/69)
[download]   0.3% of ~ 186.05MiB at  265.34KiB/s ETA Unknown (frag 0/69)
[download]   0.2% of ~ 214.44MiB at  332.44KiB/s ETA 07:27 (frag 0/69)
[download]   0.2% of ~ 214.51MiB at  332.44KiB/s ETA 07:27 (frag 0/69)
[download]   0.2% of ~ 214.65MiB at  332.44KiB/s ETA 07:27 (frag 0/69)
[download]   0.2% of ~ 214.92MiB at  332.44KiB/s ETA 07:27 (frag 0/69)
[download]   0.2% of ~ 214.06MiB at  332.44KiB/s ETA 07:27 (frag 0/69)
[download]   0.2% of ~ 214.12MiB at  332.44KiB/s ETA 07:27 (frag 0/69)
[download]   0.2% of ~ 214.26MiB at  332.44KiB/s ETA 07:27 (frag 0/69)
[download]   0.2% of ~ 214.53MiB at  332.44KiB/s ETA 07:27 (frag 0/69)
[download]   0.5% of ~ 205.32MiB at  332.44KiB/s ETA 07:27 (frag 0/69)
[download]   0.5% of ~ 197.04MiB at  517.83KiB/s ETA 07:04 (frag 0/69)
[download]   0.5% of ~ 197.11MiB at  517.83KiB/s ETA 07:04 (frag 0/69)
[download]   0.5% of ~ 197.24MiB at  517.83KiB/s ETA 07:04 (frag 0/69)
[download]   0.5% of ~ 197.51MiB at  517.83KiB/s ETA 07:04 (frag 0/69)
[download]   0.4% of ~ 244.32MiB at  517.83KiB/s ETA 07:04 (frag 0/69)
[download]   0.4% of ~ 244.39MiB at  517.83KiB/s ETA 07:04 (frag 0/69)
[download]   0.4% of ~ 244.52MiB at  517.83KiB/s ETA 07:04 (frag 0/69)
[download]   0.4% of ~ 244.79MiB at  517.83KiB/s ETA 07:04 (frag 0/69)
[download]   0.4% of ~ 261.08MiB at  639.96KiB/s ETA 06:50 (frag 0/69)
[download]   0.4% of ~ 261.14MiB at  639.96KiB/s ETA 06:50 (frag 0/69)
[download]   0.4% of ~ 261.28MiB at  639.96KiB/s ETA 06:50 (frag 0/69)
[download]   0.4% of ~ 261.55MiB at  639.96KiB/s ETA 06:50 (frag 0/69)
[download]   0.4% of ~ 254.00MiB at  639.96KiB/s ETA 06:50 (frag 0/69)
[download]   0.5% of ~ 201.15MiB at  639.96KiB/s ETA 06:50 (frag 0/69)
[download]   0.4% of ~ 256.15MiB at  723.54KiB/s ETA 06:38 (frag 0/69)
[download]   0.4% of ~ 266.40MiB at  723.54KiB/s ETA 06:38 (frag 0/69)
[download]   0.9% of ~ 248.24MiB at  723.54KiB/s ETA 06:38 (frag 0/69)
[download]   0.7% of ~ 326.99MiB at  723.54KiB/s ETA 06:38 (frag 0/69)
[download]   0.7% of ~ 321.81MiB at  723.54KiB/s ETA 06:38 (frag 0/69)
[download]   0.8% of ~ 319.40MiB at  723.54KiB/s ETA 06:38 (frag 0/69)
[download]   0.8% of ~ 350.33MiB at  723.54KiB/s ETA 06:38 (frag 1/69)
[download]   1.5% of ~ 180.04MiB at  723.54KiB/s ETA 06:38 (frag 1/69)
[download]   1.7% of ~ 154.85MiB at  723.54KiB/s ETA 06:38 (frag 1/69)
[download]   1.5% of ~ 179.07MiB at  723.54KiB/s ETA 06:38 (frag 1/69)
[download]   1.5% of ~ 188.02MiB at    1.10MiB/s ETA 06:07 (frag 1/69)
[download]   1.5% of ~ 185.05MiB at    1.10MiB/s ETA 06:07 (frag 1/69)
[download]   1.5% of ~ 186.51MiB at    1.35MiB/s ETA 05:40 (frag 1/69)
[download]   1.8% of ~ 162.40MiB at    1.35MiB/s ETA 05:40 (frag 1/69)
[download]   1.6% of ~ 187.69MiB at    1.35MiB/s ETA 05:40 (frag 1/69)
[download]   1.6% of ~ 197.72MiB at    1.35MiB/s ETA 05:40 (frag 1/69)
[download]   1.5% of ~ 199.10MiB at    1.35MiB/s ETA 05:40 (frag 1/69)
[download]   1.5% of ~ 199.14MiB at    1.35MiB/s ETA 05:40 (frag 1/69)
[download]   1.5% of ~ 199.21MiB at    1.35MiB/s ETA 05:40 (frag 1/69)
[download]   1.5% of ~ 199.34MiB at    1.35MiB/s ETA 05:40 (frag 1/69)
[download]   1.6% of ~ 196.34MiB at    1.56MiB/s ETA 05:15 (frag 1/69)
[download]   1.7% of ~ 199.95MiB at    1.56MiB/s ETA 05:15 (frag 1/69)
[download]   1.7% of ~ 201.13MiB at    1.56MiB/s ETA 05:15 (frag 1/69)
[download]   1.4% of ~ 244.15MiB at    1.56MiB/s ETA 05:15 (frag 1/69)
[download]   2.0% of ~ 182.35MiB at    1.56MiB/s ETA 05:15 (frag 1/69)
[download]   1.4% of ~ 248.50MiB at    1.56MiB/s ETA 05:15 (frag 1/69)
[download]   1.4% of ~ 248.56MiB at    1.56MiB/s ETA 05:15 (frag 1/69)
[download]   1.4% of ~ 248.70MiB at    1.56MiB/s ETA 05:15 (frag 1/69)
[download]   1.5% of ~ 248.97MiB at    1.56MiB/s ETA 05:15 (frag 1/69)
[download]   1.5% of ~ 249.51MiB at    1.56MiB/s ETA 05:15 (frag 1/69)
[download]   1.5% of ~ 250.58MiB at    1.56MiB/s ETA 05:15 (frag 1/69)
[download]   1.6% of ~ 225.44MiB at    1.56MiB/s ETA 05:15 (frag 1/69)
[download]   1.6% of ~ 225.47MiB at    1.56MiB/s ETA 05:15 (frag 1/69)
[download]   1.6% of ~ 225.54MiB at    1.56MiB/s ETA 05:15 (frag 1/69)
[download]   1.6% of ~ 225.67MiB at    1.56MiB/s ETA 05:15 (frag 1/69)
[download]   1.5% of ~ 253.25MiB at    1.78MiB/s ETA 04:54 (frag 1/69)
[download]   1.8% of ~ 221.99MiB at    1.78MiB/s ETA 04:54 (frag 1/69)
[download]   1.8% of ~ 234.58MiB at    1.78MiB/s ETA 04:54 (frag 1/69)
[download]   1.8% of ~ 235.89MiB at    1.78MiB/s ETA 04:54 (frag 1/69)
[download]   1.9% of ~ 236.16MiB at    1.78MiB/s ETA 04:54 (frag 1/69)
[download]   1.8% of ~ 252.36MiB at    2.01MiB/s ETA 04:35 (frag 1/69)
[download]   2.2% of ~ 218.36MiB at    2.01MiB/s ETA 04:35 (frag 1/69)
[download]   1.7% of ~ 288.82MiB at    2.01MiB/s ETA 04:35 (frag 1/69)
[download]   1.9% of ~ 265.85MiB at    2.01MiB/s ETA 04:35 (frag 1/69)
[download]   2.0% of ~ 259.82MiB at    2.01MiB/s ETA 04:35 (frag 1/69)
[download]   2.0% of ~ 276.32MiB at    2.32MiB/s ETA 04:16 (frag 1/69)
[download]   1.9% of ~ 288.47MiB at    2.32MiB/s ETA 04:16 (frag 1/69)
[download]   2.2% of ~ 281.98MiB at    2.32MiB/s ETA 04:16 (frag 1/69)
[download]   2.2% of ~ 298.53MiB at    2.32MiB/s ETA 04:16 (frag 1/69)
[download]   2.1% of ~ 319.75MiB at    2.32MiB/s ETA 04:16 (frag 1/69)
[download]   2.0% of ~ 353.51MiB at    2.32MiB/s ETA 04:16 (frag 1/69)
[download]   2.3% of ~ 332.06MiB at    2.83MiB/s ETA 03:58 (frag 1/69)
[download]   2.5% of ~ 326.17MiB at    2.83MiB/s ETA 03:58 (frag 1/69)
[download]   2.2% of ~ 377.96MiB at    3.18MiB/s ETA 03:44 (frag 1/69)
[download]   2.5% of ~ 371.84MiB at    3.18MiB/s ETA 03:44 (frag 1/69)
[download]   2.5% of ~ 407.04MiB at    3.18MiB/s ETA 03:44 (frag 1/69)
[download]   2.4% of ~ 440.84MiB at    3.75MiB/s ETA 03:30 (frag 1/69)
[download]   2.3% of ~ 461.19MiB at    3.75MiB/s ETA 03:30 (frag 2/69)
[download]   4.0% of ~ 289.95MiB at    3.75MiB/s ETA 03:30 (frag 2/69)
[download]   3.8% of ~ 309.00MiB at    3.75MiB/s ETA 03:30 (frag 3/69)
[download]   5.0% of ~ 245.23MiB at    3.75MiB/s ETA 03:30 (frag 3/69)
[download]   4.8% of ~ 255.75MiB at    3.75MiB/s ETA 03:30 (frag 4/69)
[download]   6.0% of ~ 205.91MiB at    3.75MiB/s ETA 03:30 (frag 4/69)
[download]   6.5% of ~ 204.79MiB at    3.75MiB/s ETA 03:30 (frag 4/69)
[download]   6.2% of ~ 221.74MiB at    3.75MiB/s ETA 03:30 (frag 4/69)
[download]   6.2% of ~ 240.97MiB at    3.75MiB/s ETA 03:30 (frag 4/69)
[download]   6.1% of ~ 243.85MiB at    3.75MiB/s ETA 03:30 (frag 4/69)
[download]   6.4% of ~ 241.02MiB at    4.72MiB/s ETA 03:12 (frag 4/69)
[download]   6.2% of ~ 247.90MiB at    4.72MiB/s ETA 03:12 (frag 5/69)
[download]   7.5% of ~ 208.95MiB at    4.72MiB/s ETA 03:12 (frag 5/69)
[download]   7.9% of ~ 212.09MiB at    5.50MiB/s ETA 02:55 (frag 5/69)
[download]   7.8% of ~ 223.59MiB at    5.50MiB/s ETA 02:55 (frag 5/69)
[download]   7.5% of ~ 231.95MiB at    5.50MiB/s ETA 02:55 (frag 6/69)
[download]   8.9% of ~ 199.82MiB at    6.12MiB/s ETA 02:40 (frag 6/69)
[download]   9.0% of ~ 201.05MiB at    6.12MiB/s ETA 02:40 (frag 6/69)
[download]   9.2% of ~ 215.01MiB at    6.12MiB/s ETA 02:40 (frag 6/69)
[download]   8.6% of ~ 230.99MiB at    6.12MiB/s ETA 02:40 (frag 7/69)
[download]  10.4% of ~ 195.29MiB at    6.73MiB/s ETA 02:26 (frag 7/69)
[download]   9.7% of ~ 209.24MiB at    6.73MiB/s ETA 02:26 (frag 7/69)
[download]   9.7% of ~ 209.24MiB at    6.73MiB/s ETA 02:26 (frag 7/69)
[download]   9.7% of ~ 209.26MiB at    6.73MiB/s ETA 02:26 (frag 7/69)
[download]   9.7% of ~ 209.29MiB at    6.73MiB/s ETA 02:26 (frag 7/69)
[download]   9.7% of ~ 209.36MiB at    6.73MiB/s ETA 02:26 (frag 7/69)
[download]   9.7% of ~ 209.50MiB at    7.10MiB/s ETA 02:14 (frag 7/69)
[download]  10.7% of ~ 199.06MiB at    7.10MiB/s ETA 02:14 (frag 7/69)
[download]   9.8% of ~ 218.39MiB at    7.10MiB/s ETA 02:14 (frag 7/69)
[download]   9.6% of ~ 222.36MiB at    7.10MiB/s ETA 02:14 (frag 7/69)
[download]   9.6% of ~ 222.37MiB at    7.10MiB/s ETA 02:14 (frag 7/69)
[download]   9.6% of ~ 222.39MiB at    7.10MiB/s ETA 02:14 (frag 7/69)
[download]   9.6% of ~ 222.42MiB at    7.10MiB/s ETA 02:14 (frag 7/69)
[download]   9.9% of ~ 219.06MiB at    7.42MiB/s ETA 02:03 (frag 7/69)
[download]   9.9% of ~ 217.72MiB at    7.42MiB/s ETA 02:03 (frag 7/69)
[download]   9.9% of ~ 217.73MiB at    7.42MiB/s ETA 02:03 (frag 7/69)
[download]   9.9% of ~ 217.75MiB at    7.42MiB/s ETA 02:03 (frag 7/69)
[download]   9.8% of ~ 221.18MiB at    7.42MiB/s ETA 02:03 (frag 7/69)
[download]   9.9% of ~ 217.79MiB at    7.42MiB/s ETA 02:03 (frag 7/69)
[download]   9.8% of ~ 221.25MiB at    7.42MiB/s ETA 02:03 (frag 7/69)
[download]   9.9% of ~ 217.87MiB at    7.42MiB/s ETA 02:03 (frag 7/69)
[download]   9.8% of ~ 221.40MiB at    7.42MiB/s ETA 02:03 (frag 7/69)
[download]   9.9% of ~ 218.04MiB at    7.42MiB/s ETA 02:03 (frag 7/69)
[download]  10.6% of ~ 210.02MiB at    7.42MiB/s ETA 02:03 (frag 7/69)
[download]   9.8% of ~ 227.79MiB at    7.42MiB/s ETA 02:03 (frag 7/69)
[download]  10.0% of ~ 224.46MiB at    7.42MiB/s ETA 02:03 (frag 7/69)
[download]  10.3% of ~ 216.70MiB at    7.42MiB/s ETA 02:03 (frag 8/69)
[download]  11.1% of ~ 203.01MiB at    7.42MiB/s ETA 02:03 (frag 8/69)
[download]  11.1% of ~ 203.13MiB at    7.42MiB/s ETA 02:03 (frag 8/69)
[download]  11.1% of ~ 203.37MiB at    7.42MiB/s ETA 02:03 (frag 8/69)
[download]  11.3% of ~ 200.83MiB at    7.42MiB/s ETA 02:03 (frag 8/69)
[download]  11.1% of ~ 204.81MiB at    7.42MiB/s ETA 02:03 (frag 8/69)
[download]  11.2% of ~ 203.95MiB at    7.42MiB/s ETA 02:03 (frag 8/69)
[download]  11.2% of ~ 203.96MiB at    7.42MiB/s ETA 02:03 (frag 8/69)
[download]  11.3% of ~ 201.05MiB at    7.42MiB/s ETA 02:03 (frag 8/69)
[download]  11.2% of ~ 203.98MiB at    7.42MiB/s ETA 02:03 (frag 8/69)
[download]  11.3% of ~ 201.09MiB at    7.42MiB/s ETA 02:03 (frag 8/69)
[download]  11.2% of ~ 204.03MiB at    7.42MiB/s ETA 02:03 (frag 8/69)
[download]  11.3% of ~ 201.17MiB at    7.42MiB/s ETA 02:03 (frag 8/69)
[download]  11.2% of ~ 204.12MiB at    7.42MiB/s ETA 02:03 (frag 8/69)
[download]  11.3% of ~ 201.32MiB at    7.42MiB/s ETA 02:03 (frag 8/69)
[download]  11.2% of ~ 204.30MiB at    7.42MiB/s ETA 02:03 (frag 8/69)
[download]  11.3% of ~ 201.61MiB at    7.42MiB/s ETA 02:03 (frag 8/69)
[download]  11.2% of ~ 204.66MiB at    7.42MiB/s ETA 02:03 (frag 8/69)
[download]  11.2% of ~ 205.14MiB at    7.42MiB/s ETA 02:03 (frag 8/69)
[download]  11.3% of ~ 207.04MiB at    7.78MiB/s ETA 01:53 (frag 8/69)
[download]  11.3% of ~ 208.01MiB at    7.78MiB/s ETA 01:53 (frag 8/69)
[download]  11.4% of ~ 207.01MiB at    8.01MiB/s ETA 01:44 (frag 8/69)
[download]  11.2% of ~ 211.98MiB at    8.01MiB/s ETA 01:44 (frag 8/69)
[download]  11.4% of ~ 209.16MiB at    8.14MiB/s ETA 01:35 (frag 8/69)
[download]  11.5% of ~ 209.64MiB at    8.18MiB/s ETA 01:28 (frag 8/69)
[download]  12.2% of ~ 205.90MiB at    8.18MiB/s ETA 01:28 (frag 8/69)
[download]  12.1% of ~ 213.57MiB at    8.33MiB/s ETA 01:21 (frag 8/69)
[download]  11.8% of ~ 219.93MiB at    8.33MiB/s ETA 01:21 (frag 9/69)
[download]  12.4% of ~ 208.39MiB at    8.77MiB/s ETA 01:15 (frag 9/69)
[download]  12.4% of ~ 208.49MiB at    8.77MiB/s ETA 01:15 (frag 9/69)
[download]  12.4% of ~ 208.71MiB at    8.77MiB/s ETA 01:15 (frag 9/69)
[download]  12.5% of ~ 209.14MiB at    8.77MiB/s ETA 01:15 (frag 9/69)
[download]  12.9% of ~ 206.41MiB at    8.77MiB/s ETA 01:15 (frag 9/69)
[download]  12.7% of ~ 208.87MiB at    9.09MiB/s ETA 01:09 (frag 9/69)
[download]  12.7% of ~ 208.87MiB at    9.09MiB/s ETA 01:09 (frag 9/69)
[download]  12.7% of ~ 208.89MiB at    9.09MiB/s ETA 01:09 (frag 9/69)
[download]  12.7% of ~ 208.91MiB at    9.09MiB/s ETA 01:09 (frag 9/69)
[download]  12.7% of ~ 208.97MiB at    9.09MiB/s ETA 01:09 (frag 9/69)
[download]  12.7% of ~ 209.07MiB at    9.09MiB/s ETA 01:09 (frag 9/69)
[download]  12.6% of ~ 213.88MiB at    9.09MiB/s ETA 01:09 (frag 9/69)
[download]  13.0% of ~ 209.38MiB at    9.09MiB/s ETA 01:09 (frag 9/69)
[download]  12.8% of ~ 212.74MiB at    9.31MiB/s ETA 01:04 (frag 9/69)
[download]  12.8% of ~ 215.80MiB at    9.31MiB/s ETA 01:04 (frag 9/69)
[download]  12.9% of ~ 216.53MiB at    9.31MiB/s ETA 01:04 (frag 9/69)
[download]  13.0% of ~ 218.26MiB at    9.31MiB/s ETA 01:04 (frag 9/69)
[download]  12.9% of ~ 221.45MiB at    9.55MiB/s ETA 01:00 (frag 9/69)
[download]  13.2% of ~ 222.22MiB at    9.55MiB/s ETA 01:00 (frag 9/69)
[download]  13.2% of ~ 226.88MiB at    9.55MiB/s ETA 01:00 (frag 9/69)
[download]  13.0% of ~ 233.81MiB at    9.84MiB/s ETA 00:56 (frag 9/69)
[download]  13.0% of ~ 235.42MiB at    9.84MiB/s ETA 00:56 (frag 9/69)
[download]  13.3% of ~ 238.14MiB at    9.84MiB/s ETA 00:56 (frag 9/69)
[download]  13.2% of ~ 240.70MiB at    9.84MiB/s ETA 00:56 (frag 9/69)
[download]  13.2% of ~ 240.71MiB at    9.84MiB/s ETA 00:56 (frag 9/69)
[download]  13.2% of ~ 240.72MiB at    9.84MiB/s ETA 00:56 (frag 9/69)
[download]  13.2% of ~ 240.75MiB at    9.84MiB/s ETA 00:56 (frag 9/69)
[download]  13.2% of ~ 240.80MiB at    9.84MiB/s ETA 00:56 (frag 9/69)
[download]  13.3% of ~ 246.88MiB at   10.21MiB/s ETA 00:52 (frag 9/69)
[download]  13.7% of ~ 252.15MiB at   10.21MiB/s ETA 00:52 (frag 9/69)
[download]  13.0% of ~ 264.73MiB at   10.21MiB/s ETA 00:52 (frag 10/69)
[download]  14.6% of ~ 236.72MiB at   10.21MiB/s ETA 00:52 (frag 10/69)
[download]  14.4% of ~ 244.13MiB at   10.21MiB/s ETA 00:52 (frag 10/69)
[download]  15.2% of ~ 243.01MiB at   10.83MiB/s ETA 00:48 (frag 10/69)
[download]  14.5% of ~ 254.30MiB at   10.83MiB/s ETA 00:48 (frag 10/69)
[download]  14.5% of ~ 254.41MiB at   10.83MiB/s ETA 00:48 (frag 11/69)
[download]  16.0% of ~ 230.49MiB at   10.83MiB/s ETA 00:48 (frag 11/69)
[download]  16.1% of ~ 230.85MiB at   10.83MiB/s ETA 00:48 (frag 11/69)
[download]  16.3% of ~ 232.99MiB at   10.83MiB/s ETA 00:48 (frag 11/69)
[download]  16.1% of ~ 240.11MiB at   10.83MiB/s ETA 00:48 (frag 11/69)
[download]  16.6% of ~ 245.17MiB at   11.71MiB/s ETA 00:45 (frag 11/69)
[download]  15.8% of ~ 256.67MiB at   11.71MiB/s ETA 00:45 (frag 11/69)
[download]  15.8% of ~ 257.02MiB at   11.71MiB/s ETA 00:45 (frag 12/69)
[download]  17.5% of ~ 236.64MiB at   11.71MiB/s ETA 00:45 (frag 12/69)
[download]  17.6% of ~ 236.98MiB at   11.71MiB/s ETA 00:45 (frag 12/69)
[download]  18.0% of ~ 239.62MiB at   11.71MiB/s ETA 00:45 (frag 12/69)
[download]  17.4% of ~ 247.27MiB at   11.71MiB/s ETA 00:45 (frag 13/69)
[download]  18.9% of ~ 227.78MiB at   12.68MiB/s ETA 00:42 (frag 13/69)
[download]  18.9% of ~ 227.78MiB at   12.68MiB/s ETA 00:42 (frag 13/69)
[download]  18.9% of ~ 227.79MiB at   12.68MiB/s ETA 00:42 (frag 13/69)
[download]  18.9% of ~ 227.81MiB at   12.68MiB/s ETA 00:42 (frag 13/69)
[download]  18.9% of ~ 227.85MiB at   12.68MiB/s ETA 00:42 (frag 13/69)
[download]  19.0% of ~ 227.93MiB at   12.68MiB/s ETA 00:42 (frag 13/69)
[download]  19.0% of ~ 228.08MiB at   12.68MiB/s ETA 00:42 (frag 13/69)
[download]  19.0% of ~ 228.39MiB at   12.68MiB/s ETA 00:42 (frag 13/69)
[download]  19.1% of ~ 232.01MiB at   12.68MiB/s ETA 00:42 (frag 13/69)
[download]  19.1% of ~ 234.55MiB at   12.68MiB/s ETA 00:42 (frag 13/69)
[download]  19.3% of ~ 240.72MiB at   12.68MiB/s ETA 00:42 (frag 13/69)
[download]  19.1% of ~ 243.47MiB at   13.57MiB/s ETA 00:39 (frag 13/69)
[download]  19.1% of ~ 243.47MiB at   13.57MiB/s ETA 00:39 (frag 13/69)
[download]  19.1% of ~ 243.48MiB at   13.57MiB/s ETA 00:39 (frag 13/69)
[download]  19.1% of ~ 243.50MiB at   13.57MiB/s ETA 00:39 (frag 13/69)
[download]  19.1% of ~ 243.54MiB at   13.57MiB/s ETA 00:39 (frag 13/69)
[download]  19.1% of ~ 243.62MiB at   13.57MiB/s ETA 00:39 (frag 13/69)
[download]  19.1% of ~ 243.77MiB at   13.57MiB/s ETA 00:39 (frag 13/69)
[download]  19.2% of ~ 244.08MiB at   13.57MiB/s ETA 00:39 (frag 13/69)
[download]  19.2% of ~ 243.23MiB at   14.26MiB/s ETA 00:36 (frag 13/69)
[download]  19.2% of ~ 243.23MiB at   14.26MiB/s ETA 00:36 (frag 13/69)
[download]  19.2% of ~ 243.24MiB at   14.26MiB/s ETA 00:36 (frag 13/69)
[download]  19.2% of ~ 243.26MiB at   14.26MiB/s ETA 00:36 (frag 13/69)
[download]  19.2% of ~ 243.30MiB at   14.26MiB/s ETA 00:36 (frag 13/69)
[download]  19.2% of ~ 243.38MiB at   14.26MiB/s ETA 00:36 (frag 13/69)
[download]  19.3% of ~ 243.53MiB at   14.26MiB/s ETA 00:36 (frag 13/69)
[download]  19.4% of ~ 246.88MiB at   14.26MiB/s ETA 00:36 (frag 13/69)
[download]  19.3% of ~ 247.93MiB at   14.74MiB/s ETA 00:34 (frag 13/69)
[download]  19.3% of ~ 247.94MiB at   14.74MiB/s ETA 00:34 (frag 13/69)
[download]  19.3% of ~ 247.95MiB at   14.74MiB/s ETA 00:34 (frag 13/69)
[download]  19.3% of ~ 247.97MiB at   14.74MiB/s ETA 00:34 (frag 13/69)
[download]  19.3% of ~ 248.01MiB at   14.74MiB/s ETA 00:34 (frag 13/69)
[download]  19.3% of ~ 248.08MiB at   14.74MiB/s ETA 00:34 (frag 13/69)
[download]  19.3% of ~ 248.24MiB at   14.74MiB/s ETA 00:34 (frag 13/69)
[download]  19.2% of ~ 251.81MiB at   14.74MiB/s ETA 00:34 (frag 13/69)
[download]  19.5% of ~ 256.04MiB at   14.74MiB/s ETA 00:34 (frag 13/69)
[download]  18.9% of ~ 264.32MiB at   14.74MiB/s ETA 00:34 (frag 14/69)
[download]  20.7% of ~ 241.63MiB at   14.74MiB/s ETA 00:34 (frag 14/69)
[download]  20.7% of ~ 243.57MiB at   14.74MiB/s ETA 00:34 (frag 14/69)
[download]  20.8% of ~ 242.58MiB at   15.29MiB/s ETA 00:31 (frag 14/69)
[download]  20.9% of ~ 243.15MiB at   15.29MiB/s ETA 00:31 (frag 14/69)
[download]  20.4% of ~ 253.21MiB at   15.29MiB/s ETA 00:31 (frag 14/69)
[download]  20.7% of ~ 251.94MiB at   15.86MiB/s ETA 00:29 (frag 14/69)
[download]  20.8% of ~ 251.98MiB at   16.15MiB/s ETA 00:28 (frag 14/69)
[download]  21.0% of ~ 255.97MiB at   16.15MiB/s ETA 00:28 (frag 14/69)
[download]  20.5% of ~ 261.47MiB at   16.15MiB/s ETA 00:28 (frag 15/69)
[download]  22.3% of ~ 242.46MiB at   16.66MiB/s ETA 00:26 (frag 15/69)
[download]  22.3% of ~ 246.74MiB at   16.66MiB/s ETA 00:26 (frag 15/69)
[download]  22.2% of ~ 248.37MiB at   16.89MiB/s ETA 00:24 (frag 15/69)
[download]  22.2% of ~ 248.37MiB at   16.89MiB/s ETA 00:24 (frag 15/69)
[download]  22.2% of ~ 248.38MiB at   16.89MiB/s ETA 00:24 (frag 15/69)
[download]  22.2% of ~ 248.40MiB at   16.89MiB/s ETA 00:24 (frag 15/69)
[download]  22.2% of ~ 248.43MiB at   17.12MiB/s ETA 00:23 (frag 15/69)
[download]  22.2% of ~ 248.50MiB at   17.12MiB/s ETA 00:23 (frag 15/69)
[download]  22.2% of ~ 248.63MiB at   17.12MiB/s ETA 00:23 (frag 15/69)
[download]  22.2% of ~ 250.75MiB at   17.12MiB/s ETA 00:23 (frag 15/69)
[download]  22.3% of ~ 251.06MiB at   17.20MiB/s ETA 00:22 (frag 15/69)
[download]  22.3% of ~ 251.60MiB at   17.20MiB/s ETA 00:22 (frag 15/69)
[download]  22.4% of ~ 252.51MiB at   17.20MiB/s ETA 00:22 (frag 15/69)
[download]  22.6% of ~ 255.40MiB at   17.20MiB/s ETA 00:22 (frag 15/69)
[download]  22.1% of ~ 260.42MiB at   17.34MiB/s ETA 00:21 (frag 15/69)
[download]  22.1% of ~ 260.42MiB at   17.34MiB/s ETA 00:21 (frag 15/69)
[download]  22.1% of ~ 260.43MiB at   17.34MiB/s ETA 00:21 (frag 15/69)
[download]  22.4% of ~ 261.02MiB at   17.34MiB/s ETA 00:21 (frag 15/69)
[download]  22.2% of ~ 264.39MiB at   17.34MiB/s ETA 00:21 (frag 15/69)
[download]  22.2% of ~ 264.43MiB at   17.34MiB/s ETA 00:21 (frag 15/69)
[download]  22.4% of ~ 263.78MiB at   17.34MiB/s ETA 00:21 (frag 15/69)
[download]  22.2% of ~ 266.27MiB at   17.34MiB/s ETA 00:21 (frag 16/69)
[download]  23.6% of ~ 251.28MiB at   17.35MiB/s ETA 00:20 (frag 16/69)
[download]  23.6% of ~ 251.41MiB at   17.35MiB/s ETA 00:20 (frag 16/69)
[download]  23.6% of ~ 251.66MiB at   17.35MiB/s ETA 00:20 (frag 16/69)
[download]  24.0% of ~ 250.81MiB at   17.35MiB/s ETA 00:20 (frag 16/69)
[download]  23.7% of ~ 255.57MiB at   17.35MiB/s ETA 00:20 (frag 16/69)
[download]  23.9% of ~ 257.92MiB at   17.35MiB/s ETA 00:20 (frag 16/69)
[download]  23.5% of ~ 262.26MiB at   17.35MiB/s ETA 00:20 (frag 17/69)
[download]  25.3% of ~ 245.30MiB at   17.35MiB/s ETA 00:20 (frag 17/69)
[download]  24.7% of ~ 252.96MiB at   17.35MiB/s ETA 00:20 (frag 17/69)
[download]  24.5% of ~ 254.89MiB at   17.35MiB/s ETA 00:20 (frag 18/69)
[download]  26.8% of ~ 235.89MiB at   17.35MiB/s ETA 00:20 (frag 18/69)
[download]  26.5% of ~ 237.96MiB at   17.35MiB/s ETA 00:20 (frag 19/69)
[download]  28.1% of ~ 227.67MiB at   17.97MiB/s ETA 00:18 (frag 19/69)
[download]  27.7% of ~ 230.98MiB at   17.97MiB/s ETA 00:18 (frag 20/69)
[download]  29.4% of ~ 219.55MiB at   17.60MiB/s ETA 00:17 (frag 20/69)
[download]  29.1% of ~ 221.63MiB at   17.60MiB/s ETA 00:17 (frag 20/69)
[download]  29.1% of ~ 221.64MiB at   17.60MiB/s ETA 00:17 (frag 20/69)
[download]  29.1% of ~ 221.64MiB at   17.60MiB/s ETA 00:17 (frag 20/69)
[download]  29.1% of ~ 221.66MiB at   17.60MiB/s ETA 00:17 (frag 20/69)
[download]  29.1% of ~ 221.68MiB at   17.60MiB/s ETA 00:17 (frag 20/69)
[download]  29.2% of ~ 221.73MiB at   17.60MiB/s ETA 00:17 (frag 20/69)
[download]  29.2% of ~ 221.84MiB at   17.60MiB/s ETA 00:17 (frag 20/69)
[download]  29.2% of ~ 222.04MiB at   17.60MiB/s ETA 00:17 (frag 20/69)
[download]  29.8% of ~ 221.04MiB at   17.60MiB/s ETA 00:17 (frag 20/69)
[download]  28.7% of ~ 229.62MiB at   17.35MiB/s ETA 00:17 (frag 20/69)
[download]  28.7% of ~ 229.62MiB at   17.35MiB/s ETA 00:17 (frag 20/69)
[download]  28.7% of ~ 229.63MiB at   17.35MiB/s ETA 00:17 (frag 20/69)
[download]  28.7% of ~ 229.64MiB at   17.35MiB/s ETA 00:17 (frag 20/69)
[download]  28.7% of ~ 229.67MiB at   17.35MiB/s ETA 00:17 (frag 20/69)
[download]  28.7% of ~ 229.72MiB at   17.35MiB/s ETA 00:17 (frag 20/69)
[download]  28.7% of ~ 229.82MiB at   17.35MiB/s ETA 00:17 (frag 20/69)
[download]  29.3% of ~ 226.15MiB at   17.05MiB/s ETA 00:16 (frag 20/69)
[download]  29.1% of ~ 231.79MiB at   17.05MiB/s ETA 00:16 (frag 20/69)
[download]  28.8% of ~ 235.09MiB at   16.76MiB/s ETA 00:15 (frag 20/69)
[download]  29.4% of ~ 231.62MiB at   16.76MiB/s ETA 00:15 (frag 20/69)
[download]  29.7% of ~ 232.82MiB at   16.76MiB/s ETA 00:15 (frag 20/69)
[download]  28.9% of ~ 240.43MiB at   16.76MiB/s ETA 00:15 (frag 20/69)
[download]  29.0% of ~ 241.25MiB at   16.64MiB/s ETA 00:15 (frag 20/69)
[download]  29.6% of ~ 239.01MiB at   16.64MiB/s ETA 00:15 (frag 20/69)
[download]  28.8% of ~ 245.85MiB at   16.64MiB/s ETA 00:15 (frag 20/69)
[download]  28.8% of ~ 245.86MiB at   16.64MiB/s ETA 00:15 (frag 20/69)
[download]  28.8% of ~ 245.86MiB at   16.64MiB/s ETA 00:15 (frag 20/69)
[download]  28.8% of ~ 245.88MiB at   16.64MiB/s ETA 00:15 (frag 20/69)
[download]  28.8% of ~ 245.90MiB at   16.64MiB/s ETA 00:15 (frag 20/69)
[download]  28.8% of ~ 245.95MiB at   16.64MiB/s ETA 00:15 (frag 20/69)
[download]  28.9% of ~ 246.06MiB at   16.64MiB/s ETA 00:15 (frag 20/69)
[download]  28.7% of ~ 247.28MiB at   16.46MiB/s ETA 00:14 (frag 20/69)
[download]  28.7% of ~ 247.28MiB at   16.46MiB/s ETA 00:14 (frag 20/69)
[download]  28.7% of ~ 247.29MiB at   16.46MiB/s ETA 00:14 (frag 20/69)
[download]  28.7% of ~ 247.30MiB at   16.46MiB/s ETA 00:14 (frag 20/69)
[download]  28.7% of ~ 247.33MiB at   16.46MiB/s ETA 00:14 (frag 20/69)
[download]  28.7% of ~ 247.38MiB at   16.46MiB/s ETA 00:14 (frag 20/69)
[download]  29.3% of ~ 242.82MiB at   16.46MiB/s ETA 00:14 (frag 20/69)
[download]  29.3% of ~ 242.82MiB at   16.46MiB/s ETA 00:14 (frag 20/69)
[download]  29.3% of ~ 242.82MiB at   16.46MiB/s ETA 00:14 (frag 20/69)
[download]  29.3% of ~ 242.84MiB at   16.46MiB/s ETA 00:14 (frag 20/69)
[download]  29.3% of ~ 242.86MiB at   16.46MiB/s ETA 00:14 (frag 20/69)
[download]  29.6% of ~ 242.57MiB at   16.46MiB/s ETA 00:14 (frag 20/69)
[download]  29.3% of ~ 245.01MiB at   16.46MiB/s ETA 00:14 (frag 21/69)
[download]  30.6% of ~ 238.00MiB at   16.46MiB/s ETA 00:14 (frag 21/69)
[download]  30.1% of ~ 241.80MiB at   16.51MiB/s ETA 00:14 (frag 21/69)
[download]  30.3% of ~ 241.02MiB at   16.51MiB/s ETA 00:14 (frag 21/69)
[download]  31.0% of ~ 238.02MiB at   16.51MiB/s ETA 00:14 (frag 21/69)
[download]  30.7% of ~ 240.77MiB at   16.51MiB/s ETA 00:14 (frag 22/69)
[download]  32.1% of ~ 230.21MiB at   16.51MiB/s ETA 00:14 (frag 22/69)
[download]  32.1% of ~ 230.31MiB at   16.51MiB/s ETA 00:14 (frag 22/69)
[download]  32.2% of ~ 230.50MiB at   16.51MiB/s ETA 00:14 (frag 22/69)
[download]  31.6% of ~ 235.13MiB at   16.64MiB/s ETA 00:13 (frag 22/69)
[download]  31.6% of ~ 235.51MiB at   16.75MiB/s ETA 00:13 (frag 22/69)
[download]  31.8% of ~ 235.33MiB at   16.75MiB/s ETA 00:13 (frag 22/69)
[download]  32.2% of ~ 232.75MiB at   16.66MiB/s ETA 00:13 (frag 22/69)
[download]  32.3% of ~ 233.50MiB at   16.66MiB/s ETA 00:13 (frag 22/69)
[download]  31.9% of ~ 238.33MiB at   16.66MiB/s ETA 00:13 (frag 22/69)
[download]  32.5% of ~ 240.12MiB at   16.66MiB/s ETA 00:13 (frag 22/69)
[download]  31.7% of ~ 246.12MiB at   16.66MiB/s ETA 00:13 (frag 22/69)
[download]  31.7% of ~ 246.30MiB at   16.66MiB/s ETA 00:13 (frag 23/69)
[download]  33.2% of ~ 236.64MiB at   16.66MiB/s ETA 00:13 (frag 23/69)
[download]  33.9% of ~ 232.84MiB at   17.03MiB/s ETA 00:12 (frag 23/69)
[download]  33.7% of ~ 234.13MiB at   17.03MiB/s ETA 00:12 (frag 24/69)
[download]  34.3% of ~ 230.62MiB at   17.03MiB/s ETA 00:12 (frag 24/69)
[download]  34.3% of ~ 230.62MiB at   17.03MiB/s ETA 00:12 (frag 24/69)
[download]  34.3% of ~ 230.63MiB at   17.03MiB/s ETA 00:12 (frag 24/69)
[download]  34.3% of ~ 230.64MiB at   17.03MiB/s ETA 00:12 (frag 24/69)
[download]  34.3% of ~ 230.66MiB at   17.03MiB/s ETA 00:12 (frag 24/69)
[download]  34.3% of ~ 230.36MiB at   17.03MiB/s ETA 00:12 (frag 24/69)
[download]  34.3% of ~ 230.36MiB at   17.03MiB/s ETA 00:12 (frag 24/69)
[download]  34.3% of ~ 230.37MiB at   17.03MiB/s ETA 00:12 (frag 24/69)
[download]  34.3% of ~ 230.38MiB at   17.03MiB/s ETA 00:12 (frag 24/69)
[download]  34.3% of ~ 230.74MiB at   17.17MiB/s ETA 00:12 (frag 24/69)
[download]  34.3% of ~ 230.83MiB at   17.17MiB/s ETA 00:12 (frag 24/69)
[download]  34.8% of ~ 230.38MiB at   17.31MiB/s ETA 00:11 (frag 24/69)
[download]  34.4% of ~ 233.29MiB at   17.31MiB/s ETA 00:11 (frag 25/69)
[download]  35.7% of ~ 224.58MiB at   17.31MiB/s ETA 00:11 (frag 25/69)
[download]  35.7% of ~ 224.62MiB at   17.31MiB/s ETA 00:11 (frag 25/69)
[download]  35.7% of ~ 224.70MiB at   17.31MiB/s ETA 00:11 (frag 25/69)
[download]  35.7% of ~ 225.20MiB at   17.31MiB/s ETA 00:11 (frag 25/69)
[download]  36.8% of ~ 220.97MiB at   17.41MiB/s ETA 00:11 (frag 25/69)
[download]  35.8% of ~ 227.86MiB at   17.41MiB/s ETA 00:11 (frag 25/69)
[download]  36.2% of ~ 227.72MiB at   17.40MiB/s ETA 00:11 (frag 25/69)
[download]  35.9% of ~ 230.84MiB at   17.40MiB/s ETA 00:11 (frag 25/69)
[download]  36.0% of ~ 229.90MiB at   17.40MiB/s ETA 00:11 (frag 25/69)
[download]  36.0% of ~ 229.90MiB at   17.40MiB/s ETA 00:11 (frag 25/69)
[download]  36.0% of ~ 229.90MiB at   17.40MiB/s ETA 00:11 (frag 25/69)
[download]  36.0% of ~ 229.91MiB at   17.40MiB/s ETA 00:11 (frag 25/69)
[download]  36.0% of ~ 229.94MiB at   17.40MiB/s ETA 00:11 (frag 25/69)
[download]  35.9% of ~ 230.41MiB at   17.03MiB/s ETA 00:10 (frag 25/69)
[download]  35.9% of ~ 230.42MiB at   17.03MiB/s ETA 00:10 (frag 25/69)
[download]  35.9% of ~ 230.42MiB at   17.03MiB/s ETA 00:10 (frag 25/69)
[download]  35.9% of ~ 230.43MiB at   17.03MiB/s ETA 00:10 (frag 25/69)
[download]  36.0% of ~ 230.45MiB at   17.03MiB/s ETA 00:10 (frag 25/69)
[download]  36.0% of ~ 230.49MiB at   17.03MiB/s ETA 00:10 (frag 25/69)
[download]  36.0% of ~ 230.58MiB at   17.03MiB/s ETA 00:10 (frag 25/69)
[download]  36.4% of ~ 230.63MiB at   17.03MiB/s ETA 00:10 (frag 25/69)
[download]  36.0% of ~ 234.57MiB at   16.78MiB/s ETA 00:10 (frag 25/69)
[download]  36.0% of ~ 234.72MiB at   16.78MiB/s ETA 00:10 (frag 25/69)
[download]  36.1% of ~ 234.62MiB at   16.78MiB/s ETA 00:10 (frag 25/69)
[download]  36.1% of ~ 234.70MiB at   16.78MiB/s ETA 00:10 (frag 25/69)
[download]  35.9% of ~ 236.81MiB at   16.78MiB/s ETA 00:10 (frag 25/69)
[download]  36.8% of ~ 232.90MiB at   16.78MiB/s ETA 00:10 (frag 25/69)
[download]  36.5% of ~ 235.16MiB at   16.78MiB/s ETA 00:10 (frag 26/69)
[download]  37.5% of ~ 229.40MiB at   16.31MiB/s ETA 00:10 (frag 26/69)
[download]  37.5% of ~ 229.62MiB at   16.31MiB/s ETA 00:10 (frag 26/69)
[download]  37.4% of ~ 231.80MiB at   16.31MiB/s ETA 00:10 (frag 26/69)
[download]  37.7% of ~ 232.76MiB at   15.94MiB/s ETA 00:10 (frag 26/69)
[download]  38.2% of ~ 234.87MiB at   15.94MiB/s ETA 00:10 (frag 26/69)
[download]  37.5% of ~ 239.98MiB at   15.94MiB/s ETA 00:10 (frag 26/69)
[download]  37.7% of ~ 239.99MiB at   15.94MiB/s ETA 00:10 (frag 26/69)
[download]  37.4% of ~ 241.95MiB at   15.94MiB/s ETA 00:10 (frag 27/69)
[download]  39.0% of ~ 232.24MiB at   15.94MiB/s ETA 00:10 (frag 27/69)
[download]  39.0% of ~ 232.56MiB at   15.64MiB/s ETA 00:10 (frag 27/69)
[download]  39.0% of ~ 232.56MiB at   15.64MiB/s ETA 00:10 (frag 27/69)
[download]  39.0% of ~ 232.56MiB at   15.64MiB/s ETA 00:10 (frag 27/69)
[download]  39.0% of ~ 232.57MiB at   15.64MiB/s ETA 00:10 (frag 27/69)
[download]  39.0% of ~ 232.59MiB at   15.64MiB/s ETA 00:10 (frag 27/69)
[download]  39.0% of ~ 232.63MiB at   15.64MiB/s ETA 00:10 (frag 27/69)
[download]  39.1% of ~ 233.01MiB at   15.64MiB/s ETA 00:10 (frag 27/69)
[download]  39.1% of ~ 236.05MiB at   15.59MiB/s ETA 00:10 (frag 27/69)
[download]  39.7% of ~ 237.00MiB at   15.59MiB/s ETA 00:10 (frag 27/69)
[download]  38.9% of ~ 241.83MiB at   15.59MiB/s ETA 00:10 (frag 28/69)
[download]  40.3% of ~ 233.41MiB at   15.59MiB/s ETA 00:10 (frag 28/69)
[download]  40.3% of ~ 233.41MiB at   15.59MiB/s ETA 00:10 (frag 28/69)
[download]  40.4% of ~ 233.42MiB at   15.59MiB/s ETA 00:10 (frag 28/69)
[download]  40.7% of ~ 233.62MiB at   15.59MiB/s ETA 00:10 (frag 28/69)
[download]  40.4% of ~ 235.80MiB at   15.59MiB/s ETA 00:10 (frag 28/69)
[download]  40.4% of ~ 235.82MiB at   15.59MiB/s ETA 00:10 (frag 28/69)
[download]  40.5% of ~ 235.36MiB at   15.59MiB/s ETA 00:10 (frag 28/69)
[download]  40.5% of ~ 235.51MiB at   15.59MiB/s ETA 00:10 (frag 28/69)
[download]  40.8% of ~ 236.10MiB at   15.59MiB/s ETA 00:10 (frag 28/69)
[download]  41.0% of ~ 239.92MiB at   15.86MiB/s ETA 00:10 (frag 28/69)
[download]  40.7% of ~ 241.98MiB at   15.86MiB/s ETA 00:10 (frag 28/69)
[download]  40.7% of ~ 241.99MiB at   15.86MiB/s ETA 00:10 (frag 28/69)
[download]  40.7% of ~ 241.99MiB at   15.86MiB/s ETA 00:10 (frag 28/69)
[download]  40.7% of ~ 242.00MiB at   15.86MiB/s ETA 00:10 (frag 28/69)
[download]  40.7% of ~ 242.02MiB at   15.86MiB/s ETA 00:10 (frag 28/69)
[download]  40.7% of ~ 242.06MiB at   15.86MiB/s ETA 00:10 (frag 28/69)
[download]  40.4% of ~ 243.59MiB at   15.86MiB/s ETA 00:10 (frag 28/69)
[download]  40.4% of ~ 243.66MiB at   15.86MiB/s ETA 00:10 (frag 28/69)
[download]  40.6% of ~ 243.32MiB at   15.86MiB/s ETA 00:10 (frag 28/69)
[download]  40.5% of ~ 244.41MiB at   16.00MiB/s ETA 00:10 (frag 28/69)
[download]  40.7% of ~ 243.24MiB at   16.00MiB/s ETA 00:10 (frag 28/69)
[download]  40.7% of ~ 243.39MiB at   16.00MiB/s ETA 00:10 (frag 28/69)
[download]  41.2% of ~ 244.95MiB at   16.13MiB/s ETA 00:09 (frag 28/69)
[download]  40.5% of ~ 249.32MiB at   16.13MiB/s ETA 00:09 (frag 29/69)
[download]  42.1% of ~ 239.81MiB at   16.13MiB/s ETA 00:09 (frag 29/69)
[download]  42.1% of ~ 239.81MiB at   16.13MiB/s ETA 00:09 (frag 29/69)
[download]  41.8% of ~ 242.41MiB at   16.13MiB/s ETA 00:09 (frag 29/69)
[download]  42.1% of ~ 240.84MiB at   16.13MiB/s ETA 00:09 (frag 29/69)
[download]  42.1% of ~ 240.85MiB at   16.13MiB/s ETA 00:09 (frag 29/69)
[download]  41.7% of ~ 243.46MiB at   16.13MiB/s ETA 00:09 (frag 30/69)
[download]  43.5% of ~ 233.10MiB at   16.13MiB/s ETA 00:09 (frag 30/69)
[download]  43.5% of ~ 233.13MiB at   16.13MiB/s ETA 00:09 (frag 30/69)
[download]  43.5% of ~ 233.20MiB at   16.13MiB/s ETA 00:09 (frag 30/69)
[download]  44.1% of ~ 234.87MiB at   16.45MiB/s ETA 00:09 (frag 30/69)
[download]  43.3% of ~ 239.32MiB at   16.45MiB/s ETA 00:09 (frag 30/69)
[download]  43.3% of ~ 239.33MiB at   16.45MiB/s ETA 00:09 (frag 31/69)
[download]  45.0% of ~ 230.35MiB at   16.50MiB/s ETA 00:09 (frag 31/69)
[download]  45.0% of ~ 230.91MiB at   16.50MiB/s ETA 00:09 (frag 31/69)
[download]  44.8% of ~ 232.49MiB at   16.50MiB/s ETA 00:09 (frag 31/69)
[download]  45.0% of ~ 232.58MiB at   16.58MiB/s ETA 00:09 (frag 31/69)
[download]  45.2% of ~ 232.78MiB at   16.58MiB/s ETA 00:09 (frag 31/69)
[download]  45.1% of ~ 233.87MiB at   16.58MiB/s ETA 00:09 (frag 31/69)
[download]  45.3% of ~ 237.11MiB at   16.94MiB/s ETA 00:09 (frag 31/69)
[download]  45.2% of ~ 239.58MiB at   16.94MiB/s ETA 00:09 (frag 31/69)
[download]  45.0% of ~ 240.68MiB at   16.94MiB/s ETA 00:09 (frag 31/69)
[download]  45.0% of ~ 240.68MiB at   16.94MiB/s ETA 00:09 (frag 31/69)
[download]  45.0% of ~ 240.68MiB at   16.94MiB/s ETA 00:09 (frag 31/69)
[download]  45.0% of ~ 240.69MiB at   17.18MiB/s ETA 00:08 (frag 31/69)
[download]  45.0% of ~ 240.71MiB at   17.18MiB/s ETA 00:08 (frag 31/69)
[download]  45.1% of ~ 240.74MiB at   17.18MiB/s ETA 00:08 (frag 31/69)
[download]  45.1% of ~ 240.36MiB at   17.18MiB/s ETA 00:08 (frag 31/69)
[download]  45.1% of ~ 240.24MiB at   17.18MiB/s ETA 00:08 (frag 31/69)
[download]  45.1% of ~ 240.37MiB at   17.18MiB/s ETA 00:08 (frag 31/69)
[download]  45.1% of ~ 240.24MiB at   17.18MiB/s ETA 00:08 (frag 31/69)
[download]  45.1% of ~ 240.38MiB at   17.18MiB/s ETA 00:08 (frag 31/69)
[download]  45.1% of ~ 240.26MiB at   17.18MiB/s ETA 00:08 (frag 31/69)
[download]  45.1% of ~ 240.39MiB at   17.18MiB/s ETA 00:08 (frag 31/69)
[download]  45.2% of ~ 240.28MiB at   17.18MiB/s ETA 00:08 (frag 31/69)
[download]  45.1% of ~ 240.43MiB at   17.18MiB/s ETA 00:08 (frag 31/69)
[download]  45.2% of ~ 240.33MiB at   17.18MiB/s ETA 00:08 (frag 31/69)
[download]  45.1% of ~ 240.49MiB at   17.18MiB/s ETA 00:08 (frag 31/69)
[download]  45.2% of ~ 240.43MiB at   17.18MiB/s ETA 00:08 (frag 31/69)
[download]  45.2% of ~ 240.50MiB at   17.18MiB/s ETA 00:08 (frag 31/69)
[download]  45.2% of ~ 240.76MiB at   17.18MiB/s ETA 00:08 (frag 31/69)
[download]  45.2% of ~ 240.90MiB at   17.18MiB/s ETA 00:08 (frag 31/69)
[download]  45.1% of ~ 241.61MiB at   17.47MiB/s ETA 00:08 (frag 31/69)
[download]  45.1% of ~ 241.75MiB at   17.47MiB/s ETA 00:08 (frag 31/69)
[download]  45.2% of ~ 241.44MiB at   17.47MiB/s ETA 00:08 (frag 31/69)
[download]  45.2% of ~ 242.49MiB at   17.47MiB/s ETA 00:08 (frag 31/69)
[download]  44.8% of ~ 246.27MiB at   17.47MiB/s ETA 00:08 (frag 31/69)
[download]  44.5% of ~ 247.50MiB at   17.47MiB/s ETA 00:08 (frag 32/69)
[download]  46.6% of ~ 237.18MiB at   17.35MiB/s ETA 00:08 (frag 32/69)
[download]  46.7% of ~ 237.27MiB at   17.35MiB/s ETA 00:08 (frag 32/69)
[download]  46.7% of ~ 237.67MiB at   17.35MiB/s ETA 00:08 (frag 32/69)
[download]  46.4% of ~ 240.22MiB at   16.89MiB/s ETA 00:08 (frag 32/69)
[download]  46.9% of ~ 239.99MiB at   16.82MiB/s ETA 00:08 (frag 32/69)
[download]  46.9% of ~ 242.07MiB at   16.82MiB/s ETA 00:08 (frag 32/69)
[download]  46.8% of ~ 243.42MiB at   16.82MiB/s ETA 00:08 (frag 32/69)
[download]  46.8% of ~ 244.59MiB at   16.71MiB/s ETA 00:08 (frag 32/69)
[download]  46.5% of ~ 246.21MiB at   16.71MiB/s ETA 00:08 (frag 32/69)
[download]  46.5% of ~ 246.21MiB at   16.71MiB/s ETA 00:08 (frag 32/69)
[download]  46.5% of ~ 246.22MiB at   16.71MiB/s ETA 00:08 (frag 32/69)
[download]  46.5% of ~ 246.22MiB at   16.71MiB/s ETA 00:08 (frag 32/69)
[download]  46.5% of ~ 246.24MiB at   16.71MiB/s ETA 00:08 (frag 32/69)
[download]  46.5% of ~ 246.27MiB at   16.71MiB/s ETA 00:08 (frag 32/69)
[download]  46.5% of ~ 246.34MiB at   16.71MiB/s ETA 00:08 (frag 32/69)
[download]  46.7% of ~ 246.33MiB at   16.71MiB/s ETA 00:08 (frag 32/69)
[download]  46.5% of ~ 247.51MiB at   16.71MiB/s ETA 00:08 (frag 32/69)
[download]  46.9% of ~ 247.63MiB at   16.81MiB/s ETA 00:08 (frag 32/69)
[download]  47.0% of ~ 249.29MiB at   16.81MiB/s ETA 00:08 (frag 32/69)
[download]  47.0% of ~ 252.85MiB at   16.81MiB/s ETA 00:08 (frag 32/69)
[download]  46.4% of ~ 256.43MiB at   16.81MiB/s ETA 00:08 (frag 33/69)
[download]  48.5% of ~ 248.07MiB at   16.81MiB/s ETA 00:08 (frag 33/69)
[download]  48.0% of ~ 250.73MiB at   16.81MiB/s ETA 00:08 (frag 34/69)
[download]  49.5% of ~ 243.52MiB at   16.81MiB/s ETA 00:08 (frag 34/69)
[download]  49.9% of ~ 244.07MiB at   16.81MiB/s ETA 00:08 (frag 34/69)
[download]  49.4% of ~ 246.66MiB at   16.81MiB/s ETA 00:08 (frag 35/69)
[download]  51.4% of ~ 239.12MiB at   17.62MiB/s ETA 00:08 (frag 35/69)
[download]  51.0% of ~ 241.68MiB at   18.08MiB/s ETA 00:07 (frag 35/69)
[download]  51.3% of ~ 241.99MiB at   18.08MiB/s ETA 00:07 (frag 35/69)
[download]  51.0% of ~ 243.83MiB at   18.08MiB/s ETA 00:07 (frag 36/69)
[download]  52.8% of ~ 237.73MiB at   18.44MiB/s ETA 00:07 (frag 36/69)
[download]  52.8% of ~ 239.63MiB at   18.44MiB/s ETA 00:07 (frag 36/69)
[download]  52.3% of ~ 241.90MiB at   18.44MiB/s ETA 00:07 (frag 37/69)
[download]  53.8% of ~ 235.16MiB at   18.44MiB/s ETA 00:07 (frag 38/69)
[download]  55.5% of ~ 229.62MiB at   18.70MiB/s ETA 00:07 (frag 38/69)
[download]  55.0% of ~ 231.70MiB at   18.70MiB/s ETA 00:07 (frag 38/69)
[download]  55.1% of ~ 231.24MiB at   18.70MiB/s ETA 00:07 (frag 38/69)
[download]  55.0% of ~ 231.71MiB at   18.70MiB/s ETA 00:07 (frag 38/69)
[download]  55.1% of ~ 231.24MiB at   18.70MiB/s ETA 00:07 (frag 38/69)
[download]  55.0% of ~ 231.71MiB at   18.70MiB/s ETA 00:07 (frag 38/69)
[download]  55.1% of ~ 231.25MiB at   18.70MiB/s ETA 00:07 (frag 38/69)
[download]  55.0% of ~ 231.73MiB at   18.70MiB/s ETA 00:07 (frag 38/69)
[download]  55.1% of ~ 231.27MiB at   18.70MiB/s ETA 00:07 (frag 38/69)
[download]  55.0% of ~ 231.75MiB at   18.70MiB/s ETA 00:07 (frag 38/69)
[download]  55.1% of ~ 231.32MiB at   18.70MiB/s ETA 00:07 (frag 38/69)
[download]  55.2% of ~ 231.34MiB at   18.70MiB/s ETA 00:07 (frag 38/69)
[download]  55.0% of ~ 231.86MiB at   18.70MiB/s ETA 00:07 (frag 38/69)
[download]  54.8% of ~ 232.89MiB at   18.70MiB/s ETA 00:07 (frag 38/69)
[download]  54.8% of ~ 232.89MiB at   18.70MiB/s ETA 00:07 (frag 38/69)
[download]  54.8% of ~ 232.89MiB at   18.70MiB/s ETA 00:07 (frag 38/69)
[download]  54.8% of ~ 232.90MiB at   18.70MiB/s ETA 00:07 (frag 38/69)
[download]  54.8% of ~ 232.91MiB at   18.70MiB/s ETA 00:07 (frag 38/69)
[download]  54.8% of ~ 232.94MiB at   18.70MiB/s ETA 00:07 (frag 38/69)
[download]  55.2% of ~ 231.56MiB at   18.70MiB/s ETA 00:07 (frag 38/69)
[download]  55.1% of ~ 232.14MiB at   18.70MiB/s ETA 00:07 (frag 38/69)
[download]  54.8% of ~ 233.22MiB at   18.70MiB/s ETA 00:07 (frag 38/69)
[download]  55.2% of ~ 233.17MiB at   18.70MiB/s ETA 00:07 (frag 38/69)
[download]  55.1% of ~ 233.98MiB at   18.70MiB/s ETA 00:07 (frag 38/69)
[download]  54.9% of ~ 235.17MiB at   18.96MiB/s ETA 00:07 (frag 38/69)
[download]  55.2% of ~ 233.96MiB at   18.90MiB/s ETA 00:07 (frag 38/69)
[download]  54.8% of ~ 235.82MiB at   18.76MiB/s ETA 00:06 (frag 38/69)
[download]  54.8% of ~ 235.82MiB at   18.76MiB/s ETA 00:06 (frag 38/69)
[download]  54.8% of ~ 235.82MiB at   18.76MiB/s ETA 00:06 (frag 38/69)
[download]  54.8% of ~ 235.83MiB at   18.76MiB/s ETA 00:06 (frag 38/69)
[download]  54.8% of ~ 235.84MiB at   18.76MiB/s ETA 00:06 (frag 38/69)
[download]  54.8% of ~ 235.87MiB at   18.76MiB/s ETA 00:06 (frag 38/69)
[download]  54.7% of ~ 236.26MiB at   18.76MiB/s ETA 00:06 (frag 38/69)
[download]  54.7% of ~ 236.26MiB at   18.76MiB/s ETA 00:06 (frag 38/69)
[download]  54.7% of ~ 236.26MiB at   18.76MiB/s ETA 00:06 (frag 38/69)
[download]  54.7% of ~ 236.27MiB at   18.76MiB/s ETA 00:06 (frag 38/69)
[download]  54.7% of ~ 236.28MiB at   18.76MiB/s ETA 00:06 (frag 38/69)
[download]  54.7% of ~ 236.31MiB at   18.76MiB/s ETA 00:06 (frag 38/69)
[download]  54.7% of ~ 236.37MiB at   18.76MiB/s ETA 00:06 (frag 38/69)
[download]  54.7% of ~ 236.66MiB at   18.76MiB/s ETA 00:06 (frag 38/69)
[download]  54.7% of ~ 236.66MiB at   18.76MiB/s ETA 00:06 (frag 38/69)
[download]  54.7% of ~ 236.67MiB at   18.76MiB/s ETA 00:06 (frag 38/69)
[download]  54.7% of ~ 236.67MiB at   18.76MiB/s ETA 00:06 (frag 38/69)
[download]  54.7% of ~ 236.69MiB at   18.76MiB/s ETA 00:06 (frag 38/69)
[download]  54.7% of ~ 236.71MiB at   18.76MiB/s ETA 00:06 (frag 38/69)
[download]  54.8% of ~ 236.59MiB at   18.76MiB/s ETA 00:06 (frag 38/69)
[download]  54.7% of ~ 236.99MiB at   18.76MiB/s ETA 00:06 (frag 38/69)
[download]  55.2% of ~ 235.42MiB at   18.76MiB/s ETA 00:06 (frag 38/69)
[download]  54.9% of ~ 236.83MiB at   18.76MiB/s ETA 00:06 (frag 38/69)
[download]  54.7% of ~ 237.99MiB at   18.76MiB/s ETA 00:06 (frag 38/69)
[download]  55.3% of ~ 236.06MiB at   18.76MiB/s ETA 00:06 (frag 38/69)
[download]  55.7% of ~ 236.65MiB at   18.76MiB/s ETA 00:06 (frag 38/69)
[download]  54.8% of ~ 240.41MiB at   18.76MiB/s ETA 00:06 (frag 38/69)
[download]  55.1% of ~ 239.04MiB at   18.76MiB/s ETA 00:06 (frag 39/69)
[download]  56.7% of ~ 233.37MiB at   18.76MiB/s ETA 00:06 (frag 39/69)
[download]  56.2% of ~ 235.70MiB at   18.54MiB/s ETA 00:06 (frag 39/69)
[download]  56.2% of ~ 236.31MiB at   18.54MiB/s ETA 00:06 (frag 39/69)
[download]  56.8% of ~ 234.64MiB at   18.54MiB/s ETA 00:06 (frag 39/69)
[download]  56.4% of ~ 237.42MiB at   18.54MiB/s ETA 00:06 (frag 39/69)
[download]  56.3% of ~ 237.96MiB at   18.41MiB/s ETA 00:06 (frag 39/69)
[download]  56.3% of ~ 238.18MiB at   18.41MiB/s ETA 00:06 (frag 39/69)
[download]  56.9% of ~ 237.47MiB at   18.29MiB/s ETA 00:06 (frag 39/69)
[download]  57.0% of ~ 238.74MiB at   18.29MiB/s ETA 00:06 (frag 39/69)
[download]  56.3% of ~ 241.83MiB at   18.29MiB/s ETA 00:06 (frag 39/69)
[download]  56.3% of ~ 241.84MiB at   18.29MiB/s ETA 00:06 (frag 39/69)
[download]  56.3% of ~ 241.84MiB at   18.29MiB/s ETA 00:06 (frag 39/69)
[download]  56.3% of ~ 241.85MiB at   18.29MiB/s ETA 00:06 (frag 39/69)
[download]  56.3% of ~ 241.86MiB at   18.29MiB/s ETA 00:06 (frag 39/69)
[download]  56.5% of ~ 241.91MiB at   18.31MiB/s ETA 00:06 (frag 39/69)
[download]  56.5% of ~ 242.97MiB at   18.31MiB/s ETA 00:06 (frag 39/69)
[download]  56.9% of ~ 243.48MiB at   18.10MiB/s ETA 00:06 (frag 39/69)
[download]  57.2% of ~ 244.51MiB at   18.10MiB/s ETA 00:06 (frag 39/69)
[download]  56.7% of ~ 246.59MiB at   18.10MiB/s ETA 00:06 (frag 40/69)
[download]  58.1% of ~ 242.13MiB at   17.98MiB/s ETA 00:06 (frag 40/69)
[download]  57.8% of ~ 243.60MiB at   17.98MiB/s ETA 00:06 (frag 40/69)
[download]  57.8% of ~ 243.65MiB at   17.98MiB/s ETA 00:06 (frag 40/69)
[download]  57.8% of ~ 244.47MiB at   17.98MiB/s ETA 00:06 (frag 40/69)
[download]  58.2% of ~ 244.62MiB at   17.95MiB/s ETA 00:06 (frag 40/69)
[download]  57.8% of ~ 246.28MiB at   17.95MiB/s ETA 00:06 (frag 40/69)
[download]  57.9% of ~ 246.49MiB at   17.14MiB/s ETA 00:06 (frag 40/69)
[download]  58.0% of ~ 247.62MiB at   17.14MiB/s ETA 00:06 (frag 40/69)
[download]  58.1% of ~ 248.18MiB at   17.14MiB/s ETA 00:06 (frag 40/69)
[download]  57.8% of ~ 249.34MiB at   17.14MiB/s ETA 00:06 (frag 41/69)
[download]  59.4% of ~ 243.53MiB at   17.14MiB/s ETA 00:06 (frag 41/69)
[download]  60.0% of ~ 243.48MiB at   17.14MiB/s ETA 00:06 (frag 41/69)
[download]  59.5% of ~ 245.89MiB at   17.14MiB/s ETA 00:06 (frag 42/69)
[download]  60.9% of ~ 241.53MiB at   16.88MiB/s ETA 00:06 (frag 42/69)
[download]  61.4% of ~ 242.84MiB at   16.88MiB/s ETA 00:06 (frag 42/69)
[download]  60.7% of ~ 246.04MiB at   16.88MiB/s ETA 00:06 (frag 42/69)
[download]  60.6% of ~ 246.25MiB at   16.88MiB/s ETA 00:06 (frag 43/69)
[download]  62.5% of ~ 240.45MiB at   16.83MiB/s ETA 00:06 (frag 43/69)
[download]  62.6% of ~ 242.68MiB at   16.71MiB/s ETA 00:06 (frag 43/69)
[download]  62.4% of ~ 243.57MiB at   16.56MiB/s ETA 00:06 (frag 43/69)
[download]  62.4% of ~ 243.57MiB at   16.56MiB/s ETA 00:06 (frag 43/69)
[download]  62.4% of ~ 243.58MiB at   16.56MiB/s ETA 00:06 (frag 43/69)
[download]  62.4% of ~ 243.58MiB at   16.56MiB/s ETA 00:06 (frag 43/69)
[download]  62.4% of ~ 243.68MiB at   16.56MiB/s ETA 00:06 (frag 43/69)
[download]  62.4% of ~ 243.68MiB at   16.56MiB/s ETA 00:06 (frag 43/69)
[download]  62.4% of ~ 243.60MiB at   16.56MiB/s ETA 00:06 (frag 43/69)
[download]  62.4% of ~ 243.71MiB at   16.56MiB/s ETA 00:06 (frag 43/69)
[download]  62.4% of ~ 243.63MiB at   16.56MiB/s ETA 00:06 (frag 43/69)
[download]  62.4% of ~ 243.76MiB at   16.56MiB/s ETA 00:06 (frag 43/69)
[download]  62.4% of ~ 243.69MiB at   16.56MiB/s ETA 00:06 (frag 43/69)
[download]  62.4% of ~ 243.87MiB at   16.56MiB/s ETA 00:06 (frag 43/69)
[download]  62.4% of ~ 243.90MiB at   16.56MiB/s ETA 00:06 (frag 43/69)
[download]  62.5% of ~ 243.86MiB at   16.56MiB/s ETA 00:06 (frag 43/69)
[download]  62.4% of ~ 244.14MiB at   16.56MiB/s ETA 00:06 (frag 43/69)
[download]  62.9% of ~ 245.24MiB at   16.56MiB/s ETA 00:06 (frag 43/69)
[download]  62.5% of ~ 247.38MiB at   16.56MiB/s ETA 00:06 (frag 43/69)
[download]  62.2% of ~ 248.57MiB at   16.58MiB/s ETA 00:06 (frag 43/69)
[download]  62.2% of ~ 248.60MiB at   16.58MiB/s ETA 00:06 (frag 44/69)
[download]  63.8% of ~ 243.69MiB at   16.58MiB/s ETA 00:06 (frag 44/69)
[download]  63.4% of ~ 245.11MiB at   16.58MiB/s ETA 00:06 (frag 45/69)
[download]  65.4% of ~ 238.22MiB at   16.58MiB/s ETA 00:06 (frag 45/69)
[download]  65.4% of ~ 238.51MiB at   16.58MiB/s ETA 00:06 (frag 45/69)
[download]  65.3% of ~ 240.38MiB at   16.54MiB/s ETA 00:05 (frag 45/69)
[download]  65.8% of ~ 241.51MiB at   16.54MiB/s ETA 00:05 (frag 45/69)
[download]  65.0% of ~ 244.50MiB at   16.54MiB/s ETA 00:05 (frag 46/69)
[download]  66.5% of ~ 238.95MiB at   16.54MiB/s ETA 00:05 (frag 46/69)
[download]  66.5% of ~ 238.95MiB at   16.54MiB/s ETA 00:05 (frag 46/69)
[download]  66.5% of ~ 238.95MiB at   16.54MiB/s ETA 00:05 (frag 46/69)
[download]  66.5% of ~ 238.96MiB at   16.54MiB/s ETA 00:05 (frag 46/69)
[download]  66.6% of ~ 238.97MiB at   16.54MiB/s ETA 00:05 (frag 46/69)
[download]  66.6% of ~ 238.99MiB at   16.68MiB/s ETA 00:05 (frag 46/69)
[download]  66.9% of ~ 238.40MiB at   16.68MiB/s ETA 00:05 (frag 46/69)
[download]  66.9% of ~ 239.21MiB at   16.68MiB/s ETA 00:05 (frag 46/69)
[download]  66.6% of ~ 240.51MiB at   16.68MiB/s ETA 00:05 (frag 46/69)
[download]  66.6% of ~ 240.60MiB at   16.92MiB/s ETA 00:05 (frag 46/69)
[download]  66.9% of ~ 239.50MiB at   16.96MiB/s ETA 00:05 (frag 46/69)
[download]  66.9% of ~ 239.50MiB at   16.96MiB/s ETA 00:05 (frag 46/69)
[download]  66.9% of ~ 239.51MiB at   16.96MiB/s ETA 00:05 (frag 46/69)
[download]  66.9% of ~ 239.51MiB at   16.96MiB/s ETA 00:05 (frag 46/69)
[download]  66.9% of ~ 239.52MiB at   16.96MiB/s ETA 00:05 (frag 46/69)
[download]  66.9% of ~ 239.55MiB at   16.96MiB/s ETA 00:05 (frag 46/69)
[download]  67.1% of ~ 240.24MiB at   16.96MiB/s ETA 00:05 (frag 46/69)
[download]  66.9% of ~ 241.06MiB at   16.96MiB/s ETA 00:05 (frag 46/69)
[download]  67.1% of ~ 240.48MiB at   16.99MiB/s ETA 00:05 (frag 46/69)
[download]  67.1% of ~ 240.48MiB at   16.99MiB/s ETA 00:05 (frag 46/69)
[download]  67.1% of ~ 240.48MiB at   16.99MiB/s ETA 00:05 (frag 46/69)
[download]  67.1% of ~ 240.49MiB at   16.99MiB/s ETA 00:05 (frag 46/69)
[download]  67.1% of ~ 240.50MiB at   16.99MiB/s ETA 00:05 (frag 46/69)
[download]  67.0% of ~ 240.81MiB at   16.99MiB/s ETA 00:05 (frag 46/69)
[download]  67.0% of ~ 240.81MiB at   16.99MiB/s ETA 00:05 (frag 46/69)
[download]  67.0% of ~ 240.81MiB at   16.99MiB/s ETA 00:05 (frag 46/69)
[download]  67.0% of ~ 240.82MiB at   16.99MiB/s ETA 00:05 (frag 46/69)
[download]  67.0% of ~ 240.83MiB at   16.99MiB/s ETA 00:05 (frag 46/69)
[download]  66.7% of ~ 242.52MiB at   16.92MiB/s ETA 00:05 (frag 46/69)
[download]  67.1% of ~ 240.93MiB at   16.92MiB/s ETA 00:05 (frag 46/69)
[download]  67.1% of ~ 240.98MiB at   16.92MiB/s ETA 00:05 (frag 46/69)
[download]  66.9% of ~ 243.85MiB at   16.92MiB/s ETA 00:05 (frag 46/69)
[download]  66.4% of ~ 245.67MiB at   16.92MiB/s ETA 00:05 (frag 47/69)
[download]  68.6% of ~ 237.84MiB at   16.92MiB/s ETA 00:05 (frag 47/69)
[download]  68.7% of ~ 238.02MiB at   16.96MiB/s ETA 00:05 (frag 47/69)
[download]  68.7% of ~ 239.67MiB at   16.96MiB/s ETA 00:05 (frag 47/69)
[download]  68.2% of ~ 241.57MiB at   16.96MiB/s ETA 00:05 (frag 48/69)
[download]  69.7% of ~ 236.39MiB at   16.96MiB/s ETA 00:05 (frag 48/69)
[download]  69.7% of ~ 236.39MiB at   16.96MiB/s ETA 00:05 (frag 48/69)
[download]  69.7% of ~ 236.39MiB at   16.96MiB/s ETA 00:05 (frag 48/69)
[download]  69.7% of ~ 236.40MiB at   16.96MiB/s ETA 00:05 (frag 48/69)
[download]  69.7% of ~ 236.41MiB at   16.96MiB/s ETA 00:05 (frag 48/69)
[download]  69.7% of ~ 236.43MiB at   17.07MiB/s ETA 00:05 (frag 48/69)
[download]  69.8% of ~ 236.11MiB at   17.07MiB/s ETA 00:05 (frag 48/69)
[download]  69.9% of ~ 236.29MiB at   17.07MiB/s ETA 00:05 (frag 48/69)
[download]  69.7% of ~ 237.00MiB at   17.02MiB/s ETA 00:05 (frag 48/69)
[download]  70.2% of ~ 236.08MiB at   16.87MiB/s ETA 00:05 (frag 48/69)
[download]  70.0% of ~ 238.12MiB at   16.87MiB/s ETA 00:05 (frag 48/69)
[download]  69.8% of ~ 239.20MiB at   16.21MiB/s ETA 00:05 (frag 48/69)
[download]  70.0% of ~ 238.46MiB at   16.21MiB/s ETA 00:05 (frag 48/69)
[download]  70.0% of ~ 238.46MiB at   16.21MiB/s ETA 00:05 (frag 48/69)
[download]  70.0% of ~ 238.46MiB at   16.21MiB/s ETA 00:05 (frag 48/69)
[download]  70.0% of ~ 238.47MiB at   16.21MiB/s ETA 00:05 (frag 48/69)
[download]  69.7% of ~ 240.26MiB at   16.21MiB/s ETA 00:05 (frag 48/69)
[download]  70.0% of ~ 239.18MiB at   15.76MiB/s ETA 00:04 (frag 48/69)
[download]  70.0% of ~ 239.20MiB at   15.25MiB/s ETA 00:05 (frag 48/69)
[download]  69.8% of ~ 240.17MiB at   15.25MiB/s ETA 00:05 (frag 48/69)
[download]  70.0% of ~ 239.60MiB at   15.25MiB/s ETA 00:05 (frag 48/69)
[download]  70.4% of ~ 239.60MiB at   15.25MiB/s ETA 00:05 (frag 48/69)
[download]  70.0% of ~ 241.65MiB at   15.25MiB/s ETA 00:05 (frag 48/69)
[download]  70.0% of ~ 241.80MiB at   15.25MiB/s ETA 00:05 (frag 48/69)
[download]  70.2% of ~ 241.89MiB at   14.79MiB/s ETA 00:05 (frag 48/69)
[download]  69.9% of ~ 242.76MiB at   14.79MiB/s ETA 00:05 (frag 48/69)
[download]  70.0% of ~ 242.53MiB at   14.79MiB/s ETA 00:05 (frag 49/69)
[download]  71.5% of ~ 237.76MiB at   14.79MiB/s ETA 00:05 (frag 49/69)
[download]  71.6% of ~ 239.34MiB at   14.79MiB/s ETA 00:05 (frag 49/69)
[download]  71.1% of ~ 241.24MiB at   14.79MiB/s ETA 00:05 (frag 50/69)
[download]  72.8% of ~ 236.19MiB at   14.63MiB/s ETA 00:04 (frag 50/69)
[download]  73.1% of ~ 236.52MiB at   14.45MiB/s ETA 00:04 (frag 50/69)
[download]  72.8% of ~ 237.41MiB at   14.45MiB/s ETA 00:04 (frag 50/69)
[download]  72.8% of ~ 237.41MiB at   14.45MiB/s ETA 00:04 (frag 50/69)
[download]  72.8% of ~ 237.42MiB at   14.45MiB/s ETA 00:04 (frag 50/69)
[download]  72.8% of ~ 237.42MiB at   14.45MiB/s ETA 00:04 (frag 50/69)
[download]  72.8% of ~ 237.64MiB at   14.45MiB/s ETA 00:04 (frag 50/69)
[download]  72.8% of ~ 237.43MiB at   14.45MiB/s ETA 00:04 (frag 50/69)
[download]  72.8% of ~ 237.66MiB at   14.45MiB/s ETA 00:04 (frag 50/69)
[download]  72.9% of ~ 237.46MiB at   14.45MiB/s ETA 00:04 (frag 50/69)
[download]  72.8% of ~ 237.71MiB at   14.45MiB/s ETA 00:04 (frag 50/69)
[download]  72.9% of ~ 237.51MiB at   14.45MiB/s ETA 00:04 (frag 50/69)
[download]  72.8% of ~ 237.80MiB at   14.45MiB/s ETA 00:04 (frag 50/69)
[download]  73.1% of ~ 237.52MiB at   14.26MiB/s ETA 00:04 (frag 50/69)
[download]  72.9% of ~ 238.28MiB at   14.26MiB/s ETA 00:04 (frag 50/69)
[download]  73.0% of ~ 239.25MiB at   14.26MiB/s ETA 00:04 (frag 50/69)
[download]  72.8% of ~ 240.01MiB at   13.97MiB/s ETA 00:04 (frag 50/69)
[download]  72.8% of ~ 240.03MiB at   13.62MiB/s ETA 00:04 (frag 50/69)
[download]  72.8% of ~ 240.07MiB at   13.62MiB/s ETA 00:04 (frag 50/69)
[download]  72.8% of ~ 240.16MiB at   13.62MiB/s ETA 00:04 (frag 50/69)
[download]  72.8% of ~ 241.75MiB at   13.62MiB/s ETA 00:04 (frag 50/69)
[download]  72.8% of ~ 241.57MiB at   13.53MiB/s ETA 00:04 (frag 50/69)
[download]  73.0% of ~ 241.53MiB at   13.53MiB/s ETA 00:04 (frag 50/69)
[download]  72.9% of ~ 242.07MiB at   13.43MiB/s ETA 00:04 (frag 50/69)
[download]  72.8% of ~ 242.32MiB at   13.27MiB/s ETA 00:04 (frag 50/69)
[download]  72.8% of ~ 242.32MiB at   13.27MiB/s ETA 00:04 (frag 50/69)
[download]  72.8% of ~ 242.32MiB at   13.27MiB/s ETA 00:04 (frag 50/69)
[download]  72.8% of ~ 242.33MiB at   13.27MiB/s ETA 00:04 (frag 50/69)
[download]  72.8% of ~ 242.34MiB at   13.27MiB/s ETA 00:04 (frag 50/69)
[download]  72.8% of ~ 242.36MiB at   13.27MiB/s ETA 00:04 (frag 50/69)
[download]  72.9% of ~ 242.40MiB at   13.27MiB/s ETA 00:04 (frag 50/69)
[download]  73.0% of ~ 242.58MiB at   13.27MiB/s ETA 00:04 (frag 50/69)
[download]  72.9% of ~ 243.16MiB at   13.27MiB/s ETA 00:04 (frag 50/69)
[download]  73.1% of ~ 243.22MiB at   13.27MiB/s ETA 00:04 (frag 50/69)
[download]  73.3% of ~ 243.81MiB at   13.09MiB/s ETA 00:04 (frag 50/69)
[download]  73.3% of ~ 245.25MiB at   13.09MiB/s ETA 00:04 (frag 50/69)
[download]  72.9% of ~ 246.70MiB at   13.16MiB/s ETA 00:04 (frag 50/69)
[download]  73.1% of ~ 246.67MiB at   13.16MiB/s ETA 00:04 (frag 50/69)
[download]  72.9% of ~ 247.41MiB at   13.16MiB/s ETA 00:04 (frag 51/69)
[download]  74.5% of ~ 243.45MiB at   13.16MiB/s ETA 00:04 (frag 51/69)
[download]  74.1% of ~ 244.96MiB at   13.16MiB/s ETA 00:04 (frag 52/69)
[download]  76.0% of ~ 240.01MiB at   13.16MiB/s ETA 00:04 (frag 52/69)
[download]  75.6% of ~ 241.16MiB at   13.16MiB/s ETA 00:04 (frag 53/69)
[download]  77.3% of ~ 236.37MiB at   13.30MiB/s ETA 00:04 (frag 53/69)
[download]  77.4% of ~ 236.69MiB at   13.30MiB/s ETA 00:04 (frag 53/69)
[download]  77.6% of ~ 237.33MiB at   13.47MiB/s ETA 00:04 (frag 53/69)
[download]  77.5% of ~ 238.69MiB at   13.47MiB/s ETA 00:04 (frag 53/69)
[download]  77.4% of ~ 239.70MiB at   13.47MiB/s ETA 00:04 (frag 53/69)
[download]  77.2% of ~ 240.32MiB at   13.47MiB/s ETA 00:04 (frag 54/69)
[download]  78.6% of ~ 237.55MiB at   13.44MiB/s ETA 00:04 (frag 54/69)
[download]  78.9% of ~ 237.43MiB at   13.44MiB/s ETA 00:04 (frag 54/69)
[download]  78.6% of ~ 238.22MiB at   13.44MiB/s ETA 00:04 (frag 55/69)
[download]  80.1% of ~ 233.95MiB at   13.44MiB/s ETA 00:04 (frag 55/69)
[download]  80.3% of ~ 234.19MiB at   13.18MiB/s ETA 00:04 (frag 55/69)
[download]  79.7% of ~ 235.84MiB at   13.18MiB/s ETA 00:04 (frag 55/69)
[download]  79.7% of ~ 235.84MiB at   13.18MiB/s ETA 00:04 (frag 55/69)
[download]  80.0% of ~ 235.06MiB at   13.18MiB/s ETA 00:04 (frag 56/69)
[download]  81.2% of ~ 231.71MiB at   13.18MiB/s ETA 00:04 (frag 56/69)
[download]  81.2% of ~ 231.71MiB at   13.18MiB/s ETA 00:04 (frag 56/69)
[download]  81.2% of ~ 231.72MiB at   13.18MiB/s ETA 00:04 (frag 56/69)
[download]  81.0% of ~ 232.16MiB at   13.18MiB/s ETA 00:04 (frag 56/69)
[download]  81.0% of ~ 232.16MiB at   13.18MiB/s ETA 00:04 (frag 56/69)
[download]  81.0% of ~ 232.17MiB at   13.18MiB/s ETA 00:04 (frag 56/69)
[download]  81.0% of ~ 232.17MiB at   13.18MiB/s ETA 00:04 (frag 56/69)
[download]  81.0% of ~ 232.18MiB at   13.18MiB/s ETA 00:04 (frag 56/69)
[download]  81.2% of ~ 231.78MiB at   13.18MiB/s ETA 00:04 (frag 56/69)
[download]  81.2% of ~ 231.82MiB at   13.18MiB/s ETA 00:04 (frag 56/69)
[download]  81.0% of ~ 232.31MiB at   13.18MiB/s ETA 00:04 (frag 56/69)
[download]  81.0% of ~ 232.54MiB at   13.18MiB/s ETA 00:04 (frag 56/69)
[download]  81.0% of ~ 232.35MiB at   12.88MiB/s ETA 00:04 (frag 56/69)
[download]  81.0% of ~ 232.62MiB at   12.88MiB/s ETA 00:04 (frag 56/69)
[download]  81.0% of ~ 232.62MiB at   12.88MiB/s ETA 00:04 (frag 56/69)
[download]  81.0% of ~ 232.63MiB at   12.88MiB/s ETA 00:04 (frag 56/69)
[download]  81.1% of ~ 232.44MiB at   12.88MiB/s ETA 00:04 (frag 56/69)
[download]  81.0% of ~ 232.79MiB at   12.88MiB/s ETA 00:04 (frag 56/69)
[download]  81.0% of ~ 232.81MiB at   12.88MiB/s ETA 00:04 (frag 56/69)
[download]  81.2% of ~ 232.23MiB at   12.88MiB/s ETA 00:04 (frag 56/69)
[download]  81.0% of ~ 233.00MiB at   12.88MiB/s ETA 00:04 (frag 56/69)
[download]  81.0% of ~ 233.07MiB at   12.81MiB/s ETA 00:04 (frag 56/69)
[download]  80.8% of ~ 233.67MiB at   12.81MiB/s ETA 00:04 (frag 56/69)
[download]  80.8% of ~ 233.67MiB at   12.81MiB/s ETA 00:04 (frag 56/69)
[download]  80.8% of ~ 233.68MiB at   12.81MiB/s ETA 00:04 (frag 56/69)
[download]  80.8% of ~ 233.68MiB at   12.81MiB/s ETA 00:04 (frag 56/69)
[download]  80.8% of ~ 233.69MiB at   12.69MiB/s ETA 00:04 (frag 56/69)
[download]  80.8% of ~ 233.59MiB at   12.69MiB/s ETA 00:04 (frag 56/69)
[download]  80.8% of ~ 233.59MiB at   12.69MiB/s ETA 00:04 (frag 56/69)
[download]  80.8% of ~ 233.59MiB at   12.69MiB/s ETA 00:04 (frag 56/69)
[download]  80.8% of ~ 233.60MiB at   12.69MiB/s ETA 00:04 (frag 56/69)
[download]  81.6% of ~ 231.79MiB at   12.69MiB/s ETA 00:04 (frag 56/69)
[download]  80.8% of ~ 233.99MiB at   12.69MiB/s ETA 00:04 (frag 56/69)
[download]  80.9% of ~ 233.91MiB at   12.69MiB/s ETA 00:04 (frag 56/69)
[download]  80.9% of ~ 233.93MiB at   12.69MiB/s ETA 00:04 (frag 56/69)
[download]  80.9% of ~ 233.97MiB at   12.69MiB/s ETA 00:04 (frag 56/69)
[download]  81.3% of ~ 233.10MiB at   12.69MiB/s ETA 00:04 (frag 56/69)
[download]  80.9% of ~ 234.34MiB at   12.69MiB/s ETA 00:04 (frag 56/69)
[download]  80.8% of ~ 234.62MiB at   12.69MiB/s ETA 00:04 (frag 56/69)
[download]  81.1% of ~ 234.24MiB at   12.48MiB/s ETA 00:04 (frag 56/69)
[download]  81.3% of ~ 234.43MiB at   12.48MiB/s ETA 00:04 (frag 56/69)
[download]  81.0% of ~ 235.31MiB at   12.48MiB/s ETA 00:04 (frag 57/69)
[download]  82.5% of ~ 231.19MiB at   12.15MiB/s ETA 00:04 (frag 57/69)
[download]  82.5% of ~ 231.19MiB at   12.15MiB/s ETA 00:04 (frag 57/69)
[download]  82.5% of ~ 231.19MiB at   12.15MiB/s ETA 00:04 (frag 57/69)
[download]  82.5% of ~ 231.19MiB at   12.15MiB/s ETA 00:04 (frag 57/69)
[download]  82.5% of ~ 231.20MiB at   12.15MiB/s ETA 00:04 (frag 57/69)
[download]  82.5% of ~ 231.22MiB at   12.15MiB/s ETA 00:04 (frag 57/69)
[download]  82.5% of ~ 231.26MiB at   12.15MiB/s ETA 00:04 (frag 57/69)
[download]  82.4% of ~ 231.83MiB at   12.15MiB/s ETA 00:04 (frag 57/69)
[download]  82.3% of ~ 232.25MiB at   11.63MiB/s ETA 00:04 (frag 57/69)
[download]  82.6% of ~ 231.96MiB at   11.63MiB/s ETA 00:04 (frag 57/69)
[download]  83.1% of ~ 231.08MiB at   11.63MiB/s ETA 00:04 (frag 57/69)
[download]  82.8% of ~ 232.46MiB at   11.39MiB/s ETA 00:04 (frag 57/69)
[download]  82.6% of ~ 233.47MiB at   11.39MiB/s ETA 00:04 (frag 57/69)
[download]  82.7% of ~ 233.77MiB at   11.39MiB/s ETA 00:04 (frag 57/69)
[download]  82.7% of ~ 233.82MiB at   11.39MiB/s ETA 00:04 (frag 57/69)
[download]  82.7% of ~ 233.82MiB at   11.39MiB/s ETA 00:04 (frag 57/69)
[download]  82.7% of ~ 233.83MiB at   11.39MiB/s ETA 00:04 (frag 57/69)
[download]  82.7% of ~ 233.83MiB at   11.39MiB/s ETA 00:04 (frag 57/69)
[download]  82.7% of ~ 233.84MiB at   11.39MiB/s ETA 00:04 (frag 57/69)
[download]  82.7% of ~ 233.86MiB at   11.39MiB/s ETA 00:04 (frag 57/69)
[download]  82.5% of ~ 234.40MiB at   11.18MiB/s ETA 00:04 (frag 57/69)
[download]  82.4% of ~ 235.16MiB at   10.92MiB/s ETA 00:04 (frag 57/69)
[download]  82.5% of ~ 235.34MiB at   10.92MiB/s ETA 00:04 (frag 57/69)
[download]  82.7% of ~ 234.94MiB at   10.61MiB/s ETA 00:04 (frag 57/69)
[download]  82.7% of ~ 235.01MiB at   10.61MiB/s ETA 00:04 (frag 57/69)
[download]  83.1% of ~ 235.23MiB at   10.61MiB/s ETA 00:04 (frag 57/69)
[download]  83.3% of ~ 235.56MiB at   10.61MiB/s ETA 00:04 (frag 57/69)
[download]  82.9% of ~ 237.87MiB at   10.61MiB/s ETA 00:04 (frag 57/69)
[download]  82.9% of ~ 239.14MiB at   10.61MiB/s ETA 00:04 (frag 57/69)
[download]  82.6% of ~ 240.15MiB at   10.77MiB/s ETA 00:04 (frag 57/69)
[download]  82.8% of ~ 240.95MiB at   10.77MiB/s ETA 00:04 (frag 57/69)
[download]  82.8% of ~ 241.14MiB at   10.77MiB/s ETA 00:04 (frag 57/69)
[download]  82.5% of ~ 242.56MiB at   10.98MiB/s ETA 00:04 (frag 57/69)
[download]  82.7% of ~ 242.53MiB at   10.98MiB/s ETA 00:04 (frag 57/69)
[download]  83.3% of ~ 241.84MiB at   11.15MiB/s ETA 00:03 (frag 57/69)
[download]  83.0% of ~ 242.82MiB at   11.15MiB/s ETA 00:03 (frag 58/69)
[download]  84.3% of ~ 239.48MiB at   11.15MiB/s ETA 00:03 (frag 58/69)
[download]  84.6% of ~ 241.05MiB at   11.15MiB/s ETA 00:03 (frag 58/69)
[download]  84.7% of ~ 242.48MiB at   11.15MiB/s ETA 00:03 (frag 58/69)
[download]  84.1% of ~ 244.05MiB at   11.15MiB/s ETA 00:03 (frag 59/69)
[download]  85.3% of ~ 240.88MiB at   11.49MiB/s ETA 00:03 (frag 59/69)
[download]  85.2% of ~ 241.02MiB at   11.49MiB/s ETA 00:03 (frag 60/69)
[download]  87.3% of ~ 236.59MiB at   11.49MiB/s ETA 00:03 (frag 60/69)
[download]  86.9% of ~ 237.58MiB at   11.61MiB/s ETA 00:03 (frag 60/69)
[download]  86.9% of ~ 237.58MiB at   11.61MiB/s ETA 00:03 (frag 60/69)
[download]  86.9% of ~ 237.58MiB at   11.61MiB/s ETA 00:03 (frag 60/69)
[download]  86.9% of ~ 237.59MiB at   11.61MiB/s ETA 00:03 (frag 60/69)
[download]  86.9% of ~ 237.60MiB at   11.61MiB/s ETA 00:03 (frag 60/69)
[download]  87.6% of ~ 237.75MiB at   11.61MiB/s ETA 00:03 (frag 60/69)
[download]  86.9% of ~ 239.80MiB at   11.61MiB/s ETA 00:03 (frag 60/69)
[download]  86.9% of ~ 239.82MiB at   11.61MiB/s ETA 00:03 (frag 61/69)
[download]  88.5% of ~ 235.31MiB at   11.61MiB/s ETA 00:03 (frag 61/69)
[download]  88.5% of ~ 235.31MiB at   11.61MiB/s ETA 00:03 (frag 61/69)
[download]  88.5% of ~ 235.31MiB at   11.61MiB/s ETA 00:03 (frag 61/69)
[download]  88.5% of ~ 235.32MiB at   11.80MiB/s ETA 00:03 (frag 61/69)
[download]  88.5% of ~ 235.33MiB at   11.80MiB/s ETA 00:03 (frag 61/69)
[download]  88.5% of ~ 235.34MiB at   11.80MiB/s ETA 00:03 (frag 61/69)
[download]  89.0% of ~ 236.20MiB at   11.80MiB/s ETA 00:03 (frag 61/69)
[download]  88.2% of ~ 238.26MiB at   11.80MiB/s ETA 00:03 (frag 62/69)
[download]  90.0% of ~ 233.48MiB at   11.80MiB/s ETA 00:03 (frag 62/69)
[download]  90.0% of ~ 233.48MiB at   11.80MiB/s ETA 00:03 (frag 62/69)
[download]  90.0% of ~ 233.48MiB at   11.80MiB/s ETA 00:03 (frag 62/69)
[download]  90.0% of ~ 233.48MiB at   11.80MiB/s ETA 00:03 (frag 62/69)
[download]  90.1% of ~ 233.49MiB at   11.80MiB/s ETA 00:03 (frag 62/69)
[download]  90.1% of ~ 233.51MiB at   11.80MiB/s ETA 00:03 (frag 62/69)
[download]  90.0% of ~ 233.74MiB at   11.80MiB/s ETA 00:03 (frag 62/69)
[download]  90.1% of ~ 233.61MiB at   11.80MiB/s ETA 00:03 (frag 62/69)
[download]  90.1% of ~ 233.68MiB at   11.80MiB/s ETA 00:03 (frag 62/69)
[download]  90.5% of ~ 234.66MiB at   12.32MiB/s ETA 00:03 (frag 62/69)
[download]  89.7% of ~ 236.52MiB at   12.32MiB/s ETA 00:03 (frag 63/69)
[download]  91.2% of ~ 232.69MiB at   12.32MiB/s ETA 00:03 (frag 63/69)
[download]  91.8% of ~ 232.41MiB at   12.32MiB/s ETA 00:03 (frag 63/69)
[download]  91.5% of ~ 233.30MiB at   12.69MiB/s ETA 00:03 (frag 63/69)
[download]  91.4% of ~ 234.63MiB at   13.01MiB/s ETA 00:03 (frag 63/69)
[download]  91.3% of ~ 235.01MiB at   13.01MiB/s ETA 00:03 (frag 63/69)
[download]  91.3% of ~ 235.08MiB at   13.25MiB/s ETA 00:02 (frag 63/69)
[download]  91.6% of ~ 234.53MiB at   13.25MiB/s ETA 00:02 (frag 63/69)
[download]  91.5% of ~ 234.99MiB at   13.25MiB/s ETA 00:02 (frag 63/69)
[download]  91.9% of ~ 233.98MiB at   13.25MiB/s ETA 00:02 (frag 63/69)
[download]  91.9% of ~ 233.98MiB at   13.25MiB/s ETA 00:02 (frag 63/69)
[download]  91.9% of ~ 233.98MiB at   13.25MiB/s ETA 00:02 (frag 63/69)
[download]  91.9% of ~ 233.99MiB at   13.25MiB/s ETA 00:02 (frag 63/69)
[download]  91.9% of ~ 234.00MiB at   13.25MiB/s ETA 00:02 (frag 63/69)
[download]  91.7% of ~ 235.10MiB at   13.25MiB/s ETA 00:02 (frag 63/69)
[download]  91.9% of ~ 234.55MiB at   13.25MiB/s ETA 00:02 (frag 63/69)
[download]  92.0% of ~ 234.59MiB at   13.44MiB/s ETA 00:02 (frag 63/69)
[download]  91.3% of ~ 236.42MiB at   13.44MiB/s ETA 00:02 (frag 63/69)
[download]  91.6% of ~ 236.20MiB at   13.50MiB/s ETA 00:02 (frag 63/69)
[download]  91.9% of ~ 236.92MiB at   13.50MiB/s ETA 00:02 (frag 63/69)
[download]  91.4% of ~ 238.30MiB at   13.50MiB/s ETA 00:02 (frag 64/69)
[download]  93.4% of ~ 233.20MiB at   13.59MiB/s ETA 00:02 (frag 64/69)
[download]  92.9% of ~ 235.08MiB at   13.59MiB/s ETA 00:02 (frag 64/69)
[download]  93.5% of ~ 233.86MiB at   13.59MiB/s ETA 00:02 (frag 64/69)
[download]  93.4% of ~ 235.20MiB at   13.59MiB/s ETA 00:02 (frag 64/69)
[download]  93.6% of ~ 235.19MiB at   13.59MiB/s ETA 00:02 (frag 64/69)
[download]  93.4% of ~ 236.79MiB at   13.59MiB/s ETA 00:02 (frag 64/69)
[download]  93.0% of ~ 237.79MiB at   13.59MiB/s ETA 00:02 (frag 65/69)
[download]  94.8% of ~ 234.37MiB at   14.06MiB/s ETA 00:02 (frag 65/69)
[download]  95.2% of ~ 234.18MiB at   14.36MiB/s ETA 00:02 (frag 65/69)
[download]  94.8% of ~ 235.15MiB at   14.36MiB/s ETA 00:02 (frag 66/69)
[download]  95.8% of ~ 234.00MiB at   14.50MiB/s ETA 00:01 (frag 66/69)
[download]  96.2% of ~ 234.17MiB at   14.48MiB/s ETA 00:01 (frag 66/69)
[download]  95.8% of ~ 235.32MiB at   14.48MiB/s ETA 00:01 (frag 67/69)
[download]  97.4% of ~ 232.33MiB at   14.48MiB/s ETA 00:01 (frag 67/69)
[download]  97.2% of ~ 234.00MiB at   13.90MiB/s ETA 00:01 (frag 67/69)
[download]  96.8% of ~ 234.96MiB at   13.90MiB/s ETA 00:01 (frag 68/69)
[download]  99.1% of ~ 230.91MiB at   13.74MiB/s ETA 00:01 (frag 68/69)
[download]  98.5% of ~ 232.48MiB at   13.74MiB/s ETA 00:01 (frag 69/69)
[download] 100% of  228.91MiB in 00:00:16 at 13.85MiB/s
[FixupM3u8] Fixing MPEG-TS in MP4 container of "D:\ĎÂÔŘ\Big_boobs_college_teen_like_riding_big_dick-ucacoub5079.mp4"
[Metadata] Adding metadata to "D:\ĎÂÔŘ\Big_boobs_college_teen_like_riding_big_dick-ucacoub5079.mp4"
