[generic] Extracting URL: https://www.xvideos.com/prof-video-click/upload/asiangoodgirl/uocpmev99c0/he_can_t_handle_her_tig...sian_pussy._can_you_
[generic] he_can_t_handle_her_tight_asian_pussy: Downloading webpage
[redirect] Following redirect to https://www.xvideos.com/video.uocpmev99c0/he_can_t_handle_her_tight_asian_pussy._can_you_
[XVideos] Extracting URL: https://www.xvideos.com/video.uocpmev99c0/he_can_t_handle_her_tight_asian_pussy._can_you_
[XVideos] uocpmev99c0: Downloading webpage
[XVideos] uocpmev99c0: Downloading m3u8 information
[XVideos] uocpmev99c0: Checking hls-480p video format URL
[XVideos] uocpmev99c0: Checking hls-720p video format URL
[XVideos] uocpmev99c0: Checking hls-1080p video format URL
[XVideos] uocpmev99c0: Checking hls-360p video format URL
[XVideos] uocpmev99c0: Checking hls-250p video format URL
[info] uocpmev99c0: Downloading 1 format(s): hls-1080p
[info] Downloading video thumbnail 1 ...
[info] Writing video thumbnail 1 to: D:\ĎÂÔŘ\He_can_t_handle_her_tight_Asian_pussy._Can_you-uocpmev99c0.jpg
[hlsnative] Downloading m3u8 manifest
[hlsnative] Total fragments: 59
[download] Destination: D:\ĎÂÔŘ\He_can_t_handle_her_tight_Asian_pussy._Can_you-uocpmev99c0.mp4
[download]   0.0% of ~ 154.06MiB at    468.29B/s ETA Unknown (frag 0/59)
[download]   0.0% of ~ 154.12MiB at    468.29B/s ETA Unknown (frag 0/59)
[download]   0.0% of ~ 154.23MiB at    468.29B/s ETA Unknown (frag 0/59)
[download]   0.0% of ~ 154.46MiB at    468.29B/s ETA Unknown (frag 0/59)
[download]   0.0% of ~ 154.92MiB at   11.77KiB/s ETA Unknown (frag 0/59)
[download]   0.0% of ~ 155.85MiB at   28.76KiB/s ETA Unknown (frag 0/59)
[download]   0.1% of ~ 157.69MiB at   55.48KiB/s ETA 22:49 (frag 0/59)
[download]   0.1% of ~ 177.45MiB at   55.48KiB/s ETA 22:49 (frag 0/59)
[download]   0.1% of ~ 177.50MiB at   55.48KiB/s ETA 22:49 (frag 0/59)
[download]   0.1% of ~ 177.62MiB at   55.48KiB/s ETA 22:49 (frag 0/59)
[download]   0.1% of ~ 177.85MiB at   55.48KiB/s ETA 22:49 (frag 0/59)
[download]   0.1% of ~ 241.87MiB at   76.47KiB/s ETA 23:49 (frag 0/59)
[download]   0.1% of ~ 241.93MiB at   76.47KiB/s ETA 23:49 (frag 0/59)
[download]   0.1% of ~ 242.05MiB at   76.47KiB/s ETA 23:49 (frag 0/59)
[download]   0.1% of ~ 242.28MiB at   76.47KiB/s ETA 23:49 (frag 0/59)
[download]   0.1% of ~ 263.57MiB at   88.82KiB/s ETA 25:16 (frag 0/59)
[download]   0.1% of ~ 263.62MiB at   88.82KiB/s ETA 25:16 (frag 0/59)
[download]   0.1% of ~ 263.74MiB at   88.82KiB/s ETA 25:16 (frag 0/59)
[download]   0.1% of ~ 263.97MiB at   88.82KiB/s ETA 25:16 (frag 0/59)
[download]   0.1% of ~ 243.60MiB at   88.82KiB/s ETA 25:16 (frag 0/59)
[download]   0.1% of ~ 180.96MiB at  104.29KiB/s ETA 24:56 (frag 0/59)
[download]   0.1% of ~ 245.45MiB at  104.29KiB/s ETA 24:56 (frag 0/59)
[download]   0.1% of ~ 268.12MiB at  121.41KiB/s ETA 25:16 (frag 0/59)
[download]   0.2% of ~ 184.65MiB at  137.41KiB/s ETA 24:33 (frag 0/59)
[download]   0.1% of ~ 270.88MiB at  137.41KiB/s ETA 24:33 (frag 0/59)
[download]   0.3% of ~ 172.27MiB at  173.72KiB/s ETA 23:13 (frag 0/59)
[download]   0.2% of ~ 259.27MiB at  173.72KiB/s ETA 23:13 (frag 0/59)
[download]   0.3% of ~ 199.40MiB at  173.72KiB/s ETA 23:13 (frag 0/59)
[download]   0.2% of ~ 293.79MiB at  215.64KiB/s ETA 22:30 (frag 0/59)
[download]   0.2% of ~ 293.85MiB at  215.64KiB/s ETA 22:30 (frag 0/59)
[download]   0.2% of ~ 293.97MiB at  215.64KiB/s ETA 22:30 (frag 0/59)
[download]   0.2% of ~ 294.20MiB at  215.64KiB/s ETA 22:30 (frag 0/59)
[download]   0.2% of ~ 294.66MiB at  215.64KiB/s ETA 22:30 (frag 0/59)
[download]   0.3% of ~ 268.44MiB at  215.64KiB/s ETA 22:30 (frag 0/59)
[download]   0.3% of ~ 296.64MiB at  276.08KiB/s ETA 21:27 (frag 0/59)
[download]   0.3% of ~ 306.64MiB at  276.08KiB/s ETA 21:27 (frag 0/59)
[download]   0.4% of ~ 281.34MiB at  357.02KiB/s ETA 20:11 (frag 0/59)
[download]   0.5% of ~ 232.53MiB at  357.02KiB/s ETA 20:11 (frag 0/59)
[download]   0.4% of ~ 324.30MiB at  357.02KiB/s ETA 20:11 (frag 0/59)
[download]   0.4% of ~ 304.58MiB at  443.37KiB/s ETA 18:58 (frag 0/59)
[download]   0.4% of ~ 304.64MiB at  443.37KiB/s ETA 18:58 (frag 0/59)
[download]   0.4% of ~ 304.75MiB at  443.37KiB/s ETA 18:58 (frag 0/59)
[download]   0.4% of ~ 304.98MiB at  443.37KiB/s ETA 18:58 (frag 0/59)
[download]   0.4% of ~ 338.85MiB at  443.37KiB/s ETA 18:58 (frag 0/59)
[download]   0.5% of ~ 336.22MiB at  535.16KiB/s ETA 17:50 (frag 0/59)
[download]   0.6% of ~ 330.14MiB at  535.16KiB/s ETA 17:50 (frag 0/59)
[download]   0.8% of ~ 280.01MiB at  684.23KiB/s ETA 16:31 (frag 0/59)
[download]   0.6% of ~ 364.91MiB at  684.23KiB/s ETA 16:31 (frag 0/59)
[download]   0.9% of ~ 372.10MiB at  909.02KiB/s ETA 15:18 (frag 0/59)
[download]   0.9% of ~ 451.93MiB at  909.02KiB/s ETA 15:18 (frag 0/59)
[download]   0.8% of ~ 487.74MiB at    1.11MiB/s ETA 14:16 (frag 0/59)
[download]   0.9% of ~ 461.71MiB at    1.11MiB/s ETA 14:16 (frag 0/59)
[download]   1.0% of ~ 406.25MiB at    1.27MiB/s ETA 13:15 (frag 0/59)
[download]   1.0% of ~ 505.40MiB at    1.27MiB/s ETA 13:15 (frag 0/59)
[download]   1.0% of ~ 570.71MiB at    1.27MiB/s ETA 13:15 (frag 0/59)
[download]   1.0% of ~ 585.46MiB at    1.53MiB/s ETA 12:22 (frag 0/59)
[download]   1.4% of ~ 587.82MiB at    1.53MiB/s ETA 12:22 (frag 0/59)
[download]   1.1% of ~ 703.57MiB at    1.53MiB/s ETA 12:22 (frag 1/59)
[download]   2.5% of ~ 365.36MiB at    2.17MiB/s ETA 11:18 (frag 1/59)
[download]   2.8% of ~ 391.70MiB at    2.17MiB/s ETA 11:18 (frag 1/59)
[download]   2.5% of ~ 450.70MiB at    2.17MiB/s ETA 11:18 (frag 1/59)
[download]   2.5% of ~ 459.99MiB at    2.17MiB/s ETA 11:18 (frag 2/59)
[download]   3.8% of ~ 296.67MiB at    2.87MiB/s ETA 10:16 (frag 2/59)
[download]   3.8% of ~ 296.69MiB at    2.87MiB/s ETA 10:16 (frag 2/59)
[download]   3.8% of ~ 296.73MiB at    2.87MiB/s ETA 10:16 (frag 2/59)
[download]   3.8% of ~ 296.80MiB at    2.87MiB/s ETA 10:16 (frag 2/59)
[download]   3.8% of ~ 296.96MiB at    2.87MiB/s ETA 10:16 (frag 2/59)
[download]   3.8% of ~ 297.26MiB at    2.87MiB/s ETA 10:16 (frag 2/59)
[download]   4.3% of ~ 309.97MiB at    2.87MiB/s ETA 10:16 (frag 2/59)
[download]   4.0% of ~ 337.21MiB at    2.87MiB/s ETA 10:16 (frag 2/59)
[download]   3.9% of ~ 350.54MiB at    2.87MiB/s ETA 10:16 (frag 2/59)
[download]   3.9% of ~ 358.83MiB at    2.87MiB/s ETA 10:16 (frag 3/59)
[download]   5.3% of ~ 261.00MiB at    2.87MiB/s ETA 10:16 (frag 3/59)
[download]   5.3% of ~ 261.01MiB at    2.87MiB/s ETA 10:16 (frag 3/59)
[download]   5.3% of ~ 261.04MiB at    2.87MiB/s ETA 10:16 (frag 3/59)
[download]   5.3% of ~ 261.10MiB at    2.87MiB/s ETA 10:16 (frag 3/59)
[download]   5.8% of ~ 242.65MiB at    3.64MiB/s ETA 09:19 (frag 3/59)
[download]   5.4% of ~ 265.17MiB at    3.64MiB/s ETA 09:19 (frag 3/59)
[download]   5.3% of ~ 267.96MiB at    4.17MiB/s ETA 08:28 (frag 3/59)
[download]   5.4% of ~ 267.25MiB at    4.49MiB/s ETA 07:42 (frag 3/59)
[download]   5.4% of ~ 271.88MiB at    4.49MiB/s ETA 07:42 (frag 3/59)
[download]   5.8% of ~ 257.79MiB at    4.72MiB/s ETA 07:00 (frag 3/59)
[download]   5.4% of ~ 278.35MiB at    4.72MiB/s ETA 07:00 (frag 3/59)
[download]   5.4% of ~ 279.49MiB at    4.87MiB/s ETA 06:23 (frag 3/59)
[download]   5.3% of ~ 284.00MiB at    4.87MiB/s ETA 06:23 (frag 3/59)
[download]   5.3% of ~ 284.01MiB at    4.87MiB/s ETA 06:23 (frag 3/59)
[download]   5.3% of ~ 284.04MiB at    4.87MiB/s ETA 06:23 (frag 3/59)
[download]   5.3% of ~ 284.10MiB at    4.87MiB/s ETA 06:23 (frag 3/59)
[download]   5.3% of ~ 284.21MiB at    4.87MiB/s ETA 06:23 (frag 3/59)
[download]   5.3% of ~ 284.44MiB at    4.87MiB/s ETA 06:23 (frag 3/59)
[download]   5.4% of ~ 284.90MiB at    4.87MiB/s ETA 06:23 (frag 3/59)
[download]   5.4% of ~ 285.83MiB at    4.87MiB/s ETA 06:23 (frag 3/59)
[download]   5.4% of ~ 283.86MiB at    4.87MiB/s ETA 06:23 (frag 3/59)
[download]   5.5% of ~ 281.76MiB at    4.87MiB/s ETA 06:23 (frag 3/59)
[download]   5.5% of ~ 281.78MiB at    4.87MiB/s ETA 06:23 (frag 3/59)
[download]   5.5% of ~ 281.81MiB at    4.87MiB/s ETA 06:23 (frag 3/59)
[download]   5.5% of ~ 281.86MiB at    4.98MiB/s ETA 05:50 (frag 3/59)
[download]   5.5% of ~ 281.98MiB at    4.98MiB/s ETA 05:50 (frag 3/59)
[download]   5.5% of ~ 282.21MiB at    4.98MiB/s ETA 05:50 (frag 3/59)
[download]   5.5% of ~ 282.67MiB at    4.98MiB/s ETA 05:50 (frag 3/59)
[download]   5.5% of ~ 283.59MiB at    4.98MiB/s ETA 05:50 (frag 3/59)
[download]   5.5% of ~ 288.44MiB at    5.07MiB/s ETA 05:20 (frag 3/59)
[download]   5.5% of ~ 290.47MiB at    5.19MiB/s ETA 04:53 (frag 3/59)
[download]   5.5% of ~ 295.90MiB at    5.27MiB/s ETA 04:29 (frag 3/59)
[download]   5.6% of ~ 292.77MiB at    5.27MiB/s ETA 04:29 (frag 3/59)
[download]   5.6% of ~ 303.27MiB at    5.39MiB/s ETA 04:07 (frag 3/59)
[download]   5.7% of ~ 303.84MiB at    5.58MiB/s ETA 03:47 (frag 3/59)
[download]   5.8% of ~ 318.02MiB at    5.75MiB/s ETA 03:29 (frag 3/59)
[download]   5.8% of ~ 328.25MiB at    5.75MiB/s ETA 03:29 (frag 3/59)
[download]   5.7% of ~ 336.34MiB at    5.75MiB/s ETA 03:29 (frag 3/59)
[download]   5.7% of ~ 340.18MiB at    5.75MiB/s ETA 03:29 (frag 3/59)
[download]   6.0% of ~ 340.64MiB at    6.11MiB/s ETA 03:13 (frag 3/59)
[download]   6.2% of ~ 362.20MiB at    6.11MiB/s ETA 03:13 (frag 3/59)
[download]   5.8% of ~ 391.70MiB at    6.11MiB/s ETA 03:13 (frag 3/59)
[download]   5.7% of ~ 393.37MiB at    6.11MiB/s ETA 03:13 (frag 4/59)
[download]   7.7% of ~ 296.98MiB at    6.57MiB/s ETA 02:57 (frag 4/59)
[download]   7.4% of ~ 316.01MiB at    6.57MiB/s ETA 02:57 (frag 4/59)
[download]   7.7% of ~ 310.27MiB at    6.99MiB/s ETA 02:43 (frag 4/59)
[download]   7.4% of ~ 324.65MiB at    7.21MiB/s ETA 02:30 (frag 4/59)
[download]   7.4% of ~ 324.66MiB at    7.21MiB/s ETA 02:30 (frag 4/59)
[download]   7.4% of ~ 324.68MiB at    7.21MiB/s ETA 02:30 (frag 4/59)
[download]   7.4% of ~ 324.73MiB at    7.21MiB/s ETA 02:30 (frag 4/59)
[download]   7.4% of ~ 324.82MiB at    7.21MiB/s ETA 02:30 (frag 4/59)
[download]   7.5% of ~ 326.83MiB at    7.43MiB/s ETA 02:19 (frag 4/59)
[download]   7.9% of ~ 331.81MiB at    7.43MiB/s ETA 02:19 (frag 4/59)
[download]   7.4% of ~ 351.30MiB at    7.43MiB/s ETA 02:19 (frag 5/59)
[download]   8.9% of ~ 292.75MiB at    7.68MiB/s ETA 02:08 (frag 5/59)
[download]   9.0% of ~ 295.06MiB at    7.68MiB/s ETA 02:08 (frag 5/59)
[download]   9.0% of ~ 297.88MiB at    7.97MiB/s ETA 01:59 (frag 5/59)
[download]   9.0% of ~ 298.49MiB at    7.97MiB/s ETA 01:59 (frag 5/59)
[download]   9.0% of ~ 299.72MiB at    7.97MiB/s ETA 01:59 (frag 5/59)
[download]   9.1% of ~ 302.18MiB at    8.18MiB/s ETA 01:50 (frag 5/59)
[download]   9.2% of ~ 309.25MiB at    8.18MiB/s ETA 01:50 (frag 5/59)
[download]   9.0% of ~ 318.91MiB at    8.23MiB/s ETA 01:42 (frag 5/59)
[download]   9.0% of ~ 318.92MiB at    8.23MiB/s ETA 01:42 (frag 5/59)
[download]   9.0% of ~ 318.93MiB at    8.23MiB/s ETA 01:42 (frag 5/59)
[download]   9.0% of ~ 318.97MiB at    8.23MiB/s ETA 01:42 (frag 5/59)
[download]   9.0% of ~ 319.05MiB at    8.23MiB/s ETA 01:42 (frag 5/59)
[download]   9.0% of ~ 319.20MiB at    8.23MiB/s ETA 01:42 (frag 5/59)
[download]   9.0% of ~ 319.51MiB at    8.23MiB/s ETA 01:42 (frag 5/59)
[download]   9.4% of ~ 307.92MiB at    8.23MiB/s ETA 01:35 (frag 5/59)
[download]   9.3% of ~ 320.87MiB at    8.25MiB/s ETA 01:29 (frag 5/59)
[download]   9.0% of ~ 332.68MiB at    8.25MiB/s ETA 01:29 (frag 5/59)
[download]   9.4% of ~ 324.38MiB at    8.24MiB/s ETA 01:24 (frag 5/59)
[download]   9.1% of ~ 337.78MiB at    8.02MiB/s ETA 01:20 (frag 5/59)
[download]   8.9% of ~ 343.75MiB at    7.80MiB/s ETA 01:16 (frag 5/59)
[download]   8.9% of ~ 343.76MiB at    7.80MiB/s ETA 01:16 (frag 5/59)
[download]   8.9% of ~ 343.78MiB at    7.80MiB/s ETA 01:16 (frag 5/59)
[download]   8.9% of ~ 343.82MiB at    7.80MiB/s ETA 01:16 (frag 5/59)
[download]   9.3% of ~ 339.93MiB at    7.80MiB/s ETA 01:16 (frag 5/59)
[download]   9.6% of ~ 346.61MiB at    7.80MiB/s ETA 01:16 (frag 5/59)
[download]   9.3% of ~ 364.84MiB at    7.80MiB/s ETA 01:16 (frag 5/59)
[download]   9.2% of ~ 367.78MiB at    7.80MiB/s ETA 01:16 (frag 6/59)
[download]  10.6% of ~ 319.94MiB at    7.73MiB/s ETA 01:12 (frag 6/59)
[download]  11.1% of ~ 317.21MiB at    7.54MiB/s ETA 01:09 (frag 6/59)
[download]  10.6% of ~ 332.63MiB at    7.54MiB/s ETA 01:09 (frag 6/59)
[download]  10.9% of ~ 329.91MiB at    7.54MiB/s ETA 01:09 (frag 6/59)
[download]  11.0% of ~ 335.08MiB at    7.55MiB/s ETA 01:06 (frag 6/59)
[download]  10.7% of ~ 346.51MiB at    7.55MiB/s ETA 01:06 (frag 6/59)
[download]  10.9% of ~ 344.18MiB at    7.59MiB/s ETA 01:03 (frag 6/59)
[download]  10.8% of ~ 347.39MiB at    7.59MiB/s ETA 01:03 (frag 7/59)
[download]  12.8% of ~ 294.68MiB at    7.59MiB/s ETA 01:03 (frag 7/59)
[download]  12.7% of ~ 298.63MiB at    7.62MiB/s ETA 01:00 (frag 7/59)
[download]  12.4% of ~ 305.42MiB at    7.65MiB/s ETA 00:58 (frag 7/59)
[download]  12.4% of ~ 305.43MiB at    7.65MiB/s ETA 00:58 (frag 7/59)
[download]  12.4% of ~ 305.45MiB at    7.65MiB/s ETA 00:58 (frag 7/59)
[download]  12.4% of ~ 305.48MiB at    7.65MiB/s ETA 00:58 (frag 7/59)
[download]  12.6% of ~ 308.08MiB at    7.72MiB/s ETA 00:55 (frag 7/59)
[download]  12.5% of ~ 311.21MiB at    7.72MiB/s ETA 00:55 (frag 7/59)
[download]  12.5% of ~ 311.33MiB at    7.77MiB/s ETA 00:53 (frag 7/59)
[download]  12.5% of ~ 311.56MiB at    7.77MiB/s ETA 00:53 (frag 7/59)
[download]  12.5% of ~ 312.02MiB at    7.77MiB/s ETA 00:51 (frag 7/59)
[download]  12.3% of ~ 318.46MiB at    7.77MiB/s ETA 00:51 (frag 7/59)
[download]  12.5% of ~ 313.86MiB at    7.77MiB/s ETA 00:51 (frag 7/59)
[download]  12.9% of ~ 318.59MiB at    7.77MiB/s ETA 00:51 (frag 7/59)
[download]  12.4% of ~ 332.26MiB at    7.77MiB/s ETA 00:51 (frag 8/59)
[download]  14.2% of ~ 292.78MiB at    7.77MiB/s ETA 00:51 (frag 8/59)
[download]  14.3% of ~ 291.39MiB at    7.90MiB/s ETA 00:49 (frag 8/59)
[download]  14.3% of ~ 291.39MiB at    7.90MiB/s ETA 00:49 (frag 8/59)
[download]  14.3% of ~ 291.41MiB at    7.90MiB/s ETA 00:49 (frag 8/59)
[download]  14.3% of ~ 291.43MiB at    7.90MiB/s ETA 00:49 (frag 8/59)
[download]  14.3% of ~ 291.48MiB at    7.90MiB/s ETA 00:49 (frag 8/59)
[download]  14.4% of ~ 296.25MiB at    7.90MiB/s ETA 00:49 (frag 8/59)
[download]  14.2% of ~ 305.39MiB at    8.08MiB/s ETA 00:47 (frag 8/59)
[download]  14.3% of ~ 303.25MiB at    8.08MiB/s ETA 00:47 (frag 8/59)
[download]  14.3% of ~ 303.26MiB at    8.08MiB/s ETA 00:47 (frag 8/59)
[download]  14.3% of ~ 303.27MiB at    8.08MiB/s ETA 00:47 (frag 8/59)
[download]  14.3% of ~ 303.30MiB at    8.08MiB/s ETA 00:47 (frag 8/59)
[download]  14.3% of ~ 303.35MiB at    8.08MiB/s ETA 00:47 (frag 8/59)
[download]  14.3% of ~ 303.45MiB at    8.08MiB/s ETA 00:47 (frag 8/59)
[download]  14.3% of ~ 303.65MiB at    8.08MiB/s ETA 00:47 (frag 8/59)
[download]  14.0% of ~ 312.13MiB at    8.08MiB/s ETA 00:47 (frag 8/59)
[download]  14.4% of ~ 304.01MiB at    8.19MiB/s ETA 00:46 (frag 8/59)
[download]  14.2% of ~ 311.15MiB at    8.19MiB/s ETA 00:46 (frag 8/59)
[download]  14.0% of ~ 315.25MiB at    8.19MiB/s ETA 00:46 (frag 9/59)
[download]  16.0% of ~ 277.49MiB at    8.19MiB/s ETA 00:46 (frag 9/59)
[download]  16.0% of ~ 277.86MiB at    8.16MiB/s ETA 00:44 (frag 9/59)
[download]  15.9% of ~ 279.95MiB at    8.16MiB/s ETA 00:44 (frag 9/59)
[download]  16.1% of ~ 278.52MiB at    7.92MiB/s ETA 00:43 (frag 9/59)
[download]  16.2% of ~ 285.36MiB at    7.92MiB/s ETA 00:43 (frag 9/59)
[download]  15.8% of ~ 293.99MiB at    7.92MiB/s ETA 00:43 (frag 10/59)
[download]  17.7% of ~ 264.17MiB at    7.90MiB/s ETA 00:41 (frag 10/59)
[download]  17.7% of ~ 266.09MiB at    7.90MiB/s ETA 00:41 (frag 10/59)
[download]  17.5% of ~ 268.64MiB at    7.90MiB/s ETA 00:41 (frag 10/59)
[download]  17.5% of ~ 268.65MiB at    7.90MiB/s ETA 00:41 (frag 10/59)
[download]  17.5% of ~ 268.66MiB at    7.85MiB/s ETA 00:40 (frag 10/59)
[download]  17.5% of ~ 268.68MiB at    7.85MiB/s ETA 00:40 (frag 10/59)
[download]  17.5% of ~ 268.72MiB at    7.85MiB/s ETA 00:40 (frag 10/59)
[download]  17.6% of ~ 268.82MiB at    7.85MiB/s ETA 00:40 (frag 10/59)
[download]  17.6% of ~ 270.14MiB at    7.85MiB/s ETA 00:40 (frag 10/59)
[download]  17.7% of ~ 270.33MiB at    7.97MiB/s ETA 00:38 (frag 10/59)
[download]  17.6% of ~ 272.99MiB at    7.97MiB/s ETA 00:38 (frag 10/59)
[download]  17.3% of ~ 279.95MiB at    7.97MiB/s ETA 00:38 (frag 10/59)
[download]  17.6% of ~ 275.71MiB at    8.02MiB/s ETA 00:37 (frag 10/59)
[download]  17.4% of ~ 279.06MiB at    7.91MiB/s ETA 00:37 (frag 10/59)
[download]  17.4% of ~ 279.07MiB at    7.91MiB/s ETA 00:37 (frag 10/59)
[download]  17.4% of ~ 279.08MiB at    7.91MiB/s ETA 00:37 (frag 10/59)
[download]  17.4% of ~ 279.10MiB at    7.91MiB/s ETA 00:37 (frag 10/59)
[download]  17.4% of ~ 279.14MiB at    7.91MiB/s ETA 00:37 (frag 10/59)
[download]  17.4% of ~ 279.23MiB at    7.91MiB/s ETA 00:37 (frag 10/59)
[download]  17.4% of ~ 279.39MiB at    7.91MiB/s ETA 00:37 (frag 10/59)
[download]  17.4% of ~ 279.73MiB at    7.91MiB/s ETA 00:37 (frag 10/59)
[download]  17.7% of ~ 277.22MiB at    7.91MiB/s ETA 00:37 (frag 10/59)
[download]  17.6% of ~ 278.73MiB at    7.91MiB/s ETA 00:37 (frag 11/59)
[download]  19.5% of ~ 254.84MiB at    7.86MiB/s ETA 00:35 (frag 11/59)
[download]  19.1% of ~ 260.88MiB at    7.75MiB/s ETA 00:35 (frag 11/59)
[download]  19.3% of ~ 259.64MiB at    7.69MiB/s ETA 00:34 (frag 11/59)
[download]  19.2% of ~ 263.33MiB at    7.69MiB/s ETA 00:34 (frag 11/59)
[download]  19.1% of ~ 267.65MiB at    7.69MiB/s ETA 00:34 (frag 11/59)
[download]  19.6% of ~ 266.05MiB at    7.80MiB/s ETA 00:33 (frag 11/59)
[download]  19.1% of ~ 272.48MiB at    7.87MiB/s ETA 00:33 (frag 11/59)
[download]  19.1% of ~ 272.48MiB at    7.87MiB/s ETA 00:33 (frag 11/59)
[download]  19.1% of ~ 272.49MiB at    7.87MiB/s ETA 00:33 (frag 11/59)
[download]  19.1% of ~ 272.51MiB at    7.87MiB/s ETA 00:33 (frag 11/59)
[download]  19.1% of ~ 272.55MiB at    7.87MiB/s ETA 00:33 (frag 11/59)
[download]  19.4% of ~ 273.56MiB at    7.87MiB/s ETA 00:33 (frag 11/59)
[download]  19.2% of ~ 277.54MiB at    7.87MiB/s ETA 00:33 (frag 11/59)
[download]  19.5% of ~ 274.38MiB at    7.87MiB/s ETA 00:33 (frag 11/59)
[download]  19.6% of ~ 277.58MiB at    7.87MiB/s ETA 00:33 (frag 11/59)
[download]  19.3% of ~ 282.39MiB at    7.87MiB/s ETA 00:33 (frag 12/59)
[download]  20.8% of ~ 262.06MiB at    8.09MiB/s ETA 00:32 (frag 12/59)
[download]  21.1% of ~ 260.94MiB at    8.09MiB/s ETA 00:32 (frag 12/59)
[download]  20.8% of ~ 268.81MiB at    8.29MiB/s ETA 00:31 (frag 12/59)
[download]  20.9% of ~ 268.18MiB at    8.40MiB/s ETA 00:30 (frag 12/59)
[download]  21.3% of ~ 269.61MiB at    8.40MiB/s ETA 00:30 (frag 12/59)
[download]  20.8% of ~ 276.31MiB at    8.40MiB/s ETA 00:30 (frag 13/59)
[download]  22.8% of ~ 252.27MiB at    8.69MiB/s ETA 00:29 (frag 13/59)
[download]  22.8% of ~ 252.28MiB at    8.69MiB/s ETA 00:29 (frag 13/59)
[download]  22.8% of ~ 252.28MiB at    8.69MiB/s ETA 00:29 (frag 13/59)
[download]  22.8% of ~ 252.30MiB at    8.69MiB/s ETA 00:29 (frag 13/59)
[download]  22.8% of ~ 252.33MiB at    8.69MiB/s ETA 00:29 (frag 13/59)
[download]  23.0% of ~ 253.64MiB at    8.91MiB/s ETA 00:28 (frag 13/59)
[download]  22.5% of ~ 262.50MiB at    8.63MiB/s ETA 00:28 (frag 13/59)
[download]  22.8% of ~ 258.84MiB at    8.26MiB/s ETA 00:28 (frag 13/59)
[download]  22.6% of ~ 262.47MiB at    8.26MiB/s ETA 00:28 (frag 13/59)
[download]  22.8% of ~ 260.02MiB at    8.26MiB/s ETA 00:28 (frag 13/59)
[download]  22.8% of ~ 260.29MiB at    8.26MiB/s ETA 00:28 (frag 13/59)
[download]  22.8% of ~ 261.47MiB at    8.06MiB/s ETA 00:28 (frag 13/59)
[download]  22.9% of ~ 262.02MiB at    8.06MiB/s ETA 00:28 (frag 13/59)
[download]  22.5% of ~ 267.04MiB at    7.87MiB/s ETA 00:28 (frag 13/59)
[download]  22.5% of ~ 267.05MiB at    7.87MiB/s ETA 00:28 (frag 13/59)
[download]  22.5% of ~ 267.06MiB at    7.87MiB/s ETA 00:28 (frag 13/59)
[download]  22.5% of ~ 267.07MiB at    7.87MiB/s ETA 00:28 (frag 13/59)
[download]  22.5% of ~ 267.10MiB at    7.87MiB/s ETA 00:28 (frag 13/59)
[download]  22.5% of ~ 267.17MiB at    7.87MiB/s ETA 00:28 (frag 13/59)
[download]  22.5% of ~ 267.30MiB at    7.87MiB/s ETA 00:28 (frag 13/59)
[download]  23.0% of ~ 263.60MiB at    7.87MiB/s ETA 00:28 (frag 13/59)
[download]  23.0% of ~ 266.94MiB at    7.87MiB/s ETA 00:28 (frag 13/59)
[download]  22.7% of ~ 270.11MiB at    7.87MiB/s ETA 00:28 (frag 14/59)
[download]  24.6% of ~ 253.00MiB at    7.87MiB/s ETA 00:28 (frag 14/59)
[download]  24.2% of ~ 258.59MiB at    7.87MiB/s ETA 00:28 (frag 14/59)
[download]  24.2% of ~ 262.27MiB at    8.09MiB/s ETA 00:27 (frag 14/59)
[download]  24.4% of ~ 259.76MiB at    8.20MiB/s ETA 00:27 (frag 14/59)
[download]  24.4% of ~ 260.00MiB at    8.20MiB/s ETA 00:27 (frag 15/59)
[download]  26.0% of ~ 246.23MiB at    8.20MiB/s ETA 00:27 (frag 15/59)
[download]  25.9% of ~ 248.37MiB at    8.20MiB/s ETA 00:27 (frag 15/59)
[download]  26.5% of ~ 245.82MiB at    8.29MiB/s ETA 00:26 (frag 15/59)
[download]  26.3% of ~ 249.50MiB at    8.29MiB/s ETA 00:26 (frag 15/59)
[download]  26.1% of ~ 251.19MiB at    8.29MiB/s ETA 00:26 (frag 16/59)
[download]  27.6% of ~ 239.68MiB at    8.40MiB/s ETA 00:25 (frag 16/59)
[download]  27.7% of ~ 238.69MiB at    8.39MiB/s ETA 00:25 (frag 16/59)
[download]  27.7% of ~ 238.70MiB at    8.39MiB/s ETA 00:25 (frag 16/59)
[download]  27.7% of ~ 238.70MiB at    8.39MiB/s ETA 00:25 (frag 16/59)
[download]  27.7% of ~ 238.72MiB at    8.39MiB/s ETA 00:25 (frag 16/59)
[download]  27.5% of ~ 243.05MiB at    8.39MiB/s ETA 00:25 (frag 16/59)
[download]  27.2% of ~ 245.02MiB at    8.39MiB/s ETA 00:25 (frag 17/59)
[download]  29.2% of ~ 228.59MiB at    8.39MiB/s ETA 00:25 (frag 17/59)
[download]  29.2% of ~ 228.59MiB at    8.39MiB/s ETA 00:25 (frag 17/59)
[download]  29.2% of ~ 228.60MiB at    8.39MiB/s ETA 00:25 (frag 17/59)
[download]  29.2% of ~ 228.61MiB at    8.39MiB/s ETA 00:25 (frag 17/59)
[download]  29.4% of ~ 227.39MiB at    8.39MiB/s ETA 00:25 (frag 17/59)
[download]  29.2% of ~ 228.68MiB at    8.39MiB/s ETA 00:25 (frag 17/59)
[download]  29.2% of ~ 228.74MiB at    8.39MiB/s ETA 00:25 (frag 17/59)
[download]  29.2% of ~ 228.84MiB at    8.39MiB/s ETA 00:25 (frag 17/59)
[download]  29.5% of ~ 230.37MiB at    8.49MiB/s ETA 00:24 (frag 17/59)
[download]  29.6% of ~ 232.26MiB at    8.49MiB/s ETA 00:24 (frag 17/59)
[download]  29.4% of ~ 234.27MiB at    8.49MiB/s ETA 00:24 (frag 17/59)
[download]  29.2% of ~ 235.56MiB at    8.49MiB/s ETA 00:24 (frag 18/59)
[download]  30.9% of ~ 223.22MiB at    8.49MiB/s ETA 00:24 (frag 18/59)
[download]  31.0% of ~ 222.63MiB at    8.44MiB/s ETA 00:24 (frag 18/59)
[download]  31.0% of ~ 222.64MiB at    8.44MiB/s ETA 00:24 (frag 18/59)
[download]  31.0% of ~ 222.64MiB at    8.44MiB/s ETA 00:24 (frag 18/59)
[download]  31.0% of ~ 222.65MiB at    8.44MiB/s ETA 00:24 (frag 18/59)
[download]  31.0% of ~ 222.68MiB at    8.44MiB/s ETA 00:24 (frag 18/59)
[download]  31.0% of ~ 222.73MiB at    8.44MiB/s ETA 00:24 (frag 18/59)
[download]  31.0% of ~ 222.82MiB at    8.44MiB/s ETA 00:24 (frag 18/59)
[download]  31.3% of ~ 225.25MiB at    8.44MiB/s ETA 00:24 (frag 18/59)
[download]  30.7% of ~ 229.59MiB at    8.44MiB/s ETA 00:24 (frag 19/59)
[download]  32.7% of ~ 215.80MiB at    8.44MiB/s ETA 00:24 (frag 19/59)
[download]  32.8% of ~ 217.97MiB at    8.43MiB/s ETA 00:23 (frag 19/59)
[download]  32.6% of ~ 219.58MiB at    8.43MiB/s ETA 00:23 (frag 19/59)
[download]  32.6% of ~ 219.58MiB at    8.43MiB/s ETA 00:23 (frag 19/59)
[download]  32.6% of ~ 219.59MiB at    8.43MiB/s ETA 00:23 (frag 19/59)
[download]  32.6% of ~ 219.60MiB at    8.43MiB/s ETA 00:23 (frag 19/59)
[download]  32.6% of ~ 219.62MiB at    8.43MiB/s ETA 00:23 (frag 19/59)
[download]  32.6% of ~ 219.67MiB at    8.43MiB/s ETA 00:23 (frag 19/59)
[download]  32.7% of ~ 219.11MiB at    8.38MiB/s ETA 00:22 (frag 19/59)
[download]  32.7% of ~ 220.40MiB at    8.38MiB/s ETA 00:22 (frag 19/59)
[download]  32.8% of ~ 219.46MiB at    8.38MiB/s ETA 00:22 (frag 19/59)
[download]  32.8% of ~ 219.47MiB at    8.38MiB/s ETA 00:22 (frag 19/59)
[download]  32.8% of ~ 219.47MiB at    8.38MiB/s ETA 00:22 (frag 19/59)
[download]  32.8% of ~ 219.48MiB at    8.38MiB/s ETA 00:22 (frag 19/59)
[download]  32.8% of ~ 219.51MiB at    8.38MiB/s ETA 00:22 (frag 19/59)
[download]  32.6% of ~ 220.96MiB at    8.38MiB/s ETA 00:22 (frag 19/59)
[download]  32.8% of ~ 219.74MiB at    8.38MiB/s ETA 00:22 (frag 19/59)
[download]  32.8% of ~ 220.58MiB at    8.38MiB/s ETA 00:22 (frag 19/59)
[download]  32.8% of ~ 221.12MiB at    8.40MiB/s ETA 00:22 (frag 19/59)
[download]  32.8% of ~ 220.94MiB at    8.40MiB/s ETA 00:22 (frag 19/59)
[download]  32.2% of ~ 225.54MiB at    8.42MiB/s ETA 00:21 (frag 19/59)
[download]  32.2% of ~ 225.54MiB at    8.42MiB/s ETA 00:21 (frag 19/59)
[download]  32.2% of ~ 225.55MiB at    8.42MiB/s ETA 00:21 (frag 19/59)
[download]  32.2% of ~ 225.56MiB at    8.42MiB/s ETA 00:21 (frag 19/59)
[download]  32.2% of ~ 225.58MiB at    8.42MiB/s ETA 00:21 (frag 19/59)
[download]  32.7% of ~ 222.61MiB at    8.42MiB/s ETA 00:21 (frag 19/59)
[download]  32.2% of ~ 226.00MiB at    8.42MiB/s ETA 00:21 (frag 19/59)
[download]  32.9% of ~ 221.67MiB at    8.42MiB/s ETA 00:21 (frag 19/59)
[download]  32.9% of ~ 222.79MiB at    8.42MiB/s ETA 00:21 (frag 19/59)
[download]  32.2% of ~ 227.93MiB at    8.42MiB/s ETA 00:21 (frag 19/59)
[download]  32.2% of ~ 228.12MiB at    8.46MiB/s ETA 00:21 (frag 19/59)
[download]  32.5% of ~ 229.33MiB at    8.46MiB/s ETA 00:21 (frag 19/59)
[download]  32.8% of ~ 228.76MiB at    8.46MiB/s ETA 00:21 (frag 19/59)
[download]  32.9% of ~ 228.55MiB at    8.46MiB/s ETA 00:21 (frag 19/59)
[download]  32.7% of ~ 230.69MiB at    8.46MiB/s ETA 00:21 (frag 19/59)
[download]  32.3% of ~ 234.45MiB at    8.72MiB/s ETA 00:21 (frag 19/59)
[download]  32.9% of ~ 231.32MiB at    8.85MiB/s ETA 00:20 (frag 19/59)
[download]  33.2% of ~ 232.25MiB at    8.85MiB/s ETA 00:20 (frag 19/59)
[download]  33.1% of ~ 234.45MiB at    8.79MiB/s ETA 00:20 (frag 19/59)
[download]  32.9% of ~ 237.33MiB at    8.79MiB/s ETA 00:20 (frag 19/59)
[download]  33.0% of ~ 239.94MiB at    8.79MiB/s ETA 00:20 (frag 19/59)
[download]  32.6% of ~ 243.63MiB at    8.89MiB/s ETA 00:20 (frag 19/59)
[download]  32.6% of ~ 244.03MiB at    8.89MiB/s ETA 00:20 (frag 20/59)
[download]  34.1% of ~ 234.20MiB at    8.89MiB/s ETA 00:20 (frag 20/59)
[download]  34.7% of ~ 232.11MiB at    8.89MiB/s ETA 00:20 (frag 20/59)
[download]  34.4% of ~ 234.02MiB at    8.89MiB/s ETA 00:20 (frag 21/59)
[download]  36.0% of ~ 226.72MiB at    8.99MiB/s ETA 00:19 (frag 21/59)
[download]  35.7% of ~ 230.17MiB at    8.99MiB/s ETA 00:19 (frag 21/59)
[download]  35.5% of ~ 231.60MiB at    8.99MiB/s ETA 00:19 (frag 22/59)
[download]  38.1% of ~ 218.41MiB at    9.10MiB/s ETA 00:19 (frag 22/59)
[download]  36.9% of ~ 225.07MiB at    9.10MiB/s ETA 00:19 (frag 22/59)
[download]  36.9% of ~ 225.07MiB at    9.10MiB/s ETA 00:19 (frag 22/59)
[download]  36.9% of ~ 225.08MiB at    9.10MiB/s ETA 00:19 (frag 22/59)
[download]  36.9% of ~ 225.09MiB at    9.10MiB/s ETA 00:19 (frag 22/59)
[download]  37.0% of ~ 225.11MiB at    9.10MiB/s ETA 00:19 (frag 22/59)
[download]  37.0% of ~ 225.15MiB at    9.12MiB/s ETA 00:18 (frag 22/59)
[download]  38.0% of ~ 220.15MiB at    9.12MiB/s ETA 00:18 (frag 22/59)
[download]  37.5% of ~ 222.99MiB at    9.12MiB/s ETA 00:18 (frag 22/59)
[download]  37.5% of ~ 222.99MiB at    9.12MiB/s ETA 00:18 (frag 22/59)
[download]  37.5% of ~ 223.00MiB at    9.12MiB/s ETA 00:18 (frag 22/59)
[download]  37.5% of ~ 223.01MiB at    9.12MiB/s ETA 00:18 (frag 22/59)
[download]  37.5% of ~ 223.03MiB at    9.12MiB/s ETA 00:18 (frag 22/59)
[download]  37.6% of ~ 223.07MiB at    9.12MiB/s ETA 00:18 (frag 22/59)
[download]  37.0% of ~ 226.67MiB at    9.12MiB/s ETA 00:18 (frag 22/59)
[download]  38.3% of ~ 221.27MiB at    9.12MiB/s ETA 00:18 (frag 22/59)
[download]  37.6% of ~ 225.87MiB at    9.12MiB/s ETA 00:18 (frag 22/59)
[download]  37.0% of ~ 229.56MiB at    9.18MiB/s ETA 00:18 (frag 22/59)
[download]  37.6% of ~ 226.36MiB at    9.18MiB/s ETA 00:18 (frag 22/59)
[download]  37.6% of ~ 226.50MiB at    9.12MiB/s ETA 00:18 (frag 22/59)
[download]  37.6% of ~ 226.50MiB at    9.12MiB/s ETA 00:18 (frag 22/59)
[download]  37.6% of ~ 226.51MiB at    9.12MiB/s ETA 00:18 (frag 22/59)
[download]  37.6% of ~ 226.52MiB at    9.12MiB/s ETA 00:18 (frag 22/59)
[download]  37.6% of ~ 226.54MiB at    9.12MiB/s ETA 00:18 (frag 22/59)
[download]  37.6% of ~ 226.58MiB at    9.12MiB/s ETA 00:18 (frag 22/59)
[download]  38.1% of ~ 226.02MiB at    9.12MiB/s ETA 00:18 (frag 22/59)
[download]  37.1% of ~ 232.92MiB at    9.12MiB/s ETA 00:18 (frag 22/59)
[download]  38.1% of ~ 228.00MiB at    9.12MiB/s ETA 00:18 (frag 22/59)
[download]  37.9% of ~ 229.10MiB at    9.40MiB/s ETA 00:17 (frag 23/59)
[download]  39.3% of ~ 221.33MiB at    9.32MiB/s ETA 00:17 (frag 23/59)
[download]  39.3% of ~ 221.48MiB at    9.24MiB/s ETA 00:17 (frag 23/59)
[download]  39.8% of ~ 221.41MiB at    9.24MiB/s ETA 00:17 (frag 23/59)
[download]  39.3% of ~ 223.85MiB at    9.24MiB/s ETA 00:17 (frag 24/59)
[download]  41.5% of ~ 214.00MiB at    9.03MiB/s ETA 00:16 (frag 24/59)
[download]  41.0% of ~ 216.92MiB at    9.03MiB/s ETA 00:16 (frag 24/59)
[download]  41.5% of ~ 219.33MiB at    9.03MiB/s ETA 00:16 (frag 24/59)
[download]  40.6% of ~ 223.87MiB at    9.03MiB/s ETA 00:16 (frag 25/59)
[download]  42.2% of ~ 216.78MiB at    9.19MiB/s ETA 00:16 (frag 25/59)
[download]  42.6% of ~ 214.49MiB at    9.19MiB/s ETA 00:16 (frag 25/59)
[download]  42.6% of ~ 214.50MiB at    9.19MiB/s ETA 00:16 (frag 25/59)
[download]  42.6% of ~ 214.50MiB at    9.19MiB/s ETA 00:16 (frag 25/59)
[download]  42.6% of ~ 214.51MiB at    9.19MiB/s ETA 00:16 (frag 25/59)
[download]  42.6% of ~ 214.53MiB at    9.19MiB/s ETA 00:16 (frag 25/59)
[download]  42.6% of ~ 214.56MiB at    9.19MiB/s ETA 00:16 (frag 25/59)
[download]  42.7% of ~ 214.63MiB at    9.10MiB/s ETA 00:16 (frag 25/59)
[download]  43.1% of ~ 214.35MiB at    9.10MiB/s ETA 00:16 (frag 25/59)
[download]  42.7% of ~ 216.40MiB at    9.10MiB/s ETA 00:16 (frag 26/59)
[download]  44.3% of ~ 208.79MiB at    9.10MiB/s ETA 00:16 (frag 26/59)
[download]  44.4% of ~ 208.68MiB at    9.08MiB/s ETA 00:15 (frag 26/59)
[download]  44.4% of ~ 208.68MiB at    9.08MiB/s ETA 00:15 (frag 26/59)
[download]  44.4% of ~ 208.69MiB at    9.08MiB/s ETA 00:15 (frag 26/59)
[download]  44.4% of ~ 208.70MiB at    9.08MiB/s ETA 00:15 (frag 26/59)
[download]  44.4% of ~ 208.71MiB at    8.87MiB/s ETA 00:15 (frag 26/59)
[download]  44.4% of ~ 208.75MiB at    8.87MiB/s ETA 00:15 (frag 26/59)
[download]  44.4% of ~ 208.82MiB at    8.64MiB/s ETA 00:15 (frag 26/59)
[download]  44.5% of ~ 209.47MiB at    8.64MiB/s ETA 00:15 (frag 26/59)
[download]  44.4% of ~ 210.72MiB at    8.50MiB/s ETA 00:15 (frag 26/59)
[download]  44.5% of ~ 209.99MiB at    8.50MiB/s ETA 00:15 (frag 26/59)
[download]  44.5% of ~ 210.00MiB at    8.50MiB/s ETA 00:15 (frag 26/59)
[download]  44.5% of ~ 210.00MiB at    8.50MiB/s ETA 00:15 (frag 26/59)
[download]  44.5% of ~ 210.01MiB at    8.50MiB/s ETA 00:15 (frag 26/59)
[download]  44.5% of ~ 210.03MiB at    8.50MiB/s ETA 00:15 (frag 26/59)
[download]  44.3% of ~ 210.95MiB at    8.50MiB/s ETA 00:15 (frag 26/59)
[download]  44.3% of ~ 210.95MiB at    8.50MiB/s ETA 00:15 (frag 26/59)
[download]  44.3% of ~ 210.95MiB at    8.50MiB/s ETA 00:15 (frag 26/59)
[download]  44.3% of ~ 210.96MiB at    8.50MiB/s ETA 00:15 (frag 26/59)
[download]  44.3% of ~ 210.98MiB at    8.50MiB/s ETA 00:15 (frag 26/59)
[download]  44.3% of ~ 211.01MiB at    8.50MiB/s ETA 00:15 (frag 26/59)
[download]  44.4% of ~ 211.08MiB at    8.50MiB/s ETA 00:15 (frag 26/59)
[download]  44.4% of ~ 211.22MiB at    8.50MiB/s ETA 00:15 (frag 26/59)
[download]  44.3% of ~ 211.87MiB at    8.50MiB/s ETA 00:15 (frag 26/59)
[download]  44.4% of ~ 211.55MiB at    8.50MiB/s ETA 00:15 (frag 26/59)
[download]  44.5% of ~ 211.23MiB at    8.25MiB/s ETA 00:15 (frag 26/59)
[download]  44.5% of ~ 211.30MiB at    8.25MiB/s ETA 00:15 (frag 26/59)
[download]  44.4% of ~ 212.32MiB at    8.06MiB/s ETA 00:15 (frag 26/59)
[download]  44.6% of ~ 212.87MiB at    8.06MiB/s ETA 00:15 (frag 26/59)
[download]  44.6% of ~ 213.07MiB at    8.06MiB/s ETA 00:15 (frag 26/59)
[download]  44.4% of ~ 214.62MiB at    8.06MiB/s ETA 00:15 (frag 26/59)
[download]  44.4% of ~ 215.03MiB at    8.06MiB/s ETA 00:15 (frag 26/59)
[download]  44.9% of ~ 214.54MiB at    7.97MiB/s ETA 00:15 (frag 26/59)
[download]  44.0% of ~ 220.55MiB at    7.97MiB/s ETA 00:15 (frag 26/59)
[download]  44.6% of ~ 217.76MiB at    7.97MiB/s ETA 00:15 (frag 26/59)
[download]  44.6% of ~ 218.08MiB at    7.97MiB/s ETA 00:15 (frag 27/59)
[download]  46.2% of ~ 210.91MiB at    7.97MiB/s ETA 00:15 (frag 27/59)
[download]  46.5% of ~ 211.72MiB at    7.97MiB/s ETA 00:15 (frag 27/59)
[download]  46.2% of ~ 213.92MiB at    8.11MiB/s ETA 00:15 (frag 27/59)
[download]  46.3% of ~ 213.74MiB at    8.11MiB/s ETA 00:15 (frag 27/59)
[download]  46.3% of ~ 215.49MiB at    8.06MiB/s ETA 00:15 (frag 27/59)
[download]  46.0% of ~ 216.72MiB at    7.98MiB/s ETA 00:15 (frag 27/59)
[download]  46.0% of ~ 216.72MiB at    7.98MiB/s ETA 00:15 (frag 27/59)
[download]  46.0% of ~ 216.72MiB at    7.98MiB/s ETA 00:15 (frag 27/59)
[download]  46.0% of ~ 216.73MiB at    7.98MiB/s ETA 00:15 (frag 27/59)
[download]  46.3% of ~ 216.23MiB at    7.93MiB/s ETA 00:15 (frag 27/59)
[download]  46.5% of ~ 217.56MiB at    7.93MiB/s ETA 00:15 (frag 27/59)
[download]  46.1% of ~ 219.77MiB at    7.93MiB/s ETA 00:15 (frag 28/59)
[download]  48.0% of ~ 212.27MiB at    7.93MiB/s ETA 00:15 (frag 28/59)
[download]  47.7% of ~ 213.90MiB at    7.93MiB/s ETA 00:15 (frag 28/59)
[download]  47.7% of ~ 213.94MiB at    7.93MiB/s ETA 00:15 (frag 28/59)
[download]  47.3% of ~ 216.92MiB at    8.09MiB/s ETA 00:14 (frag 28/59)
[download]  48.0% of ~ 215.28MiB at    8.09MiB/s ETA 00:14 (frag 28/59)
[download]  47.7% of ~ 216.58MiB at    8.09MiB/s ETA 00:14 (frag 28/59)
[download]  48.2% of ~ 215.65MiB at    8.09MiB/s ETA 00:14 (frag 28/59)
[download]  47.8% of ~ 217.72MiB at    7.96MiB/s ETA 00:14 (frag 28/59)
[download]  48.3% of ~ 218.10MiB at    7.96MiB/s ETA 00:14 (frag 28/59)
[download]  47.3% of ~ 222.75MiB at    7.85MiB/s ETA 00:15 (frag 28/59)
[download]  47.3% of ~ 222.75MiB at    7.85MiB/s ETA 00:15 (frag 28/59)
[download]  47.3% of ~ 222.75MiB at    7.85MiB/s ETA 00:15 (frag 28/59)
[download]  47.3% of ~ 222.76MiB at    7.85MiB/s ETA 00:15 (frag 28/59)
[download]  47.3% of ~ 222.78MiB at    7.85MiB/s ETA 00:15 (frag 28/59)
[download]  47.3% of ~ 222.81MiB at    7.85MiB/s ETA 00:15 (frag 28/59)
[download]  47.3% of ~ 222.87MiB at    7.85MiB/s ETA 00:15 (frag 28/59)
[download]  47.8% of ~ 220.97MiB at    7.85MiB/s ETA 00:15 (frag 28/59)
[download]  47.7% of ~ 221.60MiB at    7.85MiB/s ETA 00:15 (frag 29/59)
[download]  49.5% of ~ 214.09MiB at    7.63MiB/s ETA 00:15 (frag 29/59)
[download]  49.0% of ~ 216.67MiB at    7.63MiB/s ETA 00:15 (frag 29/59)
[download]  48.9% of ~ 216.74MiB at    7.26MiB/s ETA 00:15 (frag 29/59)
[download]  48.9% of ~ 216.74MiB at    7.26MiB/s ETA 00:15 (frag 29/59)
[download]  48.9% of ~ 216.74MiB at    7.26MiB/s ETA 00:15 (frag 29/59)
[download]  48.9% of ~ 216.75MiB at    7.26MiB/s ETA 00:15 (frag 29/59)
[download]  50.1% of ~ 214.72MiB at    7.26MiB/s ETA 00:15 (frag 29/59)
[download]  49.4% of ~ 217.59MiB at    7.26MiB/s ETA 00:15 (frag 29/59)
[download]  49.4% of ~ 217.65MiB at    7.26MiB/s ETA 00:15 (frag 30/59)
[download]  50.6% of ~ 212.61MiB at    7.39MiB/s ETA 00:15 (frag 30/59)
[download]  50.6% of ~ 212.64MiB at    7.39MiB/s ETA 00:15 (frag 30/59)
[download]  50.6% of ~ 212.70MiB at    7.39MiB/s ETA 00:15 (frag 30/59)
[download]  50.7% of ~ 212.82MiB at    7.40MiB/s ETA 00:15 (frag 30/59)
[download]  51.6% of ~ 210.74MiB at    7.40MiB/s ETA 00:15 (frag 30/59)
[download]  51.8% of ~ 212.12MiB at    7.55MiB/s ETA 00:14 (frag 30/59)
[download]  50.7% of ~ 217.03MiB at    7.55MiB/s ETA 00:14 (frag 30/59)
[download]  50.8% of ~ 217.34MiB at    7.55MiB/s ETA 00:14 (frag 30/59)
[download]  51.4% of ~ 215.95MiB at    7.76MiB/s ETA 00:14 (frag 30/59)
[download]  50.8% of ~ 219.36MiB at    7.76MiB/s ETA 00:14 (frag 30/59)
[download]  50.8% of ~ 219.42MiB at    7.88MiB/s ETA 00:14 (frag 30/59)
[download]  50.8% of ~ 219.42MiB at    7.88MiB/s ETA 00:14 (frag 30/59)
[download]  50.8% of ~ 219.43MiB at    7.88MiB/s ETA 00:14 (frag 30/59)
[download]  50.8% of ~ 219.43MiB at    7.88MiB/s ETA 00:14 (frag 30/59)
[download]  51.1% of ~ 220.34MiB at    7.88MiB/s ETA 00:14 (frag 30/59)
[download]  50.9% of ~ 222.07MiB at    7.88MiB/s ETA 00:14 (frag 30/59)
[download]  51.1% of ~ 223.91MiB at    7.88MiB/s ETA 00:14 (frag 30/59)
[download]  50.9% of ~ 224.72MiB at    7.83MiB/s ETA 00:14 (frag 30/59)
[download]  50.9% of ~ 224.75MiB at    7.83MiB/s ETA 00:14 (frag 30/59)
[download]  50.9% of ~ 224.81MiB at    7.83MiB/s ETA 00:14 (frag 30/59)
[download]  50.9% of ~ 224.93MiB at    7.83MiB/s ETA 00:14 (frag 30/59)
[download]  51.4% of ~ 224.04MiB at    7.83MiB/s ETA 00:14 (frag 30/59)
[download]  51.0% of ~ 226.12MiB at    8.00MiB/s ETA 00:14 (frag 30/59)
[download]  51.7% of ~ 224.48MiB at    8.00MiB/s ETA 00:14 (frag 30/59)
[download]  51.4% of ~ 225.70MiB at    8.00MiB/s ETA 00:14 (frag 31/59)
[download]  53.2% of ~ 221.55MiB at    8.24MiB/s ETA 00:14 (frag 31/59)
[download]  52.5% of ~ 225.24MiB at    8.43MiB/s ETA 00:13 (frag 31/59)
[download]  52.4% of ~ 225.64MiB at    8.43MiB/s ETA 00:13 (frag 32/59)
[download]  55.0% of ~ 216.47MiB at    8.58MiB/s ETA 00:13 (frag 32/59)
[download]  54.6% of ~ 218.10MiB at    8.58MiB/s ETA 00:13 (frag 33/59)
[download]  56.2% of ~ 213.80MiB at    8.58MiB/s ETA 00:13 (frag 33/59)
[download]  56.1% of ~ 214.87MiB at    8.58MiB/s ETA 00:13 (frag 33/59)
[download]  56.4% of ~ 214.72MiB at    8.76MiB/s ETA 00:13 (frag 33/59)
[download]  56.2% of ~ 215.37MiB at    8.82MiB/s ETA 00:12 (frag 33/59)
[download]  56.2% of ~ 215.37MiB at    8.82MiB/s ETA 00:12 (frag 33/59)
[download]  56.2% of ~ 215.37MiB at    8.82MiB/s ETA 00:12 (frag 33/59)
[download]  56.2% of ~ 215.38MiB at    8.82MiB/s ETA 00:12 (frag 33/59)
[download]  56.2% of ~ 215.39MiB at    8.82MiB/s ETA 00:12 (frag 33/59)
[download]  56.3% of ~ 215.42MiB at    8.78MiB/s ETA 00:12 (frag 33/59)
[download]  56.3% of ~ 215.47MiB at    8.78MiB/s ETA 00:12 (frag 33/59)
[download]  55.7% of ~ 217.77MiB at    8.78MiB/s ETA 00:12 (frag 33/59)
[download]  55.7% of ~ 217.78MiB at    8.78MiB/s ETA 00:12 (frag 33/59)
[download]  55.7% of ~ 217.78MiB at    8.78MiB/s ETA 00:12 (frag 33/59)
[download]  55.7% of ~ 217.79MiB at    8.78MiB/s ETA 00:12 (frag 33/59)
[download]  55.7% of ~ 217.80MiB at    8.78MiB/s ETA 00:12 (frag 33/59)
[download]  55.7% of ~ 217.83MiB at    8.78MiB/s ETA 00:12 (frag 33/59)
[download]  56.5% of ~ 215.97MiB at    8.74MiB/s ETA 00:12 (frag 33/59)
[download]  56.3% of ~ 216.81MiB at    8.74MiB/s ETA 00:12 (frag 33/59)
[download]  56.3% of ~ 216.88MiB at    8.46MiB/s ETA 00:12 (frag 33/59)
[download]  56.3% of ~ 216.88MiB at    8.46MiB/s ETA 00:12 (frag 33/59)
[download]  56.3% of ~ 216.88MiB at    8.46MiB/s ETA 00:12 (frag 33/59)
[download]  56.3% of ~ 216.89MiB at    8.46MiB/s ETA 00:12 (frag 33/59)
[download]  56.3% of ~ 216.90MiB at    8.46MiB/s ETA 00:12 (frag 33/59)
[download]  56.2% of ~ 217.36MiB at    8.46MiB/s ETA 00:12 (frag 33/59)
[download]  56.2% of ~ 217.61MiB at    8.46MiB/s ETA 00:12 (frag 34/59)
[download]  58.0% of ~ 210.97MiB at    8.46MiB/s ETA 00:12 (frag 34/59)
[download]  58.0% of ~ 211.03MiB at    8.46MiB/s ETA 00:12 (frag 34/59)
[download]  58.0% of ~ 211.28MiB at    8.46MiB/s ETA 00:12 (frag 34/59)
[download]  58.0% of ~ 213.62MiB at    8.39MiB/s ETA 00:12 (frag 34/59)
[download]  58.0% of ~ 215.14MiB at    8.39MiB/s ETA 00:12 (frag 34/59)
[download]  57.7% of ~ 218.06MiB at    8.39MiB/s ETA 00:12 (frag 34/59)
[download]  57.2% of ~ 219.72MiB at    8.39MiB/s ETA 00:12 (frag 35/59)
[download]  59.8% of ~ 210.99MiB at    8.50MiB/s ETA 00:12 (frag 35/59)
[download]  59.7% of ~ 211.67MiB at    8.50MiB/s ETA 00:12 (frag 35/59)
[download]  59.1% of ~ 214.09MiB at    8.34MiB/s ETA 00:11 (frag 35/59)
[download]  59.1% of ~ 214.19MiB at    8.18MiB/s ETA 00:11 (frag 35/59)
[download]  59.5% of ~ 212.72MiB at    8.00MiB/s ETA 00:11 (frag 35/59)
[download]  59.5% of ~ 212.72MiB at    8.00MiB/s ETA 00:11 (frag 35/59)
[download]  59.5% of ~ 212.73MiB at    8.00MiB/s ETA 00:11 (frag 35/59)
[download]  59.5% of ~ 212.73MiB at    8.00MiB/s ETA 00:11 (frag 35/59)
[download]  59.5% of ~ 212.75MiB at    8.00MiB/s ETA 00:11 (frag 35/59)
[download]  59.5% of ~ 214.21MiB at    8.00MiB/s ETA 00:11 (frag 35/59)
[download]  59.1% of ~ 215.59MiB at    8.00MiB/s ETA 00:11 (frag 36/59)
[download]  61.4% of ~ 207.81MiB at    7.85MiB/s ETA 00:11 (frag 36/59)
[download]  61.2% of ~ 208.77MiB at    7.85MiB/s ETA 00:11 (frag 36/59)
[download]  60.8% of ~ 210.42MiB at    7.85MiB/s ETA 00:11 (frag 36/59)
[download]  61.8% of ~ 208.74MiB at    7.92MiB/s ETA 00:11 (frag 36/59)
[download]  61.2% of ~ 210.75MiB at    7.92MiB/s ETA 00:11 (frag 36/59)
[download]  61.6% of ~ 210.70MiB at    7.97MiB/s ETA 00:11 (frag 36/59)
[download]  61.2% of ~ 212.01MiB at    7.97MiB/s ETA 00:11 (frag 36/59)
[download]  61.4% of ~ 211.59MiB at    7.97MiB/s ETA 00:11 (frag 36/59)
[download]  61.4% of ~ 211.59MiB at    7.97MiB/s ETA 00:11 (frag 36/59)
[download]  61.4% of ~ 211.59MiB at    7.97MiB/s ETA 00:11 (frag 36/59)
[download]  61.4% of ~ 211.60MiB at    7.97MiB/s ETA 00:11 (frag 36/59)
[download]  61.4% of ~ 211.61MiB at    7.97MiB/s ETA 00:11 (frag 36/59)
[download]  61.4% of ~ 211.64MiB at    7.97MiB/s ETA 00:11 (frag 36/59)
[download]  61.1% of ~ 212.64MiB at    7.97MiB/s ETA 00:11 (frag 36/59)
[download]  61.1% of ~ 212.64MiB at    7.97MiB/s ETA 00:11 (frag 36/59)
[download]  61.1% of ~ 212.64MiB at    7.97MiB/s ETA 00:11 (frag 36/59)
[download]  61.1% of ~ 212.65MiB at    7.97MiB/s ETA 00:11 (frag 36/59)
[download]  61.1% of ~ 212.66MiB at    7.97MiB/s ETA 00:11 (frag 36/59)
[download]  61.7% of ~ 213.15MiB at    8.21MiB/s ETA 00:11 (frag 36/59)
[download]  61.1% of ~ 215.19MiB at    8.21MiB/s ETA 00:11 (frag 36/59)
[download]  61.4% of ~ 214.29MiB at    8.21MiB/s ETA 00:11 (frag 36/59)
[download]  61.1% of ~ 215.34MiB at    8.21MiB/s ETA 00:11 (frag 36/59)
[download]  60.9% of ~ 216.71MiB at    8.24MiB/s ETA 00:10 (frag 36/59)
[download]  61.2% of ~ 216.12MiB at    8.24MiB/s ETA 00:10 (frag 36/59)
[download]  61.3% of ~ 215.98MiB at    8.28MiB/s ETA 00:10 (frag 36/59)
[download]  61.6% of ~ 215.82MiB at    8.28MiB/s ETA 00:10 (frag 36/59)
[download]  61.4% of ~ 216.56MiB at    8.12MiB/s ETA 00:10 (frag 36/59)
[download]  61.2% of ~ 217.71MiB at    8.12MiB/s ETA 00:10 (frag 36/59)
[download]  61.8% of ~ 217.36MiB at    8.12MiB/s ETA 00:10 (frag 36/59)
[download]  61.3% of ~ 218.94MiB at    8.12MiB/s ETA 00:10 (frag 37/59)
[download]  63.0% of ~ 213.91MiB at    8.02MiB/s ETA 00:10 (frag 37/59)
[download]  63.2% of ~ 213.75MiB at    8.02MiB/s ETA 00:10 (frag 37/59)
[download]  63.2% of ~ 214.60MiB at    8.02MiB/s ETA 00:10 (frag 37/59)
[download]  63.1% of ~ 215.64MiB at    7.89MiB/s ETA 00:10 (frag 37/59)
[download]  62.8% of ~ 217.19MiB at    7.89MiB/s ETA 00:10 (frag 37/59)
[download]  62.7% of ~ 217.63MiB at    7.89MiB/s ETA 00:10 (frag 38/59)
[download]  64.7% of ~ 210.73MiB at    7.41MiB/s ETA 00:10 (frag 38/59)
[download]  64.7% of ~ 210.73MiB at    7.41MiB/s ETA 00:10 (frag 38/59)
[download]  64.7% of ~ 210.74MiB at    7.41MiB/s ETA 00:10 (frag 38/59)
[download]  64.7% of ~ 210.74MiB at    7.41MiB/s ETA 00:10 (frag 38/59)
[download]  64.7% of ~ 210.75MiB at    7.41MiB/s ETA 00:10 (frag 38/59)
[download]  65.1% of ~ 210.82MiB at    7.20MiB/s ETA 00:10 (frag 38/59)
[download]  64.5% of ~ 214.06MiB at    7.20MiB/s ETA 00:10 (frag 38/59)
[download]  65.0% of ~ 214.14MiB at    7.20MiB/s ETA 00:10 (frag 38/59)
[download]  64.5% of ~ 215.66MiB at    7.18MiB/s ETA 00:10 (frag 38/59)
[download]  64.5% of ~ 215.66MiB at    7.18MiB/s ETA 00:10 (frag 38/59)
[download]  64.5% of ~ 215.66MiB at    7.18MiB/s ETA 00:10 (frag 38/59)
[download]  64.5% of ~ 215.67MiB at    7.18MiB/s ETA 00:10 (frag 38/59)
[download]  64.5% of ~ 215.68MiB at    7.18MiB/s ETA 00:10 (frag 38/59)
[download]  64.5% of ~ 215.70MiB at    7.18MiB/s ETA 00:10 (frag 38/59)
[download]  64.5% of ~ 215.75MiB at    7.18MiB/s ETA 00:10 (frag 38/59)
[download]  64.8% of ~ 214.95MiB at    7.18MiB/s ETA 00:10 (frag 38/59)
[download]  64.8% of ~ 215.43MiB at    7.18MiB/s ETA 00:10 (frag 38/59)
[download]  64.6% of ~ 215.90MiB at    7.18MiB/s ETA 00:10 (frag 39/59)
[download]  66.5% of ~ 210.09MiB at    7.18MiB/s ETA 00:10 (frag 39/59)
[download]  66.2% of ~ 211.05MiB at    7.18MiB/s ETA 00:10 (frag 39/59)
[download]  66.5% of ~ 210.36MiB at    7.18MiB/s ETA 00:10 (frag 39/59)
[download]  66.7% of ~ 210.53MiB at    7.28MiB/s ETA 00:10 (frag 39/59)
[download]  66.6% of ~ 211.28MiB at    7.12MiB/s ETA 00:10 (frag 39/59)
[download]  66.3% of ~ 212.52MiB at    6.98MiB/s ETA 00:10 (frag 39/59)
[download]  66.9% of ~ 212.89MiB at    6.98MiB/s ETA 00:10 (frag 39/59)
[download]  66.4% of ~ 215.04MiB at    6.98MiB/s ETA 00:10 (frag 39/59)
[download]  66.2% of ~ 215.78MiB at    6.98MiB/s ETA 00:10 (frag 40/59)
[download]  68.4% of ~ 210.22MiB at    6.91MiB/s ETA 00:10 (frag 40/59)
[download]  68.6% of ~ 211.15MiB at    6.91MiB/s ETA 00:10 (frag 40/59)
[download]  68.2% of ~ 212.43MiB at    6.91MiB/s ETA 00:10 (frag 40/59)
[download]  68.2% of ~ 212.43MiB at    6.91MiB/s ETA 00:10 (frag 40/59)
[download]  68.2% of ~ 212.43MiB at    6.91MiB/s ETA 00:10 (frag 40/59)
[download]  68.2% of ~ 212.44MiB at    6.91MiB/s ETA 00:10 (frag 40/59)
[download]  68.2% of ~ 212.45MiB at    6.82MiB/s ETA 00:10 (frag 40/59)
[download]  67.9% of ~ 214.56MiB at    6.82MiB/s ETA 00:10 (frag 40/59)
[download]  68.2% of ~ 213.75MiB at    6.82MiB/s ETA 00:10 (frag 40/59)
[download]  68.2% of ~ 213.94MiB at    6.81MiB/s ETA 00:10 (frag 40/59)
[download]  68.1% of ~ 214.11MiB at    6.81MiB/s ETA 00:10 (frag 41/59)
[download]  69.8% of ~ 209.16MiB at    6.81MiB/s ETA 00:10 (frag 41/59)
[download]  69.8% of ~ 209.16MiB at    6.81MiB/s ETA 00:10 (frag 41/59)
[download]  69.8% of ~ 209.17MiB at    6.81MiB/s ETA 00:10 (frag 41/59)
[download]  69.8% of ~ 209.17MiB at    6.81MiB/s ETA 00:10 (frag 41/59)
[download]  69.8% of ~ 209.18MiB at    6.81MiB/s ETA 00:10 (frag 41/59)
[download]  70.1% of ~ 209.02MiB at    6.81MiB/s ETA 00:10 (frag 41/59)
[download]  69.9% of ~ 209.62MiB at    6.81MiB/s ETA 00:10 (frag 41/59)
[download]  70.0% of ~ 210.64MiB at    6.90MiB/s ETA 00:10 (frag 41/59)
[download]  69.9% of ~ 211.11MiB at    6.90MiB/s ETA 00:10 (frag 41/59)
[download]  69.8% of ~ 211.58MiB at    6.90MiB/s ETA 00:10 (frag 41/59)
[download]  69.8% of ~ 211.62MiB at    6.98MiB/s ETA 00:10 (frag 41/59)
[download]  69.8% of ~ 211.71MiB at    6.98MiB/s ETA 00:10 (frag 41/59)
[download]  69.9% of ~ 211.88MiB at    6.98MiB/s ETA 00:10 (frag 41/59)
[download]  70.2% of ~ 212.03MiB at    7.16MiB/s ETA 00:09 (frag 41/59)
[download]  70.2% of ~ 213.13MiB at    7.26MiB/s ETA 00:09 (frag 41/59)
[download]  69.7% of ~ 214.58MiB at    7.26MiB/s ETA 00:09 (frag 41/59)
[download]  69.7% of ~ 214.58MiB at    7.26MiB/s ETA 00:09 (frag 41/59)
[download]  69.7% of ~ 214.58MiB at    7.26MiB/s ETA 00:09 (frag 41/59)
[download]  69.7% of ~ 214.59MiB at    7.26MiB/s ETA 00:09 (frag 41/59)
[download]  69.7% of ~ 214.60MiB at    7.26MiB/s ETA 00:09 (frag 41/59)
[download]  69.7% of ~ 214.62MiB at    7.28MiB/s ETA 00:09 (frag 41/59)
[download]  69.7% of ~ 214.66MiB at    7.28MiB/s ETA 00:09 (frag 41/59)
[download]  70.0% of ~ 214.43MiB at    7.28MiB/s ETA 00:09 (frag 41/59)
[download]  70.0% of ~ 214.85MiB at    7.22MiB/s ETA 00:09 (frag 41/59)
[download]  70.3% of ~ 216.12MiB at    7.22MiB/s ETA 00:09 (frag 41/59)
[download]  69.6% of ~ 218.18MiB at    7.22MiB/s ETA 00:09 (frag 42/59)
[download]  71.4% of ~ 212.79MiB at    7.22MiB/s ETA 00:09 (frag 42/59)
[download]  71.9% of ~ 212.65MiB at    7.26MiB/s ETA 00:09 (frag 42/59)
[download]  71.3% of ~ 215.73MiB at    7.26MiB/s ETA 00:09 (frag 42/59)
[download]  71.8% of ~ 215.00MiB at    7.26MiB/s ETA 00:09 (frag 42/59)
[download]  71.7% of ~ 216.39MiB at    7.46MiB/s ETA 00:09 (frag 42/59)
[download]  71.5% of ~ 217.41MiB at    7.55MiB/s ETA 00:09 (frag 42/59)
[download]  71.3% of ~ 218.10MiB at    7.55MiB/s ETA 00:09 (frag 42/59)
[download]  71.3% of ~ 218.10MiB at    7.55MiB/s ETA 00:09 (frag 42/59)
[download]  71.3% of ~ 218.10MiB at    7.55MiB/s ETA 00:09 (frag 42/59)
[download]  71.3% of ~ 218.11MiB at    7.55MiB/s ETA 00:09 (frag 42/59)
[download]  71.3% of ~ 218.12MiB at    7.55MiB/s ETA 00:09 (frag 42/59)
[download]  71.3% of ~ 218.14MiB at    7.55MiB/s ETA 00:09 (frag 42/59)
[download]  71.3% of ~ 218.18MiB at    7.55MiB/s ETA 00:09 (frag 42/59)
[download]  71.3% of ~ 218.27MiB at    7.58MiB/s ETA 00:09 (frag 42/59)
[download]  72.0% of ~ 217.78MiB at    7.62MiB/s ETA 00:08 (frag 42/59)
[download]  71.5% of ~ 219.16MiB at    7.62MiB/s ETA 00:08 (frag 43/59)
[download]  73.5% of ~ 213.99MiB at    7.61MiB/s ETA 00:08 (frag 43/59)
[download]  73.2% of ~ 214.62MiB at    7.61MiB/s ETA 00:08 (frag 44/59)
[download]  74.7% of ~ 210.67MiB at    7.61MiB/s ETA 00:08 (frag 44/59)
[download]  75.2% of ~ 210.10MiB at    7.61MiB/s ETA 00:08 (frag 44/59)
[download]  75.0% of ~ 211.32MiB at    7.61MiB/s ETA 00:08 (frag 44/59)
[download]  74.9% of ~ 212.31MiB at    7.85MiB/s ETA 00:08 (frag 44/59)
[download]  75.0% of ~ 212.66MiB at    7.85MiB/s ETA 00:08 (frag 44/59)
[download]  74.7% of ~ 213.30MiB at    7.85MiB/s ETA 00:08 (frag 45/59)
[download]  76.3% of ~ 209.08MiB at    8.01MiB/s ETA 00:08 (frag 45/59)
[download]  76.3% of ~ 209.08MiB at    8.01MiB/s ETA 00:08 (frag 45/59)
[download]  76.3% of ~ 209.09MiB at    8.01MiB/s ETA 00:08 (frag 45/59)
[download]  76.3% of ~ 209.09MiB at    8.01MiB/s ETA 00:08 (frag 45/59)
[download]  76.3% of ~ 209.10MiB at    8.01MiB/s ETA 00:08 (frag 45/59)
[download]  76.3% of ~ 209.12MiB at    8.01MiB/s ETA 00:08 (frag 45/59)
[download]  76.2% of ~ 209.26MiB at    8.03MiB/s ETA 00:08 (frag 45/59)
[download]  76.2% of ~ 209.26MiB at    8.03MiB/s ETA 00:08 (frag 45/59)
[download]  76.2% of ~ 209.26MiB at    8.03MiB/s ETA 00:08 (frag 45/59)
[download]  76.2% of ~ 209.26MiB at    8.03MiB/s ETA 00:08 (frag 45/59)
[download]  76.2% of ~ 209.27MiB at    8.03MiB/s ETA 00:08 (frag 45/59)
[download]  76.3% of ~ 209.20MiB at    8.03MiB/s ETA 00:08 (frag 45/59)
[download]  76.3% of ~ 210.14MiB at    8.03MiB/s ETA 00:08 (frag 45/59)
[download]  76.0% of ~ 211.17MiB at    8.03MiB/s ETA 00:08 (frag 46/59)
[download]  77.9% of ~ 205.92MiB at    8.02MiB/s ETA 00:07 (frag 46/59)
[download]  77.9% of ~ 205.96MiB at    8.02MiB/s ETA 00:07 (frag 46/59)
[download]  78.0% of ~ 205.95MiB at    8.02MiB/s ETA 00:07 (frag 46/59)
[download]  78.5% of ~ 205.99MiB at    8.02MiB/s ETA 00:07 (frag 46/59)
[download]  78.0% of ~ 207.45MiB at    7.92MiB/s ETA 00:07 (frag 46/59)
[download]  78.1% of ~ 207.52MiB at    7.75MiB/s ETA 00:07 (frag 46/59)
[download]  78.9% of ~ 206.95MiB at    7.75MiB/s ETA 00:07 (frag 46/59)
[download]  78.3% of ~ 208.46MiB at    7.75MiB/s ETA 00:07 (frag 47/59)
[download]  80.3% of ~ 204.56MiB at    7.93MiB/s ETA 00:07 (frag 47/59)
[download]  79.6% of ~ 206.38MiB at    7.93MiB/s ETA 00:07 (frag 47/59)
[download]  79.6% of ~ 206.38MiB at    7.93MiB/s ETA 00:07 (frag 47/59)
[download]  79.6% of ~ 206.38MiB at    7.93MiB/s ETA 00:07 (frag 47/59)
[download]  79.6% of ~ 206.38MiB at    7.93MiB/s ETA 00:07 (frag 47/59)
[download]  80.3% of ~ 205.28MiB at    8.02MiB/s ETA 00:07 (frag 47/59)
[download]  79.6% of ~ 207.10MiB at    8.02MiB/s ETA 00:07 (frag 47/59)
[download]  79.6% of ~ 207.10MiB at    8.02MiB/s ETA 00:07 (frag 47/59)
[download]  79.6% of ~ 207.10MiB at    8.02MiB/s ETA 00:07 (frag 47/59)
[download]  79.6% of ~ 207.11MiB at    8.02MiB/s ETA 00:07 (frag 47/59)
[download]  79.6% of ~ 207.12MiB at    8.04MiB/s ETA 00:06 (frag 47/59)
[download]  79.6% of ~ 207.19MiB at    8.04MiB/s ETA 00:06 (frag 47/59)
[download]  79.6% of ~ 207.21MiB at    8.04MiB/s ETA 00:06 (frag 47/59)
[download]  79.6% of ~ 207.19MiB at    8.14MiB/s ETA 00:06 (frag 47/59)
[download]  79.6% of ~ 207.22MiB at    8.14MiB/s ETA 00:06 (frag 47/59)
[download]  79.6% of ~ 207.22MiB at    8.14MiB/s ETA 00:06 (frag 47/59)
[download]  79.6% of ~ 207.23MiB at    8.14MiB/s ETA 00:06 (frag 47/59)
[download]  79.6% of ~ 207.23MiB at    8.14MiB/s ETA 00:06 (frag 47/59)
[download]  79.6% of ~ 207.24MiB at    8.14MiB/s ETA 00:06 (frag 47/59)
[download]  79.6% of ~ 207.32MiB at    8.14MiB/s ETA 00:06 (frag 47/59)
[download]  79.9% of ~ 207.24MiB at    8.14MiB/s ETA 00:06 (frag 47/59)
[download]  79.7% of ~ 207.94MiB at    8.20MiB/s ETA 00:06 (frag 47/59)
[download]  79.6% of ~ 208.32MiB at    8.20MiB/s ETA 00:06 (frag 47/59)
[download]  79.6% of ~ 208.42MiB at    8.16MiB/s ETA 00:06 (frag 47/59)
[download]  79.6% of ~ 208.49MiB at    8.16MiB/s ETA 00:06 (frag 47/59)
[download]  79.7% of ~ 208.54MiB at    8.09MiB/s ETA 00:06 (frag 47/59)
[download]  79.8% of ~ 208.67MiB at    8.09MiB/s ETA 00:06 (frag 47/59)
[download]  79.7% of ~ 209.30MiB at    8.09MiB/s ETA 00:06 (frag 47/59)
[download]  79.6% of ~ 209.55MiB at    8.09MiB/s ETA 00:06 (frag 47/59)
[download]  80.1% of ~ 209.53MiB at    8.15MiB/s ETA 00:06 (frag 47/59)
[download]  79.7% of ~ 210.87MiB at    8.07MiB/s ETA 00:06 (frag 47/59)
[download]  79.7% of ~ 211.16MiB at    8.07MiB/s ETA 00:06 (frag 47/59)
[download]  80.4% of ~ 210.79MiB at    8.07MiB/s ETA 00:06 (frag 47/59)
[download]  79.8% of ~ 212.31MiB at    8.07MiB/s ETA 00:06 (frag 48/59)
[download]  81.4% of ~ 208.49MiB at    8.07MiB/s ETA 00:06 (frag 48/59)
[download]  82.1% of ~ 207.76MiB at    7.82MiB/s ETA 00:05 (frag 48/59)
[download]  81.4% of ~ 209.49MiB at    7.57MiB/s ETA 00:05 (frag 48/59)
[download]  81.4% of ~ 209.49MiB at    7.57MiB/s ETA 00:05 (frag 48/59)
[download]  81.4% of ~ 209.49MiB at    7.57MiB/s ETA 00:05 (frag 48/59)
[download]  81.4% of ~ 209.50MiB at    7.57MiB/s ETA 00:05 (frag 48/59)
[download]  81.4% of ~ 209.51MiB at    7.57MiB/s ETA 00:05 (frag 48/59)
[download]  81.4% of ~ 209.53MiB at    7.57MiB/s ETA 00:05 (frag 48/59)
[download]  81.5% of ~ 209.82MiB at    7.57MiB/s ETA 00:05 (frag 48/59)
[download]  81.5% of ~ 210.37MiB at    7.57MiB/s ETA 00:05 (frag 48/59)
[download]  81.4% of ~ 210.77MiB at    7.57MiB/s ETA 00:05 (frag 48/59)
[download]  82.1% of ~ 210.94MiB at    7.64MiB/s ETA 00:05 (frag 48/59)
[download]  81.4% of ~ 212.84MiB at    7.64MiB/s ETA 00:05 (frag 49/59)
[download]  83.8% of ~ 208.48MiB at    7.64MiB/s ETA 00:05 (frag 49/59)
[download]  83.1% of ~ 210.24MiB at    7.64MiB/s ETA 00:05 (frag 50/59)
[download]  85.1% of ~ 206.30MiB at    7.88MiB/s ETA 00:05 (frag 50/59)
[download]  84.8% of ~ 207.18MiB at    7.88MiB/s ETA 00:05 (frag 50/59)
[download]  84.9% of ~ 207.33MiB at    7.92MiB/s ETA 00:05 (frag 50/59)
[download]  85.3% of ~ 206.81MiB at    7.92MiB/s ETA 00:05 (frag 50/59)
[download]  85.1% of ~ 207.32MiB at    7.92MiB/s ETA 00:05 (frag 51/59)
[download]  86.7% of ~ 204.13MiB at    7.73MiB/s ETA 00:05 (frag 51/59)
[download]  86.7% of ~ 204.15MiB at    7.45MiB/s ETA 00:05 (frag 51/59)
[download]  86.6% of ~ 204.88MiB at    7.45MiB/s ETA 00:05 (frag 51/59)
[download]  86.7% of ~ 204.72MiB at    7.45MiB/s ETA 00:05 (frag 51/59)
[download]  86.7% of ~ 204.72MiB at    7.45MiB/s ETA 00:05 (frag 51/59)
[download]  86.7% of ~ 204.73MiB at    7.45MiB/s ETA 00:05 (frag 51/59)
[download]  86.7% of ~ 204.73MiB at    7.45MiB/s ETA 00:05 (frag 51/59)
[download]  87.2% of ~ 203.39MiB at    7.45MiB/s ETA 00:05 (frag 51/59)
[download]  87.2% of ~ 203.39MiB at    7.45MiB/s ETA 00:05 (frag 51/59)
[download]  87.2% of ~ 203.39MiB at    7.45MiB/s ETA 00:05 (frag 51/59)
[download]  87.2% of ~ 203.40MiB at    7.30MiB/s ETA 00:05 (frag 51/59)
[download]  87.3% of ~ 203.40MiB at    7.30MiB/s ETA 00:05 (frag 51/59)
[download]  86.7% of ~ 204.79MiB at    7.30MiB/s ETA 00:05 (frag 51/59)
[download]  86.7% of ~ 204.74MiB at    7.30MiB/s ETA 00:05 (frag 51/59)
[download]  86.7% of ~ 204.74MiB at    7.30MiB/s ETA 00:05 (frag 51/59)
[download]  86.7% of ~ 204.74MiB at    7.30MiB/s ETA 00:05 (frag 51/59)
[download]  86.7% of ~ 204.75MiB at    7.30MiB/s ETA 00:05 (frag 51/59)
[download]  86.7% of ~ 204.84MiB at    7.30MiB/s ETA 00:05 (frag 51/59)
[download]  86.7% of ~ 204.83MiB at    7.30MiB/s ETA 00:05 (frag 51/59)
[download]  86.7% of ~ 204.84MiB at    7.30MiB/s ETA 00:05 (frag 51/59)
[download]  86.7% of ~ 204.88MiB at    7.30MiB/s ETA 00:05 (frag 51/59)
[download]  86.6% of ~ 205.82MiB at    7.30MiB/s ETA 00:05 (frag 51/59)
[download]  87.3% of ~ 204.38MiB at    7.12MiB/s ETA 00:04 (frag 51/59)
[download]  87.3% of ~ 204.41MiB at    7.12MiB/s ETA 00:04 (frag 51/59)
[download]  86.8% of ~ 206.58MiB at    7.00MiB/s ETA 00:04 (frag 51/59)
[download]  86.6% of ~ 207.50MiB at    7.00MiB/s ETA 00:04 (frag 51/59)
[download]  86.8% of ~ 207.13MiB at    7.00MiB/s ETA 00:04 (frag 51/59)
[download]  87.3% of ~ 205.99MiB at    7.00MiB/s ETA 00:04 (frag 51/59)
[download]  86.8% of ~ 207.41MiB at    7.00MiB/s ETA 00:04 (frag 51/59)
[download]  86.9% of ~ 208.32MiB at    7.00MiB/s ETA 00:04 (frag 51/59)
[download]  86.9% of ~ 209.63MiB at    7.00MiB/s ETA 00:04 (frag 51/59)
[download]  86.8% of ~ 210.02MiB at    7.24MiB/s ETA 00:04 (frag 51/59)
[download]  86.8% of ~ 210.17MiB at    7.24MiB/s ETA 00:04 (frag 51/59)
[download]  87.4% of ~ 209.08MiB at    7.40MiB/s ETA 00:04 (frag 51/59)
[download]  87.0% of ~ 210.65MiB at    7.40MiB/s ETA 00:04 (frag 51/59)
[download]  86.8% of ~ 212.03MiB at    7.18MiB/s ETA 00:04 (frag 51/59)
[download]  86.9% of ~ 212.16MiB at    7.01MiB/s ETA 00:04 (frag 51/59)
[download]  87.1% of ~ 213.28MiB at    7.01MiB/s ETA 00:04 (frag 51/59)
[download]  87.2% of ~ 214.23MiB at    7.01MiB/s ETA 00:04 (frag 51/59)
[download]  87.5% of ~ 214.09MiB at    7.20MiB/s ETA 00:04 (frag 51/59)
[download]  86.6% of ~ 216.56MiB at    7.29MiB/s ETA 00:04 (frag 51/59)
[download]  86.5% of ~ 216.68MiB at    7.29MiB/s ETA 00:04 (frag 52/59)
[download]  88.5% of ~ 212.76MiB at    7.29MiB/s ETA 00:04 (frag 52/59)
[download]  88.1% of ~ 213.65MiB at    7.29MiB/s ETA 00:04 (frag 53/59)
[download]  90.2% of ~ 209.71MiB at    7.47MiB/s ETA 00:04 (frag 53/59)
[download]  90.1% of ~ 210.63MiB at    7.47MiB/s ETA 00:04 (frag 53/59)
[download]  90.5% of ~ 211.37MiB at    7.60MiB/s ETA 00:04 (frag 53/59)
[download]  89.9% of ~ 212.91MiB at    7.60MiB/s ETA 00:04 (frag 53/59)
[download]  89.8% of ~ 213.03MiB at    7.60MiB/s ETA 00:04 (frag 54/59)
[download]  92.2% of ~ 208.46MiB at    7.60MiB/s ETA 00:04 (frag 54/59)
[download]  92.7% of ~ 208.08MiB at    7.73MiB/s ETA 00:03 (frag 54/59)
[download]  92.4% of ~ 208.91MiB at    7.73MiB/s ETA 00:03 (frag 54/59)
[download]  92.4% of ~ 208.95MiB at    7.73MiB/s ETA 00:03 (frag 55/59)
[download]  93.9% of ~ 206.41MiB at    7.83MiB/s ETA 00:03 (frag 55/59)
[download]  93.5% of ~ 207.41MiB at    7.83MiB/s ETA 00:03 (frag 56/59)
[download]  95.1% of ~ 204.56MiB at    7.95MiB/s ETA 00:03 (frag 56/59)
[download]  95.3% of ~ 205.17MiB at    8.06MiB/s ETA 00:03 (frag 56/59)
[download]  94.9% of ~ 206.08MiB at    7.64MiB/s ETA 00:02 (frag 56/59)
[download]  94.8% of ~ 206.27MiB at    7.64MiB/s ETA 00:02 (frag 57/59)
[download]  97.4% of ~ 202.05MiB at    7.64MiB/s ETA 00:02 (frag 57/59)
[download]  96.8% of ~ 203.22MiB at    7.64MiB/s ETA 00:02 (frag 57/59)
[download]  96.8% of ~ 203.24MiB at    7.64MiB/s ETA 00:02 (frag 58/59)
[download]  98.5% of ~ 200.49MiB at    7.31MiB/s ETA 00:02 (frag 58/59)
[download]  98.2% of ~ 201.19MiB at    7.31MiB/s ETA 00:02 (frag 58/59)
[download]  98.2% of ~ 201.22MiB at    7.31MiB/s ETA 00:02 (frag 59/59)
[download] 100% of  197.51MiB in 00:00:27 at 7.22MiB/s
[FixupM3u8] Fixing MPEG-TS in MP4 container of "D:\ĎÂÔŘ\He_can_t_handle_her_tight_Asian_pussy._Can_you-uocpmev99c0.mp4"
[Metadata] Adding metadata to "D:\ĎÂÔŘ\He_can_t_handle_her_tight_Asian_pussy._Can_you-uocpmev99c0.mp4"
