[generic] Extracting URL: https://www.xvideos.com/prof-video-click/upload/rawz16/oufbuuc3970/born_for_porn_-_blue_eyed_girl_loves_to_please
[generic] born_for_porn_-_blue_eyed_girl_loves_to_please: Downloading webpage
[redirect] Following redirect to https://www.xvideos.com/video.oufbuuc3970/born_for_porn_-_blue_eyed_girl_loves_to_please
[XVideos] Extracting URL: https://www.xvideos.com/video.oufbuuc3970/born_for_porn_-_blue_eyed_girl_loves_to_please
[XVideos] oufbuuc3970: Downloading webpage
[XVideos] oufbuuc3970: Downloading m3u8 information
[XVideos] oufbuuc3970: Checking hls-480p video format URL
[XVideos] oufbuuc3970: Checking hls-1080p video format URL
[XVideos] oufbuuc3970: Checking hls-360p video format URL
[info] oufbuuc3970: Downloading 1 format(s): hls-1080p
[info] Downloading video thumbnail 1 ...
[info] Writing video thumbnail 1 to: D:\ĎÂÔŘ\SmartVideoDownloader\downloads\Born_For_Porn_-_Blue_Eyed_Girl_Loves_To_Please-oufbuuc3970.avif
[hlsnative] Downloading m3u8 manifest
[hlsnative] Total fragments: 68
[download] Destination: D:\ĎÂÔŘ\SmartVideoDownloader\downloads\Born_For_Porn_-_Blue_Eyed_Girl_Loves_To_Please-oufbuuc3970.mp4
[download]   0.0% of ~ 239.35MiB at    756.65B/s ETA Unknown (frag 0/68)
[download]   0.0% of ~ 239.42MiB at    756.65B/s ETA Unknown (frag 0/68)
[download]   0.0% of ~ 239.55MiB at    756.65B/s ETA Unknown (frag 0/68)
[download]   0.0% of ~ 239.81MiB at    756.65B/s ETA Unknown (frag 0/68)
[download]   0.0% of ~ 240.34MiB at   19.12KiB/s ETA Unknown (frag 0/68)
[download]   0.0% of ~ 241.41MiB at   35.80KiB/s ETA Unknown (frag 0/68)
[download]   0.1% of ~ 243.53MiB at   67.11KiB/s ETA Unknown (frag 0/68)
[download]   0.1% of ~ 247.78MiB at  112.31KiB/s ETA 19:23 (frag 0/68)
[download]   0.1% of ~ 224.43MiB at  112.31KiB/s ETA 19:23 (frag 0/68)
[download]   0.1% of ~ 224.49MiB at  112.31KiB/s ETA 19:23 (frag 0/68)
[download]   0.1% of ~ 224.62MiB at  112.31KiB/s ETA 19:23 (frag 0/68)
[download]   0.1% of ~ 224.89MiB at  144.26KiB/s ETA 19:12 (frag 0/68)
[download]   0.1% of ~ 225.42MiB at  166.38KiB/s ETA 19:03 (frag 0/68)
[download]   0.1% of ~ 226.48MiB at  185.84KiB/s ETA 18:49 (frag 0/68)
[download]   0.2% of ~ 260.47MiB at  185.84KiB/s ETA 18:49 (frag 0/68)
[download]   0.2% of ~ 244.66MiB at  247.60KiB/s ETA 17:59 (frag 0/68)
[download]   0.2% of ~ 244.72MiB at  247.60KiB/s ETA 17:59 (frag 0/68)
[download]   0.2% of ~ 244.86MiB at  247.60KiB/s ETA 17:59 (frag 0/68)
[download]   0.2% of ~ 245.12MiB at  247.60KiB/s ETA 17:59 (frag 0/68)
[download]   0.3% of ~ 246.61MiB at  247.60KiB/s ETA 17:59 (frag 0/68)
[download]   0.3% of ~ 249.90MiB at  299.31KiB/s ETA 17:12 (frag 0/68)
[download]   0.2% of ~ 274.51MiB at  299.31KiB/s ETA 17:12 (frag 0/68)
[download]   0.2% of ~ 307.69MiB at  299.31KiB/s ETA 17:12 (frag 0/68)
[download]   0.2% of ~ 274.64MiB at  299.31KiB/s ETA 17:12 (frag 0/68)
[download]   0.2% of ~ 307.89MiB at  299.31KiB/s ETA 17:12 (frag 0/68)
[download]   0.2% of ~ 274.91MiB at  299.31KiB/s ETA 17:12 (frag 0/68)
[download]   0.2% of ~ 308.29MiB at  299.31KiB/s ETA 17:12 (frag 0/68)
[download]   0.2% of ~ 275.44MiB at  299.31KiB/s ETA 17:12 (frag 0/68)
[download]   0.2% of ~ 309.08MiB at  299.31KiB/s ETA 17:12 (frag 0/68)
[download]   0.3% of ~ 253.91MiB at  299.31KiB/s ETA 17:12 (frag 0/68)
[download]   0.3% of ~ 273.70MiB at  358.17KiB/s ETA 16:25 (frag 0/68)
[download]   0.3% of ~ 273.77MiB at  358.17KiB/s ETA 16:25 (frag 0/68)
[download]   0.3% of ~ 273.90MiB at  358.17KiB/s ETA 16:25 (frag 0/68)
[download]   0.3% of ~ 274.16MiB at  358.17KiB/s ETA 16:25 (frag 0/68)
[download]   0.3% of ~ 262.45MiB at  358.17KiB/s ETA 16:25 (frag 0/68)
[download]   0.3% of ~ 288.70MiB at  402.10KiB/s ETA 15:45 (frag 0/68)
[download]   0.3% of ~ 288.76MiB at  402.10KiB/s ETA 15:45 (frag 0/68)
[download]   0.3% of ~ 288.89MiB at  402.10KiB/s ETA 15:45 (frag 0/68)
[download]   0.3% of ~ 289.16MiB at  402.10KiB/s ETA 15:45 (frag 0/68)
[download]   0.3% of ~ 322.23MiB at  402.10KiB/s ETA 15:45 (frag 0/68)
[download]   0.3% of ~ 290.18MiB at  402.10KiB/s ETA 15:45 (frag 0/68)
[download]   0.3% of ~ 279.94MiB at  402.10KiB/s ETA 15:45 (frag 0/68)
[download]   0.5% of ~ 301.57MiB at  402.10KiB/s ETA 15:45 (frag 0/68)
[download]   0.5% of ~ 303.71MiB at  402.10KiB/s ETA 15:45 (frag 0/68)
[download]   0.5% of ~ 343.88MiB at  566.41KiB/s ETA 14:47 (frag 0/68)
[download]   0.5% of ~ 320.83MiB at  566.41KiB/s ETA 14:47 (frag 0/68)
[download]   0.5% of ~ 381.73MiB at  566.41KiB/s ETA 14:47 (frag 0/68)
[download]   0.5% of ~ 350.74MiB at  566.41KiB/s ETA 14:47 (frag 0/68)
[download]   0.5% of ~ 341.57MiB at  695.06KiB/s ETA 13:54 (frag 0/68)
[download]   0.7% of ~ 332.40MiB at  695.06KiB/s ETA 13:54 (frag 0/68)
[download]   0.6% of ~ 389.57MiB at  695.06KiB/s ETA 13:54 (frag 0/68)
[download]   0.7% of ~ 367.58MiB at  878.70KiB/s ETA 12:59 (frag 0/68)
[download]   0.6% of ~ 432.73MiB at  995.84KiB/s ETA 12:16 (frag 0/68)
[download]   0.7% of ~ 392.57MiB at  995.84KiB/s ETA 12:16 (frag 0/68)
[download]   0.7% of ~ 408.69MiB at  995.84KiB/s ETA 12:16 (frag 0/68)
[download]   0.7% of ~ 412.33MiB at    1.06MiB/s ETA 11:34 (frag 0/68)
[download]   0.7% of ~ 412.40MiB at    1.06MiB/s ETA 11:34 (frag 0/68)
[download]   0.7% of ~ 412.53MiB at    1.06MiB/s ETA 11:34 (frag 0/68)
[download]   0.8% of ~ 389.29MiB at    1.06MiB/s ETA 11:34 (frag 0/68)
[download]   0.7% of ~ 429.80MiB at    1.06MiB/s ETA 11:34 (frag 0/68)
[download]   1.0% of ~ 407.77MiB at    1.28MiB/s ETA 10:48 (frag 0/68)
[download]   0.8% of ~ 498.36MiB at    1.28MiB/s ETA 10:48 (frag 0/68)
[download]   1.0% of ~ 511.88MiB at    1.28MiB/s ETA 10:48 (frag 0/68)
[download]   0.9% of ~ 571.19MiB at    1.28MiB/s ETA 10:48 (frag 0/68)
[download]   0.9% of ~ 567.81MiB at    1.28MiB/s ETA 10:48 (frag 0/68)
[download]   0.9% of ~ 620.73MiB at    1.59MiB/s ETA 10:09 (frag 0/68)
[download]   0.9% of ~ 596.11MiB at    1.59MiB/s ETA 10:09 (frag 0/68)
[download]   0.9% of ~ 604.58MiB at    1.80MiB/s ETA 09:35 (frag 0/68)
[download]   0.9% of ~ 605.64MiB at    1.93MiB/s ETA 09:04 (frag 0/68)
[download]   1.0% of ~ 607.80MiB at    1.93MiB/s ETA 09:04 (frag 0/68)
[download]   1.1% of ~ 602.21MiB at    2.12MiB/s ETA 08:33 (frag 0/68)
[download]   1.0% of ~ 673.77MiB at    2.12MiB/s ETA 08:33 (frag 1/68)
[download]   2.1% of ~ 342.53MiB at    2.12MiB/s ETA 08:33 (frag 1/68)
[download]   2.2% of ~ 344.91MiB at    2.31MiB/s ETA 07:54 (frag 1/68)
[download]   2.0% of ~ 390.24MiB at    2.45MiB/s ETA 07:20 (frag 1/68)
[download]   2.1% of ~ 382.16MiB at    2.45MiB/s ETA 07:20 (frag 1/68)
[download]   2.4% of ~ 388.94MiB at    2.68MiB/s ETA 06:48 (frag 1/68)
[download]   2.1% of ~ 440.65MiB at    2.68MiB/s ETA 06:48 (frag 2/68)
[download]   3.3% of ~ 290.87MiB at    2.85MiB/s ETA 06:16 (frag 2/68)
[download]   3.5% of ~ 292.57MiB at    3.15MiB/s ETA 05:45 (frag 2/68)
[download]   3.4% of ~ 307.87MiB at    3.38MiB/s ETA 05:18 (frag 2/68)
[download]   3.3% of ~ 321.25MiB at    3.38MiB/s ETA 05:18 (frag 2/68)
[download]   3.3% of ~ 321.28MiB at    3.38MiB/s ETA 05:18 (frag 2/68)
[download]   3.3% of ~ 321.32MiB at    3.38MiB/s ETA 05:18 (frag 2/68)
[download]   3.3% of ~ 321.41MiB at    3.38MiB/s ETA 05:18 (frag 2/68)
[download]   3.3% of ~ 321.59MiB at    3.38MiB/s ETA 05:18 (frag 2/68)
[download]   3.3% of ~ 321.94MiB at    3.38MiB/s ETA 05:18 (frag 2/68)
[download]   3.4% of ~ 316.80MiB at    3.52MiB/s ETA 04:54 (frag 2/68)
[download]   3.3% of ~ 325.48MiB at    3.52MiB/s ETA 04:54 (frag 2/68)
[download]   3.4% of ~ 332.10MiB at    3.64MiB/s ETA 04:33 (frag 2/68)
[download]   3.5% of ~ 331.60MiB at    3.64MiB/s ETA 04:33 (frag 2/68)
[download]   3.4% of ~ 348.77MiB at    3.77MiB/s ETA 04:14 (frag 2/68)
[download]   3.4% of ~ 351.60MiB at    3.77MiB/s ETA 04:14 (frag 2/68)
[download]   3.6% of ~ 362.47MiB at    3.77MiB/s ETA 04:14 (frag 2/68)
[download]   3.6% of ~ 372.49MiB at    3.77MiB/s ETA 04:14 (frag 2/68)
[download]   3.8% of ~ 374.40MiB at    4.20MiB/s ETA 03:55 (frag 2/68)
[download]   3.6% of ~ 406.67MiB at    4.20MiB/s ETA 03:55 (frag 2/68)
[download]   3.8% of ~ 412.36MiB at    4.20MiB/s ETA 03:55 (frag 2/68)
[download]   3.8% of ~ 427.66MiB at    4.66MiB/s ETA 03:39 (frag 2/68)
[download]   3.6% of ~ 445.97MiB at    4.93MiB/s ETA 03:25 (frag 2/68)
[download]   3.6% of ~ 445.99MiB at    4.93MiB/s ETA 03:25 (frag 2/68)
[download]   3.6% of ~ 446.03MiB at    4.93MiB/s ETA 03:25 (frag 2/68)
[download]   3.6% of ~ 446.12MiB at    4.93MiB/s ETA 03:25 (frag 2/68)
[download]   3.6% of ~ 446.30MiB at    4.93MiB/s ETA 03:25 (frag 2/68)
[download]   3.6% of ~ 446.65MiB at    4.93MiB/s ETA 03:25 (frag 2/68)
[download]   3.6% of ~ 447.36MiB at    4.93MiB/s ETA 03:25 (frag 2/68)
[download]   3.6% of ~ 448.78MiB at    4.93MiB/s ETA 03:25 (frag 2/68)
[download]   3.7% of ~ 451.61MiB at    4.93MiB/s ETA 03:25 (frag 2/68)
[download]   3.8% of ~ 452.74MiB at    5.18MiB/s ETA 03:12 (frag 2/68)
[download]   3.8% of ~ 469.92MiB at    5.18MiB/s ETA 03:12 (frag 2/68)
[download]   3.8% of ~ 491.28MiB at    5.49MiB/s ETA 03:00 (frag 2/68)
[download]   4.0% of ~ 509.12MiB at    5.49MiB/s ETA 03:00 (frag 2/68)
[download]   3.7% of ~ 551.26MiB at    5.49MiB/s ETA 03:00 (frag 2/68)
[download]   3.7% of ~ 553.94MiB at    5.49MiB/s ETA 03:00 (frag 3/68)
[download]   5.4% of ~ 404.35MiB at    6.08MiB/s ETA 02:47 (frag 3/68)
[download]   5.1% of ~ 425.06MiB at    6.08MiB/s ETA 02:47 (frag 4/68)
[download]   6.6% of ~ 345.03MiB at    6.08MiB/s ETA 02:47 (frag 4/68)
[download]   6.8% of ~ 359.41MiB at    6.08MiB/s ETA 02:47 (frag 4/68)
[download]   6.4% of ~ 381.74MiB at    6.08MiB/s ETA 02:47 (frag 5/68)
[download]   8.2% of ~ 315.30MiB at    6.84MiB/s ETA 02:34 (frag 5/68)
[download]   8.1% of ~ 326.66MiB at    7.44MiB/s ETA 02:22 (frag 5/68)
[download]   8.1% of ~ 339.41MiB at    7.91MiB/s ETA 02:11 (frag 5/68)
[download]   7.8% of ~ 352.26MiB at    7.91MiB/s ETA 02:11 (frag 5/68)
[download]   7.8% of ~ 352.37MiB at    7.91MiB/s ETA 02:11 (frag 5/68)
[download]   7.8% of ~ 352.28MiB at    7.91MiB/s ETA 02:11 (frag 5/68)
[download]   7.8% of ~ 352.40MiB at    7.91MiB/s ETA 02:11 (frag 5/68)
[download]   7.8% of ~ 352.32MiB at    7.91MiB/s ETA 02:11 (frag 5/68)
[download]   7.8% of ~ 352.47MiB at    7.91MiB/s ETA 02:11 (frag 5/68)
[download]   7.8% of ~ 352.41MiB at    7.91MiB/s ETA 02:11 (frag 5/68)
[download]   7.8% of ~ 352.60MiB at    7.91MiB/s ETA 02:11 (frag 5/68)
[download]   7.8% of ~ 352.59MiB at    7.91MiB/s ETA 02:11 (frag 5/68)
[download]   7.8% of ~ 352.87MiB at    7.91MiB/s ETA 02:11 (frag 5/68)
[download]   7.8% of ~ 352.94MiB at    7.91MiB/s ETA 02:11 (frag 5/68)
[download]   7.8% of ~ 353.40MiB at    7.91MiB/s ETA 02:11 (frag 5/68)
[download]   7.9% of ~ 351.21MiB at    7.91MiB/s ETA 02:11 (frag 5/68)
[download]   7.9% of ~ 351.22MiB at    7.91MiB/s ETA 02:11 (frag 5/68)
[download]   7.9% of ~ 351.24MiB at    7.91MiB/s ETA 02:11 (frag 5/68)
[download]   7.9% of ~ 351.29MiB at    7.91MiB/s ETA 02:11 (frag 5/68)
[download]   7.8% of ~ 353.82MiB at    8.28MiB/s ETA 02:01 (frag 5/68)
[download]   7.9% of ~ 352.08MiB at    8.28MiB/s ETA 02:01 (frag 5/68)
[download]   7.9% of ~ 352.26MiB at    8.28MiB/s ETA 02:01 (frag 5/68)
[download]   7.9% of ~ 352.62MiB at    8.54MiB/s ETA 01:53 (frag 5/68)
[download]   8.2% of ~ 354.26MiB at    8.54MiB/s ETA 01:53 (frag 5/68)
[download]   7.9% of ~ 369.64MiB at    8.85MiB/s ETA 01:45 (frag 5/68)
[download]   7.9% of ~ 370.25MiB at    8.96MiB/s ETA 01:38 (frag 5/68)
[download]   7.9% of ~ 371.77MiB at    8.96MiB/s ETA 01:38 (frag 5/68)
[download]   8.3% of ~ 373.84MiB at    9.17MiB/s ETA 01:32 (frag 5/68)
[download]   7.9% of ~ 391.80MiB at    9.17MiB/s ETA 01:32 (frag 6/68)
[download]   9.3% of ~ 335.18MiB at    9.17MiB/s ETA 01:32 (frag 6/68)
[download]   9.3% of ~ 335.51MiB at    9.32MiB/s ETA 01:26 (frag 6/68)
[download]   9.4% of ~ 336.73MiB at    9.32MiB/s ETA 01:26 (frag 6/68)
[download]   9.4% of ~ 341.25MiB at    9.32MiB/s ETA 01:26 (frag 6/68)
[download]   9.5% of ~ 344.01MiB at    9.32MiB/s ETA 01:26 (frag 6/68)
[download]   9.4% of ~ 351.05MiB at    9.32MiB/s ETA 01:26 (frag 6/68)
[download]   9.5% of ~ 352.10MiB at    9.32MiB/s ETA 01:26 (frag 6/68)
[download]   9.3% of ~ 357.55MiB at    9.32MiB/s ETA 01:26 (frag 7/68)
[download]  11.0% of ~ 313.99MiB at    9.46MiB/s ETA 01:20 (frag 7/68)
[download]  11.0% of ~ 320.66MiB at    9.46MiB/s ETA 01:20 (frag 7/68)
[download]  10.7% of ~ 331.83MiB at    9.46MiB/s ETA 01:20 (frag 7/68)
[download]  10.7% of ~ 331.84MiB at    9.46MiB/s ETA 01:20 (frag 7/68)
[download]  10.7% of ~ 331.85MiB at    9.46MiB/s ETA 01:20 (frag 7/68)
[download]  10.7% of ~ 331.89MiB at    9.46MiB/s ETA 01:20 (frag 7/68)
[download]  10.7% of ~ 331.95MiB at    9.46MiB/s ETA 01:20 (frag 7/68)
[download]  10.7% of ~ 332.09MiB at    9.46MiB/s ETA 01:20 (frag 7/68)
[download]  10.7% of ~ 332.35MiB at    9.67MiB/s ETA 01:15 (frag 7/68)
[download]  10.7% of ~ 332.88MiB at    9.67MiB/s ETA 01:15 (frag 7/68)
[download]  11.2% of ~ 333.10MiB at    9.67MiB/s ETA 01:15 (frag 7/68)
[download]  10.7% of ~ 346.00MiB at    9.67MiB/s ETA 01:15 (frag 8/68)
[download]  12.4% of ~ 303.94MiB at    9.67MiB/s ETA 01:15 (frag 8/68)
[download]  12.6% of ~ 310.68MiB at   10.17MiB/s ETA 01:10 (frag 8/68)
[download]  12.2% of ~ 321.14MiB at   10.17MiB/s ETA 01:10 (frag 9/68)
[download]  13.6% of ~ 288.43MiB at   10.17MiB/s ETA 01:10 (frag 9/68)
[download]  13.6% of ~ 288.44MiB at   10.17MiB/s ETA 01:10 (frag 9/68)
[download]  13.6% of ~ 288.45MiB at   10.17MiB/s ETA 01:10 (frag 9/68)
[download]  13.5% of ~ 290.65MiB at   10.17MiB/s ETA 01:10 (frag 9/68)
[download]  13.6% of ~ 290.18MiB at   10.17MiB/s ETA 01:10 (frag 9/68)
[download]  13.6% of ~ 290.23MiB at   10.17MiB/s ETA 01:10 (frag 9/68)
[download]  14.0% of ~ 290.37MiB at   10.61MiB/s ETA 01:05 (frag 9/68)
[download]  13.6% of ~ 299.22MiB at   10.61MiB/s ETA 01:05 (frag 10/68)
[download]  15.0% of ~ 273.97MiB at   10.76MiB/s ETA 01:00 (frag 10/68)
[download]  15.1% of ~ 276.50MiB at   10.76MiB/s ETA 01:00 (frag 10/68)
[download]  15.0% of ~ 278.17MiB at   10.78MiB/s ETA 00:57 (frag 10/68)
[download]  15.0% of ~ 278.36MiB at   10.78MiB/s ETA 00:57 (frag 10/68)
[download]  15.1% of ~ 276.25MiB at   10.78MiB/s ETA 00:57 (frag 10/68)
[download]  15.1% of ~ 276.25MiB at   10.78MiB/s ETA 00:57 (frag 10/68)
[download]  15.1% of ~ 276.27MiB at   10.78MiB/s ETA 00:57 (frag 10/68)
[download]  15.1% of ~ 276.29MiB at   10.78MiB/s ETA 00:57 (frag 10/68)
[download]  15.1% of ~ 276.34MiB at   10.78MiB/s ETA 00:57 (frag 10/68)
[download]  15.1% of ~ 276.43MiB at   10.78MiB/s ETA 00:57 (frag 10/68)
[download]  15.2% of ~ 276.63MiB at   10.78MiB/s ETA 00:57 (frag 10/68)
[download]  15.0% of ~ 280.21MiB at   10.78MiB/s ETA 00:57 (frag 10/68)
[download]  15.0% of ~ 280.22MiB at   10.78MiB/s ETA 00:57 (frag 10/68)
[download]  15.0% of ~ 280.23MiB at   10.78MiB/s ETA 00:57 (frag 10/68)
[download]  15.0% of ~ 279.56MiB at   10.78MiB/s ETA 00:57 (frag 10/68)
[download]  15.0% of ~ 281.03MiB at   10.80MiB/s ETA 00:53 (frag 10/68)
[download]  15.0% of ~ 281.07MiB at   10.80MiB/s ETA 00:53 (frag 10/68)
[download]  15.0% of ~ 281.17MiB at   10.80MiB/s ETA 00:53 (frag 10/68)
[download]  15.2% of ~ 281.27MiB at   10.80MiB/s ETA 00:53 (frag 10/68)
[download]  15.0% of ~ 284.42MiB at   10.80MiB/s ETA 00:53 (frag 11/68)
[download]  16.4% of ~ 260.81MiB at   10.80MiB/s ETA 00:53 (frag 11/68)
[download]  16.2% of ~ 263.69MiB at   10.80MiB/s ETA 00:53 (frag 11/68)
[download]  16.2% of ~ 263.70MiB at   10.80MiB/s ETA 00:53 (frag 11/68)
[download]  16.2% of ~ 263.71MiB at   10.80MiB/s ETA 00:53 (frag 11/68)
[download]  16.2% of ~ 263.73MiB at   10.80MiB/s ETA 00:53 (frag 11/68)
[download]  16.2% of ~ 263.78MiB at   10.80MiB/s ETA 00:53 (frag 11/68)
[download]  16.2% of ~ 263.87MiB at   10.80MiB/s ETA 00:53 (frag 11/68)
[download]  16.2% of ~ 264.04MiB at   10.82MiB/s ETA 00:50 (frag 11/68)
[download]  16.2% of ~ 264.40MiB at   10.82MiB/s ETA 00:50 (frag 11/68)
[download]  16.3% of ~ 265.11MiB at   10.82MiB/s ETA 00:50 (frag 11/68)
[download]  16.6% of ~ 261.06MiB at   10.82MiB/s ETA 00:50 (frag 11/68)
[download]  16.7% of ~ 265.87MiB at   10.82MiB/s ETA 00:50 (frag 11/68)
[download]  16.4% of ~ 270.36MiB at   10.82MiB/s ETA 00:50 (frag 11/68)
[download]  16.5% of ~ 270.44MiB at   10.82MiB/s ETA 00:50 (frag 11/68)
[download]  16.7% of ~ 269.56MiB at   10.82MiB/s ETA 00:50 (frag 11/68)
[download]  16.8% of ~ 270.98MiB at   11.07MiB/s ETA 00:47 (frag 11/68)
[download]  16.4% of ~ 279.27MiB at   11.07MiB/s ETA 00:47 (frag 11/68)
[download]  16.5% of ~ 279.57MiB at   11.18MiB/s ETA 00:44 (frag 11/68)
[download]  16.7% of ~ 278.89MiB at   11.18MiB/s ETA 00:44 (frag 11/68)
[download]  16.4% of ~ 284.77MiB at   11.18MiB/s ETA 00:44 (frag 11/68)
[download]  16.4% of ~ 284.78MiB at   11.18MiB/s ETA 00:44 (frag 11/68)
[download]  16.4% of ~ 284.79MiB at   11.18MiB/s ETA 00:44 (frag 11/68)
[download]  16.4% of ~ 284.81MiB at   11.18MiB/s ETA 00:44 (frag 11/68)
[download]  16.4% of ~ 284.86MiB at   11.18MiB/s ETA 00:44 (frag 11/68)
[download]  16.4% of ~ 284.95MiB at   11.18MiB/s ETA 00:44 (frag 11/68)
[download]  16.9% of ~ 284.96MiB at   11.45MiB/s ETA 00:41 (frag 11/68)
[download]  16.4% of ~ 294.12MiB at   11.45MiB/s ETA 00:41 (frag 12/68)
[download]  18.1% of ~ 271.02MiB at   11.45MiB/s ETA 00:41 (frag 12/68)
[download]  17.8% of ~ 275.27MiB at   11.56MiB/s ETA 00:39 (frag 12/68)
[download]  18.1% of ~ 273.77MiB at   11.56MiB/s ETA 00:39 (frag 12/68)
[download]  17.8% of ~ 277.67MiB at   11.44MiB/s ETA 00:37 (frag 12/68)
[download]  17.8% of ~ 277.67MiB at   11.44MiB/s ETA 00:37 (frag 12/68)
[download]  17.8% of ~ 277.68MiB at   11.44MiB/s ETA 00:37 (frag 12/68)
[download]  17.8% of ~ 277.70MiB at   11.44MiB/s ETA 00:37 (frag 12/68)
[download]  17.8% of ~ 277.75MiB at   11.44MiB/s ETA 00:37 (frag 12/68)
[download]  17.9% of ~ 278.37MiB at   11.44MiB/s ETA 00:37 (frag 12/68)
[download]  18.1% of ~ 277.78MiB at   11.32MiB/s ETA 00:36 (frag 12/68)
[download]  17.9% of ~ 281.10MiB at   11.32MiB/s ETA 00:36 (frag 12/68)
[download]  17.9% of ~ 281.26MiB at   11.32MiB/s ETA 00:36 (frag 12/68)
[download]  18.4% of ~ 278.18MiB at   11.32MiB/s ETA 00:36 (frag 12/68)
[download]  17.9% of ~ 287.36MiB at   11.24MiB/s ETA 00:34 (frag 12/68)
[download]  18.4% of ~ 284.72MiB at   11.24MiB/s ETA 00:34 (frag 12/68)
[download]  18.1% of ~ 289.39MiB at   11.24MiB/s ETA 00:34 (frag 13/68)
[download]  19.5% of ~ 273.40MiB at   11.24MiB/s ETA 00:34 (frag 13/68)
[download]  19.4% of ~ 276.73MiB at   11.24MiB/s ETA 00:34 (frag 13/68)
[download]  19.4% of ~ 277.34MiB at   11.21MiB/s ETA 00:33 (frag 13/68)
[download]  19.5% of ~ 279.06MiB at   11.15MiB/s ETA 00:31 (frag 13/68)
[download]  19.5% of ~ 280.98MiB at   11.15MiB/s ETA 00:31 (frag 13/68)
[download]  19.8% of ~ 284.93MiB at   10.90MiB/s ETA 00:30 (frag 13/68)
[download]  19.4% of ~ 292.63MiB at   10.90MiB/s ETA 00:30 (frag 13/68)
[download]  19.3% of ~ 293.95MiB at   10.90MiB/s ETA 00:30 (frag 14/68)
[download]  20.8% of ~ 271.98MiB at   10.65MiB/s ETA 00:29 (frag 14/68)
[download]  20.8% of ~ 271.99MiB at   10.65MiB/s ETA 00:29 (frag 14/68)
[download]  20.8% of ~ 272.00MiB at   10.65MiB/s ETA 00:29 (frag 14/68)
[download]  20.8% of ~ 272.02MiB at   10.65MiB/s ETA 00:29 (frag 14/68)
[download]  20.8% of ~ 272.05MiB at   10.65MiB/s ETA 00:29 (frag 14/68)
[download]  20.8% of ~ 272.12MiB at   10.65MiB/s ETA 00:29 (frag 14/68)
[download]  20.9% of ~ 272.26MiB at   10.65MiB/s ETA 00:29 (frag 14/68)
[download]  21.0% of ~ 271.21MiB at   10.65MiB/s ETA 00:29 (frag 14/68)
[download]  20.9% of ~ 272.48MiB at   10.65MiB/s ETA 00:29 (frag 15/68)
[download]  22.5% of ~ 257.59MiB at   10.65MiB/s ETA 00:29 (frag 15/68)
[download]  22.6% of ~ 260.79MiB at   10.85MiB/s ETA 00:28 (frag 15/68)
[download]  22.5% of ~ 266.53MiB at   11.01MiB/s ETA 00:27 (frag 15/68)
[download]  22.3% of ~ 269.45MiB at   11.01MiB/s ETA 00:27 (frag 15/68)
[download]  22.7% of ~ 270.80MiB at   11.15MiB/s ETA 00:26 (frag 15/68)
[download]  22.8% of ~ 276.41MiB at   11.15MiB/s ETA 00:26 (frag 15/68)
[download]  22.3% of ~ 282.96MiB at   11.15MiB/s ETA 00:26 (frag 16/68)
[download]  23.8% of ~ 265.48MiB at   11.15MiB/s ETA 00:26 (frag 16/68)
[download]  24.1% of ~ 266.78MiB at   11.48MiB/s ETA 00:25 (frag 16/68)
[download]  24.0% of ~ 267.44MiB at   11.48MiB/s ETA 00:25 (frag 16/68)
[download]  24.0% of ~ 267.44MiB at   11.48MiB/s ETA 00:25 (frag 16/68)
[download]  24.0% of ~ 267.45MiB at   11.48MiB/s ETA 00:25 (frag 16/68)
[download]  24.0% of ~ 267.47MiB at   11.48MiB/s ETA 00:25 (frag 16/68)
[download]  24.0% of ~ 267.50MiB at   11.48MiB/s ETA 00:25 (frag 16/68)
[download]  24.1% of ~ 267.56MiB at   11.61MiB/s ETA 00:24 (frag 16/68)
[download]  24.0% of ~ 270.73MiB at   11.61MiB/s ETA 00:24 (frag 16/68)
[download]  23.9% of ~ 273.50MiB at   11.61MiB/s ETA 00:24 (frag 16/68)
[download]  23.7% of ~ 275.62MiB at   11.61MiB/s ETA 00:24 (frag 17/68)
[download]  25.5% of ~ 256.71MiB at   11.90MiB/s ETA 00:23 (frag 17/68)
[download]  25.1% of ~ 260.73MiB at   11.90MiB/s ETA 00:23 (frag 17/68)
[download]  25.1% of ~ 260.74MiB at   11.90MiB/s ETA 00:23 (frag 17/68)
[download]  25.1% of ~ 260.75MiB at   11.90MiB/s ETA 00:23 (frag 17/68)
[download]  25.1% of ~ 260.76MiB at   11.90MiB/s ETA 00:23 (frag 17/68)
[download]  25.1% of ~ 260.79MiB at   11.90MiB/s ETA 00:23 (frag 17/68)
[download]  25.1% of ~ 260.85MiB at   11.90MiB/s ETA 00:23 (frag 17/68)
[download]  25.1% of ~ 260.97MiB at   11.90MiB/s ETA 00:23 (frag 17/68)
[download]  25.1% of ~ 261.20MiB at   11.90MiB/s ETA 00:23 (frag 17/68)
[download]  25.6% of ~ 260.76MiB at   12.02MiB/s ETA 00:23 (frag 17/68)
[download]  25.2% of ~ 265.45MiB at   12.02MiB/s ETA 00:23 (frag 17/68)
[download]  25.7% of ~ 266.66MiB at   12.02MiB/s ETA 00:23 (frag 17/68)
[download]  25.1% of ~ 272.88MiB at   12.02MiB/s ETA 00:23 (frag 18/68)
[download]  27.0% of ~ 254.67MiB at   12.23MiB/s ETA 00:22 (frag 18/68)
[download]  27.0% of ~ 254.31MiB at   12.23MiB/s ETA 00:22 (frag 18/68)
[download]  27.0% of ~ 254.31MiB at   12.23MiB/s ETA 00:22 (frag 18/68)
[download]  27.0% of ~ 254.32MiB at   12.23MiB/s ETA 00:22 (frag 18/68)
[download]  27.0% of ~ 254.33MiB at   12.23MiB/s ETA 00:22 (frag 18/68)
[download]  26.6% of ~ 258.11MiB at   12.23MiB/s ETA 00:22 (frag 18/68)
[download]  26.6% of ~ 258.12MiB at   12.23MiB/s ETA 00:22 (frag 18/68)
[download]  26.6% of ~ 258.12MiB at   12.23MiB/s ETA 00:22 (frag 18/68)
[download]  26.6% of ~ 258.14MiB at   12.23MiB/s ETA 00:22 (frag 18/68)
[download]  26.6% of ~ 258.17MiB at   12.23MiB/s ETA 00:22 (frag 18/68)
[download]  26.6% of ~ 258.22MiB at   12.38MiB/s ETA 00:21 (frag 18/68)
[download]  26.7% of ~ 258.33MiB at   12.38MiB/s ETA 00:21 (frag 18/68)
[download]  26.8% of ~ 259.21MiB at   12.38MiB/s ETA 00:21 (frag 18/68)
[download]  27.2% of ~ 260.00MiB at   12.38MiB/s ETA 00:21 (frag 18/68)
[download]  26.7% of ~ 264.64MiB at   12.38MiB/s ETA 00:21 (frag 19/68)
[download]  28.0% of ~ 252.03MiB at   12.31MiB/s ETA 00:20 (frag 19/68)
[download]  28.0% of ~ 252.04MiB at   12.31MiB/s ETA 00:20 (frag 19/68)
[download]  28.0% of ~ 252.04MiB at   12.31MiB/s ETA 00:20 (frag 19/68)
[download]  28.0% of ~ 252.06MiB at   12.31MiB/s ETA 00:20 (frag 19/68)
[download]  28.6% of ~ 251.58MiB at   12.31MiB/s ETA 00:20 (frag 19/68)
[download]  28.1% of ~ 256.12MiB at   12.31MiB/s ETA 00:20 (frag 20/68)
[download]  29.5% of ~ 244.12MiB at   12.39MiB/s ETA 00:20 (frag 20/68)
[download]  29.9% of ~ 241.86MiB at   12.39MiB/s ETA 00:20 (frag 20/68)
[download]  29.5% of ~ 245.61MiB at   12.07MiB/s ETA 00:19 (frag 20/68)
[download]  29.6% of ~ 244.15MiB at   11.77MiB/s ETA 00:19 (frag 20/68)
[download]  29.6% of ~ 244.16MiB at   11.77MiB/s ETA 00:19 (frag 20/68)
[download]  29.6% of ~ 244.16MiB at   11.77MiB/s ETA 00:19 (frag 20/68)
[download]  29.7% of ~ 244.18MiB at   11.77MiB/s ETA 00:19 (frag 20/68)
[download]  29.5% of ~ 245.71MiB at   11.48MiB/s ETA 00:18 (frag 20/68)
[download]  29.5% of ~ 245.81MiB at   11.48MiB/s ETA 00:18 (frag 20/68)
[download]  29.9% of ~ 242.34MiB at   11.48MiB/s ETA 00:18 (frag 20/68)
[download]  29.6% of ~ 245.78MiB at   11.48MiB/s ETA 00:18 (frag 20/68)
[download]  29.7% of ~ 245.37MiB at   11.23MiB/s ETA 00:18 (frag 20/68)
[download]  29.7% of ~ 245.13MiB at   11.23MiB/s ETA 00:18 (frag 20/68)
[download]  29.7% of ~ 245.14MiB at   11.23MiB/s ETA 00:18 (frag 20/68)
[download]  29.7% of ~ 245.14MiB at   11.23MiB/s ETA 00:18 (frag 20/68)
[download]  29.7% of ~ 245.16MiB at   11.23MiB/s ETA 00:18 (frag 20/68)
[download]  29.7% of ~ 245.18MiB at   11.23MiB/s ETA 00:18 (frag 20/68)
[download]  29.7% of ~ 245.23MiB at   11.23MiB/s ETA 00:18 (frag 20/68)
[download]  29.7% of ~ 245.62MiB at   10.99MiB/s ETA 00:18 (frag 20/68)
[download]  29.7% of ~ 245.72MiB at   10.99MiB/s ETA 00:18 (frag 20/68)
[download]  29.7% of ~ 245.92MiB at   10.99MiB/s ETA 00:18 (frag 20/68)
[download]  30.0% of ~ 247.60MiB at   10.99MiB/s ETA 00:18 (frag 20/68)
[download]  29.6% of ~ 251.94MiB at   10.99MiB/s ETA 00:18 (frag 20/68)
[download]  29.5% of ~ 252.16MiB at   10.99MiB/s ETA 00:18 (frag 21/68)
[download]  31.0% of ~ 240.92MiB at   10.99MiB/s ETA 00:18 (frag 21/68)
[download]  31.2% of ~ 241.04MiB at   10.94MiB/s ETA 00:18 (frag 21/68)
[download]  31.2% of ~ 241.14MiB at   10.94MiB/s ETA 00:18 (frag 21/68)
[download]  31.2% of ~ 241.34MiB at   10.94MiB/s ETA 00:18 (frag 21/68)
[download]  31.3% of ~ 240.40MiB at   10.60MiB/s ETA 00:17 (frag 21/68)
[download]  31.3% of ~ 240.40MiB at   10.60MiB/s ETA 00:17 (frag 21/68)
[download]  31.3% of ~ 240.41MiB at   10.60MiB/s ETA 00:17 (frag 21/68)
[download]  31.3% of ~ 240.42MiB at   10.60MiB/s ETA 00:17 (frag 21/68)
[download]  31.3% of ~ 240.45MiB at   10.60MiB/s ETA 00:17 (frag 21/68)
[download]  31.2% of ~ 242.09MiB at   10.60MiB/s ETA 00:17 (frag 21/68)
[download]  31.2% of ~ 242.59MiB at   10.20MiB/s ETA 00:17 (frag 21/68)
[download]  31.5% of ~ 242.26MiB at   10.20MiB/s ETA 00:17 (frag 21/68)
[download]  31.3% of ~ 243.58MiB at   10.20MiB/s ETA 00:17 (frag 21/68)
[download]  31.0% of ~ 246.71MiB at    9.98MiB/s ETA 00:17 (frag 21/68)
[download]  31.4% of ~ 244.45MiB at    9.98MiB/s ETA 00:17 (frag 21/68)
[download]  31.3% of ~ 247.97MiB at    9.98MiB/s ETA 00:17 (frag 21/68)
[download]  31.2% of ~ 251.06MiB at    9.98MiB/s ETA 00:17 (frag 21/68)
[download]  31.3% of ~ 253.33MiB at    9.98MiB/s ETA 00:17 (frag 21/68)
[download]  31.0% of ~ 255.93MiB at    9.98MiB/s ETA 00:17 (frag 22/68)
[download]  32.8% of ~ 242.89MiB at   10.12MiB/s ETA 00:17 (frag 22/68)
[download]  32.8% of ~ 244.63MiB at   10.12MiB/s ETA 00:17 (frag 22/68)
[download]  32.9% of ~ 244.58MiB at   10.21MiB/s ETA 00:17 (frag 22/68)
[download]  32.9% of ~ 247.59MiB at   10.21MiB/s ETA 00:17 (frag 22/68)
[download]  32.7% of ~ 248.93MiB at   10.27MiB/s ETA 00:17 (frag 22/68)
[download]  32.7% of ~ 248.93MiB at   10.27MiB/s ETA 00:17 (frag 22/68)
[download]  32.7% of ~ 248.94MiB at   10.27MiB/s ETA 00:17 (frag 22/68)
[download]  32.7% of ~ 248.95MiB at   10.27MiB/s ETA 00:17 (frag 22/68)
[download]  32.7% of ~ 248.97MiB at   10.27MiB/s ETA 00:17 (frag 22/68)
[download]  32.7% of ~ 249.02MiB at   10.27MiB/s ETA 00:17 (frag 22/68)
[download]  33.0% of ~ 249.61MiB at   10.27MiB/s ETA 00:17 (frag 22/68)
[download]  32.9% of ~ 251.05MiB at   10.27MiB/s ETA 00:17 (frag 22/68)
[download]  32.9% of ~ 251.33MiB at   10.30MiB/s ETA 00:17 (frag 22/68)
[download]  32.7% of ~ 252.87MiB at   10.30MiB/s ETA 00:17 (frag 22/68)
[download]  32.7% of ~ 253.05MiB at   10.13MiB/s ETA 00:17 (frag 22/68)
[download]  33.1% of ~ 253.67MiB at   10.13MiB/s ETA 00:17 (frag 22/68)
[download]  32.8% of ~ 256.38MiB at   10.07MiB/s ETA 00:17 (frag 22/68)
[download]  32.7% of ~ 259.00MiB at   10.07MiB/s ETA 00:17 (frag 22/68)
[download]  33.0% of ~ 257.57MiB at    9.95MiB/s ETA 00:17 (frag 22/68)
[download]  32.9% of ~ 260.07MiB at    9.95MiB/s ETA 00:17 (frag 22/68)
[download]  33.1% of ~ 262.05MiB at    9.74MiB/s ETA 00:17 (frag 22/68)
[download]  32.7% of ~ 265.06MiB at    9.74MiB/s ETA 00:17 (frag 23/68)
[download]  34.5% of ~ 255.09MiB at    9.74MiB/s ETA 00:17 (frag 23/68)
[download]  34.0% of ~ 259.04MiB at    9.74MiB/s ETA 00:17 (frag 24/68)
[download]  35.9% of ~ 246.44MiB at    9.74MiB/s ETA 00:17 (frag 24/68)
[download]  36.0% of ~ 248.54MiB at    9.76MiB/s ETA 00:17 (frag 24/68)
[download]  36.0% of ~ 251.26MiB at    9.74MiB/s ETA 00:17 (frag 24/68)
[download]  35.6% of ~ 253.56MiB at    9.74MiB/s ETA 00:17 (frag 25/68)
[download]  37.3% of ~ 242.50MiB at    9.74MiB/s ETA 00:17 (frag 25/68)
[download]  37.4% of ~ 244.07MiB at    9.53MiB/s ETA 00:17 (frag 25/68)
[download]  37.0% of ~ 246.50MiB at    9.53MiB/s ETA 00:17 (frag 26/68)
[download]  38.2% of ~ 239.02MiB at    9.53MiB/s ETA 00:17 (frag 26/68)
[download]  38.2% of ~ 239.02MiB at    9.53MiB/s ETA 00:17 (frag 26/68)
[download]  38.2% of ~ 239.03MiB at    9.53MiB/s ETA 00:17 (frag 26/68)
[download]  38.2% of ~ 239.04MiB at    9.53MiB/s ETA 00:17 (frag 26/68)
[download]  38.2% of ~ 239.06MiB at    9.53MiB/s ETA 00:17 (frag 26/68)
[download]  38.2% of ~ 239.09MiB at    9.53MiB/s ETA 00:17 (frag 26/68)
[download]  38.0% of ~ 240.37MiB at    9.53MiB/s ETA 00:17 (frag 26/68)
[download]  38.0% of ~ 240.37MiB at    9.53MiB/s ETA 00:17 (frag 26/68)
[download]  38.0% of ~ 240.38MiB at    9.53MiB/s ETA 00:17 (frag 26/68)
[download]  38.0% of ~ 240.39MiB at    9.53MiB/s ETA 00:17 (frag 26/68)
[download]  38.0% of ~ 240.41MiB at    9.53MiB/s ETA 00:17 (frag 26/68)
[download]  38.0% of ~ 240.45MiB at    9.43MiB/s ETA 00:17 (frag 26/68)
[download]  38.2% of ~ 239.33MiB at    9.43MiB/s ETA 00:17 (frag 26/68)
[download]  39.1% of ~ 236.76MiB at    9.36MiB/s ETA 00:17 (frag 26/68)
[download]  38.1% of ~ 243.20MiB at    9.36MiB/s ETA 00:17 (frag 26/68)
[download]  38.3% of ~ 242.16MiB at    9.36MiB/s ETA 00:17 (frag 26/68)
[download]  38.1% of ~ 243.67MiB at    9.29MiB/s ETA 00:16 (frag 26/68)
[download]  38.1% of ~ 243.99MiB at    9.17MiB/s ETA 00:16 (frag 26/68)
[download]  38.3% of ~ 243.42MiB at    9.17MiB/s ETA 00:16 (frag 26/68)
[download]  38.4% of ~ 242.97MiB at    9.17MiB/s ETA 00:16 (frag 26/68)
[download]  38.4% of ~ 242.97MiB at    9.17MiB/s ETA 00:16 (frag 26/68)
[download]  38.4% of ~ 242.98MiB at    9.17MiB/s ETA 00:16 (frag 26/68)
[download]  38.4% of ~ 242.99MiB at    9.17MiB/s ETA 00:16 (frag 26/68)
[download]  38.4% of ~ 243.01MiB at    9.17MiB/s ETA 00:16 (frag 26/68)
[download]  38.4% of ~ 243.05MiB at    8.91MiB/s ETA 00:17 (frag 26/68)
[download]  38.2% of ~ 244.60MiB at    8.91MiB/s ETA 00:17 (frag 26/68)
[download]  38.2% of ~ 244.60MiB at    8.91MiB/s ETA 00:17 (frag 26/68)
[download]  38.2% of ~ 244.61MiB at    8.91MiB/s ETA 00:17 (frag 26/68)
[download]  38.2% of ~ 244.62MiB at    8.91MiB/s ETA 00:17 (frag 26/68)
[download]  38.2% of ~ 244.64MiB at    8.91MiB/s ETA 00:17 (frag 26/68)
[download]  38.2% of ~ 244.67MiB at    8.91MiB/s ETA 00:17 (frag 26/68)
[download]  38.4% of ~ 243.28MiB at    8.91MiB/s ETA 00:17 (frag 26/68)
[download]  38.2% of ~ 244.91MiB at    8.91MiB/s ETA 00:17 (frag 26/68)
[download]  38.2% of ~ 245.07MiB at    8.91MiB/s ETA 00:17 (frag 26/68)
[download]  38.8% of ~ 241.87MiB at    8.76MiB/s ETA 00:17 (frag 26/68)
[download]  38.4% of ~ 245.07MiB at    8.60MiB/s ETA 00:17 (frag 26/68)
[download]  38.3% of ~ 246.72MiB at    8.60MiB/s ETA 00:17 (frag 26/68)
[download]  38.5% of ~ 245.88MiB at    8.60MiB/s ETA 00:17 (frag 26/68)
[download]  38.3% of ~ 248.47MiB at    8.60MiB/s ETA 00:17 (frag 26/68)
[download]  38.4% of ~ 248.93MiB at    8.60MiB/s ETA 00:17 (frag 26/68)
[download]  38.9% of ~ 247.07MiB at    8.60MiB/s ETA 00:17 (frag 26/68)
[download]  38.7% of ~ 248.33MiB at    8.60MiB/s ETA 00:17 (frag 27/68)
[download]  40.0% of ~ 241.05MiB at    8.47MiB/s ETA 00:17 (frag 27/68)
[download]  40.3% of ~ 240.24MiB at    8.41MiB/s ETA 00:17 (frag 27/68)
[download]  39.8% of ~ 243.27MiB at    8.38MiB/s ETA 00:17 (frag 27/68)
[download]  39.8% of ~ 243.27MiB at    8.38MiB/s ETA 00:17 (frag 27/68)
[download]  39.8% of ~ 243.28MiB at    8.38MiB/s ETA 00:17 (frag 27/68)
[download]  40.1% of ~ 243.82MiB at    8.38MiB/s ETA 00:17 (frag 27/68)
[download]  39.9% of ~ 245.32MiB at    8.38MiB/s ETA 00:17 (frag 27/68)
[download]  40.1% of ~ 246.12MiB at    8.38MiB/s ETA 00:17 (frag 27/68)
[download]  39.9% of ~ 247.76MiB at    8.38MiB/s ETA 00:17 (frag 27/68)
[download]  39.9% of ~ 247.80MiB at    8.38MiB/s ETA 00:17 (frag 27/68)
[download]  40.0% of ~ 249.82MiB at    8.38MiB/s ETA 00:17 (frag 27/68)
[download]  40.1% of ~ 250.05MiB at    8.38MiB/s ETA 00:17 (frag 27/68)
[download]  39.9% of ~ 251.52MiB at    8.70MiB/s ETA 00:17 (frag 27/68)
[download]  39.9% of ~ 251.67MiB at    8.70MiB/s ETA 00:17 (frag 27/68)
[download]  40.1% of ~ 253.14MiB at    8.70MiB/s ETA 00:17 (frag 27/68)
[download]  40.0% of ~ 254.41MiB at    9.00MiB/s ETA 00:17 (frag 27/68)
[download]  40.4% of ~ 256.18MiB at    9.00MiB/s ETA 00:17 (frag 27/68)
[download]  39.7% of ~ 260.40MiB at    9.00MiB/s ETA 00:17 (frag 28/68)
[download]  41.5% of ~ 250.30MiB at    9.41MiB/s ETA 00:16 (frag 28/68)
[download]  41.9% of ~ 252.23MiB at    9.41MiB/s ETA 00:16 (frag 28/68)
[download]  41.2% of ~ 255.94MiB at    9.41MiB/s ETA 00:16 (frag 29/68)
[download]  43.2% of ~ 246.44MiB at    9.41MiB/s ETA 00:16 (frag 29/68)
[download]  42.6% of ~ 249.88MiB at    9.91MiB/s ETA 00:16 (frag 29/68)
[download]  42.6% of ~ 249.88MiB at    9.91MiB/s ETA 00:16 (frag 29/68)
[download]  42.6% of ~ 249.89MiB at    9.91MiB/s ETA 00:16 (frag 29/68)
[download]  42.7% of ~ 249.90MiB at    9.91MiB/s ETA 00:16 (frag 29/68)
[download]  42.7% of ~ 249.91MiB at    9.91MiB/s ETA 00:16 (frag 29/68)
[download]  42.7% of ~ 249.95MiB at    9.91MiB/s ETA 00:16 (frag 29/68)
[download]  42.7% of ~ 250.02MiB at    9.91MiB/s ETA 00:16 (frag 29/68)
[download]  43.3% of ~ 251.04MiB at   10.38MiB/s ETA 00:15 (frag 29/68)
[download]  42.6% of ~ 255.47MiB at   10.38MiB/s ETA 00:15 (frag 29/68)
[download]  42.5% of ~ 255.70MiB at   10.38MiB/s ETA 00:15 (frag 30/68)
[download]  44.2% of ~ 246.61MiB at   10.38MiB/s ETA 00:15 (frag 30/68)
[download]  44.2% of ~ 246.60MiB at   10.38MiB/s ETA 00:15 (frag 30/68)
[download]  44.2% of ~ 246.60MiB at   10.38MiB/s ETA 00:15 (frag 30/68)
[download]  44.2% of ~ 246.60MiB at   10.38MiB/s ETA 00:15 (frag 30/68)
[download]  44.2% of ~ 246.61MiB at   10.38MiB/s ETA 00:15 (frag 30/68)
[download]  44.2% of ~ 246.63MiB at   10.66MiB/s ETA 00:15 (frag 30/68)
[download]  44.7% of ~ 244.04MiB at   10.66MiB/s ETA 00:15 (frag 30/68)
[download]  44.2% of ~ 246.79MiB at   10.66MiB/s ETA 00:15 (frag 30/68)
[download]  44.4% of ~ 246.72MiB at   10.66MiB/s ETA 00:15 (frag 30/68)
[download]  44.7% of ~ 247.39MiB at   10.66MiB/s ETA 00:15 (frag 30/68)
[download]  44.7% of ~ 248.07MiB at   10.66MiB/s ETA 00:15 (frag 30/68)
[download]  44.6% of ~ 249.13MiB at   11.01MiB/s ETA 00:15 (frag 30/68)
[download]  44.6% of ~ 249.20MiB at   11.01MiB/s ETA 00:15 (frag 31/68)
[download]  45.6% of ~ 243.47MiB at   11.01MiB/s ETA 00:15 (frag 31/68)
[download]  45.7% of ~ 243.88MiB at   11.01MiB/s ETA 00:15 (frag 31/68)
[download]  45.8% of ~ 244.41MiB at   11.25MiB/s ETA 00:14 (frag 31/68)
[download]  45.7% of ~ 245.20MiB at   11.25MiB/s ETA 00:14 (frag 31/68)
[download]  46.2% of ~ 244.64MiB at   11.25MiB/s ETA 00:14 (frag 31/68)
[download]  45.8% of ~ 247.09MiB at   11.25MiB/s ETA 00:14 (frag 32/68)
[download]  47.1% of ~ 240.17MiB at   11.30MiB/s ETA 00:14 (frag 32/68)
[download]  47.1% of ~ 240.17MiB at   11.30MiB/s ETA 00:14 (frag 32/68)
[download]  47.1% of ~ 240.18MiB at   11.30MiB/s ETA 00:14 (frag 32/68)
[download]  47.1% of ~ 240.18MiB at   11.30MiB/s ETA 00:14 (frag 32/68)
[download]  47.1% of ~ 240.20MiB at   11.30MiB/s ETA 00:14 (frag 32/68)
[download]  47.1% of ~ 240.23MiB at   11.30MiB/s ETA 00:14 (frag 32/68)
[download]  47.2% of ~ 240.53MiB at   11.30MiB/s ETA 00:14 (frag 32/68)
[download]  47.1% of ~ 240.81MiB at   11.30MiB/s ETA 00:14 (frag 32/68)
[download]  47.4% of ~ 241.44MiB at   11.30MiB/s ETA 00:14 (frag 32/68)
[download]  47.7% of ~ 242.65MiB at   11.53MiB/s ETA 00:14 (frag 32/68)
[download]  47.2% of ~ 245.25MiB at   11.53MiB/s ETA 00:14 (frag 33/68)
[download]  48.4% of ~ 238.95MiB at   11.61MiB/s ETA 00:13 (frag 33/68)
[download]  48.4% of ~ 238.95MiB at   11.61MiB/s ETA 00:13 (frag 33/68)
[download]  48.4% of ~ 238.96MiB at   11.61MiB/s ETA 00:13 (frag 33/68)
[download]  48.4% of ~ 238.96MiB at   11.61MiB/s ETA 00:13 (frag 33/68)
[download]  48.6% of ~ 238.40MiB at   11.61MiB/s ETA 00:13 (frag 33/68)
[download]  48.5% of ~ 239.23MiB at   11.61MiB/s ETA 00:13 (frag 33/68)
[download]  48.7% of ~ 238.91MiB at   11.61MiB/s ETA 00:13 (frag 33/68)
[download]  49.2% of ~ 240.17MiB at   11.88MiB/s ETA 00:13 (frag 33/68)
[download]  48.5% of ~ 243.52MiB at   11.88MiB/s ETA 00:13 (frag 34/68)
[download]  49.9% of ~ 236.65MiB at   11.88MiB/s ETA 00:13 (frag 34/68)
[download]  49.9% of ~ 236.61MiB at   11.88MiB/s ETA 00:13 (frag 34/68)
[download]  49.9% of ~ 236.61MiB at   11.88MiB/s ETA 00:13 (frag 34/68)
[download]  49.9% of ~ 236.62MiB at   11.88MiB/s ETA 00:13 (frag 34/68)
[download]  49.9% of ~ 236.62MiB at   11.88MiB/s ETA 00:13 (frag 34/68)
[download]  49.9% of ~ 236.64MiB at   11.88MiB/s ETA 00:13 (frag 34/68)
[download]  49.9% of ~ 236.67MiB at   11.88MiB/s ETA 00:13 (frag 34/68)
[download]  49.9% of ~ 236.73MiB at   12.01MiB/s ETA 00:12 (frag 34/68)
[download]  50.1% of ~ 236.39MiB at   12.01MiB/s ETA 00:12 (frag 34/68)
[download]  50.5% of ~ 234.77MiB at   12.01MiB/s ETA 00:12 (frag 34/68)
[download]  49.9% of ~ 237.52MiB at   12.00MiB/s ETA 00:12 (frag 34/68)
[download]  50.0% of ~ 237.10MiB at   12.00MiB/s ETA 00:12 (frag 34/68)
[download]  50.0% of ~ 237.10MiB at   12.00MiB/s ETA 00:12 (frag 34/68)
[download]  50.0% of ~ 237.10MiB at   12.00MiB/s ETA 00:12 (frag 34/68)
[download]  50.0% of ~ 237.11MiB at   12.00MiB/s ETA 00:12 (frag 34/68)
[download]  50.0% of ~ 237.12MiB at   12.00MiB/s ETA 00:12 (frag 34/68)
[download]  50.0% of ~ 237.15MiB at   12.00MiB/s ETA 00:12 (frag 34/68)
[download]  50.0% of ~ 237.21MiB at   12.00MiB/s ETA 00:12 (frag 34/68)
[download]  50.0% of ~ 237.79MiB at   12.01MiB/s ETA 00:12 (frag 34/68)
[download]  50.1% of ~ 237.58MiB at   12.01MiB/s ETA 00:12 (frag 34/68)
[download]  50.4% of ~ 238.03MiB at   12.01MiB/s ETA 00:12 (frag 34/68)
[download]  50.2% of ~ 239.75MiB at   12.01MiB/s ETA 00:12 (frag 34/68)
[download]  50.1% of ~ 241.19MiB at   12.01MiB/s ETA 00:12 (frag 34/68)
[download]  50.0% of ~ 241.50MiB at   12.05MiB/s ETA 00:11 (frag 34/68)
[download]  50.0% of ~ 241.50MiB at   12.05MiB/s ETA 00:11 (frag 34/68)
[download]  50.0% of ~ 241.50MiB at   12.05MiB/s ETA 00:11 (frag 34/68)
[download]  50.0% of ~ 241.51MiB at   12.05MiB/s ETA 00:11 (frag 34/68)
[download]  50.0% of ~ 241.53MiB at   12.05MiB/s ETA 00:11 (frag 34/68)
[download]  50.0% of ~ 241.56MiB at   12.05MiB/s ETA 00:11 (frag 34/68)
[download]  50.0% of ~ 241.62MiB at   12.05MiB/s ETA 00:11 (frag 34/68)
[download]  50.2% of ~ 241.46MiB at   12.05MiB/s ETA 00:11 (frag 34/68)
[download]  50.0% of ~ 242.49MiB at   12.05MiB/s ETA 00:11 (frag 34/68)
[download]  50.0% of ~ 242.47MiB at   12.05MiB/s ETA 00:11 (frag 34/68)
[download]  50.3% of ~ 242.43MiB at   12.01MiB/s ETA 00:11 (frag 34/68)
[download]  50.1% of ~ 243.68MiB at   12.01MiB/s ETA 00:11 (frag 34/68)
[download]  50.2% of ~ 244.34MiB at   12.01MiB/s ETA 00:11 (frag 34/68)
[download]  50.5% of ~ 242.74MiB at   11.81MiB/s ETA 00:11 (frag 34/68)
[download]  50.2% of ~ 245.29MiB at   11.63MiB/s ETA 00:11 (frag 34/68)
[download]  50.5% of ~ 245.97MiB at   11.63MiB/s ETA 00:11 (frag 34/68)
[download]  50.7% of ~ 248.13MiB at   11.63MiB/s ETA 00:11 (frag 34/68)
[download]  50.1% of ~ 251.13MiB at   11.63MiB/s ETA 00:11 (frag 35/68)
[download]  51.5% of ~ 244.48MiB at   11.72MiB/s ETA 00:11 (frag 35/68)
[download]  51.8% of ~ 244.51MiB at   11.72MiB/s ETA 00:11 (frag 35/68)
[download]  52.0% of ~ 245.91MiB at   11.72MiB/s ETA 00:11 (frag 35/68)
[download]  51.9% of ~ 248.07MiB at   11.72MiB/s ETA 00:11 (frag 35/68)
[download]  51.9% of ~ 250.13MiB at   12.07MiB/s ETA 00:11 (frag 35/68)
[download]  52.1% of ~ 251.56MiB at   12.40MiB/s ETA 00:10 (frag 35/68)
[download]  51.6% of ~ 254.26MiB at   12.40MiB/s ETA 00:10 (frag 36/68)
[download]  53.6% of ~ 247.66MiB at   12.40MiB/s ETA 00:10 (frag 36/68)
[download]  53.6% of ~ 250.30MiB at   12.40MiB/s ETA 00:10 (frag 36/68)
[download]  53.0% of ~ 253.20MiB at   12.40MiB/s ETA 00:10 (frag 37/68)
[download]  54.5% of ~ 246.29MiB at   12.40MiB/s ETA 00:10 (frag 38/68)
[download]  55.8% of ~ 240.42MiB at   12.40MiB/s ETA 00:10 (frag 38/68)
[download]  55.8% of ~ 240.42MiB at   12.40MiB/s ETA 00:10 (frag 38/68)
[download]  55.8% of ~ 240.43MiB at   12.40MiB/s ETA 00:10 (frag 38/68)
[download]  55.8% of ~ 240.43MiB at   12.40MiB/s ETA 00:10 (frag 38/68)
[download]  55.8% of ~ 240.45MiB at   12.40MiB/s ETA 00:10 (frag 38/68)
[download]  55.8% of ~ 240.47MiB at   12.40MiB/s ETA 00:10 (frag 38/68)
[download]  55.8% of ~ 240.53MiB at   12.86MiB/s ETA 00:10 (frag 38/68)
[download]  56.4% of ~ 238.29MiB at   12.86MiB/s ETA 00:10 (frag 38/68)
[download]  55.9% of ~ 240.90MiB at   13.22MiB/s ETA 00:10 (frag 38/68)
[download]  56.0% of ~ 241.16MiB at   13.22MiB/s ETA 00:10 (frag 38/68)
[download]  56.1% of ~ 241.62MiB at   13.22MiB/s ETA 00:10 (frag 38/68)
[download]  55.9% of ~ 242.20MiB at   13.22MiB/s ETA 00:10 (frag 39/68)
[download]  58.0% of ~ 236.46MiB at   13.65MiB/s ETA 00:09 (frag 39/68)
[download]  57.3% of ~ 239.30MiB at   13.65MiB/s ETA 00:09 (frag 40/68)
[download]  58.8% of ~ 233.05MiB at   13.65MiB/s ETA 00:09 (frag 40/68)
[download]  58.8% of ~ 233.05MiB at   13.65MiB/s ETA 00:09 (frag 40/68)
[download]  58.8% of ~ 233.05MiB at   13.65MiB/s ETA 00:09 (frag 40/68)
[download]  58.8% of ~ 233.06MiB at   13.65MiB/s ETA 00:09 (frag 40/68)
[download]  58.8% of ~ 233.07MiB at   13.65MiB/s ETA 00:09 (frag 40/68)
[download]  58.8% of ~ 233.10MiB at   13.65MiB/s ETA 00:09 (frag 40/68)
[download]  58.8% of ~ 233.18MiB at   13.65MiB/s ETA 00:09 (frag 40/68)
[download]  58.8% of ~ 233.18MiB at   13.65MiB/s ETA 00:09 (frag 40/68)
[download]  58.8% of ~ 233.18MiB at   13.65MiB/s ETA 00:09 (frag 40/68)
[download]  58.8% of ~ 233.19MiB at   13.65MiB/s ETA 00:09 (frag 40/68)
[download]  58.8% of ~ 233.20MiB at   13.65MiB/s ETA 00:09 (frag 40/68)
[download]  58.8% of ~ 233.23MiB at   13.65MiB/s ETA 00:09 (frag 40/68)
[download]  58.9% of ~ 233.25MiB at   13.65MiB/s ETA 00:09 (frag 40/68)
[download]  58.9% of ~ 233.38MiB at   13.65MiB/s ETA 00:09 (frag 40/68)
[download]  59.4% of ~ 231.05MiB at   13.65MiB/s ETA 00:09 (frag 40/68)
[download]  59.4% of ~ 231.05MiB at   13.65MiB/s ETA 00:09 (frag 40/68)
[download]  59.4% of ~ 231.06MiB at   13.65MiB/s ETA 00:09 (frag 40/68)
[download]  59.4% of ~ 231.06MiB at   13.65MiB/s ETA 00:09 (frag 40/68)
[download]  59.5% of ~ 231.08MiB at   13.65MiB/s ETA 00:09 (frag 40/68)
[download]  58.8% of ~ 233.97MiB at   14.03MiB/s ETA 00:09 (frag 40/68)
[download]  59.5% of ~ 231.52MiB at   14.03MiB/s ETA 00:09 (frag 40/68)
[download]  59.5% of ~ 231.57MiB at   14.03MiB/s ETA 00:09 (frag 40/68)
[download]  58.9% of ~ 234.11MiB at   14.03MiB/s ETA 00:09 (frag 40/68)
[download]  58.9% of ~ 234.31MiB at   14.18MiB/s ETA 00:09 (frag 40/68)
[download]  59.5% of ~ 232.30MiB at   14.18MiB/s ETA 00:09 (frag 40/68)
[download]  58.9% of ~ 234.91MiB at   14.18MiB/s ETA 00:09 (frag 40/68)
[download]  58.9% of ~ 235.12MiB at   14.18MiB/s ETA 00:09 (frag 40/68)
[download]  59.4% of ~ 233.29MiB at   14.24MiB/s ETA 00:09 (frag 40/68)
[download]  59.4% of ~ 233.30MiB at   14.24MiB/s ETA 00:09 (frag 40/68)
[download]  59.4% of ~ 233.30MiB at   14.24MiB/s ETA 00:09 (frag 40/68)
[download]  59.4% of ~ 233.31MiB at   14.24MiB/s ETA 00:09 (frag 40/68)
[download]  59.4% of ~ 233.32MiB at   14.24MiB/s ETA 00:09 (frag 40/68)
[download]  59.4% of ~ 233.34MiB at   14.24MiB/s ETA 00:09 (frag 40/68)
[download]  58.9% of ~ 235.49MiB at   14.24MiB/s ETA 00:09 (frag 40/68)
[download]  58.9% of ~ 235.50MiB at   14.24MiB/s ETA 00:09 (frag 40/68)
[download]  58.9% of ~ 235.50MiB at   14.24MiB/s ETA 00:09 (frag 40/68)
[download]  58.9% of ~ 235.51MiB at   14.24MiB/s ETA 00:09 (frag 40/68)
[download]  58.9% of ~ 236.12MiB at   14.24MiB/s ETA 00:09 (frag 40/68)
[download]  59.1% of ~ 236.51MiB at   14.24MiB/s ETA 00:09 (frag 40/68)
[download]  59.1% of ~ 237.32MiB at   14.43MiB/s ETA 00:08 (frag 40/68)
[download]  59.6% of ~ 235.74MiB at   14.43MiB/s ETA 00:08 (frag 40/68)
[download]  59.4% of ~ 236.32MiB at   14.43MiB/s ETA 00:08 (frag 40/68)
[download]  59.2% of ~ 239.16MiB at   14.43MiB/s ETA 00:08 (frag 40/68)
[download]  58.9% of ~ 240.18MiB at   14.76MiB/s ETA 00:08 (frag 40/68)
[download]  58.9% of ~ 240.21MiB at   14.76MiB/s ETA 00:08 (frag 40/68)
[download]  58.9% of ~ 240.26MiB at   14.76MiB/s ETA 00:08 (frag 40/68)
[download]  59.5% of ~ 238.27MiB at   14.55MiB/s ETA 00:08 (frag 40/68)
[download]  59.2% of ~ 241.17MiB at   14.30MiB/s ETA 00:08 (frag 40/68)
[download]  59.7% of ~ 239.96MiB at   14.30MiB/s ETA 00:08 (frag 40/68)
[download]  59.0% of ~ 243.06MiB at   14.05MiB/s ETA 00:08 (frag 40/68)
[download]  59.3% of ~ 243.43MiB at   13.84MiB/s ETA 00:08 (frag 40/68)
[download]  59.5% of ~ 243.29MiB at   13.84MiB/s ETA 00:08 (frag 40/68)
[download]  59.3% of ~ 245.57MiB at   13.75MiB/s ETA 00:08 (frag 40/68)
[download]  59.0% of ~ 247.09MiB at   13.75MiB/s ETA 00:08 (frag 40/68)
[download]  59.6% of ~ 245.41MiB at   13.41MiB/s ETA 00:08 (frag 40/68)
[download]  59.5% of ~ 248.56MiB at   13.41MiB/s ETA 00:08 (frag 40/68)
[download]  58.8% of ~ 251.40MiB at   13.41MiB/s ETA 00:08 (frag 41/68)
[download]  60.6% of ~ 244.80MiB at   13.34MiB/s ETA 00:07 (frag 41/68)
[download]  61.0% of ~ 245.74MiB at   13.08MiB/s ETA 00:07 (frag 41/68)
[download]  60.8% of ~ 247.90MiB at   13.08MiB/s ETA 00:07 (frag 41/68)
[download]  61.4% of ~ 247.31MiB at   13.08MiB/s ETA 00:07 (frag 41/68)
[download]  60.4% of ~ 251.23MiB at   13.08MiB/s ETA 00:07 (frag 42/68)
[download]  62.4% of ~ 243.09MiB at   13.08MiB/s ETA 00:07 (frag 43/68)
[download]  64.0% of ~ 237.72MiB at   13.08MiB/s ETA 00:07 (frag 43/68)
[download]  63.8% of ~ 238.86MiB at   13.08MiB/s ETA 00:07 (frag 43/68)
[download]  63.2% of ~ 241.38MiB at   13.08MiB/s ETA 00:07 (frag 43/68)
[download]  63.2% of ~ 241.38MiB at   13.09MiB/s ETA 00:07 (frag 43/68)
[download]  63.2% of ~ 241.38MiB at   13.09MiB/s ETA 00:07 (frag 43/68)
[download]  63.2% of ~ 241.39MiB at   13.09MiB/s ETA 00:07 (frag 43/68)
[download]  63.2% of ~ 241.40MiB at   13.09MiB/s ETA 00:07 (frag 43/68)
[download]  63.2% of ~ 241.43MiB at   13.09MiB/s ETA 00:07 (frag 43/68)
[download]  63.2% of ~ 241.48MiB at   12.92MiB/s ETA 00:07 (frag 43/68)
[download]  63.9% of ~ 241.52MiB at   12.92MiB/s ETA 00:07 (frag 43/68)
[download]  63.2% of ~ 244.14MiB at   12.92MiB/s ETA 00:07 (frag 44/68)
[download]  65.3% of ~ 238.32MiB at   13.04MiB/s ETA 00:07 (frag 44/68)
[download]  64.7% of ~ 240.48MiB at   13.04MiB/s ETA 00:07 (frag 45/68)
[download]  66.1% of ~ 235.69MiB at   12.95MiB/s ETA 00:07 (frag 45/68)
[download]  66.8% of ~ 235.29MiB at   12.95MiB/s ETA 00:07 (frag 45/68)
[download]  66.2% of ~ 237.27MiB at   12.95MiB/s ETA 00:07 (frag 46/68)
[download]  67.7% of ~ 232.09MiB at   12.92MiB/s ETA 00:07 (frag 46/68)
[download]  67.7% of ~ 232.09MiB at   12.92MiB/s ETA 00:07 (frag 46/68)
[download]  67.7% of ~ 232.09MiB at   12.92MiB/s ETA 00:07 (frag 46/68)
[download]  67.7% of ~ 232.10MiB at   12.92MiB/s ETA 00:07 (frag 46/68)
[download]  67.7% of ~ 232.11MiB at   12.92MiB/s ETA 00:07 (frag 46/68)
[download]  67.7% of ~ 232.13MiB at   12.92MiB/s ETA 00:07 (frag 46/68)
[download]  67.7% of ~ 232.18MiB at   12.92MiB/s ETA 00:07 (frag 46/68)
[download]  67.6% of ~ 232.97MiB at   12.92MiB/s ETA 00:07 (frag 46/68)
[download]  67.8% of ~ 232.63MiB at   12.92MiB/s ETA 00:07 (frag 46/68)
[download]  67.9% of ~ 232.25MiB at   12.92MiB/s ETA 00:07 (frag 46/68)
[download]  67.9% of ~ 232.25MiB at   12.92MiB/s ETA 00:07 (frag 46/68)
[download]  67.9% of ~ 232.25MiB at   12.92MiB/s ETA 00:07 (frag 46/68)
[download]  67.9% of ~ 232.26MiB at   12.92MiB/s ETA 00:07 (frag 46/68)
[download]  67.9% of ~ 232.27MiB at   12.92MiB/s ETA 00:07 (frag 46/68)
[download]  67.9% of ~ 232.29MiB at   12.92MiB/s ETA 00:07 (frag 46/68)
[download]  67.9% of ~ 232.34MiB at   12.92MiB/s ETA 00:07 (frag 46/68)
[download]  67.9% of ~ 232.43MiB at   12.88MiB/s ETA 00:07 (frag 46/68)
[download]  67.8% of ~ 233.17MiB at   12.88MiB/s ETA 00:07 (frag 46/68)
[download]  67.4% of ~ 234.51MiB at   12.88MiB/s ETA 00:07 (frag 46/68)
[download]  67.4% of ~ 234.51MiB at   12.88MiB/s ETA 00:07 (frag 46/68)
[download]  67.4% of ~ 234.51MiB at   12.88MiB/s ETA 00:07 (frag 46/68)
[download]  67.5% of ~ 234.52MiB at   12.88MiB/s ETA 00:07 (frag 46/68)
[download]  67.5% of ~ 234.53MiB at   12.76MiB/s ETA 00:07 (frag 46/68)
[download]  67.5% of ~ 234.55MiB at   12.76MiB/s ETA 00:07 (frag 46/68)
[download]  67.7% of ~ 234.32MiB at   12.76MiB/s ETA 00:07 (frag 46/68)
[download]  67.5% of ~ 235.32MiB at   12.76MiB/s ETA 00:07 (frag 46/68)
[download]  67.3% of ~ 236.07MiB at   12.76MiB/s ETA 00:07 (frag 46/68)
[download]  67.3% of ~ 236.07MiB at   12.76MiB/s ETA 00:07 (frag 46/68)
[download]  67.3% of ~ 236.08MiB at   12.76MiB/s ETA 00:07 (frag 46/68)
[download]  67.3% of ~ 236.08MiB at   12.76MiB/s ETA 00:07 (frag 46/68)
[download]  67.3% of ~ 236.09MiB at   12.76MiB/s ETA 00:07 (frag 46/68)
[download]  67.3% of ~ 236.12MiB at   12.76MiB/s ETA 00:07 (frag 46/68)
[download]  67.3% of ~ 236.16MiB at   12.76MiB/s ETA 00:07 (frag 46/68)
[download]  67.3% of ~ 236.25MiB at   12.76MiB/s ETA 00:07 (frag 46/68)
[download]  67.4% of ~ 235.98MiB at   12.76MiB/s ETA 00:07 (frag 46/68)
[download]  67.4% of ~ 235.98MiB at   12.76MiB/s ETA 00:07 (frag 46/68)
[download]  67.4% of ~ 235.98MiB at   12.76MiB/s ETA 00:07 (frag 46/68)
[download]  67.4% of ~ 235.99MiB at   12.76MiB/s ETA 00:07 (frag 46/68)
[download]  67.4% of ~ 236.00MiB at   12.76MiB/s ETA 00:07 (frag 46/68)
[download]  67.4% of ~ 236.02MiB at   12.74MiB/s ETA 00:06 (frag 46/68)
[download]  68.6% of ~ 233.18MiB at   12.74MiB/s ETA 00:06 (frag 46/68)
[download]  68.0% of ~ 236.21MiB at   12.76MiB/s ETA 00:06 (frag 46/68)
[download]  68.0% of ~ 236.38MiB at   12.76MiB/s ETA 00:06 (frag 46/68)
[download]  67.4% of ~ 238.94MiB at   12.76MiB/s ETA 00:06 (frag 46/68)
[download]  67.5% of ~ 238.64MiB at   12.76MiB/s ETA 00:06 (frag 46/68)
[download]  67.4% of ~ 239.02MiB at   12.76MiB/s ETA 00:06 (frag 46/68)
[download]  68.3% of ~ 236.23MiB at   12.76MiB/s ETA 00:06 (frag 46/68)
[download]  68.2% of ~ 236.51MiB at   12.76MiB/s ETA 00:06 (frag 47/68)
[download]  69.8% of ~ 231.97MiB at   12.76MiB/s ETA 00:06 (frag 47/68)
[download]  69.0% of ~ 234.82MiB at   12.91MiB/s ETA 00:06 (frag 47/68)
[download]  68.9% of ~ 235.83MiB at   12.91MiB/s ETA 00:06 (frag 47/68)
[download]  69.6% of ~ 234.38MiB at   12.91MiB/s ETA 00:06 (frag 47/68)
[download]  68.9% of ~ 236.80MiB at   12.91MiB/s ETA 00:06 (frag 47/68)
[download]  69.4% of ~ 236.50MiB at   13.14MiB/s ETA 00:06 (frag 47/68)
[download]  69.6% of ~ 237.23MiB at   13.14MiB/s ETA 00:06 (frag 47/68)
[download]  69.0% of ~ 239.81MiB at   13.15MiB/s ETA 00:06 (frag 47/68)
[download]  69.2% of ~ 240.61MiB at   12.93MiB/s ETA 00:06 (frag 47/68)
[download]  69.2% of ~ 241.37MiB at   12.93MiB/s ETA 00:06 (frag 47/68)
[download]  69.1% of ~ 242.28MiB at   12.70MiB/s ETA 00:06 (frag 47/68)
[download]  69.8% of ~ 241.29MiB at   12.70MiB/s ETA 00:06 (frag 47/68)
[download]  69.8% of ~ 243.25MiB at   12.70MiB/s ETA 00:06 (frag 47/68)
[download]  69.3% of ~ 245.02MiB at   12.70MiB/s ETA 00:06 (frag 48/68)
[download]  70.8% of ~ 240.95MiB at   12.70MiB/s ETA 00:06 (frag 48/68)
[download]  71.1% of ~ 242.98MiB at   12.75MiB/s ETA 00:06 (frag 48/68)
[download]  70.8% of ~ 245.31MiB at   12.90MiB/s ETA 00:06 (frag 48/68)
[download]  71.2% of ~ 245.03MiB at   12.90MiB/s ETA 00:06 (frag 48/68)
[download]  70.9% of ~ 246.22MiB at   12.90MiB/s ETA 00:06 (frag 49/68)
[download]  72.7% of ~ 242.48MiB at   13.03MiB/s ETA 00:06 (frag 49/68)
[download]  72.0% of ~ 244.83MiB at   13.03MiB/s ETA 00:06 (frag 50/68)
[download]  74.3% of ~ 238.18MiB at   13.03MiB/s ETA 00:06 (frag 50/68)
[download]  73.6% of ~ 240.38MiB at   13.06MiB/s ETA 00:05 (frag 50/68)
[download]  73.6% of ~ 240.38MiB at   13.06MiB/s ETA 00:05 (frag 50/68)
[download]  73.6% of ~ 240.38MiB at   13.06MiB/s ETA 00:05 (frag 50/68)
[download]  73.6% of ~ 240.39MiB at   13.06MiB/s ETA 00:05 (frag 50/68)
[download]  73.6% of ~ 240.40MiB at   13.06MiB/s ETA 00:05 (frag 50/68)
[download]  73.3% of ~ 241.21MiB at   13.06MiB/s ETA 00:05 (frag 50/68)
[download]  73.3% of ~ 241.21MiB at   13.06MiB/s ETA 00:05 (frag 50/68)
[download]  73.4% of ~ 241.22MiB at   13.06MiB/s ETA 00:05 (frag 50/68)
[download]  73.4% of ~ 241.22MiB at   13.06MiB/s ETA 00:05 (frag 50/68)
[download]  73.4% of ~ 241.23MiB at   13.06MiB/s ETA 00:05 (frag 50/68)
[download]  73.4% of ~ 240.96MiB at   13.06MiB/s ETA 00:05 (frag 50/68)
[download]  73.4% of ~ 240.96MiB at   13.06MiB/s ETA 00:05 (frag 50/68)
[download]  73.4% of ~ 240.96MiB at   13.06MiB/s ETA 00:05 (frag 50/68)
[download]  73.4% of ~ 240.97MiB at   13.06MiB/s ETA 00:05 (frag 50/68)
[download]  73.4% of ~ 240.98MiB at   13.06MiB/s ETA 00:05 (frag 50/68)
[download]  73.4% of ~ 241.29MiB at   13.06MiB/s ETA 00:05 (frag 50/68)
[download]  73.5% of ~ 241.04MiB at   13.05MiB/s ETA 00:05 (frag 50/68)
[download]  73.4% of ~ 241.38MiB at   13.05MiB/s ETA 00:05 (frag 50/68)
[download]  73.5% of ~ 240.85MiB at   13.05MiB/s ETA 00:05 (frag 50/68)
[download]  73.5% of ~ 240.85MiB at   13.05MiB/s ETA 00:05 (frag 50/68)
[download]  73.5% of ~ 240.86MiB at   13.05MiB/s ETA 00:05 (frag 50/68)
[download]  73.5% of ~ 240.86MiB at   13.05MiB/s ETA 00:05 (frag 50/68)
[download]  73.5% of ~ 240.87MiB at   13.05MiB/s ETA 00:05 (frag 50/68)
[download]  73.5% of ~ 241.21MiB at   13.05MiB/s ETA 00:05 (frag 50/68)
[download]  73.6% of ~ 240.79MiB at   13.05MiB/s ETA 00:05 (frag 50/68)
[download]  73.6% of ~ 240.83MiB at   13.05MiB/s ETA 00:05 (frag 50/68)
[download]  73.4% of ~ 241.71MiB at   13.05MiB/s ETA 00:05 (frag 50/68)
[download]  74.2% of ~ 241.79MiB at   13.05MiB/s ETA 00:05 (frag 50/68)
[download]  73.6% of ~ 243.82MiB at   13.05MiB/s ETA 00:05 (frag 50/68)
[download]  73.4% of ~ 244.38MiB at   13.05MiB/s ETA 00:05 (frag 51/68)
[download]  75.0% of ~ 239.18MiB at   13.15MiB/s ETA 00:05 (frag 51/68)
[download]  75.6% of ~ 237.71MiB at   13.15MiB/s ETA 00:05 (frag 51/68)
[download]  75.5% of ~ 238.12MiB at   13.15MiB/s ETA 00:05 (frag 52/68)
[download]  76.6% of ~ 234.97MiB at   13.15MiB/s ETA 00:05 (frag 52/68)
[download]  76.4% of ~ 235.61MiB at   13.15MiB/s ETA 00:05 (frag 52/68)
[download]  76.6% of ~ 235.29MiB at   13.15MiB/s ETA 00:05 (frag 52/68)
[download]  76.4% of ~ 236.37MiB at   13.15MiB/s ETA 00:05 (frag 52/68)
[download]  77.1% of ~ 236.79MiB at   13.15MiB/s ETA 00:05 (frag 52/68)
[download]  76.3% of ~ 239.35MiB at   13.15MiB/s ETA 00:05 (frag 52/68)
[download]  76.2% of ~ 239.43MiB at   13.15MiB/s ETA 00:05 (frag 53/68)
[download]  77.9% of ~ 234.90MiB at   13.39MiB/s ETA 00:05 (frag 53/68)
[download]  77.9% of ~ 235.25MiB at   13.39MiB/s ETA 00:05 (frag 53/68)
[download]  78.0% of ~ 235.27MiB at   13.61MiB/s ETA 00:05 (frag 53/68)
[download]  78.0% of ~ 235.43MiB at   13.61MiB/s ETA 00:05 (frag 53/68)
[download]  78.2% of ~ 234.92MiB at   13.61MiB/s ETA 00:05 (frag 53/68)
[download]  78.2% of ~ 234.92MiB at   13.61MiB/s ETA 00:05 (frag 53/68)
[download]  78.2% of ~ 234.92MiB at   13.61MiB/s ETA 00:05 (frag 53/68)
[download]  78.2% of ~ 234.92MiB at   13.61MiB/s ETA 00:05 (frag 53/68)
[download]  78.2% of ~ 234.93MiB at   13.61MiB/s ETA 00:05 (frag 53/68)
[download]  78.2% of ~ 234.95MiB at   13.61MiB/s ETA 00:05 (frag 53/68)
[download]  78.1% of ~ 236.40MiB at   13.91MiB/s ETA 00:05 (frag 53/68)
[download]  78.0% of ~ 236.88MiB at   13.91MiB/s ETA 00:05 (frag 53/68)
[download]  78.0% of ~ 236.89MiB at   13.91MiB/s ETA 00:05 (frag 53/68)
[download]  78.0% of ~ 236.89MiB at   13.91MiB/s ETA 00:05 (frag 53/68)
[download]  78.0% of ~ 236.89MiB at   13.91MiB/s ETA 00:05 (frag 53/68)
[download]  78.0% of ~ 236.90MiB at   13.91MiB/s ETA 00:05 (frag 53/68)
[download]  78.0% of ~ 236.92MiB at   13.91MiB/s ETA 00:05 (frag 53/68)
[download]  78.0% of ~ 236.96MiB at   13.91MiB/s ETA 00:05 (frag 53/68)
[download]  78.0% of ~ 237.53MiB at   13.91MiB/s ETA 00:05 (frag 53/68)
[download]  78.2% of ~ 237.04MiB at   13.91MiB/s ETA 00:05 (frag 53/68)
[download]  77.7% of ~ 239.01MiB at   14.14MiB/s ETA 00:04 (frag 53/68)
[download]  77.6% of ~ 239.49MiB at   14.14MiB/s ETA 00:04 (frag 54/68)
[download]  79.5% of ~ 233.89MiB at   14.14MiB/s ETA 00:04 (frag 54/68)
[download]  79.8% of ~ 232.88MiB at   14.14MiB/s ETA 00:04 (frag 54/68)
[download]  79.6% of ~ 234.24MiB at   14.14MiB/s ETA 00:04 (frag 54/68)
[download]  79.8% of ~ 233.50MiB at   14.14MiB/s ETA 00:04 (frag 54/68)
[download]  79.8% of ~ 233.50MiB at   14.14MiB/s ETA 00:04 (frag 54/68)
[download]  79.8% of ~ 233.51MiB at   14.14MiB/s ETA 00:04 (frag 54/68)
[download]  79.8% of ~ 233.52MiB at   14.14MiB/s ETA 00:04 (frag 54/68)
[download]  79.9% of ~ 233.54MiB at   14.14MiB/s ETA 00:04 (frag 54/68)
[download]  79.9% of ~ 233.58MiB at   14.14MiB/s ETA 00:04 (frag 54/68)
[download]  79.7% of ~ 234.20MiB at   14.30MiB/s ETA 00:04 (frag 54/68)
[download]  79.7% of ~ 235.00MiB at   14.30MiB/s ETA 00:04 (frag 54/68)
[download]  79.6% of ~ 235.59MiB at   14.46MiB/s ETA 00:04 (frag 54/68)
[download]  79.9% of ~ 235.92MiB at   14.46MiB/s ETA 00:04 (frag 54/68)
[download]  80.6% of ~ 233.76MiB at   14.56MiB/s ETA 00:04 (frag 54/68)
[download]  80.6% of ~ 233.76MiB at   14.56MiB/s ETA 00:04 (frag 54/68)
[download]  80.6% of ~ 233.76MiB at   14.56MiB/s ETA 00:04 (frag 54/68)
[download]  80.6% of ~ 233.76MiB at   14.56MiB/s ETA 00:04 (frag 54/68)
[download]  80.6% of ~ 233.77MiB at   14.56MiB/s ETA 00:04 (frag 54/68)
[download]  80.6% of ~ 233.79MiB at   14.56MiB/s ETA 00:04 (frag 54/68)
[download]  80.6% of ~ 233.83MiB at   14.56MiB/s ETA 00:04 (frag 54/68)
[download]  79.7% of ~ 237.77MiB at   14.56MiB/s ETA 00:04 (frag 54/68)
[download]  79.8% of ~ 237.91MiB at   14.56MiB/s ETA 00:04 (frag 54/68)
[download]  80.0% of ~ 239.59MiB at   14.56MiB/s ETA 00:04 (frag 54/68)
[download]  79.2% of ~ 242.05MiB at   14.56MiB/s ETA 00:04 (frag 55/68)
[download]  81.1% of ~ 236.98MiB at   14.56MiB/s ETA 00:04 (frag 55/68)
[download]  82.1% of ~ 234.27MiB at   14.56MiB/s ETA 00:04 (frag 55/68)
[download]  81.4% of ~ 236.59MiB at   14.56MiB/s ETA 00:04 (frag 55/68)
[download]  81.4% of ~ 236.75MiB at   14.56MiB/s ETA 00:04 (frag 55/68)
[download]  81.3% of ~ 238.38MiB at   15.00MiB/s ETA 00:04 (frag 55/68)
[download]  81.5% of ~ 239.43MiB at   15.00MiB/s ETA 00:04 (frag 55/68)
[download]  80.9% of ~ 241.12MiB at   15.00MiB/s ETA 00:04 (frag 56/68)
[download]  83.7% of ~ 233.61MiB at   15.00MiB/s ETA 00:04 (frag 56/68)
[download]  83.6% of ~ 233.90MiB at   15.00MiB/s ETA 00:04 (frag 56/68)
[download]  83.6% of ~ 234.07MiB at   15.32MiB/s ETA 00:04 (frag 57/68)
[download]  84.5% of ~ 232.13MiB at   15.32MiB/s ETA 00:04 (frag 57/68)
[download]  84.3% of ~ 233.82MiB at   15.60MiB/s ETA 00:03 (frag 57/68)
[download]  84.3% of ~ 234.41MiB at   15.60MiB/s ETA 00:03 (frag 57/68)
[download]  85.1% of ~ 232.27MiB at   15.88MiB/s ETA 00:03 (frag 57/68)
[download]  85.1% of ~ 232.27MiB at   15.88MiB/s ETA 00:03 (frag 57/68)
[download]  85.1% of ~ 232.28MiB at   15.88MiB/s ETA 00:03 (frag 57/68)
[download]  85.1% of ~ 232.28MiB at   15.88MiB/s ETA 00:03 (frag 57/68)
[download]  85.1% of ~ 232.29MiB at   15.88MiB/s ETA 00:03 (frag 57/68)
[download]  85.1% of ~ 232.31MiB at   15.88MiB/s ETA 00:03 (frag 57/68)
[download]  85.1% of ~ 232.34MiB at   15.88MiB/s ETA 00:03 (frag 57/68)
[download]  84.4% of ~ 236.19MiB at   15.88MiB/s ETA 00:03 (frag 57/68)
[download]  83.7% of ~ 238.25MiB at   15.88MiB/s ETA 00:03 (frag 58/68)
[download]  86.2% of ~ 232.68MiB at   16.26MiB/s ETA 00:03 (frag 58/68)
[download]  85.9% of ~ 234.92MiB at   16.26MiB/s ETA 00:03 (frag 58/68)
[download]  85.3% of ~ 236.50MiB at   16.26MiB/s ETA 00:03 (frag 59/68)
[download]  87.9% of ~ 229.52MiB at   16.26MiB/s ETA 00:03 (frag 59/68)
[download]  87.9% of ~ 229.52MiB at   16.26MiB/s ETA 00:03 (frag 59/68)
[download]  87.9% of ~ 229.52MiB at   16.26MiB/s ETA 00:03 (frag 59/68)
[download]  87.9% of ~ 229.53MiB at   16.26MiB/s ETA 00:03 (frag 59/68)
[download]  87.9% of ~ 229.54MiB at   16.26MiB/s ETA 00:03 (frag 59/68)
[download]  87.9% of ~ 229.55MiB at   16.26MiB/s ETA 00:03 (frag 59/68)
[download]  87.4% of ~ 231.56MiB at   16.45MiB/s ETA 00:03 (frag 59/68)
[download]  87.2% of ~ 232.05MiB at   16.45MiB/s ETA 00:03 (frag 60/68)
[download]  89.4% of ~ 226.30MiB at   16.45MiB/s ETA 00:03 (frag 60/68)
[download]  89.5% of ~ 226.21MiB at   16.45MiB/s ETA 00:03 (frag 60/68)
[download]  89.3% of ~ 226.84MiB at   16.45MiB/s ETA 00:03 (frag 60/68)
[download]  89.3% of ~ 226.84MiB at   16.45MiB/s ETA 00:03 (frag 60/68)
[download]  89.3% of ~ 226.84MiB at   16.45MiB/s ETA 00:03 (frag 60/68)
[download]  89.3% of ~ 226.85MiB at   16.45MiB/s ETA 00:03 (frag 60/68)
[download]  89.3% of ~ 226.86MiB at   16.45MiB/s ETA 00:03 (frag 60/68)
[download]  89.3% of ~ 226.87MiB at   16.45MiB/s ETA 00:03 (frag 60/68)
[download]  89.3% of ~ 226.91MiB at   16.45MiB/s ETA 00:03 (frag 60/68)
[download]  89.3% of ~ 226.98MiB at   16.45MiB/s ETA 00:03 (frag 60/68)
[download]  89.6% of ~ 226.63MiB at   16.66MiB/s ETA 00:03 (frag 60/68)
[download]  89.5% of ~ 226.91MiB at   16.66MiB/s ETA 00:03 (frag 60/68)
[download]  89.5% of ~ 226.96MiB at   16.66MiB/s ETA 00:03 (frag 61/68)
[download]  90.3% of ~ 226.57MiB at   16.66MiB/s ETA 00:03 (frag 61/68)
[download]  89.6% of ~ 228.25MiB at   16.66MiB/s ETA 00:03 (frag 62/68)
[download]  92.4% of ~ 221.56MiB at   16.64MiB/s ETA 00:02 (frag 62/68)
[download]  92.3% of ~ 222.02MiB at   16.64MiB/s ETA 00:02 (frag 62/68)
[download]  92.1% of ~ 222.50MiB at   16.61MiB/s ETA 00:02 (frag 62/68)
[download]  92.1% of ~ 222.51MiB at   16.61MiB/s ETA 00:02 (frag 62/68)
[download]  92.1% of ~ 222.51MiB at   16.61MiB/s ETA 00:02 (frag 62/68)
[download]  92.1% of ~ 222.51MiB at   16.61MiB/s ETA 00:02 (frag 62/68)
[download]  92.1% of ~ 222.52MiB at   16.61MiB/s ETA 00:02 (frag 62/68)
[download]  92.1% of ~ 222.54MiB at   16.61MiB/s ETA 00:02 (frag 62/68)
[download]  92.1% of ~ 222.57MiB at   16.61MiB/s ETA 00:02 (frag 62/68)
[download]  92.4% of ~ 222.10MiB at   16.61MiB/s ETA 00:02 (frag 62/68)
[download]  92.1% of ~ 222.94MiB at   16.61MiB/s ETA 00:02 (frag 62/68)
[download]  92.1% of ~ 222.94MiB at   16.61MiB/s ETA 00:02 (frag 62/68)
[download]  92.1% of ~ 222.95MiB at   16.61MiB/s ETA 00:02 (frag 62/68)
[download]  92.1% of ~ 222.95MiB at   16.61MiB/s ETA 00:02 (frag 62/68)
[download]  92.1% of ~ 222.96MiB at   16.61MiB/s ETA 00:02 (frag 62/68)
[download]  92.1% of ~ 222.98MiB at   16.61MiB/s ETA 00:02 (frag 62/68)
[download]  92.6% of ~ 221.89MiB at   16.55MiB/s ETA 00:02 (frag 62/68)
[download]  92.6% of ~ 221.89MiB at   16.55MiB/s ETA 00:02 (frag 62/68)
[download]  92.6% of ~ 221.89MiB at   16.55MiB/s ETA 00:02 (frag 62/68)
[download]  92.6% of ~ 221.90MiB at   16.55MiB/s ETA 00:02 (frag 62/68)
[download]  92.6% of ~ 221.91MiB at   16.55MiB/s ETA 00:02 (frag 62/68)
[download]  92.6% of ~ 221.92MiB at   16.55MiB/s ETA 00:02 (frag 62/68)
[download]  92.6% of ~ 221.96MiB at   16.55MiB/s ETA 00:02 (frag 62/68)
[download]  92.2% of ~ 223.11MiB at   16.44MiB/s ETA 00:02 (frag 62/68)
[download]  92.1% of ~ 223.28MiB at   16.44MiB/s ETA 00:02 (frag 62/68)
[download]  92.4% of ~ 223.09MiB at   16.44MiB/s ETA 00:02 (frag 62/68)
[download]  92.2% of ~ 223.62MiB at   16.44MiB/s ETA 00:02 (frag 63/68)
[download]  93.3% of ~ 222.12MiB at   16.44MiB/s ETA 00:02 (frag 63/68)
[download]  93.7% of ~ 221.40MiB at   16.54MiB/s ETA 00:02 (frag 63/68)
[download]  93.6% of ~ 221.70MiB at   16.54MiB/s ETA 00:02 (frag 63/68)
[download]  94.1% of ~ 220.73MiB at   16.54MiB/s ETA 00:02 (frag 63/68)
[download]  94.0% of ~ 220.79MiB at   16.54MiB/s ETA 00:02 (frag 64/68)
[download]  95.4% of ~ 217.93MiB at   16.54MiB/s ETA 00:02 (frag 64/68)
[download]  95.3% of ~ 218.13MiB at   16.54MiB/s ETA 00:02 (frag 65/68)
[download]  96.6% of ~ 215.37MiB at   16.59MiB/s ETA 00:02 (frag 65/68)
[download]  96.7% of ~ 215.59MiB at   16.56MiB/s ETA 00:01 (frag 65/68)
[download]  96.6% of ~ 216.11MiB at   16.56MiB/s ETA 00:01 (frag 65/68)
[download]  96.5% of ~ 216.30MiB at   16.56MiB/s ETA 00:01 (frag 66/68)
[download]  98.2% of ~ 213.11MiB at   16.49MiB/s ETA 00:01 (frag 66/68)
[download]  98.1% of ~ 213.61MiB at   16.49MiB/s ETA 00:01 (frag 66/68)
[download]  98.0% of ~ 213.84MiB at   16.49MiB/s ETA 00:01 (frag 67/68)
[download]  99.1% of ~ 212.34MiB at   15.95MiB/s ETA 00:01 (frag 67/68)
[download]  98.7% of ~ 213.21MiB at   15.95MiB/s ETA 00:01 (frag 68/68)
[download] 100% of  210.34MiB in 00:00:19 at 10.80MiB/s
[FixupM3u8] Fixing MPEG-TS in MP4 container of "D:\ĎÂÔŘ\SmartVideoDownloader\downloads\Born_For_Porn_-_Blue_Eyed_Girl_Loves_To_Please-oufbuuc3970.mp4"
[Metadata] Adding metadata to "D:\ĎÂÔŘ\SmartVideoDownloader\downloads\Born_For_Porn_-_Blue_Eyed_Girl_Loves_To_Please-oufbuuc3970.mp4"
