[XVideos] Extracting URL: https://www.xvideos.com/video.oocbhom4a27/_1_macy_chan_av_av_hong_kong_av
[XVideos] oocbhom4a27: Downloading webpage
[XVideos] oocbhom4a27: Downloading m3u8 information
[XVideos] oocbhom4a27: Checking hls-480p video format URL
[XVideos] oocbhom4a27: Checking hls-1080p video format URL
[XVideos] oocbhom4a27: Checking hls-360p video format URL
[info] oocbhom4a27: Downloading 1 format(s): hls-1080p
[info] Downloading video thumbnail 1 ...
[info] Writing video thumbnail 1 to: D:\ÏÂÔØ\Erotic_Massage_Unboxing_-_1-Hour_Real-World_Test_Princess_Service_Introduction_M-oocbhom4a27.avif
[hlsnative] Downloading m3u8 manifest
[hlsnative] Total fragments: 23
[download] Destination: D:\ÏÂÔØ\Erotic_Massage_Unboxing_-_1-Hour_Real-World_Test_Princess_Service_Introduction_M-oocbhom4a27.mp4
[download]   0.0% of ~  77.06MiB at    819.20B/s ETA Unknown (frag 0/23)
[download]   0.0% of ~  77.08MiB at    819.20B/s ETA Unknown (frag 0/23)
[download]   0.0% of ~  77.12MiB at    819.20B/s ETA Unknown (frag 0/23)
[download]   0.0% of ~  77.21MiB at    819.20B/s ETA Unknown (frag 0/23)
[download]   0.0% of ~  77.39MiB at   21.09KiB/s ETA Unknown (frag 0/23)
[download]   0.1% of ~  77.75MiB at   47.46KiB/s ETA Unknown (frag 0/23)
[download]   0.2% of ~  78.47MiB at   88.68KiB/s ETA Unknown (frag 0/23)
[download]   0.3% of ~  79.91MiB at  154.47KiB/s ETA Unknown (frag 0/23)
[download]   0.6% of ~  82.78MiB at  266.50KiB/s ETA Unknown (frag 0/23)
[download]   0.6% of ~  88.97MiB at  327.08KiB/s ETA 03:13 (frag 0/23)
[download]   0.6% of ~  88.99MiB at  327.08KiB/s ETA 03:13 (frag 0/23)
[download]   0.6% of ~  89.04MiB at  327.08KiB/s ETA 03:13 (frag 0/23)
[download]   0.6% of ~  84.13MiB at  327.08KiB/s ETA 03:13 (frag 0/23)
[download]   0.6% of ~  89.15MiB at  327.08KiB/s ETA 03:13 (frag 0/23)
[download]   0.6% of ~  84.33MiB at  327.08KiB/s ETA 03:13 (frag 0/23)
[download]   0.6% of ~  84.37MiB at  327.08KiB/s ETA 03:13 (frag 0/23)
[download]   0.6% of ~  94.36MiB at  327.08KiB/s ETA 03:13 (frag 0/23)
[download]   0.6% of ~  84.48MiB at  327.08KiB/s ETA 03:13 (frag 0/23)
[download]   0.6% of ~  94.57MiB at  327.08KiB/s ETA 03:13 (frag 0/23)
[download]   0.6% of ~  94.61MiB at  327.08KiB/s ETA 03:13 (frag 0/23)
[download]   0.6% of ~  94.70MiB at  327.08KiB/s ETA 03:13 (frag 0/23)
[download]   1.2% of ~  89.54MiB at  327.08KiB/s ETA 03:13 (frag 0/23)
[download]   0.9% of ~ 110.49MiB at  327.08KiB/s ETA 03:13 (frag 0/23)
[download]   0.9% of ~ 110.51MiB at  327.08KiB/s ETA 03:13 (frag 0/23)
[download]   0.9% of ~ 110.55MiB at  327.08KiB/s ETA 03:13 (frag 0/23)
[download]   1.0% of ~ 110.64MiB at  327.08KiB/s ETA 03:13 (frag 0/23)
[download]   1.1% of ~  99.94MiB at  327.08KiB/s ETA 03:13 (frag 0/23)
[download]   1.1% of ~  99.96MiB at  327.08KiB/s ETA 03:13 (frag 0/23)
[download]   1.1% of ~ 100.00MiB at  327.08KiB/s ETA 03:13 (frag 0/23)
[download]   1.1% of ~ 100.09MiB at  327.08KiB/s ETA 03:13 (frag 0/23)
[download]   1.3% of ~  83.78MiB at  327.08KiB/s ETA 03:13 (frag 0/23)
[download]   1.3% of ~  83.81MiB at  327.08KiB/s ETA 03:13 (frag 0/23)
[download]   1.3% of ~  83.85MiB at  327.08KiB/s ETA 03:13 (frag 0/23)
[download]   1.3% of ~  83.94MiB at  327.08KiB/s ETA 03:13 (frag 0/23)
[download]   1.0% of ~ 104.55MiB at  518.05KiB/s ETA 03:05 (frag 0/23)
[download]   1.0% of ~ 104.57MiB at  518.05KiB/s ETA 03:05 (frag 0/23)
[download]   1.0% of ~ 104.62MiB at  518.05KiB/s ETA 03:05 (frag 0/23)
[download]   1.1% of ~ 104.71MiB at  518.05KiB/s ETA 03:05 (frag 0/23)
[download]   1.1% of ~  97.83MiB at  518.05KiB/s ETA 03:05 (frag 0/23)
[download]   1.0% of ~ 108.09MiB at  518.05KiB/s ETA 03:05 (frag 0/23)
[download]   1.1% of ~ 103.55MiB at  518.05KiB/s ETA 03:05 (frag 0/23)
[download]   1.0% of ~ 112.91MiB at  518.05KiB/s ETA 03:05 (frag 0/23)
[download]   1.2% of ~ 102.39MiB at  656.32KiB/s ETA 02:57 (frag 0/23)
[download]   1.4% of ~  86.25MiB at  656.32KiB/s ETA 02:57 (frag 0/23)
[download]   2.1% of ~ 104.55MiB at  656.32KiB/s ETA 02:57 (frag 0/23)
[download]   1.7% of ~ 130.04MiB at  656.32KiB/s ETA 02:57 (frag 0/23)
[download]   1.7% of ~ 133.24MiB at  990.90KiB/s ETA 02:46 (frag 0/23)
[download]   1.8% of ~ 129.06MiB at  990.90KiB/s ETA 02:46 (frag 0/23)
[download]   1.8% of ~ 124.78MiB at  990.90KiB/s ETA 02:46 (frag 0/23)
[download]   1.7% of ~ 139.51MiB at  990.90KiB/s ETA 02:46 (frag 0/23)
[download]   2.8% of ~ 130.78MiB at    1.46MiB/s ETA 02:35 (frag 0/23)
[download]   2.3% of ~ 161.86MiB at    1.46MiB/s ETA 02:35 (frag 1/23)
[download]   5.2% of ~  71.96MiB at    1.46MiB/s ETA 02:35 (frag 1/23)
[download]   4.7% of ~  80.57MiB at    1.46MiB/s ETA 02:35 (frag 1/23)
[download]   4.6% of ~  82.90MiB at    1.46MiB/s ETA 02:35 (frag 1/23)
[download]   4.8% of ~  79.73MiB at    1.46MiB/s ETA 02:35 (frag 1/23)
[download]   4.7% of ~  82.95MiB at    1.46MiB/s ETA 02:35 (frag 1/23)
[download]   4.5% of ~  88.17MiB at    1.46MiB/s ETA 02:35 (frag 1/23)
[download]   4.6% of ~  86.83MiB at    1.85MiB/s ETA 02:22 (frag 1/23)
[download]   4.9% of ~  84.16MiB at    1.85MiB/s ETA 02:22 (frag 1/23)
[download]   5.4% of ~  76.63MiB at    1.85MiB/s ETA 02:22 (frag 1/23)
[download]   4.8% of ~  87.57MiB at    1.85MiB/s ETA 02:22 (frag 1/23)
[download]   4.8% of ~  89.71MiB at    2.13MiB/s ETA 02:11 (frag 1/23)
[download]   5.2% of ~  86.19MiB at    2.13MiB/s ETA 02:11 (frag 1/23)
[download]   4.9% of ~  94.64MiB at    2.34MiB/s ETA 02:01 (frag 1/23)
[download]   5.2% of ~  91.57MiB at    2.34MiB/s ETA 02:01 (frag 1/23)
[download]   5.2% of ~  94.04MiB at    2.50MiB/s ETA 01:52 (frag 1/23)
[download]   5.3% of ~  93.50MiB at    2.50MiB/s ETA 01:52 (frag 1/23)
[download]   5.9% of ~  86.70MiB at    2.50MiB/s ETA 01:52 (frag 1/23)
[download]   5.5% of ~  97.32MiB at    2.66MiB/s ETA 01:44 (frag 1/23)
[download]   5.3% of ~ 104.70MiB at    2.66MiB/s ETA 01:44 (frag 1/23)
[download]   5.8% of ~ 100.57MiB at    2.66MiB/s ETA 01:44 (frag 1/23)
[download]   5.6% of ~ 108.39MiB at    2.66MiB/s ETA 01:44 (frag 1/23)
[download]   5.8% of ~ 109.85MiB at    2.66MiB/s ETA 01:44 (frag 1/23)
[download]   6.0% of ~ 110.75MiB at    2.66MiB/s ETA 01:44 (frag 1/23)
[download]   6.5% of ~ 105.38MiB at    2.97MiB/s ETA 01:36 (frag 1/23)
[download]   6.3% of ~ 117.45MiB at    2.97MiB/s ETA 01:36 (frag 1/23)
[download]   6.5% of ~ 120.69MiB at    2.97MiB/s ETA 01:36 (frag 1/23)
[download]   6.3% of ~ 133.45MiB at    2.97MiB/s ETA 01:36 (frag 1/23)
[download]   6.4% of ~ 137.14MiB at    2.97MiB/s ETA 01:36 (frag 1/23)
[download]   6.6% of ~ 141.47MiB at    3.55MiB/s ETA 01:29 (frag 1/23)
[download]   6.8% of ~ 145.25MiB at    3.55MiB/s ETA 01:29 (frag 1/23)
[download]   7.2% of ~ 142.76MiB at    3.55MiB/s ETA 01:29 (frag 1/23)
[download]   7.0% of ~ 162.20MiB at    4.09MiB/s ETA 01:23 (frag 1/23)
[download]   6.6% of ~ 172.31MiB at    4.09MiB/s ETA 01:23 (frag 1/23)
[download]   6.6% of ~ 172.32MiB at    4.09MiB/s ETA 01:23 (frag 1/23)
[download]   6.6% of ~ 172.34MiB at    4.09MiB/s ETA 01:23 (frag 1/23)
[download]   6.6% of ~ 172.39MiB at    4.09MiB/s ETA 01:23 (frag 1/23)
[download]   6.6% of ~ 172.47MiB at    4.09MiB/s ETA 01:23 (frag 1/23)
[download]   7.4% of ~ 167.04MiB at    4.09MiB/s ETA 01:23 (frag 1/23)
[download]   7.3% of ~ 183.49MiB at    4.70MiB/s ETA 01:17 (frag 1/23)
[download]   7.8% of ~ 183.36MiB at    4.70MiB/s ETA 01:17 (frag 1/23)
[download]   7.5% of ~ 204.04MiB at    5.34MiB/s ETA 01:12 (frag 1/23)
[download]   7.6% of ~ 214.60MiB at    5.34MiB/s ETA 01:12 (frag 1/23)
[download]   7.6% of ~ 228.07MiB at    5.34MiB/s ETA 01:12 (frag 1/23)
[download]   7.2% of ~ 241.65MiB at    5.85MiB/s ETA 01:08 (frag 1/23)
[download]   7.2% of ~ 242.01MiB at    5.85MiB/s ETA 01:08 (frag 1/23)
[download]   7.8% of ~ 230.44MiB at    5.85MiB/s ETA 01:08 (frag 1/23)
[download]   7.6% of ~ 237.01MiB at    5.85MiB/s ETA 01:08 (frag 2/23)
[download]  11.8% of ~ 162.46MiB at    6.37MiB/s ETA 01:03 (frag 2/23)
[download]  11.2% of ~ 171.30MiB at    6.37MiB/s ETA 01:03 (frag 3/23)
[download]  15.9% of ~ 131.98MiB at    6.37MiB/s ETA 01:03 (frag 3/23)
[download]  16.0% of ~ 141.08MiB at    6.37MiB/s ETA 01:03 (frag 3/23)
[download]  16.0% of ~ 148.96MiB at    6.37MiB/s ETA 01:03 (frag 3/23)
[download]  15.0% of ~ 159.09MiB at    6.37MiB/s ETA 01:03 (frag 4/23)
[download]  18.9% of ~ 126.45MiB at    6.37MiB/s ETA 01:03 (frag 5/23)
[download]  22.9% of ~ 104.56MiB at    6.37MiB/s ETA 01:03 (frag 6/23)
[download]  26.6% of ~  90.51MiB at    7.21MiB/s ETA 00:58 (frag 6/23)
[download]  26.7% of ~  90.92MiB at    7.21MiB/s ETA 00:58 (frag 6/23)
[download]  28.2% of ~  90.58MiB at    7.21MiB/s ETA 00:58 (frag 6/23)
[download]  27.0% of ~  94.82MiB at    7.21MiB/s ETA 00:58 (frag 7/23)
[download]  31.0% of ~  83.98MiB at    7.21MiB/s ETA 00:58 (frag 7/23)
[download]  32.4% of ~  84.90MiB at    7.21MiB/s ETA 00:58 (frag 7/23)
[download]  30.9% of ~  89.09MiB at    8.12MiB/s ETA 00:52 (frag 8/23)
[download]  35.8% of ~  79.66MiB at    8.78MiB/s ETA 00:48 (frag 8/23)
[download]  33.7% of ~  84.77MiB at    9.17MiB/s ETA 00:43 (frag 8/23)
[download]  33.7% of ~  84.77MiB at    9.17MiB/s ETA 00:43 (frag 8/23)
[download]  33.7% of ~  84.78MiB at    9.17MiB/s ETA 00:43 (frag 8/23)
[download]  33.7% of ~  84.79MiB at    9.17MiB/s ETA 00:43 (frag 8/23)
[download]  33.7% of ~  84.81MiB at    9.17MiB/s ETA 00:43 (frag 8/23)
[download]  33.7% of ~  84.85MiB at    9.17MiB/s ETA 00:43 (frag 8/23)
[download]  33.7% of ~  84.93MiB at    9.17MiB/s ETA 00:43 (frag 8/23)
[download]  34.9% of ~  82.09MiB at    9.17MiB/s ETA 00:43 (frag 8/23)
[download]  34.9% of ~  82.09MiB at    9.17MiB/s ETA 00:43 (frag 8/23)
[download]  34.9% of ~  82.10MiB at    9.17MiB/s ETA 00:43 (frag 8/23)
[download]  34.9% of ~  82.11MiB at    9.17MiB/s ETA 00:43 (frag 8/23)
[download]  34.9% of ~  82.13MiB at    9.17MiB/s ETA 00:43 (frag 8/23)
[download]  34.9% of ~  82.17MiB at    9.17MiB/s ETA 00:43 (frag 8/23)
[download]  35.0% of ~  82.25MiB at    9.17MiB/s ETA 00:43 (frag 8/23)
[download]  35.1% of ~  82.41MiB at    9.17MiB/s ETA 00:43 (frag 8/23)
[download]  34.3% of ~  84.28MiB at    9.17MiB/s ETA 00:43 (frag 8/23)
[download]  34.3% of ~  84.28MiB at    9.17MiB/s ETA 00:43 (frag 8/23)
[download]  34.3% of ~  84.29MiB at    9.17MiB/s ETA 00:43 (frag 8/23)
[download]  34.3% of ~  84.30MiB at    9.17MiB/s ETA 00:43 (frag 8/23)
[download]  34.3% of ~  84.32MiB at    9.17MiB/s ETA 00:43 (frag 8/23)
[download]  34.3% of ~  84.36MiB at    9.17MiB/s ETA 00:43 (frag 8/23)
[download]  34.4% of ~  84.44MiB at    9.17MiB/s ETA 00:43 (frag 8/23)
[download]  34.9% of ~  83.27MiB at    9.17MiB/s ETA 00:43 (frag 8/23)
[download]  34.9% of ~  83.28MiB at    9.17MiB/s ETA 00:43 (frag 8/23)
[download]  34.9% of ~  83.14MiB at    9.17MiB/s ETA 00:43 (frag 8/23)
[download]  34.9% of ~  83.28MiB at    9.17MiB/s ETA 00:43 (frag 8/23)
[download]  34.5% of ~  84.61MiB at    9.17MiB/s ETA 00:43 (frag 8/23)
[download]  34.9% of ~  83.47MiB at    9.17MiB/s ETA 00:43 (frag 8/23)
[download]  34.9% of ~  83.62MiB at    9.17MiB/s ETA 00:43 (frag 8/23)
[download]  34.9% of ~  83.49MiB at    9.17MiB/s ETA 00:43 (frag 8/23)
[download]  34.9% of ~  83.65MiB at    9.17MiB/s ETA 00:43 (frag 8/23)
[download]  34.9% of ~  83.54MiB at    9.17MiB/s ETA 00:43 (frag 8/23)
[download]  34.9% of ~  83.71MiB at    9.17MiB/s ETA 00:43 (frag 8/23)
[download]  35.0% of ~  83.64MiB at    9.17MiB/s ETA 00:43 (frag 8/23)
[download]  35.0% of ~  83.68MiB at    9.17MiB/s ETA 00:43 (frag 8/23)
[download]  35.0% of ~  83.76MiB at    9.17MiB/s ETA 00:43 (frag 8/23)
[download]  36.8% of ~  84.28MiB at    9.57MiB/s ETA 00:39 (frag 8/23)
[download]  35.0% of ~  88.47MiB at    9.57MiB/s ETA 00:39 (frag 9/23)
[download]  39.2% of ~  79.31MiB at    9.57MiB/s ETA 00:39 (frag 9/23)
[download]  39.3% of ~  79.10MiB at    9.57MiB/s ETA 00:39 (frag 9/23)
[download]  38.0% of ~  82.21MiB at    9.57MiB/s ETA 00:39 (frag 9/23)
[download]  39.3% of ~  79.39MiB at    9.57MiB/s ETA 00:39 (frag 9/23)
[download]  39.3% of ~  79.39MiB at    9.57MiB/s ETA 00:39 (frag 9/23)
[download]  39.3% of ~  79.40MiB at    9.57MiB/s ETA 00:39 (frag 9/23)
[download]  39.4% of ~  79.42MiB at    9.57MiB/s ETA 00:39 (frag 9/23)
[download]  39.4% of ~  79.46MiB at    9.57MiB/s ETA 00:39 (frag 9/23)
[download]  39.4% of ~  79.53MiB at    9.57MiB/s ETA 00:39 (frag 9/23)
[download]  39.1% of ~  80.30MiB at   10.23MiB/s ETA 00:36 (frag 9/23)
[download]  39.2% of ~  80.44MiB at   10.23MiB/s ETA 00:36 (frag 9/23)
[download]  38.2% of ~  83.22MiB at   10.23MiB/s ETA 00:36 (frag 9/23)
[download]  38.8% of ~  82.49MiB at   10.23MiB/s ETA 00:36 (frag 9/23)
[download]  39.5% of ~  81.67MiB at   10.23MiB/s ETA 00:36 (frag 9/23)
[download]  39.5% of ~  82.32MiB at   10.23MiB/s ETA 00:36 (frag 9/23)
[download]  39.6% of ~  82.40MiB at   10.23MiB/s ETA 00:36 (frag 9/23)
[download]  39.8% of ~  82.69MiB at   10.67MiB/s ETA 00:33 (frag 9/23)
[download]  39.9% of ~  83.68MiB at   10.94MiB/s ETA 00:30 (frag 9/23)
[download]  39.8% of ~  83.95MiB at   10.94MiB/s ETA 00:30 (frag 9/23)
[download]  39.8% of ~  83.95MiB at   10.94MiB/s ETA 00:30 (frag 9/23)
[download]  39.8% of ~  83.96MiB at   10.94MiB/s ETA 00:30 (frag 9/23)
[download]  39.8% of ~  83.97MiB at   10.94MiB/s ETA 00:30 (frag 9/23)
[download]  39.8% of ~  83.98MiB at   10.94MiB/s ETA 00:30 (frag 9/23)
[download]  39.8% of ~  84.02MiB at   10.94MiB/s ETA 00:30 (frag 9/23)
[download]  38.8% of ~  87.67MiB at   11.09MiB/s ETA 00:27 (frag 9/23)
[download]  39.9% of ~  85.24MiB at   11.09MiB/s ETA 00:27 (frag 9/23)
[download]  40.2% of ~  85.85MiB at   11.09MiB/s ETA 00:27 (frag 9/23)
[download]  39.7% of ~  87.62MiB at   11.26MiB/s ETA 00:25 (frag 9/23)
[download]  40.0% of ~  88.20MiB at   11.26MiB/s ETA 00:25 (frag 9/23)
[download]  39.8% of ~  88.62MiB at   11.44MiB/s ETA 00:23 (frag 9/23)
[download]  39.8% of ~  88.62MiB at   11.44MiB/s ETA 00:23 (frag 9/23)
[download]  39.8% of ~  88.63MiB at   11.44MiB/s ETA 00:23 (frag 9/23)
[download]  39.8% of ~  88.64MiB at   11.44MiB/s ETA 00:23 (frag 9/23)
[download]  39.5% of ~  90.57MiB at   11.44MiB/s ETA 00:23 (frag 9/23)
[download]  39.6% of ~  93.02MiB at   11.44MiB/s ETA 00:23 (frag 9/23)
[download]  40.2% of ~  92.70MiB at   11.44MiB/s ETA 00:23 (frag 9/23)
[download]  40.8% of ~  93.78MiB at   11.44MiB/s ETA 00:23 (frag 9/23)
[download]  41.1% of ~  95.66MiB at   12.03MiB/s ETA 00:21 (frag 9/23)
[download]  40.4% of ~  97.49MiB at   12.03MiB/s ETA 00:21 (frag 9/23)
[download]  40.2% of ~  98.14MiB at   12.03MiB/s ETA 00:21 (frag 9/23)
[download]  40.2% of ~  98.18MiB at   12.03MiB/s ETA 00:21 (frag 9/23)
[download]  40.2% of ~  98.25MiB at   12.38MiB/s ETA 00:19 (frag 9/23)
[download]  40.9% of ~  98.99MiB at   12.38MiB/s ETA 00:19 (frag 9/23)
[download]  40.4% of ~ 100.64MiB at   12.84MiB/s ETA 00:18 (frag 9/23)
[download]  41.0% of ~ 101.66MiB at   12.84MiB/s ETA 00:18 (frag 9/23)
[download]  40.6% of ~ 105.15MiB at   12.84MiB/s ETA 00:18 (frag 9/23)
[download]  41.6% of ~ 105.63MiB at   12.84MiB/s ETA 00:18 (frag 9/23)
[download]  40.5% of ~ 108.60MiB at   12.84MiB/s ETA 00:18 (frag 10/23)
[download]  44.9% of ~  98.30MiB at   13.43MiB/s ETA 00:16 (frag 10/23)
[download]  45.8% of ~  99.63MiB at   13.43MiB/s ETA 00:16 (frag 10/23)
[download]  44.4% of ~ 102.70MiB at   13.43MiB/s ETA 00:16 (frag 11/23)
[download]  49.4% of ~  96.39MiB at   13.43MiB/s ETA 00:16 (frag 11/23)
[download]  48.2% of ~ 100.22MiB at   13.43MiB/s ETA 00:16 (frag 11/23)
[download]  47.6% of ~ 101.45MiB at   13.43MiB/s ETA 00:16 (frag 12/23)
[download]  53.2% of ~  91.17MiB at   14.36MiB/s ETA 00:15 (frag 12/23)
[download]  53.7% of ~  91.34MiB at   14.98MiB/s ETA 00:14 (frag 12/23)
[download]  53.6% of ~  92.50MiB at   14.98MiB/s ETA 00:14 (frag 12/23)
[download]  53.0% of ~  93.50MiB at   15.43MiB/s ETA 00:12 (frag 12/23)
[download]  53.0% of ~  93.50MiB at   15.43MiB/s ETA 00:12 (frag 12/23)
[download]  53.0% of ~  93.50MiB at   15.43MiB/s ETA 00:12 (frag 12/23)
[download]  53.0% of ~  93.51MiB at   15.43MiB/s ETA 00:12 (frag 12/23)
[download]  53.0% of ~  93.52MiB at   15.43MiB/s ETA 00:12 (frag 12/23)
[download]  53.0% of ~  93.55MiB at   15.43MiB/s ETA 00:12 (frag 12/23)
[download]  53.1% of ~  93.60MiB at   15.43MiB/s ETA 00:12 (frag 12/23)
[download]  53.1% of ~  93.72MiB at   15.43MiB/s ETA 00:12 (frag 12/23)
[download]  52.8% of ~  94.27MiB at   15.43MiB/s ETA 00:12 (frag 12/23)
[download]  52.8% of ~  94.27MiB at   15.43MiB/s ETA 00:12 (frag 12/23)
[download]  52.8% of ~  94.27MiB at   15.43MiB/s ETA 00:12 (frag 12/23)
[download]  52.8% of ~  94.28MiB at   15.43MiB/s ETA 00:12 (frag 12/23)
[download]  52.8% of ~  94.29MiB at   15.43MiB/s ETA 00:12 (frag 12/23)
[download]  52.9% of ~  94.32MiB at   15.43MiB/s ETA 00:12 (frag 12/23)
[download]  52.9% of ~  94.38MiB at   15.43MiB/s ETA 00:12 (frag 12/23)
[download]  54.4% of ~  94.60MiB at   15.43MiB/s ETA 00:12 (frag 12/23)
[download]  52.9% of ~  97.36MiB at   15.43MiB/s ETA 00:12 (frag 13/23)
[download]  58.7% of ~  90.32MiB at   15.98MiB/s ETA 00:11 (frag 13/23)
[download]  57.1% of ~  92.82MiB at   15.98MiB/s ETA 00:11 (frag 14/23)
[download]  61.3% of ~  86.62MiB at   15.98MiB/s ETA 00:11 (frag 14/23)
[download]  62.8% of ~  86.19MiB at   15.98MiB/s ETA 00:11 (frag 14/23)
[download]  61.5% of ~  88.34MiB at   15.98MiB/s ETA 00:11 (frag 14/23)
[download]  62.9% of ~  89.62MiB at   15.98MiB/s ETA 00:11 (frag 14/23)
[download]  60.9% of ~  92.69MiB at   16.61MiB/s ETA 00:10 (frag 14/23)
[download]  60.8% of ~  92.81MiB at   16.61MiB/s ETA 00:10 (frag 15/23)
[download]  66.0% of ~  85.90MiB at   16.61MiB/s ETA 00:10 (frag 15/23)
[download]  67.0% of ~  86.17MiB at   16.61MiB/s ETA 00:10 (frag 15/23)
[download]  66.2% of ~  87.96MiB at   17.11MiB/s ETA 00:09 (frag 15/23)
[download]  67.3% of ~  88.10MiB at   17.11MiB/s ETA 00:09 (frag 15/23)
[download]  66.1% of ~  89.66MiB at   17.11MiB/s ETA 00:09 (frag 16/23)
[download]  70.0% of ~  84.66MiB at   17.58MiB/s ETA 00:09 (frag 16/23)
[download]  70.0% of ~  84.66MiB at   17.58MiB/s ETA 00:09 (frag 16/23)
[download]  70.0% of ~  84.66MiB at   17.58MiB/s ETA 00:09 (frag 16/23)
[download]  70.0% of ~  84.67MiB at   17.58MiB/s ETA 00:09 (frag 16/23)
[download]  70.0% of ~  84.68MiB at   17.58MiB/s ETA 00:09 (frag 16/23)
[download]  70.1% of ~  84.70MiB at   17.58MiB/s ETA 00:09 (frag 16/23)
[download]  70.1% of ~  84.74MiB at   17.58MiB/s ETA 00:09 (frag 16/23)
[download]  70.6% of ~  84.85MiB at   17.58MiB/s ETA 00:09 (frag 16/23)
[download]  70.2% of ~  85.50MiB at   17.58MiB/s ETA 00:09 (frag 16/23)
[download]  70.1% of ~  85.59MiB at   17.88MiB/s ETA 00:08 (frag 16/23)
[download]  70.1% of ~  85.59MiB at   17.88MiB/s ETA 00:08 (frag 16/23)
[download]  70.1% of ~  85.60MiB at   17.88MiB/s ETA 00:08 (frag 16/23)
[download]  70.2% of ~  85.60MiB at   17.88MiB/s ETA 00:08 (frag 16/23)
[download]  70.2% of ~  85.61MiB at   17.88MiB/s ETA 00:08 (frag 16/23)
[download]  70.2% of ~  85.63MiB at   17.88MiB/s ETA 00:08 (frag 16/23)
[download]  70.2% of ~  85.68MiB at   17.88MiB/s ETA 00:08 (frag 16/23)
[download]  70.7% of ~  85.06MiB at   17.88MiB/s ETA 00:08 (frag 16/23)
[download]  70.7% of ~  85.06MiB at   17.88MiB/s ETA 00:08 (frag 16/23)
[download]  70.7% of ~  85.06MiB at   17.88MiB/s ETA 00:08 (frag 16/23)
[download]  70.7% of ~  85.07MiB at   17.88MiB/s ETA 00:08 (frag 16/23)
[download]  71.6% of ~  85.80MiB at   17.88MiB/s ETA 00:08 (frag 16/23)
[download]  70.8% of ~  86.76MiB at   17.88MiB/s ETA 00:08 (frag 16/23)
[download]  70.2% of ~  87.50MiB at   17.88MiB/s ETA 00:08 (frag 17/23)
[download]  75.0% of ~  81.96MiB at   17.88MiB/s ETA 00:08 (frag 17/23)
[download]  75.0% of ~  82.00MiB at   18.21MiB/s ETA 00:07 (frag 17/23)
[download]  74.4% of ~  82.69MiB at   18.21MiB/s ETA 00:07 (frag 17/23)
[download]  74.4% of ~  82.69MiB at   18.21MiB/s ETA 00:07 (frag 17/23)
[download]  74.4% of ~  82.69MiB at   18.21MiB/s ETA 00:07 (frag 17/23)
[download]  74.4% of ~  82.69MiB at   18.21MiB/s ETA 00:07 (frag 17/23)
[download]  74.4% of ~  82.70MiB at   18.21MiB/s ETA 00:07 (frag 17/23)
[download]  75.5% of ~  82.88MiB at   18.21MiB/s ETA 00:07 (frag 17/23)
[download]  74.5% of ~  84.00MiB at   18.21MiB/s ETA 00:07 (frag 17/23)
[download]  74.5% of ~  84.04MiB at   18.21MiB/s ETA 00:07 (frag 17/23)
[download]  74.6% of ~  84.12MiB at   18.21MiB/s ETA 00:07 (frag 17/23)
[download]  75.3% of ~  84.68MiB at   18.21MiB/s ETA 00:07 (frag 17/23)
[download]  74.6% of ~  85.62MiB at   18.73MiB/s ETA 00:06 (frag 17/23)
[download]  74.7% of ~  85.85MiB at   18.73MiB/s ETA 00:06 (frag 17/23)
[download]  74.9% of ~  86.04MiB at   19.01MiB/s ETA 00:06 (frag 17/23)
[download]  75.0% of ~  86.49MiB at   19.01MiB/s ETA 00:06 (frag 17/23)
[download]  75.3% of ~  86.39MiB at   19.01MiB/s ETA 00:06 (frag 17/23)
[download]  75.4% of ~  86.55MiB at   19.01MiB/s ETA 00:06 (frag 17/23)
[download]  74.9% of ~  87.53MiB at   19.21MiB/s ETA 00:05 (frag 17/23)
[download]  76.0% of ~  87.95MiB at   19.21MiB/s ETA 00:05 (frag 17/23)
[download]  74.6% of ~  89.62MiB at   19.21MiB/s ETA 00:05 (frag 18/23)
[download]  80.3% of ~  85.13MiB at   19.49MiB/s ETA 00:05 (frag 18/23)
[download]  78.6% of ~  86.94MiB at   19.49MiB/s ETA 00:05 (frag 19/23)
[download]  83.7% of ~  82.23MiB at   19.49MiB/s ETA 00:05 (frag 19/23)
[download]  83.7% of ~  82.86MiB at   19.63MiB/s ETA 00:04 (frag 19/23)
[download]  84.3% of ~  82.84MiB at   19.63MiB/s ETA 00:04 (frag 19/23)
[download]  84.2% of ~  84.08MiB at   19.58MiB/s ETA 00:04 (frag 19/23)
[download]  84.6% of ~  85.23MiB at   19.54MiB/s ETA 00:04 (frag 19/23)
[download]  83.2% of ~  86.71MiB at   19.54MiB/s ETA 00:04 (frag 20/23)
[download]  89.2% of ~  81.95MiB at   19.34MiB/s ETA 00:03 (frag 20/23)
[download]  88.7% of ~  83.56MiB at   19.34MiB/s ETA 00:03 (frag 20/23)
[download]  88.7% of ~  84.71MiB at   19.34MiB/s ETA 00:03 (frag 20/23)
[download]  89.0% of ~  85.24MiB at   19.26MiB/s ETA 00:03 (frag 20/23)
[download]  88.2% of ~  86.02MiB at   19.26MiB/s ETA 00:03 (frag 21/23)
[download]  93.2% of ~  82.60MiB at   18.84MiB/s ETA 00:03 (frag 21/23)
[download]  91.9% of ~  83.84MiB at   18.84MiB/s ETA 00:03 (frag 22/23)
[download]  97.5% of ~  80.24MiB at   18.84MiB/s ETA 00:03 (frag 22/23)
[download]  96.0% of ~  81.47MiB at   18.84MiB/s ETA 00:03 (frag 23/23)
[download] 100% of   78.24MiB in 00:00:05 at 13.88MiB/s
[FixupM3u8] Fixing MPEG-TS in MP4 container of "D:\ÏÂÔØ\Erotic_Massage_Unboxing_-_1-Hour_Real-World_Test_Princess_Service_Introduction_M-oocbhom4a27.mp4"
[Metadata] Adding metadata to "D:\ÏÂÔØ\Erotic_Massage_Unboxing_-_1-Hour_Real-World_Test_Princess_Service_Introduction_M-oocbhom4a27.mp4"
