[PornHub] Extracting URL: https://cn.pornhub.com/view_video.php?viewkey=69bf81afe8a02
[PornHub] 69bf81afe8a02: Downloading pc webpage
[PornHub] 69bf81afe8a02: Downloading m3u8 information
[PornHub] 69bf81afe8a02: Downloading m3u8 information
[PornHub] 69bf81afe8a02: Downloading m3u8 information
[PornHub] 69bf81afe8a02: Downloading m3u8 information
[PornHub] 69bf81afe8a02: Downloading JSON metadata
[info] 69bf81afe8a02: Downloading 1 format(s): hls-3581
[info] Downloading video thumbnail 0 ...
[info] Writing video thumbnail 0 to: D:\ĎÂÔŘ\SmartVideoDownloader\downloads\Bulging_tits_and_tight_threads_wild_hands_claim_pleasure-69bf81afe8a02.jpg
[hlsnative] Downloading m3u8 manifest
[hlsnative] Total fragments: 109
[download] Destination: D:\ĎÂÔŘ\SmartVideoDownloader\downloads\Bulging_tits_and_tight_threads_wild_hands_claim_pleasure-69bf81afe8a02.mp4
[download]   0.0% of ~  18.17MiB at    727.96B/s ETA Unknown (frag 0/109)
[download]   0.0% of ~  18.28MiB at    727.96B/s ETA Unknown (frag 0/109)
[download]   0.0% of ~  18.49MiB at    727.96B/s ETA Unknown (frag 0/109)
[download]   0.1% of ~  18.92MiB at    727.96B/s ETA Unknown (frag 0/109)
[download]   0.2% of ~  19.77MiB at   19.67KiB/s ETA Unknown (frag 0/109)
[download]   0.3% of ~  21.47MiB at   42.54KiB/s ETA Unknown (frag 0/109)
[download]   0.0% of ~ 338.81MiB at   55.90KiB/s ETA Unknown (frag 0/109)
[download]   0.0% of ~ 338.92MiB at   55.90KiB/s ETA Unknown (frag 0/109)
[download]   0.5% of ~  25.20MiB at   55.90KiB/s ETA Unknown (frag 0/109)
[download]   0.0% of ~ 345.95MiB at   55.90KiB/s ETA Unknown (frag 0/109)
[download]   0.0% of ~ 346.37MiB at   55.90KiB/s ETA Unknown (frag 0/109)
[download]   0.0% of ~ 354.42MiB at   55.90KiB/s ETA Unknown (frag 0/109)
[download]   0.0% of ~ 354.52MiB at   55.90KiB/s ETA Unknown (frag 0/109)
[download]   0.0% of ~ 354.73MiB at   55.90KiB/s ETA Unknown (frag 0/109)
[download]   0.0% of ~ 355.16MiB at   55.90KiB/s ETA Unknown (frag 0/109)
[download]   0.0% of ~ 348.82MiB at   55.90KiB/s ETA Unknown (frag 0/109)
[download]   0.6% of ~  36.59MiB at   55.90KiB/s ETA Unknown (frag 0/109)
[download]   0.5% of ~  41.25MiB at   55.90KiB/s ETA Unknown (frag 1/109)
[download]   0.1% of ~ 159.92MiB at  121.09KiB/s ETA Unknown (frag 1/109)
[download]   0.3% of ~  82.59MiB at  121.09KiB/s ETA Unknown (frag 1/109)
[download]   0.1% of ~ 160.03MiB at  121.09KiB/s ETA Unknown (frag 1/109)
[download]   0.3% of ~  82.75MiB at  121.09KiB/s ETA Unknown (frag 1/109)
[download]   0.1% of ~ 160.24MiB at  121.09KiB/s ETA Unknown (frag 1/109)
[download]   0.3% of ~  83.07MiB at  121.09KiB/s ETA Unknown (frag 1/109)
[download]   0.1% of ~ 160.67MiB at  121.09KiB/s ETA Unknown (frag 1/109)
[download]   0.3% of ~  83.71MiB at  121.09KiB/s ETA Unknown (frag 1/109)
[download]   0.2% of ~  96.95MiB at  121.09KiB/s ETA Unknown (frag 1/109)
[download]   0.3% of ~  97.00MiB at  121.09KiB/s ETA Unknown (frag 1/109)
[download]   0.3% of ~  97.11MiB at  121.09KiB/s ETA Unknown (frag 1/109)
[download]   0.3% of ~  97.64MiB at  121.09KiB/s ETA Unknown (frag 1/109)
[download]   0.3% of ~  97.38MiB at  121.09KiB/s ETA Unknown (frag 1/109)
[download]   0.3% of ~  98.12MiB at  121.09KiB/s ETA Unknown (frag 1/109)
[download]   0.3% of ~  98.22MiB at  121.09KiB/s ETA Unknown (frag 1/109)
[download]   0.3% of ~  98.43MiB at  121.09KiB/s ETA Unknown (frag 1/109)
[download]   0.2% of ~ 180.78MiB at  121.09KiB/s ETA Unknown (frag 1/109)
[download]   0.2% of ~ 164.82MiB at  121.09KiB/s ETA Unknown (frag 1/109)
[download]   0.3% of ~ 101.26MiB at  121.09KiB/s ETA Unknown (frag 1/109)
[download]   0.3% of ~ 101.31MiB at  121.09KiB/s ETA Unknown (frag 1/109)
[download]   0.3% of ~ 101.42MiB at  121.09KiB/s ETA Unknown (frag 1/109)
[download]   0.3% of ~ 101.63MiB at  121.09KiB/s ETA Unknown (frag 1/109)
[download]   0.4% of ~  89.08MiB at  121.09KiB/s ETA Unknown (frag 1/109)
[download]   0.2% of ~ 188.58MiB at  121.09KiB/s ETA Unknown (frag 1/109)
[download]   0.4% of ~ 103.92MiB at  121.09KiB/s ETA Unknown (frag 1/109)
[download]   0.4% of ~ 104.46MiB at  121.09KiB/s ETA Unknown (frag 1/109)
[download]   0.4% of ~ 105.46MiB at  121.09KiB/s ETA Unknown (frag 1/109)
[download]   0.2% of ~ 191.99MiB at  239.65KiB/s ETA Unknown (frag 1/109)
[download]   0.5% of ~  95.04MiB at  239.65KiB/s ETA Unknown (frag 1/109)
[download]   0.5% of ~ 109.56MiB at  239.65KiB/s ETA Unknown (frag 1/109)
[download]   0.3% of ~ 193.50MiB at  239.65KiB/s ETA Unknown (frag 1/109)
[download]   0.3% of ~ 179.24MiB at  357.15KiB/s ETA Unknown (frag 1/109)
[download]   0.5% of ~ 116.69MiB at  357.15KiB/s ETA Unknown (frag 1/109)
[download]   0.7% of ~ 105.26MiB at  357.15KiB/s ETA Unknown (frag 1/109)
[download]   0.4% of ~ 203.72MiB at  357.15KiB/s ETA Unknown (frag 1/109)
[download]   0.4% of ~ 214.13MiB at  357.15KiB/s ETA Unknown (frag 1/109)
[download]   0.7% of ~ 131.71MiB at  357.15KiB/s ETA Unknown (frag 1/109)
[download]   0.7% of ~ 135.27MiB at  357.15KiB/s ETA Unknown (frag 1/109)
[download]   0.5% of ~ 201.38MiB at  558.07KiB/s ETA 03:19 (frag 1/109)
[download]   0.8% of ~ 140.53MiB at  558.07KiB/s ETA 03:19 (frag 1/109)
[download]   0.9% of ~ 130.81MiB at  558.07KiB/s ETA 03:19 (frag 1/109)
[download]   0.6% of ~ 236.27MiB at  558.07KiB/s ETA 03:19 (frag 1/109)
[download]   0.9% of ~ 157.41MiB at  558.07KiB/s ETA 03:19 (frag 1/109)
[download]   1.0% of ~ 160.66MiB at  558.07KiB/s ETA 03:19 (frag 1/109)
[download]   1.0% of ~ 167.78MiB at  856.76KiB/s ETA 03:10 (frag 1/109)
[download]   1.0% of ~ 163.03MiB at  856.76KiB/s ETA 03:10 (frag 1/109)
[download]   1.0% of ~ 163.08MiB at  856.76KiB/s ETA 03:10 (frag 1/109)
[download]   1.0% of ~ 163.19MiB at  856.76KiB/s ETA 03:10 (frag 1/109)
[download]   1.0% of ~ 174.81MiB at  856.76KiB/s ETA 03:10 (frag 1/109)
[download]   1.1% of ~ 170.21MiB at  856.76KiB/s ETA 03:10 (frag 1/109)
[download]   1.1% of ~ 170.64MiB at  856.76KiB/s ETA 03:10 (frag 1/109)
[download]   0.8% of ~ 264.98MiB at  856.76KiB/s ETA 03:10 (frag 1/109)
[download]   1.1% of ~ 185.11MiB at    1.13MiB/s ETA 03:01 (frag 1/109)
[download]   1.3% of ~ 185.25MiB at    1.13MiB/s ETA 03:01 (frag 1/109)
[download]   0.9% of ~ 276.27MiB at    1.13MiB/s ETA 03:01 (frag 1/109)
[download]   0.9% of ~ 304.34MiB at    1.45MiB/s ETA 02:57 (frag 1/109)
[download]   1.3% of ~ 232.45MiB at    1.45MiB/s ETA 02:57 (frag 1/109)
[download]   1.3% of ~ 245.76MiB at    1.45MiB/s ETA 02:57 (frag 1/109)
[download]   1.1% of ~ 345.22MiB at    1.88MiB/s ETA 02:51 (frag 1/109)
[download]   1.4% of ~ 286.79MiB at    1.88MiB/s ETA 02:51 (frag 1/109)
[download]   1.4% of ~ 289.00MiB at    2.18MiB/s ETA 02:44 (frag 1/109)
[download]   1.2% of ~ 385.90MiB at    2.18MiB/s ETA 02:44 (frag 1/109)
[download]   1.5% of ~ 319.66MiB at    2.49MiB/s ETA 02:37 (frag 1/109)
[download]   1.2% of ~ 402.30MiB at    2.49MiB/s ETA 02:37 (frag 1/109)
[download]   1.6% of ~ 338.54MiB at    2.81MiB/s ETA 02:31 (frag 1/109)
[download]   1.6% of ~ 378.92MiB at    2.81MiB/s ETA 02:31 (frag 1/109)
[download]   1.6% of ~ 405.86MiB at    2.81MiB/s ETA 02:31 (frag 1/109)
[download]   1.6% of ~ 433.26MiB at    3.24MiB/s ETA 02:26 (frag 1/109)
[download]   1.6% of ~ 449.10MiB at    3.24MiB/s ETA 02:26 (frag 1/109)
[download]   1.4% of ~ 538.55MiB at    3.24MiB/s ETA 02:26 (frag 1/109)
[download]   1.6% of ~ 488.41MiB at    3.69MiB/s ETA 02:21 (frag 1/109)
[download]   1.6% of ~ 504.96MiB at    3.69MiB/s ETA 02:21 (frag 2/109)
[download]   2.2% of ~ 402.41MiB at    3.69MiB/s ETA 02:21 (frag 2/109)
[download]   2.5% of ~ 381.73MiB at    4.21MiB/s ETA 02:14 (frag 2/109)
[download]   2.4% of ~ 401.52MiB at    4.21MiB/s ETA 02:14 (frag 3/109)
[download]   3.3% of ~ 300.98MiB at    4.21MiB/s ETA 02:14 (frag 3/109)
[download]   3.2% of ~ 315.67MiB at    4.21MiB/s ETA 02:14 (frag 4/109)
[download]   3.9% of ~ 285.43MiB at    4.78MiB/s ETA 02:05 (frag 4/109)
[download]   4.2% of ~ 274.40MiB at    4.78MiB/s ETA 02:05 (frag 4/109)
[download]   4.0% of ~ 286.21MiB at    4.78MiB/s ETA 02:05 (frag 5/109)
[download]   4.8% of ~ 259.98MiB at    5.26MiB/s ETA 01:56 (frag 5/109)
[download]   4.8% of ~ 285.23MiB at    5.26MiB/s ETA 01:56 (frag 5/109)
[download]   4.5% of ~ 305.47MiB at    5.26MiB/s ETA 01:56 (frag 6/109)
[download]   6.1% of ~ 234.09MiB at    5.78MiB/s ETA 01:48 (frag 6/109)
[download]   6.0% of ~ 241.88MiB at    5.78MiB/s ETA 01:48 (frag 6/109)
[download]   5.9% of ~ 247.05MiB at    5.78MiB/s ETA 01:48 (frag 7/109)
[download]   6.7% of ~ 215.58MiB at    5.78MiB/s ETA 01:48 (frag 7/109)
[download]   6.7% of ~ 215.60MiB at    5.78MiB/s ETA 01:48 (frag 7/109)
[download]   6.7% of ~ 215.62MiB at    5.78MiB/s ETA 01:48 (frag 7/109)
[download]   6.7% of ~ 215.68MiB at    5.78MiB/s ETA 01:48 (frag 7/109)
[download]   6.7% of ~ 215.78MiB at    5.78MiB/s ETA 01:48 (frag 7/109)
[download]   6.8% of ~ 216.00MiB at    5.78MiB/s ETA 01:48 (frag 7/109)
[download]   6.5% of ~ 240.38MiB at    5.78MiB/s ETA 01:48 (frag 7/109)
[download]   6.1% of ~ 254.66MiB at    5.78MiB/s ETA 01:48 (frag 8/109)
[download]   7.4% of ~ 222.44MiB at    6.39MiB/s ETA 01:40 (frag 8/109)
[download]   7.1% of ~ 231.20MiB at    6.39MiB/s ETA 01:40 (frag 9/109)
[download]   7.8% of ~ 208.96MiB at    6.39MiB/s ETA 01:40 (frag 9/109)
[download]   7.8% of ~ 208.97MiB at    6.39MiB/s ETA 01:40 (frag 9/109)
[download]   7.8% of ~ 208.99MiB at    6.39MiB/s ETA 01:40 (frag 9/109)
[download]   7.8% of ~ 209.03MiB at    6.39MiB/s ETA 01:40 (frag 9/109)
[download]   7.8% of ~ 209.12MiB at    6.39MiB/s ETA 01:40 (frag 9/109)
[download]   7.8% of ~ 209.29MiB at    6.39MiB/s ETA 01:40 (frag 9/109)
[download]   8.5% of ~ 194.34MiB at    6.39MiB/s ETA 01:40 (frag 9/109)
[download]   8.5% of ~ 194.35MiB at    6.39MiB/s ETA 01:40 (frag 9/109)
[download]   8.5% of ~ 194.37MiB at    6.39MiB/s ETA 01:40 (frag 9/109)
[download]   8.5% of ~ 194.41MiB at    6.39MiB/s ETA 01:40 (frag 9/109)
[download]   8.5% of ~ 194.50MiB at    6.39MiB/s ETA 01:40 (frag 9/109)
[download]   8.5% of ~ 194.67MiB at    6.39MiB/s ETA 01:40 (frag 9/109)
[download]   8.5% of ~ 194.79MiB at    6.70MiB/s ETA 01:32 (frag 9/109)
[download]   8.5% of ~ 194.80MiB at    6.70MiB/s ETA 01:32 (frag 9/109)
[download]   8.5% of ~ 194.82MiB at    6.70MiB/s ETA 01:32 (frag 9/109)
[download]   8.5% of ~ 194.86MiB at    6.70MiB/s ETA 01:32 (frag 9/109)
[download]   8.5% of ~ 194.95MiB at    6.70MiB/s ETA 01:32 (frag 9/109)
[download]   8.5% of ~ 195.12MiB at    6.70MiB/s ETA 01:32 (frag 9/109)
[download]   8.5% of ~ 194.46MiB at    6.85MiB/s ETA 01:25 (frag 9/109)
[download]   8.5% of ~ 196.36MiB at    6.90MiB/s ETA 01:19 (frag 9/109)
[download]   7.9% of ~ 212.33MiB at    6.90MiB/s ETA 01:19 (frag 9/109)
[download]   8.5% of ~ 197.72MiB at    6.90MiB/s ETA 01:19 (frag 9/109)
[download]   7.9% of ~ 214.37MiB at    6.90MiB/s ETA 01:19 (frag 9/109)
[download]   7.9% of ~ 214.86MiB at    6.90MiB/s ETA 01:19 (frag 9/109)
[download]   7.9% of ~ 214.87MiB at    6.90MiB/s ETA 01:19 (frag 9/109)
[download]   7.9% of ~ 214.89MiB at    6.90MiB/s ETA 01:19 (frag 9/109)
[download]   7.9% of ~ 214.94MiB at    6.90MiB/s ETA 01:19 (frag 9/109)
[download]   7.9% of ~ 215.02MiB at    6.90MiB/s ETA 01:19 (frag 9/109)
[download]   7.9% of ~ 215.19MiB at    6.90MiB/s ETA 01:19 (frag 9/109)
[download]   8.5% of ~ 201.37MiB at    6.91MiB/s ETA 01:14 (frag 9/109)
[download]   8.5% of ~ 201.38MiB at    6.91MiB/s ETA 01:14 (frag 9/109)
[download]   8.5% of ~ 201.40MiB at    6.91MiB/s ETA 01:14 (frag 9/109)
[download]   8.5% of ~ 200.97MiB at    6.91MiB/s ETA 01:14 (frag 9/109)
[download]   8.5% of ~ 202.12MiB at    6.91MiB/s ETA 01:14 (frag 9/109)
[download]   8.5% of ~ 202.21MiB at    6.91MiB/s ETA 01:14 (frag 9/109)
[download]   8.5% of ~ 202.38MiB at    6.91MiB/s ETA 01:14 (frag 9/109)
[download]   8.6% of ~ 202.25MiB at    6.91MiB/s ETA 01:14 (frag 9/109)
[download]   8.3% of ~ 209.62MiB at    6.91MiB/s ETA 01:14 (frag 9/109)
[download]   8.3% of ~ 209.63MiB at    6.91MiB/s ETA 01:14 (frag 9/109)
[download]   8.3% of ~ 209.65MiB at    6.91MiB/s ETA 01:14 (frag 9/109)
[download]   8.3% of ~ 209.69MiB at    6.91MiB/s ETA 01:14 (frag 9/109)
[download]   8.3% of ~ 209.78MiB at    6.91MiB/s ETA 01:14 (frag 9/109)
[download]   8.3% of ~ 209.95MiB at    6.91MiB/s ETA 01:14 (frag 9/109)
[download]   8.5% of ~ 204.13MiB at    6.91MiB/s ETA 01:14 (frag 9/109)
[download]   8.5% of ~ 204.14MiB at    6.91MiB/s ETA 01:14 (frag 9/109)
[download]   8.5% of ~ 204.16MiB at    6.91MiB/s ETA 01:14 (frag 9/109)
[download]   8.5% of ~ 204.20MiB at    6.91MiB/s ETA 01:14 (frag 9/109)
[download]   8.5% of ~ 204.29MiB at    6.91MiB/s ETA 01:14 (frag 9/109)
[download]   8.5% of ~ 204.46MiB at    6.91MiB/s ETA 01:14 (frag 9/109)
[download]   8.6% of ~ 203.95MiB at    6.91MiB/s ETA 01:09 (frag 9/109)
[download]   8.7% of ~ 205.32MiB at    6.88MiB/s ETA 01:05 (frag 9/109)
[download]   8.6% of ~ 209.26MiB at    6.88MiB/s ETA 01:05 (frag 9/109)
[download]   8.1% of ~ 227.28MiB at    6.88MiB/s ETA 01:05 (frag 9/109)
[download]   8.0% of ~ 229.13MiB at    6.88MiB/s ETA 01:05 (frag 9/109)
[download]   8.0% of ~ 229.81MiB at    6.88MiB/s ETA 01:05 (frag 9/109)
[download]   8.5% of ~ 217.00MiB at    6.89MiB/s ETA 01:01 (frag 9/109)
[download]   8.6% of ~ 217.69MiB at    6.89MiB/s ETA 01:01 (frag 9/109)
[download]   8.2% of ~ 234.09MiB at    6.89MiB/s ETA 01:01 (frag 9/109)
[download]   8.7% of ~ 224.03MiB at    6.89MiB/s ETA 01:01 (frag 9/109)
[download]   8.6% of ~ 226.60MiB at    6.89MiB/s ETA 01:01 (frag 9/109)
[download]   8.4% of ~ 233.44MiB at    6.89MiB/s ETA 01:01 (frag 9/109)
[download]   8.6% of ~ 227.96MiB at    6.89MiB/s ETA 01:01 (frag 9/109)
[download]   8.4% of ~ 235.48MiB at    6.89MiB/s ETA 01:01 (frag 9/109)
[download]   8.8% of ~ 231.06MiB at    6.96MiB/s ETA 00:58 (frag 9/109)
[download]   8.8% of ~ 235.29MiB at    6.96MiB/s ETA 00:58 (frag 9/109)
[download]   8.7% of ~ 241.59MiB at    7.00MiB/s ETA 00:55 (frag 9/109)
[download]   8.7% of ~ 244.94MiB at    7.00MiB/s ETA 00:55 (frag 9/109)
[download]   8.5% of ~ 253.20MiB at    7.00MiB/s ETA 00:55 (frag 9/109)
[download]   8.5% of ~ 265.43MiB at    7.00MiB/s ETA 00:55 (frag 9/109)
[download]   8.8% of ~ 259.82MiB at    7.52MiB/s ETA 00:52 (frag 9/109)
[download]   8.7% of ~ 262.97MiB at    7.52MiB/s ETA 00:52 (frag 10/109)
[download]   9.7% of ~ 240.17MiB at    7.52MiB/s ETA 00:52 (frag 10/109)
[download]   9.5% of ~ 244.15MiB at    7.52MiB/s ETA 00:52 (frag 11/109)
[download]  10.0% of ~ 235.81MiB at    7.87MiB/s ETA 00:50 (frag 11/109)
[download]  10.2% of ~ 238.82MiB at    7.87MiB/s ETA 00:50 (frag 11/109)
[download]   9.9% of ~ 246.12MiB at    7.87MiB/s ETA 00:50 (frag 12/109)
[download]  11.5% of ~ 215.26MiB at    8.20MiB/s ETA 00:47 (frag 12/109)
[download]  11.5% of ~ 219.81MiB at    8.20MiB/s ETA 00:47 (frag 12/109)
[download]  11.0% of ~ 234.90MiB at    8.33MiB/s ETA 00:44 (frag 12/109)
[download]  10.7% of ~ 240.73MiB at    8.33MiB/s ETA 00:44 (frag 12/109)
[download]  10.7% of ~ 240.73MiB at    8.33MiB/s ETA 00:44 (frag 12/109)
[download]  10.7% of ~ 240.75MiB at    8.33MiB/s ETA 00:44 (frag 12/109)
[download]  10.7% of ~ 240.78MiB at    8.33MiB/s ETA 00:44 (frag 12/109)
[download]  10.7% of ~ 240.85MiB at    8.33MiB/s ETA 00:44 (frag 12/109)
[download]  10.7% of ~ 240.98MiB at    8.33MiB/s ETA 00:44 (frag 12/109)
[download]  11.3% of ~ 228.93MiB at    8.33MiB/s ETA 00:44 (frag 12/109)
[download]  11.3% of ~ 228.93MiB at    8.33MiB/s ETA 00:44 (frag 12/109)
[download]  11.3% of ~ 228.95MiB at    8.33MiB/s ETA 00:44 (frag 12/109)
[download]  11.5% of ~ 228.41MiB at    8.33MiB/s ETA 00:44 (frag 12/109)
[download]  11.3% of ~ 232.18MiB at    8.33MiB/s ETA 00:44 (frag 12/109)
[download]  11.3% of ~ 231.67MiB at    8.33MiB/s ETA 00:44 (frag 13/109)
[download]  12.2% of ~ 215.66MiB at    8.33MiB/s ETA 00:44 (frag 13/109)
[download]  12.2% of ~ 215.78MiB at    8.33MiB/s ETA 00:44 (frag 13/109)
[download]  12.4% of ~ 215.37MiB at    8.33MiB/s ETA 00:44 (frag 13/109)
[download]  12.4% of ~ 219.71MiB at    8.55MiB/s ETA 00:42 (frag 13/109)
[download]  12.2% of ~ 223.02MiB at    8.55MiB/s ETA 00:42 (frag 14/109)
[download]  13.3% of ~ 207.73MiB at    8.55MiB/s ETA 00:42 (frag 14/109)
[download]  13.1% of ~ 210.40MiB at    8.55MiB/s ETA 00:42 (frag 15/109)
[download]  14.0% of ~ 201.10MiB at    8.55MiB/s ETA 00:42 (frag 15/109)
[download]  13.9% of ~ 201.55MiB at    8.55MiB/s ETA 00:42 (frag 15/109)
[download]  13.9% of ~ 201.56MiB at    8.55MiB/s ETA 00:42 (frag 15/109)
[download]  13.9% of ~ 201.57MiB at    8.55MiB/s ETA 00:42 (frag 15/109)
[download]  13.9% of ~ 201.60MiB at    8.55MiB/s ETA 00:42 (frag 15/109)
[download]  13.9% of ~ 201.65MiB at    8.55MiB/s ETA 00:42 (frag 15/109)
[download]  13.3% of ~ 211.43MiB at    8.86MiB/s ETA 00:40 (frag 15/109)
[download]  14.0% of ~ 201.85MiB at    8.86MiB/s ETA 00:40 (frag 15/109)
[download]  14.0% of ~ 202.61MiB at    9.04MiB/s ETA 00:38 (frag 15/109)
[download]  14.0% of ~ 202.82MiB at    9.04MiB/s ETA 00:38 (frag 15/109)
[download]  13.3% of ~ 213.10MiB at    9.04MiB/s ETA 00:38 (frag 15/109)
[download]  13.3% of ~ 213.10MiB at    9.04MiB/s ETA 00:38 (frag 15/109)
[download]  13.3% of ~ 213.12MiB at    9.04MiB/s ETA 00:38 (frag 15/109)
[download]  13.3% of ~ 213.14MiB at    9.04MiB/s ETA 00:38 (frag 15/109)
[download]  13.3% of ~ 213.20MiB at    9.04MiB/s ETA 00:38 (frag 15/109)
[download]  13.3% of ~ 213.30MiB at    9.16MiB/s ETA 00:36 (frag 15/109)
[download]  14.0% of ~ 203.67MiB at    9.16MiB/s ETA 00:36 (frag 15/109)
[download]  13.9% of ~ 204.77MiB at    9.16MiB/s ETA 00:36 (frag 15/109)
[download]  13.9% of ~ 204.78MiB at    9.16MiB/s ETA 00:36 (frag 15/109)
[download]  13.9% of ~ 204.79MiB at    9.16MiB/s ETA 00:36 (frag 15/109)
[download]  13.9% of ~ 204.82MiB at    9.16MiB/s ETA 00:36 (frag 15/109)
[download]  13.9% of ~ 204.87MiB at    9.16MiB/s ETA 00:36 (frag 15/109)
[download]  14.0% of ~ 204.37MiB at    9.27MiB/s ETA 00:34 (frag 15/109)
[download]  14.0% of ~ 204.38MiB at    9.27MiB/s ETA 00:34 (frag 15/109)
[download]  14.0% of ~ 204.39MiB at    9.27MiB/s ETA 00:34 (frag 15/109)
[download]  14.0% of ~ 204.42MiB at    9.27MiB/s ETA 00:34 (frag 15/109)
[download]  14.0% of ~ 204.49MiB at    9.27MiB/s ETA 00:34 (frag 15/109)
[download]  14.0% of ~ 205.32MiB at    9.27MiB/s ETA 00:34 (frag 15/109)
[download]  13.4% of ~ 215.46MiB at    9.27MiB/s ETA 00:34 (frag 15/109)
[download]  13.9% of ~ 214.98MiB at    9.27MiB/s ETA 00:34 (frag 15/109)
[download]  14.1% of ~ 213.11MiB at    9.44MiB/s ETA 00:32 (frag 15/109)
[download]  13.4% of ~ 225.00MiB at    9.48MiB/s ETA 00:31 (frag 15/109)
[download]  14.2% of ~ 218.53MiB at    9.48MiB/s ETA 00:31 (frag 15/109)
[download]  13.8% of ~ 224.88MiB at    9.48MiB/s ETA 00:31 (frag 16/109)
[download]  15.0% of ~ 208.87MiB at    9.48MiB/s ETA 00:31 (frag 16/109)
[download]  14.9% of ~ 210.71MiB at    9.48MiB/s ETA 00:31 (frag 16/109)
[download]  14.9% of ~ 210.91MiB at    9.60MiB/s ETA 00:30 (frag 16/109)
[download]  14.9% of ~ 210.74MiB at    9.60MiB/s ETA 00:30 (frag 16/109)
[download]  14.4% of ~ 220.38MiB at    9.60MiB/s ETA 00:30 (frag 16/109)
[download]  14.9% of ~ 212.55MiB at    9.60MiB/s ETA 00:30 (frag 16/109)
[download]  15.0% of ~ 212.95MiB at    9.64MiB/s ETA 00:29 (frag 16/109)
[download]  14.3% of ~ 223.35MiB at    9.58MiB/s ETA 00:28 (frag 16/109)
[download]  15.1% of ~ 214.88MiB at    9.58MiB/s ETA 00:28 (frag 16/109)
[download]  15.0% of ~ 218.33MiB at    9.58MiB/s ETA 00:27 (frag 16/109)
[download]  15.2% of ~ 218.58MiB at    9.58MiB/s ETA 00:27 (frag 16/109)
[download]  14.7% of ~ 229.95MiB at    9.58MiB/s ETA 00:27 (frag 16/109)
[download]  14.4% of ~ 234.59MiB at    9.58MiB/s ETA 00:27 (frag 17/109)
[download]  15.4% of ~ 222.74MiB at    9.58MiB/s ETA 00:27 (frag 17/109)
[download]  15.2% of ~ 225.87MiB at    9.58MiB/s ETA 00:27 (frag 17/109)
[download]  15.2% of ~ 225.88MiB at    9.58MiB/s ETA 00:27 (frag 17/109)
[download]  15.2% of ~ 225.89MiB at    9.58MiB/s ETA 00:27 (frag 17/109)
[download]  15.2% of ~ 225.91MiB at    9.58MiB/s ETA 00:27 (frag 17/109)
[download]  15.2% of ~ 225.96MiB at    9.70MiB/s ETA 00:26 (frag 17/109)
[download]  15.2% of ~ 226.05MiB at    9.70MiB/s ETA 00:26 (frag 17/109)
[download]  16.1% of ~ 217.24MiB at    9.70MiB/s ETA 00:26 (frag 17/109)
[download]  15.9% of ~ 219.97MiB at    9.70MiB/s ETA 00:26 (frag 18/109)
[download]  16.9% of ~ 208.37MiB at    9.70MiB/s ETA 00:26 (frag 18/109)
[download]  16.2% of ~ 218.40MiB at    9.71MiB/s ETA 00:25 (frag 18/109)
[download]  17.0% of ~ 211.54MiB at    9.71MiB/s ETA 00:25 (frag 18/109)
[download]  16.7% of ~ 214.40MiB at    9.71MiB/s ETA 00:25 (frag 19/109)
[download]  17.7% of ~ 203.88MiB at    9.66MiB/s ETA 00:24 (frag 19/109)
[download]  17.0% of ~ 212.88MiB at    9.66MiB/s ETA 00:24 (frag 19/109)
[download]  17.4% of ~ 213.12MiB at    9.54MiB/s ETA 00:24 (frag 19/109)
[download]  17.9% of ~ 210.55MiB at    9.54MiB/s ETA 00:24 (frag 19/109)
[download]  17.7% of ~ 213.51MiB at    9.36MiB/s ETA 00:23 (frag 19/109)
[download]  17.7% of ~ 213.52MiB at    9.36MiB/s ETA 00:23 (frag 19/109)
[download]  17.7% of ~ 213.53MiB at    9.36MiB/s ETA 00:23 (frag 19/109)
[download]  17.7% of ~ 213.55MiB at    9.36MiB/s ETA 00:23 (frag 19/109)
[download]  17.7% of ~ 213.59MiB at    9.36MiB/s ETA 00:23 (frag 19/109)
[download]  17.7% of ~ 213.68MiB at    9.36MiB/s ETA 00:23 (frag 19/109)
[download]  17.2% of ~ 221.77MiB at    9.36MiB/s ETA 00:23 (frag 19/109)
[download]  17.7% of ~ 216.48MiB at    9.36MiB/s ETA 00:23 (frag 19/109)
[download]  17.7% of ~ 216.48MiB at    9.36MiB/s ETA 00:23 (frag 19/109)
[download]  17.7% of ~ 216.49MiB at    9.36MiB/s ETA 00:23 (frag 19/109)
[download]  17.7% of ~ 216.52MiB at    9.36MiB/s ETA 00:23 (frag 19/109)
[download]  17.7% of ~ 216.56MiB at    9.36MiB/s ETA 00:23 (frag 19/109)
[download]  17.7% of ~ 216.64MiB at    9.36MiB/s ETA 00:23 (frag 19/109)
[download]  17.1% of ~ 224.79MiB at    9.19MiB/s ETA 00:23 (frag 19/109)
[download]  17.1% of ~ 225.20MiB at    9.19MiB/s ETA 00:23 (frag 19/109)
[download]  17.1% of ~ 225.21MiB at    9.19MiB/s ETA 00:23 (frag 19/109)
[download]  17.1% of ~ 225.22MiB at    9.19MiB/s ETA 00:23 (frag 19/109)
[download]  17.1% of ~ 225.24MiB at    9.19MiB/s ETA 00:23 (frag 19/109)
[download]  17.1% of ~ 225.28MiB at    9.19MiB/s ETA 00:23 (frag 19/109)
[download]  17.1% of ~ 225.37MiB at    9.19MiB/s ETA 00:23 (frag 19/109)
[download]  17.9% of ~ 217.69MiB at    9.19MiB/s ETA 00:23 (frag 19/109)
[download]  17.7% of ~ 220.13MiB at    9.19MiB/s ETA 00:23 (frag 20/109)
[download]  18.8% of ~ 210.11MiB at    9.12MiB/s ETA 00:23 (frag 20/109)
[download]  18.4% of ~ 219.88MiB at    9.00MiB/s ETA 00:22 (frag 20/109)
[download]  18.0% of ~ 224.65MiB at    9.00MiB/s ETA 00:22 (frag 21/109)
[download]  19.5% of ~ 207.36MiB at    9.00MiB/s ETA 00:22 (frag 21/109)
[download]  19.5% of ~ 207.67MiB at    9.00MiB/s ETA 00:22 (frag 21/109)
[download]  19.5% of ~ 208.20MiB at    8.72MiB/s ETA 00:22 (frag 21/109)
[download]  19.5% of ~ 208.51MiB at    8.72MiB/s ETA 00:22 (frag 21/109)
[download]  18.9% of ~ 216.38MiB at    8.72MiB/s ETA 00:22 (frag 21/109)
[download]  18.9% of ~ 217.38MiB at    8.61MiB/s ETA 00:22 (frag 21/109)
[download]  19.7% of ~ 210.99MiB at    8.61MiB/s ETA 00:22 (frag 21/109)
[download]  19.5% of ~ 213.65MiB at    8.61MiB/s ETA 00:22 (frag 22/109)
[download]  19.8% of ~ 210.76MiB at    8.61MiB/s ETA 00:22 (frag 22/109)
[download]  20.4% of ~ 204.60MiB at    8.54MiB/s ETA 00:22 (frag 22/109)
[download]  20.4% of ~ 204.60MiB at    8.54MiB/s ETA 00:22 (frag 22/109)
[download]  20.4% of ~ 204.61MiB at    8.54MiB/s ETA 00:22 (frag 22/109)
[download]  20.4% of ~ 204.63MiB at    8.54MiB/s ETA 00:22 (frag 22/109)
[download]  20.4% of ~ 204.67MiB at    8.54MiB/s ETA 00:22 (frag 22/109)
[download]  20.4% of ~ 204.74MiB at    8.54MiB/s ETA 00:22 (frag 22/109)
[download]  20.5% of ~ 204.94MiB at    8.54MiB/s ETA 00:22 (frag 22/109)
[download]  19.9% of ~ 212.83MiB at    8.54MiB/s ETA 00:21 (frag 22/109)
[download]  20.4% of ~ 207.03MiB at    8.54MiB/s ETA 00:21 (frag 22/109)
[download]  20.4% of ~ 207.03MiB at    8.54MiB/s ETA 00:21 (frag 22/109)
[download]  20.4% of ~ 207.04MiB at    8.54MiB/s ETA 00:21 (frag 22/109)
[download]  20.4% of ~ 207.06MiB at    8.54MiB/s ETA 00:21 (frag 22/109)
[download]  20.0% of ~ 214.32MiB at    8.54MiB/s ETA 00:21 (frag 22/109)
[download]  20.4% of ~ 209.47MiB at    8.54MiB/s ETA 00:21 (frag 22/109)
[download]  20.2% of ~ 216.80MiB at    8.63MiB/s ETA 00:21 (frag 22/109)
[download]  19.8% of ~ 220.93MiB at    8.63MiB/s ETA 00:21 (frag 22/109)
[download]  19.8% of ~ 220.93MiB at    8.63MiB/s ETA 00:21 (frag 22/109)
[download]  19.8% of ~ 220.94MiB at    8.63MiB/s ETA 00:21 (frag 22/109)
[download]  19.8% of ~ 220.96MiB at    8.63MiB/s ETA 00:21 (frag 22/109)
[download]  19.8% of ~ 221.00MiB at    8.63MiB/s ETA 00:21 (frag 22/109)
[download]  19.8% of ~ 221.07MiB at    8.63MiB/s ETA 00:21 (frag 22/109)
[download]  20.5% of ~ 214.80MiB at    8.68MiB/s ETA 00:21 (frag 22/109)
[download]  20.5% of ~ 214.87MiB at    8.64MiB/s ETA 00:21 (frag 22/109)
[download]  20.0% of ~ 222.00MiB at    8.64MiB/s ETA 00:21 (frag 22/109)
[download]  20.5% of ~ 217.38MiB at    8.64MiB/s ETA 00:21 (frag 22/109)
[download]  20.5% of ~ 217.68MiB at    8.58MiB/s ETA 00:21 (frag 22/109)
[download]  19.9% of ~ 224.92MiB at    8.48MiB/s ETA 00:21 (frag 22/109)
[download]  19.9% of ~ 225.22MiB at    8.48MiB/s ETA 00:21 (frag 22/109)
[download]  20.7% of ~ 219.45MiB at    8.48MiB/s ETA 00:21 (frag 22/109)
[download]  20.7% of ~ 221.82MiB at    8.48MiB/s ETA 00:21 (frag 22/109)
[download]  20.4% of ~ 224.06MiB at    8.48MiB/s ETA 00:21 (frag 23/109)
[download]  21.1% of ~ 221.41MiB at    8.48MiB/s ETA 00:21 (frag 23/109)
[download]  20.7% of ~ 225.70MiB at    8.48MiB/s ETA 00:21 (frag 24/109)
[download]  22.1% of ~ 216.42MiB at    8.62MiB/s ETA 00:21 (frag 24/109)
[download]  22.4% of ~ 214.35MiB at    8.62MiB/s ETA 00:21 (frag 24/109)
[download]  21.8% of ~ 221.56MiB at    8.58MiB/s ETA 00:20 (frag 24/109)
[download]  22.3% of ~ 216.74MiB at    8.58MiB/s ETA 00:20 (frag 24/109)
[download]  22.4% of ~ 217.41MiB at    8.58MiB/s ETA 00:20 (frag 24/109)
[download]  22.1% of ~ 224.81MiB at    8.58MiB/s ETA 00:20 (frag 24/109)
[download]  22.1% of ~ 228.95MiB at    8.59MiB/s ETA 00:20 (frag 24/109)
[download]  21.7% of ~ 232.82MiB at    8.59MiB/s ETA 00:20 (frag 25/109)
[download]  23.4% of ~ 217.68MiB at    8.66MiB/s ETA 00:20 (frag 25/109)
[download]  22.9% of ~ 222.34MiB at    8.66MiB/s ETA 00:20 (frag 25/109)
[download]  22.9% of ~ 222.35MiB at    8.66MiB/s ETA 00:20 (frag 25/109)
[download]  22.9% of ~ 222.35MiB at    8.66MiB/s ETA 00:20 (frag 25/109)
[download]  22.9% of ~ 222.37MiB at    8.66MiB/s ETA 00:20 (frag 25/109)
[download]  23.0% of ~ 222.40MiB at    8.66MiB/s ETA 00:20 (frag 25/109)
[download]  23.0% of ~ 222.47MiB at    8.66MiB/s ETA 00:20 (frag 25/109)
[download]  23.2% of ~ 220.41MiB at    8.66MiB/s ETA 00:20 (frag 25/109)
[download]  23.2% of ~ 220.42MiB at    8.66MiB/s ETA 00:20 (frag 25/109)
[download]  23.2% of ~ 220.42MiB at    8.66MiB/s ETA 00:20 (frag 25/109)
[download]  23.2% of ~ 220.44MiB at    8.66MiB/s ETA 00:20 (frag 25/109)
[download]  23.2% of ~ 220.47MiB at    8.66MiB/s ETA 00:20 (frag 25/109)
[download]  23.2% of ~ 220.54MiB at    8.66MiB/s ETA 00:20 (frag 25/109)
[download]  23.3% of ~ 220.62MiB at    8.69MiB/s ETA 00:20 (frag 25/109)
[download]  23.0% of ~ 227.72MiB at    8.75MiB/s ETA 00:20 (frag 25/109)
[download]  22.6% of ~ 231.64MiB at    8.75MiB/s ETA 00:20 (frag 26/109)
[download]  24.3% of ~ 216.91MiB at    8.75MiB/s ETA 00:20 (frag 26/109)
[download]  24.1% of ~ 218.58MiB at    8.75MiB/s ETA 00:20 (frag 27/109)
[download]  24.8% of ~ 213.15MiB at    8.72MiB/s ETA 00:20 (frag 27/109)
[download]  24.6% of ~ 216.48MiB at    8.72MiB/s ETA 00:20 (frag 27/109)
[download]  25.0% of ~ 213.31MiB at    8.72MiB/s ETA 00:20 (frag 27/109)
[download]  25.0% of ~ 213.45MiB at    8.72MiB/s ETA 00:20 (frag 27/109)
[download]  25.0% of ~ 213.45MiB at    8.72MiB/s ETA 00:20 (frag 27/109)
[download]  25.0% of ~ 213.46MiB at    8.72MiB/s ETA 00:20 (frag 27/109)
[download]  25.0% of ~ 213.48MiB at    8.72MiB/s ETA 00:20 (frag 27/109)
[download]  25.0% of ~ 213.51MiB at    8.72MiB/s ETA 00:20 (frag 27/109)
[download]  25.0% of ~ 213.57MiB at    8.72MiB/s ETA 00:20 (frag 27/109)
[download]  25.1% of ~ 213.63MiB at    8.72MiB/s ETA 00:20 (frag 27/109)
[download]  24.8% of ~ 216.80MiB at    8.67MiB/s ETA 00:20 (frag 27/109)
[download]  24.4% of ~ 220.54MiB at    8.67MiB/s ETA 00:20 (frag 27/109)
[download]  24.4% of ~ 220.55MiB at    8.67MiB/s ETA 00:20 (frag 27/109)
[download]  24.4% of ~ 220.55MiB at    8.67MiB/s ETA 00:20 (frag 27/109)
[download]  24.4% of ~ 220.57MiB at    8.67MiB/s ETA 00:20 (frag 27/109)
[download]  24.4% of ~ 220.60MiB at    8.67MiB/s ETA 00:20 (frag 27/109)
[download]  24.4% of ~ 220.66MiB at    8.67MiB/s ETA 00:20 (frag 27/109)
[download]  25.0% of ~ 215.49MiB at    8.67MiB/s ETA 00:20 (frag 27/109)
[download]  25.0% of ~ 215.88MiB at    8.67MiB/s ETA 00:20 (frag 27/109)
[download]  25.2% of ~ 216.17MiB at    8.72MiB/s ETA 00:19 (frag 27/109)
[download]  25.1% of ~ 218.04MiB at    8.72MiB/s ETA 00:19 (frag 27/109)
[download]  25.2% of ~ 218.47MiB at    8.72MiB/s ETA 00:19 (frag 27/109)
[download]  25.1% of ~ 220.53MiB at    8.79MiB/s ETA 00:19 (frag 27/109)
[download]  25.0% of ~ 221.50MiB at    8.79MiB/s ETA 00:19 (frag 28/109)
[download]  25.8% of ~ 215.87MiB at    8.76MiB/s ETA 00:19 (frag 28/109)
[download]  25.3% of ~ 219.96MiB at    8.76MiB/s ETA 00:19 (frag 28/109)
[download]  25.4% of ~ 220.19MiB at    8.76MiB/s ETA 00:19 (frag 28/109)
[download]  26.0% of ~ 215.55MiB at    8.76MiB/s ETA 00:19 (frag 28/109)
[download]  25.8% of ~ 221.43MiB at    8.76MiB/s ETA 00:19 (frag 28/109)
[download]  26.0% of ~ 220.15MiB at    8.76MiB/s ETA 00:19 (frag 28/109)
[download]  26.2% of ~ 221.04MiB at    8.81MiB/s ETA 00:19 (frag 28/109)
[download]  25.9% of ~ 222.77MiB at    8.81MiB/s ETA 00:19 (frag 29/109)
[download]  26.8% of ~ 217.39MiB at    8.84MiB/s ETA 00:19 (frag 29/109)
[download]  26.9% of ~ 217.01MiB at    8.84MiB/s ETA 00:19 (frag 29/109)
[download]  26.9% of ~ 217.01MiB at    8.84MiB/s ETA 00:19 (frag 29/109)
[download]  26.9% of ~ 217.02MiB at    8.84MiB/s ETA 00:19 (frag 29/109)
[download]  26.9% of ~ 217.03MiB at    8.84MiB/s ETA 00:19 (frag 29/109)
[download]  26.9% of ~ 217.06MiB at    8.84MiB/s ETA 00:19 (frag 29/109)
[download]  26.9% of ~ 217.12MiB at    8.84MiB/s ETA 00:19 (frag 29/109)
[download]  27.1% of ~ 217.44MiB at    8.84MiB/s ETA 00:19 (frag 29/109)
[download]  27.1% of ~ 219.35MiB at    8.92MiB/s ETA 00:19 (frag 29/109)
[download]  26.9% of ~ 221.04MiB at    8.78MiB/s ETA 00:19 (frag 29/109)
[download]  26.9% of ~ 221.05MiB at    8.78MiB/s ETA 00:19 (frag 29/109)
[download]  26.9% of ~ 221.05MiB at    8.78MiB/s ETA 00:19 (frag 29/109)
[download]  26.9% of ~ 221.07MiB at    8.78MiB/s ETA 00:19 (frag 29/109)
[download]  27.1% of ~ 221.13MiB at    8.78MiB/s ETA 00:19 (frag 29/109)
[download]  26.9% of ~ 222.86MiB at    8.78MiB/s ETA 00:19 (frag 30/109)
[download]  27.1% of ~ 220.66MiB at    8.67MiB/s ETA 00:19 (frag 30/109)
[download]  27.1% of ~ 220.66MiB at    8.67MiB/s ETA 00:19 (frag 30/109)
[download]  27.1% of ~ 220.67MiB at    8.67MiB/s ETA 00:19 (frag 30/109)
[download]  27.1% of ~ 220.68MiB at    8.67MiB/s ETA 00:19 (frag 30/109)
[download]  27.1% of ~ 220.71MiB at    8.67MiB/s ETA 00:19 (frag 30/109)
[download]  27.1% of ~ 220.77MiB at    8.67MiB/s ETA 00:19 (frag 30/109)
[download]  27.5% of ~ 220.59MiB at    8.67MiB/s ETA 00:19 (frag 30/109)
[download]  27.2% of ~ 223.46MiB at    8.67MiB/s ETA 00:19 (frag 31/109)
[download]  28.2% of ~ 216.63MiB at    8.66MiB/s ETA 00:19 (frag 31/109)
[download]  28.7% of ~ 212.57MiB at    8.66MiB/s ETA 00:19 (frag 31/109)
[download]  28.8% of ~ 212.78MiB at    8.66MiB/s ETA 00:19 (frag 31/109)
[download]  28.7% of ~ 213.38MiB at    8.66MiB/s ETA 00:19 (frag 31/109)
[download]  28.9% of ~ 213.55MiB at    8.67MiB/s ETA 00:18 (frag 31/109)
[download]  28.7% of ~ 215.25MiB at    8.67MiB/s ETA 00:18 (frag 32/109)
[download]  28.9% of ~ 213.34MiB at    8.57MiB/s ETA 00:18 (frag 32/109)
[download]  29.6% of ~ 208.82MiB at    8.57MiB/s ETA 00:18 (frag 32/109)
[download]  29.8% of ~ 210.77MiB at    8.55MiB/s ETA 00:18 (frag 32/109)
[download]  29.3% of ~ 214.07MiB at    8.55MiB/s ETA 00:18 (frag 32/109)
[download]  29.3% of ~ 214.15MiB at    8.55MiB/s ETA 00:18 (frag 33/109)
[download]  30.5% of ~ 206.07MiB at    8.55MiB/s ETA 00:18 (frag 33/109)
[download]  30.5% of ~ 206.08MiB at    8.55MiB/s ETA 00:18 (frag 33/109)
[download]  30.5% of ~ 206.08MiB at    8.55MiB/s ETA 00:18 (frag 33/109)
[download]  30.5% of ~ 206.10MiB at    8.55MiB/s ETA 00:18 (frag 33/109)
[download]  30.5% of ~ 206.12MiB at    8.55MiB/s ETA 00:18 (frag 33/109)
[download]  30.5% of ~ 206.17MiB at    8.55MiB/s ETA 00:18 (frag 33/109)
[download]  30.6% of ~ 206.11MiB at    8.55MiB/s ETA 00:18 (frag 33/109)
[download]  30.5% of ~ 206.97MiB at    8.48MiB/s ETA 00:18 (frag 33/109)
[download]  30.5% of ~ 206.97MiB at    8.48MiB/s ETA 00:18 (frag 33/109)
[download]  30.5% of ~ 206.98MiB at    8.48MiB/s ETA 00:18 (frag 33/109)
[download]  30.5% of ~ 206.99MiB at    8.48MiB/s ETA 00:18 (frag 33/109)
[download]  30.5% of ~ 207.02MiB at    8.48MiB/s ETA 00:18 (frag 33/109)
[download]  30.5% of ~ 207.07MiB at    8.48MiB/s ETA 00:18 (frag 33/109)
[download]  29.9% of ~ 211.84MiB at    8.48MiB/s ETA 00:18 (frag 33/109)
[download]  30.5% of ~ 207.66MiB at    8.35MiB/s ETA 00:18 (frag 33/109)
[download]  29.8% of ~ 212.99MiB at    8.35MiB/s ETA 00:18 (frag 33/109)
[download]  29.8% of ~ 213.00MiB at    8.35MiB/s ETA 00:18 (frag 33/109)
[download]  29.8% of ~ 213.00MiB at    8.35MiB/s ETA 00:18 (frag 33/109)
[download]  29.8% of ~ 213.02MiB at    8.35MiB/s ETA 00:18 (frag 33/109)
[download]  29.8% of ~ 213.04MiB at    8.35MiB/s ETA 00:18 (frag 33/109)
[download]  29.8% of ~ 213.09MiB at    8.35MiB/s ETA 00:18 (frag 33/109)
[download]  30.1% of ~ 212.53MiB at    8.23MiB/s ETA 00:18 (frag 33/109)
[download]  30.5% of ~ 209.67MiB at    8.23MiB/s ETA 00:18 (frag 33/109)
[download]  30.6% of ~ 209.87MiB at    8.23MiB/s ETA 00:18 (frag 33/109)
[download]  30.5% of ~ 210.17MiB at    8.11MiB/s ETA 00:18 (frag 33/109)
[download]  30.5% of ~ 210.62MiB at    8.11MiB/s ETA 00:18 (frag 33/109)
[download]  30.5% of ~ 210.62MiB at    8.11MiB/s ETA 00:18 (frag 33/109)
[download]  30.5% of ~ 210.63MiB at    8.11MiB/s ETA 00:18 (frag 33/109)
[download]  30.5% of ~ 210.64MiB at    8.11MiB/s ETA 00:18 (frag 33/109)
[download]  30.5% of ~ 210.67MiB at    8.11MiB/s ETA 00:18 (frag 33/109)
[download]  30.5% of ~ 210.72MiB at    8.11MiB/s ETA 00:18 (frag 33/109)
[download]  30.6% of ~ 210.57MiB at    8.11MiB/s ETA 00:18 (frag 33/109)
[download]  30.0% of ~ 215.64MiB at    8.11MiB/s ETA 00:18 (frag 33/109)
[download]  30.6% of ~ 211.86MiB at    8.08MiB/s ETA 00:18 (frag 33/109)
[download]  29.8% of ~ 217.40MiB at    8.08MiB/s ETA 00:18 (frag 33/109)
[download]  29.8% of ~ 217.60MiB at    8.08MiB/s ETA 00:18 (frag 33/109)
[download]  30.8% of ~ 212.71MiB at    8.08MiB/s ETA 00:18 (frag 33/109)
[download]  30.6% of ~ 214.38MiB at    8.03MiB/s ETA 00:18 (frag 33/109)
[download]  30.5% of ~ 215.43MiB at    8.03MiB/s ETA 00:18 (frag 33/109)
[download]  30.5% of ~ 215.63MiB at    8.03MiB/s ETA 00:18 (frag 33/109)
[download]  30.6% of ~ 215.87MiB at    7.93MiB/s ETA 00:18 (frag 33/109)
[download]  30.1% of ~ 221.25MiB at    7.93MiB/s ETA 00:18 (frag 33/109)
[download]  30.6% of ~ 218.28MiB at    7.88MiB/s ETA 00:18 (frag 33/109)
[download]  30.4% of ~ 223.55MiB at    7.88MiB/s ETA 00:18 (frag 33/109)
[download]  30.7% of ~ 222.13MiB at    7.88MiB/s ETA 00:18 (frag 33/109)
[download]  30.6% of ~ 223.47MiB at    7.88MiB/s ETA 00:18 (frag 34/109)
[download]  31.5% of ~ 217.39MiB at    7.99MiB/s ETA 00:18 (frag 34/109)
[download]  31.7% of ~ 217.92MiB at    7.99MiB/s ETA 00:18 (frag 34/109)
[download]  30.9% of ~ 224.55MiB at    7.99MiB/s ETA 00:18 (frag 34/109)
[download]  31.7% of ~ 220.35MiB at    7.99MiB/s ETA 00:18 (frag 34/109)
[download]  31.7% of ~ 221.91MiB at    8.16MiB/s ETA 00:18 (frag 34/109)
[download]  31.7% of ~ 223.46MiB at    8.31MiB/s ETA 00:18 (frag 34/109)
[download]  31.5% of ~ 224.92MiB at    8.31MiB/s ETA 00:18 (frag 35/109)
[download]  32.1% of ~ 222.89MiB at    8.31MiB/s ETA 00:18 (frag 35/109)
[download]  31.8% of ~ 225.50MiB at    8.31MiB/s ETA 00:18 (frag 36/109)
[download]  33.5% of ~ 215.21MiB at    8.31MiB/s ETA 00:18 (frag 36/109)
[download]  33.3% of ~ 216.50MiB at    8.31MiB/s ETA 00:18 (frag 37/109)
[download]  34.2% of ~ 210.80MiB at    8.46MiB/s ETA 00:18 (frag 37/109)
[download]  34.2% of ~ 210.80MiB at    8.46MiB/s ETA 00:18 (frag 37/109)
[download]  34.2% of ~ 210.81MiB at    8.46MiB/s ETA 00:18 (frag 37/109)
[download]  34.2% of ~ 210.82MiB at    8.46MiB/s ETA 00:18 (frag 37/109)
[download]  34.2% of ~ 210.84MiB at    8.46MiB/s ETA 00:18 (frag 37/109)
[download]  34.2% of ~ 210.89MiB at    8.46MiB/s ETA 00:18 (frag 37/109)
[download]  33.7% of ~ 215.66MiB at    8.46MiB/s ETA 00:18 (frag 37/109)
[download]  34.0% of ~ 216.60MiB at    8.46MiB/s ETA 00:18 (frag 37/109)
[download]  34.4% of ~ 215.38MiB at    8.56MiB/s ETA 00:17 (frag 37/109)
[download]  34.2% of ~ 216.73MiB at    8.56MiB/s ETA 00:17 (frag 38/109)
[download]  35.3% of ~ 211.30MiB at    8.44MiB/s ETA 00:17 (frag 38/109)
[download]  35.1% of ~ 212.47MiB at    8.44MiB/s ETA 00:17 (frag 38/109)
[download]  34.9% of ~ 216.73MiB at    8.44MiB/s ETA 00:17 (frag 38/109)
[download]  34.5% of ~ 219.23MiB at    8.44MiB/s ETA 00:17 (frag 39/109)
[download]  35.3% of ~ 213.74MiB at    8.44MiB/s ETA 00:17 (frag 39/109)
[download]  35.3% of ~ 213.74MiB at    8.44MiB/s ETA 00:17 (frag 39/109)
[download]  35.3% of ~ 213.75MiB at    8.44MiB/s ETA 00:17 (frag 39/109)
[download]  35.3% of ~ 213.76MiB at    8.44MiB/s ETA 00:17 (frag 39/109)
[download]  35.4% of ~ 213.78MiB at    8.44MiB/s ETA 00:17 (frag 39/109)
[download]  35.4% of ~ 213.82MiB at    8.44MiB/s ETA 00:17 (frag 39/109)
[download]  36.0% of ~ 210.17MiB at    8.42MiB/s ETA 00:17 (frag 39/109)
[download]  36.0% of ~ 210.17MiB at    8.42MiB/s ETA 00:17 (frag 39/109)
[download]  36.0% of ~ 210.18MiB at    8.42MiB/s ETA 00:17 (frag 39/109)
[download]  36.0% of ~ 210.19MiB at    8.42MiB/s ETA 00:17 (frag 39/109)
[download]  36.0% of ~ 210.21MiB at    8.42MiB/s ETA 00:17 (frag 39/109)
[download]  36.0% of ~ 210.25MiB at    8.42MiB/s ETA 00:17 (frag 39/109)
[download]  35.7% of ~ 214.55MiB at    8.42MiB/s ETA 00:17 (frag 39/109)
[download]  36.0% of ~ 212.95MiB at    8.42MiB/s ETA 00:17 (frag 39/109)
[download]  36.0% of ~ 212.96MiB at    8.42MiB/s ETA 00:17 (frag 39/109)
[download]  36.0% of ~ 212.96MiB at    8.42MiB/s ETA 00:17 (frag 39/109)
[download]  36.0% of ~ 212.97MiB at    8.42MiB/s ETA 00:17 (frag 39/109)
[download]  36.0% of ~ 212.99MiB at    8.42MiB/s ETA 00:17 (frag 39/109)
[download]  36.0% of ~ 213.04MiB at    8.42MiB/s ETA 00:17 (frag 39/109)
[download]  35.4% of ~ 216.57MiB at    8.35MiB/s ETA 00:17 (frag 39/109)
[download]  35.4% of ~ 216.57MiB at    8.35MiB/s ETA 00:17 (frag 39/109)
[download]  35.4% of ~ 216.58MiB at    8.35MiB/s ETA 00:17 (frag 39/109)
[download]  35.4% of ~ 216.59MiB at    8.35MiB/s ETA 00:17 (frag 39/109)
[download]  36.1% of ~ 213.04MiB at    8.35MiB/s ETA 00:17 (frag 39/109)
[download]  35.4% of ~ 217.35MiB at    8.35MiB/s ETA 00:17 (frag 39/109)
[download]  35.4% of ~ 217.12MiB at    8.35MiB/s ETA 00:17 (frag 39/109)
[download]  35.4% of ~ 217.16MiB at    8.35MiB/s ETA 00:17 (frag 39/109)
[download]  36.2% of ~ 213.89MiB at    8.35MiB/s ETA 00:17 (frag 39/109)
[download]  36.0% of ~ 215.30MiB at    8.35MiB/s ETA 00:17 (frag 40/109)
[download]  36.9% of ~ 210.06MiB at    8.38MiB/s ETA 00:17 (frag 40/109)
[download]  36.9% of ~ 210.12MiB at    8.38MiB/s ETA 00:17 (frag 40/109)
[download]  36.9% of ~ 210.18MiB at    8.35MiB/s ETA 00:17 (frag 40/109)
[download]  36.9% of ~ 210.19MiB at    8.35MiB/s ETA 00:17 (frag 40/109)
[download]  36.9% of ~ 210.19MiB at    8.35MiB/s ETA 00:17 (frag 40/109)
[download]  36.9% of ~ 210.20MiB at    8.35MiB/s ETA 00:17 (frag 40/109)
[download]  36.9% of ~ 210.22MiB at    8.35MiB/s ETA 00:17 (frag 40/109)
[download]  36.9% of ~ 210.26MiB at    8.35MiB/s ETA 00:17 (frag 40/109)
[download]  36.7% of ~ 214.67MiB at    8.48MiB/s ETA 00:17 (frag 40/109)
[download]  36.2% of ~ 217.51MiB at    8.48MiB/s ETA 00:17 (frag 41/109)
[download]  37.2% of ~ 211.88MiB at    8.48MiB/s ETA 00:17 (frag 41/109)
[download]  37.3% of ~ 211.82MiB at    8.48MiB/s ETA 00:17 (frag 41/109)
[download]  38.0% of ~ 208.58MiB at    8.48MiB/s ETA 00:17 (frag 41/109)
[download]  37.9% of ~ 209.35MiB at    8.54MiB/s ETA 00:16 (frag 41/109)
[download]  37.9% of ~ 209.78MiB at    8.54MiB/s ETA 00:16 (frag 41/109)
[download]  37.9% of ~ 209.89MiB at    8.54MiB/s ETA 00:16 (frag 41/109)
[download]  37.2% of ~ 213.70MiB at    8.54MiB/s ETA 00:16 (frag 41/109)
[download]  37.2% of ~ 213.70MiB at    8.54MiB/s ETA 00:16 (frag 41/109)
[download]  37.2% of ~ 213.70MiB at    8.54MiB/s ETA 00:16 (frag 41/109)
[download]  37.2% of ~ 213.72MiB at    8.54MiB/s ETA 00:16 (frag 41/109)
[download]  37.2% of ~ 213.74MiB at    8.54MiB/s ETA 00:16 (frag 41/109)
[download]  37.2% of ~ 213.78MiB at    8.54MiB/s ETA 00:16 (frag 41/109)
[download]  37.9% of ~ 210.22MiB at    8.49MiB/s ETA 00:16 (frag 41/109)
[download]  37.3% of ~ 214.31MiB at    8.49MiB/s ETA 00:16 (frag 41/109)
[download]  37.3% of ~ 214.58MiB at    8.49MiB/s ETA 00:16 (frag 41/109)
[download]  38.1% of ~ 211.50MiB at    8.46MiB/s ETA 00:16 (frag 41/109)
[download]  38.0% of ~ 212.92MiB at    8.46MiB/s ETA 00:16 (frag 41/109)
[download]  37.9% of ~ 213.67MiB at    8.46MiB/s ETA 00:16 (frag 41/109)
[download]  37.9% of ~ 214.01MiB at    8.46MiB/s ETA 00:16 (frag 41/109)
[download]  37.9% of ~ 214.01MiB at    8.49MiB/s ETA 00:16 (frag 41/109)
[download]  37.9% of ~ 214.01MiB at    8.49MiB/s ETA 00:16 (frag 41/109)
[download]  37.9% of ~ 214.02MiB at    8.49MiB/s ETA 00:16 (frag 41/109)
[download]  37.9% of ~ 214.04MiB at    8.49MiB/s ETA 00:16 (frag 41/109)
[download]  37.9% of ~ 214.08MiB at    8.49MiB/s ETA 00:16 (frag 41/109)
[download]  37.3% of ~ 217.91MiB at    8.31MiB/s ETA 00:16 (frag 41/109)
[download]  38.0% of ~ 214.43MiB at    8.31MiB/s ETA 00:16 (frag 41/109)
[download]  37.4% of ~ 218.85MiB at    8.31MiB/s ETA 00:16 (frag 41/109)
[download]  37.4% of ~ 219.77MiB at    8.31MiB/s ETA 00:16 (frag 41/109)
[download]  38.1% of ~ 217.01MiB at    8.31MiB/s ETA 00:16 (frag 41/109)
[download]  37.9% of ~ 218.14MiB at    8.31MiB/s ETA 00:16 (frag 42/109)
[download]  39.0% of ~ 213.19MiB at    8.31MiB/s ETA 00:16 (frag 42/109)
[download]  38.8% of ~ 214.25MiB at    8.31MiB/s ETA 00:16 (frag 42/109)
[download]  38.9% of ~ 214.41MiB at    8.31MiB/s ETA 00:16 (frag 42/109)
[download]  39.0% of ~ 215.03MiB at    8.31MiB/s ETA 00:16 (frag 42/109)
[download]  38.2% of ~ 219.65MiB at    8.29MiB/s ETA 00:16 (frag 42/109)
[download]  39.0% of ~ 216.41MiB at    8.29MiB/s ETA 00:16 (frag 42/109)
[download]  38.4% of ~ 220.99MiB at    8.37MiB/s ETA 00:16 (frag 42/109)
[download]  39.0% of ~ 219.05MiB at    8.37MiB/s ETA 00:16 (frag 42/109)
[download]  38.8% of ~ 220.27MiB at    8.37MiB/s ETA 00:16 (frag 43/109)
[download]  39.8% of ~ 215.06MiB at    8.45MiB/s ETA 00:16 (frag 43/109)
[download]  39.9% of ~ 215.98MiB at    8.45MiB/s ETA 00:16 (frag 43/109)
[download]  39.7% of ~ 217.27MiB at    8.45MiB/s ETA 00:16 (frag 44/109)
[download]  40.8% of ~ 212.25MiB at    8.49MiB/s ETA 00:16 (frag 44/109)
[download]  40.6% of ~ 213.32MiB at    8.49MiB/s ETA 00:16 (frag 45/109)
[download]  41.5% of ~ 208.78MiB at    8.49MiB/s ETA 00:16 (frag 45/109)
[download]  41.5% of ~ 208.78MiB at    8.49MiB/s ETA 00:16 (frag 45/109)
[download]  41.5% of ~ 208.78MiB at    8.49MiB/s ETA 00:16 (frag 45/109)
[download]  41.5% of ~ 208.79MiB at    8.49MiB/s ETA 00:16 (frag 45/109)
[download]  41.5% of ~ 208.81MiB at    8.49MiB/s ETA 00:16 (frag 45/109)
[download]  41.5% of ~ 208.85MiB at    8.49MiB/s ETA 00:16 (frag 45/109)
[download]  41.0% of ~ 212.15MiB at    8.48MiB/s ETA 00:15 (frag 45/109)
[download]  41.3% of ~ 212.86MiB at    8.47MiB/s ETA 00:15 (frag 45/109)
[download]  41.5% of ~ 211.89MiB at    8.47MiB/s ETA 00:15 (frag 45/109)
[download]  41.1% of ~ 215.26MiB at    8.52MiB/s ETA 00:15 (frag 45/109)
[download]  41.5% of ~ 213.48MiB at    8.52MiB/s ETA 00:15 (frag 45/109)
[download]  41.5% of ~ 213.49MiB at    8.52MiB/s ETA 00:15 (frag 45/109)
[download]  41.5% of ~ 213.49MiB at    8.52MiB/s ETA 00:15 (frag 45/109)
[download]  41.5% of ~ 213.50MiB at    8.52MiB/s ETA 00:15 (frag 45/109)
[download]  41.5% of ~ 213.52MiB at    8.52MiB/s ETA 00:15 (frag 45/109)
[download]  41.5% of ~ 213.55MiB at    8.52MiB/s ETA 00:15 (frag 45/109)
[download]  41.5% of ~ 213.62MiB at    8.52MiB/s ETA 00:15 (frag 45/109)
[download]  41.5% of ~ 213.62MiB at    8.52MiB/s ETA 00:15 (frag 45/109)
[download]  41.5% of ~ 213.63MiB at    8.52MiB/s ETA 00:15 (frag 45/109)
[download]  41.5% of ~ 213.64MiB at    8.51MiB/s ETA 00:15 (frag 45/109)
[download]  41.5% of ~ 213.66MiB at    8.51MiB/s ETA 00:15 (frag 45/109)
[download]  41.5% of ~ 213.69MiB at    8.51MiB/s ETA 00:15 (frag 45/109)
[download]  41.8% of ~ 213.32MiB at    8.51MiB/s ETA 00:15 (frag 45/109)
[download]  41.4% of ~ 217.69MiB at    8.51MiB/s ETA 00:15 (frag 45/109)
[download]  41.6% of ~ 217.06MiB at    8.65MiB/s ETA 00:15 (frag 45/109)
[download]  41.3% of ~ 220.70MiB at    8.65MiB/s ETA 00:15 (frag 45/109)
[download]  40.9% of ~ 222.82MiB at    8.65MiB/s ETA 00:15 (frag 46/109)
[download]  42.4% of ~ 215.06MiB at    8.77MiB/s ETA 00:15 (frag 46/109)
[download]  42.7% of ~ 214.76MiB at    8.77MiB/s ETA 00:15 (frag 46/109)
[download]  42.5% of ~ 215.70MiB at    8.77MiB/s ETA 00:15 (frag 47/109)
[download]  43.3% of ~ 211.64MiB at    8.77MiB/s ETA 00:15 (frag 47/109)
[download]  43.3% of ~ 211.77MiB at    8.77MiB/s ETA 00:15 (frag 47/109)
[download]  43.3% of ~ 212.06MiB at    8.88MiB/s ETA 00:15 (frag 47/109)
[download]  43.5% of ~ 212.09MiB at    8.95MiB/s ETA 00:14 (frag 47/109)
[download]  43.1% of ~ 215.53MiB at    9.02MiB/s ETA 00:14 (frag 47/109)
[download]  42.8% of ~ 217.23MiB at    9.02MiB/s ETA 00:14 (frag 48/109)
[download]  44.3% of ~ 210.22MiB at    9.02MiB/s ETA 00:14 (frag 48/109)
[download]  44.3% of ~ 210.79MiB at    9.02MiB/s ETA 00:14 (frag 48/109)
[download]  43.6% of ~ 214.16MiB at    9.07MiB/s ETA 00:14 (frag 48/109)
[download]  43.6% of ~ 214.16MiB at    9.07MiB/s ETA 00:14 (frag 48/109)
[download]  43.6% of ~ 214.16MiB at    9.07MiB/s ETA 00:14 (frag 48/109)
[download]  43.6% of ~ 214.17MiB at    9.07MiB/s ETA 00:14 (frag 48/109)
[download]  43.5% of ~ 214.89MiB at    9.07MiB/s ETA 00:14 (frag 48/109)
[download]  43.5% of ~ 214.89MiB at    9.07MiB/s ETA 00:14 (frag 48/109)
[download]  43.5% of ~ 214.89MiB at    9.07MiB/s ETA 00:14 (frag 48/109)
[download]  43.5% of ~ 214.90MiB at    9.07MiB/s ETA 00:14 (frag 48/109)
[download]  43.5% of ~ 214.92MiB at    9.07MiB/s ETA 00:14 (frag 48/109)
[download]  43.5% of ~ 214.95MiB at    9.07MiB/s ETA 00:14 (frag 48/109)
[download]  44.2% of ~ 211.40MiB at    8.97MiB/s ETA 00:14 (frag 48/109)
[download]  44.2% of ~ 211.40MiB at    8.97MiB/s ETA 00:14 (frag 48/109)
[download]  44.2% of ~ 211.40MiB at    8.97MiB/s ETA 00:14 (frag 48/109)
[download]  44.2% of ~ 211.41MiB at    8.97MiB/s ETA 00:14 (frag 48/109)
[download]  44.2% of ~ 211.43MiB at    8.97MiB/s ETA 00:14 (frag 48/109)
[download]  43.6% of ~ 214.39MiB at    8.84MiB/s ETA 00:14 (frag 48/109)
[download]  44.4% of ~ 211.61MiB at    8.84MiB/s ETA 00:14 (frag 48/109)
[download]  43.5% of ~ 216.24MiB at    8.64MiB/s ETA 00:14 (frag 48/109)
[download]  44.4% of ~ 212.87MiB at    8.64MiB/s ETA 00:14 (frag 48/109)
[download]  44.3% of ~ 213.73MiB at    8.49MiB/s ETA 00:14 (frag 48/109)
[download]  44.3% of ~ 213.73MiB at    8.49MiB/s ETA 00:14 (frag 48/109)
[download]  44.3% of ~ 213.74MiB at    8.49MiB/s ETA 00:14 (frag 48/109)
[download]  44.3% of ~ 213.74MiB at    8.49MiB/s ETA 00:14 (frag 48/109)
[download]  44.3% of ~ 213.76MiB at    8.49MiB/s ETA 00:14 (frag 48/109)
[download]  44.3% of ~ 213.80MiB at    8.49MiB/s ETA 00:14 (frag 48/109)
[download]  44.2% of ~ 214.00MiB at    8.49MiB/s ETA 00:14 (frag 48/109)
[download]  43.7% of ~ 217.00MiB at    8.49MiB/s ETA 00:14 (frag 48/109)
[download]  44.3% of ~ 214.14MiB at    8.49MiB/s ETA 00:14 (frag 48/109)
[download]  44.5% of ~ 214.39MiB at    8.30MiB/s ETA 00:14 (frag 48/109)
[download]  44.2% of ~ 215.70MiB at    8.30MiB/s ETA 00:14 (frag 49/109)
[download]  44.5% of ~ 214.83MiB at    8.01MiB/s ETA 00:14 (frag 49/109)
[download]  45.4% of ~ 211.67MiB at    8.01MiB/s ETA 00:14 (frag 49/109)
[download]  45.1% of ~ 212.96MiB at    8.01MiB/s ETA 00:14 (frag 50/109)
[download]  46.1% of ~ 208.54MiB at    8.01MiB/s ETA 00:14 (frag 50/109)
[download]  45.9% of ~ 211.59MiB at    7.93MiB/s ETA 00:14 (frag 50/109)
[download]  45.5% of ~ 213.76MiB at    7.93MiB/s ETA 00:14 (frag 50/109)
[download]  46.3% of ~ 210.95MiB at    7.93MiB/s ETA 00:14 (frag 50/109)
[download]  46.1% of ~ 212.02MiB at    7.93MiB/s ETA 00:14 (frag 50/109)
[download]  46.1% of ~ 212.41MiB at    7.93MiB/s ETA 00:14 (frag 50/109)
[download]  45.4% of ~ 215.92MiB at    7.79MiB/s ETA 00:14 (frag 50/109)
[download]  45.4% of ~ 215.92MiB at    7.79MiB/s ETA 00:14 (frag 50/109)
[download]  45.4% of ~ 215.92MiB at    7.79MiB/s ETA 00:14 (frag 50/109)
[download]  45.4% of ~ 215.93MiB at    7.79MiB/s ETA 00:14 (frag 50/109)
[download]  45.4% of ~ 215.95MiB at    7.79MiB/s ETA 00:14 (frag 50/109)
[download]  45.4% of ~ 215.98MiB at    7.79MiB/s ETA 00:14 (frag 50/109)
[download]  45.5% of ~ 215.63MiB at    7.79MiB/s ETA 00:14 (frag 50/109)
[download]  46.2% of ~ 212.95MiB at    7.79MiB/s ETA 00:14 (frag 50/109)
[download]  46.1% of ~ 213.42MiB at    7.68MiB/s ETA 00:14 (frag 50/109)
[download]  46.1% of ~ 213.43MiB at    7.68MiB/s ETA 00:14 (frag 50/109)
[download]  46.1% of ~ 213.43MiB at    7.68MiB/s ETA 00:14 (frag 50/109)
[download]  46.1% of ~ 213.44MiB at    7.68MiB/s ETA 00:14 (frag 50/109)
[download]  46.1% of ~ 213.45MiB at    7.68MiB/s ETA 00:14 (frag 50/109)
[download]  46.1% of ~ 213.49MiB at    7.68MiB/s ETA 00:14 (frag 50/109)
[download]  45.4% of ~ 216.98MiB at    7.51MiB/s ETA 00:15 (frag 50/109)
[download]  45.6% of ~ 216.69MiB at    7.51MiB/s ETA 00:15 (frag 50/109)
[download]  46.3% of ~ 214.28MiB at    7.42MiB/s ETA 00:15 (frag 50/109)
[download]  46.2% of ~ 215.48MiB at    7.42MiB/s ETA 00:15 (frag 50/109)
[download]  46.1% of ~ 215.83MiB at    7.42MiB/s ETA 00:15 (frag 50/109)
[download]  46.2% of ~ 215.96MiB at    7.42MiB/s ETA 00:15 (frag 50/109)
[download]  45.9% of ~ 219.20MiB at    7.42MiB/s ETA 00:15 (frag 50/109)
[download]  45.5% of ~ 221.00MiB at    7.42MiB/s ETA 00:15 (frag 51/109)
[download]  46.4% of ~ 217.44MiB at    7.36MiB/s ETA 00:15 (frag 51/109)
[download]  47.2% of ~ 214.42MiB at    7.36MiB/s ETA 00:15 (frag 51/109)
[download]  47.0% of ~ 215.43MiB at    7.36MiB/s ETA 00:15 (frag 52/109)
[download]  47.3% of ~ 214.61MiB at    7.36MiB/s ETA 00:15 (frag 52/109)
[download]  48.2% of ~ 211.62MiB at    7.36MiB/s ETA 00:15 (frag 52/109)
[download]  47.9% of ~ 212.61MiB at    7.36MiB/s ETA 00:15 (frag 53/109)
[download]  48.4% of ~ 211.46MiB at    7.46MiB/s ETA 00:15 (frag 53/109)
[download]  49.0% of ~ 209.63MiB at    7.46MiB/s ETA 00:15 (frag 53/109)
[download]  49.0% of ~ 210.31MiB at    7.61MiB/s ETA 00:14 (frag 53/109)
[download]  48.2% of ~ 214.33MiB at    7.58MiB/s ETA 00:14 (frag 53/109)
[download]  48.7% of ~ 214.44MiB at    7.58MiB/s ETA 00:14 (frag 53/109)
[download]  49.1% of ~ 213.80MiB at    7.68MiB/s ETA 00:14 (frag 53/109)
[download]  48.8% of ~ 214.94MiB at    7.68MiB/s ETA 00:14 (frag 54/109)
[download]  49.8% of ~ 210.69MiB at    7.68MiB/s ETA 00:14 (frag 54/109)
[download]  49.8% of ~ 210.69MiB at    7.68MiB/s ETA 00:14 (frag 54/109)
[download]  49.8% of ~ 210.70MiB at    7.68MiB/s ETA 00:14 (frag 54/109)
[download]  49.8% of ~ 210.70MiB at    7.68MiB/s ETA 00:14 (frag 54/109)
[download]  49.8% of ~ 210.72MiB at    7.68MiB/s ETA 00:14 (frag 54/109)
[download]  49.8% of ~ 210.75MiB at    7.68MiB/s ETA 00:14 (frag 54/109)
[download]  49.1% of ~ 214.01MiB at    7.68MiB/s ETA 00:14 (frag 54/109)
[download]  49.1% of ~ 214.01MiB at    7.68MiB/s ETA 00:14 (frag 54/109)
[download]  49.1% of ~ 214.02MiB at    7.68MiB/s ETA 00:14 (frag 54/109)
[download]  49.1% of ~ 214.03MiB at    7.68MiB/s ETA 00:14 (frag 54/109)
[download]  49.1% of ~ 214.04MiB at    7.68MiB/s ETA 00:14 (frag 54/109)
[download]  49.1% of ~ 214.07MiB at    7.68MiB/s ETA 00:14 (frag 54/109)
[download]  49.1% of ~ 214.50MiB at    7.68MiB/s ETA 00:14 (frag 54/109)
[download]  49.5% of ~ 214.53MiB at    7.79MiB/s ETA 00:14 (frag 54/109)
[download]  49.1% of ~ 216.24MiB at    7.79MiB/s ETA 00:14 (frag 55/109)
[download]  50.2% of ~ 212.76MiB at    7.81MiB/s ETA 00:14 (frag 55/109)
[download]  50.9% of ~ 210.61MiB at    7.81MiB/s ETA 00:14 (frag 55/109)
[download]  50.8% of ~ 211.42MiB at    7.81MiB/s ETA 00:14 (frag 55/109)
[download]  50.0% of ~ 214.69MiB at    7.81MiB/s ETA 00:14 (frag 55/109)
[download]  50.0% of ~ 214.81MiB at    7.73MiB/s ETA 00:14 (frag 55/109)
[download]  50.7% of ~ 212.18MiB at    7.60MiB/s ETA 00:14 (frag 55/109)
[download]  50.7% of ~ 212.19MiB at    7.60MiB/s ETA 00:14 (frag 55/109)
[download]  50.8% of ~ 211.60MiB at    7.60MiB/s ETA 00:14 (frag 55/109)
[download]  50.7% of ~ 212.19MiB at    7.60MiB/s ETA 00:14 (frag 55/109)
[download]  50.8% of ~ 211.61MiB at    7.60MiB/s ETA 00:14 (frag 55/109)
[download]  50.7% of ~ 212.20MiB at    7.60MiB/s ETA 00:14 (frag 55/109)
[download]  50.8% of ~ 211.63MiB at    7.60MiB/s ETA 00:14 (frag 55/109)
[download]  50.8% of ~ 211.63MiB at    7.60MiB/s ETA 00:14 (frag 55/109)
[download]  50.8% of ~ 211.65MiB at    7.60MiB/s ETA 00:14 (frag 55/109)
[download]  50.8% of ~ 211.68MiB at    7.60MiB/s ETA 00:14 (frag 55/109)
[download]  50.9% of ~ 212.22MiB at    7.60MiB/s ETA 00:14 (frag 55/109)
[download]  50.7% of ~ 213.10MiB at    7.60MiB/s ETA 00:14 (frag 56/109)
[download]  51.7% of ~ 209.20MiB at    7.47MiB/s ETA 00:14 (frag 56/109)
[download]  51.2% of ~ 211.31MiB at    7.47MiB/s ETA 00:14 (frag 56/109)
[download]  51.2% of ~ 211.32MiB at    7.47MiB/s ETA 00:14 (frag 56/109)
[download]  51.2% of ~ 211.32MiB at    7.47MiB/s ETA 00:14 (frag 56/109)
[download]  51.2% of ~ 211.33MiB at    7.47MiB/s ETA 00:14 (frag 56/109)
[download]  51.2% of ~ 211.34MiB at    7.47MiB/s ETA 00:14 (frag 56/109)
[download]  51.2% of ~ 211.37MiB at    7.47MiB/s ETA 00:14 (frag 56/109)
[download]  51.1% of ~ 213.01MiB at    7.47MiB/s ETA 00:14 (frag 56/109)
[download]  51.0% of ~ 213.91MiB at    7.47MiB/s ETA 00:14 (frag 56/109)
[download]  51.6% of ~ 211.56MiB at    7.47MiB/s ETA 00:14 (frag 56/109)
[download]  51.8% of ~ 211.01MiB at    7.39MiB/s ETA 00:14 (frag 56/109)
[download]  51.6% of ~ 211.71MiB at    7.29MiB/s ETA 00:14 (frag 56/109)
[download]  51.2% of ~ 213.38MiB at    7.29MiB/s ETA 00:14 (frag 56/109)
[download]  51.3% of ~ 213.50MiB at    7.29MiB/s ETA 00:14 (frag 56/109)
[download]  51.1% of ~ 214.95MiB at    7.27MiB/s ETA 00:14 (frag 56/109)
[download]  51.7% of ~ 212.56MiB at    7.27MiB/s ETA 00:14 (frag 56/109)
[download]  51.7% of ~ 212.56MiB at    7.27MiB/s ETA 00:14 (frag 56/109)
[download]  51.7% of ~ 212.56MiB at    7.27MiB/s ETA 00:14 (frag 56/109)
[download]  51.7% of ~ 212.57MiB at    7.27MiB/s ETA 00:14 (frag 56/109)
[download]  51.7% of ~ 212.58MiB at    7.27MiB/s ETA 00:14 (frag 56/109)
[download]  51.7% of ~ 212.61MiB at    7.27MiB/s ETA 00:14 (frag 56/109)
[download]  51.3% of ~ 216.16MiB at    7.24MiB/s ETA 00:14 (frag 56/109)
[download]  51.8% of ~ 214.54MiB at    7.24MiB/s ETA 00:14 (frag 56/109)
[download]  51.6% of ~ 215.36MiB at    7.24MiB/s ETA 00:14 (frag 56/109)
[download]  51.8% of ~ 215.21MiB at    7.21MiB/s ETA 00:14 (frag 56/109)
[download]  51.3% of ~ 217.56MiB at    7.12MiB/s ETA 00:14 (frag 56/109)
[download]  51.4% of ~ 219.61MiB at    7.12MiB/s ETA 00:14 (frag 56/109)
[download]  51.8% of ~ 218.41MiB at    7.12MiB/s ETA 00:14 (frag 56/109)
[download]  51.4% of ~ 221.89MiB at    7.12MiB/s ETA 00:14 (frag 56/109)
[download]  51.8% of ~ 220.45MiB at    7.25MiB/s ETA 00:14 (frag 56/109)
[download]  51.9% of ~ 220.64MiB at    7.37MiB/s ETA 00:14 (frag 56/109)
[download]  51.7% of ~ 221.70MiB at    7.37MiB/s ETA 00:14 (frag 56/109)
[download]  51.4% of ~ 224.89MiB at    7.37MiB/s ETA 00:14 (frag 56/109)
[download]  50.9% of ~ 226.91MiB at    7.37MiB/s ETA 00:14 (frag 57/109)
[download]  52.0% of ~ 223.21MiB at    7.50MiB/s ETA 00:14 (frag 57/109)
[download]  51.8% of ~ 223.91MiB at    7.50MiB/s ETA 00:14 (frag 58/109)
[download]  53.2% of ~ 219.77MiB at    7.50MiB/s ETA 00:14 (frag 58/109)
[download]  52.8% of ~ 221.59MiB at    7.50MiB/s ETA 00:14 (frag 59/109)
[download]  54.2% of ~ 216.74MiB at    7.69MiB/s ETA 00:14 (frag 59/109)
[download]  54.7% of ~ 215.58MiB at    7.88MiB/s ETA 00:13 (frag 59/109)
[download]  54.6% of ~ 216.78MiB at    7.88MiB/s ETA 00:13 (frag 59/109)
[download]  54.5% of ~ 217.94MiB at    8.04MiB/s ETA 00:13 (frag 59/109)
[download]  54.5% of ~ 217.83MiB at    8.16MiB/s ETA 00:13 (frag 59/109)
[download]  54.5% of ~ 217.83MiB at    8.16MiB/s ETA 00:13 (frag 59/109)
[download]  54.5% of ~ 217.84MiB at    8.16MiB/s ETA 00:13 (frag 59/109)
[download]  54.5% of ~ 217.84MiB at    8.16MiB/s ETA 00:13 (frag 59/109)
[download]  54.5% of ~ 217.86MiB at    8.16MiB/s ETA 00:13 (frag 59/109)
[download]  54.6% of ~ 218.45MiB at    8.16MiB/s ETA 00:13 (frag 59/109)
[download]  54.6% of ~ 218.81MiB at    8.24MiB/s ETA 00:13 (frag 59/109)
[download]  54.5% of ~ 219.18MiB at    8.24MiB/s ETA 00:13 (frag 60/109)
[download]  54.9% of ~ 217.60MiB at    8.24MiB/s ETA 00:13 (frag 60/109)
[download]  54.9% of ~ 217.60MiB at    8.24MiB/s ETA 00:13 (frag 60/109)
[download]  54.9% of ~ 217.61MiB at    8.24MiB/s ETA 00:13 (frag 60/109)
[download]  54.9% of ~ 217.61MiB at    8.24MiB/s ETA 00:13 (frag 60/109)
[download]  55.5% of ~ 215.91MiB at    8.24MiB/s ETA 00:13 (frag 60/109)
[download]  54.9% of ~ 218.29MiB at    8.24MiB/s ETA 00:13 (frag 60/109)
[download]  55.3% of ~ 216.60MiB at    8.24MiB/s ETA 00:13 (frag 61/109)
[download]  56.3% of ~ 212.74MiB at    8.24MiB/s ETA 00:13 (frag 61/109)
[download]  55.8% of ~ 214.80MiB at    8.24MiB/s ETA 00:13 (frag 61/109)
[download]  56.3% of ~ 212.80MiB at    8.24MiB/s ETA 00:13 (frag 61/109)
[download]  56.3% of ~ 212.80MiB at    8.24MiB/s ETA 00:13 (frag 61/109)
[download]  56.3% of ~ 212.81MiB at    8.24MiB/s ETA 00:13 (frag 61/109)
[download]  56.3% of ~ 212.82MiB at    8.24MiB/s ETA 00:13 (frag 61/109)
[download]  56.3% of ~ 212.85MiB at    8.24MiB/s ETA 00:13 (frag 61/109)
[download]  56.4% of ~ 213.51MiB at    8.34MiB/s ETA 00:13 (frag 61/109)
[download]  56.2% of ~ 214.41MiB at    8.34MiB/s ETA 00:13 (frag 62/109)
[download]  57.2% of ~ 212.46MiB at    8.34MiB/s ETA 00:13 (frag 62/109)
[download]  57.2% of ~ 212.20MiB at    8.34MiB/s ETA 00:13 (frag 62/109)
[download]  57.3% of ~ 212.25MiB at    8.34MiB/s ETA 00:13 (frag 62/109)
[download]  56.9% of ~ 214.35MiB at    8.49MiB/s ETA 00:12 (frag 62/109)
[download]  56.7% of ~ 214.95MiB at    8.49MiB/s ETA 00:12 (frag 63/109)
[download]  58.2% of ~ 209.58MiB at    8.59MiB/s ETA 00:12 (frag 63/109)
[download]  57.6% of ~ 211.67MiB at    8.59MiB/s ETA 00:12 (frag 63/109)
[download]  57.7% of ~ 211.78MiB at    8.51MiB/s ETA 00:12 (frag 63/109)
[download]  58.2% of ~ 209.90MiB at    8.54MiB/s ETA 00:12 (frag 63/109)
[download]  58.2% of ~ 209.91MiB at    8.54MiB/s ETA 00:12 (frag 63/109)
[download]  58.2% of ~ 209.91MiB at    8.54MiB/s ETA 00:12 (frag 63/109)
[download]  58.2% of ~ 209.92MiB at    8.54MiB/s ETA 00:12 (frag 63/109)
[download]  58.2% of ~ 209.93MiB at    8.54MiB/s ETA 00:12 (frag 63/109)
[download]  58.2% of ~ 209.96MiB at    8.54MiB/s ETA 00:12 (frag 63/109)
[download]  58.2% of ~ 210.16MiB at    8.54MiB/s ETA 00:12 (frag 63/109)
[download]  57.6% of ~ 212.24MiB at    8.54MiB/s ETA 00:12 (frag 63/109)
[download]  57.6% of ~ 212.25MiB at    8.54MiB/s ETA 00:12 (frag 63/109)
[download]  57.6% of ~ 212.25MiB at    8.54MiB/s ETA 00:12 (frag 63/109)
[download]  57.6% of ~ 212.26MiB at    8.54MiB/s ETA 00:12 (frag 63/109)
[download]  57.6% of ~ 212.27MiB at    8.54MiB/s ETA 00:12 (frag 63/109)
[download]  57.7% of ~ 212.30MiB at    8.54MiB/s ETA 00:12 (frag 63/109)
[download]  58.2% of ~ 210.54MiB at    8.54MiB/s ETA 00:12 (frag 63/109)
[download]  58.2% of ~ 210.85MiB at    8.53MiB/s ETA 00:11 (frag 63/109)
[download]  58.2% of ~ 211.08MiB at    8.53MiB/s ETA 00:11 (frag 63/109)
[download]  58.2% of ~ 211.08MiB at    8.53MiB/s ETA 00:11 (frag 63/109)
[download]  58.2% of ~ 211.08MiB at    8.53MiB/s ETA 00:11 (frag 63/109)
[download]  58.2% of ~ 211.09MiB at    8.53MiB/s ETA 00:11 (frag 63/109)
[download]  58.2% of ~ 211.10MiB at    8.53MiB/s ETA 00:11 (frag 63/109)
[download]  58.2% of ~ 211.13MiB at    8.53MiB/s ETA 00:11 (frag 63/109)
[download]  57.7% of ~ 213.16MiB at    8.53MiB/s ETA 00:11 (frag 63/109)
[download]  58.2% of ~ 211.56MiB at    8.49MiB/s ETA 00:11 (frag 63/109)
[download]  58.2% of ~ 211.57MiB at    8.49MiB/s ETA 00:11 (frag 63/109)
[download]  58.2% of ~ 211.57MiB at    8.49MiB/s ETA 00:11 (frag 63/109)
[download]  58.2% of ~ 211.58MiB at    8.49MiB/s ETA 00:11 (frag 63/109)
[download]  58.2% of ~ 211.59MiB at    8.49MiB/s ETA 00:11 (frag 63/109)
[download]  58.2% of ~ 211.62MiB at    8.49MiB/s ETA 00:11 (frag 63/109)
[download]  58.2% of ~ 211.60MiB at    8.49MiB/s ETA 00:11 (frag 63/109)
[download]  57.7% of ~ 213.73MiB at    8.49MiB/s ETA 00:11 (frag 63/109)
[download]  58.3% of ~ 211.81MiB at    8.44MiB/s ETA 00:11 (frag 63/109)
[download]  58.3% of ~ 212.18MiB at    8.44MiB/s ETA 00:11 (frag 63/109)
[download]  58.3% of ~ 212.67MiB at    8.44MiB/s ETA 00:11 (frag 63/109)
[download]  58.3% of ~ 212.99MiB at    8.44MiB/s ETA 00:11 (frag 63/109)
[download]  58.2% of ~ 213.43MiB at    8.56MiB/s ETA 00:11 (frag 63/109)
[download]  57.9% of ~ 215.51MiB at    8.61MiB/s ETA 00:11 (frag 63/109)
[download]  58.2% of ~ 214.34MiB at    8.61MiB/s ETA 00:11 (frag 63/109)
[download]  57.7% of ~ 216.40MiB at    8.55MiB/s ETA 00:11 (frag 63/109)
[download]  58.3% of ~ 214.59MiB at    8.55MiB/s ETA 00:11 (frag 63/109)
[download]  58.4% of ~ 215.18MiB at    8.55MiB/s ETA 00:11 (frag 63/109)
[download]  58.2% of ~ 215.98MiB at    8.55MiB/s ETA 00:11 (frag 63/109)
[download]  58.4% of ~ 216.18MiB at    8.55MiB/s ETA 00:11 (frag 63/109)
[download]  58.3% of ~ 217.09MiB at    8.55MiB/s ETA 00:11 (frag 63/109)
[download]  58.2% of ~ 217.43MiB at    8.55MiB/s ETA 00:11 (frag 64/109)
[download]  59.2% of ~ 214.02MiB at    8.58MiB/s ETA 00:11 (frag 64/109)
[download]  59.1% of ~ 214.30MiB at    8.58MiB/s ETA 00:11 (frag 65/109)
[download]  60.1% of ~ 211.02MiB at    8.58MiB/s ETA 00:11 (frag 65/109)
[download]  59.6% of ~ 213.12MiB at    8.43MiB/s ETA 00:11 (frag 65/109)
[download]  59.9% of ~ 213.60MiB at    8.43MiB/s ETA 00:11 (frag 65/109)
[download]  60.2% of ~ 213.44MiB at    8.52MiB/s ETA 00:10 (frag 65/109)
[download]  60.0% of ~ 214.22MiB at    8.52MiB/s ETA 00:10 (frag 66/109)
[download]  61.0% of ~ 210.92MiB at    8.52MiB/s ETA 00:10 (frag 66/109)
[download]  60.5% of ~ 213.22MiB at    8.59MiB/s ETA 00:10 (frag 66/109)
[download]  60.4% of ~ 213.75MiB at    8.59MiB/s ETA 00:10 (frag 67/109)
[download]  62.0% of ~ 208.71MiB at    8.61MiB/s ETA 00:10 (frag 67/109)
[download]  61.3% of ~ 210.92MiB at    8.61MiB/s ETA 00:10 (frag 67/109)
[download]  61.3% of ~ 210.93MiB at    8.61MiB/s ETA 00:10 (frag 67/109)
[download]  61.3% of ~ 210.93MiB at    8.61MiB/s ETA 00:10 (frag 67/109)
[download]  61.3% of ~ 210.94MiB at    8.61MiB/s ETA 00:10 (frag 67/109)
[download]  61.3% of ~ 210.95MiB at    8.61MiB/s ETA 00:10 (frag 67/109)
[download]  61.3% of ~ 210.97MiB at    8.61MiB/s ETA 00:10 (frag 67/109)
[download]  62.1% of ~ 209.15MiB at    8.54MiB/s ETA 00:10 (frag 67/109)
[download]  61.5% of ~ 211.85MiB at    8.54MiB/s ETA 00:10 (frag 67/109)
[download]  61.8% of ~ 210.81MiB at    8.54MiB/s ETA 00:10 (frag 67/109)
[download]  61.9% of ~ 210.75MiB at    8.54MiB/s ETA 00:10 (frag 67/109)
[download]  61.8% of ~ 210.98MiB at    8.54MiB/s ETA 00:10 (frag 67/109)
[download]  61.8% of ~ 210.98MiB at    8.54MiB/s ETA 00:10 (frag 67/109)
[download]  61.9% of ~ 210.93MiB at    8.54MiB/s ETA 00:10 (frag 68/109)
[download]  62.8% of ~ 207.93MiB at    8.54MiB/s ETA 00:10 (frag 68/109)
[download]  62.8% of ~ 207.94MiB at    8.54MiB/s ETA 00:10 (frag 68/109)
[download]  62.8% of ~ 207.97MiB at    8.54MiB/s ETA 00:10 (frag 68/109)
[download]  62.7% of ~ 208.04MiB at    8.37MiB/s ETA 00:10 (frag 68/109)
[download]  62.7% of ~ 208.04MiB at    8.37MiB/s ETA 00:10 (frag 68/109)
[download]  62.7% of ~ 208.05MiB at    8.37MiB/s ETA 00:10 (frag 68/109)
[download]  62.8% of ~ 208.05MiB at    8.37MiB/s ETA 00:10 (frag 68/109)
[download]  62.8% of ~ 208.06MiB at    8.37MiB/s ETA 00:10 (frag 68/109)
[download]  62.8% of ~ 208.09MiB at    8.37MiB/s ETA 00:10 (frag 68/109)
[download]  63.0% of ~ 208.12MiB at    8.37MiB/s ETA 00:10 (frag 68/109)
[download]  62.3% of ~ 210.70MiB at    8.37MiB/s ETA 00:10 (frag 68/109)
[download]  62.8% of ~ 209.01MiB at    8.37MiB/s ETA 00:10 (frag 68/109)
[download]  62.8% of ~ 209.24MiB at    8.37MiB/s ETA 00:10 (frag 69/109)
[download]  63.2% of ~ 208.01MiB at    8.37MiB/s ETA 00:10 (frag 69/109)
[download]  63.7% of ~ 206.44MiB at    8.31MiB/s ETA 00:10 (frag 69/109)
[download]  63.2% of ~ 208.23MiB at    8.31MiB/s ETA 00:10 (frag 69/109)
[download]  63.2% of ~ 208.23MiB at    8.31MiB/s ETA 00:10 (frag 69/109)
[download]  63.2% of ~ 208.23MiB at    8.31MiB/s ETA 00:10 (frag 69/109)
[download]  63.2% of ~ 208.24MiB at    8.31MiB/s ETA 00:10 (frag 69/109)
[download]  63.2% of ~ 208.25MiB at    8.31MiB/s ETA 00:10 (frag 69/109)
[download]  63.2% of ~ 208.27MiB at    8.31MiB/s ETA 00:10 (frag 69/109)
[download]  63.9% of ~ 206.68MiB at    8.31MiB/s ETA 00:10 (frag 69/109)
[download]  63.7% of ~ 207.41MiB at    8.31MiB/s ETA 00:10 (frag 69/109)
[download]  63.7% of ~ 207.65MiB at    8.31MiB/s ETA 00:10 (frag 69/109)
[download]  63.7% of ~ 207.92MiB at    8.31MiB/s ETA 00:10 (frag 70/109)
[download]  64.6% of ~ 204.91MiB at    8.33MiB/s ETA 00:10 (frag 70/109)
[download]  64.6% of ~ 204.91MiB at    8.33MiB/s ETA 00:10 (frag 70/109)
[download]  64.6% of ~ 204.92MiB at    8.33MiB/s ETA 00:10 (frag 70/109)
[download]  64.6% of ~ 204.92MiB at    8.33MiB/s ETA 00:10 (frag 70/109)
[download]  64.6% of ~ 204.93MiB at    8.33MiB/s ETA 00:10 (frag 70/109)
[download]  64.6% of ~ 204.96MiB at    8.33MiB/s ETA 00:10 (frag 70/109)
[download]  64.6% of ~ 205.01MiB at    8.33MiB/s ETA 00:10 (frag 70/109)
[download]  64.6% of ~ 205.16MiB at    8.33MiB/s ETA 00:10 (frag 70/109)
[download]  64.1% of ~ 206.90MiB at    8.30MiB/s ETA 00:10 (frag 70/109)
[download]  64.5% of ~ 207.10MiB at    8.30MiB/s ETA 00:10 (frag 70/109)
[download]  64.6% of ~ 206.87MiB at    8.33MiB/s ETA 00:09 (frag 70/109)
[download]  64.6% of ~ 206.87MiB at    8.33MiB/s ETA 00:09 (frag 70/109)
[download]  64.6% of ~ 206.87MiB at    8.33MiB/s ETA 00:09 (frag 70/109)
[download]  64.6% of ~ 206.88MiB at    8.33MiB/s ETA 00:09 (frag 70/109)
[download]  64.6% of ~ 206.89MiB at    8.33MiB/s ETA 00:09 (frag 70/109)
[download]  64.6% of ~ 206.92MiB at    8.33MiB/s ETA 00:09 (frag 70/109)
[download]  64.7% of ~ 206.92MiB at    8.31MiB/s ETA 00:09 (frag 70/109)
[download]  64.2% of ~ 208.89MiB at    8.31MiB/s ETA 00:09 (frag 70/109)
[download]  64.1% of ~ 209.27MiB at    8.31MiB/s ETA 00:09 (frag 70/109)
[download]  64.1% of ~ 209.27MiB at    8.31MiB/s ETA 00:09 (frag 70/109)
[download]  64.1% of ~ 209.27MiB at    8.31MiB/s ETA 00:09 (frag 70/109)
[download]  64.1% of ~ 209.28MiB at    8.31MiB/s ETA 00:09 (frag 70/109)
[download]  64.1% of ~ 209.29MiB at    8.31MiB/s ETA 00:09 (frag 70/109)
[download]  64.1% of ~ 209.31MiB at    8.31MiB/s ETA 00:09 (frag 70/109)
[download]  64.6% of ~ 207.65MiB at    8.31MiB/s ETA 00:09 (frag 70/109)
[download]  64.2% of ~ 209.59MiB at    8.31MiB/s ETA 00:09 (frag 70/109)
[download]  64.0% of ~ 210.04MiB at    8.38MiB/s ETA 00:09 (frag 71/109)
[download]  65.6% of ~ 205.38MiB at    8.38MiB/s ETA 00:09 (frag 71/109)
[download]  65.0% of ~ 207.40MiB at    8.38MiB/s ETA 00:09 (frag 71/109)
[download]  65.6% of ~ 205.97MiB at    8.38MiB/s ETA 00:09 (frag 71/109)
[download]  65.5% of ~ 206.33MiB at    8.34MiB/s ETA 00:09 (frag 71/109)
[download]  65.6% of ~ 206.42MiB at    8.34MiB/s ETA 00:09 (frag 71/109)
[download]  65.6% of ~ 206.57MiB at    8.34MiB/s ETA 00:09 (frag 71/109)
[download]  65.2% of ~ 208.70MiB at    8.35MiB/s ETA 00:09 (frag 71/109)
[download]  65.0% of ~ 209.45MiB at    8.35MiB/s ETA 00:09 (frag 71/109)
[download]  65.1% of ~ 209.48MiB at    8.35MiB/s ETA 00:09 (frag 71/109)
[download]  65.7% of ~ 208.22MiB at    8.40MiB/s ETA 00:09 (frag 71/109)
[download]  65.6% of ~ 208.97MiB at    8.40MiB/s ETA 00:09 (frag 71/109)
[download]  65.5% of ~ 209.19MiB at    8.40MiB/s ETA 00:09 (frag 72/109)
[download]  66.4% of ~ 206.33MiB at    8.19MiB/s ETA 00:09 (frag 72/109)
[download]  66.4% of ~ 206.34MiB at    8.19MiB/s ETA 00:09 (frag 72/109)
[download]  66.4% of ~ 206.34MiB at    8.19MiB/s ETA 00:09 (frag 72/109)
[download]  66.4% of ~ 206.34MiB at    8.19MiB/s ETA 00:09 (frag 72/109)
[download]  66.4% of ~ 206.36MiB at    8.19MiB/s ETA 00:09 (frag 72/109)
[download]  66.4% of ~ 206.38MiB at    8.19MiB/s ETA 00:09 (frag 72/109)
[download]  66.4% of ~ 206.43MiB at    8.19MiB/s ETA 00:09 (frag 72/109)
[download]  66.5% of ~ 206.51MiB at    8.19MiB/s ETA 00:09 (frag 72/109)
[download]  66.5% of ~ 206.89MiB at    8.19MiB/s ETA 00:09 (frag 72/109)
[download]  66.7% of ~ 207.04MiB at    8.12MiB/s ETA 00:09 (frag 72/109)
[download]  66.5% of ~ 207.78MiB at    8.12MiB/s ETA 00:09 (frag 72/109)
[download]  66.4% of ~ 207.96MiB at    8.12MiB/s ETA 00:09 (frag 73/109)
[download]  66.9% of ~ 206.85MiB at    8.12MiB/s ETA 00:09 (frag 73/109)
[download]  67.6% of ~ 205.39MiB at    8.12MiB/s ETA 00:09 (frag 73/109)
[download]  67.4% of ~ 206.13MiB at    8.04MiB/s ETA 00:09 (frag 73/109)
[download]  67.3% of ~ 206.36MiB at    8.04MiB/s ETA 00:09 (frag 74/109)
[download]  68.0% of ~ 205.16MiB at    8.04MiB/s ETA 00:09 (frag 74/109)
[download]  68.4% of ~ 204.32MiB at    7.86MiB/s ETA 00:09 (frag 74/109)
[download]  68.2% of ~ 204.70MiB at    7.86MiB/s ETA 00:09 (frag 74/109)
[download]  68.2% of ~ 204.70MiB at    7.86MiB/s ETA 00:09 (frag 74/109)
[download]  68.2% of ~ 204.71MiB at    7.86MiB/s ETA 00:09 (frag 74/109)
[download]  68.2% of ~ 204.71MiB at    7.86MiB/s ETA 00:09 (frag 74/109)
[download]  68.2% of ~ 204.72MiB at    7.86MiB/s ETA 00:09 (frag 74/109)
[download]  68.3% of ~ 204.75MiB at    7.86MiB/s ETA 00:09 (frag 74/109)
[download]  68.2% of ~ 206.41MiB at    7.86MiB/s ETA 00:09 (frag 74/109)
[download]  67.8% of ~ 207.86MiB at    7.82MiB/s ETA 00:09 (frag 74/109)
[download]  67.7% of ~ 208.25MiB at    7.74MiB/s ETA 00:09 (frag 74/109)
[download]  67.7% of ~ 208.25MiB at    7.74MiB/s ETA 00:09 (frag 74/109)
[download]  67.7% of ~ 208.25MiB at    7.74MiB/s ETA 00:09 (frag 74/109)
[download]  67.7% of ~ 208.26MiB at    7.74MiB/s ETA 00:09 (frag 74/109)
[download]  67.7% of ~ 208.27MiB at    7.74MiB/s ETA 00:09 (frag 74/109)
[download]  67.7% of ~ 208.29MiB at    7.74MiB/s ETA 00:09 (frag 74/109)
[download]  68.5% of ~ 206.68MiB at    7.74MiB/s ETA 00:09 (frag 74/109)
[download]  68.5% of ~ 207.40MiB at    7.74MiB/s ETA 00:09 (frag 74/109)
[download]  67.9% of ~ 209.77MiB at    7.74MiB/s ETA 00:09 (frag 74/109)
[download]  67.7% of ~ 210.17MiB at    7.74MiB/s ETA 00:09 (frag 75/109)
[download]  69.2% of ~ 205.79MiB at    7.74MiB/s ETA 00:09 (frag 75/109)
[download]  69.2% of ~ 206.00MiB at    7.74MiB/s ETA 00:09 (frag 76/109)
[download]  70.2% of ~ 203.33MiB at    7.74MiB/s ETA 00:09 (frag 76/109)
[download]  70.1% of ~ 203.52MiB at    7.74MiB/s ETA 00:09 (frag 76/109)
[download]  70.1% of ~ 203.52MiB at    7.74MiB/s ETA 00:09 (frag 76/109)
[download]  70.1% of ~ 203.54MiB at    7.74MiB/s ETA 00:09 (frag 77/109)
[download]  71.0% of ~ 200.91MiB at    7.74MiB/s ETA 00:09 (frag 77/109)
[download]  71.0% of ~ 200.92MiB at    7.79MiB/s ETA 00:08 (frag 77/109)
[download]  71.0% of ~ 200.93MiB at    7.79MiB/s ETA 00:08 (frag 77/109)
[download]  71.0% of ~ 200.95MiB at    7.79MiB/s ETA 00:08 (frag 77/109)
[download]  71.0% of ~ 201.03MiB at    7.79MiB/s ETA 00:08 (frag 77/109)
[download]  71.0% of ~ 201.12MiB at    7.79MiB/s ETA 00:08 (frag 77/109)
[download]  70.7% of ~ 202.84MiB at    7.81MiB/s ETA 00:08 (frag 77/109)
[download]  70.5% of ~ 203.56MiB at    7.67MiB/s ETA 00:08 (frag 77/109)
[download]  71.0% of ~ 202.04MiB at    7.67MiB/s ETA 00:08 (frag 77/109)
[download]  71.1% of ~ 202.16MiB at    7.58MiB/s ETA 00:08 (frag 77/109)
[download]  71.0% of ~ 204.00MiB at    7.58MiB/s ETA 00:08 (frag 77/109)
[download]  70.6% of ~ 205.40MiB at    7.61MiB/s ETA 00:08 (frag 77/109)
[download]  70.5% of ~ 205.72MiB at    7.61MiB/s ETA 00:08 (frag 78/109)
[download]  71.3% of ~ 203.25MiB at    7.61MiB/s ETA 00:08 (frag 78/109)
[download]  71.3% of ~ 203.25MiB at    7.61MiB/s ETA 00:08 (frag 78/109)
[download]  71.3% of ~ 203.25MiB at    7.61MiB/s ETA 00:08 (frag 78/109)
[download]  71.3% of ~ 203.26MiB at    7.61MiB/s ETA 00:08 (frag 78/109)
[download]  71.9% of ~ 201.64MiB at    7.61MiB/s ETA 00:08 (frag 78/109)
[download]  71.3% of ~ 203.27MiB at    7.61MiB/s ETA 00:08 (frag 78/109)
[download]  71.9% of ~ 201.66MiB at    7.61MiB/s ETA 00:08 (frag 78/109)
[download]  71.9% of ~ 201.67MiB at    7.61MiB/s ETA 00:08 (frag 78/109)
[download]  71.9% of ~ 201.67MiB at    7.61MiB/s ETA 00:08 (frag 78/109)
[download]  71.9% of ~ 201.68MiB at    7.61MiB/s ETA 00:08 (frag 78/109)
[download]  71.3% of ~ 203.33MiB at    7.61MiB/s ETA 00:08 (frag 78/109)
[download]  71.9% of ~ 201.75MiB at    7.61MiB/s ETA 00:08 (frag 78/109)
[download]  71.9% of ~ 201.83MiB at    7.61MiB/s ETA 00:08 (frag 78/109)
[download]  71.9% of ~ 201.83MiB at    7.61MiB/s ETA 00:08 (frag 78/109)
[download]  71.9% of ~ 201.84MiB at    7.61MiB/s ETA 00:08 (frag 78/109)
[download]  71.9% of ~ 201.84MiB at    7.61MiB/s ETA 00:08 (frag 78/109)
[download]  71.9% of ~ 201.85MiB at    7.61MiB/s ETA 00:08 (frag 78/109)
[download]  71.9% of ~ 201.87MiB at    7.61MiB/s ETA 00:08 (frag 78/109)
[download]  71.4% of ~ 203.45MiB at    7.66MiB/s ETA 00:08 (frag 78/109)
[download]  72.0% of ~ 202.04MiB at    7.66MiB/s ETA 00:08 (frag 78/109)
[download]  71.5% of ~ 203.80MiB at    7.66MiB/s ETA 00:08 (frag 78/109)
[download]  72.0% of ~ 202.56MiB at    7.72MiB/s ETA 00:08 (frag 78/109)
[download]  71.4% of ~ 204.54MiB at    7.72MiB/s ETA 00:08 (frag 78/109)
[download]  71.9% of ~ 203.00MiB at    7.73MiB/s ETA 00:08 (frag 78/109)
[download]  71.9% of ~ 203.12MiB at    7.73MiB/s ETA 00:08 (frag 78/109)
[download]  71.9% of ~ 204.72MiB at    7.73MiB/s ETA 00:08 (frag 78/109)
[download]  72.0% of ~ 204.55MiB at    7.73MiB/s ETA 00:08 (frag 78/109)
[download]  72.0% of ~ 204.76MiB at    7.83MiB/s ETA 00:08 (frag 78/109)
[download]  71.5% of ~ 206.45MiB at    7.83MiB/s ETA 00:08 (frag 78/109)
[download]  71.4% of ~ 206.82MiB at    7.83MiB/s ETA 00:08 (frag 79/109)
[download]  72.8% of ~ 202.70MiB at    7.83MiB/s ETA 00:08 (frag 79/109)
[download]  72.8% of ~ 202.70MiB at    7.83MiB/s ETA 00:08 (frag 79/109)
[download]  72.8% of ~ 202.70MiB at    7.83MiB/s ETA 00:08 (frag 79/109)
[download]  72.8% of ~ 202.71MiB at    7.83MiB/s ETA 00:08 (frag 79/109)
[download]  72.8% of ~ 202.72MiB at    7.83MiB/s ETA 00:08 (frag 79/109)
[download]  72.8% of ~ 202.74MiB at    7.85MiB/s ETA 00:07 (frag 79/109)
[download]  73.1% of ~ 202.81MiB at    7.85MiB/s ETA 00:07 (frag 79/109)
[download]  72.9% of ~ 203.49MiB at    7.85MiB/s ETA 00:07 (frag 79/109)
[download]  72.8% of ~ 203.71MiB at    7.85MiB/s ETA 00:07 (frag 80/109)
[download]  73.2% of ~ 202.76MiB at    7.89MiB/s ETA 00:07 (frag 80/109)
[download]  73.9% of ~ 201.38MiB at    7.89MiB/s ETA 00:07 (frag 80/109)
[download]  73.4% of ~ 203.21MiB at    7.98MiB/s ETA 00:07 (frag 80/109)
[download]  73.8% of ~ 202.35MiB at    7.96MiB/s ETA 00:07 (frag 80/109)
[download]  74.0% of ~ 202.42MiB at    7.96MiB/s ETA 00:07 (frag 80/109)
[download]  73.8% of ~ 203.10MiB at    7.96MiB/s ETA 00:07 (frag 80/109)
[download]  73.8% of ~ 203.28MiB at    7.96MiB/s ETA 00:07 (frag 81/109)
[download]  74.7% of ~ 200.81MiB at    7.94MiB/s ETA 00:07 (frag 81/109)
[download]  74.1% of ~ 202.54MiB at    7.94MiB/s ETA 00:07 (frag 81/109)
[download]  74.1% of ~ 202.54MiB at    7.94MiB/s ETA 00:07 (frag 81/109)
[download]  74.1% of ~ 202.55MiB at    7.94MiB/s ETA 00:07 (frag 81/109)
[download]  74.1% of ~ 202.55MiB at    7.94MiB/s ETA 00:07 (frag 81/109)
[download]  74.1% of ~ 202.56MiB at    7.94MiB/s ETA 00:07 (frag 81/109)
[download]  74.1% of ~ 202.58MiB at    7.94MiB/s ETA 00:07 (frag 81/109)
[download]  74.2% of ~ 202.63MiB at    7.94MiB/s ETA 00:07 (frag 81/109)
[download]  74.8% of ~ 201.39MiB at    7.97MiB/s ETA 00:07 (frag 81/109)
[download]  74.7% of ~ 201.75MiB at    7.97MiB/s ETA 00:07 (frag 81/109)
[download]  74.7% of ~ 201.75MiB at    7.97MiB/s ETA 00:07 (frag 81/109)
[download]  74.7% of ~ 201.75MiB at    7.97MiB/s ETA 00:07 (frag 81/109)
[download]  74.7% of ~ 201.76MiB at    7.97MiB/s ETA 00:07 (frag 81/109)
[download]  74.7% of ~ 201.77MiB at    7.97MiB/s ETA 00:07 (frag 81/109)
[download]  74.7% of ~ 201.79MiB at    7.97MiB/s ETA 00:07 (frag 81/109)
[download]  74.9% of ~ 201.84MiB at    8.00MiB/s ETA 00:07 (frag 81/109)
[download]  74.6% of ~ 203.99MiB at    7.97MiB/s ETA 00:07 (frag 81/109)
[download]  74.7% of ~ 203.84MiB at    7.97MiB/s ETA 00:07 (frag 81/109)
[download]  74.7% of ~ 204.07MiB at    7.97MiB/s ETA 00:07 (frag 82/109)
[download]  75.0% of ~ 203.12MiB at    7.97MiB/s ETA 00:07 (frag 82/109)
[download]  75.2% of ~ 203.16MiB at    7.94MiB/s ETA 00:07 (frag 82/109)
[download]  75.0% of ~ 203.53MiB at    7.94MiB/s ETA 00:07 (frag 83/109)
[download]  76.2% of ~ 201.16MiB at    7.95MiB/s ETA 00:07 (frag 83/109)
[download]  76.6% of ~ 200.27MiB at    7.95MiB/s ETA 00:07 (frag 83/109)
[download]  76.5% of ~ 200.62MiB at    7.95MiB/s ETA 00:07 (frag 83/109)
[download]  76.5% of ~ 200.71MiB at    7.95MiB/s ETA 00:07 (frag 83/109)
[download]  76.5% of ~ 200.95MiB at    7.95MiB/s ETA 00:07 (frag 83/109)
[download]  76.5% of ~ 200.95MiB at    7.95MiB/s ETA 00:07 (frag 83/109)
[download]  76.5% of ~ 200.95MiB at    7.95MiB/s ETA 00:07 (frag 83/109)
[download]  76.5% of ~ 200.96MiB at    7.95MiB/s ETA 00:07 (frag 83/109)
[download]  76.5% of ~ 200.97MiB at    7.95MiB/s ETA 00:07 (frag 83/109)
[download]  76.5% of ~ 200.99MiB at    7.96MiB/s ETA 00:06 (frag 83/109)
[download]  76.7% of ~ 200.92MiB at    8.01MiB/s ETA 00:06 (frag 83/109)
[download]  76.0% of ~ 203.10MiB at    8.01MiB/s ETA 00:06 (frag 83/109)
[download]  76.6% of ~ 201.73MiB at    8.01MiB/s ETA 00:06 (frag 83/109)
[download]  76.5% of ~ 201.92MiB at    8.01MiB/s ETA 00:06 (frag 84/109)
[download]  77.7% of ~ 199.54MiB at    8.06MiB/s ETA 00:06 (frag 84/109)
[download]  76.8% of ~ 201.75MiB at    8.06MiB/s ETA 00:06 (frag 84/109)
[download]  76.8% of ~ 201.75MiB at    8.06MiB/s ETA 00:06 (frag 84/109)
[download]  76.8% of ~ 201.75MiB at    8.06MiB/s ETA 00:06 (frag 84/109)
[download]  76.8% of ~ 201.76MiB at    8.06MiB/s ETA 00:06 (frag 84/109)
[download]  76.8% of ~ 201.77MiB at    8.06MiB/s ETA 00:06 (frag 84/109)
[download]  76.8% of ~ 201.79MiB at    8.06MiB/s ETA 00:06 (frag 84/109)
[download]  77.5% of ~ 200.26MiB at    8.06MiB/s ETA 00:06 (frag 84/109)
[download]  77.4% of ~ 200.45MiB at    8.06MiB/s ETA 00:06 (frag 85/109)
[download]  78.4% of ~ 198.14MiB at    8.06MiB/s ETA 00:06 (frag 85/109)
[download]  78.3% of ~ 198.53MiB at    8.06MiB/s ETA 00:06 (frag 85/109)
[download]  78.3% of ~ 198.54MiB at    8.06MiB/s ETA 00:06 (frag 85/109)
[download]  78.3% of ~ 198.55MiB at    8.06MiB/s ETA 00:06 (frag 85/109)
[download]  78.3% of ~ 198.55MiB at    8.06MiB/s ETA 00:06 (frag 85/109)
[download]  78.3% of ~ 198.55MiB at    8.06MiB/s ETA 00:06 (frag 85/109)
[download]  78.3% of ~ 198.56MiB at    8.06MiB/s ETA 00:06 (frag 85/109)
[download]  78.3% of ~ 198.58MiB at    8.06MiB/s ETA 00:06 (frag 85/109)
[download]  78.2% of ~ 200.09MiB at    8.06MiB/s ETA 00:06 (frag 85/109)
[download]  77.9% of ~ 201.35MiB at    8.14MiB/s ETA 00:06 (frag 85/109)
[download]  77.9% of ~ 201.67MiB at    8.14MiB/s ETA 00:06 (frag 85/109)
[download]  77.7% of ~ 202.08MiB at    8.14MiB/s ETA 00:06 (frag 86/109)
[download]  78.7% of ~ 199.81MiB at    8.20MiB/s ETA 00:06 (frag 86/109)
[download]  79.5% of ~ 198.38MiB at    8.20MiB/s ETA 00:06 (frag 86/109)
[download]  79.3% of ~ 199.01MiB at    8.27MiB/s ETA 00:06 (frag 86/109)
[download]  79.2% of ~ 199.21MiB at    8.27MiB/s ETA 00:06 (frag 87/109)
[download]  80.2% of ~ 197.03MiB at    8.27MiB/s ETA 00:06 (frag 87/109)
[download]  80.2% of ~ 197.11MiB at    8.27MiB/s ETA 00:06 (frag 87/109)
[download]  80.1% of ~ 197.25MiB at    8.27MiB/s ETA 00:06 (frag 87/109)
[download]  80.1% of ~ 197.26MiB at    8.27MiB/s ETA 00:06 (frag 87/109)
[download]  80.1% of ~ 197.26MiB at    8.27MiB/s ETA 00:06 (frag 87/109)
[download]  80.1% of ~ 197.26MiB at    8.27MiB/s ETA 00:06 (frag 87/109)
[download]  80.1% of ~ 197.27MiB at    8.27MiB/s ETA 00:06 (frag 87/109)
[download]  80.1% of ~ 197.29MiB at    8.27MiB/s ETA 00:06 (frag 87/109)
[download]  79.5% of ~ 198.76MiB at    8.26MiB/s ETA 00:06 (frag 87/109)
[download]  79.5% of ~ 198.76MiB at    8.26MiB/s ETA 00:06 (frag 87/109)
[download]  79.5% of ~ 198.77MiB at    8.26MiB/s ETA 00:06 (frag 87/109)
[download]  79.5% of ~ 198.77MiB at    8.26MiB/s ETA 00:06 (frag 87/109)
[download]  79.5% of ~ 198.78MiB at    8.26MiB/s ETA 00:06 (frag 87/109)
[download]  79.6% of ~ 198.80MiB at    8.26MiB/s ETA 00:06 (frag 87/109)
[download]  79.8% of ~ 198.77MiB at    8.26MiB/s ETA 00:06 (frag 87/109)
[download]  79.6% of ~ 199.44MiB at    8.28MiB/s ETA 00:05 (frag 87/109)
[download]  80.1% of ~ 198.12MiB at    8.28MiB/s ETA 00:05 (frag 87/109)
[download]  80.1% of ~ 198.12MiB at    8.28MiB/s ETA 00:05 (frag 87/109)
[download]  80.1% of ~ 198.12MiB at    8.22MiB/s ETA 00:05 (frag 87/109)
[download]  80.1% of ~ 198.13MiB at    8.22MiB/s ETA 00:05 (frag 87/109)
[download]  80.2% of ~ 198.14MiB at    8.22MiB/s ETA 00:05 (frag 87/109)
[download]  80.2% of ~ 198.16MiB at    8.22MiB/s ETA 00:05 (frag 87/109)
[download]  80.2% of ~ 198.19MiB at    8.22MiB/s ETA 00:05 (frag 87/109)
[download]  80.2% of ~ 198.41MiB at    8.22MiB/s ETA 00:05 (frag 87/109)
[download]  80.2% of ~ 198.49MiB at    8.22MiB/s ETA 00:05 (frag 87/109)
[download]  80.3% of ~ 198.73MiB at    8.23MiB/s ETA 00:05 (frag 87/109)
[download]  79.6% of ~ 200.54MiB at    8.23MiB/s ETA 00:05 (frag 87/109)
[download]  80.1% of ~ 199.12MiB at    8.14MiB/s ETA 00:05 (frag 87/109)
[download]  80.1% of ~ 199.12MiB at    8.14MiB/s ETA 00:05 (frag 87/109)
[download]  80.1% of ~ 199.13MiB at    8.14MiB/s ETA 00:05 (frag 87/109)
[download]  80.2% of ~ 199.13MiB at    8.14MiB/s ETA 00:05 (frag 87/109)
[download]  80.2% of ~ 199.14MiB at    8.14MiB/s ETA 00:05 (frag 87/109)
[download]  79.7% of ~ 200.64MiB at    8.14MiB/s ETA 00:05 (frag 87/109)
[download]  80.1% of ~ 200.90MiB at    8.10MiB/s ETA 00:05 (frag 87/109)
[download]  80.2% of ~ 200.71MiB at    8.10MiB/s ETA 00:05 (frag 87/109)
[download]  80.2% of ~ 200.85MiB at    8.10MiB/s ETA 00:05 (frag 87/109)
[download]  79.6% of ~ 202.44MiB at    8.10MiB/s ETA 00:05 (frag 87/109)
[download]  80.4% of ~ 201.09MiB at    8.10MiB/s ETA 00:05 (frag 87/109)
[download]  79.7% of ~ 203.14MiB at    8.10MiB/s ETA 00:05 (frag 87/109)
[download]  79.6% of ~ 203.54MiB at    8.10MiB/s ETA 00:05 (frag 88/109)
[download]  81.1% of ~ 199.84MiB at    8.10MiB/s ETA 00:05 (frag 88/109)
[download]  81.1% of ~ 199.88MiB at    8.09MiB/s ETA 00:05 (frag 88/109)
[download]  80.7% of ~ 201.42MiB at    8.09MiB/s ETA 00:05 (frag 88/109)
[download]  81.1% of ~ 200.57MiB at    8.05MiB/s ETA 00:05 (frag 88/109)
[download]  81.1% of ~ 200.72MiB at    8.05MiB/s ETA 00:05 (frag 88/109)
[download]  81.2% of ~ 200.88MiB at    8.05MiB/s ETA 00:05 (frag 88/109)
[download]  81.1% of ~ 201.08MiB at    8.05MiB/s ETA 00:05 (frag 89/109)
[download]  82.1% of ~ 198.91MiB at    8.05MiB/s ETA 00:05 (frag 89/109)
[download]  82.2% of ~ 199.22MiB at    8.11MiB/s ETA 00:05 (frag 89/109)
[download]  81.5% of ~ 201.22MiB at    8.11MiB/s ETA 00:05 (frag 89/109)
[download]  82.1% of ~ 200.06MiB at    8.00MiB/s ETA 00:05 (frag 89/109)
[download]  82.1% of ~ 200.36MiB at    8.00MiB/s ETA 00:05 (frag 89/109)
[download]  81.4% of ~ 202.01MiB at    8.00MiB/s ETA 00:05 (frag 89/109)
[download]  81.4% of ~ 202.01MiB at    8.00MiB/s ETA 00:05 (frag 89/109)
[download]  81.4% of ~ 202.02MiB at    8.00MiB/s ETA 00:05 (frag 89/109)
[download]  81.4% of ~ 202.02MiB at    8.00MiB/s ETA 00:05 (frag 89/109)
[download]  81.4% of ~ 202.03MiB at    8.00MiB/s ETA 00:05 (frag 89/109)
[download]  81.5% of ~ 202.05MiB at    8.00MiB/s ETA 00:05 (frag 89/109)
[download]  82.1% of ~ 200.81MiB at    8.02MiB/s ETA 00:05 (frag 89/109)
[download]  82.0% of ~ 201.08MiB at    8.02MiB/s ETA 00:05 (frag 90/109)
[download]  83.1% of ~ 198.86MiB at    8.02MiB/s ETA 00:05 (frag 90/109)
[download]  82.6% of ~ 200.85MiB at    7.93MiB/s ETA 00:05 (frag 90/109)
[download]  82.9% of ~ 200.00MiB at    7.93MiB/s ETA 00:05 (frag 90/109)
[download]  82.9% of ~ 200.00MiB at    7.93MiB/s ETA 00:05 (frag 90/109)
[download]  82.9% of ~ 200.00MiB at    7.93MiB/s ETA 00:05 (frag 90/109)
[download]  82.9% of ~ 200.00MiB at    7.93MiB/s ETA 00:05 (frag 90/109)
[download]  82.9% of ~ 200.01MiB at    7.93MiB/s ETA 00:05 (frag 90/109)
[download]  82.9% of ~ 200.03MiB at    7.93MiB/s ETA 00:05 (frag 90/109)
[download]  82.4% of ~ 201.41MiB at    7.82MiB/s ETA 00:05 (frag 90/109)
[download]  82.4% of ~ 201.48MiB at    7.82MiB/s ETA 00:05 (frag 90/109)
[download]  83.2% of ~ 200.30MiB at    7.82MiB/s ETA 00:05 (frag 90/109)
[download]  82.8% of ~ 202.33MiB at    7.82MiB/s ETA 00:05 (frag 90/109)
[download]  83.0% of ~ 202.16MiB at    7.94MiB/s ETA 00:04 (frag 90/109)
[download]  82.9% of ~ 202.42MiB at    7.94MiB/s ETA 00:04 (frag 91/109)
[download]  84.1% of ~ 200.16MiB at    7.94MiB/s ETA 00:04 (frag 91/109)
[download]  83.9% of ~ 200.75MiB at    7.94MiB/s ETA 00:04 (frag 91/109)
[download]  83.8% of ~ 200.95MiB at    7.94MiB/s ETA 00:04 (frag 92/109)
[download]  84.8% of ~ 198.79MiB at    8.05MiB/s ETA 00:04 (frag 92/109)
[download]  84.8% of ~ 198.86MiB at    8.05MiB/s ETA 00:04 (frag 92/109)
[download]  84.3% of ~ 200.41MiB at    8.05MiB/s ETA 00:04 (frag 92/109)
[download]  84.7% of ~ 199.42MiB at    8.05MiB/s ETA 00:04 (frag 92/109)
[download]  84.7% of ~ 199.42MiB at    8.05MiB/s ETA 00:04 (frag 92/109)
[download]  84.1% of ~ 200.84MiB at    8.05MiB/s ETA 00:04 (frag 93/109)
[download]  85.7% of ~ 197.30MiB at    8.05MiB/s ETA 00:04 (frag 93/109)
[download]  85.7% of ~ 197.30MiB at    8.05MiB/s ETA 00:04 (frag 93/109)
[download]  85.7% of ~ 197.31MiB at    8.05MiB/s ETA 00:04 (frag 93/109)
[download]  85.7% of ~ 197.33MiB at    8.05MiB/s ETA 00:04 (frag 93/109)
[download]  85.7% of ~ 197.39MiB at    8.08MiB/s ETA 00:04 (frag 93/109)
[download]  85.6% of ~ 197.59MiB at    8.08MiB/s ETA 00:04 (frag 94/109)
[download]  86.5% of ~ 196.89MiB at    8.11MiB/s ETA 00:04 (frag 94/109)
[download]  86.0% of ~ 197.97MiB at    8.11MiB/s ETA 00:04 (frag 94/109)
[download]  86.0% of ~ 197.97MiB at    8.11MiB/s ETA 00:04 (frag 94/109)
[download]  86.0% of ~ 197.98MiB at    8.11MiB/s ETA 00:04 (frag 94/109)
[download]  86.0% of ~ 197.98MiB at    8.11MiB/s ETA 00:04 (frag 94/109)
[download]  86.0% of ~ 197.99MiB at    8.11MiB/s ETA 00:04 (frag 94/109)
[download]  86.0% of ~ 198.01MiB at    8.11MiB/s ETA 00:04 (frag 94/109)
[download]  86.6% of ~ 196.70MiB at    8.11MiB/s ETA 00:04 (frag 94/109)
[download]  86.1% of ~ 198.07MiB at    8.11MiB/s ETA 00:04 (frag 94/109)
[download]  86.6% of ~ 197.06MiB at    8.17MiB/s ETA 00:04 (frag 94/109)
[download]  86.5% of ~ 197.26MiB at    8.07MiB/s ETA 00:04 (frag 94/109)
[download]  86.6% of ~ 197.26MiB at    8.07MiB/s ETA 00:04 (frag 94/109)
[download]  86.6% of ~ 197.26MiB at    8.07MiB/s ETA 00:04 (frag 94/109)
[download]  86.6% of ~ 197.27MiB at    8.07MiB/s ETA 00:04 (frag 94/109)
[download]  86.6% of ~ 197.28MiB at    8.07MiB/s ETA 00:04 (frag 94/109)
[download]  86.6% of ~ 197.29MiB at    8.07MiB/s ETA 00:04 (frag 94/109)
[download]  85.9% of ~ 198.76MiB at    8.07MiB/s ETA 00:04 (frag 94/109)
[download]  85.9% of ~ 198.76MiB at    8.07MiB/s ETA 00:04 (frag 94/109)
[download]  85.9% of ~ 198.76MiB at    8.07MiB/s ETA 00:04 (frag 94/109)
[download]  85.9% of ~ 198.77MiB at    8.07MiB/s ETA 00:04 (frag 94/109)
[download]  85.9% of ~ 198.78MiB at    8.07MiB/s ETA 00:04 (frag 94/109)
[download]  85.9% of ~ 198.79MiB at    8.07MiB/s ETA 00:04 (frag 94/109)
[download]  86.2% of ~ 198.75MiB at    8.00MiB/s ETA 00:04 (frag 94/109)
[download]  86.0% of ~ 199.19MiB at    8.00MiB/s ETA 00:04 (frag 95/109)
[download]  87.6% of ~ 195.74MiB at    8.00MiB/s ETA 00:04 (frag 95/109)
[download]  86.9% of ~ 197.33MiB at    8.00MiB/s ETA 00:04 (frag 95/109)
[download]  87.0% of ~ 197.40MiB at    8.00MiB/s ETA 00:04 (frag 95/109)
[download]  87.2% of ~ 197.50MiB at    8.01MiB/s ETA 00:04 (frag 95/109)
[download]  87.6% of ~ 196.78MiB at    8.01MiB/s ETA 00:04 (frag 95/109)
[download]  87.5% of ~ 197.12MiB at    7.93MiB/s ETA 00:04 (frag 95/109)
[download]  86.9% of ~ 198.60MiB at    7.93MiB/s ETA 00:04 (frag 95/109)
[download]  86.9% of ~ 198.68MiB at    7.93MiB/s ETA 00:04 (frag 95/109)
[download]  87.0% of ~ 198.68MiB at    7.87MiB/s ETA 00:03 (frag 95/109)
[download]  87.7% of ~ 197.65MiB at    7.87MiB/s ETA 00:03 (frag 95/109)
[download]  87.6% of ~ 198.22MiB at    7.87MiB/s ETA 00:03 (frag 95/109)
[download]  87.5% of ~ 198.41MiB at    7.87MiB/s ETA 00:03 (frag 96/109)
[download]  88.7% of ~ 196.35MiB at    7.90MiB/s ETA 00:03 (frag 96/109)
[download]  88.4% of ~ 196.95MiB at    7.90MiB/s ETA 00:03 (frag 96/109)
[download]  88.4% of ~ 196.95MiB at    7.90MiB/s ETA 00:03 (frag 96/109)
[download]  88.4% of ~ 196.96MiB at    7.90MiB/s ETA 00:03 (frag 96/109)
[download]  88.4% of ~ 196.96MiB at    7.90MiB/s ETA 00:03 (frag 96/109)
[download]  88.5% of ~ 196.93MiB at    7.90MiB/s ETA 00:03 (frag 96/109)
[download]  88.4% of ~ 197.10MiB at    7.90MiB/s ETA 00:03 (frag 97/109)
[download]  89.3% of ~ 195.23MiB at    7.87MiB/s ETA 00:03 (frag 97/109)
[download]  89.3% of ~ 195.23MiB at    7.87MiB/s ETA 00:03 (frag 97/109)
[download]  89.3% of ~ 195.23MiB at    7.87MiB/s ETA 00:03 (frag 97/109)
[download]  89.3% of ~ 195.24MiB at    7.87MiB/s ETA 00:03 (frag 97/109)
[download]  89.3% of ~ 195.25MiB at    7.87MiB/s ETA 00:03 (frag 97/109)
[download]  89.3% of ~ 195.26MiB at    7.87MiB/s ETA 00:03 (frag 97/109)
[download]  89.4% of ~ 195.20MiB at    7.87MiB/s ETA 00:03 (frag 97/109)
[download]  88.8% of ~ 196.73MiB at    7.80MiB/s ETA 00:03 (frag 97/109)
[download]  89.3% of ~ 195.61MiB at    7.80MiB/s ETA 00:03 (frag 97/109)
[download]  89.0% of ~ 196.89MiB at    7.74MiB/s ETA 00:03 (frag 97/109)
[download]  89.3% of ~ 197.40MiB at    7.74MiB/s ETA 00:03 (frag 97/109)
[download]  89.3% of ~ 197.40MiB at    7.73MiB/s ETA 00:03 (frag 97/109)
[download]  89.3% of ~ 197.47MiB at    7.73MiB/s ETA 00:03 (frag 97/109)
[download]  89.3% of ~ 197.51MiB at    7.73MiB/s ETA 00:03 (frag 97/109)
[download]  89.3% of ~ 197.58MiB at    7.73MiB/s ETA 00:03 (frag 97/109)
[download]  89.3% of ~ 197.58MiB at    7.73MiB/s ETA 00:03 (frag 97/109)
[download]  89.3% of ~ 197.58MiB at    7.73MiB/s ETA 00:03 (frag 97/109)
[download]  89.3% of ~ 197.59MiB at    7.73MiB/s ETA 00:03 (frag 97/109)
[download]  89.3% of ~ 197.59MiB at    7.73MiB/s ETA 00:03 (frag 97/109)
[download]  89.3% of ~ 197.61MiB at    7.73MiB/s ETA 00:03 (frag 97/109)
[download]  89.4% of ~ 197.62MiB at    7.73MiB/s ETA 00:03 (frag 97/109)
[download]  88.9% of ~ 199.28MiB at    7.77MiB/s ETA 00:03 (frag 97/109)
[download]  88.7% of ~ 199.81MiB at    7.77MiB/s ETA 00:03 (frag 97/109)
[download]  88.7% of ~ 199.81MiB at    7.77MiB/s ETA 00:03 (frag 97/109)
[download]  88.7% of ~ 199.81MiB at    7.77MiB/s ETA 00:03 (frag 97/109)
[download]  88.7% of ~ 199.81MiB at    7.77MiB/s ETA 00:03 (frag 97/109)
[download]  88.7% of ~ 199.82MiB at    7.77MiB/s ETA 00:03 (frag 97/109)
[download]  88.7% of ~ 199.84MiB at    7.77MiB/s ETA 00:03 (frag 97/109)
[download]  88.9% of ~ 199.73MiB at    7.79MiB/s ETA 00:03 (frag 97/109)
[download]  88.8% of ~ 200.04MiB at    7.79MiB/s ETA 00:03 (frag 98/109)
[download]  90.2% of ~ 198.06MiB at    7.79MiB/s ETA 00:03 (frag 98/109)
[download]  90.3% of ~ 197.92MiB at    7.82MiB/s ETA 00:03 (frag 98/109)
[download]  90.3% of ~ 198.09MiB at    7.82MiB/s ETA 00:03 (frag 98/109)
[download]  90.2% of ~ 198.30MiB at    7.82MiB/s ETA 00:03 (frag 98/109)
[download]  90.3% of ~ 198.37MiB at    7.82MiB/s ETA 00:03 (frag 98/109)
[download]  90.1% of ~ 199.85MiB at    7.82MiB/s ETA 00:03 (frag 98/109)
[download]  89.7% of ~ 200.92MiB at    7.82MiB/s ETA 00:03 (frag 98/109)
[download]  90.5% of ~ 199.65MiB at    7.82MiB/s ETA 00:03 (frag 98/109)
[download]  89.7% of ~ 201.54MiB at    7.91MiB/s ETA 00:03 (frag 98/109)
[download]  89.8% of ~ 201.57MiB at    7.91MiB/s ETA 00:03 (frag 98/109)
[download]  89.7% of ~ 201.92MiB at    7.91MiB/s ETA 00:03 (frag 99/109)
[download]  91.2% of ~ 198.67MiB at    7.95MiB/s ETA 00:03 (frag 99/109)
[download]  91.3% of ~ 198.91MiB at    7.95MiB/s ETA 00:03 (frag 99/109)
[download]  91.1% of ~ 199.36MiB at    7.95MiB/s ETA 00:03 (frag 99/109)
[download]  91.1% of ~ 199.36MiB at    7.95MiB/s ETA 00:03 (frag 99/109)
[download]  91.1% of ~ 199.36MiB at    7.95MiB/s ETA 00:03 (frag 99/109)
[download]  91.1% of ~ 199.37MiB at    7.95MiB/s ETA 00:03 (frag 99/109)
[download]  91.2% of ~ 199.38MiB at    7.95MiB/s ETA 00:03 (frag 99/109)
[download]  91.2% of ~ 199.39MiB at    7.97MiB/s ETA 00:02 (frag 99/109)
[download]  91.2% of ~ 199.43MiB at    7.97MiB/s ETA 00:02 (frag 99/109)
[download]  91.1% of ~ 199.64MiB at    7.97MiB/s ETA 00:02 (frag 100/109)
[download]  91.7% of ~ 199.01MiB at    7.97MiB/s ETA 00:02 (frag 100/109)
[download]  91.4% of ~ 199.49MiB at    7.97MiB/s ETA 00:02 (frag 101/109)
[download]  93.1% of ~ 196.23MiB at    7.97MiB/s ETA 00:02 (frag 101/109)
[download]  93.1% of ~ 196.56MiB at    7.97MiB/s ETA 00:02 (frag 101/109)
[download]  92.9% of ~ 196.86MiB at    7.97MiB/s ETA 00:02 (frag 102/109)
[download]  93.4% of ~ 196.15MiB at    8.12MiB/s ETA 00:02 (frag 102/109)
[download]  94.0% of ~ 195.12MiB at    8.17MiB/s ETA 00:02 (frag 102/109)
[download]  93.9% of ~ 195.38MiB at    8.17MiB/s ETA 00:02 (frag 102/109)
[download]  93.9% of ~ 195.38MiB at    8.17MiB/s ETA 00:02 (frag 102/109)
[download]  93.9% of ~ 195.38MiB at    8.17MiB/s ETA 00:02 (frag 102/109)
[download]  93.9% of ~ 195.38MiB at    8.17MiB/s ETA 00:02 (frag 102/109)
[download]  93.9% of ~ 195.39MiB at    8.22MiB/s ETA 00:02 (frag 102/109)
[download]  93.9% of ~ 195.41MiB at    8.22MiB/s ETA 00:02 (frag 102/109)
[download]  93.9% of ~ 195.46MiB at    8.22MiB/s ETA 00:02 (frag 102/109)
[download]  93.9% of ~ 195.52MiB at    8.21MiB/s ETA 00:02 (frag 102/109)
[download]  93.5% of ~ 196.94MiB at    8.21MiB/s ETA 00:02 (frag 102/109)
[download]  94.2% of ~ 195.51MiB at    8.23MiB/s ETA 00:02 (frag 102/109)
[download]  94.2% of ~ 195.51MiB at    8.23MiB/s ETA 00:02 (frag 102/109)
[download]  94.2% of ~ 195.52MiB at    8.23MiB/s ETA 00:02 (frag 102/109)
[download]  94.2% of ~ 195.52MiB at    8.23MiB/s ETA 00:02 (frag 102/109)
[download]  94.2% of ~ 195.53MiB at    8.23MiB/s ETA 00:02 (frag 102/109)
[download]  94.2% of ~ 195.54MiB at    8.23MiB/s ETA 00:02 (frag 102/109)
[download]  93.3% of ~ 197.52MiB at    8.23MiB/s ETA 00:02 (frag 102/109)
[download]  93.3% of ~ 197.52MiB at    8.23MiB/s ETA 00:02 (frag 102/109)
[download]  93.3% of ~ 197.52MiB at    8.23MiB/s ETA 00:02 (frag 102/109)
[download]  93.3% of ~ 197.53MiB at    8.23MiB/s ETA 00:02 (frag 102/109)
[download]  93.3% of ~ 197.53MiB at    8.23MiB/s ETA 00:02 (frag 102/109)
[download]  93.3% of ~ 197.55MiB at    8.23MiB/s ETA 00:02 (frag 102/109)
[download]  94.1% of ~ 196.31MiB at    8.23MiB/s ETA 00:02 (frag 102/109)
[download]  94.0% of ~ 196.84MiB at    8.21MiB/s ETA 00:02 (frag 102/109)
[download]  93.9% of ~ 197.04MiB at    8.21MiB/s ETA 00:02 (frag 103/109)
[download]  94.8% of ~ 195.14MiB at    8.21MiB/s ETA 00:02 (frag 103/109)
[download]  94.9% of ~ 195.22MiB at    8.21MiB/s ETA 00:02 (frag 103/109)
[download]  95.0% of ~ 195.51MiB at    8.29MiB/s ETA 00:02 (frag 103/109)
[download]  94.9% of ~ 196.03MiB at    8.29MiB/s ETA 00:02 (frag 103/109)
[download]  94.8% of ~ 196.26MiB at    8.29MiB/s ETA 00:02 (frag 104/109)
[download]  96.1% of ~ 193.71MiB at    8.30MiB/s ETA 00:02 (frag 104/109)
[download]  96.1% of ~ 193.77MiB at    8.30MiB/s ETA 00:02 (frag 104/109)
[download]  95.1% of ~ 195.81MiB at    8.30MiB/s ETA 00:02 (frag 104/109)
[download]  95.6% of ~ 195.89MiB at    8.30MiB/s ETA 00:02 (frag 104/109)
[download]  95.8% of ~ 195.65MiB at    8.30MiB/s ETA 00:01 (frag 104/109)
[download]  95.9% of ~ 195.78MiB at    8.21MiB/s ETA 00:01 (frag 104/109)
[download]  96.0% of ~ 196.06MiB at    8.21MiB/s ETA 00:01 (frag 104/109)
[download]  95.3% of ~ 197.84MiB at    8.21MiB/s ETA 00:01 (frag 104/109)
[download]  95.1% of ~ 198.27MiB at    8.21MiB/s ETA 00:01 (frag 105/109)
[download]  96.7% of ~ 195.15MiB at    8.21MiB/s ETA 00:01 (frag 105/109)
[download]  96.6% of ~ 195.35MiB at    8.21MiB/s ETA 00:01 (frag 106/109)
[download]  98.0% of ~ 192.88MiB at    8.32MiB/s ETA 00:01 (frag 106/109)
[download]  97.9% of ~ 193.13MiB at    8.32MiB/s ETA 00:01 (frag 106/109)
[download]  97.9% of ~ 193.20MiB at    8.32MiB/s ETA 00:01 (frag 107/109)
[download]  97.9% of ~ 193.26MiB at    8.32MiB/s ETA 00:01 (frag 107/109)
[download]  98.0% of ~ 193.38MiB at    8.34MiB/s ETA 00:01 (frag 107/109)
[download]  98.7% of ~ 192.41MiB at    8.26MiB/s ETA 00:01 (frag 107/109)
[download]  98.6% of ~ 192.92MiB at    8.26MiB/s ETA 00:01 (frag 107/109)
[download]  98.5% of ~ 193.10MiB at    8.26MiB/s ETA 00:01 (frag 108/109)
[download]  99.0% of ~ 192.54MiB at    8.07MiB/s ETA 00:01 (frag 108/109)
[download]  99.3% of ~ 193.04MiB at    7.83MiB/s ETA 00:01 (frag 108/109)
[download]  99.0% of ~ 194.04MiB at    7.65MiB/s ETA 00:01 (frag 108/109)
[download]  98.8% of ~ 194.44MiB at    7.65MiB/s ETA 00:01 (frag 109/109)
[download] 100% of  192.04MiB in 00:00:24 at 7.96MiB/s
[FixupM3u8] Fixing MPEG-TS in MP4 container of "D:\ĎÂÔŘ\SmartVideoDownloader\downloads\Bulging_tits_and_tight_threads_wild_hands_claim_pleasure-69bf81afe8a02.mp4"
[Metadata] Adding metadata to "D:\ĎÂÔŘ\SmartVideoDownloader\downloads\Bulging_tits_and_tight_threads_wild_hands_claim_pleasure-69bf81afe8a02.mp4"
