[PornHub] Extracting URL: https://cn.pornhub.com/view_video.php?viewkey=68f163c91148d
[PornHub] 68f163c91148d: Downloading pc webpage
[PornHub] 68f163c91148d: Downloading m3u8 information
[PornHub] 68f163c91148d: Downloading m3u8 information
[PornHub] 68f163c91148d: Downloading m3u8 information
[PornHub] 68f163c91148d: Downloading m3u8 information
[PornHub] 68f163c91148d: Downloading JSON metadata
[info] 68f163c91148d: Downloading 1 format(s): hls-3038
[info] Downloading video thumbnail 0 ...
[hlsnative] Downloading m3u8 manifest
[hlsnative] Total fragments: 42
[download] Destination: D:\ĎÂÔŘ\SmartVideoDownloader\downloads\_-68f163c91148d.mp4
[download]   0.0% of ~   5.68MiB at    1.01KiB/s ETA Unknown (frag 0/42)
[download]   0.1% of ~   5.72MiB at    1.01KiB/s ETA Unknown (frag 0/42)
[download]   0.1% of ~   5.80MiB at    1.01KiB/s ETA Unknown (frag 0/42)
[download]   0.2% of ~   5.96MiB at   13.21KiB/s ETA Unknown (frag 0/42)
[download]   0.5% of ~   6.29MiB at   28.42KiB/s ETA Unknown (frag 0/42)
[download]   0.9% of ~   6.95MiB at   50.13KiB/s ETA Unknown (frag 0/42)
[download]   1.5% of ~   8.26MiB at   82.90KiB/s ETA Unknown (frag 0/42)
[download]   1.2% of ~  10.89MiB at   82.90KiB/s ETA Unknown (frag 0/42)
[download]   1.2% of ~  11.36MiB at   82.90KiB/s ETA Unknown (frag 1/42)
[download]   0.5% of ~  29.53MiB at  104.15KiB/s ETA Unknown (frag 1/42)
[download]   0.2% of ~  55.52MiB at  104.15KiB/s ETA Unknown (frag 1/42)
[download]   0.5% of ~  29.57MiB at  104.15KiB/s ETA Unknown (frag 1/42)
[download]   0.3% of ~  55.58MiB at  104.15KiB/s ETA Unknown (frag 1/42)
[download]   0.5% of ~  29.66MiB at  104.15KiB/s ETA Unknown (frag 1/42)
[download]   0.3% of ~  55.70MiB at  104.15KiB/s ETA Unknown (frag 1/42)
[download]   0.5% of ~  28.62MiB at  104.15KiB/s ETA Unknown (frag 1/42)
[download]   0.5% of ~  28.64MiB at  104.15KiB/s ETA Unknown (frag 1/42)
[download]   0.6% of ~  27.59MiB at  104.15KiB/s ETA Unknown (frag 1/42)
[download]   0.5% of ~  28.70MiB at  104.15KiB/s ETA Unknown (frag 1/42)
[download]   0.3% of ~  55.49MiB at  104.15KiB/s ETA Unknown (frag 1/42)
[download]   0.4% of ~  38.16MiB at  104.15KiB/s ETA Unknown (frag 1/42)
[download]   0.6% of ~  27.76MiB at  104.15KiB/s ETA Unknown (frag 1/42)
[download]   0.5% of ~  29.92MiB at  104.15KiB/s ETA Unknown (frag 1/42)
[download]   0.4% of ~  38.22MiB at  104.15KiB/s ETA Unknown (frag 1/42)
[download]   0.6% of ~  27.84MiB at  104.15KiB/s ETA Unknown (frag 1/42)
[download]   0.6% of ~  30.15MiB at  104.15KiB/s ETA Unknown (frag 1/42)
[download]   0.5% of ~  38.38MiB at  104.15KiB/s ETA Unknown (frag 1/42)
[download]   0.6% of ~  30.27MiB at  104.15KiB/s ETA Unknown (frag 1/42)
[download]   0.3% of ~  55.90MiB at  104.15KiB/s ETA Unknown (frag 1/42)
[download]   0.3% of ~  55.94MiB at  104.15KiB/s ETA Unknown (frag 1/42)
[download]   0.3% of ~  56.50MiB at  133.41KiB/s ETA Unknown (frag 1/42)
[download]   0.7% of ~  29.50MiB at  133.41KiB/s ETA Unknown (frag 1/42)
[download]   0.7% of ~  28.58MiB at  133.41KiB/s ETA Unknown (frag 1/42)
[download]   0.7% of ~  30.97MiB at  133.41KiB/s ETA Unknown (frag 1/42)
[download]   0.4% of ~  56.68MiB at  133.41KiB/s ETA Unknown (frag 1/42)
[download]   0.6% of ~  39.49MiB at  133.41KiB/s ETA Unknown (frag 1/42)
[download]   0.8% of ~  31.52MiB at  161.07KiB/s ETA 02:21 (frag 1/42)
[download]   0.4% of ~  53.25MiB at  161.07KiB/s ETA 02:21 (frag 1/42)
[download]   0.5% of ~  53.27MiB at  161.07KiB/s ETA 02:21 (frag 1/42)
[download]   0.5% of ~  53.31MiB at  161.07KiB/s ETA 02:21 (frag 1/42)
[download]   0.5% of ~  53.40MiB at  161.07KiB/s ETA 02:21 (frag 1/42)
[download]   0.5% of ~  53.56MiB at  161.07KiB/s ETA 02:21 (frag 1/42)
[download]   0.9% of ~  32.32MiB at  189.11KiB/s ETA 02:20 (frag 1/42)
[download]   0.5% of ~  58.61MiB at  189.11KiB/s ETA 02:20 (frag 1/42)
[download]   1.0% of ~  30.69MiB at  189.11KiB/s ETA 02:20 (frag 1/42)
[download]   1.0% of ~  32.10MiB at  189.11KiB/s ETA 02:20 (frag 1/42)
[download]   1.0% of ~  33.57MiB at  189.11KiB/s ETA 02:20 (frag 1/42)
[download]   0.7% of ~  55.53MiB at  189.11KiB/s ETA 02:20 (frag 1/42)
[download]   0.7% of ~  60.10MiB at  189.11KiB/s ETA 02:20 (frag 1/42)
[download]   0.9% of ~  43.08MiB at  189.11KiB/s ETA 02:20 (frag 1/42)
[download]   0.8% of ~  56.84MiB at  251.10KiB/s ETA 02:21 (frag 1/42)
[download]   1.4% of ~  36.59MiB at  293.31KiB/s ETA 02:16 (frag 1/42)
[download]   0.8% of ~  63.21MiB at  293.31KiB/s ETA 02:16 (frag 1/42)
[download]   1.6% of ~  37.35MiB at  293.31KiB/s ETA 02:16 (frag 1/42)
[download]   1.0% of ~  65.35MiB at  293.31KiB/s ETA 02:16 (frag 1/42)
[download]   1.5% of ~  37.84MiB at  293.31KiB/s ETA 02:16 (frag 1/42)
[download]   1.3% of ~  62.75MiB at  387.38KiB/s ETA 02:13 (frag 1/42)
[download]   1.7% of ~  36.92MiB at  293.31KiB/s ETA 02:16 (frag 1/42)
[download]   1.4% of ~  48.66MiB at  293.31KiB/s ETA 02:16 (frag 1/42)
[download]   2.1% of ~  41.52MiB at  448.95KiB/s ETA 02:07 (frag 1/42)
[download]   2.1% of ~  45.12MiB at  448.95KiB/s ETA 02:07 (frag 1/42)
[download]   1.4% of ~  72.40MiB at  448.95KiB/s ETA 02:07 (frag 1/42)
[download]   2.3% of ~  46.54MiB at  448.95KiB/s ETA 02:07 (frag 1/42)
[download]   2.3% of ~  49.00MiB at  448.95KiB/s ETA 02:07 (frag 1/42)
[download]   2.0% of ~  58.50MiB at  448.95KiB/s ETA 02:07 (frag 1/42)
[download]   2.0% of ~  73.25MiB at  448.95KiB/s ETA 02:07 (frag 1/42)
[download]   1.8% of ~  82.41MiB at  448.95KiB/s ETA 02:07 (frag 1/42)
[download]   2.9% of ~  57.04MiB at  605.09KiB/s ETA 02:00 (frag 1/42)
[download]   2.9% of ~  60.87MiB at  605.09KiB/s ETA 02:00 (frag 1/42)
[download]   2.1% of ~  89.46MiB at  605.09KiB/s ETA 02:00 (frag 1/42)
[download]   3.1% of ~  63.83MiB at  605.09KiB/s ETA 02:00 (frag 1/42)
[download]   2.8% of ~  90.31MiB at  605.09KiB/s ETA 02:00 (frag 1/42)
[download]   3.3% of ~  79.18MiB at  605.09KiB/s ETA 02:00 (frag 1/42)
[download]   3.1% of ~  90.00MiB at  605.09KiB/s ETA 02:00 (frag 1/42)
[download]   2.6% of ~ 109.98MiB at  605.09KiB/s ETA 02:00 (frag 1/42)
[download]   3.6% of ~ 108.69MiB at    1.03MiB/s ETA 01:53 (frag 1/42)
[download]   3.9% of ~ 106.91MiB at    1.03MiB/s ETA 01:53 (frag 1/42)
[download]   3.9% of ~ 111.08MiB at    1.03MiB/s ETA 01:53 (frag 1/42)
[download]   3.2% of ~ 144.58MiB at    1.03MiB/s ETA 01:53 (frag 1/42)
[download]   3.9% of ~ 123.87MiB at    1.03MiB/s ETA 01:53 (frag 1/42)
[download]   4.0% of ~ 129.06MiB at    1.03MiB/s ETA 01:53 (frag 1/42)
[download]   3.8% of ~ 142.50MiB at    1.03MiB/s ETA 01:53 (frag 1/42)
[download]   3.5% of ~ 161.19MiB at    1.03MiB/s ETA 01:53 (frag 1/42)
[download]   3.4% of ~ 167.47MiB at    1.03MiB/s ETA 01:53 (frag 2/42)
[download]   5.2% of ~ 114.26MiB at    1.63MiB/s ETA 01:45 (frag 2/42)
[download]   6.5% of ~  99.24MiB at    2.06MiB/s ETA 01:37 (frag 2/42)
[download]   6.5% of ~ 106.96MiB at    2.06MiB/s ETA 01:37 (frag 2/42)
[download]   5.6% of ~ 132.08MiB at    2.06MiB/s ETA 01:37 (frag 2/42)
[download]   6.5% of ~ 121.77MiB at    2.06MiB/s ETA 01:37 (frag 2/42)
[download]   6.5% of ~ 128.73MiB at    2.06MiB/s ETA 01:37 (frag 2/42)
[download]   6.3% of ~ 141.19MiB at    2.06MiB/s ETA 01:37 (frag 2/42)
[download]   6.4% of ~ 141.24MiB at    2.06MiB/s ETA 01:37 (frag 2/42)
[download]   6.3% of ~ 143.53MiB at    2.06MiB/s ETA 01:37 (frag 3/42)
[download]   8.6% of ~ 108.19MiB at    2.06MiB/s ETA 01:37 (frag 3/42)
[download]   8.4% of ~ 110.44MiB at    2.06MiB/s ETA 01:37 (frag 4/42)
[download]   9.9% of ~  99.03MiB at    2.81MiB/s ETA 01:30 (frag 4/42)
[download]  10.8% of ~  93.03MiB at    2.81MiB/s ETA 01:30 (frag 4/42)
[download]  10.6% of ~  95.32MiB at    2.81MiB/s ETA 01:30 (frag 5/42)
[download]  13.0% of ~  79.41MiB at    2.81MiB/s ETA 01:30 (frag 5/42)
[download]  12.7% of ~  81.30MiB at    2.81MiB/s ETA 01:30 (frag 6/42)
[download]  14.8% of ~  69.72MiB at    2.81MiB/s ETA 01:30 (frag 6/42)
[download]  14.8% of ~  69.73MiB at    2.81MiB/s ETA 01:30 (frag 6/42)
[download]  14.8% of ~  69.74MiB at    2.81MiB/s ETA 01:30 (frag 6/42)
[download]  14.9% of ~  69.76MiB at    2.81MiB/s ETA 01:30 (frag 6/42)
[download]  14.9% of ~  69.81MiB at    2.81MiB/s ETA 01:30 (frag 6/42)
[download]  14.9% of ~  69.90MiB at    2.81MiB/s ETA 01:30 (frag 6/42)
[download]  14.9% of ~  70.09MiB at    2.81MiB/s ETA 01:30 (frag 6/42)
[download]  15.0% of ~  70.46MiB at    3.40MiB/s ETA 01:22 (frag 6/42)
[download]  15.2% of ~  71.21MiB at    3.40MiB/s ETA 01:22 (frag 6/42)
[download]  15.3% of ~  75.02MiB at    3.40MiB/s ETA 01:22 (frag 6/42)
[download]  14.6% of ~  78.98MiB at    3.40MiB/s ETA 01:22 (frag 7/42)
[download]  17.9% of ~  67.09MiB at    3.40MiB/s ETA 01:22 (frag 7/42)
[download]  17.6% of ~  69.71MiB at    3.99MiB/s ETA 01:15 (frag 7/42)
[download]  17.1% of ~  77.63MiB at    3.99MiB/s ETA 01:15 (frag 7/42)
[download]  17.4% of ~  76.41MiB at    3.99MiB/s ETA 01:15 (frag 8/42)
[download]  19.4% of ~  73.56MiB at    4.62MiB/s ETA 01:08 (frag 8/42)
[download]  18.9% of ~  78.34MiB at    4.62MiB/s ETA 01:08 (frag 8/42)
[download]  18.3% of ~  80.71MiB at    4.62MiB/s ETA 01:08 (frag 9/42)
[download]  21.1% of ~  72.54MiB at    5.13MiB/s ETA 01:02 (frag 9/42)
[download]  20.5% of ~  74.58MiB at    5.13MiB/s ETA 01:02 (frag 10/42)
[download]  24.0% of ~  63.60MiB at    5.13MiB/s ETA 01:02 (frag 10/42)
[download]  24.0% of ~  63.60MiB at    5.13MiB/s ETA 01:02 (frag 10/42)
[download]  24.0% of ~  63.61MiB at    5.13MiB/s ETA 01:02 (frag 10/42)
[download]  24.0% of ~  63.62MiB at    5.13MiB/s ETA 01:02 (frag 10/42)
[download]  24.0% of ~  63.65MiB at    5.13MiB/s ETA 01:02 (frag 10/42)
[download]  24.1% of ~  63.71MiB at    5.13MiB/s ETA 01:02 (frag 10/42)
[download]  22.6% of ~  67.85MiB at    5.13MiB/s ETA 01:02 (frag 10/42)
[download]  22.6% of ~  67.86MiB at    5.13MiB/s ETA 01:02 (frag 10/42)
[download]  22.6% of ~  67.86MiB at    5.13MiB/s ETA 01:02 (frag 10/42)
[download]  24.1% of ~  63.86MiB at    5.13MiB/s ETA 01:02 (frag 10/42)
[download]  22.6% of ~  68.12MiB at    5.13MiB/s ETA 01:02 (frag 10/42)
[download]  22.6% of ~  68.15MiB at    5.13MiB/s ETA 01:02 (frag 10/42)
[download]  22.7% of ~  68.21MiB at    5.13MiB/s ETA 01:02 (frag 10/42)
[download]  22.7% of ~  68.33MiB at    5.13MiB/s ETA 01:02 (frag 10/42)
[download]  24.2% of ~  64.54MiB at    5.13MiB/s ETA 01:02 (frag 10/42)
[download]  24.2% of ~  64.53MiB at    5.13MiB/s ETA 01:02 (frag 10/42)
[download]  24.3% of ~  64.53MiB at    5.13MiB/s ETA 01:02 (frag 10/42)
[download]  24.3% of ~  64.54MiB at    5.13MiB/s ETA 01:02 (frag 10/42)
[download]  24.3% of ~  64.56MiB at    5.13MiB/s ETA 01:02 (frag 10/42)
[download]  24.3% of ~  64.58MiB at    5.13MiB/s ETA 01:02 (frag 10/42)
[download]  22.8% of ~  69.16MiB at    5.13MiB/s ETA 01:02 (frag 10/42)
[download]  24.3% of ~  65.12MiB at    5.13MiB/s ETA 01:02 (frag 10/42)
[download]  24.4% of ~  65.24MiB at    5.13MiB/s ETA 01:02 (frag 10/42)
[download]  24.5% of ~  65.97MiB at    5.13MiB/s ETA 01:02 (frag 10/42)
[download]  24.5% of ~  66.43MiB at    5.55MiB/s ETA 00:57 (frag 10/42)
[download]  24.4% of ~  66.70MiB at    5.55MiB/s ETA 00:57 (frag 10/42)
[download]  24.4% of ~  66.71MiB at    5.55MiB/s ETA 00:57 (frag 10/42)
[download]  24.4% of ~  66.71MiB at    5.55MiB/s ETA 00:57 (frag 10/42)
[download]  24.4% of ~  66.73MiB at    5.55MiB/s ETA 00:57 (frag 10/42)
[download]  24.4% of ~  66.76MiB at    5.55MiB/s ETA 00:57 (frag 10/42)
[download]  24.4% of ~  66.82MiB at    5.55MiB/s ETA 00:57 (frag 10/42)
[download]  24.5% of ~  66.94MiB at    5.55MiB/s ETA 00:57 (frag 10/42)
[download]  23.2% of ~  71.90MiB at    5.55MiB/s ETA 00:57 (frag 10/42)
[download]  24.7% of ~  68.34MiB at    5.55MiB/s ETA 00:57 (frag 10/42)
[download]  24.6% of ~  69.09MiB at    5.55MiB/s ETA 00:57 (frag 10/42)
[download]  24.9% of ~  70.26MiB at    5.55MiB/s ETA 00:57 (frag 10/42)
[download]  23.6% of ~  76.19MiB at    6.01MiB/s ETA 00:52 (frag 10/42)
[download]  23.1% of ~  77.91MiB at    6.01MiB/s ETA 00:52 (frag 10/42)
[download]  24.9% of ~  73.39MiB at    6.01MiB/s ETA 00:52 (frag 10/42)
[download]  23.2% of ~  78.86MiB at    6.01MiB/s ETA 00:52 (frag 10/42)
[download]  23.2% of ~  78.87MiB at    6.01MiB/s ETA 00:52 (frag 10/42)
[download]  23.2% of ~  78.89MiB at    6.01MiB/s ETA 00:52 (frag 10/42)
[download]  23.2% of ~  78.92MiB at    6.01MiB/s ETA 00:52 (frag 10/42)
[download]  23.2% of ~  78.98MiB at    6.01MiB/s ETA 00:52 (frag 10/42)
[download]  23.3% of ~  79.09MiB at    6.01MiB/s ETA 00:52 (frag 10/42)
[download]  25.2% of ~  75.02MiB at    6.01MiB/s ETA 00:52 (frag 10/42)
[download]  23.4% of ~  81.24MiB at    6.01MiB/s ETA 00:52 (frag 10/42)
[download]  24.7% of ~  77.04MiB at    6.01MiB/s ETA 00:52 (frag 10/42)
[download]  24.7% of ~  77.05MiB at    6.01MiB/s ETA 00:52 (frag 10/42)
[download]  24.7% of ~  77.05MiB at    6.01MiB/s ETA 00:52 (frag 10/42)
[download]  24.7% of ~  77.07MiB at    6.01MiB/s ETA 00:52 (frag 10/42)
[download]  24.7% of ~  77.10MiB at    6.01MiB/s ETA 00:52 (frag 10/42)
[download]  23.6% of ~  81.84MiB at    6.01MiB/s ETA 00:52 (frag 10/42)
[download]  24.7% of ~  78.11MiB at    6.01MiB/s ETA 00:52 (frag 10/42)
[download]  24.9% of ~  78.59MiB at    6.01MiB/s ETA 00:52 (frag 10/42)
[download]  25.3% of ~  79.36MiB at    6.01MiB/s ETA 00:52 (frag 10/42)
[download]  24.7% of ~  81.48MiB at    6.01MiB/s ETA 00:52 (frag 11/42)
[download]  27.1% of ~  74.36MiB at    6.01MiB/s ETA 00:52 (frag 11/42)
[download]  27.2% of ~  74.57MiB at    6.54MiB/s ETA 00:47 (frag 11/42)
[download]  27.4% of ~  75.01MiB at    6.54MiB/s ETA 00:47 (frag 11/42)
[download]  27.3% of ~  76.03MiB at    6.54MiB/s ETA 00:47 (frag 11/42)
[download]  27.0% of ~  76.73MiB at    6.54MiB/s ETA 00:47 (frag 12/42)
[download]  29.6% of ~  71.42MiB at    6.54MiB/s ETA 00:47 (frag 12/42)
[download]  28.5% of ~  75.89MiB at    6.54MiB/s ETA 00:47 (frag 12/42)
[download]  29.1% of ~  74.28MiB at    6.54MiB/s ETA 00:47 (frag 13/42)
[download]  32.4% of ~  68.30MiB at    6.54MiB/s ETA 00:47 (frag 13/42)
[download]  31.9% of ~  69.80MiB at    6.54MiB/s ETA 00:47 (frag 13/42)
[download]  31.5% of ~  70.59MiB at    6.54MiB/s ETA 00:47 (frag 13/42)
[download]  31.7% of ~  70.28MiB at    6.54MiB/s ETA 00:47 (frag 14/42)
[download]  33.8% of ~  65.89MiB at    6.54MiB/s ETA 00:47 (frag 14/42)
[download]  33.8% of ~  65.89MiB at    6.54MiB/s ETA 00:47 (frag 14/42)
[download]  33.8% of ~  65.90MiB at    6.54MiB/s ETA 00:47 (frag 14/42)
[download]  33.8% of ~  65.92MiB at    6.54MiB/s ETA 00:47 (frag 14/42)
[download]  33.8% of ~  65.97MiB at    6.54MiB/s ETA 00:47 (frag 14/42)
[download]  33.9% of ~  66.06MiB at    6.54MiB/s ETA 00:47 (frag 14/42)
[download]  34.0% of ~  66.23MiB at    6.54MiB/s ETA 00:47 (frag 14/42)
[download]  34.2% of ~  66.58MiB at    7.13MiB/s ETA 00:43 (frag 14/42)
[download]  34.6% of ~  67.28MiB at    7.13MiB/s ETA 00:43 (frag 14/42)
[download]  32.2% of ~  72.30MiB at    7.13MiB/s ETA 00:43 (frag 14/42)
[download]  32.2% of ~  72.31MiB at    7.13MiB/s ETA 00:43 (frag 14/42)
[download]  32.2% of ~  72.31MiB at    7.13MiB/s ETA 00:43 (frag 14/42)
[download]  33.7% of ~  71.99MiB at    7.13MiB/s ETA 00:43 (frag 14/42)
[download]  32.3% of ~  75.12MiB at    7.13MiB/s ETA 00:43 (frag 14/42)
[download]  32.3% of ~  75.14MiB at    7.13MiB/s ETA 00:43 (frag 14/42)
[download]  32.4% of ~  75.19MiB at    7.13MiB/s ETA 00:43 (frag 14/42)
[download]  32.4% of ~  75.28MiB at    7.13MiB/s ETA 00:43 (frag 14/42)
[download]  32.5% of ~  75.45MiB at    7.13MiB/s ETA 00:43 (frag 14/42)
[download]  34.3% of ~  72.18MiB at    7.13MiB/s ETA 00:43 (frag 14/42)
[download]  34.0% of ~  72.92MiB at    7.13MiB/s ETA 00:43 (frag 15/42)
[download]  34.9% of ~  71.75MiB at    7.74MiB/s ETA 00:39 (frag 15/42)
[download]  35.3% of ~  72.09MiB at    7.74MiB/s ETA 00:39 (frag 15/42)
[download]  34.8% of ~  73.24MiB at    7.74MiB/s ETA 00:39 (frag 16/42)
[download]  37.5% of ~  69.23MiB at    7.74MiB/s ETA 00:39 (frag 16/42)
[download]  38.5% of ~  70.04MiB at    8.31MiB/s ETA 00:36 (frag 16/42)
[download]  37.7% of ~  72.51MiB at    8.31MiB/s ETA 00:36 (frag 16/42)
[download]  37.2% of ~  73.46MiB at    8.31MiB/s ETA 00:36 (frag 17/42)
[download]  41.0% of ~  66.67MiB at    8.67MiB/s ETA 00:32 (frag 17/42)
[download]  41.0% of ~  66.67MiB at    8.67MiB/s ETA 00:32 (frag 17/42)
[download]  41.0% of ~  66.68MiB at    8.67MiB/s ETA 00:32 (frag 17/42)
[download]  41.0% of ~  66.69MiB at    8.67MiB/s ETA 00:32 (frag 17/42)
[download]  41.0% of ~  66.71MiB at    8.67MiB/s ETA 00:32 (frag 17/42)
[download]  41.1% of ~  66.74MiB at    8.67MiB/s ETA 00:32 (frag 17/42)
[download]  41.1% of ~  66.81MiB at    8.67MiB/s ETA 00:32 (frag 17/42)
[download]  41.0% of ~  66.97MiB at    8.67MiB/s ETA 00:32 (frag 17/42)
[download]  41.0% of ~  66.97MiB at    8.67MiB/s ETA 00:32 (frag 17/42)
[download]  41.0% of ~  66.97MiB at    8.67MiB/s ETA 00:32 (frag 17/42)
[download]  41.2% of ~  66.98MiB at    8.67MiB/s ETA 00:32 (frag 17/42)
[download]  41.0% of ~  67.27MiB at    8.67MiB/s ETA 00:32 (frag 17/42)
[download]  41.1% of ~  67.29MiB at    8.67MiB/s ETA 00:32 (frag 17/42)
[download]  41.1% of ~  67.33MiB at    8.67MiB/s ETA 00:32 (frag 17/42)
[download]  41.1% of ~  67.40MiB at    8.67MiB/s ETA 00:32 (frag 17/42)
[download]  41.2% of ~  67.55MiB at    8.67MiB/s ETA 00:32 (frag 17/42)
[download]  39.4% of ~  70.76MiB at    8.67MiB/s ETA 00:32 (frag 17/42)
[download]  39.4% of ~  70.77MiB at    8.67MiB/s ETA 00:32 (frag 17/42)
[download]  39.4% of ~  70.77MiB at    8.67MiB/s ETA 00:32 (frag 17/42)
[download]  41.4% of ~  67.85MiB at    8.67MiB/s ETA 00:32 (frag 17/42)
[download]  39.4% of ~  71.36MiB at    8.67MiB/s ETA 00:32 (frag 17/42)
[download]  41.0% of ~  68.50MiB at    8.67MiB/s ETA 00:32 (frag 17/42)
[download]  41.0% of ~  68.51MiB at    8.67MiB/s ETA 00:32 (frag 17/42)
[download]  39.4% of ~  71.39MiB at    8.67MiB/s ETA 00:32 (frag 17/42)
[download]  41.0% of ~  68.55MiB at    8.67MiB/s ETA 00:32 (frag 17/42)
[download]  41.1% of ~  68.56MiB at    8.67MiB/s ETA 00:32 (frag 17/42)
[download]  39.4% of ~  71.45MiB at    8.67MiB/s ETA 00:32 (frag 17/42)
[download]  41.1% of ~  68.65MiB at    8.67MiB/s ETA 00:32 (frag 17/42)
[download]  41.1% of ~  68.68MiB at    8.67MiB/s ETA 00:32 (frag 17/42)
[download]  39.5% of ~  71.64MiB at    8.96MiB/s ETA 00:30 (frag 17/42)
[download]  41.1% of ~  68.90MiB at    8.96MiB/s ETA 00:30 (frag 17/42)
[download]  39.6% of ~  71.93MiB at    8.96MiB/s ETA 00:30 (frag 17/42)
[download]  41.2% of ~  69.34MiB at    8.96MiB/s ETA 00:30 (frag 17/42)
[download]  41.5% of ~  69.59MiB at    8.96MiB/s ETA 00:30 (frag 17/42)
[download]  40.7% of ~  73.27MiB at    8.96MiB/s ETA 00:30 (frag 17/42)
[download]  41.1% of ~  72.58MiB at    9.56MiB/s ETA 00:27 (frag 17/42)
[download]  41.1% of ~  72.58MiB at    9.56MiB/s ETA 00:27 (frag 17/42)
[download]  41.1% of ~  72.59MiB at    9.56MiB/s ETA 00:27 (frag 17/42)
[download]  41.1% of ~  72.60MiB at    9.56MiB/s ETA 00:27 (frag 17/42)
[download]  41.1% of ~  72.62MiB at    9.56MiB/s ETA 00:27 (frag 17/42)
[download]  41.2% of ~  72.65MiB at    9.56MiB/s ETA 00:27 (frag 17/42)
[download]  41.2% of ~  72.73MiB at    9.56MiB/s ETA 00:27 (frag 17/42)
[download]  41.3% of ~  72.87MiB at    9.56MiB/s ETA 00:27 (frag 17/42)
[download]  41.5% of ~  73.16MiB at    9.56MiB/s ETA 00:27 (frag 17/42)
[download]  40.7% of ~  74.60MiB at    9.56MiB/s ETA 00:27 (frag 17/42)
[download]  40.7% of ~  74.60MiB at    9.56MiB/s ETA 00:27 (frag 17/42)
[download]  40.7% of ~  74.60MiB at    9.56MiB/s ETA 00:27 (frag 17/42)
[download]  40.7% of ~  74.61MiB at    9.56MiB/s ETA 00:27 (frag 17/42)
[download]  40.7% of ~  74.63MiB at    9.56MiB/s ETA 00:27 (frag 17/42)
[download]  39.9% of ~  76.66MiB at    9.56MiB/s ETA 00:27 (frag 17/42)
[download]  40.7% of ~  75.25MiB at    9.56MiB/s ETA 00:27 (frag 17/42)
[download]  41.8% of ~  74.47MiB at    9.56MiB/s ETA 00:27 (frag 17/42)
[download]  41.5% of ~  75.61MiB at    9.56MiB/s ETA 00:27 (frag 17/42)
[download]  40.8% of ~  77.07MiB at   10.09MiB/s ETA 00:25 (frag 17/42)
[download]  40.9% of ~  77.22MiB at   10.09MiB/s ETA 00:25 (frag 17/42)
[download]  41.6% of ~  76.66MiB at   10.09MiB/s ETA 00:25 (frag 17/42)
[download]  41.2% of ~  77.27MiB at   10.09MiB/s ETA 00:25 (frag 18/42)
[download]  44.3% of ~  73.12MiB at   10.09MiB/s ETA 00:25 (frag 18/42)
[download]  43.4% of ~  75.11MiB at   10.09MiB/s ETA 00:25 (frag 18/42)
[download]  42.7% of ~  77.56MiB at   10.09MiB/s ETA 00:25 (frag 18/42)
[download]  44.3% of ~  75.89MiB at   10.09MiB/s ETA 00:25 (frag 18/42)
[download]  44.3% of ~  77.04MiB at   10.09MiB/s ETA 00:25 (frag 18/42)
[download]  44.0% of ~  78.09MiB at   10.09MiB/s ETA 00:25 (frag 18/42)
[download]  43.7% of ~  78.59MiB at   10.09MiB/s ETA 00:25 (frag 19/42)
[download]  45.0% of ~  77.46MiB at   10.09MiB/s ETA 00:25 (frag 19/42)
[download]  44.4% of ~  78.63MiB at   10.09MiB/s ETA 00:25 (frag 20/42)
[download]  47.2% of ~  73.92MiB at   10.09MiB/s ETA 00:25 (frag 20/42)
[download]  47.2% of ~  73.92MiB at   10.09MiB/s ETA 00:25 (frag 20/42)
[download]  47.2% of ~  73.93MiB at   10.09MiB/s ETA 00:25 (frag 20/42)
[download]  48.6% of ~  72.24MiB at   10.09MiB/s ETA 00:25 (frag 20/42)
[download]  47.2% of ~  74.39MiB at   10.09MiB/s ETA 00:25 (frag 20/42)
[download]  48.3% of ~  72.70MiB at   10.09MiB/s ETA 00:25 (frag 21/42)
[download]  49.5% of ~  71.02MiB at   10.09MiB/s ETA 00:25 (frag 21/42)
[download]  50.9% of ~  69.47MiB at   10.79MiB/s ETA 00:22 (frag 21/42)
[download]  49.5% of ~  71.52MiB at   10.79MiB/s ETA 00:22 (frag 21/42)
[download]  50.6% of ~  70.00MiB at   10.79MiB/s ETA 00:22 (frag 22/42)
[download]  51.8% of ~  68.47MiB at   10.79MiB/s ETA 00:22 (frag 22/42)
[download]  53.1% of ~  67.76MiB at   10.79MiB/s ETA 00:22 (frag 22/42)
[download]  52.0% of ~  69.50MiB at   10.79MiB/s ETA 00:22 (frag 22/42)
[download]  52.1% of ~  69.72MiB at   10.79MiB/s ETA 00:22 (frag 22/42)
[download]  52.7% of ~  70.92MiB at   10.79MiB/s ETA 00:22 (frag 22/42)
[download]  53.4% of ~  71.18MiB at   10.79MiB/s ETA 00:22 (frag 22/42)
[download]  52.5% of ~  72.33MiB at   10.79MiB/s ETA 00:22 (frag 23/42)
[download]  54.9% of ~  70.10MiB at   10.79MiB/s ETA 00:22 (frag 23/42)
[download]  54.4% of ~  71.68MiB at   10.79MiB/s ETA 00:22 (frag 23/42)
[download]  53.7% of ~  72.52MiB at   10.79MiB/s ETA 00:22 (frag 24/42)
[download]  58.0% of ~  68.94MiB at   11.57MiB/s ETA 00:20 (frag 24/42)
[download]  56.7% of ~  70.62MiB at   11.57MiB/s ETA 00:20 (frag 24/42)
[download]  56.6% of ~  70.75MiB at   11.57MiB/s ETA 00:20 (frag 25/42)
[download]  59.7% of ~  67.01MiB at   11.57MiB/s ETA 00:20 (frag 25/42)
[download]  59.7% of ~  67.01MiB at   11.57MiB/s ETA 00:20 (frag 25/42)
[download]  59.8% of ~  67.02MiB at   11.57MiB/s ETA 00:20 (frag 25/42)
[download]  59.8% of ~  67.02MiB at   11.57MiB/s ETA 00:20 (frag 25/42)
[download]  59.8% of ~  67.04MiB at   11.57MiB/s ETA 00:20 (frag 25/42)
[download]  59.8% of ~  67.06MiB at   11.57MiB/s ETA 00:20 (frag 25/42)
[download]  59.8% of ~  67.11MiB at   11.57MiB/s ETA 00:20 (frag 25/42)
[download]  59.9% of ~  67.21MiB at   11.57MiB/s ETA 00:20 (frag 25/42)
[download]  60.4% of ~  66.67MiB at   11.57MiB/s ETA 00:20 (frag 25/42)
[download]  60.4% of ~  66.67MiB at   11.57MiB/s ETA 00:20 (frag 25/42)
[download]  60.4% of ~  66.67MiB at   11.57MiB/s ETA 00:20 (frag 25/42)
[download]  60.4% of ~  66.68MiB at   11.57MiB/s ETA 00:20 (frag 25/42)
[download]  60.5% of ~  66.69MiB at   12.24MiB/s ETA 00:18 (frag 25/42)
[download]  60.5% of ~  66.72MiB at   12.24MiB/s ETA 00:18 (frag 25/42)
[download]  60.1% of ~  67.51MiB at   12.24MiB/s ETA 00:18 (frag 25/42)
[download]  60.5% of ~  67.17MiB at   12.24MiB/s ETA 00:18 (frag 25/42)
[download]  59.1% of ~  68.82MiB at   12.24MiB/s ETA 00:18 (frag 25/42)
[download]  59.1% of ~  68.82MiB at   12.24MiB/s ETA 00:18 (frag 25/42)
[download]  59.1% of ~  68.83MiB at   12.24MiB/s ETA 00:18 (frag 25/42)
[download]  59.1% of ~  68.83MiB at   12.24MiB/s ETA 00:18 (frag 25/42)
[download]  59.1% of ~  68.84MiB at   12.24MiB/s ETA 00:18 (frag 25/42)
[download]  59.1% of ~  68.87MiB at   12.24MiB/s ETA 00:18 (frag 25/42)
[download]  59.2% of ~  68.92MiB at   12.24MiB/s ETA 00:18 (frag 25/42)
[download]  60.5% of ~  67.37MiB at   12.24MiB/s ETA 00:18 (frag 25/42)
[download]  60.4% of ~  67.49MiB at   12.24MiB/s ETA 00:18 (frag 25/42)
[download]  60.5% of ~  67.38MiB at   12.24MiB/s ETA 00:18 (frag 25/42)
[download]  60.4% of ~  67.49MiB at   12.24MiB/s ETA 00:18 (frag 25/42)
[download]  60.5% of ~  67.38MiB at   12.24MiB/s ETA 00:18 (frag 25/42)
[download]  60.4% of ~  67.50MiB at   12.24MiB/s ETA 00:18 (frag 25/42)
[download]  60.6% of ~  67.50MiB at   12.24MiB/s ETA 00:18 (frag 25/42)
[download]  60.6% of ~  67.60MiB at   12.24MiB/s ETA 00:18 (frag 25/42)
[download]  60.5% of ~  67.72MiB at   12.24MiB/s ETA 00:18 (frag 25/42)
[download]  60.6% of ~  67.62MiB at   12.24MiB/s ETA 00:18 (frag 25/42)
[download]  60.5% of ~  67.76MiB at   12.24MiB/s ETA 00:18 (frag 25/42)
[download]  60.6% of ~  67.67MiB at   12.24MiB/s ETA 00:18 (frag 25/42)
[download]  59.3% of ~  69.37MiB at   12.24MiB/s ETA 00:18 (frag 25/42)
[download]  60.5% of ~  68.04MiB at   12.24MiB/s ETA 00:18 (frag 25/42)
[download]  60.6% of ~  67.97MiB at   12.24MiB/s ETA 00:18 (frag 25/42)
[download]  60.5% of ~  68.19MiB at   12.24MiB/s ETA 00:18 (frag 25/42)
[download]  60.7% of ~  68.18MiB at   12.24MiB/s ETA 00:18 (frag 25/42)
[download]  59.3% of ~  69.79MiB at   12.73MiB/s ETA 00:17 (frag 25/42)
[download]  59.3% of ~  69.79MiB at   12.73MiB/s ETA 00:17 (frag 25/42)
[download]  59.3% of ~  69.80MiB at   12.73MiB/s ETA 00:17 (frag 25/42)
[download]  60.5% of ~  68.40MiB at   12.73MiB/s ETA 00:17 (frag 25/42)
[download]  60.5% of ~  68.40MiB at   12.73MiB/s ETA 00:17 (frag 25/42)
[download]  60.6% of ~  68.41MiB at   12.73MiB/s ETA 00:17 (frag 25/42)
[download]  60.5% of ~  69.25MiB at   13.18MiB/s ETA 00:15 (frag 25/42)
[download]  60.8% of ~  69.31MiB at   13.18MiB/s ETA 00:15 (frag 25/42)
[download]  60.9% of ~  69.61MiB at   13.18MiB/s ETA 00:15 (frag 25/42)
[download]  60.5% of ~  70.86MiB at   13.18MiB/s ETA 00:15 (frag 25/42)
[download]  59.9% of ~  71.59MiB at   13.18MiB/s ETA 00:15 (frag 26/42)
[download]  62.9% of ~  68.13MiB at   13.18MiB/s ETA 00:15 (frag 26/42)
[download]  62.9% of ~  68.14MiB at   13.18MiB/s ETA 00:15 (frag 26/42)
[download]  63.0% of ~  68.17MiB at   13.18MiB/s ETA 00:15 (frag 26/42)
[download]  63.0% of ~  68.22MiB at   13.18MiB/s ETA 00:15 (frag 26/42)
[download]  63.1% of ~  68.31MiB at   13.18MiB/s ETA 00:15 (frag 26/42)
[download]  63.6% of ~  68.59MiB at   13.18MiB/s ETA 00:15 (frag 26/42)
[download]  62.9% of ~  69.35MiB at   13.18MiB/s ETA 00:15 (frag 27/42)
[download]  65.6% of ~  66.79MiB at   13.61MiB/s ETA 00:14 (frag 27/42)
[download]  65.9% of ~  67.15MiB at   13.61MiB/s ETA 00:14 (frag 27/42)
[download]  65.3% of ~  67.78MiB at   13.61MiB/s ETA 00:14 (frag 28/42)
[download]  67.6% of ~  65.51MiB at   13.61MiB/s ETA 00:14 (frag 28/42)
[download]  67.6% of ~  65.51MiB at   13.61MiB/s ETA 00:14 (frag 28/42)
[download]  67.6% of ~  65.51MiB at   13.61MiB/s ETA 00:14 (frag 28/42)
[download]  67.6% of ~  65.52MiB at   13.61MiB/s ETA 00:14 (frag 28/42)
[download]  67.6% of ~  65.53MiB at   13.61MiB/s ETA 00:14 (frag 28/42)
[download]  67.6% of ~  65.55MiB at   13.61MiB/s ETA 00:14 (frag 28/42)
[download]  67.7% of ~  65.60MiB at   13.61MiB/s ETA 00:14 (frag 28/42)
[download]  66.5% of ~  67.11MiB at   13.61MiB/s ETA 00:14 (frag 28/42)
[download]  67.8% of ~  66.05MiB at   13.61MiB/s ETA 00:14 (frag 28/42)
[download]  66.9% of ~  67.65MiB at   13.61MiB/s ETA 00:14 (frag 28/42)
[download]  67.8% of ~  67.00MiB at   13.61MiB/s ETA 00:14 (frag 28/42)
[download]  67.9% of ~  67.18MiB at   13.61MiB/s ETA 00:14 (frag 28/42)
[download]  68.0% of ~  67.50MiB at   13.61MiB/s ETA 00:14 (frag 28/42)
[download]  66.5% of ~  69.07MiB at   13.61MiB/s ETA 00:14 (frag 28/42)
[download]  66.5% of ~  69.08MiB at   13.61MiB/s ETA 00:14 (frag 28/42)
[download]  66.5% of ~  69.10MiB at   13.61MiB/s ETA 00:14 (frag 28/42)
[download]  67.6% of ~  69.36MiB at   13.61MiB/s ETA 00:14 (frag 28/42)
[download]  66.3% of ~  70.72MiB at   13.61MiB/s ETA 00:14 (frag 29/42)
[download]  68.9% of ~  68.16MiB at   13.61MiB/s ETA 00:14 (frag 29/42)
[download]  69.0% of ~  68.25MiB at   14.40MiB/s ETA 00:12 (frag 29/42)
[download]  70.7% of ~  67.30MiB at   14.40MiB/s ETA 00:12 (frag 29/42)
[download]  70.0% of ~  67.99MiB at   14.40MiB/s ETA 00:12 (frag 30/42)
[download]  73.1% of ~  65.76MiB at   14.40MiB/s ETA 00:12 (frag 30/42)
[download]  72.4% of ~  66.39MiB at   14.40MiB/s ETA 00:12 (frag 31/42)
[download]  73.8% of ~  65.41MiB at   14.40MiB/s ETA 00:12 (frag 31/42)
[download]  75.4% of ~  64.60MiB at   14.40MiB/s ETA 00:12 (frag 31/42)
[download]  74.8% of ~  65.16MiB at   14.40MiB/s ETA 00:12 (frag 32/42)
[download]  76.6% of ~  64.29MiB at   14.40MiB/s ETA 00:12 (frag 32/42)
[download]  77.0% of ~  64.93MiB at   14.40MiB/s ETA 00:12 (frag 32/42)
[download]  75.8% of ~  65.94MiB at   14.40MiB/s ETA 00:12 (frag 33/42)
[download]  78.0% of ~  64.11MiB at   15.12MiB/s ETA 00:11 (frag 33/42)
[download]  78.0% of ~  64.11MiB at   15.12MiB/s ETA 00:11 (frag 33/42)
[download]  78.0% of ~  64.12MiB at   15.12MiB/s ETA 00:11 (frag 33/42)
[download]  78.0% of ~  64.12MiB at   15.12MiB/s ETA 00:11 (frag 33/42)
[download]  78.0% of ~  64.13MiB at   15.12MiB/s ETA 00:11 (frag 33/42)
[download]  78.1% of ~  64.15MiB at   15.12MiB/s ETA 00:11 (frag 33/42)
[download]  79.5% of ~  62.99MiB at   15.12MiB/s ETA 00:11 (frag 33/42)
[download]  78.1% of ~  64.19MiB at   15.12MiB/s ETA 00:11 (frag 33/42)
[download]  79.5% of ~  63.07MiB at   15.12MiB/s ETA 00:11 (frag 33/42)
[download]  79.6% of ~  63.03MiB at   15.12MiB/s ETA 00:11 (frag 33/42)
[download]  79.5% of ~  63.08MiB at   15.12MiB/s ETA 00:11 (frag 33/42)
[download]  79.6% of ~  63.04MiB at   15.12MiB/s ETA 00:11 (frag 33/42)
[download]  79.6% of ~  63.04MiB at   15.12MiB/s ETA 00:11 (frag 33/42)
[download]  79.5% of ~  63.09MiB at   15.12MiB/s ETA 00:11 (frag 33/42)
[download]  79.6% of ~  63.06MiB at   15.63MiB/s ETA 00:10 (frag 33/42)
[download]  78.2% of ~  64.30MiB at   15.63MiB/s ETA 00:10 (frag 33/42)
[download]  79.5% of ~  63.26MiB at   15.63MiB/s ETA 00:10 (frag 33/42)
[download]  79.6% of ~  63.24MiB at   15.63MiB/s ETA 00:10 (frag 33/42)
[download]  79.6% of ~  63.30MiB at   15.63MiB/s ETA 00:10 (frag 33/42)
[download]  79.6% of ~  63.30MiB at   15.63MiB/s ETA 00:10 (frag 33/42)
[download]  79.6% of ~  63.38MiB at   15.63MiB/s ETA 00:10 (frag 33/42)
[download]  79.7% of ~  63.41MiB at   15.63MiB/s ETA 00:10 (frag 33/42)
[download]  78.4% of ~  64.73MiB at   15.63MiB/s ETA 00:10 (frag 33/42)
[download]  79.7% of ~  63.84MiB at   15.63MiB/s ETA 00:10 (frag 33/42)
[download]  79.8% of ~  63.95MiB at   15.63MiB/s ETA 00:10 (frag 33/42)
[download]  78.2% of ~  65.91MiB at   15.63MiB/s ETA 00:10 (frag 33/42)
[download]  78.8% of ~  65.34MiB at   15.63MiB/s ETA 00:10 (frag 33/42)
[download]  78.2% of ~  65.91MiB at   15.63MiB/s ETA 00:10 (frag 33/42)
[download]  78.2% of ~  65.91MiB at   15.63MiB/s ETA 00:10 (frag 33/42)
[download]  78.2% of ~  65.92MiB at   15.63MiB/s ETA 00:10 (frag 33/42)
[download]  78.2% of ~  65.93MiB at   15.63MiB/s ETA 00:10 (frag 33/42)
[download]  78.2% of ~  65.95MiB at   15.63MiB/s ETA 00:10 (frag 33/42)
[download]  77.2% of ~  66.79MiB at   15.63MiB/s ETA 00:10 (frag 33/42)
[download]  77.2% of ~  66.79MiB at   15.63MiB/s ETA 00:10 (frag 33/42)
[download]  77.2% of ~  66.80MiB at   15.63MiB/s ETA 00:10 (frag 33/42)
[download]  77.2% of ~  66.80MiB at   15.63MiB/s ETA 00:10 (frag 33/42)
[download]  77.2% of ~  66.81MiB at   15.63MiB/s ETA 00:10 (frag 33/42)
[download]  79.5% of ~  64.87MiB at   15.63MiB/s ETA 00:10 (frag 33/42)
[download]  78.3% of ~  66.02MiB at   15.63MiB/s ETA 00:10 (frag 33/42)
[download]  79.6% of ~  64.95MiB at   15.63MiB/s ETA 00:10 (frag 33/42)
[download]  79.1% of ~  65.36MiB at   15.63MiB/s ETA 00:10 (frag 33/42)
[download]  79.6% of ~  64.96MiB at   15.63MiB/s ETA 00:10 (frag 33/42)
[download]  79.1% of ~  65.41MiB at   16.23MiB/s ETA 00:09 (frag 33/42)
[download]  77.3% of ~  66.92MiB at   15.63MiB/s ETA 00:10 (frag 33/42)
[download]  79.9% of ~  65.01MiB at   16.23MiB/s ETA 00:09 (frag 33/42)
[download]  79.1% of ~  65.72MiB at   16.23MiB/s ETA 00:09 (frag 33/42)
[download]  79.6% of ~  65.32MiB at   16.23MiB/s ETA 00:09 (frag 33/42)
[download]  79.1% of ~  65.73MiB at   16.23MiB/s ETA 00:09 (frag 33/42)
[download]  80.0% of ~  65.30MiB at   16.23MiB/s ETA 00:09 (frag 33/42)
[download]  79.6% of ~  65.64MiB at   16.23MiB/s ETA 00:09 (frag 33/42)
[download]  79.1% of ~  66.07MiB at   16.23MiB/s ETA 00:09 (frag 33/42)
[download]  77.4% of ~  67.64MiB at   16.23MiB/s ETA 00:09 (frag 33/42)
[download]  79.6% of ~  65.76MiB at   16.23MiB/s ETA 00:09 (frag 33/42)
[download]  78.4% of ~  66.95MiB at   16.23MiB/s ETA 00:09 (frag 33/42)
[download]  79.1% of ~  66.36MiB at   16.23MiB/s ETA 00:09 (frag 33/42)
[download]  79.7% of ~  65.99MiB at   16.23MiB/s ETA 00:09 (frag 33/42)
[download]  79.2% of ~  66.48MiB at   16.23MiB/s ETA 00:09 (frag 33/42)
[download]  77.5% of ~  68.10MiB at   16.23MiB/s ETA 00:09 (frag 33/42)
[download]  79.8% of ~  66.30MiB at   16.23MiB/s ETA 00:09 (frag 33/42)
[download]  79.3% of ~  66.86MiB at   16.23MiB/s ETA 00:09 (frag 33/42)
[download]  78.6% of ~  67.76MiB at   16.23MiB/s ETA 00:09 (frag 33/42)
[download]  80.2% of ~  66.92MiB at   16.23MiB/s ETA 00:09 (frag 33/42)
[download]  80.2% of ~  67.40MiB at   16.23MiB/s ETA 00:09 (frag 33/42)
[download]  79.6% of ~  67.92MiB at   16.23MiB/s ETA 00:09 (frag 34/42)
[download]  82.0% of ~  65.94MiB at   16.23MiB/s ETA 00:09 (frag 35/42)
[download]  83.8% of ~  64.53MiB at   16.23MiB/s ETA 00:09 (frag 35/42)
[download]  83.8% of ~  64.53MiB at   16.23MiB/s ETA 00:09 (frag 35/42)
[download]  83.8% of ~  64.53MiB at   16.23MiB/s ETA 00:09 (frag 35/42)
[download]  83.8% of ~  64.53MiB at   16.23MiB/s ETA 00:09 (frag 35/42)
[download]  83.8% of ~  64.54MiB at   16.23MiB/s ETA 00:09 (frag 35/42)
[download]  84.2% of ~  64.56MiB at   16.23MiB/s ETA 00:09 (frag 35/42)
[download]  84.7% of ~  64.46MiB at   16.23MiB/s ETA 00:09 (frag 35/42)
[download]  82.3% of ~  66.60MiB at   16.23MiB/s ETA 00:09 (frag 35/42)
[download]  83.9% of ~  65.44MiB at   16.23MiB/s ETA 00:09 (frag 35/42)
[download]  83.9% of ~  65.47MiB at   16.23MiB/s ETA 00:09 (frag 35/42)
[download]  84.2% of ~  66.29MiB at   16.23MiB/s ETA 00:09 (frag 35/42)
[download]  82.9% of ~  67.33MiB at   16.95MiB/s ETA 00:08 (frag 36/42)
[download]  86.4% of ~  64.78MiB at   16.95MiB/s ETA 00:08 (frag 36/42)
[download]  86.0% of ~  65.60MiB at   16.95MiB/s ETA 00:08 (frag 36/42)
[download]  87.3% of ~  65.11MiB at   16.95MiB/s ETA 00:08 (frag 36/42)
[download]  87.0% of ~  65.96MiB at   16.95MiB/s ETA 00:08 (frag 36/42)
[download]  86.7% of ~  66.15MiB at   16.95MiB/s ETA 00:08 (frag 37/42)
[download]  88.9% of ~  64.78MiB at   16.95MiB/s ETA 00:08 (frag 37/42)
[download]  88.9% of ~  65.05MiB at   16.95MiB/s ETA 00:08 (frag 37/42)
[download]  88.6% of ~  65.32MiB at   16.95MiB/s ETA 00:08 (frag 38/42)
[download]  89.8% of ~  64.99MiB at   16.95MiB/s ETA 00:08 (frag 38/42)
[download]  91.7% of ~  64.18MiB at   16.95MiB/s ETA 00:08 (frag 38/42)
[download]  91.3% of ~  65.37MiB at   16.95MiB/s ETA 00:08 (frag 38/42)
[download]  90.1% of ~  66.27MiB at   16.95MiB/s ETA 00:08 (frag 39/42)
[download]  93.7% of ~  63.99MiB at   16.95MiB/s ETA 00:08 (frag 39/42)
[download]  93.3% of ~  64.25MiB at   16.95MiB/s ETA 00:08 (frag 40/42)
[download]  95.3% of ~  63.96MiB at   18.07MiB/s ETA 00:07 (frag 40/42)
[download]  94.5% of ~  64.99MiB at   18.07MiB/s ETA 00:07 (frag 40/42)
[download]  93.8% of ~  65.50MiB at   18.07MiB/s ETA 00:07 (frag 41/42)
[download]  97.0% of ~  63.32MiB at   18.74MiB/s ETA 00:07 (frag 41/42)
[download]  97.0% of ~  63.32MiB at   18.74MiB/s ETA 00:07 (frag 41/42)
[download]  97.0% of ~  63.32MiB at   18.74MiB/s ETA 00:07 (frag 41/42)
[download]  97.0% of ~  63.33MiB at   18.74MiB/s ETA 00:07 (frag 41/42)
[download]  97.1% of ~  63.34MiB at   18.74MiB/s ETA 00:07 (frag 41/42)
[download]  97.1% of ~  63.35MiB at   18.74MiB/s ETA 00:07 (frag 41/42)
[download]  97.1% of ~  63.38MiB at   18.74MiB/s ETA 00:07 (frag 41/42)
[download]  97.2% of ~  63.44MiB at   18.74MiB/s ETA 00:07 (frag 41/42)
[download]  97.4% of ~  63.57MiB at   18.74MiB/s ETA 00:07 (frag 41/42)
[download]  97.8% of ~  63.82MiB at   19.28MiB/s ETA 00:06 (frag 41/42)
[download]  98.4% of ~  64.32MiB at   19.28MiB/s ETA 00:06 (frag 41/42)
[download]  97.1% of ~  65.20MiB at   19.28MiB/s ETA 00:06 (frag 42/42)
[download] 100% of   63.32MiB in 00:00:04 at 14.30MiB/s
[FixupM3u8] Fixing MPEG-TS in MP4 container of "D:\ĎÂÔŘ\SmartVideoDownloader\downloads\_-68f163c91148d.mp4"
[Metadata] Adding metadata to "D:\ĎÂÔŘ\SmartVideoDownloader\downloads\_-68f163c91148d.mp4"
