[generic] Extracting URL: https://www.xvideos.com/prof-video-click/upload/asiangoodgirl/uhllbtoaee0/hot_asian_goes_wild_for...g_sex_and_cums_quick
[generic] hot_asian_goes_wild_for_morning_sex_and_cums_quick: Downloading webpage
[redirect] Following redirect to https://www.xvideos.com/video.uhllbtoaee0/hot_asian_goes_wild_for_morning_sex_and_cums_quick
[XVideos] Extracting URL: https://www.xvideos.com/video.uhllbtoaee0/hot_asian_goes_wild_for_morning_sex_and_cums_quick
[XVideos] uhllbtoaee0: Downloading webpage
[XVideos] uhllbtoaee0: Downloading m3u8 information
[XVideos] uhllbtoaee0: Checking hls-480p video format URL
[XVideos] uhllbtoaee0: Checking hls-720p video format URL
[XVideos] uhllbtoaee0: Checking hls-1080p video format URL
[XVideos] uhllbtoaee0: Checking hls-360p video format URL
[XVideos] uhllbtoaee0: Checking hls-250p video format URL
[info] uhllbtoaee0: Downloading 1 format(s): hls-1080p
[info] Downloading video thumbnail 1 ...
[info] Writing video thumbnail 1 to: D:\ĎÂÔŘ\Hot_Asian_goes_wild_for_morning_sex_and_cums_quick-uhllbtoaee0.jpg
[hlsnative] Downloading m3u8 manifest
[hlsnative] Total fragments: 49
[download] Destination: D:\ĎÂÔŘ\Hot_Asian_goes_wild_for_morning_sex_and_cums_quick-uhllbtoaee0.mp4
[download]   0.0% of ~ 137.63MiB at    729.69B/s ETA Unknown (frag 0/49)
[download]   0.0% of ~ 137.68MiB at    729.69B/s ETA Unknown (frag 0/49)
[download]   0.0% of ~ 137.77MiB at    729.69B/s ETA Unknown (frag 0/49)
[download]   0.0% of ~ 137.96MiB at    729.69B/s ETA Unknown (frag 0/49)
[download]   0.0% of ~ 138.35MiB at    729.69B/s ETA Unknown (frag 0/49)
[download]   0.0% of ~ 139.11MiB at   31.53KiB/s ETA Unknown (frag 0/49)
[download]   0.1% of ~ 140.64MiB at   55.94KiB/s ETA 21:14 (frag 0/49)
[download]   0.1% of ~ 230.69MiB at   71.51KiB/s ETA 22:46 (frag 0/49)
[download]   0.1% of ~ 230.74MiB at   71.51KiB/s ETA 22:46 (frag 0/49)
[download]   0.1% of ~ 230.83MiB at   71.51KiB/s ETA 22:46 (frag 0/49)
[download]   0.1% of ~ 231.02MiB at   71.51KiB/s ETA 22:46 (frag 0/49)
[download]   0.1% of ~ 193.37MiB at   71.51KiB/s ETA 22:46 (frag 0/49)
[download]   0.1% of ~ 193.42MiB at   71.51KiB/s ETA 22:46 (frag 0/49)
[download]   0.1% of ~ 193.51MiB at   71.51KiB/s ETA 22:46 (frag 0/49)
[download]   0.1% of ~ 193.70MiB at   71.51KiB/s ETA 22:46 (frag 0/49)
[download]   0.1% of ~ 194.09MiB at   90.57KiB/s ETA 22:56 (frag 0/49)
[download]   0.2% of ~ 145.91MiB at   90.57KiB/s ETA 22:56 (frag 0/49)
[download]   0.2% of ~ 192.50MiB at  129.50KiB/s ETA 22:08 (frag 0/49)
[download]   0.2% of ~ 192.55MiB at  129.50KiB/s ETA 22:08 (frag 0/49)
[download]   0.2% of ~ 192.64MiB at  129.50KiB/s ETA 22:08 (frag 0/49)
[download]   0.2% of ~ 192.83MiB at  129.50KiB/s ETA 22:08 (frag 0/49)
[download]   0.2% of ~ 193.22MiB at  129.50KiB/s ETA 22:08 (frag 0/49)
[download]   0.1% of ~ 228.06MiB at  160.42KiB/s ETA 21:35 (frag 0/49)
[download]   0.1% of ~ 228.11MiB at  160.42KiB/s ETA 21:35 (frag 0/49)
[download]   0.1% of ~ 228.20MiB at  160.42KiB/s ETA 21:35 (frag 0/49)
[download]   0.1% of ~ 228.40MiB at  160.42KiB/s ETA 21:35 (frag 0/49)
[download]   0.4% of ~ 154.11MiB at  160.42KiB/s ETA 21:35 (frag 0/49)
[download]   0.2% of ~ 253.10MiB at  160.42KiB/s ETA 21:35 (frag 0/49)
[download]   0.2% of ~ 253.87MiB at  242.35KiB/s ETA 20:25 (frag 0/49)
[download]   0.3% of ~ 209.00MiB at  242.35KiB/s ETA 20:25 (frag 0/49)
[download]   0.3% of ~ 244.61MiB at  242.35KiB/s ETA 20:25 (frag 0/49)
[download]   0.3% of ~ 219.66MiB at  242.35KiB/s ETA 20:25 (frag 0/49)
[download]   0.3% of ~ 221.19MiB at  316.45KiB/s ETA 19:09 (frag 0/49)
[download]   0.3% of ~ 249.97MiB at  316.45KiB/s ETA 19:09 (frag 0/49)
[download]   0.3% of ~ 263.82MiB at  380.11KiB/s ETA 18:05 (frag 0/49)
[download]   0.8% of ~ 179.90MiB at  501.52KiB/s ETA 16:40 (frag 0/49)
[download]   0.5% of ~ 278.58MiB at  501.52KiB/s ETA 16:40 (frag 0/49)
[download]   0.6% of ~ 247.56MiB at  597.38KiB/s ETA 15:30 (frag 0/49)
[download]   0.5% of ~ 297.02MiB at  597.38KiB/s ETA 15:30 (frag 0/49)
[download]   0.7% of ~ 265.11MiB at  597.38KiB/s ETA 15:30 (frag 0/49)
[download]   0.7% of ~ 271.23MiB at  710.54KiB/s ETA 14:26 (frag 0/49)
[download]   0.8% of ~ 275.13MiB at  710.54KiB/s ETA 14:26 (frag 0/49)
[download]   0.7% of ~ 315.33MiB at  805.92KiB/s ETA 13:30 (frag 0/49)
[download]   1.3% of ~ 246.79MiB at  805.92KiB/s ETA 13:30 (frag 0/49)
[download]   0.9% of ~ 343.79MiB at  996.30KiB/s ETA 12:33 (frag 0/49)
[download]   0.9% of ~ 343.84MiB at  996.30KiB/s ETA 12:33 (frag 0/49)
[download]   0.9% of ~ 343.94MiB at  996.30KiB/s ETA 12:33 (frag 0/49)
[download]   0.9% of ~ 344.13MiB at  996.30KiB/s ETA 12:33 (frag 0/49)
[download]   0.9% of ~ 344.51MiB at  996.30KiB/s ETA 12:33 (frag 0/49)
[download]   1.4% of ~ 296.30MiB at    1.20MiB/s ETA 11:35 (frag 0/49)
[download]   1.2% of ~ 337.80MiB at    1.20MiB/s ETA 11:35 (frag 1/49)
[download]   2.1% of ~ 193.39MiB at    1.20MiB/s ETA 11:35 (frag 1/49)
[download]   2.1% of ~ 207.00MiB at    1.20MiB/s ETA 11:35 (frag 1/49)
[download]   2.4% of ~ 196.09MiB at    1.42MiB/s ETA 10:35 (frag 1/49)
[download]   2.3% of ~ 206.41MiB at    1.42MiB/s ETA 10:35 (frag 1/49)
[download]   2.5% of ~ 207.92MiB at    1.42MiB/s ETA 10:35 (frag 1/49)
[download]   2.3% of ~ 239.19MiB at    1.64MiB/s ETA 09:42 (frag 1/49)
[download]   2.8% of ~ 226.29MiB at    1.89MiB/s ETA 08:53 (frag 1/49)
[download]   2.8% of ~ 246.62MiB at    2.08MiB/s ETA 08:09 (frag 1/49)
[download]   2.7% of ~ 263.06MiB at    2.08MiB/s ETA 08:09 (frag 1/49)
[download]   2.9% of ~ 240.19MiB at    2.20MiB/s ETA 07:30 (frag 1/49)
[download]   2.9% of ~ 240.22MiB at    2.20MiB/s ETA 07:30 (frag 1/49)
[download]   2.9% of ~ 240.27MiB at    2.20MiB/s ETA 07:30 (frag 1/49)
[download]   2.9% of ~ 240.36MiB at    2.20MiB/s ETA 07:30 (frag 1/49)
[download]   2.9% of ~ 240.55MiB at    2.20MiB/s ETA 07:30 (frag 1/49)
[download]   3.0% of ~ 240.94MiB at    2.20MiB/s ETA 07:30 (frag 1/49)
[download]   3.0% of ~ 241.70MiB at    2.20MiB/s ETA 07:30 (frag 1/49)
[download]   2.7% of ~ 282.01MiB at    2.33MiB/s ETA 06:55 (frag 1/49)
[download]   2.6% of ~ 296.91MiB at    2.41MiB/s ETA 06:25 (frag 1/49)
[download]   2.6% of ~ 296.94MiB at    2.41MiB/s ETA 06:25 (frag 1/49)
[download]   2.6% of ~ 296.99MiB at    2.41MiB/s ETA 06:25 (frag 1/49)
[download]   2.6% of ~ 297.08MiB at    2.41MiB/s ETA 06:25 (frag 1/49)
[download]   3.1% of ~ 255.84MiB at    2.41MiB/s ETA 06:25 (frag 1/49)
[download]   2.6% of ~ 300.34MiB at    2.41MiB/s ETA 06:25 (frag 1/49)
[download]   2.8% of ~ 284.85MiB at    2.41MiB/s ETA 06:25 (frag 1/49)
[download]   2.8% of ~ 284.88MiB at    2.41MiB/s ETA 06:25 (frag 1/49)
[download]   2.8% of ~ 284.92MiB at    2.41MiB/s ETA 06:25 (frag 1/49)
[download]   2.8% of ~ 285.02MiB at    2.41MiB/s ETA 06:25 (frag 1/49)
[download]   2.8% of ~ 285.21MiB at    2.59MiB/s ETA 05:55 (frag 1/49)
[download]   3.1% of ~ 260.03MiB at    2.59MiB/s ETA 05:55 (frag 1/49)
[download]   2.6% of ~ 307.58MiB at    2.71MiB/s ETA 05:30 (frag 1/49)
[download]   2.7% of ~ 311.85MiB at    2.71MiB/s ETA 05:30 (frag 1/49)
[download]   2.9% of ~ 302.71MiB at    2.71MiB/s ETA 05:30 (frag 1/49)
[download]   2.9% of ~ 308.47MiB at    2.71MiB/s ETA 05:30 (frag 1/49)
[download]   3.4% of ~ 309.58MiB at    2.71MiB/s ETA 05:30 (frag 1/49)
[download]   3.0% of ~ 353.89MiB at    2.71MiB/s ETA 05:30 (frag 2/49)
[download]   5.1% of ~ 218.65MiB at    3.09MiB/s ETA 05:02 (frag 2/49)
[download]   5.0% of ~ 241.31MiB at    3.09MiB/s ETA 05:02 (frag 2/49)
[download]   4.7% of ~ 260.20MiB at    3.09MiB/s ETA 05:02 (frag 2/49)
[download]   5.4% of ~ 244.18MiB at    3.52MiB/s ETA 04:37 (frag 2/49)
[download]   4.6% of ~ 288.13MiB at    3.81MiB/s ETA 04:15 (frag 2/49)
[download]   4.8% of ~ 278.57MiB at    3.81MiB/s ETA 04:15 (frag 2/49)
[download]   4.9% of ~ 280.86MiB at    3.81MiB/s ETA 04:15 (frag 2/49)
[download]   5.4% of ~ 271.74MiB at    4.14MiB/s ETA 03:55 (frag 2/49)
[download]   5.2% of ~ 284.00MiB at    4.14MiB/s ETA 03:55 (frag 3/49)
[download]   7.0% of ~ 210.63MiB at    4.14MiB/s ETA 03:55 (frag 3/49)
[download]   7.0% of ~ 210.64MiB at    4.14MiB/s ETA 03:55 (frag 3/49)
[download]   7.0% of ~ 210.66MiB at    4.14MiB/s ETA 03:55 (frag 3/49)
[download]   7.0% of ~ 210.71MiB at    4.14MiB/s ETA 03:55 (frag 3/49)
[download]   7.0% of ~ 210.81MiB at    4.14MiB/s ETA 03:55 (frag 3/49)
[download]   6.3% of ~ 234.09MiB at    4.64MiB/s ETA 03:35 (frag 3/49)
[download]   6.7% of ~ 234.29MiB at    5.04MiB/s ETA 03:17 (frag 3/49)
[download]   7.0% of ~ 223.85MiB at    5.04MiB/s ETA 03:17 (frag 3/49)
[download]   6.7% of ~ 239.39MiB at    5.04MiB/s ETA 03:17 (frag 3/49)
[download]   6.8% of ~ 242.45MiB at    5.27MiB/s ETA 03:01 (frag 3/49)
[download]   7.1% of ~ 233.42MiB at    5.27MiB/s ETA 03:01 (frag 3/49)
[download]   7.4% of ~ 247.43MiB at    5.27MiB/s ETA 03:01 (frag 3/49)
[download]   6.8% of ~ 267.49MiB at    5.27MiB/s ETA 03:01 (frag 4/49)
[download]   9.0% of ~ 203.40MiB at    5.27MiB/s ETA 03:01 (frag 4/49)
[download]   8.9% of ~ 216.90MiB at    5.65MiB/s ETA 02:46 (frag 4/49)
[download]   8.5% of ~ 234.30MiB at    5.65MiB/s ETA 02:46 (frag 4/49)
[download]   9.2% of ~ 220.59MiB at    5.96MiB/s ETA 02:32 (frag 4/49)
[download]   9.0% of ~ 235.17MiB at    5.96MiB/s ETA 02:32 (frag 4/49)
[download]   8.5% of ~ 251.32MiB at    6.36MiB/s ETA 02:20 (frag 4/49)
[download]   9.3% of ~ 235.29MiB at    6.64MiB/s ETA 02:09 (frag 4/49)
[download]   8.7% of ~ 253.21MiB at    6.83MiB/s ETA 01:59 (frag 4/49)
[download]   8.7% of ~ 253.22MiB at    6.83MiB/s ETA 01:59 (frag 4/49)
[download]   8.7% of ~ 253.24MiB at    6.83MiB/s ETA 01:59 (frag 4/49)
[download]   8.7% of ~ 253.28MiB at    6.83MiB/s ETA 01:59 (frag 4/49)
[download]   8.7% of ~ 253.36MiB at    6.83MiB/s ETA 01:59 (frag 4/49)
[download]   8.7% of ~ 253.51MiB at    6.86MiB/s ETA 01:51 (frag 4/49)
[download]   8.7% of ~ 253.81MiB at    6.86MiB/s ETA 01:51 (frag 4/49)
[download]   8.7% of ~ 254.43MiB at    6.86MiB/s ETA 01:51 (frag 4/49)
[download]   9.0% of ~ 245.91MiB at    6.86MiB/s ETA 01:51 (frag 4/49)
[download]   9.0% of ~ 245.92MiB at    6.86MiB/s ETA 01:51 (frag 4/49)
[download]   9.0% of ~ 245.94MiB at    6.86MiB/s ETA 01:51 (frag 4/49)
[download]   9.0% of ~ 245.97MiB at    6.86MiB/s ETA 01:51 (frag 4/49)
[download]   9.0% of ~ 246.05MiB at    6.86MiB/s ETA 01:51 (frag 4/49)
[download]   9.0% of ~ 246.20MiB at    6.86MiB/s ETA 01:51 (frag 4/49)
[download]   9.1% of ~ 246.51MiB at    6.86MiB/s ETA 01:51 (frag 4/49)
[download]   9.1% of ~ 247.12MiB at    6.86MiB/s ETA 01:51 (frag 4/49)
[download]   9.1% of ~ 248.35MiB at    6.86MiB/s ETA 01:51 (frag 4/49)
[download]   9.6% of ~ 247.52MiB at    7.12MiB/s ETA 01:43 (frag 4/49)
[download]   9.0% of ~ 274.73MiB at    7.12MiB/s ETA 01:43 (frag 4/49)
[download]   9.3% of ~ 271.52MiB at    7.12MiB/s ETA 01:43 (frag 4/49)
[download]   8.9% of ~ 286.16MiB at    7.43MiB/s ETA 01:35 (frag 4/49)
[download]   8.9% of ~ 295.47MiB at    7.43MiB/s ETA 01:35 (frag 4/49)
[download]   9.5% of ~ 282.27MiB at    7.43MiB/s ETA 01:35 (frag 4/49)
[download]   9.3% of ~ 287.72MiB at    7.43MiB/s ETA 01:35 (frag 5/49)
[download]  11.3% of ~ 250.00MiB at    7.43MiB/s ETA 01:35 (frag 5/49)
[download]  10.8% of ~ 267.88MiB at    7.90MiB/s ETA 01:28 (frag 5/49)
[download]  11.5% of ~ 258.93MiB at    7.90MiB/s ETA 01:28 (frag 5/49)
[download]  10.9% of ~ 274.60MiB at    7.90MiB/s ETA 01:28 (frag 5/49)
[download]  10.9% of ~ 276.65MiB at    7.90MiB/s ETA 01:28 (frag 6/49)
[download]  13.4% of ~ 237.03MiB at    7.90MiB/s ETA 01:28 (frag 6/49)
[download]  12.8% of ~ 249.59MiB at    7.90MiB/s ETA 01:28 (frag 7/49)
[download]  14.8% of ~ 218.95MiB at    7.90MiB/s ETA 01:28 (frag 7/49)
[download]  15.4% of ~ 215.92MiB at    8.57MiB/s ETA 01:21 (frag 7/49)
[download]  15.0% of ~ 221.38MiB at    8.57MiB/s ETA 01:21 (frag 8/49)
[download]  16.7% of ~ 198.68MiB at    8.75MiB/s ETA 01:15 (frag 8/49)
[download]  16.7% of ~ 198.68MiB at    8.75MiB/s ETA 01:15 (frag 8/49)
[download]  16.7% of ~ 198.69MiB at    8.75MiB/s ETA 01:15 (frag 8/49)
[download]  16.7% of ~ 198.71MiB at    8.75MiB/s ETA 01:15 (frag 8/49)
[download]  16.7% of ~ 198.76MiB at    8.75MiB/s ETA 01:15 (frag 8/49)
[download]  16.8% of ~ 198.84MiB at    8.75MiB/s ETA 01:15 (frag 8/49)
[download]  16.6% of ~ 201.01MiB at    8.75MiB/s ETA 01:15 (frag 8/49)
[download]  16.6% of ~ 201.01MiB at    8.75MiB/s ETA 01:15 (frag 8/49)
[download]  16.6% of ~ 201.02MiB at    8.75MiB/s ETA 01:15 (frag 8/49)
[download]  16.6% of ~ 201.05MiB at    8.75MiB/s ETA 01:15 (frag 8/49)
[download]  16.5% of ~ 201.72MiB at    8.90MiB/s ETA 01:09 (frag 8/49)
[download]  16.5% of ~ 201.72MiB at    8.90MiB/s ETA 01:09 (frag 8/49)
[download]  16.5% of ~ 201.73MiB at    8.90MiB/s ETA 01:09 (frag 8/49)
[download]  16.5% of ~ 201.75MiB at    8.90MiB/s ETA 01:09 (frag 8/49)
[download]  16.8% of ~ 199.17MiB at    8.90MiB/s ETA 01:09 (frag 8/49)
[download]  16.6% of ~ 201.51MiB at    8.90MiB/s ETA 01:09 (frag 8/49)
[download]  16.5% of ~ 202.22MiB at    8.95MiB/s ETA 01:04 (frag 8/49)
[download]  16.6% of ~ 201.68MiB at    8.95MiB/s ETA 01:04 (frag 8/49)
[download]  16.8% of ~ 199.85MiB at    8.93MiB/s ETA 01:00 (frag 8/49)
[download]  16.6% of ~ 203.16MiB at    8.93MiB/s ETA 01:00 (frag 8/49)
[download]  16.6% of ~ 202.70MiB at    8.93MiB/s ETA 01:00 (frag 8/49)
[download]  16.6% of ~ 203.67MiB at    8.90MiB/s ETA 00:55 (frag 8/49)
[download]  16.7% of ~ 207.34MiB at    8.90MiB/s ETA 00:55 (frag 8/49)
[download]  16.9% of ~ 206.63MiB at    8.98MiB/s ETA 00:52 (frag 8/49)
[download]  16.7% of ~ 210.62MiB at    8.98MiB/s ETA 00:52 (frag 8/49)
[download]  16.7% of ~ 210.67MiB at    9.02MiB/s ETA 00:48 (frag 8/49)
[download]  17.0% of ~ 212.87MiB at    9.02MiB/s ETA 00:48 (frag 8/49)
[download]  16.8% of ~ 216.80MiB at    8.89MiB/s ETA 00:46 (frag 8/49)
[download]  16.6% of ~ 222.71MiB at    8.89MiB/s ETA 00:46 (frag 8/49)
[download]  17.1% of ~ 219.05MiB at    8.89MiB/s ETA 00:46 (frag 8/49)
[download]  16.6% of ~ 227.73MiB at    8.89MiB/s ETA 00:46 (frag 8/49)
[download]  16.5% of ~ 229.53MiB at    8.89MiB/s ETA 00:46 (frag 9/49)
[download]  18.6% of ~ 207.81MiB at    8.81MiB/s ETA 00:43 (frag 9/49)
[download]  18.9% of ~ 206.60MiB at    8.81MiB/s ETA 00:43 (frag 9/49)
[download]  18.8% of ~ 209.61MiB at    8.81MiB/s ETA 00:43 (frag 9/49)
[download]  18.9% of ~ 208.01MiB at    8.82MiB/s ETA 00:41 (frag 9/49)
[download]  18.9% of ~ 208.01MiB at    8.82MiB/s ETA 00:41 (frag 9/49)
[download]  18.9% of ~ 208.02MiB at    8.82MiB/s ETA 00:41 (frag 9/49)
[download]  18.9% of ~ 208.04MiB at    8.82MiB/s ETA 00:41 (frag 9/49)
[download]  18.9% of ~ 208.08MiB at    8.82MiB/s ETA 00:41 (frag 9/49)
[download]  18.9% of ~ 208.16MiB at    8.82MiB/s ETA 00:41 (frag 9/49)
[download]  18.9% of ~ 208.31MiB at    8.82MiB/s ETA 00:41 (frag 9/49)
[download]  18.6% of ~ 214.98MiB at    8.75MiB/s ETA 00:38 (frag 9/49)
[download]  18.9% of ~ 213.74MiB at    8.71MiB/s ETA 00:37 (frag 9/49)
[download]  18.9% of ~ 214.02MiB at    8.71MiB/s ETA 00:37 (frag 9/49)
[download]  18.9% of ~ 214.02MiB at    8.71MiB/s ETA 00:37 (frag 9/49)
[download]  18.9% of ~ 214.03MiB at    8.71MiB/s ETA 00:37 (frag 9/49)
[download]  18.9% of ~ 214.05MiB at    8.71MiB/s ETA 00:37 (frag 9/49)
[download]  19.0% of ~ 213.43MiB at    8.62MiB/s ETA 00:35 (frag 9/49)
[download]  19.2% of ~ 216.31MiB at    8.62MiB/s ETA 00:35 (frag 9/49)
[download]  19.1% of ~ 222.58MiB at    8.62MiB/s ETA 00:35 (frag 9/49)
[download]  19.0% of ~ 224.44MiB at    8.62MiB/s ETA 00:35 (frag 9/49)
[download]  19.0% of ~ 224.52MiB at    8.62MiB/s ETA 00:35 (frag 9/49)
[download]  19.4% of ~ 224.48MiB at    8.91MiB/s ETA 00:33 (frag 9/49)
[download]  19.0% of ~ 229.57MiB at    9.01MiB/s ETA 00:32 (frag 9/49)
[download]  19.1% of ~ 229.22MiB at    8.70MiB/s ETA 00:31 (frag 9/49)
[download]  19.0% of ~ 231.10MiB at    8.70MiB/s ETA 00:31 (frag 9/49)
[download]  19.6% of ~ 233.32MiB at    8.48MiB/s ETA 00:30 (frag 9/49)
[download]  18.9% of ~ 241.19MiB at    8.48MiB/s ETA 00:30 (frag 10/49)
[download]  21.2% of ~ 217.20MiB at    8.48MiB/s ETA 00:30 (frag 10/49)
[download]  20.7% of ~ 225.85MiB at    8.45MiB/s ETA 00:29 (frag 10/49)
[download]  21.2% of ~ 224.57MiB at    8.88MiB/s ETA 00:28 (frag 10/49)
[download]  21.1% of ~ 227.05MiB at    8.88MiB/s ETA 00:28 (frag 10/49)
[download]  21.5% of ~ 227.57MiB at    8.88MiB/s ETA 00:28 (frag 10/49)
[download]  21.2% of ~ 235.33MiB at    9.34MiB/s ETA 00:27 (frag 10/49)
[download]  20.8% of ~ 239.33MiB at    9.34MiB/s ETA 00:27 (frag 11/49)
[download]  23.6% of ~ 216.75MiB at    9.59MiB/s ETA 00:26 (frag 11/49)
[download]  23.0% of ~ 221.81MiB at    9.59MiB/s ETA 00:26 (frag 12/49)
[download]  25.0% of ~ 204.23MiB at    9.32MiB/s ETA 00:25 (frag 12/49)
[download]  25.0% of ~ 204.23MiB at    9.32MiB/s ETA 00:25 (frag 12/49)
[download]  25.0% of ~ 204.24MiB at    9.32MiB/s ETA 00:25 (frag 12/49)
[download]  25.0% of ~ 204.25MiB at    9.32MiB/s ETA 00:25 (frag 12/49)
[download]  25.0% of ~ 204.28MiB at    9.32MiB/s ETA 00:25 (frag 12/49)
[download]  25.0% of ~ 204.34MiB at    8.78MiB/s ETA 00:24 (frag 12/49)
[download]  25.0% of ~ 204.46MiB at    8.01MiB/s ETA 00:24 (frag 12/49)
[download]  24.9% of ~ 205.52MiB at    8.01MiB/s ETA 00:24 (frag 12/49)
[download]  24.9% of ~ 205.53MiB at    8.01MiB/s ETA 00:24 (frag 12/49)
[download]  24.9% of ~ 205.54MiB at    8.01MiB/s ETA 00:24 (frag 12/49)
[download]  24.9% of ~ 205.55MiB at    8.01MiB/s ETA 00:24 (frag 12/49)
[download]  24.9% of ~ 205.58MiB at    8.01MiB/s ETA 00:24 (frag 12/49)
[download]  24.9% of ~ 205.64MiB at    8.01MiB/s ETA 00:24 (frag 12/49)
[download]  24.9% of ~ 205.76MiB at    7.44MiB/s ETA 00:24 (frag 12/49)
[download]  24.6% of ~ 210.75MiB at    7.44MiB/s ETA 00:24 (frag 12/49)
[download]  25.0% of ~ 208.08MiB at    7.26MiB/s ETA 00:24 (frag 12/49)
[download]  25.1% of ~ 207.72MiB at    7.08MiB/s ETA 00:24 (frag 12/49)
[download]  25.0% of ~ 208.34MiB at    7.08MiB/s ETA 00:24 (frag 12/49)
[download]  25.0% of ~ 208.34MiB at    7.08MiB/s ETA 00:24 (frag 12/49)
[download]  25.1% of ~ 209.03MiB at    7.08MiB/s ETA 00:24 (frag 12/49)
[download]  25.0% of ~ 209.29MiB at    7.08MiB/s ETA 00:24 (frag 12/49)
[download]  25.0% of ~ 209.31MiB at    7.08MiB/s ETA 00:24 (frag 12/49)
[download]  25.0% of ~ 209.34MiB at    7.08MiB/s ETA 00:24 (frag 12/49)
[download]  25.0% of ~ 209.39MiB at    7.08MiB/s ETA 00:24 (frag 12/49)
[download]  25.1% of ~ 209.51MiB at    7.08MiB/s ETA 00:24 (frag 12/49)
[download]  24.9% of ~ 214.65MiB at    7.05MiB/s ETA 00:24 (frag 12/49)
[download]  25.1% of ~ 213.28MiB at    7.05MiB/s ETA 00:24 (frag 12/49)
[download]  25.6% of ~ 213.75MiB at    7.05MiB/s ETA 00:24 (frag 12/49)
[download]  25.1% of ~ 218.06MiB at    7.05MiB/s ETA 00:24 (frag 13/49)
[download]  27.2% of ~ 202.96MiB at    7.05MiB/s ETA 00:24 (frag 13/49)
[download]  27.4% of ~ 206.26MiB at    7.05MiB/s ETA 00:24 (frag 13/49)
[download]  27.2% of ~ 208.64MiB at    7.29MiB/s ETA 00:23 (frag 13/49)
[download]  27.2% of ~ 210.29MiB at    7.50MiB/s ETA 00:23 (frag 13/49)
[download]  27.2% of ~ 211.40MiB at    7.50MiB/s ETA 00:23 (frag 13/49)
[download]  27.3% of ~ 212.14MiB at    7.74MiB/s ETA 00:22 (frag 13/49)
[download]  26.9% of ~ 215.54MiB at    7.74MiB/s ETA 00:22 (frag 13/49)
[download]  26.9% of ~ 215.55MiB at    7.74MiB/s ETA 00:22 (frag 13/49)
[download]  26.9% of ~ 215.55MiB at    7.74MiB/s ETA 00:22 (frag 13/49)
[download]  26.9% of ~ 215.57MiB at    7.74MiB/s ETA 00:22 (frag 13/49)
[download]  27.0% of ~ 216.11MiB at    7.95MiB/s ETA 00:22 (frag 13/49)
[download]  26.9% of ~ 217.59MiB at    7.95MiB/s ETA 00:22 (frag 14/49)
[download]  28.9% of ~ 202.60MiB at    8.04MiB/s ETA 00:22 (frag 14/49)
[download]  29.3% of ~ 201.24MiB at    8.04MiB/s ETA 00:22 (frag 14/49)
[download]  28.9% of ~ 204.29MiB at    8.08MiB/s ETA 00:21 (frag 14/49)
[download]  28.7% of ~ 207.69MiB at    8.10MiB/s ETA 00:21 (frag 14/49)
[download]  28.4% of ~ 209.36MiB at    8.10MiB/s ETA 00:21 (frag 15/49)
[download]  30.8% of ~ 193.18MiB at    8.10MiB/s ETA 00:21 (frag 15/49)
[download]  31.4% of ~ 192.60MiB at    7.84MiB/s ETA 00:20 (frag 15/49)
[download]  30.9% of ~ 196.44MiB at    7.84MiB/s ETA 00:20 (frag 15/49)
[download]  31.2% of ~ 195.91MiB at    7.84MiB/s ETA 00:20 (frag 15/49)
[download]  31.6% of ~ 196.96MiB at    7.84MiB/s ETA 00:20 (frag 15/49)
[download]  30.7% of ~ 204.01MiB at    7.84MiB/s ETA 00:20 (frag 15/49)
[download]  30.9% of ~ 202.83MiB at    7.86MiB/s ETA 00:20 (frag 15/49)
[download]  30.9% of ~ 202.84MiB at    7.86MiB/s ETA 00:20 (frag 15/49)
[download]  30.9% of ~ 202.84MiB at    7.86MiB/s ETA 00:20 (frag 15/49)
[download]  30.9% of ~ 202.85MiB at    7.86MiB/s ETA 00:20 (frag 15/49)
[download]  31.6% of ~ 201.45MiB at    7.86MiB/s ETA 00:20 (frag 15/49)
[download]  30.9% of ~ 205.94MiB at    7.86MiB/s ETA 00:20 (frag 15/49)
[download]  30.9% of ~ 205.99MiB at    7.86MiB/s ETA 00:20 (frag 15/49)
[download]  30.9% of ~ 206.20MiB at    7.94MiB/s ETA 00:20 (frag 15/49)
[download]  30.9% of ~ 206.20MiB at    7.94MiB/s ETA 00:20 (frag 15/49)
[download]  30.9% of ~ 206.21MiB at    7.94MiB/s ETA 00:20 (frag 15/49)
[download]  30.9% of ~ 206.22MiB at    7.94MiB/s ETA 00:20 (frag 15/49)
[download]  30.9% of ~ 206.25MiB at    7.94MiB/s ETA 00:20 (frag 15/49)
[download]  31.0% of ~ 206.18MiB at    7.94MiB/s ETA 00:20 (frag 15/49)
[download]  30.9% of ~ 206.49MiB at    7.94MiB/s ETA 00:20 (frag 15/49)
[download]  31.0% of ~ 206.46MiB at    8.00MiB/s ETA 00:20 (frag 15/49)
[download]  30.9% of ~ 206.96MiB at    8.00MiB/s ETA 00:20 (frag 15/49)
[download]  31.7% of ~ 205.73MiB at    8.09MiB/s ETA 00:19 (frag 15/49)
[download]  31.2% of ~ 209.22MiB at    8.09MiB/s ETA 00:19 (frag 16/49)
[download]  32.9% of ~ 198.26MiB at    8.09MiB/s ETA 00:19 (frag 16/49)
[download]  33.0% of ~ 198.51MiB at    7.93MiB/s ETA 00:19 (frag 16/49)
[download]  33.0% of ~ 199.24MiB at    7.93MiB/s ETA 00:19 (frag 16/49)
[download]  33.2% of ~ 199.95MiB at    7.94MiB/s ETA 00:19 (frag 16/49)
[download]  33.0% of ~ 201.50MiB at    7.94MiB/s ETA 00:19 (frag 16/49)
[download]  33.7% of ~ 201.40MiB at    7.94MiB/s ETA 00:19 (frag 16/49)
[download]  33.1% of ~ 205.21MiB at    7.94MiB/s ETA 00:19 (frag 17/49)
[download]  34.9% of ~ 194.54MiB at    7.94MiB/s ETA 00:19 (frag 17/49)
[download]  34.9% of ~ 194.54MiB at    7.94MiB/s ETA 00:19 (frag 17/49)
[download]  34.9% of ~ 194.55MiB at    7.94MiB/s ETA 00:19 (frag 17/49)
[download]  34.9% of ~ 194.56MiB at    7.94MiB/s ETA 00:19 (frag 17/49)
[download]  34.9% of ~ 194.58MiB at    7.94MiB/s ETA 00:19 (frag 17/49)
[download]  35.7% of ~ 193.29MiB at    7.94MiB/s ETA 00:19 (frag 17/49)
[download]  35.2% of ~ 196.30MiB at    7.94MiB/s ETA 00:19 (frag 18/49)
[download]  36.9% of ~ 187.22MiB at    7.94MiB/s ETA 00:19 (frag 18/49)
[download]  36.9% of ~ 187.31MiB at    8.19MiB/s ETA 00:18 (frag 18/49)
[download]  36.9% of ~ 187.47MiB at    8.19MiB/s ETA 00:18 (frag 18/49)
[download]  36.7% of ~ 189.98MiB at    8.19MiB/s ETA 00:18 (frag 18/49)
[download]  37.3% of ~ 188.35MiB at    8.24MiB/s ETA 00:18 (frag 18/49)
[download]  37.3% of ~ 188.50MiB at    8.14MiB/s ETA 00:17 (frag 18/49)
[download]  37.3% of ~ 188.50MiB at    8.14MiB/s ETA 00:17 (frag 18/49)
[download]  37.3% of ~ 188.51MiB at    8.14MiB/s ETA 00:17 (frag 18/49)
[download]  37.3% of ~ 188.52MiB at    8.14MiB/s ETA 00:17 (frag 18/49)
[download]  37.3% of ~ 188.54MiB at    8.14MiB/s ETA 00:17 (frag 18/49)
[download]  37.0% of ~ 190.64MiB at    7.99MiB/s ETA 00:17 (frag 18/49)
[download]  37.2% of ~ 191.24MiB at    7.99MiB/s ETA 00:17 (frag 18/49)
[download]  37.2% of ~ 192.53MiB at    7.99MiB/s ETA 00:17 (frag 18/49)
[download]  37.4% of ~ 193.72MiB at    7.99MiB/s ETA 00:17 (frag 18/49)
[download]  37.4% of ~ 194.30MiB at    7.99MiB/s ETA 00:17 (frag 18/49)
[download]  37.4% of ~ 194.38MiB at    7.99MiB/s ETA 00:17 (frag 18/49)
[download]  37.2% of ~ 195.33MiB at    7.85MiB/s ETA 00:17 (frag 18/49)
[download]  37.2% of ~ 195.34MiB at    7.85MiB/s ETA 00:17 (frag 18/49)
[download]  37.2% of ~ 195.34MiB at    7.85MiB/s ETA 00:17 (frag 18/49)
[download]  37.2% of ~ 195.35MiB at    7.85MiB/s ETA 00:17 (frag 18/49)
[download]  37.2% of ~ 195.37MiB at    7.85MiB/s ETA 00:17 (frag 18/49)
[download]  37.2% of ~ 195.41MiB at    7.85MiB/s ETA 00:17 (frag 18/49)
[download]  37.4% of ~ 194.70MiB at    7.68MiB/s ETA 00:17 (frag 18/49)
[download]  37.2% of ~ 197.08MiB at    7.68MiB/s ETA 00:17 (frag 18/49)
[download]  37.2% of ~ 197.10MiB at    7.68MiB/s ETA 00:17 (frag 18/49)
[download]  37.3% of ~ 197.26MiB at    7.68MiB/s ETA 00:17 (frag 18/49)
[download]  37.5% of ~ 196.79MiB at    7.67MiB/s ETA 00:17 (frag 18/49)
[download]  37.3% of ~ 198.23MiB at    7.67MiB/s ETA 00:17 (frag 18/49)
[download]  37.5% of ~ 200.19MiB at    7.83MiB/s ETA 00:17 (frag 18/49)
[download]  37.5% of ~ 202.72MiB at    7.97MiB/s ETA 00:16 (frag 18/49)
[download]  37.4% of ~ 205.26MiB at    8.18MiB/s ETA 00:16 (frag 18/49)
[download]  37.7% of ~ 205.34MiB at    8.34MiB/s ETA 00:16 (frag 18/49)
[download]  37.5% of ~ 207.43MiB at    8.34MiB/s ETA 00:16 (frag 18/49)
[download]  37.5% of ~ 209.18MiB at    8.49MiB/s ETA 00:16 (frag 18/49)
[download]  37.8% of ~ 211.54MiB at    8.28MiB/s ETA 00:16 (frag 18/49)
[download]  37.1% of ~ 215.59MiB at    8.28MiB/s ETA 00:16 (frag 19/49)
[download]  39.7% of ~ 204.82MiB at    8.22MiB/s ETA 00:16 (frag 19/49)
[download]  39.8% of ~ 206.57MiB at    8.18MiB/s ETA 00:16 (frag 19/49)
[download]  39.4% of ~ 210.18MiB at    8.20MiB/s ETA 00:16 (frag 19/49)
[download]  39.1% of ~ 211.66MiB at    8.20MiB/s ETA 00:16 (frag 20/49)
[download]  41.4% of ~ 200.00MiB at    8.20MiB/s ETA 00:16 (frag 20/49)
[download]  41.4% of ~ 200.00MiB at    8.20MiB/s ETA 00:16 (frag 20/49)
[download]  41.4% of ~ 200.00MiB at    8.20MiB/s ETA 00:16 (frag 20/49)
[download]  41.4% of ~ 200.01MiB at    8.20MiB/s ETA 00:16 (frag 20/49)
[download]  42.0% of ~ 199.79MiB at    8.29MiB/s ETA 00:15 (frag 20/49)
[download]  41.4% of ~ 202.36MiB at    8.29MiB/s ETA 00:15 (frag 20/49)
[download]  41.4% of ~ 202.40MiB at    8.29MiB/s ETA 00:15 (frag 20/49)
[download]  41.9% of ~ 204.10MiB at    8.45MiB/s ETA 00:15 (frag 20/49)
[download]  41.1% of ~ 207.81MiB at    8.45MiB/s ETA 00:15 (frag 21/49)
[download]  43.5% of ~ 196.81MiB at    8.53MiB/s ETA 00:15 (frag 21/49)
[download]  43.9% of ~ 198.54MiB at    8.53MiB/s ETA 00:15 (frag 21/49)
[download]  43.1% of ~ 202.12MiB at    8.53MiB/s ETA 00:15 (frag 22/49)
[download]  45.5% of ~ 191.82MiB at    8.50MiB/s ETA 00:15 (frag 22/49)
[download]  45.3% of ~ 192.64MiB at    8.50MiB/s ETA 00:15 (frag 22/49)
[download]  45.3% of ~ 192.64MiB at    8.50MiB/s ETA 00:15 (frag 22/49)
[download]  45.3% of ~ 192.64MiB at    8.50MiB/s ETA 00:15 (frag 22/49)
[download]  45.3% of ~ 192.65MiB at    8.42MiB/s ETA 00:14 (frag 22/49)
[download]  45.3% of ~ 192.67MiB at    8.42MiB/s ETA 00:14 (frag 22/49)
[download]  45.3% of ~ 192.70MiB at    8.26MiB/s ETA 00:14 (frag 22/49)
[download]  45.2% of ~ 193.28MiB at    8.13MiB/s ETA 00:14 (frag 22/49)
[download]  45.2% of ~ 193.28MiB at    8.13MiB/s ETA 00:14 (frag 22/49)
[download]  45.2% of ~ 193.29MiB at    8.13MiB/s ETA 00:14 (frag 22/49)
[download]  45.2% of ~ 193.30MiB at    8.13MiB/s ETA 00:14 (frag 22/49)
[download]  45.2% of ~ 193.31MiB at    8.13MiB/s ETA 00:14 (frag 22/49)
[download]  45.2% of ~ 193.35MiB at    8.13MiB/s ETA 00:14 (frag 22/49)
[download]  45.2% of ~ 193.41MiB at    8.13MiB/s ETA 00:14 (frag 22/49)
[download]  45.2% of ~ 193.55MiB at    8.13MiB/s ETA 00:14 (frag 22/49)
[download]  45.3% of ~ 193.30MiB at    8.13MiB/s ETA 00:14 (frag 22/49)
[download]  45.9% of ~ 193.31MiB at    8.13MiB/s ETA 00:14 (frag 22/49)
[download]  45.4% of ~ 195.66MiB at    8.13MiB/s ETA 00:14 (frag 23/49)
[download]  47.4% of ~ 187.31MiB at    8.13MiB/s ETA 00:14 (frag 23/49)
[download]  47.4% of ~ 187.31MiB at    8.13MiB/s ETA 00:14 (frag 23/49)
[download]  47.4% of ~ 187.31MiB at    8.13MiB/s ETA 00:14 (frag 23/49)
[download]  47.4% of ~ 187.32MiB at    8.13MiB/s ETA 00:14 (frag 23/49)
[download]  47.4% of ~ 187.34MiB at    8.13MiB/s ETA 00:14 (frag 23/49)
[download]  47.4% of ~ 187.37MiB at    8.09MiB/s ETA 00:14 (frag 23/49)
[download]  47.4% of ~ 187.75MiB at    8.09MiB/s ETA 00:14 (frag 23/49)
[download]  47.3% of ~ 188.49MiB at    8.09MiB/s ETA 00:14 (frag 23/49)
[download]  47.4% of ~ 188.20MiB at    8.09MiB/s ETA 00:14 (frag 23/49)
[download]  47.4% of ~ 188.64MiB at    8.19MiB/s ETA 00:14 (frag 23/49)
[download]  47.5% of ~ 189.40MiB at    8.23MiB/s ETA 00:13 (frag 23/49)
[download]  47.6% of ~ 189.72MiB at    8.23MiB/s ETA 00:13 (frag 23/49)
[download]  47.9% of ~ 190.02MiB at    8.31MiB/s ETA 00:13 (frag 23/49)
[download]  47.5% of ~ 191.63MiB at    8.31MiB/s ETA 00:13 (frag 24/49)
[download]  49.3% of ~ 184.92MiB at    8.31MiB/s ETA 00:13 (frag 24/49)
[download]  49.2% of ~ 185.10MiB at    8.31MiB/s ETA 00:13 (frag 25/49)
[download]  50.9% of ~ 179.24MiB at    8.33MiB/s ETA 00:13 (frag 25/49)
[download]  50.9% of ~ 179.24MiB at    8.33MiB/s ETA 00:13 (frag 25/49)
[download]  50.9% of ~ 179.24MiB at    8.33MiB/s ETA 00:13 (frag 25/49)
[download]  50.9% of ~ 179.25MiB at    8.33MiB/s ETA 00:13 (frag 25/49)
[download]  50.9% of ~ 179.27MiB at    8.33MiB/s ETA 00:13 (frag 25/49)
[download]  51.4% of ~ 177.52MiB at    8.33MiB/s ETA 00:13 (frag 25/49)
[download]  50.9% of ~ 179.53MiB at    8.33MiB/s ETA 00:13 (frag 25/49)
[download]  50.9% of ~ 179.59MiB at    8.05MiB/s ETA 00:13 (frag 25/49)
[download]  50.9% of ~ 179.71MiB at    8.05MiB/s ETA 00:13 (frag 25/49)
[download]  51.5% of ~ 178.17MiB at    7.84MiB/s ETA 00:13 (frag 25/49)
[download]  51.6% of ~ 178.93MiB at    7.84MiB/s ETA 00:13 (frag 25/49)
[download]  51.5% of ~ 180.32MiB at    7.84MiB/s ETA 00:13 (frag 25/49)
[download]  51.0% of ~ 182.30MiB at    7.79MiB/s ETA 00:12 (frag 25/49)
[download]  51.7% of ~ 180.79MiB at    7.62MiB/s ETA 00:12 (frag 25/49)
[download]  51.7% of ~ 181.94MiB at    7.54MiB/s ETA 00:12 (frag 25/49)
[download]  51.0% of ~ 184.41MiB at    7.40MiB/s ETA 00:12 (frag 25/49)
[download]  51.0% of ~ 184.42MiB at    7.40MiB/s ETA 00:12 (frag 25/49)
[download]  51.1% of ~ 184.08MiB at    7.40MiB/s ETA 00:12 (frag 25/49)
[download]  51.0% of ~ 184.42MiB at    7.40MiB/s ETA 00:12 (frag 25/49)
[download]  51.1% of ~ 184.08MiB at    7.40MiB/s ETA 00:12 (frag 25/49)
[download]  51.0% of ~ 184.43MiB at    7.40MiB/s ETA 00:12 (frag 25/49)
[download]  51.1% of ~ 184.10MiB at    7.40MiB/s ETA 00:12 (frag 25/49)
[download]  51.0% of ~ 184.45MiB at    7.40MiB/s ETA 00:12 (frag 25/49)
[download]  51.1% of ~ 184.14MiB at    7.40MiB/s ETA 00:12 (frag 25/49)
[download]  51.1% of ~ 184.15MiB at    7.40MiB/s ETA 00:12 (frag 25/49)
[download]  51.0% of ~ 184.53MiB at    7.40MiB/s ETA 00:12 (frag 25/49)
[download]  51.0% of ~ 184.59MiB at    7.40MiB/s ETA 00:12 (frag 25/49)
[download]  51.1% of ~ 184.36MiB at    7.40MiB/s ETA 00:12 (frag 25/49)
[download]  51.2% of ~ 185.00MiB at    7.40MiB/s ETA 00:12 (frag 25/49)
[download]  51.1% of ~ 185.71MiB at    7.37MiB/s ETA 00:12 (frag 25/49)
[download]  51.7% of ~ 185.15MiB at    7.37MiB/s ETA 00:12 (frag 25/49)
[download]  51.2% of ~ 187.32MiB at    7.37MiB/s ETA 00:12 (frag 25/49)
[download]  51.9% of ~ 186.53MiB at    7.49MiB/s ETA 00:12 (frag 25/49)
[download]  51.2% of ~ 189.32MiB at    7.26MiB/s ETA 00:12 (frag 25/49)
[download]  51.2% of ~ 189.90MiB at    7.26MiB/s ETA 00:12 (frag 25/49)
[download]  52.0% of ~ 188.63MiB at    7.26MiB/s ETA 00:12 (frag 25/49)
[download]  52.0% of ~ 191.09MiB at    7.31MiB/s ETA 00:12 (frag 25/49)
[download]  51.3% of ~ 193.84MiB at    7.31MiB/s ETA 00:12 (frag 25/49)
[download]  51.3% of ~ 193.88MiB at    7.31MiB/s ETA 00:12 (frag 26/49)
[download]  54.0% of ~ 185.99MiB at    7.31MiB/s ETA 00:12 (frag 26/49)
[download]  53.5% of ~ 189.51MiB at    7.38MiB/s ETA 00:12 (frag 26/49)
[download]  53.4% of ~ 191.10MiB at    7.42MiB/s ETA 00:12 (frag 26/49)
[download]  53.2% of ~ 191.70MiB at    7.42MiB/s ETA 00:12 (frag 26/49)
[download]  53.2% of ~ 191.70MiB at    7.42MiB/s ETA 00:12 (frag 26/49)
[download]  53.2% of ~ 191.71MiB at    7.42MiB/s ETA 00:12 (frag 26/49)
[download]  53.2% of ~ 191.71MiB at    7.40MiB/s ETA 00:12 (frag 26/49)
[download]  53.2% of ~ 191.73MiB at    7.16MiB/s ETA 00:12 (frag 26/49)
[download]  53.2% of ~ 191.76MiB at    7.16MiB/s ETA 00:12 (frag 26/49)
[download]  53.2% of ~ 191.81MiB at    7.16MiB/s ETA 00:12 (frag 26/49)
[download]  54.1% of ~ 190.75MiB at    6.96MiB/s ETA 00:12 (frag 26/49)
[download]  53.5% of ~ 192.57MiB at    6.96MiB/s ETA 00:12 (frag 27/49)
[download]  55.3% of ~ 186.83MiB at    6.96MiB/s ETA 00:12 (frag 27/49)
[download]  56.1% of ~ 186.18MiB at    6.96MiB/s ETA 00:12 (frag 27/49)
[download]  55.5% of ~ 188.21MiB at    6.96MiB/s ETA 00:12 (frag 28/49)
[download]  57.3% of ~ 182.52MiB at    6.96MiB/s ETA 00:12 (frag 28/49)
[download]  57.3% of ~ 182.97MiB at    6.71MiB/s ETA 00:12 (frag 28/49)
[download]  58.2% of ~ 182.12MiB at    6.71MiB/s ETA 00:12 (frag 28/49)
[download]  57.6% of ~ 183.97MiB at    6.71MiB/s ETA 00:12 (frag 29/49)
[download]  59.1% of ~ 179.32MiB at    6.71MiB/s ETA 00:12 (frag 29/49)
[download]  59.1% of ~ 179.32MiB at    6.71MiB/s ETA 00:12 (frag 29/49)
[download]  59.1% of ~ 179.32MiB at    6.71MiB/s ETA 00:12 (frag 29/49)
[download]  59.1% of ~ 179.33MiB at    6.71MiB/s ETA 00:12 (frag 29/49)
[download]  59.1% of ~ 179.34MiB at    6.61MiB/s ETA 00:12 (frag 29/49)
[download]  59.5% of ~ 179.12MiB at    6.61MiB/s ETA 00:12 (frag 29/49)
[download]  59.1% of ~ 180.18MiB at    6.61MiB/s ETA 00:12 (frag 29/49)
[download]  59.7% of ~ 180.26MiB at    6.61MiB/s ETA 00:12 (frag 29/49)
[download]  59.9% of ~ 182.10MiB at    6.61MiB/s ETA 00:12 (frag 29/49)
[download]  59.2% of ~ 184.27MiB at    6.61MiB/s ETA 00:12 (frag 29/49)
[download]  59.2% of ~ 184.27MiB at    6.61MiB/s ETA 00:12 (frag 29/49)
[download]  59.2% of ~ 184.27MiB at    6.61MiB/s ETA 00:12 (frag 29/49)
[download]  59.2% of ~ 184.28MiB at    6.61MiB/s ETA 00:12 (frag 29/49)
[download]  59.2% of ~ 184.29MiB at    6.61MiB/s ETA 00:12 (frag 29/49)
[download]  59.2% of ~ 184.32MiB at    6.85MiB/s ETA 00:12 (frag 29/49)
[download]  59.2% of ~ 184.37MiB at    6.85MiB/s ETA 00:12 (frag 29/49)
[download]  59.2% of ~ 184.55MiB at    7.01MiB/s ETA 00:12 (frag 29/49)
[download]  59.3% of ~ 184.89MiB at    7.01MiB/s ETA 00:11 (frag 29/49)
[download]  59.1% of ~ 185.58MiB at    7.01MiB/s ETA 00:11 (frag 30/49)
[download]  61.3% of ~ 179.04MiB at    7.01MiB/s ETA 00:11 (frag 30/49)
[download]  61.3% of ~ 179.04MiB at    7.01MiB/s ETA 00:11 (frag 30/49)
[download]  61.3% of ~ 179.04MiB at    7.01MiB/s ETA 00:11 (frag 30/49)
[download]  61.3% of ~ 179.05MiB at    7.01MiB/s ETA 00:11 (frag 30/49)
[download]  61.2% of ~ 179.32MiB at    7.01MiB/s ETA 00:11 (frag 30/49)
[download]  61.4% of ~ 179.33MiB at    7.01MiB/s ETA 00:11 (frag 30/49)
[download]  61.3% of ~ 179.71MiB at    7.01MiB/s ETA 00:11 (frag 30/49)
[download]  61.2% of ~ 180.07MiB at    7.01MiB/s ETA 00:11 (frag 30/49)
[download]  61.8% of ~ 180.03MiB at    7.06MiB/s ETA 00:11 (frag 30/49)
[download]  61.3% of ~ 181.84MiB at    7.02MiB/s ETA 00:11 (frag 30/49)
[download]  61.3% of ~ 181.91MiB at    7.02MiB/s ETA 00:11 (frag 30/49)
[download]  61.3% of ~ 181.96MiB at    7.02MiB/s ETA 00:11 (frag 30/49)
[download]  61.3% of ~ 182.11MiB at    7.02MiB/s ETA 00:11 (frag 30/49)
[download]  61.3% of ~ 182.11MiB at    7.02MiB/s ETA 00:11 (frag 30/49)
[download]  61.3% of ~ 182.11MiB at    7.02MiB/s ETA 00:11 (frag 30/49)
[download]  61.3% of ~ 182.12MiB at    7.02MiB/s ETA 00:11 (frag 30/49)
[download]  61.3% of ~ 182.33MiB at    6.98MiB/s ETA 00:11 (frag 30/49)
[download]  61.3% of ~ 182.53MiB at    7.01MiB/s ETA 00:11 (frag 30/49)
[download]  61.3% of ~ 182.55MiB at    7.01MiB/s ETA 00:11 (frag 30/49)
[download]  61.3% of ~ 182.60MiB at    7.01MiB/s ETA 00:11 (frag 30/49)
[download]  61.4% of ~ 182.65MiB at    6.99MiB/s ETA 00:11 (frag 30/49)
[download]  61.4% of ~ 182.90MiB at    6.93MiB/s ETA 00:11 (frag 30/49)
[download]  61.4% of ~ 183.09MiB at    6.84MiB/s ETA 00:11 (frag 30/49)
[download]  61.5% of ~ 183.77MiB at    6.84MiB/s ETA 00:11 (frag 30/49)
[download]  61.5% of ~ 184.23MiB at    6.80MiB/s ETA 00:11 (frag 30/49)
[download]  61.8% of ~ 184.98MiB at    6.87MiB/s ETA 00:10 (frag 30/49)
[download]  61.5% of ~ 186.77MiB at    6.87MiB/s ETA 00:10 (frag 30/49)
[download]  61.6% of ~ 187.36MiB at    6.98MiB/s ETA 00:10 (frag 30/49)
[download]  62.2% of ~ 188.19MiB at    6.98MiB/s ETA 00:10 (frag 30/49)
[download]  61.4% of ~ 190.80MiB at    6.98MiB/s ETA 00:10 (frag 31/49)
[download]  63.6% of ~ 184.81MiB at    6.98MiB/s ETA 00:10 (frag 31/49)
[download]  63.6% of ~ 185.46MiB at    7.04MiB/s ETA 00:10 (frag 31/49)
[download]  63.6% of ~ 186.57MiB at    7.04MiB/s ETA 00:10 (frag 31/49)
[download]  63.3% of ~ 187.52MiB at    7.04MiB/s ETA 00:10 (frag 32/49)
[download]  65.5% of ~ 181.14MiB at    7.22MiB/s ETA 00:10 (frag 32/49)
[download]  65.5% of ~ 181.14MiB at    7.22MiB/s ETA 00:10 (frag 32/49)
[download]  65.5% of ~ 181.14MiB at    7.22MiB/s ETA 00:10 (frag 32/49)
[download]  65.5% of ~ 181.15MiB at    7.22MiB/s ETA 00:10 (frag 32/49)
[download]  65.5% of ~ 181.16MiB at    7.22MiB/s ETA 00:10 (frag 32/49)
[download]  65.5% of ~ 181.18MiB at    7.22MiB/s ETA 00:10 (frag 32/49)
[download]  65.5% of ~ 181.23MiB at    7.22MiB/s ETA 00:10 (frag 32/49)
[download]  65.8% of ~ 181.99MiB at    7.38MiB/s ETA 00:10 (frag 32/49)
[download]  65.6% of ~ 182.81MiB at    7.27MiB/s ETA 00:10 (frag 32/49)
[download]  65.9% of ~ 183.40MiB at    7.15MiB/s ETA 00:09 (frag 32/49)
[download]  65.8% of ~ 185.08MiB at    7.08MiB/s ETA 00:09 (frag 32/49)
[download]  65.7% of ~ 185.88MiB at    7.16MiB/s ETA 00:09 (frag 32/49)
[download]  65.6% of ~ 186.07MiB at    7.16MiB/s ETA 00:09 (frag 32/49)
[download]  65.6% of ~ 186.07MiB at    7.16MiB/s ETA 00:09 (frag 32/49)
[download]  65.6% of ~ 186.08MiB at    7.16MiB/s ETA 00:09 (frag 32/49)
[download]  65.6% of ~ 186.08MiB at    7.16MiB/s ETA 00:09 (frag 32/49)
[download]  65.6% of ~ 186.09MiB at    7.16MiB/s ETA 00:09 (frag 32/49)
[download]  65.6% of ~ 186.12MiB at    7.16MiB/s ETA 00:09 (frag 32/49)
[download]  65.6% of ~ 186.16MiB at    7.16MiB/s ETA 00:09 (frag 32/49)
[download]  65.8% of ~ 186.44MiB at    7.12MiB/s ETA 00:09 (frag 32/49)
[download]  65.6% of ~ 187.60MiB at    7.12MiB/s ETA 00:09 (frag 32/49)
[download]  65.7% of ~ 187.65MiB at    7.12MiB/s ETA 00:09 (frag 32/49)
[download]  66.0% of ~ 188.37MiB at    7.00MiB/s ETA 00:09 (frag 32/49)
[download]  65.9% of ~ 190.09MiB at    6.84MiB/s ETA 00:09 (frag 32/49)
[download]  65.8% of ~ 190.88MiB at    6.46MiB/s ETA 00:09 (frag 32/49)
[download]  66.1% of ~ 191.43MiB at    6.46MiB/s ETA 00:09 (frag 32/49)
[download]  66.1% of ~ 193.59MiB at    6.41MiB/s ETA 00:09 (frag 32/49)
[download]  66.3% of ~ 195.39MiB at    6.39MiB/s ETA 00:09 (frag 32/49)
[download]  65.5% of ~ 197.80MiB at    6.39MiB/s ETA 00:09 (frag 33/49)
[download]  67.9% of ~ 191.41MiB at    6.39MiB/s ETA 00:09 (frag 33/49)
[download]  67.8% of ~ 192.77MiB at    6.47MiB/s ETA 00:09 (frag 33/49)
[download]  67.5% of ~ 193.86MiB at    6.47MiB/s ETA 00:09 (frag 34/49)
[download]  69.6% of ~ 188.39MiB at    6.52MiB/s ETA 00:09 (frag 34/49)
[download]  69.4% of ~ 188.96MiB at    6.52MiB/s ETA 00:09 (frag 35/49)
[download]  71.9% of ~ 183.43MiB at    6.60MiB/s ETA 00:09 (frag 35/49)
[download]  71.7% of ~ 184.17MiB at    6.65MiB/s ETA 00:09 (frag 35/49)
[download]  71.7% of ~ 184.17MiB at    6.65MiB/s ETA 00:09 (frag 35/49)
[download]  71.7% of ~ 184.17MiB at    6.65MiB/s ETA 00:09 (frag 35/49)
[download]  71.7% of ~ 184.18MiB at    6.65MiB/s ETA 00:09 (frag 35/49)
[download]  71.7% of ~ 184.59MiB at    6.72MiB/s ETA 00:09 (frag 35/49)
[download]  71.7% of ~ 184.72MiB at    6.72MiB/s ETA 00:09 (frag 35/49)
[download]  71.7% of ~ 184.74MiB at    6.72MiB/s ETA 00:09 (frag 35/49)
[download]  71.7% of ~ 184.78MiB at    6.72MiB/s ETA 00:09 (frag 35/49)
[download]  71.7% of ~ 184.87MiB at    6.80MiB/s ETA 00:09 (frag 35/49)
[download]  71.9% of ~ 184.41MiB at    6.84MiB/s ETA 00:08 (frag 35/49)
[download]  71.9% of ~ 184.41MiB at    6.84MiB/s ETA 00:08 (frag 35/49)
[download]  71.9% of ~ 184.41MiB at    6.84MiB/s ETA 00:08 (frag 35/49)
[download]  71.9% of ~ 184.42MiB at    6.84MiB/s ETA 00:08 (frag 35/49)
[download]  71.9% of ~ 184.43MiB at    6.84MiB/s ETA 00:08 (frag 35/49)
[download]  71.8% of ~ 184.61MiB at    6.73MiB/s ETA 00:08 (frag 35/49)
[download]  71.8% of ~ 184.61MiB at    6.73MiB/s ETA 00:08 (frag 35/49)
[download]  71.8% of ~ 184.62MiB at    6.73MiB/s ETA 00:08 (frag 35/49)
[download]  71.9% of ~ 184.62MiB at    6.73MiB/s ETA 00:08 (frag 35/49)
[download]  71.9% of ~ 184.63MiB at    6.55MiB/s ETA 00:08 (frag 35/49)
[download]  72.2% of ~ 184.97MiB at    6.55MiB/s ETA 00:08 (frag 35/49)
[download]  71.9% of ~ 185.64MiB at    6.55MiB/s ETA 00:08 (frag 35/49)
[download]  71.8% of ~ 186.31MiB at    6.50MiB/s ETA 00:08 (frag 35/49)
[download]  72.4% of ~ 186.67MiB at    6.57MiB/s ETA 00:08 (frag 35/49)
[download]  71.7% of ~ 188.51MiB at    6.57MiB/s ETA 00:08 (frag 36/49)
[download]  74.0% of ~ 182.79MiB at    6.57MiB/s ETA 00:08 (frag 36/49)
[download]  74.0% of ~ 182.87MiB at    6.59MiB/s ETA 00:08 (frag 36/49)
[download]  73.9% of ~ 183.19MiB at    6.42MiB/s ETA 00:08 (frag 36/49)
[download]  74.0% of ~ 183.69MiB at    6.42MiB/s ETA 00:08 (frag 36/49)
[download]  73.9% of ~ 183.89MiB at    6.42MiB/s ETA 00:08 (frag 36/49)
[download]  74.1% of ~ 183.82MiB at    6.35MiB/s ETA 00:08 (frag 36/49)
[download]  74.0% of ~ 184.31MiB at    6.27MiB/s ETA 00:08 (frag 36/49)
[download]  73.7% of ~ 185.32MiB at    6.27MiB/s ETA 00:08 (frag 36/49)
[download]  73.8% of ~ 185.13MiB at    6.27MiB/s ETA 00:08 (frag 36/49)
[download]  73.8% of ~ 185.13MiB at    6.27MiB/s ETA 00:08 (frag 36/49)
[download]  73.8% of ~ 185.13MiB at    6.27MiB/s ETA 00:08 (frag 36/49)
[download]  73.8% of ~ 185.14MiB at    6.27MiB/s ETA 00:08 (frag 36/49)
[download]  74.0% of ~ 185.70MiB at    6.27MiB/s ETA 00:08 (frag 36/49)
[download]  73.8% of ~ 186.20MiB at    6.27MiB/s ETA 00:08 (frag 36/49)
[download]  73.6% of ~ 186.78MiB at    6.27MiB/s ETA 00:08 (frag 37/49)
[download]  75.8% of ~ 181.32MiB at    6.27MiB/s ETA 00:08 (frag 37/49)
[download]  75.8% of ~ 181.36MiB at    6.19MiB/s ETA 00:08 (frag 37/49)
[download]  75.9% of ~ 181.44MiB at    6.19MiB/s ETA 00:08 (frag 37/49)
[download]  76.0% of ~ 181.07MiB at    5.96MiB/s ETA 00:08 (frag 37/49)
[download]  76.0% of ~ 181.07MiB at    5.96MiB/s ETA 00:08 (frag 37/49)
[download]  76.0% of ~ 181.07MiB at    5.96MiB/s ETA 00:08 (frag 37/49)
[download]  76.0% of ~ 181.08MiB at    5.96MiB/s ETA 00:08 (frag 37/49)
[download]  76.0% of ~ 181.09MiB at    5.96MiB/s ETA 00:08 (frag 37/49)
[download]  76.0% of ~ 181.11MiB at    5.96MiB/s ETA 00:08 (frag 37/49)
[download]  75.9% of ~ 181.68MiB at    5.96MiB/s ETA 00:08 (frag 37/49)
[download]  76.4% of ~ 182.08MiB at    5.90MiB/s ETA 00:08 (frag 37/49)
[download]  76.1% of ~ 182.83MiB at    5.90MiB/s ETA 00:08 (frag 37/49)
[download]  76.1% of ~ 183.21MiB at    5.90MiB/s ETA 00:08 (frag 37/49)
[download]  76.1% of ~ 183.23MiB at    5.86MiB/s ETA 00:07 (frag 37/49)
[download]  76.3% of ~ 184.14MiB at    5.86MiB/s ETA 00:07 (frag 37/49)
[download]  76.0% of ~ 185.28MiB at    5.95MiB/s ETA 00:07 (frag 37/49)
[download]  75.8% of ~ 185.81MiB at    5.95MiB/s ETA 00:07 (frag 38/49)
[download]  78.1% of ~ 180.76MiB at    6.05MiB/s ETA 00:07 (frag 38/49)
[download]  78.1% of ~ 181.47MiB at    6.05MiB/s ETA 00:07 (frag 38/49)
[download]  78.2% of ~ 181.57MiB at    6.07MiB/s ETA 00:07 (frag 38/49)
[download]  78.3% of ~ 182.03MiB at    6.10MiB/s ETA 00:07 (frag 38/49)
[download]  77.8% of ~ 183.61MiB at    6.10MiB/s ETA 00:07 (frag 38/49)
[download]  77.9% of ~ 183.30MiB at    6.09MiB/s ETA 00:07 (frag 38/49)
[download]  77.9% of ~ 183.30MiB at    6.09MiB/s ETA 00:07 (frag 38/49)
[download]  77.9% of ~ 183.30MiB at    6.09MiB/s ETA 00:07 (frag 38/49)
[download]  77.9% of ~ 183.31MiB at    6.09MiB/s ETA 00:07 (frag 38/49)
[download]  78.0% of ~ 183.32MiB at    6.09MiB/s ETA 00:07 (frag 38/49)
[download]  78.0% of ~ 183.34MiB at    6.09MiB/s ETA 00:07 (frag 38/49)
[download]  78.0% of ~ 183.38MiB at    6.09MiB/s ETA 00:07 (frag 38/49)
[download]  78.0% of ~ 183.46MiB at    6.06MiB/s ETA 00:07 (frag 38/49)
[download]  78.4% of ~ 183.28MiB at    6.06MiB/s ETA 00:07 (frag 38/49)
[download]  78.4% of ~ 184.44MiB at    6.06MiB/s ETA 00:07 (frag 38/49)
[download]  78.4% of ~ 185.90MiB at    6.03MiB/s ETA 00:07 (frag 38/49)
[download]  78.4% of ~ 186.89MiB at    6.03MiB/s ETA 00:07 (frag 38/49)
[download]  78.1% of ~ 187.89MiB at    5.98MiB/s ETA 00:07 (frag 38/49)
[download]  78.3% of ~ 188.02MiB at    5.98MiB/s ETA 00:07 (frag 38/49)
[download]  77.9% of ~ 189.10MiB at    5.91MiB/s ETA 00:07 (frag 38/49)
[download]  77.8% of ~ 189.36MiB at    5.91MiB/s ETA 00:07 (frag 39/49)
[download]  79.8% of ~ 184.99MiB at    5.71MiB/s ETA 00:07 (frag 39/49)
[download]  80.5% of ~ 184.45MiB at    5.71MiB/s ETA 00:07 (frag 39/49)
[download]  80.1% of ~ 185.33MiB at    5.71MiB/s ETA 00:07 (frag 39/49)
[download]  80.1% of ~ 185.33MiB at    5.71MiB/s ETA 00:07 (frag 39/49)
[download]  80.1% of ~ 185.33MiB at    5.71MiB/s ETA 00:07 (frag 39/49)
[download]  80.1% of ~ 185.34MiB at    5.71MiB/s ETA 00:07 (frag 39/49)
[download]  80.1% of ~ 185.35MiB at    5.71MiB/s ETA 00:07 (frag 39/49)
[download]  80.3% of ~ 185.54MiB at    5.66MiB/s ETA 00:07 (frag 39/49)
[download]  80.6% of ~ 186.35MiB at    5.66MiB/s ETA 00:07 (frag 39/49)
[download]  79.9% of ~ 187.79MiB at    5.66MiB/s ETA 00:07 (frag 40/49)
[download]  82.1% of ~ 182.84MiB at    5.66MiB/s ETA 00:07 (frag 40/49)
[download]  82.1% of ~ 182.88MiB at    5.66MiB/s ETA 00:07 (frag 40/49)
[download]  82.7% of ~ 182.82MiB at    5.90MiB/s ETA 00:06 (frag 40/49)
[download]  82.5% of ~ 184.16MiB at    5.90MiB/s ETA 00:06 (frag 40/49)
[download]  82.1% of ~ 185.06MiB at    5.90MiB/s ETA 00:06 (frag 41/49)
[download]  83.9% of ~ 181.21MiB at    6.07MiB/s ETA 00:06 (frag 41/49)
[download]  83.9% of ~ 181.21MiB at    6.07MiB/s ETA 00:06 (frag 41/49)
[download]  83.9% of ~ 181.21MiB at    6.07MiB/s ETA 00:06 (frag 41/49)
[download]  83.9% of ~ 181.22MiB at    6.07MiB/s ETA 00:06 (frag 41/49)
[download]  83.9% of ~ 181.23MiB at    6.07MiB/s ETA 00:06 (frag 41/49)
[download]  84.2% of ~ 180.68MiB at    6.07MiB/s ETA 00:06 (frag 41/49)
[download]  84.7% of ~ 180.97MiB at    6.08MiB/s ETA 00:06 (frag 41/49)
[download]  83.9% of ~ 182.66MiB at    6.08MiB/s ETA 00:06 (frag 41/49)
[download]  83.9% of ~ 182.70MiB at    6.08MiB/s ETA 00:06 (frag 41/49)
[download]  83.9% of ~ 182.77MiB at    6.01MiB/s ETA 00:06 (frag 41/49)
[download]  84.3% of ~ 182.36MiB at    6.01MiB/s ETA 00:06 (frag 41/49)
[download]  84.2% of ~ 182.79MiB at    6.01MiB/s ETA 00:06 (frag 41/49)
[download]  84.1% of ~ 183.08MiB at    6.01MiB/s ETA 00:06 (frag 42/49)
[download]  86.0% of ~ 179.23MiB at    6.01MiB/s ETA 00:06 (frag 42/49)
[download]  85.9% of ~ 179.83MiB at    6.08MiB/s ETA 00:06 (frag 42/49)
[download]  86.6% of ~ 179.53MiB at    6.08MiB/s ETA 00:06 (frag 42/49)
[download]  86.6% of ~ 180.37MiB at    6.26MiB/s ETA 00:05 (frag 42/49)
[download]  86.2% of ~ 181.24MiB at    6.26MiB/s ETA 00:05 (frag 43/49)
[download]  88.5% of ~ 177.24MiB at    6.33MiB/s ETA 00:05 (frag 43/49)
[download]  88.2% of ~ 178.34MiB at    6.46MiB/s ETA 00:05 (frag 43/49)
[download]  88.6% of ~ 177.48MiB at    6.46MiB/s ETA 00:05 (frag 43/49)
[download]  88.6% of ~ 177.48MiB at    6.46MiB/s ETA 00:05 (frag 43/49)
[download]  88.6% of ~ 177.48MiB at    6.46MiB/s ETA 00:05 (frag 43/49)
[download]  88.6% of ~ 177.49MiB at    6.46MiB/s ETA 00:05 (frag 43/49)
[download]  88.6% of ~ 177.50MiB at    6.46MiB/s ETA 00:05 (frag 43/49)
[download]  88.6% of ~ 177.51MiB at    6.46MiB/s ETA 00:05 (frag 43/49)
[download]  88.7% of ~ 178.59MiB at    6.62MiB/s ETA 00:05 (frag 43/49)
[download]  88.1% of ~ 179.72MiB at    6.62MiB/s ETA 00:05 (frag 44/49)
[download]  90.7% of ~ 174.71MiB at    6.62MiB/s ETA 00:05 (frag 44/49)
[download]  90.7% of ~ 174.78MiB at    6.91MiB/s ETA 00:04 (frag 44/49)
[download]  89.9% of ~ 176.60MiB at    7.09MiB/s ETA 00:04 (frag 44/49)
[download]  89.8% of ~ 176.84MiB at    7.09MiB/s ETA 00:04 (frag 45/49)
[download]  92.5% of ~ 172.70MiB at    7.06MiB/s ETA 00:04 (frag 45/49)
[download]  92.8% of ~ 172.41MiB at    6.90MiB/s ETA 00:04 (frag 45/49)
[download]  92.8% of ~ 173.52MiB at    6.84MiB/s ETA 00:03 (frag 45/49)
[download]  93.0% of ~ 173.74MiB at    6.81MiB/s ETA 00:03 (frag 45/49)
[download]  93.3% of ~ 174.28MiB at    6.47MiB/s ETA 00:03 (frag 45/49)
[download]  92.7% of ~ 175.34MiB at    6.47MiB/s ETA 00:03 (frag 45/49)
[download]  92.7% of ~ 175.43MiB at    6.47MiB/s ETA 00:03 (frag 46/49)
[download]  94.8% of ~ 173.02MiB at    6.26MiB/s ETA 00:03 (frag 46/49)
[download]  94.0% of ~ 174.44MiB at    6.26MiB/s ETA 00:03 (frag 47/49)
[download]  96.8% of ~ 170.31MiB at    6.14MiB/s ETA 00:03 (frag 47/49)
[download]  96.3% of ~ 171.20MiB at    6.14MiB/s ETA 00:03 (frag 48/49)
[download] Got error: SocksHTTPSConnectionPool(host='hls-cdn77.xvideos-cdn.com', port=443): Read timed out.. Retrying (1/10)...
[download]  97.4% of ~ 169.28MiB at      0.00B/s ETA Unknown (frag 48/49)
[download]  97.4% of ~ 169.28MiB at      0.00B/s ETA Unknown (frag 48/49)
[download]  97.4% of ~ 169.28MiB at      0.00B/s ETA Unknown (frag 48/49)
[download]  97.4% of ~ 169.28MiB at      0.00B/s ETA Unknown (frag 48/49)
[download]  97.4% of ~ 169.29MiB at   48.13KiB/s ETA 00:28 (frag 48/49)
[download]  97.4% of ~ 169.31MiB at   99.88KiB/s ETA 00:27 (frag 48/49)
[download]  97.4% of ~ 169.34MiB at  175.21KiB/s ETA 00:25 (frag 48/49)
[download]  97.5% of ~ 169.40MiB at  303.22KiB/s ETA 00:24 (frag 48/49)
[download]  97.5% of ~ 169.52MiB at  445.48KiB/s ETA 00:22 (frag 48/49)
[download]  97.4% of ~ 169.77MiB at  533.68KiB/s ETA 00:20 (frag 48/49)
[download]  97.4% of ~ 169.81MiB at  533.68KiB/s ETA 00:20 (frag 49/49)
[download] 100% of  165.37MiB in 00:00:33 at 4.98MiB/s
[FixupM3u8] Fixing MPEG-TS in MP4 container of "D:\ĎÂÔŘ\Hot_Asian_goes_wild_for_morning_sex_and_cums_quick-uhllbtoaee0.mp4"
[Metadata] Adding metadata to "D:\ĎÂÔŘ\Hot_Asian_goes_wild_for_morning_sex_and_cums_quick-uhllbtoaee0.mp4"
