[generic] Extracting URL: https://www.xvideos.com/prof-video-click/upload/hikarun1224/oovufuh0b97/_m_
[generic] _m_: Downloading webpage
[redirect] Following redirect to https://www.xvideos.com/video.oovufuh0b97/uncensored_privately_filmed_amateur_submitted_taking_a_slutty_masochistic_wife_into_the_toilet_and_having_unprotected_sex.
[XVideos] Extracting URL: https://www.xvideos.com/video.oovufuh0b97/uncensored_privately_filmed_amateur_submitted_taking_a_...ing_unprotected_sex.
[XVideos] oovufuh0b97: Downloading webpage
[XVideos] oovufuh0b97: Downloading m3u8 information
[XVideos] oovufuh0b97: Checking hls-480p video format URL
[XVideos] oovufuh0b97: Checking hls-1080p video format URL
[XVideos] oovufuh0b97: Checking hls-360p video format URL
[info] oovufuh0b97: Downloading 1 format(s): hls-1080p
[info] Downloading video thumbnail 1 ...
[info] Writing video thumbnail 1 to: D:\ĎÂÔŘ\Uncensored_privately_filmed_amateur_submitted_-_Taking_a_slutty_masochistic_wife-oovufuh0b97.avif
[hlsnative] Downloading m3u8 manifest
[hlsnative] Total fragments: 48
[download] Destination: D:\ĎÂÔŘ\Uncensored_privately_filmed_amateur_submitted_-_Taking_a_slutty_masochistic_wife-oovufuh0b97.mp4
[download]   0.0% of ~ 149.80MiB at    819.20B/s ETA Unknown (frag 0/48)
[download]   0.0% of ~ 149.85MiB at    819.20B/s ETA Unknown (frag 0/48)
[download]   0.0% of ~ 149.94MiB at    819.20B/s ETA Unknown (frag 0/48)
[download]   0.0% of ~ 150.13MiB at    819.20B/s ETA Unknown (frag 0/48)
[download]   0.0% of ~ 150.51MiB at   20.39KiB/s ETA Unknown (frag 0/48)
[download]   0.0% of ~ 151.26MiB at   43.08KiB/s ETA Unknown (frag 0/48)
[download]   0.1% of ~ 152.76MiB at   83.15KiB/s ETA Unknown (frag 0/48)
[download]   0.2% of ~ 155.76MiB at  142.64KiB/s ETA Unknown (frag 0/48)
[download]   0.3% of ~ 161.76MiB at  236.12KiB/s ETA 06:03 (frag 0/48)
[download]   0.3% of ~ 179.29MiB at  236.12KiB/s ETA 06:03 (frag 0/48)
[download]   0.3% of ~ 179.34MiB at  236.12KiB/s ETA 06:03 (frag 0/48)
[download]   0.3% of ~ 179.43MiB at  236.12KiB/s ETA 06:03 (frag 0/48)
[download]   0.3% of ~ 179.62MiB at  236.12KiB/s ETA 06:03 (frag 0/48)
[download]   0.3% of ~ 185.70MiB at  236.12KiB/s ETA 06:03 (frag 0/48)
[download]   0.3% of ~ 185.75MiB at  236.12KiB/s ETA 06:03 (frag 0/48)
[download]   0.3% of ~ 185.84MiB at  236.12KiB/s ETA 06:03 (frag 0/48)
[download]   0.3% of ~ 186.03MiB at  236.12KiB/s ETA 06:03 (frag 0/48)
[download]   0.3% of ~ 191.82MiB at  297.05KiB/s ETA 06:11 (frag 0/48)
[download]   0.3% of ~ 191.87MiB at  297.05KiB/s ETA 06:11 (frag 0/48)
[download]   0.3% of ~ 191.97MiB at  297.05KiB/s ETA 06:11 (frag 0/48)
[download]   0.3% of ~ 192.15MiB at  297.05KiB/s ETA 06:11 (frag 0/48)
[download]   0.3% of ~ 189.53MiB at  297.05KiB/s ETA 06:11 (frag 0/48)
[download]   0.3% of ~ 189.58MiB at  297.05KiB/s ETA 06:11 (frag 0/48)
[download]   0.3% of ~ 189.67MiB at  297.05KiB/s ETA 06:11 (frag 0/48)
[download]   0.3% of ~ 189.86MiB at  297.05KiB/s ETA 06:11 (frag 0/48)
[download]   0.3% of ~ 190.24MiB at  297.05KiB/s ETA 06:11 (frag 0/48)
[download]   0.3% of ~ 190.21MiB at  343.94KiB/s ETA 06:17 (frag 0/48)
[download]   0.3% of ~ 190.26MiB at  343.94KiB/s ETA 06:17 (frag 0/48)
[download]   0.3% of ~ 190.35MiB at  343.94KiB/s ETA 06:17 (frag 0/48)
[download]   0.3% of ~ 190.54MiB at  343.94KiB/s ETA 06:17 (frag 0/48)
[download]   0.3% of ~ 183.56MiB at  343.94KiB/s ETA 06:17 (frag 0/48)
[download]   0.3% of ~ 204.93MiB at  377.40KiB/s ETA 06:25 (frag 0/48)
[download]   0.3% of ~ 204.97MiB at  377.40KiB/s ETA 06:25 (frag 0/48)
[download]   0.3% of ~ 205.07MiB at  377.40KiB/s ETA 06:25 (frag 0/48)
[download]   0.3% of ~ 205.25MiB at  377.40KiB/s ETA 06:25 (frag 0/48)
[download]   0.6% of ~ 179.48MiB at  377.40KiB/s ETA 06:25 (frag 0/48)
[download]   0.5% of ~ 214.72MiB at  377.40KiB/s ETA 06:25 (frag 0/48)
[download]   0.5% of ~ 220.89MiB at  377.40KiB/s ETA 06:25 (frag 0/48)
[download]   0.5% of ~ 217.87MiB at  377.40KiB/s ETA 06:25 (frag 0/48)
[download]   0.5% of ~ 222.39MiB at  377.40KiB/s ETA 06:25 (frag 0/48)
[download]   0.6% of ~ 218.47MiB at  529.37KiB/s ETA 06:12 (frag 0/48)
[download]   0.5% of ~ 226.59MiB at  529.37KiB/s ETA 06:12 (frag 0/48)
[download]   0.5% of ~ 226.64MiB at  529.37KiB/s ETA 06:12 (frag 0/48)
[download]   0.5% of ~ 226.73MiB at  529.37KiB/s ETA 06:12 (frag 0/48)
[download]   0.5% of ~ 226.92MiB at  529.37KiB/s ETA 06:12 (frag 0/48)
[download]   0.6% of ~ 214.96MiB at  529.37KiB/s ETA 06:12 (frag 0/48)
[download]   0.5% of ~ 237.08MiB at  529.37KiB/s ETA 06:12 (frag 0/48)
[download]   0.6% of ~ 225.35MiB at  529.37KiB/s ETA 06:12 (frag 0/48)
[download]   0.6% of ~ 226.07MiB at  529.37KiB/s ETA 06:12 (frag 0/48)
[download]   0.6% of ~ 232.54MiB at  529.37KiB/s ETA 06:12 (frag 0/48)
[download]   1.1% of ~ 215.43MiB at  529.37KiB/s ETA 06:12 (frag 0/48)
[download]   0.9% of ~ 277.10MiB at  873.52KiB/s ETA 05:51 (frag 0/48)
[download]   0.9% of ~ 284.29MiB at  873.52KiB/s ETA 05:51 (frag 0/48)
[download]   0.8% of ~ 294.08MiB at  873.52KiB/s ETA 05:51 (frag 0/48)
[download]   0.9% of ~ 274.96MiB at  873.52KiB/s ETA 05:51 (frag 0/48)
[download]   0.9% of ~ 289.09MiB at  873.52KiB/s ETA 05:51 (frag 0/48)
[download]   0.9% of ~ 288.32MiB at  873.52KiB/s ETA 05:51 (frag 0/48)
[download]   0.9% of ~ 289.67MiB at  873.52KiB/s ETA 05:51 (frag 0/48)
[download]   1.0% of ~ 286.96MiB at    1.14MiB/s ETA 05:32 (frag 0/48)
[download]   1.4% of ~ 287.43MiB at    1.14MiB/s ETA 05:32 (frag 0/48)
[download]   1.2% of ~ 341.28MiB at    1.14MiB/s ETA 05:32 (frag 1/48)
[download]   2.3% of ~ 177.47MiB at    1.14MiB/s ETA 05:32 (frag 1/48)
[download]   2.3% of ~ 181.97MiB at    1.14MiB/s ETA 05:32 (frag 1/48)
[download]   2.3% of ~ 185.57MiB at    1.14MiB/s ETA 05:32 (frag 1/48)
[download]   2.4% of ~ 184.59MiB at    1.14MiB/s ETA 05:32 (frag 1/48)
[download]   2.3% of ~ 194.22MiB at    1.14MiB/s ETA 05:32 (frag 1/48)
[download]   2.5% of ~ 188.26MiB at    1.14MiB/s ETA 05:32 (frag 1/48)
[download]   2.4% of ~ 194.57MiB at    1.62MiB/s ETA 05:06 (frag 1/48)
[download]   2.6% of ~ 191.41MiB at    1.62MiB/s ETA 05:06 (frag 1/48)
[download]   2.6% of ~ 200.26MiB at    1.62MiB/s ETA 05:06 (frag 1/48)
[download]   2.6% of ~ 207.47MiB at    1.62MiB/s ETA 05:06 (frag 1/48)
[download]   2.7% of ~ 214.97MiB at    1.62MiB/s ETA 05:06 (frag 1/48)
[download]   2.7% of ~ 219.09MiB at    1.62MiB/s ETA 05:06 (frag 1/48)
[download]   2.6% of ~ 231.72MiB at    1.62MiB/s ETA 05:06 (frag 1/48)
[download]   2.8% of ~ 230.57MiB at    2.16MiB/s ETA 04:41 (frag 1/48)
[download]   2.7% of ~ 240.72MiB at    2.16MiB/s ETA 04:41 (frag 1/48)
[download]   3.0% of ~ 239.26MiB at    2.62MiB/s ETA 04:20 (frag 1/48)
[download]   2.8% of ~ 251.14MiB at    2.62MiB/s ETA 04:20 (frag 1/48)
[download]   2.8% of ~ 251.17MiB at    2.62MiB/s ETA 04:20 (frag 1/48)
[download]   2.8% of ~ 251.21MiB at    2.62MiB/s ETA 04:20 (frag 1/48)
[download]   3.0% of ~ 252.64MiB at    2.62MiB/s ETA 04:20 (frag 1/48)
[download]   2.9% of ~ 263.31MiB at    2.62MiB/s ETA 04:20 (frag 1/48)
[download]   2.9% of ~ 263.49MiB at    2.62MiB/s ETA 04:20 (frag 1/48)
[download]   2.9% of ~ 263.87MiB at    2.62MiB/s ETA 04:20 (frag 1/48)
[download]   3.1% of ~ 267.45MiB at    2.62MiB/s ETA 04:20 (frag 1/48)
[download]   3.0% of ~ 276.62MiB at    2.62MiB/s ETA 04:20 (frag 1/48)
[download]   3.1% of ~ 279.06MiB at    2.62MiB/s ETA 04:20 (frag 1/48)
[download]   3.1% of ~ 293.55MiB at    2.62MiB/s ETA 04:20 (frag 1/48)
[download]   3.3% of ~ 299.38MiB at    3.31MiB/s ETA 03:59 (frag 1/48)
[download]   3.4% of ~ 311.38MiB at    3.82MiB/s ETA 03:41 (frag 1/48)
[download]   3.5% of ~ 339.06MiB at    3.82MiB/s ETA 03:41 (frag 1/48)
[download]   3.5% of ~ 362.24MiB at    3.82MiB/s ETA 03:41 (frag 1/48)
[download]   3.5% of ~ 387.45MiB at    3.82MiB/s ETA 03:41 (frag 1/48)
[download]   3.6% of ~ 412.95MiB at    3.82MiB/s ETA 03:41 (frag 1/48)
[download]   3.4% of ~ 434.12MiB at    3.82MiB/s ETA 03:41 (frag 1/48)
[download]   3.5% of ~ 444.69MiB at    3.82MiB/s ETA 03:41 (frag 1/48)
[download]   3.6% of ~ 456.69MiB at    4.77MiB/s ETA 03:26 (frag 1/48)
[download]   3.5% of ~ 473.12MiB at    5.41MiB/s ETA 03:12 (frag 1/48)
[download]   3.7% of ~ 482.55MiB at    5.86MiB/s ETA 02:59 (frag 1/48)
[download]   3.8% of ~ 504.45MiB at    5.86MiB/s ETA 02:59 (frag 1/48)
[download]   3.5% of ~ 538.21MiB at    5.86MiB/s ETA 02:59 (frag 2/48)
[download]   5.7% of ~ 362.97MiB at    5.86MiB/s ETA 02:59 (frag 2/48)
[download]   5.3% of ~ 389.64MiB at    5.86MiB/s ETA 02:59 (frag 3/48)
[download]   7.6% of ~ 288.91MiB at    6.63MiB/s ETA 02:44 (frag 3/48)
[download]   7.2% of ~ 305.60MiB at    6.63MiB/s ETA 02:44 (frag 4/48)
[download]   9.2% of ~ 244.10MiB at    6.63MiB/s ETA 02:44 (frag 4/48)
[download]   9.6% of ~ 250.03MiB at    6.63MiB/s ETA 02:44 (frag 4/48)
[download]   9.1% of ~ 264.13MiB at    6.63MiB/s ETA 02:44 (frag 5/48)
[download]  11.6% of ~ 220.31MiB at    7.46MiB/s ETA 02:30 (frag 5/48)
[download]  11.5% of ~ 231.12MiB at    7.46MiB/s ETA 02:30 (frag 5/48)
[download]  11.0% of ~ 240.27MiB at    7.46MiB/s ETA 02:30 (frag 6/48)
[download]  13.6% of ~ 204.18MiB at    7.46MiB/s ETA 02:30 (frag 6/48)
[download]  13.1% of ~ 212.66MiB at    7.46MiB/s ETA 02:30 (frag 7/48)
[download]  15.6% of ~ 186.79MiB at    7.46MiB/s ETA 02:30 (frag 7/48)
[download]  14.9% of ~ 194.93MiB at    7.46MiB/s ETA 02:30 (frag 8/48)
[download]  17.6% of ~ 173.25MiB at    7.46MiB/s ETA 02:30 (frag 8/48)
[download]  16.9% of ~ 180.45MiB at    8.51MiB/s ETA 02:16 (frag 9/48)
[download]  18.8% of ~ 162.25MiB at    9.10MiB/s ETA 02:04 (frag 9/48)
[download]  18.8% of ~ 162.26MiB at    9.10MiB/s ETA 02:04 (frag 9/48)
[download]  18.8% of ~ 162.27MiB at    9.10MiB/s ETA 02:04 (frag 9/48)
[download]  18.8% of ~ 162.29MiB at    9.10MiB/s ETA 02:04 (frag 9/48)
[download]  18.8% of ~ 162.32MiB at    9.10MiB/s ETA 02:04 (frag 9/48)
[download]  18.8% of ~ 162.40MiB at    9.10MiB/s ETA 02:04 (frag 9/48)
[download]  18.8% of ~ 162.55MiB at    9.10MiB/s ETA 02:04 (frag 9/48)
[download]  18.9% of ~ 162.85MiB at    9.10MiB/s ETA 02:04 (frag 9/48)
[download]  18.1% of ~ 170.02MiB at    9.10MiB/s ETA 02:04 (frag 9/48)
[download]  18.1% of ~ 170.02MiB at    9.10MiB/s ETA 02:04 (frag 9/48)
[download]  18.1% of ~ 170.03MiB at    9.10MiB/s ETA 02:04 (frag 9/48)
[download]  18.1% of ~ 170.05MiB at    9.10MiB/s ETA 02:04 (frag 9/48)
[download]  18.1% of ~ 170.09MiB at    9.10MiB/s ETA 02:04 (frag 9/48)
[download]  18.1% of ~ 170.16MiB at    9.10MiB/s ETA 02:04 (frag 9/48)
[download]  18.1% of ~ 170.31MiB at    9.10MiB/s ETA 02:04 (frag 9/48)
[download]  18.2% of ~ 170.61MiB at    9.10MiB/s ETA 02:04 (frag 9/48)
[download]  18.5% of ~ 167.36MiB at    9.10MiB/s ETA 02:04 (frag 9/48)
[download]  18.5% of ~ 167.37MiB at    9.10MiB/s ETA 02:04 (frag 9/48)
[download]  18.5% of ~ 167.38MiB at    9.10MiB/s ETA 02:04 (frag 9/48)
[download]  18.5% of ~ 167.40MiB at    9.10MiB/s ETA 02:04 (frag 9/48)
[download]  18.5% of ~ 167.43MiB at    9.10MiB/s ETA 02:04 (frag 9/48)
[download]  18.5% of ~ 167.51MiB at    9.10MiB/s ETA 02:04 (frag 9/48)
[download]  18.6% of ~ 167.66MiB at    9.51MiB/s ETA 01:53 (frag 9/48)
[download]  18.6% of ~ 167.96MiB at    9.51MiB/s ETA 01:53 (frag 9/48)
[download]  18.5% of ~ 168.73MiB at   10.17MiB/s ETA 01:43 (frag 9/48)
[download]  18.5% of ~ 168.73MiB at   10.17MiB/s ETA 01:43 (frag 9/48)
[download]  18.5% of ~ 168.74MiB at   10.17MiB/s ETA 01:43 (frag 9/48)
[download]  18.5% of ~ 168.76MiB at   10.17MiB/s ETA 01:43 (frag 9/48)
[download]  18.5% of ~ 168.80MiB at   10.17MiB/s ETA 01:43 (frag 9/48)
[download]  18.7% of ~ 167.59MiB at   10.55MiB/s ETA 01:33 (frag 9/48)
[download]  18.7% of ~ 167.60MiB at   10.55MiB/s ETA 01:33 (frag 9/48)
[download]  18.7% of ~ 167.61MiB at   10.55MiB/s ETA 01:33 (frag 9/48)
[download]  18.7% of ~ 167.62MiB at   10.55MiB/s ETA 01:33 (frag 9/48)
[download]  18.5% of ~ 168.94MiB at   10.55MiB/s ETA 01:33 (frag 9/48)
[download]  18.5% of ~ 169.60MiB at   10.55MiB/s ETA 01:33 (frag 9/48)
[download]  18.5% of ~ 169.60MiB at   10.55MiB/s ETA 01:33 (frag 9/48)
[download]  18.5% of ~ 169.61MiB at   10.55MiB/s ETA 01:33 (frag 9/48)
[download]  18.5% of ~ 169.63MiB at   10.55MiB/s ETA 01:33 (frag 9/48)
[download]  18.6% of ~ 168.57MiB at   10.55MiB/s ETA 01:33 (frag 9/48)
[download]  18.6% of ~ 168.58MiB at   10.55MiB/s ETA 01:33 (frag 9/48)
[download]  18.5% of ~ 169.68MiB at   10.55MiB/s ETA 01:33 (frag 9/48)
[download]  18.6% of ~ 168.66MiB at   10.55MiB/s ETA 01:33 (frag 9/48)
[download]  18.5% of ~ 169.78MiB at   10.55MiB/s ETA 01:33 (frag 9/48)
[download]  18.6% of ~ 168.83MiB at   10.55MiB/s ETA 01:33 (frag 9/48)
[download]  18.5% of ~ 169.96MiB at   10.55MiB/s ETA 01:33 (frag 9/48)
[download]  18.5% of ~ 170.26MiB at   10.55MiB/s ETA 01:33 (frag 9/48)
[download]  19.0% of ~ 166.20MiB at   10.55MiB/s ETA 01:33 (frag 9/48)
[download]  18.6% of ~ 169.77MiB at   10.77MiB/s ETA 01:25 (frag 9/48)
[download]  19.0% of ~ 166.28MiB at   10.77MiB/s ETA 01:25 (frag 9/48)
[download]  19.0% of ~ 166.29MiB at   10.77MiB/s ETA 01:25 (frag 9/48)
[download]  18.6% of ~ 169.88MiB at   10.77MiB/s ETA 01:25 (frag 9/48)
[download]  19.0% of ~ 166.46MiB at   10.77MiB/s ETA 01:25 (frag 9/48)
[download]  18.6% of ~ 170.06MiB at   10.77MiB/s ETA 01:25 (frag 9/48)
[download]  19.0% of ~ 166.80MiB at   10.77MiB/s ETA 01:25 (frag 9/48)
[download]  19.0% of ~ 166.87MiB at   10.77MiB/s ETA 01:25 (frag 9/48)
[download]  18.7% of ~ 170.59MiB at   10.77MiB/s ETA 01:25 (frag 9/48)
[download]  19.0% of ~ 167.62MiB at   10.77MiB/s ETA 01:25 (frag 9/48)
[download]  18.3% of ~ 175.76MiB at   10.92MiB/s ETA 01:18 (frag 9/48)
[download]  19.1% of ~ 169.12MiB at   10.92MiB/s ETA 01:18 (frag 9/48)
[download]  18.6% of ~ 173.88MiB at   10.92MiB/s ETA 01:18 (frag 9/48)
[download]  18.7% of ~ 174.18MiB at   10.98MiB/s ETA 01:11 (frag 9/48)
[download]  18.7% of ~ 175.28MiB at   10.98MiB/s ETA 01:11 (frag 9/48)
[download]  18.8% of ~ 174.70MiB at   10.98MiB/s ETA 01:11 (frag 9/48)
[download]  18.8% of ~ 174.77MiB at   10.98MiB/s ETA 01:05 (frag 9/48)
[download]  19.1% of ~ 173.31MiB at   10.98MiB/s ETA 01:05 (frag 9/48)
[download]  18.8% of ~ 177.40MiB at   10.98MiB/s ETA 01:05 (frag 9/48)
[download]  19.2% of ~ 175.71MiB at   10.98MiB/s ETA 01:05 (frag 9/48)
[download]  19.2% of ~ 176.85MiB at   10.98MiB/s ETA 01:05 (frag 9/48)
[download]  18.6% of ~ 185.88MiB at   10.98MiB/s ETA 01:05 (frag 9/48)
[download]  18.9% of ~ 183.32MiB at   11.31MiB/s ETA 01:00 (frag 9/48)
[download]  18.9% of ~ 183.62MiB at   11.31MiB/s ETA 01:00 (frag 9/48)
[download]  18.9% of ~ 185.34MiB at   11.31MiB/s ETA 01:00 (frag 9/48)
[download]  18.9% of ~ 186.11MiB at   11.31MiB/s ETA 01:00 (frag 9/48)
[download]  19.0% of ~ 187.90MiB at   11.58MiB/s ETA 00:55 (frag 9/48)
[download]  19.0% of ~ 190.81MiB at   11.58MiB/s ETA 00:55 (frag 9/48)
[download]  19.5% of ~ 188.55MiB at   11.58MiB/s ETA 00:55 (frag 9/48)
[download]  19.1% of ~ 194.51MiB at   11.58MiB/s ETA 00:55 (frag 9/48)
[download]  19.1% of ~ 197.34MiB at   11.90MiB/s ETA 00:51 (frag 9/48)
[download]  19.7% of ~ 196.82MiB at   11.90MiB/s ETA 00:51 (frag 9/48)
[download]  19.8% of ~ 200.35MiB at   12.47MiB/s ETA 00:47 (frag 9/48)
[download]  19.4% of ~ 209.30MiB at   12.47MiB/s ETA 00:47 (frag 9/48)
[download]  19.2% of ~ 212.82MiB at   12.88MiB/s ETA 00:43 (frag 9/48)
[download]  19.4% of ~ 214.02MiB at   12.88MiB/s ETA 00:43 (frag 9/48)
[download]  19.2% of ~ 221.38MiB at   12.88MiB/s ETA 00:43 (frag 9/48)
[download]  19.9% of ~ 219.62MiB at   12.88MiB/s ETA 00:43 (frag 9/48)
[download]  19.4% of ~ 225.95MiB at   12.88MiB/s ETA 00:43 (frag 10/48)
[download]  21.6% of ~ 206.87MiB at   13.76MiB/s ETA 00:40 (frag 10/48)
[download]  21.6% of ~ 211.86MiB at   13.76MiB/s ETA 00:40 (frag 10/48)
[download]  21.5% of ~ 216.61MiB at   14.48MiB/s ETA 00:37 (frag 10/48)
[download]  21.5% of ~ 221.22MiB at   14.85MiB/s ETA 00:34 (frag 10/48)
[download]  22.0% of ~ 225.13MiB at   15.38MiB/s ETA 00:32 (frag 10/48)
[download]  21.2% of ~ 233.51MiB at   15.38MiB/s ETA 00:32 (frag 11/48)
[download]  23.4% of ~ 212.22MiB at   15.75MiB/s ETA 00:30 (frag 11/48)
[download]  23.4% of ~ 212.22MiB at   15.75MiB/s ETA 00:30 (frag 11/48)
[download]  23.4% of ~ 212.23MiB at   15.75MiB/s ETA 00:30 (frag 11/48)
[download]  23.4% of ~ 212.24MiB at   15.75MiB/s ETA 00:30 (frag 11/48)
[download]  23.4% of ~ 212.27MiB at   15.75MiB/s ETA 00:30 (frag 11/48)
[download]  23.4% of ~ 212.34MiB at   15.75MiB/s ETA 00:30 (frag 11/48)
[download]  23.4% of ~ 212.46MiB at   15.75MiB/s ETA 00:30 (frag 11/48)
[download]  24.1% of ~ 214.05MiB at   15.75MiB/s ETA 00:30 (frag 11/48)
[download]  24.1% of ~ 218.28MiB at   15.75MiB/s ETA 00:30 (frag 11/48)
[download]  23.3% of ~ 225.47MiB at   15.75MiB/s ETA 00:30 (frag 12/48)
[download]  25.6% of ~ 205.38MiB at   15.75MiB/s ETA 00:30 (frag 13/48)
[download]  27.4% of ~ 192.11MiB at   15.75MiB/s ETA 00:30 (frag 13/48)
[download]  28.1% of ~ 193.99MiB at   16.50MiB/s ETA 00:27 (frag 13/48)
[download]  28.2% of ~ 199.48MiB at   16.50MiB/s ETA 00:27 (frag 13/48)
[download]  27.9% of ~ 208.70MiB at   16.50MiB/s ETA 00:27 (frag 13/48)
[download]  27.4% of ~ 212.81MiB at   16.50MiB/s ETA 00:27 (frag 13/48)
[download]  27.4% of ~ 212.61MiB at   16.50MiB/s ETA 00:27 (frag 14/48)
[download]  29.3% of ~ 199.18MiB at   16.50MiB/s ETA 00:27 (frag 15/48)
[download]  31.2% of ~ 189.14MiB at   17.27MiB/s ETA 00:25 (frag 15/48)
[download]  30.9% of ~ 191.20MiB at   17.27MiB/s ETA 00:25 (frag 16/48)
[download]  33.6% of ~ 176.49MiB at   17.27MiB/s ETA 00:25 (frag 16/48)
[download]  34.2% of ~ 178.79MiB at   17.27MiB/s ETA 00:25 (frag 16/48)
[download]  33.8% of ~ 182.43MiB at   17.27MiB/s ETA 00:25 (frag 16/48)
[download]  33.3% of ~ 185.43MiB at   17.27MiB/s ETA 00:25 (frag 16/48)
[download]  33.3% of ~ 185.92MiB at   17.27MiB/s ETA 00:25 (frag 17/48)
[download]  35.9% of ~ 172.45MiB at   18.14MiB/s ETA 00:23 (frag 17/48)
[download]  35.9% of ~ 172.45MiB at   18.14MiB/s ETA 00:23 (frag 17/48)
[download]  35.9% of ~ 172.45MiB at   18.14MiB/s ETA 00:23 (frag 17/48)
[download]  35.9% of ~ 172.46MiB at   18.14MiB/s ETA 00:23 (frag 17/48)
[download]  35.9% of ~ 172.48MiB at   18.14MiB/s ETA 00:23 (frag 17/48)
[download]  35.9% of ~ 172.53MiB at   18.14MiB/s ETA 00:23 (frag 17/48)
[download]  35.9% of ~ 172.61MiB at   18.14MiB/s ETA 00:23 (frag 17/48)
[download]  35.9% of ~ 172.78MiB at   18.14MiB/s ETA 00:23 (frag 17/48)
[download]  35.8% of ~ 173.47MiB at   18.65MiB/s ETA 00:22 (frag 17/48)
[download]  35.8% of ~ 173.48MiB at   18.65MiB/s ETA 00:22 (frag 17/48)
[download]  35.8% of ~ 173.48MiB at   18.65MiB/s ETA 00:22 (frag 17/48)
[download]  35.7% of ~ 173.78MiB at   18.65MiB/s ETA 00:22 (frag 17/48)
[download]  35.8% of ~ 173.49MiB at   18.65MiB/s ETA 00:22 (frag 17/48)
[download]  35.7% of ~ 173.81MiB at   18.65MiB/s ETA 00:22 (frag 17/48)
[download]  35.8% of ~ 173.52MiB at   18.65MiB/s ETA 00:22 (frag 17/48)
[download]  35.7% of ~ 173.85MiB at   18.65MiB/s ETA 00:22 (frag 17/48)
[download]  35.8% of ~ 173.57MiB at   18.65MiB/s ETA 00:22 (frag 17/48)
[download]  35.7% of ~ 173.95MiB at   18.65MiB/s ETA 00:22 (frag 17/48)
[download]  35.7% of ~ 173.97MiB at   18.65MiB/s ETA 00:22 (frag 17/48)
[download]  35.8% of ~ 173.72MiB at   18.65MiB/s ETA 00:22 (frag 17/48)
[download]  35.7% of ~ 174.18MiB at   18.65MiB/s ETA 00:22 (frag 17/48)
[download]  35.8% of ~ 174.26MiB at   18.65MiB/s ETA 00:22 (frag 17/48)
[download]  35.8% of ~ 174.43MiB at   18.65MiB/s ETA 00:22 (frag 17/48)
[download]  35.7% of ~ 174.73MiB at   18.98MiB/s ETA 00:20 (frag 17/48)
[download]  35.7% of ~ 174.73MiB at   18.98MiB/s ETA 00:20 (frag 17/48)
[download]  35.7% of ~ 174.74MiB at   18.98MiB/s ETA 00:20 (frag 17/48)
[download]  35.7% of ~ 174.75MiB at   18.98MiB/s ETA 00:20 (frag 17/48)
[download]  35.7% of ~ 174.77MiB at   18.98MiB/s ETA 00:20 (frag 17/48)
[download]  35.9% of ~ 173.96MiB at   18.98MiB/s ETA 00:20 (frag 17/48)
[download]  35.9% of ~ 173.96MiB at   18.98MiB/s ETA 00:20 (frag 17/48)
[download]  35.9% of ~ 173.97MiB at   18.98MiB/s ETA 00:20 (frag 17/48)
[download]  35.8% of ~ 174.83MiB at   18.98MiB/s ETA 00:20 (frag 17/48)
[download]  35.9% of ~ 174.06MiB at   18.98MiB/s ETA 00:20 (frag 17/48)
[download]  35.9% of ~ 174.08MiB at   18.98MiB/s ETA 00:20 (frag 17/48)
[download]  35.9% of ~ 174.12MiB at   18.98MiB/s ETA 00:20 (frag 17/48)
[download]  36.1% of ~ 176.08MiB at   18.98MiB/s ETA 00:20 (frag 17/48)
[download]  35.8% of ~ 177.72MiB at   18.98MiB/s ETA 00:20 (frag 17/48)
[download]  36.0% of ~ 177.04MiB at   18.98MiB/s ETA 00:20 (frag 17/48)
[download]  36.0% of ~ 177.21MiB at   18.98MiB/s ETA 00:20 (frag 17/48)
[download]  35.8% of ~ 178.39MiB at   18.98MiB/s ETA 00:20 (frag 17/48)
[download]  36.0% of ~ 178.10MiB at   18.98MiB/s ETA 00:20 (frag 17/48)
[download]  35.9% of ~ 179.13MiB at   19.28MiB/s ETA 00:18 (frag 17/48)
[download]  35.9% of ~ 179.75MiB at   19.28MiB/s ETA 00:18 (frag 17/48)
[download]  36.0% of ~ 180.13MiB at   19.28MiB/s ETA 00:18 (frag 17/48)
[download]  35.9% of ~ 180.34MiB at   19.53MiB/s ETA 00:17 (frag 17/48)
[download]  35.9% of ~ 180.35MiB at   19.53MiB/s ETA 00:17 (frag 17/48)
[download]  35.9% of ~ 180.35MiB at   19.53MiB/s ETA 00:17 (frag 17/48)
[download]  35.9% of ~ 180.36MiB at   19.53MiB/s ETA 00:17 (frag 17/48)
[download]  36.0% of ~ 180.38MiB at   19.53MiB/s ETA 00:17 (frag 17/48)
[download]  36.0% of ~ 180.42MiB at   19.53MiB/s ETA 00:17 (frag 17/48)
[download]  36.0% of ~ 180.51MiB at   19.53MiB/s ETA 00:17 (frag 17/48)
[download]  36.1% of ~ 181.42MiB at   19.59MiB/s ETA 00:16 (frag 17/48)
[download]  36.0% of ~ 182.72MiB at   19.59MiB/s ETA 00:16 (frag 17/48)
[download]  36.0% of ~ 182.60MiB at   19.34MiB/s ETA 00:15 (frag 17/48)
[download]  36.0% of ~ 182.60MiB at   19.34MiB/s ETA 00:15 (frag 17/48)
[download]  36.0% of ~ 182.61MiB at   19.34MiB/s ETA 00:15 (frag 17/48)
[download]  36.0% of ~ 182.62MiB at   19.34MiB/s ETA 00:15 (frag 17/48)
[download]  36.0% of ~ 182.64MiB at   19.34MiB/s ETA 00:15 (frag 17/48)
[download]  36.1% of ~ 182.62MiB at   19.34MiB/s ETA 00:15 (frag 17/48)
[download]  36.0% of ~ 183.35MiB at   19.34MiB/s ETA 00:15 (frag 17/48)
[download]  36.0% of ~ 183.43MiB at   19.34MiB/s ETA 00:15 (frag 17/48)
[download]  36.0% of ~ 183.67MiB at   19.34MiB/s ETA 00:15 (frag 17/48)
[download]  36.2% of ~ 184.09MiB at   19.34MiB/s ETA 00:15 (frag 17/48)
[download]  36.2% of ~ 185.79MiB at   19.34MiB/s ETA 00:15 (frag 17/48)
[download]  36.1% of ~ 186.60MiB at   19.34MiB/s ETA 00:15 (frag 17/48)
[download]  36.4% of ~ 188.74MiB at   19.53MiB/s ETA 00:14 (frag 17/48)
[download]  35.7% of ~ 192.64MiB at   19.53MiB/s ETA 00:14 (frag 18/48)
[download]  38.2% of ~ 181.53MiB at   19.53MiB/s ETA 00:14 (frag 18/48)
[download]  38.3% of ~ 181.99MiB at   19.53MiB/s ETA 00:14 (frag 18/48)
[download]  38.5% of ~ 183.81MiB at   19.67MiB/s ETA 00:13 (frag 18/48)
[download]  38.5% of ~ 186.62MiB at   19.67MiB/s ETA 00:13 (frag 18/48)
[download]  38.2% of ~ 188.44MiB at   19.61MiB/s ETA 00:12 (frag 18/48)
[download]  38.5% of ~ 189.74MiB at   19.49MiB/s ETA 00:12 (frag 18/48)
[download]  38.4% of ~ 191.59MiB at   19.49MiB/s ETA 00:12 (frag 18/48)
[download]  38.3% of ~ 192.79MiB at   19.49MiB/s ETA 00:12 (frag 18/48)
[download]  38.6% of ~ 193.92MiB at   19.49MiB/s ETA 00:12 (frag 18/48)
[download]  38.1% of ~ 196.40MiB at   19.49MiB/s ETA 00:12 (frag 19/48)
[download]  40.7% of ~ 186.25MiB at   19.49MiB/s ETA 00:12 (frag 19/48)
[download]  40.7% of ~ 188.45MiB at   19.49MiB/s ETA 00:12 (frag 19/48)
[download]  40.6% of ~ 191.64MiB at   19.86MiB/s ETA 00:11 (frag 19/48)
[download]  40.1% of ~ 194.26MiB at   19.86MiB/s ETA 00:11 (frag 20/48)
[download]  42.2% of ~ 184.45MiB at   19.86MiB/s ETA 00:11 (frag 20/48)
[download]  42.2% of ~ 184.46MiB at   19.86MiB/s ETA 00:11 (frag 20/48)
[download]  42.2% of ~ 184.46MiB at   19.86MiB/s ETA 00:11 (frag 20/48)
[download]  42.2% of ~ 184.47MiB at   19.86MiB/s ETA 00:11 (frag 20/48)
[download]  42.2% of ~ 184.49MiB at   19.86MiB/s ETA 00:11 (frag 20/48)
[download]  42.2% of ~ 184.52MiB at   19.86MiB/s ETA 00:11 (frag 20/48)
[download]  42.2% of ~ 184.59MiB at   19.86MiB/s ETA 00:11 (frag 20/48)
[download]  42.5% of ~ 184.59MiB at   20.22MiB/s ETA 00:10 (frag 20/48)
[download]  42.7% of ~ 186.41MiB at   20.22MiB/s ETA 00:10 (frag 20/48)
[download]  42.1% of ~ 188.88MiB at   20.22MiB/s ETA 00:10 (frag 21/48)
[download]  44.7% of ~ 179.78MiB at   20.22MiB/s ETA 00:10 (frag 21/48)
[download]  44.3% of ~ 181.63MiB at   20.22MiB/s ETA 00:10 (frag 22/48)
[download]  46.8% of ~ 173.55MiB at   20.22MiB/s ETA 00:10 (frag 22/48)
[download]  46.9% of ~ 175.25MiB at   20.22MiB/s ETA 00:10 (frag 22/48)
[download]  46.4% of ~ 177.23MiB at   20.22MiB/s ETA 00:10 (frag 23/48)
[download]  49.0% of ~ 169.89MiB at   20.74MiB/s ETA 00:10 (frag 23/48)
[download]  48.4% of ~ 172.02MiB at   20.74MiB/s ETA 00:10 (frag 23/48)
[download]  48.5% of ~ 172.27MiB at   20.70MiB/s ETA 00:09 (frag 23/48)
[download]  48.2% of ~ 173.30MiB at   20.70MiB/s ETA 00:09 (frag 23/48)
[download]  48.2% of ~ 173.30MiB at   20.70MiB/s ETA 00:09 (frag 23/48)
[download]  48.2% of ~ 173.31MiB at   20.70MiB/s ETA 00:09 (frag 23/48)
[download]  48.2% of ~ 173.32MiB at   20.70MiB/s ETA 00:09 (frag 23/48)
[download]  48.2% of ~ 173.33MiB at   20.70MiB/s ETA 00:09 (frag 23/48)
[download]  48.2% of ~ 173.36MiB at   20.70MiB/s ETA 00:09 (frag 23/48)
[download]  48.2% of ~ 173.42MiB at   20.70MiB/s ETA 00:09 (frag 23/48)
[download]  48.3% of ~ 173.55MiB at   20.70MiB/s ETA 00:09 (frag 23/48)
[download]  48.6% of ~ 173.26MiB at   20.46MiB/s ETA 00:09 (frag 23/48)
[download]  48.9% of ~ 174.14MiB at   20.46MiB/s ETA 00:09 (frag 23/48)
[download]  48.4% of ~ 175.71MiB at   20.46MiB/s ETA 00:09 (frag 24/48)
[download]  50.2% of ~ 169.32MiB at   20.46MiB/s ETA 00:09 (frag 24/48)
[download]  50.2% of ~ 169.32MiB at   20.46MiB/s ETA 00:09 (frag 24/48)
[download]  50.2% of ~ 169.32MiB at   20.46MiB/s ETA 00:09 (frag 24/48)
[download]  50.2% of ~ 169.33MiB at   20.46MiB/s ETA 00:09 (frag 24/48)
[download]  50.3% of ~ 169.35MiB at   20.46MiB/s ETA 00:09 (frag 24/48)
[download]  50.9% of ~ 168.79MiB at   20.46MiB/s ETA 00:09 (frag 24/48)
[download]  50.4% of ~ 170.35MiB at   20.46MiB/s ETA 00:09 (frag 25/48)
[download]  52.3% of ~ 164.36MiB at   19.89MiB/s ETA 00:08 (frag 25/48)
[download]  52.3% of ~ 164.42MiB at   19.89MiB/s ETA 00:08 (frag 25/48)
[download]  51.5% of ~ 167.10MiB at   19.89MiB/s ETA 00:08 (frag 25/48)
[download]  51.5% of ~ 167.10MiB at   19.89MiB/s ETA 00:08 (frag 25/48)
[download]  52.3% of ~ 164.54MiB at   19.89MiB/s ETA 00:08 (frag 25/48)
[download]  51.5% of ~ 167.33MiB at   19.89MiB/s ETA 00:08 (frag 25/48)
[download]  51.5% of ~ 167.34MiB at   19.89MiB/s ETA 00:08 (frag 25/48)
[download]  51.5% of ~ 167.35MiB at   19.89MiB/s ETA 00:08 (frag 25/48)
[download]  51.5% of ~ 167.38MiB at   19.89MiB/s ETA 00:08 (frag 25/48)
[download]  51.5% of ~ 167.44MiB at   19.89MiB/s ETA 00:08 (frag 25/48)
[download]  51.7% of ~ 166.79MiB at   19.89MiB/s ETA 00:08 (frag 25/48)
[download]  52.4% of ~ 164.99MiB at   19.89MiB/s ETA 00:08 (frag 25/48)
[download]  51.7% of ~ 167.25MiB at   19.89MiB/s ETA 00:08 (frag 25/48)
[download]  51.7% of ~ 167.26MiB at   19.89MiB/s ETA 00:08 (frag 25/48)
[download]  51.7% of ~ 167.27MiB at   19.89MiB/s ETA 00:08 (frag 25/48)
[download]  51.7% of ~ 167.28MiB at   19.89MiB/s ETA 00:08 (frag 25/48)
[download]  51.7% of ~ 167.31MiB at   19.89MiB/s ETA 00:08 (frag 25/48)
[download]  52.1% of ~ 166.20MiB at   19.89MiB/s ETA 00:08 (frag 25/48)
[download]  51.6% of ~ 168.13MiB at   19.89MiB/s ETA 00:08 (frag 25/48)
[download]  52.1% of ~ 166.43MiB at   19.89MiB/s ETA 00:08 (frag 25/48)
[download]  52.1% of ~ 166.43MiB at   19.89MiB/s ETA 00:08 (frag 25/48)
[download]  52.1% of ~ 166.44MiB at   19.89MiB/s ETA 00:08 (frag 25/48)
[download]  53.0% of ~ 165.33MiB at   19.68MiB/s ETA 00:08 (frag 25/48)
[download]  52.1% of ~ 168.30MiB at   19.68MiB/s ETA 00:08 (frag 25/48)
[download]  52.1% of ~ 168.33MiB at   19.68MiB/s ETA 00:08 (frag 25/48)
[download]  51.8% of ~ 169.56MiB at   19.68MiB/s ETA 00:08 (frag 25/48)
[download]  52.2% of ~ 168.50MiB at   19.68MiB/s ETA 00:08 (frag 25/48)
[download]  51.8% of ~ 169.79MiB at   19.68MiB/s ETA 00:08 (frag 25/48)
[download]  52.2% of ~ 168.85MiB at   19.68MiB/s ETA 00:08 (frag 25/48)
[download]  52.5% of ~ 168.45MiB at   19.68MiB/s ETA 00:08 (frag 25/48)
[download]  51.7% of ~ 171.48MiB at   19.68MiB/s ETA 00:08 (frag 25/48)
[download]  52.3% of ~ 170.00MiB at   19.55MiB/s ETA 00:07 (frag 25/48)
[download]  51.9% of ~ 171.63MiB at   19.55MiB/s ETA 00:07 (frag 25/48)
[download]  52.6% of ~ 170.30MiB at   19.55MiB/s ETA 00:07 (frag 25/48)
[download]  52.2% of ~ 171.79MiB at   19.55MiB/s ETA 00:07 (frag 25/48)
[download]  52.2% of ~ 171.80MiB at   19.55MiB/s ETA 00:07 (frag 25/48)
[download]  52.2% of ~ 171.80MiB at   19.55MiB/s ETA 00:07 (frag 25/48)
[download]  52.2% of ~ 171.81MiB at   19.55MiB/s ETA 00:07 (frag 25/48)
[download]  52.2% of ~ 171.82MiB at   19.55MiB/s ETA 00:07 (frag 25/48)
[download]  52.2% of ~ 171.85MiB at   19.55MiB/s ETA 00:07 (frag 25/48)
[download]  52.2% of ~ 171.91MiB at   19.55MiB/s ETA 00:07 (frag 25/48)
[download]  52.2% of ~ 172.02MiB at   19.55MiB/s ETA 00:07 (frag 25/48)
[download]  52.3% of ~ 171.89MiB at   19.58MiB/s ETA 00:07 (frag 25/48)
[download]  52.3% of ~ 171.89MiB at   19.58MiB/s ETA 00:07 (frag 25/48)
[download]  52.3% of ~ 171.89MiB at   19.58MiB/s ETA 00:07 (frag 25/48)
[download]  52.3% of ~ 171.90MiB at   19.58MiB/s ETA 00:07 (frag 25/48)
[download]  52.3% of ~ 171.91MiB at   19.58MiB/s ETA 00:07 (frag 25/48)
[download]  52.5% of ~ 172.36MiB at   19.58MiB/s ETA 00:07 (frag 25/48)
[download]  52.3% of ~ 172.86MiB at   19.58MiB/s ETA 00:07 (frag 25/48)
[download]  52.7% of ~ 172.71MiB at   19.58MiB/s ETA 00:07 (frag 25/48)
[download]  52.3% of ~ 173.85MiB at   19.58MiB/s ETA 00:07 (frag 25/48)
[download]  52.4% of ~ 173.96MiB at   19.58MiB/s ETA 00:07 (frag 25/48)
[download]  51.9% of ~ 176.55MiB at   19.68MiB/s ETA 00:07 (frag 25/48)
[download]  52.1% of ~ 176.71MiB at   19.68MiB/s ETA 00:07 (frag 25/48)
[download]  52.4% of ~ 176.41MiB at   19.68MiB/s ETA 00:07 (frag 25/48)
[download]  52.5% of ~ 176.50MiB at   19.79MiB/s ETA 00:06 (frag 25/48)
[download]  53.0% of ~ 176.26MiB at   19.79MiB/s ETA 00:06 (frag 25/48)
[download]  52.6% of ~ 177.82MiB at   19.79MiB/s ETA 00:06 (frag 26/48)
[download]  54.8% of ~ 172.32MiB at   19.79MiB/s ETA 00:06 (frag 26/48)
[download]  55.0% of ~ 173.49MiB at   20.04MiB/s ETA 00:06 (frag 26/48)
[download]  54.6% of ~ 175.82MiB at   20.04MiB/s ETA 00:06 (frag 26/48)
[download]  54.7% of ~ 176.36MiB at   20.04MiB/s ETA 00:06 (frag 26/48)
[download]  54.3% of ~ 179.52MiB at   20.04MiB/s ETA 00:06 (frag 26/48)
[download]  55.1% of ~ 178.83MiB at   20.04MiB/s ETA 00:06 (frag 26/48)
[download]  54.6% of ~ 182.34MiB at   20.50MiB/s ETA 00:06 (frag 26/48)
[download]  54.9% of ~ 182.93MiB at   20.50MiB/s ETA 00:06 (frag 26/48)
[download]  55.2% of ~ 184.16MiB at   20.50MiB/s ETA 00:06 (frag 26/48)
[download]  54.6% of ~ 186.14MiB at   20.50MiB/s ETA 00:06 (frag 27/48)
[download]  57.2% of ~ 180.08MiB at   21.10MiB/s ETA 00:05 (frag 27/48)
[download]  56.4% of ~ 182.58MiB at   21.10MiB/s ETA 00:05 (frag 28/48)
[download]  59.1% of ~ 175.90MiB at   21.10MiB/s ETA 00:05 (frag 28/48)
[download]  59.3% of ~ 177.37MiB at   21.52MiB/s ETA 00:05 (frag 28/48)
[download]  58.7% of ~ 179.22MiB at   21.52MiB/s ETA 00:05 (frag 29/48)
[download]  60.3% of ~ 174.39MiB at   21.52MiB/s ETA 00:05 (frag 29/48)
[download]  60.3% of ~ 174.39MiB at   21.52MiB/s ETA 00:05 (frag 29/48)
[download]  60.3% of ~ 174.40MiB at   21.52MiB/s ETA 00:05 (frag 29/48)
[download]  60.3% of ~ 174.40MiB at   21.52MiB/s ETA 00:05 (frag 29/48)
[download]  60.3% of ~ 174.41MiB at   21.52MiB/s ETA 00:05 (frag 29/48)
[download]  60.3% of ~ 174.44MiB at   21.52MiB/s ETA 00:05 (frag 29/48)
[download]  60.3% of ~ 174.49MiB at   21.52MiB/s ETA 00:05 (frag 29/48)
[download]  60.4% of ~ 174.59MiB at   21.52MiB/s ETA 00:05 (frag 29/48)
[download]  61.4% of ~ 174.15MiB at   21.79MiB/s ETA 00:05 (frag 29/48)
[download]  60.6% of ~ 176.43MiB at   21.79MiB/s ETA 00:05 (frag 30/48)
[download]  63.1% of ~ 172.41MiB at   21.79MiB/s ETA 00:05 (frag 30/48)
[download]  63.4% of ~ 174.86MiB at   22.25MiB/s ETA 00:05 (frag 30/48)
[download]  62.6% of ~ 177.56MiB at   22.25MiB/s ETA 00:05 (frag 30/48)
[download]  62.3% of ~ 178.99MiB at   22.25MiB/s ETA 00:05 (frag 30/48)
[download]  62.4% of ~ 179.13MiB at   22.25MiB/s ETA 00:05 (frag 30/48)
[download]  62.1% of ~ 179.91MiB at   22.25MiB/s ETA 00:05 (frag 31/48)
[download]  64.3% of ~ 173.67MiB at   22.25MiB/s ETA 00:05 (frag 32/48)
[download]  66.3% of ~ 168.38MiB at   22.25MiB/s ETA 00:05 (frag 32/48)
[download]  66.3% of ~ 168.38MiB at   22.25MiB/s ETA 00:05 (frag 32/48)
[download]  66.3% of ~ 168.38MiB at   22.25MiB/s ETA 00:05 (frag 32/48)
[download]  66.3% of ~ 168.39MiB at   22.25MiB/s ETA 00:05 (frag 32/48)
[download]  66.3% of ~ 168.40MiB at   22.25MiB/s ETA 00:05 (frag 32/48)
[download]  66.4% of ~ 168.42MiB at   22.25MiB/s ETA 00:05 (frag 32/48)
[download]  66.4% of ~ 168.47MiB at   22.25MiB/s ETA 00:05 (frag 32/48)
[download]  67.6% of ~ 167.33MiB at   22.25MiB/s ETA 00:05 (frag 32/48)
[download]  66.8% of ~ 169.12MiB at   22.44MiB/s ETA 00:04 (frag 33/48)
[download]  68.4% of ~ 165.33MiB at   22.44MiB/s ETA 00:04 (frag 33/48)
[download]  68.7% of ~ 164.73MiB at   22.44MiB/s ETA 00:04 (frag 33/48)
[download]  68.7% of ~ 164.73MiB at   22.44MiB/s ETA 00:04 (frag 33/48)
[download]  68.7% of ~ 164.73MiB at   22.44MiB/s ETA 00:04 (frag 33/48)
[download]  68.7% of ~ 164.74MiB at   22.44MiB/s ETA 00:04 (frag 33/48)
[download]  68.7% of ~ 164.75MiB at   22.44MiB/s ETA 00:04 (frag 33/48)
[download]  68.7% of ~ 164.77MiB at   22.44MiB/s ETA 00:04 (frag 33/48)
[download]  68.7% of ~ 164.82MiB at   22.44MiB/s ETA 00:04 (frag 33/48)
[download]  68.8% of ~ 164.90MiB at   22.44MiB/s ETA 00:04 (frag 33/48)
[download]  68.8% of ~ 165.52MiB at   22.62MiB/s ETA 00:04 (frag 33/48)
[download]  68.9% of ~ 165.30MiB at   22.30MiB/s ETA 00:04 (frag 33/48)
[download]  68.9% of ~ 165.30MiB at   22.30MiB/s ETA 00:04 (frag 33/48)
[download]  68.9% of ~ 165.30MiB at   22.30MiB/s ETA 00:04 (frag 33/48)
[download]  68.9% of ~ 165.31MiB at   22.30MiB/s ETA 00:04 (frag 33/48)
[download]  69.0% of ~ 165.03MiB at   22.30MiB/s ETA 00:04 (frag 33/48)
[download]  69.0% of ~ 165.03MiB at   22.30MiB/s ETA 00:04 (frag 33/48)
[download]  69.0% of ~ 165.03MiB at   22.30MiB/s ETA 00:04 (frag 33/48)
[download]  69.0% of ~ 165.04MiB at   22.30MiB/s ETA 00:04 (frag 33/48)
[download]  69.0% of ~ 165.05MiB at   22.30MiB/s ETA 00:04 (frag 33/48)
[download]  68.9% of ~ 165.52MiB at   22.30MiB/s ETA 00:04 (frag 33/48)
[download]  68.9% of ~ 165.52MiB at   22.30MiB/s ETA 00:04 (frag 33/48)
[download]  68.9% of ~ 165.52MiB at   22.30MiB/s ETA 00:04 (frag 33/48)
[download]  68.9% of ~ 165.53MiB at   22.30MiB/s ETA 00:04 (frag 33/48)
[download]  68.9% of ~ 165.54MiB at   21.59MiB/s ETA 00:04 (frag 33/48)
[download]  68.9% of ~ 165.89MiB at   21.59MiB/s ETA 00:04 (frag 33/48)
[download]  68.9% of ~ 165.76MiB at   21.59MiB/s ETA 00:04 (frag 33/48)
[download]  68.9% of ~ 165.78MiB at   21.59MiB/s ETA 00:04 (frag 33/48)
[download]  69.0% of ~ 165.82MiB at   21.59MiB/s ETA 00:04 (frag 33/48)
[download]  68.8% of ~ 166.22MiB at   21.59MiB/s ETA 00:04 (frag 33/48)
[download]  68.8% of ~ 166.22MiB at   21.59MiB/s ETA 00:04 (frag 33/48)
[download]  68.8% of ~ 166.22MiB at   21.59MiB/s ETA 00:04 (frag 33/48)
[download]  68.8% of ~ 166.23MiB at   21.59MiB/s ETA 00:04 (frag 33/48)
[download]  68.9% of ~ 166.09MiB at   20.79MiB/s ETA 00:04 (frag 33/48)
[download]  68.5% of ~ 167.25MiB at   20.79MiB/s ETA 00:04 (frag 33/48)
[download]  68.9% of ~ 166.49MiB at   20.79MiB/s ETA 00:04 (frag 33/48)
[download]  69.0% of ~ 166.42MiB at   20.79MiB/s ETA 00:04 (frag 33/48)
[download]  69.1% of ~ 166.30MiB at   20.79MiB/s ETA 00:04 (frag 33/48)
[download]  69.1% of ~ 166.35MiB at   20.79MiB/s ETA 00:04 (frag 33/48)
[download]  69.1% of ~ 166.44MiB at   20.79MiB/s ETA 00:04 (frag 33/48)
[download]  69.1% of ~ 167.84MiB at   20.79MiB/s ETA 00:04 (frag 33/48)
[download]  69.2% of ~ 168.02MiB at   20.31MiB/s ETA 00:03 (frag 33/48)
[download]  68.8% of ~ 168.97MiB at   19.70MiB/s ETA 00:03 (frag 33/48)
[download]  69.0% of ~ 168.46MiB at   19.70MiB/s ETA 00:03 (frag 33/48)
[download]  68.8% of ~ 169.00MiB at   19.70MiB/s ETA 00:03 (frag 33/48)
[download]  69.1% of ~ 168.50MiB at   19.70MiB/s ETA 00:03 (frag 33/48)
[download]  69.1% of ~ 168.51MiB at   19.70MiB/s ETA 00:03 (frag 33/48)
[download]  69.1% of ~ 168.74MiB at   19.70MiB/s ETA 00:03 (frag 33/48)
[download]  69.1% of ~ 168.87MiB at   19.70MiB/s ETA 00:03 (frag 33/48)
[download]  69.1% of ~ 168.88MiB at   19.70MiB/s ETA 00:03 (frag 33/48)
[download]  69.0% of ~ 169.29MiB at   19.70MiB/s ETA 00:03 (frag 33/48)
[download]  68.9% of ~ 169.61MiB at   19.70MiB/s ETA 00:03 (frag 33/48)
[download]  68.9% of ~ 169.70MiB at   19.30MiB/s ETA 00:03 (frag 33/48)
[download]  69.0% of ~ 169.88MiB at   19.30MiB/s ETA 00:03 (frag 33/48)
[download]  69.1% of ~ 170.41MiB at   19.30MiB/s ETA 00:03 (frag 33/48)
[download]  69.3% of ~ 170.63MiB at   19.12MiB/s ETA 00:03 (frag 33/48)
[download]  69.1% of ~ 171.10MiB at   19.12MiB/s ETA 00:03 (frag 33/48)
[download]  69.1% of ~ 171.15MiB at   19.12MiB/s ETA 00:03 (frag 33/48)
[download]  69.2% of ~ 171.24MiB at   19.12MiB/s ETA 00:03 (frag 33/48)
[download]  69.2% of ~ 171.41MiB at   19.12MiB/s ETA 00:03 (frag 33/48)
[download]  68.8% of ~ 173.27MiB at   18.89MiB/s ETA 00:03 (frag 33/48)
[download]  69.1% of ~ 173.97MiB at   18.89MiB/s ETA 00:03 (frag 33/48)
[download]  69.1% of ~ 174.27MiB at   18.81MiB/s ETA 00:03 (frag 33/48)
[download]  69.2% of ~ 174.63MiB at   18.81MiB/s ETA 00:03 (frag 33/48)
[download]  69.7% of ~ 176.11MiB at   19.02MiB/s ETA 00:03 (frag 33/48)
[download]  68.7% of ~ 178.69MiB at   19.02MiB/s ETA 00:03 (frag 34/48)
[download]  71.5% of ~ 173.15MiB at   19.02MiB/s ETA 00:03 (frag 34/48)
[download]  71.5% of ~ 173.77MiB at   19.19MiB/s ETA 00:03 (frag 34/48)
[download]  71.7% of ~ 174.74MiB at   19.42MiB/s ETA 00:03 (frag 34/48)
[download]  71.6% of ~ 176.26MiB at   19.42MiB/s ETA 00:03 (frag 34/48)
[download]  71.3% of ~ 177.78MiB at   19.42MiB/s ETA 00:03 (frag 34/48)
[download]  71.5% of ~ 177.94MiB at   19.42MiB/s ETA 00:03 (frag 34/48)
[download]  71.8% of ~ 178.63MiB at   19.47MiB/s ETA 00:03 (frag 34/48)
[download]  71.8% of ~ 179.94MiB at   19.47MiB/s ETA 00:03 (frag 34/48)
[download]  71.8% of ~ 181.75MiB at   19.47MiB/s ETA 00:03 (frag 34/48)
[download]  71.1% of ~ 183.51MiB at   19.47MiB/s ETA 00:03 (frag 35/48)
[download]  73.7% of ~ 178.55MiB at   19.47MiB/s ETA 00:03 (frag 35/48)
[download]  73.9% of ~ 180.79MiB at   19.47MiB/s ETA 00:03 (frag 35/48)
[download]  72.9% of ~ 183.14MiB at   19.81MiB/s ETA 00:03 (frag 35/48)
[download]  72.9% of ~ 183.14MiB at   19.81MiB/s ETA 00:03 (frag 35/48)
[download]  72.9% of ~ 183.14MiB at   19.81MiB/s ETA 00:03 (frag 35/48)
[download]  72.9% of ~ 183.15MiB at   19.81MiB/s ETA 00:03 (frag 35/48)
[download]  72.9% of ~ 183.16MiB at   19.81MiB/s ETA 00:03 (frag 35/48)
[download]  72.9% of ~ 183.18MiB at   19.81MiB/s ETA 00:03 (frag 35/48)
[download]  72.9% of ~ 183.22MiB at   19.81MiB/s ETA 00:03 (frag 35/48)
[download]  73.0% of ~ 183.30MiB at   19.81MiB/s ETA 00:03 (frag 35/48)
[download]  72.8% of ~ 183.79MiB at   19.81MiB/s ETA 00:03 (frag 35/48)
[download]  73.9% of ~ 182.41MiB at   19.81MiB/s ETA 00:03 (frag 35/48)
[download]  73.9% of ~ 185.31MiB at   19.81MiB/s ETA 00:03 (frag 35/48)
[download]  73.9% of ~ 183.75MiB at   19.81MiB/s ETA 00:03 (frag 35/48)
[download]  72.9% of ~ 189.92MiB at   20.50MiB/s ETA 00:03 (frag 36/48)
[download]  75.5% of ~ 183.36MiB at   20.50MiB/s ETA 00:03 (frag 37/48)
[download]  73.9% of ~ 187.16MiB at   20.50MiB/s ETA 00:03 (frag 35/48)
[download]  79.5% of ~ 174.00MiB at   20.50MiB/s ETA 00:03 (frag 39/48)
[download]  77.4% of ~ 178.79MiB at   20.50MiB/s ETA 00:03 (frag 38/48)
[download]  81.3% of ~ 170.11MiB at   20.50MiB/s ETA 00:03 (frag 40/48)
[download]  83.3% of ~ 166.48MiB at   20.50MiB/s ETA 00:03 (frag 40/48)
[download]  84.2% of ~ 166.41MiB at   20.68MiB/s ETA 00:02 (frag 40/48)
[download]  83.3% of ~ 168.18MiB at   20.68MiB/s ETA 00:02 (frag 41/48)
[download]  85.6% of ~ 163.75MiB at   20.64MiB/s ETA 00:02 (frag 41/48)
[download]  85.6% of ~ 163.75MiB at   20.64MiB/s ETA 00:02 (frag 41/48)
[download]  85.6% of ~ 163.76MiB at   20.64MiB/s ETA 00:02 (frag 41/48)
[download]  85.6% of ~ 163.76MiB at   20.64MiB/s ETA 00:02 (frag 41/48)
[download]  85.6% of ~ 163.77MiB at   20.64MiB/s ETA 00:02 (frag 41/48)
[download]  85.6% of ~ 163.79MiB at   20.64MiB/s ETA 00:02 (frag 41/48)
[download]  85.6% of ~ 163.82MiB at   20.64MiB/s ETA 00:02 (frag 41/48)
[download]  85.7% of ~ 163.89MiB at   20.64MiB/s ETA 00:02 (frag 41/48)
[download]  86.2% of ~ 162.82MiB at   20.22MiB/s ETA 00:02 (frag 41/48)
[download]  86.2% of ~ 162.82MiB at   20.22MiB/s ETA 00:02 (frag 41/48)
[download]  86.2% of ~ 162.82MiB at   20.22MiB/s ETA 00:02 (frag 41/48)
[download]  86.3% of ~ 162.73MiB at   20.22MiB/s ETA 00:02 (frag 41/48)
[download]  86.2% of ~ 162.83MiB at   20.22MiB/s ETA 00:02 (frag 41/48)
[download]  86.3% of ~ 162.74MiB at   20.22MiB/s ETA 00:02 (frag 41/48)
[download]  86.2% of ~ 162.84MiB at   20.22MiB/s ETA 00:02 (frag 41/48)
[download]  86.3% of ~ 162.76MiB at   20.22MiB/s ETA 00:02 (frag 41/48)
[download]  86.3% of ~ 162.77MiB at   20.22MiB/s ETA 00:02 (frag 41/48)
[download]  86.3% of ~ 162.78MiB at   20.22MiB/s ETA 00:02 (frag 41/48)
[download]  86.0% of ~ 163.37MiB at   20.22MiB/s ETA 00:02 (frag 41/48)
[download]  86.1% of ~ 163.17MiB at   20.22MiB/s ETA 00:02 (frag 41/48)
[download]  86.0% of ~ 163.37MiB at   20.22MiB/s ETA 00:02 (frag 41/48)
[download]  86.1% of ~ 163.21MiB at   20.22MiB/s ETA 00:02 (frag 41/48)
[download]  86.0% of ~ 163.41MiB at   20.22MiB/s ETA 00:02 (frag 41/48)
[download]  86.4% of ~ 162.65MiB at   20.22MiB/s ETA 00:02 (frag 41/48)
[download]  86.2% of ~ 162.89MiB at   20.22MiB/s ETA 00:02 (frag 41/48)
[download]  86.0% of ~ 163.42MiB at   20.22MiB/s ETA 00:02 (frag 41/48)
[download]  86.1% of ~ 163.21MiB at   20.22MiB/s ETA 00:02 (frag 41/48)
[download]  86.4% of ~ 162.66MiB at   20.22MiB/s ETA 00:02 (frag 41/48)
[download]  86.0% of ~ 163.44MiB at   20.22MiB/s ETA 00:02 (frag 41/48)
[download]  86.4% of ~ 162.69MiB at   20.22MiB/s ETA 00:02 (frag 41/48)
[download]  86.1% of ~ 163.25MiB at   20.22MiB/s ETA 00:02 (frag 41/48)
[download]  86.4% of ~ 162.70MiB at   20.22MiB/s ETA 00:02 (frag 41/48)
[download]  86.1% of ~ 163.27MiB at   20.22MiB/s ETA 00:02 (frag 41/48)
[download]  86.0% of ~ 163.49MiB at   20.22MiB/s ETA 00:02 (frag 41/48)
[download]  86.4% of ~ 162.76MiB at   20.22MiB/s ETA 00:02 (frag 41/48)
[download]  86.1% of ~ 163.34MiB at   20.22MiB/s ETA 00:02 (frag 41/48)
[download]  86.3% of ~ 163.01MiB at   20.22MiB/s ETA 00:02 (frag 41/48)
[download]  86.1% of ~ 163.41MiB at   19.83MiB/s ETA 00:02 (frag 41/48)
[download]  86.4% of ~ 162.92MiB at   19.83MiB/s ETA 00:02 (frag 41/48)
[download]  86.4% of ~ 162.95MiB at   19.83MiB/s ETA 00:02 (frag 41/48)
[download]  86.2% of ~ 163.59MiB at   19.83MiB/s ETA 00:02 (frag 41/48)
[download]  85.5% of ~ 165.46MiB at   19.83MiB/s ETA 00:02 (frag 41/48)
[download]  86.3% of ~ 164.03MiB at   19.83MiB/s ETA 00:02 (frag 41/48)
[download]  86.0% of ~ 164.58MiB at   19.83MiB/s ETA 00:02 (frag 41/48)
[download]  85.8% of ~ 166.17MiB at   19.83MiB/s ETA 00:02 (frag 41/48)
[download]  86.2% of ~ 165.59MiB at   19.60MiB/s ETA 00:02 (frag 41/48)
[download]  86.3% of ~ 165.60MiB at   19.60MiB/s ETA 00:02 (frag 41/48)
[download]  86.5% of ~ 165.45MiB at   19.60MiB/s ETA 00:02 (frag 41/48)
[download]  85.8% of ~ 167.10MiB at   19.34MiB/s ETA 00:02 (frag 41/48)
[download]  86.1% of ~ 166.65MiB at   19.03MiB/s ETA 00:02 (frag 41/48)
[download]  86.3% of ~ 166.22MiB at   19.03MiB/s ETA 00:02 (frag 41/48)
[download]  86.2% of ~ 166.87MiB at   18.73MiB/s ETA 00:01 (frag 41/48)
[download]  86.4% of ~ 166.95MiB at   18.73MiB/s ETA 00:01 (frag 41/48)
[download]  86.4% of ~ 167.24MiB at   18.73MiB/s ETA 00:01 (frag 41/48)
[download]  86.4% of ~ 167.43MiB at   18.68MiB/s ETA 00:01 (frag 41/48)
[download]  85.9% of ~ 168.89MiB at   18.68MiB/s ETA 00:01 (frag 41/48)
[download]  86.6% of ~ 168.24MiB at   18.68MiB/s ETA 00:01 (frag 41/48)
[download]  86.3% of ~ 169.30MiB at   18.67MiB/s ETA 00:01 (frag 41/48)
[download]  86.5% of ~ 169.29MiB at   18.67MiB/s ETA 00:01 (frag 41/48)
[download]  86.6% of ~ 169.38MiB at   18.60MiB/s ETA 00:01 (frag 41/48)
[download]  86.3% of ~ 171.96MiB at   18.60MiB/s ETA 00:01 (frag 41/48)
[download]  85.3% of ~ 174.05MiB at   18.60MiB/s ETA 00:01 (frag 42/48)
[download]  88.7% of ~ 167.95MiB at   18.65MiB/s ETA 00:01 (frag 42/48)
[download]  88.8% of ~ 168.87MiB at   18.56MiB/s ETA 00:01 (frag 42/48)
[download]  88.3% of ~ 170.91MiB at   18.56MiB/s ETA 00:01 (frag 42/48)
[download]  88.4% of ~ 171.11MiB at   18.56MiB/s ETA 00:01 (frag 42/48)
[download]  88.2% of ~ 171.47MiB at   18.56MiB/s ETA 00:01 (frag 43/48)
[download]  90.9% of ~ 167.03MiB at   18.56MiB/s ETA 00:01 (frag 43/48)
[download]  91.1% of ~ 167.76MiB at   18.56MiB/s ETA 00:01 (frag 43/48)
[download]  90.8% of ~ 169.40MiB at   18.56MiB/s ETA 00:01 (frag 43/48)
[download]  90.5% of ~ 169.94MiB at   18.56MiB/s ETA 00:01 (frag 44/48)
[download]  92.6% of ~ 167.39MiB at   18.56MiB/s ETA 00:01 (frag 44/48)
[download]  93.1% of ~ 167.47MiB at   18.70MiB/s ETA 00:01 (frag 44/48)
[download]  91.9% of ~ 169.67MiB at   18.70MiB/s ETA 00:01 (frag 45/48)
[download]  94.6% of ~ 165.32MiB at   18.70MiB/s ETA 00:01 (frag 45/48)
[download]  94.3% of ~ 165.84MiB at   18.70MiB/s ETA 00:01 (frag 46/48)
[download]  96.7% of ~ 161.88MiB at   18.36MiB/s ETA 00:01 (frag 46/48)
[download]  96.6% of ~ 161.96MiB at   18.36MiB/s ETA 00:01 (frag 47/48)
[download]  99.4% of ~ 158.33MiB at   18.04MiB/s ETA 00:01 (frag 47/48)
[download]  98.9% of ~ 159.16MiB at   18.04MiB/s ETA 00:01 (frag 48/48)
[download] 100% of  157.33MiB in 00:00:09 at 16.20MiB/s
[FixupM3u8] Fixing MPEG-TS in MP4 container of "D:\ĎÂÔŘ\Uncensored_privately_filmed_amateur_submitted_-_Taking_a_slutty_masochistic_wife-oovufuh0b97.mp4"
[Metadata] Adding metadata to "D:\ĎÂÔŘ\Uncensored_privately_filmed_amateur_submitted_-_Taking_a_slutty_masochistic_wife-oovufuh0b97.mp4"
