[generic] Extracting URL: https://www.xvideos.com/prof-video-click/upload/asiangoodgirl/uohvvde0bf2/my_best_friend_lets_me_..._inside_her_finally_
[generic] my_best_friend_lets_me_fuck_and_cum_inside_her_finally_: Downloading webpage
[redirect] Following redirect to https://www.xvideos.com/video.uohvvde0bf2/my_best_friend_lets_me_fuck_and_cum_inside_her_finally_
[XVideos] Extracting URL: https://www.xvideos.com/video.uohvvde0bf2/my_best_friend_lets_me_fuck_and_cum_inside_her_finally_
[XVideos] uohvvde0bf2: Downloading webpage
[XVideos] uohvvde0bf2: Downloading m3u8 information
[XVideos] uohvvde0bf2: Checking hls-480p video format URL
[XVideos] uohvvde0bf2: Checking hls-720p video format URL
[XVideos] uohvvde0bf2: Checking hls-1080p video format URL
[XVideos] uohvvde0bf2: Checking hls-360p video format URL
[XVideos] uohvvde0bf2: Checking hls-250p video format URL
[info] uohvvde0bf2: Downloading 1 format(s): hls-1080p
[info] Downloading video thumbnail 1 ...
[info] Writing video thumbnail 1 to: D:\ĎÂÔŘ\My_best_friend_lets_me_fuck_and_cum_inside_her_finally-uohvvde0bf2.jpg
[hlsnative] Downloading m3u8 manifest
[hlsnative] Total fragments: 59
[download] Destination: D:\ĎÂÔŘ\My_best_friend_lets_me_fuck_and_cum_inside_her_finally-uohvvde0bf2.mp4
[download]   0.0% of ~ 241.81MiB at    401.57B/s ETA Unknown (frag 0/59)
[download]   0.0% of ~ 241.86MiB at    401.57B/s ETA Unknown (frag 0/59)
[download]   0.0% of ~ 241.98MiB at    401.57B/s ETA Unknown (frag 0/59)
[download]   0.0% of ~ 242.21MiB at    401.57B/s ETA Unknown (frag 0/59)
[download]   0.0% of ~ 242.67MiB at   11.10KiB/s ETA Unknown (frag 0/59)
[download]   0.0% of ~ 210.29MiB at   16.30KiB/s ETA 02:06:09 (frag 0/59)
[download]   0.0% of ~ 210.35MiB at   16.30KiB/s ETA 02:06:09 (frag 0/59)
[download]   0.0% of ~ 210.47MiB at   16.30KiB/s ETA 02:06:09 (frag 0/59)
[download]   0.0% of ~ 210.70MiB at   16.30KiB/s ETA 02:06:09 (frag 0/59)
[download]   0.0% of ~ 244.46MiB at   30.86KiB/s ETA 01:59:58 (frag 0/59)
[download]   0.0% of ~ 199.15MiB at   40.11KiB/s ETA 01:53:29 (frag 0/59)
[download]   0.0% of ~ 199.21MiB at   40.11KiB/s ETA 01:53:29 (frag 0/59)
[download]   0.0% of ~ 199.33MiB at   40.11KiB/s ETA 01:53:29 (frag 0/59)
[download]   0.0% of ~ 199.56MiB at   40.11KiB/s ETA 01:53:29 (frag 0/59)
[download]   0.1% of ~ 200.02MiB at   40.11KiB/s ETA 01:53:29 (frag 0/59)
[download]   0.1% of ~ 248.09MiB at   40.11KiB/s ETA 01:53:29 (frag 0/59)
[download]   0.1% of ~ 218.47MiB at   40.11KiB/s ETA 01:53:29 (frag 0/59)
[download]   0.1% of ~ 198.67MiB at   40.11KiB/s ETA 01:53:29 (frag 0/59)
[download]   0.1% of ~ 198.73MiB at   40.11KiB/s ETA 01:53:29 (frag 0/59)
[download]   0.1% of ~ 198.85MiB at   40.11KiB/s ETA 01:53:29 (frag 0/59)
[download]   0.1% of ~ 199.08MiB at   40.11KiB/s ETA 01:53:29 (frag 0/59)
[download]   0.1% of ~ 220.26MiB at   79.01KiB/s ETA 01:44:20 (frag 0/59)
[download]   0.1% of ~ 255.40MiB at   79.01KiB/s ETA 01:44:20 (frag 0/59)
[download]   0.2% of ~ 215.63MiB at   79.01KiB/s ETA 01:44:20 (frag 0/59)
[download]   0.2% of ~ 210.60MiB at   79.01KiB/s ETA 01:44:20 (frag 0/59)
[download]   0.2% of ~ 211.52MiB at  145.06KiB/s ETA 01:35:07 (frag 0/59)
[download]   0.2% of ~ 234.09MiB at  145.06KiB/s ETA 01:35:07 (frag 0/59)
[download]   0.3% of ~ 271.08MiB at  145.06KiB/s ETA 01:35:07 (frag 0/59)
[download]   0.3% of ~ 238.68MiB at  145.06KiB/s ETA 01:35:07 (frag 0/59)
[download]   0.4% of ~ 235.49MiB at  274.52KiB/s ETA 01:26:18 (frag 0/59)
[download]   0.4% of ~ 259.90MiB at  274.52KiB/s ETA 01:26:18 (frag 0/59)
[download]   0.4% of ~ 242.95MiB at  375.36KiB/s ETA 01:18:20 (frag 0/59)
[download]   0.4% of ~ 223.63MiB at  375.36KiB/s ETA 01:18:20 (frag 0/59)
[download]   0.4% of ~ 243.06MiB at  375.36KiB/s ETA 01:18:20 (frag 0/59)
[download]   0.6% of ~ 253.31MiB at  375.36KiB/s ETA 01:18:20 (frag 0/59)
[download]   0.6% of ~ 272.79MiB at  375.36KiB/s ETA 01:18:20 (frag 0/59)
[download]   0.6% of ~ 253.65MiB at  375.36KiB/s ETA 01:18:20 (frag 0/59)
[download]   0.5% of ~ 300.81MiB at  375.36KiB/s ETA 01:18:20 (frag 0/59)
[download]   0.6% of ~ 273.25MiB at  375.36KiB/s ETA 01:18:20 (frag 0/59)
[download]   0.6% of ~ 254.34MiB at  375.36KiB/s ETA 01:18:20 (frag 0/59)
[download]   0.6% of ~ 272.38MiB at  375.36KiB/s ETA 01:18:20 (frag 0/59)
[download]   0.6% of ~ 272.43MiB at  375.36KiB/s ETA 01:18:20 (frag 0/59)
[download]   0.6% of ~ 272.55MiB at  375.36KiB/s ETA 01:18:20 (frag 0/59)
[download]   0.6% of ~ 285.06MiB at  375.36KiB/s ETA 01:18:20 (frag 0/59)
[download]   0.6% of ~ 280.15MiB at  375.36KiB/s ETA 01:18:20 (frag 0/59)
[download]   0.6% of ~ 286.02MiB at  375.36KiB/s ETA 01:18:20 (frag 0/59)
[download]   0.6% of ~ 287.99MiB at  574.21KiB/s ETA 01:10:58 (frag 0/59)
[download]   0.7% of ~ 271.34MiB at  700.34KiB/s ETA 01:04:20 (frag 0/59)
[download]   0.7% of ~ 315.96MiB at  818.74KiB/s ETA 58:24 (frag 0/59)
[download]   0.7% of ~ 316.87MiB at  818.74KiB/s ETA 58:24 (frag 0/59)
[download]   0.7% of ~ 321.13MiB at  818.74KiB/s ETA 58:24 (frag 0/59)
[download]   0.8% of ~ 302.69MiB at  908.06KiB/s ETA 53:01 (frag 0/59)
[download]   0.7% of ~ 323.90MiB at  942.00KiB/s ETA 48:15 (frag 0/59)
[download]   0.8% of ~ 323.94MiB at  942.00KiB/s ETA 48:15 (frag 0/59)
[download]   0.8% of ~ 331.19MiB at  942.00KiB/s ETA 48:15 (frag 0/59)
[download]   0.8% of ~ 322.97MiB at  942.00KiB/s ETA 48:15 (frag 0/59)
[download]   0.8% of ~ 346.02MiB at  942.00KiB/s ETA 48:15 (frag 0/59)
[download]   0.9% of ~ 374.04MiB at  942.00KiB/s ETA 48:15 (frag 0/59)
[download]   0.9% of ~ 377.41MiB at    1.05MiB/s ETA 43:53 (frag 0/59)
[download]   1.0% of ~ 439.80MiB at    1.05MiB/s ETA 43:53 (frag 0/59)
[download]   1.1% of ~ 451.66MiB at    1.31MiB/s ETA 39:53 (frag 0/59)
[download]   1.1% of ~ 474.28MiB at    1.31MiB/s ETA 39:53 (frag 0/59)
[download]   1.1% of ~ 471.42MiB at    1.52MiB/s ETA 36:17 (frag 0/59)
[download]   1.1% of ~ 496.37MiB at    1.52MiB/s ETA 36:17 (frag 0/59)
[download]   1.1% of ~ 504.09MiB at    1.52MiB/s ETA 36:17 (frag 0/59)
[download]   1.2% of ~ 515.07MiB at    1.52MiB/s ETA 36:17 (frag 0/59)
[download]   1.3% of ~ 562.18MiB at    1.52MiB/s ETA 36:17 (frag 0/59)
[download]   1.3% of ~ 660.76MiB at    1.98MiB/s ETA 33:00 (frag 0/59)
[download]   1.3% of ~ 671.03MiB at    2.25MiB/s ETA 30:05 (frag 0/59)
[download]   1.3% of ~ 684.68MiB at    2.25MiB/s ETA 30:05 (frag 0/59)
[download]   1.3% of ~ 723.76MiB at    2.25MiB/s ETA 30:05 (frag 0/59)
[download]   1.3% of ~ 736.93MiB at    2.25MiB/s ETA 30:05 (frag 0/59)
[download]   1.3% of ~ 828.67MiB at    2.66MiB/s ETA 27:27 (frag 0/59)
[download]   1.2% of ~ 882.84MiB at    2.66MiB/s ETA 27:27 (frag 1/59)
[download]   2.8% of ~ 402.92MiB at    3.34MiB/s ETA 24:50 (frag 1/59)
[download]   2.8% of ~ 426.45MiB at    3.60MiB/s ETA 22:31 (frag 1/59)
[download]   2.7% of ~ 438.50MiB at    3.70MiB/s ETA 20:27 (frag 1/59)
[download]   2.7% of ~ 438.53MiB at    3.70MiB/s ETA 20:27 (frag 1/59)
[download]   2.7% of ~ 438.59MiB at    3.70MiB/s ETA 20:27 (frag 1/59)
[download]   2.7% of ~ 438.71MiB at    3.70MiB/s ETA 20:27 (frag 1/59)
[download]   2.7% of ~ 438.94MiB at    3.70MiB/s ETA 20:27 (frag 1/59)
[download]   2.7% of ~ 439.40MiB at    3.70MiB/s ETA 20:27 (frag 1/59)
[download]   2.7% of ~ 440.32MiB at    3.70MiB/s ETA 20:27 (frag 1/59)
[download]   2.8% of ~ 442.86MiB at    3.70MiB/s ETA 20:27 (frag 1/59)
[download]   3.0% of ~ 459.41MiB at    3.70MiB/s ETA 20:27 (frag 1/59)
[download]   3.0% of ~ 488.16MiB at    3.70MiB/s ETA 20:27 (frag 1/59)
[download]   3.0% of ~ 539.51MiB at    4.23MiB/s ETA 18:34 (frag 1/59)
[download]   2.8% of ~ 585.86MiB at    4.23MiB/s ETA 18:34 (frag 2/59)
[download]   4.3% of ~ 383.67MiB at    4.23MiB/s ETA 18:34 (frag 2/59)
[download]   4.3% of ~ 387.84MiB at    4.23MiB/s ETA 18:34 (frag 2/59)
[download]   4.6% of ~ 394.26MiB at    4.23MiB/s ETA 18:34 (frag 2/59)
[download]   4.3% of ~ 420.06MiB at    4.23MiB/s ETA 18:34 (frag 3/59)
[download]   5.7% of ~ 316.76MiB at    4.23MiB/s ETA 18:34 (frag 4/59)
[download]   7.7% of ~ 247.44MiB at    4.23MiB/s ETA 18:34 (frag 4/59)
[download]   7.4% of ~ 256.81MiB at    4.23MiB/s ETA 18:34 (frag 5/59)
[download]   8.9% of ~ 217.01MiB at    5.00MiB/s ETA 16:45 (frag 5/59)
[download]   9.0% of ~ 219.46MiB at    5.54MiB/s ETA 15:08 (frag 5/59)
[download]   8.7% of ~ 225.97MiB at    5.54MiB/s ETA 15:08 (frag 5/59)
[download]   8.7% of ~ 225.98MiB at    5.54MiB/s ETA 15:08 (frag 5/59)
[download]   8.7% of ~ 226.00MiB at    5.54MiB/s ETA 15:08 (frag 5/59)
[download]   8.7% of ~ 226.03MiB at    5.54MiB/s ETA 15:08 (frag 5/59)
[download]   8.7% of ~ 226.11MiB at    5.85MiB/s ETA 13:40 (frag 5/59)
[download]   9.0% of ~ 224.91MiB at    5.85MiB/s ETA 13:40 (frag 5/59)
[download]   8.8% of ~ 231.34MiB at    5.85MiB/s ETA 13:40 (frag 5/59)
[download]   8.8% of ~ 231.35MiB at    5.85MiB/s ETA 13:40 (frag 5/59)
[download]   8.8% of ~ 231.37MiB at    5.85MiB/s ETA 13:40 (frag 5/59)
[download]   8.8% of ~ 231.41MiB at    5.85MiB/s ETA 13:40 (frag 5/59)
[download]   8.8% of ~ 231.48MiB at    5.85MiB/s ETA 13:40 (frag 5/59)
[download]   8.8% of ~ 231.12MiB at    5.85MiB/s ETA 13:40 (frag 5/59)
[download]   8.8% of ~ 231.13MiB at    5.85MiB/s ETA 13:40 (frag 5/59)
[download]   8.8% of ~ 231.15MiB at    5.85MiB/s ETA 13:40 (frag 5/59)
[download]   8.8% of ~ 231.19MiB at    5.85MiB/s ETA 13:40 (frag 5/59)
[download]   8.9% of ~ 229.64MiB at    5.85MiB/s ETA 13:40 (frag 5/59)
[download]   8.9% of ~ 229.65MiB at    5.85MiB/s ETA 13:40 (frag 5/59)
[download]   8.9% of ~ 229.67MiB at    5.85MiB/s ETA 13:40 (frag 5/59)
[download]   8.9% of ~ 229.71MiB at    5.85MiB/s ETA 13:40 (frag 5/59)
[download]   8.8% of ~ 231.41MiB at    5.85MiB/s ETA 13:40 (frag 5/59)
[download]   8.9% of ~ 229.94MiB at    5.85MiB/s ETA 13:40 (frag 5/59)
[download]   8.8% of ~ 232.23MiB at    5.85MiB/s ETA 13:40 (frag 5/59)
[download]   8.8% of ~ 232.54MiB at    6.15MiB/s ETA 12:21 (frag 5/59)
[download]   8.9% of ~ 231.50MiB at    6.39MiB/s ETA 11:10 (frag 5/59)
[download]   8.9% of ~ 231.51MiB at    6.39MiB/s ETA 11:10 (frag 5/59)
[download]   8.9% of ~ 231.53MiB at    6.39MiB/s ETA 11:10 (frag 5/59)
[download]   8.9% of ~ 231.57MiB at    6.39MiB/s ETA 11:10 (frag 5/59)
[download]   8.9% of ~ 231.65MiB at    6.51MiB/s ETA 10:06 (frag 5/59)
[download]   8.9% of ~ 231.80MiB at    6.51MiB/s ETA 10:06 (frag 5/59)
[download]   8.8% of ~ 234.62MiB at    6.51MiB/s ETA 10:06 (frag 5/59)
[download]   8.9% of ~ 232.41MiB at    6.51MiB/s ETA 10:06 (frag 5/59)
[download]   8.9% of ~ 232.54MiB at    6.51MiB/s ETA 10:06 (frag 5/59)
[download]   8.9% of ~ 234.47MiB at    6.59MiB/s ETA 09:08 (frag 5/59)
[download]   8.8% of ~ 236.15MiB at    6.59MiB/s ETA 09:08 (frag 5/59)
[download]   9.1% of ~ 235.12MiB at    6.74MiB/s ETA 08:17 (frag 5/59)
[download]   9.3% of ~ 241.46MiB at    6.74MiB/s ETA 08:17 (frag 5/59)
[download]   9.0% of ~ 251.51MiB at    6.89MiB/s ETA 07:30 (frag 5/59)
[download]   9.0% of ~ 252.64MiB at    6.89MiB/s ETA 07:30 (frag 5/59)
[download]   9.0% of ~ 253.35MiB at    6.89MiB/s ETA 07:30 (frag 5/59)
[download]   9.0% of ~ 253.44MiB at    6.89MiB/s ETA 07:30 (frag 5/59)
[download]   9.0% of ~ 254.19MiB at    6.99MiB/s ETA 06:48 (frag 5/59)
[download]   9.1% of ~ 254.80MiB at    6.99MiB/s ETA 06:48 (frag 5/59)
[download]   9.4% of ~ 257.44MiB at    6.99MiB/s ETA 06:48 (frag 5/59)
[download]   9.0% of ~ 268.25MiB at    6.99MiB/s ETA 06:48 (frag 6/59)
[download]  10.7% of ~ 228.72MiB at    6.99MiB/s ETA 06:48 (frag 6/59)
[download]  10.6% of ~ 232.66MiB at    6.99MiB/s ETA 06:48 (frag 6/59)
[download]  10.6% of ~ 234.32MiB at    7.22MiB/s ETA 06:10 (frag 6/59)
[download]  10.7% of ~ 236.87MiB at    7.22MiB/s ETA 06:10 (frag 6/59)
[download]  10.6% of ~ 241.82MiB at    7.22MiB/s ETA 06:10 (frag 6/59)
[download]  10.7% of ~ 240.72MiB at    7.58MiB/s ETA 05:35 (frag 6/59)
[download]  10.8% of ~ 243.81MiB at    7.58MiB/s ETA 05:35 (frag 6/59)
[download]  10.9% of ~ 246.63MiB at    7.58MiB/s ETA 05:35 (frag 6/59)
[download]  11.1% of ~ 252.25MiB at    7.58MiB/s ETA 05:35 (frag 6/59)
[download]  11.0% of ~ 262.85MiB at    7.58MiB/s ETA 05:35 (frag 6/59)
[download]  10.8% of ~ 272.01MiB at    8.13MiB/s ETA 05:04 (frag 6/59)
[download]  10.8% of ~ 272.96MiB at    8.48MiB/s ETA 04:37 (frag 6/59)
[download]  10.7% of ~ 275.59MiB at    8.48MiB/s ETA 04:37 (frag 7/59)
[download]  12.5% of ~ 240.27MiB at    8.72MiB/s ETA 04:11 (frag 7/59)
[download]  12.2% of ~ 246.00MiB at    8.72MiB/s ETA 04:11 (frag 7/59)
[download]  12.2% of ~ 246.01MiB at    8.72MiB/s ETA 04:11 (frag 7/59)
[download]  12.2% of ~ 246.02MiB at    8.72MiB/s ETA 04:11 (frag 7/59)
[download]  12.2% of ~ 246.05MiB at    8.72MiB/s ETA 04:11 (frag 7/59)
[download]  12.2% of ~ 246.11MiB at    8.72MiB/s ETA 04:11 (frag 7/59)
[download]  12.2% of ~ 246.22MiB at    9.07MiB/s ETA 03:48 (frag 7/59)
[download]  12.4% of ~ 246.30MiB at    9.24MiB/s ETA 03:28 (frag 7/59)
[download]  12.3% of ~ 250.14MiB at    9.24MiB/s ETA 03:28 (frag 7/59)
[download]  12.3% of ~ 250.60MiB at    9.22MiB/s ETA 03:09 (frag 7/59)
[download]  12.4% of ~ 251.53MiB at    9.22MiB/s ETA 03:09 (frag 7/59)
[download]  12.7% of ~ 253.21MiB at    9.22MiB/s ETA 03:09 (frag 7/59)
[download]  12.5% of ~ 260.74MiB at    9.25MiB/s ETA 02:53 (frag 7/59)
[download]  12.8% of ~ 263.25MiB at    9.25MiB/s ETA 02:53 (frag 7/59)
[download]  12.8% of ~ 269.40MiB at    9.25MiB/s ETA 02:53 (frag 7/59)
[download]  12.8% of ~ 279.03MiB at    9.25MiB/s ETA 02:53 (frag 7/59)
[download]  12.4% of ~ 288.32MiB at    9.25MiB/s ETA 02:53 (frag 8/59)
[download]  14.3% of ~ 255.18MiB at    9.59MiB/s ETA 02:37 (frag 8/59)
[download]  14.5% of ~ 258.79MiB at    9.81MiB/s ETA 02:24 (frag 8/59)
[download]  14.1% of ~ 264.89MiB at    9.89MiB/s ETA 02:12 (frag 8/59)
[download]  14.1% of ~ 264.90MiB at    9.89MiB/s ETA 02:12 (frag 8/59)
[download]  14.1% of ~ 264.91MiB at    9.89MiB/s ETA 02:12 (frag 8/59)
[download]  14.1% of ~ 264.94MiB at    9.89MiB/s ETA 02:12 (frag 8/59)
[download]  14.2% of ~ 264.99MiB at    9.89MiB/s ETA 02:12 (frag 8/59)
[download]  14.2% of ~ 265.09MiB at    9.87MiB/s ETA 02:01 (frag 8/59)
[download]  14.4% of ~ 267.56MiB at    9.67MiB/s ETA 01:51 (frag 8/59)
[download]  14.2% of ~ 271.85MiB at    9.67MiB/s ETA 01:51 (frag 8/59)
[download]  14.2% of ~ 270.98MiB at    9.67MiB/s ETA 01:51 (frag 8/59)
[download]  14.2% of ~ 270.98MiB at    9.67MiB/s ETA 01:51 (frag 8/59)
[download]  14.2% of ~ 271.00MiB at    9.67MiB/s ETA 01:51 (frag 8/59)
[download]  14.2% of ~ 271.02MiB at    9.67MiB/s ETA 01:51 (frag 8/59)
[download]  14.2% of ~ 271.07MiB at    9.84MiB/s ETA 01:42 (frag 8/59)
[download]  14.5% of ~ 272.59MiB at    9.84MiB/s ETA 01:42 (frag 8/59)
[download]  14.2% of ~ 278.86MiB at    9.84MiB/s ETA 01:42 (frag 9/59)
[download]  15.9% of ~ 249.70MiB at    9.84MiB/s ETA 01:42 (frag 9/59)
[download]  15.9% of ~ 249.88MiB at    9.84MiB/s ETA 01:42 (frag 9/59)
[download]  15.8% of ~ 251.40MiB at    9.84MiB/s ETA 01:42 (frag 9/59)
[download]  15.9% of ~ 250.99MiB at    9.84MiB/s ETA 01:42 (frag 9/59)
[download]  16.2% of ~ 254.92MiB at    9.84MiB/s ETA 01:42 (frag 9/59)
[download]  15.7% of ~ 262.48MiB at    9.84MiB/s ETA 01:42 (frag 10/59)
[download]  17.6% of ~ 235.71MiB at   10.20MiB/s ETA 01:34 (frag 10/59)
[download]  17.5% of ~ 238.10MiB at   10.20MiB/s ETA 01:34 (frag 10/59)
[download]  17.8% of ~ 239.82MiB at   10.37MiB/s ETA 01:26 (frag 10/59)
[download]  17.4% of ~ 245.21MiB at   10.37MiB/s ETA 01:26 (frag 11/59)
[download]  19.3% of ~ 224.43MiB at   10.45MiB/s ETA 01:19 (frag 11/59)
[download]  19.5% of ~ 227.80MiB at   10.45MiB/s ETA 01:19 (frag 11/59)
[download]  19.0% of ~ 233.31MiB at   10.45MiB/s ETA 01:19 (frag 12/59)
[download]  21.0% of ~ 213.63MiB at   10.79MiB/s ETA 01:13 (frag 12/59)
[download]  20.9% of ~ 217.50MiB at   10.79MiB/s ETA 01:13 (frag 12/59)
[download]  20.8% of ~ 218.74MiB at   10.27MiB/s ETA 01:07 (frag 12/59)
[download]  20.8% of ~ 218.74MiB at   10.27MiB/s ETA 01:07 (frag 12/59)
[download]  20.8% of ~ 218.75MiB at   10.27MiB/s ETA 01:07 (frag 12/59)
[download]  20.8% of ~ 218.77MiB at   10.27MiB/s ETA 01:07 (frag 12/59)
[download]  20.8% of ~ 218.81MiB at   10.27MiB/s ETA 01:07 (frag 12/59)
[download]  21.2% of ~ 219.62MiB at    9.89MiB/s ETA 01:02 (frag 12/59)
[download]  21.3% of ~ 223.27MiB at    9.89MiB/s ETA 01:02 (frag 12/59)
[download]  20.8% of ~ 227.95MiB at    9.89MiB/s ETA 01:02 (frag 12/59)
[download]  20.8% of ~ 228.10MiB at    9.89MiB/s ETA 01:02 (frag 12/59)
[download]  20.6% of ~ 230.59MiB at    9.78MiB/s ETA 00:58 (frag 12/59)
[download]  20.6% of ~ 230.59MiB at    9.78MiB/s ETA 00:58 (frag 12/59)
[download]  20.6% of ~ 230.60MiB at    9.78MiB/s ETA 00:58 (frag 12/59)
[download]  20.6% of ~ 230.62MiB at    9.78MiB/s ETA 00:58 (frag 12/59)
[download]  20.6% of ~ 230.66MiB at    9.78MiB/s ETA 00:58 (frag 12/59)
[download]  20.6% of ~ 230.73MiB at    9.78MiB/s ETA 00:58 (frag 12/59)
[download]  20.6% of ~ 230.87MiB at    9.78MiB/s ETA 00:58 (frag 12/59)
[download]  20.9% of ~ 228.55MiB at    9.78MiB/s ETA 00:58 (frag 12/59)
[download]  20.9% of ~ 228.55MiB at    9.78MiB/s ETA 00:58 (frag 12/59)
[download]  20.9% of ~ 228.56MiB at    9.78MiB/s ETA 00:58 (frag 12/59)
[download]  20.9% of ~ 228.58MiB at    9.78MiB/s ETA 00:58 (frag 12/59)
[download]  20.9% of ~ 228.62MiB at    9.78MiB/s ETA 00:58 (frag 12/59)
[download]  20.9% of ~ 228.69MiB at    9.78MiB/s ETA 00:58 (frag 12/59)
[download]  20.9% of ~ 229.22MiB at    9.66MiB/s ETA 00:54 (frag 12/59)
[download]  20.9% of ~ 229.40MiB at    9.66MiB/s ETA 00:54 (frag 12/59)
[download]  20.9% of ~ 230.07MiB at    9.52MiB/s ETA 00:51 (frag 12/59)
[download]  20.7% of ~ 233.42MiB at    9.52MiB/s ETA 00:51 (frag 12/59)
[download]  20.8% of ~ 231.91MiB at    9.52MiB/s ETA 00:51 (frag 12/59)
[download]  20.8% of ~ 231.91MiB at    9.52MiB/s ETA 00:51 (frag 12/59)
[download]  20.8% of ~ 231.92MiB at    9.52MiB/s ETA 00:51 (frag 12/59)
[download]  20.8% of ~ 231.94MiB at    9.52MiB/s ETA 00:51 (frag 12/59)
[download]  20.9% of ~ 231.45MiB at    9.51MiB/s ETA 00:47 (frag 12/59)
[download]  21.2% of ~ 232.26MiB at    9.51MiB/s ETA 00:47 (frag 12/59)
[download]  20.9% of ~ 235.61MiB at    9.51MiB/s ETA 00:47 (frag 13/59)
[download]  22.6% of ~ 218.56MiB at    9.59MiB/s ETA 00:44 (frag 13/59)
[download]  22.8% of ~ 220.66MiB at    9.59MiB/s ETA 00:44 (frag 13/59)
[download]  22.4% of ~ 224.61MiB at    9.59MiB/s ETA 00:44 (frag 14/59)
[download]  24.1% of ~ 209.11MiB at    9.71MiB/s ETA 00:41 (frag 14/59)
[download]  24.0% of ~ 210.97MiB at    9.71MiB/s ETA 00:39 (frag 14/59)
[download]  24.1% of ~ 211.95MiB at    9.71MiB/s ETA 00:39 (frag 14/59)
[download]  24.4% of ~ 212.00MiB at    9.77MiB/s ETA 00:37 (frag 14/59)
[download]  24.4% of ~ 213.63MiB at    9.77MiB/s ETA 00:37 (frag 14/59)
[download]  23.7% of ~ 220.21MiB at    9.77MiB/s ETA 00:37 (frag 14/59)
[download]  23.7% of ~ 220.21MiB at    9.77MiB/s ETA 00:37 (frag 14/59)
[download]  23.7% of ~ 220.22MiB at    9.77MiB/s ETA 00:37 (frag 14/59)
[download]  23.7% of ~ 220.24MiB at    9.77MiB/s ETA 00:37 (frag 14/59)
[download]  23.7% of ~ 220.27MiB at    9.77MiB/s ETA 00:37 (frag 14/59)
[download]  24.2% of ~ 217.31MiB at    9.85MiB/s ETA 00:35 (frag 14/59)
[download]  24.0% of ~ 218.91MiB at    9.85MiB/s ETA 00:35 (frag 15/59)
[download]  25.3% of ~ 208.06MiB at    9.85MiB/s ETA 00:35 (frag 15/59)
[download]  25.3% of ~ 208.18MiB at    9.85MiB/s ETA 00:35 (frag 15/59)
[download]  25.3% of ~ 208.41MiB at    9.71MiB/s ETA 00:33 (frag 15/59)
[download]  25.1% of ~ 210.25MiB at    9.71MiB/s ETA 00:33 (frag 15/59)
[download]  25.1% of ~ 210.25MiB at    9.71MiB/s ETA 00:33 (frag 15/59)
[download]  25.1% of ~ 210.26MiB at    9.71MiB/s ETA 00:33 (frag 15/59)
[download]  25.1% of ~ 210.28MiB at    9.71MiB/s ETA 00:33 (frag 15/59)
[download]  25.1% of ~ 210.30MiB at    9.71MiB/s ETA 00:33 (frag 15/59)
[download]  25.1% of ~ 210.36MiB at    9.71MiB/s ETA 00:33 (frag 15/59)
[download]  25.1% of ~ 210.48MiB at    9.56MiB/s ETA 00:31 (frag 15/59)
[download]  25.2% of ~ 210.71MiB at    9.56MiB/s ETA 00:31 (frag 15/59)
[download]  25.4% of ~ 209.79MiB at    9.11MiB/s ETA 00:30 (frag 15/59)
[download]  25.2% of ~ 212.09MiB at    8.79MiB/s ETA 00:29 (frag 15/59)
[download]  26.0% of ~ 209.42MiB at    8.60MiB/s ETA 00:28 (frag 15/59)
[download]  26.3% of ~ 211.31MiB at    8.60MiB/s ETA 00:28 (frag 15/59)
[download]  25.4% of ~ 218.75MiB at    8.52MiB/s ETA 00:27 (frag 15/59)
[download]  25.4% of ~ 218.76MiB at    8.52MiB/s ETA 00:27 (frag 15/59)
[download]  25.4% of ~ 218.76MiB at    8.52MiB/s ETA 00:27 (frag 15/59)
[download]  25.4% of ~ 218.78MiB at    8.52MiB/s ETA 00:27 (frag 15/59)
[download]  25.4% of ~ 218.81MiB at    8.52MiB/s ETA 00:27 (frag 15/59)
[download]  25.8% of ~ 215.17MiB at    8.52MiB/s ETA 00:27 (frag 15/59)
[download]  26.3% of ~ 214.86MiB at    8.52MiB/s ETA 00:27 (frag 15/59)
[download]  25.4% of ~ 222.67MiB at    8.43MiB/s ETA 00:26 (frag 15/59)
[download]  25.6% of ~ 222.99MiB at    8.43MiB/s ETA 00:26 (frag 15/59)
[download]  25.5% of ~ 224.63MiB at    8.43MiB/s ETA 00:26 (frag 15/59)
[download]  26.2% of ~ 220.73MiB at    7.99MiB/s ETA 00:26 (frag 15/59)
[download]  25.9% of ~ 223.26MiB at    7.99MiB/s ETA 00:26 (frag 16/59)
[download]  27.9% of ~ 210.43MiB at    7.99MiB/s ETA 00:26 (frag 16/59)
[download]  27.5% of ~ 213.15MiB at    7.99MiB/s ETA 00:26 (frag 17/59)
[download]  28.7% of ~ 206.10MiB at    7.99MiB/s ETA 00:26 (frag 17/59)
[download]  28.7% of ~ 206.33MiB at    7.99MiB/s ETA 00:26 (frag 17/59)
[download]  29.5% of ~ 204.95MiB at    7.90MiB/s ETA 00:25 (frag 17/59)
[download]  29.0% of ~ 209.08MiB at    7.90MiB/s ETA 00:25 (frag 18/59)
[download]  30.8% of ~ 196.66MiB at    7.84MiB/s ETA 00:24 (frag 18/59)
[download]  30.8% of ~ 200.05MiB at    7.89MiB/s ETA 00:24 (frag 18/59)
[download]  30.5% of ~ 204.32MiB at    7.96MiB/s ETA 00:23 (frag 18/59)
[download]  30.5% of ~ 204.35MiB at    7.60MiB/s ETA 00:23 (frag 18/59)
[download]  30.5% of ~ 204.35MiB at    7.60MiB/s ETA 00:23 (frag 18/59)
[download]  30.5% of ~ 204.36MiB at    7.60MiB/s ETA 00:23 (frag 18/59)
[download]  30.5% of ~ 204.37MiB at    7.60MiB/s ETA 00:23 (frag 18/59)
[download]  30.5% of ~ 204.39MiB at    7.60MiB/s ETA 00:23 (frag 18/59)
[download]  30.5% of ~ 204.44MiB at    7.60MiB/s ETA 00:23 (frag 18/59)
[download]  30.4% of ~ 205.50MiB at    7.32MiB/s ETA 00:22 (frag 18/59)
[download]  30.4% of ~ 205.50MiB at    7.32MiB/s ETA 00:22 (frag 18/59)
[download]  30.4% of ~ 205.50MiB at    7.32MiB/s ETA 00:22 (frag 18/59)
[download]  30.4% of ~ 205.52MiB at    7.32MiB/s ETA 00:22 (frag 18/59)
[download]  30.6% of ~ 204.58MiB at    7.32MiB/s ETA 00:22 (frag 18/59)
[download]  30.9% of ~ 202.83MiB at    7.09MiB/s ETA 00:22 (frag 18/59)
[download]  30.4% of ~ 205.95MiB at    7.09MiB/s ETA 00:22 (frag 18/59)
[download]  30.4% of ~ 206.00MiB at    7.09MiB/s ETA 00:22 (frag 18/59)
[download]  30.5% of ~ 206.30MiB at    7.09MiB/s ETA 00:22 (frag 18/59)
[download]  30.5% of ~ 206.25MiB at    7.09MiB/s ETA 00:22 (frag 18/59)
[download]  30.5% of ~ 206.26MiB at    7.09MiB/s ETA 00:22 (frag 18/59)
[download]  30.5% of ~ 206.26MiB at    6.83MiB/s ETA 00:22 (frag 18/59)
[download]  30.5% of ~ 206.28MiB at    6.83MiB/s ETA 00:22 (frag 18/59)
[download]  30.6% of ~ 205.96MiB at    6.83MiB/s ETA 00:22 (frag 18/59)
[download]  30.4% of ~ 207.31MiB at    6.83MiB/s ETA 00:22 (frag 18/59)
[download]  30.5% of ~ 207.50MiB at    6.83MiB/s ETA 00:22 (frag 18/59)
[download]  30.5% of ~ 207.89MiB at    6.83MiB/s ETA 00:22 (frag 18/59)
[download]  30.5% of ~ 208.05MiB at    6.66MiB/s ETA 00:22 (frag 18/59)
[download]  30.5% of ~ 208.09MiB at    6.66MiB/s ETA 00:22 (frag 18/59)
[download]  30.7% of ~ 207.85MiB at    6.66MiB/s ETA 00:22 (frag 18/59)
[download]  30.5% of ~ 208.97MiB at    6.66MiB/s ETA 00:22 (frag 18/59)
[download]  30.5% of ~ 209.99MiB at    6.65MiB/s ETA 00:22 (frag 18/59)
[download]  30.6% of ~ 210.15MiB at    6.65MiB/s ETA 00:22 (frag 18/59)
[download]  30.7% of ~ 211.16MiB at    6.66MiB/s ETA 00:22 (frag 18/59)
[download]  30.8% of ~ 211.75MiB at    6.65MiB/s ETA 00:22 (frag 18/59)
[download]  31.3% of ~ 214.64MiB at    6.65MiB/s ETA 00:22 (frag 18/59)
[download]  30.5% of ~ 220.41MiB at    6.65MiB/s ETA 00:22 (frag 19/59)
[download]  32.3% of ~ 208.44MiB at    6.65MiB/s ETA 00:22 (frag 19/59)
[download]  32.7% of ~ 211.23MiB at    6.65MiB/s ETA 00:22 (frag 19/59)
[download]  32.5% of ~ 213.98MiB at    6.86MiB/s ETA 00:22 (frag 19/59)
[download]  32.8% of ~ 215.13MiB at    6.96MiB/s ETA 00:22 (frag 19/59)
[download]  32.2% of ~ 219.10MiB at    6.98MiB/s ETA 00:22 (frag 19/59)
[download]  32.2% of ~ 219.10MiB at    6.98MiB/s ETA 00:22 (frag 19/59)
[download]  32.2% of ~ 219.11MiB at    6.98MiB/s ETA 00:22 (frag 19/59)
[download]  32.2% of ~ 219.12MiB at    6.98MiB/s ETA 00:22 (frag 19/59)
[download]  32.2% of ~ 219.14MiB at    6.98MiB/s ETA 00:22 (frag 19/59)
[download]  32.2% of ~ 219.19MiB at    6.98MiB/s ETA 00:22 (frag 19/59)
[download]  32.6% of ~ 219.18MiB at    6.98MiB/s ETA 00:22 (frag 19/59)
[download]  32.2% of ~ 222.23MiB at    7.01MiB/s ETA 00:21 (frag 19/59)
[download]  32.4% of ~ 223.77MiB at    7.01MiB/s ETA 00:21 (frag 19/59)
[download]  32.0% of ~ 226.12MiB at    7.01MiB/s ETA 00:21 (frag 20/59)
[download]  34.3% of ~ 211.32MiB at    7.01MiB/s ETA 00:21 (frag 20/59)
[download]  33.9% of ~ 214.36MiB at    7.01MiB/s ETA 00:21 (frag 20/59)
[download]  34.1% of ~ 214.79MiB at    7.21MiB/s ETA 00:21 (frag 20/59)
[download]  34.0% of ~ 216.49MiB at    7.31MiB/s ETA 00:21 (frag 20/59)
[download]  34.4% of ~ 216.53MiB at    7.42MiB/s ETA 00:21 (frag 20/59)
[download]  34.7% of ~ 219.03MiB at    7.54MiB/s ETA 00:20 (frag 20/59)
[download]  34.1% of ~ 223.05MiB at    7.54MiB/s ETA 00:20 (frag 21/59)
[download]  36.3% of ~ 213.74MiB at    7.54MiB/s ETA 00:20 (frag 21/59)
[download]  35.5% of ~ 218.12MiB at    7.54MiB/s ETA 00:20 (frag 21/59)
[download]  35.5% of ~ 218.12MiB at    7.54MiB/s ETA 00:20 (frag 21/59)
[download]  35.5% of ~ 218.13MiB at    7.78MiB/s ETA 00:20 (frag 21/59)
[download]  35.5% of ~ 218.14MiB at    7.78MiB/s ETA 00:20 (frag 21/59)
[download]  35.7% of ~ 217.98MiB at    7.78MiB/s ETA 00:20 (frag 21/59)
[download]  35.6% of ~ 218.44MiB at    7.78MiB/s ETA 00:20 (frag 22/59)
[download]  37.2% of ~ 209.11MiB at    7.78MiB/s ETA 00:20 (frag 22/59)
[download]  37.2% of ~ 209.15MiB at    7.78MiB/s ETA 00:20 (frag 22/59)
[download]  37.2% of ~ 209.23MiB at    7.94MiB/s ETA 00:19 (frag 22/59)
[download]  37.2% of ~ 209.39MiB at    8.02MiB/s ETA 00:19 (frag 22/59)
[download]  37.4% of ~ 208.16MiB at    7.98MiB/s ETA 00:19 (frag 22/59)
[download]  37.4% of ~ 208.16MiB at    7.98MiB/s ETA 00:19 (frag 22/59)
[download]  37.4% of ~ 208.16MiB at    7.98MiB/s ETA 00:19 (frag 22/59)
[download]  37.5% of ~ 208.17MiB at    7.98MiB/s ETA 00:19 (frag 22/59)
[download]  37.5% of ~ 208.20MiB at    7.98MiB/s ETA 00:19 (frag 22/59)
[download]  37.7% of ~ 207.22MiB at    7.98MiB/s ETA 00:19 (frag 22/59)
[download]  37.4% of ~ 209.98MiB at    7.98MiB/s ETA 00:19 (frag 22/59)
[download]  37.5% of ~ 209.79MiB at    7.98MiB/s ETA 00:19 (frag 22/59)
[download]  38.0% of ~ 210.74MiB at    7.98MiB/s ETA 00:19 (frag 22/59)
[download]  37.3% of ~ 214.68MiB at    7.98MiB/s ETA 00:19 (frag 23/59)
[download]  39.0% of ~ 206.39MiB at    8.18MiB/s ETA 00:18 (frag 23/59)
[download]  38.8% of ~ 207.00MiB at    8.18MiB/s ETA 00:18 (frag 23/59)
[download]  38.8% of ~ 207.00MiB at    8.18MiB/s ETA 00:18 (frag 23/59)
[download]  38.8% of ~ 207.01MiB at    8.18MiB/s ETA 00:18 (frag 23/59)
[download]  38.8% of ~ 207.02MiB at    8.18MiB/s ETA 00:18 (frag 23/59)
[download]  39.2% of ~ 207.04MiB at    8.18MiB/s ETA 00:18 (frag 23/59)
[download]  38.9% of ~ 208.88MiB at    8.32MiB/s ETA 00:18 (frag 23/59)
[download]  39.2% of ~ 207.44MiB at    8.32MiB/s ETA 00:18 (frag 23/59)
[download]  38.9% of ~ 209.08MiB at    8.32MiB/s ETA 00:18 (frag 23/59)
[download]  38.9% of ~ 209.15MiB at    8.32MiB/s ETA 00:18 (frag 23/59)
[download]  38.9% of ~ 209.31MiB at    8.38MiB/s ETA 00:18 (frag 23/59)
[download]  39.2% of ~ 208.13MiB at    8.38MiB/s ETA 00:18 (frag 23/59)
[download]  39.0% of ~ 209.15MiB at    8.38MiB/s ETA 00:17 (frag 23/59)
[download]  39.0% of ~ 209.15MiB at    8.38MiB/s ETA 00:17 (frag 23/59)
[download]  39.0% of ~ 209.16MiB at    8.38MiB/s ETA 00:17 (frag 23/59)
[download]  39.0% of ~ 209.17MiB at    8.38MiB/s ETA 00:17 (frag 23/59)
[download]  39.0% of ~ 209.18MiB at    8.38MiB/s ETA 00:17 (frag 23/59)
[download]  39.0% of ~ 209.22MiB at    8.38MiB/s ETA 00:17 (frag 23/59)
[download]  39.1% of ~ 210.08MiB at    8.38MiB/s ETA 00:17 (frag 23/59)
[download]  39.3% of ~ 209.82MiB at    8.38MiB/s ETA 00:17 (frag 23/59)
[download]  39.0% of ~ 211.92MiB at    8.11MiB/s ETA 00:17 (frag 23/59)
[download]  39.1% of ~ 211.76MiB at    7.91MiB/s ETA 00:17 (frag 23/59)
[download]  39.1% of ~ 211.91MiB at    7.91MiB/s ETA 00:17 (frag 23/59)
[download]  39.4% of ~ 210.53MiB at    7.91MiB/s ETA 00:17 (frag 23/59)
[download]  39.2% of ~ 212.62MiB at    7.73MiB/s ETA 00:17 (frag 23/59)
[download]  39.4% of ~ 212.52MiB at    7.73MiB/s ETA 00:17 (frag 23/59)
[download]  39.1% of ~ 215.23MiB at    7.74MiB/s ETA 00:17 (frag 23/59)
[download]  39.4% of ~ 216.39MiB at    7.74MiB/s ETA 00:17 (frag 23/59)
[download]  39.4% of ~ 218.72MiB at    7.74MiB/s ETA 00:17 (frag 23/59)
[download]  39.4% of ~ 221.29MiB at    7.95MiB/s ETA 00:17 (frag 23/59)
[download]  39.4% of ~ 223.74MiB at    8.17MiB/s ETA 00:17 (frag 23/59)
[download]  39.2% of ~ 226.20MiB at    8.34MiB/s ETA 00:17 (frag 23/59)
[download]  39.0% of ~ 227.57MiB at    8.34MiB/s ETA 00:17 (frag 24/59)
[download]  41.0% of ~ 217.72MiB at    8.35MiB/s ETA 00:16 (frag 24/59)
[download]  41.2% of ~ 219.58MiB at    8.35MiB/s ETA 00:16 (frag 24/59)
[download]  41.2% of ~ 220.01MiB at    8.35MiB/s ETA 00:16 (frag 24/59)
[download]  40.6% of ~ 223.05MiB at    8.40MiB/s ETA 00:16 (frag 24/59)
[download]  40.6% of ~ 223.05MiB at    8.40MiB/s ETA 00:16 (frag 24/59)
[download]  40.6% of ~ 223.06MiB at    8.40MiB/s ETA 00:16 (frag 24/59)
[download]  40.6% of ~ 223.07MiB at    8.40MiB/s ETA 00:16 (frag 24/59)
[download]  40.6% of ~ 223.09MiB at    8.40MiB/s ETA 00:16 (frag 24/59)
[download]  40.7% of ~ 223.12MiB at    8.40MiB/s ETA 00:16 (frag 24/59)
[download]  40.7% of ~ 223.20MiB at    8.40MiB/s ETA 00:16 (frag 24/59)
[download]  41.0% of ~ 223.13MiB at    8.16MiB/s ETA 00:16 (frag 24/59)
[download]  40.7% of ~ 224.80MiB at    8.16MiB/s ETA 00:16 (frag 25/59)
[download]  42.3% of ~ 216.35MiB at    7.96MiB/s ETA 00:16 (frag 25/59)
[download]  42.7% of ~ 215.78MiB at    7.96MiB/s ETA 00:16 (frag 25/59)
[download]  42.9% of ~ 215.61MiB at    7.96MiB/s ETA 00:16 (frag 25/59)
[download]  43.2% of ~ 218.47MiB at    8.11MiB/s ETA 00:16 (frag 25/59)
[download]  42.4% of ~ 222.56MiB at    8.11MiB/s ETA 00:16 (frag 26/59)
[download]  44.8% of ~ 214.32MiB at    8.26MiB/s ETA 00:16 (frag 26/59)
[download]  44.0% of ~ 218.27MiB at    8.26MiB/s ETA 00:16 (frag 27/59)
[download]  46.4% of ~ 209.19MiB at    8.26MiB/s ETA 00:16 (frag 27/59)
[download]  45.7% of ~ 212.27MiB at    8.37MiB/s ETA 00:16 (frag 27/59)
[download]  45.7% of ~ 212.27MiB at    8.37MiB/s ETA 00:16 (frag 27/59)
[download]  45.7% of ~ 212.28MiB at    8.37MiB/s ETA 00:16 (frag 27/59)
[download]  45.7% of ~ 212.29MiB at    8.37MiB/s ETA 00:16 (frag 27/59)
[download]  45.7% of ~ 212.30MiB at    8.37MiB/s ETA 00:16 (frag 27/59)
[download]  45.7% of ~ 212.33MiB at    8.37MiB/s ETA 00:16 (frag 27/59)
[download]  45.8% of ~ 212.83MiB at    8.37MiB/s ETA 00:16 (frag 27/59)
[download]  45.8% of ~ 212.93MiB at    8.37MiB/s ETA 00:16 (frag 27/59)
[download]  46.0% of ~ 212.04MiB at    8.28MiB/s ETA 00:15 (frag 27/59)
[download]  46.0% of ~ 212.04MiB at    8.28MiB/s ETA 00:15 (frag 27/59)
[download]  46.0% of ~ 212.05MiB at    8.28MiB/s ETA 00:15 (frag 27/59)
[download]  46.0% of ~ 212.05MiB at    8.28MiB/s ETA 00:15 (frag 27/59)
[download]  46.0% of ~ 212.07MiB at    8.28MiB/s ETA 00:15 (frag 27/59)
[download]  46.0% of ~ 212.10MiB at    8.28MiB/s ETA 00:15 (frag 27/59)
[download]  46.3% of ~ 212.22MiB at    8.20MiB/s ETA 00:15 (frag 27/59)
[download]  45.8% of ~ 214.74MiB at    8.20MiB/s ETA 00:15 (frag 27/59)
[download]  46.0% of ~ 213.98MiB at    8.20MiB/s ETA 00:15 (frag 27/59)
[download]  46.4% of ~ 214.77MiB at    8.14MiB/s ETA 00:15 (frag 27/59)
[download]  46.1% of ~ 216.67MiB at    8.14MiB/s ETA 00:15 (frag 27/59)
[download]  45.9% of ~ 218.39MiB at    8.14MiB/s ETA 00:15 (frag 27/59)
[download]  46.1% of ~ 217.99MiB at    8.14MiB/s ETA 00:15 (frag 27/59)
[download]  45.9% of ~ 219.54MiB at    8.03MiB/s ETA 00:15 (frag 27/59)
[download]  46.2% of ~ 219.05MiB at    7.99MiB/s ETA 00:15 (frag 27/59)
[download]  46.2% of ~ 220.76MiB at    7.99MiB/s ETA 00:15 (frag 27/59)
[download]  45.9% of ~ 222.16MiB at    7.99MiB/s ETA 00:15 (frag 28/59)
[download]  48.1% of ~ 213.10MiB at    8.14MiB/s ETA 00:15 (frag 28/59)
[download]  47.7% of ~ 215.91MiB at    8.14MiB/s ETA 00:15 (frag 28/59)
[download]  47.6% of ~ 216.44MiB at    8.14MiB/s ETA 00:15 (frag 28/59)
[download]  47.6% of ~ 216.44MiB at    8.14MiB/s ETA 00:15 (frag 28/59)
[download]  47.6% of ~ 216.45MiB at    8.14MiB/s ETA 00:15 (frag 28/59)
[download]  47.6% of ~ 216.45MiB at    8.14MiB/s ETA 00:15 (frag 28/59)
[download]  47.6% of ~ 216.47MiB at    8.14MiB/s ETA 00:15 (frag 28/59)
[download]  47.6% of ~ 216.50MiB at    8.14MiB/s ETA 00:15 (frag 28/59)
[download]  47.6% of ~ 216.57MiB at    8.25MiB/s ETA 00:15 (frag 28/59)
[download]  47.9% of ~ 216.24MiB at    8.38MiB/s ETA 00:14 (frag 28/59)
[download]  47.7% of ~ 217.19MiB at    8.38MiB/s ETA 00:14 (frag 29/59)
[download]  49.0% of ~ 211.17MiB at    8.17MiB/s ETA 00:14 (frag 29/59)
[download]  49.0% of ~ 211.18MiB at    8.17MiB/s ETA 00:14 (frag 29/59)
[download]  49.0% of ~ 211.18MiB at    8.17MiB/s ETA 00:14 (frag 29/59)
[download]  49.0% of ~ 211.19MiB at    8.17MiB/s ETA 00:14 (frag 29/59)
[download]  49.8% of ~ 209.93MiB at    8.08MiB/s ETA 00:14 (frag 29/59)
[download]  49.1% of ~ 212.87MiB at    7.97MiB/s ETA 00:14 (frag 29/59)
[download]  49.1% of ~ 212.87MiB at    7.97MiB/s ETA 00:14 (frag 29/59)
[download]  49.1% of ~ 212.87MiB at    7.97MiB/s ETA 00:14 (frag 29/59)
[download]  49.1% of ~ 212.88MiB at    7.97MiB/s ETA 00:14 (frag 29/59)
[download]  49.1% of ~ 213.20MiB at    7.97MiB/s ETA 00:14 (frag 29/59)
[download]  49.1% of ~ 213.23MiB at    7.91MiB/s ETA 00:14 (frag 29/59)
[download]  49.1% of ~ 212.99MiB at    7.91MiB/s ETA 00:14 (frag 29/59)
[download]  49.1% of ~ 213.02MiB at    7.91MiB/s ETA 00:14 (frag 29/59)
[download]  49.2% of ~ 213.08MiB at    7.91MiB/s ETA 00:14 (frag 29/59)
[download]  49.3% of ~ 212.71MiB at    7.91MiB/s ETA 00:14 (frag 29/59)
[download]  49.6% of ~ 213.43MiB at    8.00MiB/s ETA 00:14 (frag 29/59)
[download]  49.4% of ~ 214.93MiB at    8.00MiB/s ETA 00:14 (frag 29/59)
[download]  49.1% of ~ 216.20MiB at    8.00MiB/s ETA 00:14 (frag 29/59)
[download]  49.1% of ~ 216.32MiB at    8.05MiB/s ETA 00:14 (frag 29/59)
[download]  49.2% of ~ 216.26MiB at    8.05MiB/s ETA 00:14 (frag 29/59)
[download]  49.9% of ~ 215.54MiB at    8.18MiB/s ETA 00:14 (frag 29/59)
[download]  49.4% of ~ 217.85MiB at    8.18MiB/s ETA 00:14 (frag 30/59)
[download]  51.5% of ~ 210.11MiB at    8.22MiB/s ETA 00:13 (frag 30/59)
[download]  50.9% of ~ 213.20MiB at    8.22MiB/s ETA 00:13 (frag 30/59)
[download]  50.9% of ~ 213.38MiB at    8.22MiB/s ETA 00:13 (frag 30/59)
[download]  51.2% of ~ 213.38MiB at    7.98MiB/s ETA 00:13 (frag 30/59)
[download]  50.7% of ~ 215.29MiB at    7.93MiB/s ETA 00:13 (frag 30/59)
[download]  50.7% of ~ 215.29MiB at    7.93MiB/s ETA 00:13 (frag 30/59)
[download]  50.7% of ~ 215.30MiB at    7.93MiB/s ETA 00:13 (frag 30/59)
[download]  50.7% of ~ 215.30MiB at    7.93MiB/s ETA 00:13 (frag 30/59)
[download]  50.7% of ~ 215.32MiB at    7.93MiB/s ETA 00:13 (frag 30/59)
[download]  51.0% of ~ 215.13MiB at    7.90MiB/s ETA 00:13 (frag 30/59)
[download]  50.7% of ~ 216.30MiB at    7.90MiB/s ETA 00:13 (frag 30/59)
[download]  50.8% of ~ 216.36MiB at    7.90MiB/s ETA 00:13 (frag 30/59)
[download]  51.4% of ~ 215.49MiB at    7.88MiB/s ETA 00:13 (frag 30/59)
[download]  50.8% of ~ 218.33MiB at    7.88MiB/s ETA 00:13 (frag 30/59)
[download]  51.1% of ~ 218.05MiB at    7.89MiB/s ETA 00:13 (frag 30/59)
[download]  51.6% of ~ 218.98MiB at    7.89MiB/s ETA 00:13 (frag 30/59)
[download]  50.9% of ~ 222.14MiB at    7.89MiB/s ETA 00:13 (frag 31/59)
[download]  52.9% of ~ 215.50MiB at    7.89MiB/s ETA 00:13 (frag 31/59)
[download]  53.0% of ~ 217.06MiB at    7.90MiB/s ETA 00:13 (frag 31/59)
[download]  52.6% of ~ 219.40MiB at    7.90MiB/s ETA 00:13 (frag 31/59)
[download]  53.3% of ~ 218.91MiB at    7.68MiB/s ETA 00:13 (frag 31/59)
[download]  52.7% of ~ 221.61MiB at    7.68MiB/s ETA 00:13 (frag 32/59)
[download]  54.3% of ~ 215.83MiB at    7.48MiB/s ETA 00:13 (frag 32/59)
[download]  54.5% of ~ 216.48MiB at    7.48MiB/s ETA 00:13 (frag 32/59)
[download]  55.0% of ~ 217.58MiB at    7.48MiB/s ETA 00:13 (frag 32/59)
[download]  54.2% of ~ 220.83MiB at    7.48MiB/s ETA 00:13 (frag 33/59)
[download]  56.6% of ~ 214.07MiB at    7.65MiB/s ETA 00:13 (frag 33/59)
[download]  56.6% of ~ 215.18MiB at    7.65MiB/s ETA 00:13 (frag 33/59)
[download]  56.3% of ~ 216.30MiB at    7.65MiB/s ETA 00:13 (frag 34/59)
[download]  57.7% of ~ 211.58MiB at    7.65MiB/s ETA 00:13 (frag 34/59)
[download]  57.6% of ~ 211.85MiB at    7.65MiB/s ETA 00:13 (frag 35/59)
[download]  59.1% of ~ 206.31MiB at    7.65MiB/s ETA 00:13 (frag 35/59)
[download]  59.1% of ~ 206.31MiB at    7.65MiB/s ETA 00:13 (frag 35/59)
[download]  59.1% of ~ 206.31MiB at    7.65MiB/s ETA 00:13 (frag 35/59)
[download]  59.1% of ~ 206.32MiB at    7.89MiB/s ETA 00:13 (frag 35/59)
[download]  59.1% of ~ 206.33MiB at    7.89MiB/s ETA 00:13 (frag 35/59)
[download]  59.2% of ~ 206.36MiB at    7.89MiB/s ETA 00:13 (frag 35/59)
[download]  59.2% of ~ 206.41MiB at    7.95MiB/s ETA 00:12 (frag 35/59)
[download]  59.3% of ~ 206.10MiB at    7.81MiB/s ETA 00:12 (frag 35/59)
[download]  59.3% of ~ 206.10MiB at    7.81MiB/s ETA 00:12 (frag 35/59)
[download]  59.3% of ~ 206.10MiB at    7.81MiB/s ETA 00:12 (frag 35/59)
[download]  59.3% of ~ 206.11MiB at    7.81MiB/s ETA 00:12 (frag 35/59)
[download]  59.3% of ~ 206.12MiB at    7.81MiB/s ETA 00:12 (frag 35/59)
[download]  59.3% of ~ 206.15MiB at    7.81MiB/s ETA 00:12 (frag 35/59)
[download]  59.2% of ~ 206.61MiB at    7.81MiB/s ETA 00:12 (frag 35/59)
[download]  59.8% of ~ 206.92MiB at    7.81MiB/s ETA 00:12 (frag 35/59)
[download]  59.3% of ~ 208.79MiB at    7.81MiB/s ETA 00:12 (frag 35/59)
[download]  59.4% of ~ 208.55MiB at    7.81MiB/s ETA 00:12 (frag 35/59)
[download]  59.4% of ~ 208.55MiB at    7.81MiB/s ETA 00:12 (frag 35/59)
[download]  59.4% of ~ 208.55MiB at    7.81MiB/s ETA 00:12 (frag 35/59)
[download]  59.3% of ~ 208.91MiB at    7.81MiB/s ETA 00:12 (frag 35/59)
[download]  59.4% of ~ 208.77MiB at    7.81MiB/s ETA 00:12 (frag 35/59)
[download]  59.4% of ~ 208.89MiB at    7.80MiB/s ETA 00:12 (frag 35/59)
[download]  59.4% of ~ 208.89MiB at    7.80MiB/s ETA 00:12 (frag 35/59)
[download]  59.4% of ~ 208.89MiB at    7.80MiB/s ETA 00:12 (frag 35/59)
[download]  59.4% of ~ 208.90MiB at    7.80MiB/s ETA 00:12 (frag 35/59)
[download]  59.4% of ~ 208.91MiB at    7.80MiB/s ETA 00:12 (frag 35/59)
[download]  59.4% of ~ 208.83MiB at    7.75MiB/s ETA 00:12 (frag 35/59)
[download]  59.3% of ~ 209.61MiB at    7.75MiB/s ETA 00:12 (frag 35/59)
[download]  59.4% of ~ 209.26MiB at    7.75MiB/s ETA 00:12 (frag 35/59)
[download]  59.4% of ~ 209.42MiB at    7.63MiB/s ETA 00:12 (frag 35/59)
[download]  59.3% of ~ 209.85MiB at    7.63MiB/s ETA 00:12 (frag 35/59)
[download]  59.3% of ~ 209.85MiB at    7.63MiB/s ETA 00:12 (frag 35/59)
[download]  59.3% of ~ 209.86MiB at    7.63MiB/s ETA 00:12 (frag 35/59)
[download]  59.3% of ~ 209.86MiB at    7.63MiB/s ETA 00:12 (frag 35/59)
[download]  59.4% of ~ 209.74MiB at    7.52MiB/s ETA 00:12 (frag 35/59)
[download]  59.4% of ~ 209.91MiB at    7.52MiB/s ETA 00:12 (frag 35/59)
[download]  59.3% of ~ 210.39MiB at    7.52MiB/s ETA 00:12 (frag 35/59)
[download]  59.3% of ~ 210.41MiB at    7.52MiB/s ETA 00:12 (frag 35/59)
[download]  59.3% of ~ 210.46MiB at    7.52MiB/s ETA 00:12 (frag 35/59)
[download]  59.4% of ~ 210.19MiB at    7.40MiB/s ETA 00:12 (frag 35/59)
[download]  59.6% of ~ 211.14MiB at    7.40MiB/s ETA 00:12 (frag 35/59)
[download]  59.2% of ~ 212.60MiB at    7.40MiB/s ETA 00:12 (frag 36/59)
[download]  61.0% of ~ 206.49MiB at    7.33MiB/s ETA 00:12 (frag 36/59)
[download]  61.1% of ~ 206.96MiB at    7.34MiB/s ETA 00:12 (frag 36/59)
[download]  61.0% of ~ 207.48MiB at    7.34MiB/s ETA 00:12 (frag 36/59)
[download]  61.1% of ~ 207.41MiB at    7.37MiB/s ETA 00:11 (frag 36/59)
[download]  60.9% of ~ 207.95MiB at    7.37MiB/s ETA 00:11 (frag 36/59)
[download]  60.9% of ~ 207.95MiB at    7.37MiB/s ETA 00:11 (frag 36/59)
[download]  60.9% of ~ 207.95MiB at    7.37MiB/s ETA 00:11 (frag 36/59)
[download]  60.9% of ~ 207.96MiB at    7.37MiB/s ETA 00:11 (frag 36/59)
[download]  61.2% of ~ 207.87MiB at    7.31MiB/s ETA 00:11 (frag 36/59)
[download]  61.2% of ~ 208.44MiB at    7.31MiB/s ETA 00:11 (frag 36/59)
[download]  61.3% of ~ 208.84MiB at    7.30MiB/s ETA 00:11 (frag 36/59)
[download]  61.0% of ~ 209.97MiB at    7.30MiB/s ETA 00:11 (frag 36/59)
[download]  61.0% of ~ 209.99MiB at    7.30MiB/s ETA 00:11 (frag 36/59)
[download]  61.1% of ~ 209.60MiB at    7.29MiB/s ETA 00:11 (frag 36/59)
[download]  61.0% of ~ 210.22MiB at    7.19MiB/s ETA 00:11 (frag 36/59)
[download]  61.2% of ~ 210.36MiB at    7.11MiB/s ETA 00:11 (frag 36/59)
[download]  61.3% of ~ 211.42MiB at    7.11MiB/s ETA 00:11 (frag 36/59)
[download]  61.0% of ~ 212.68MiB at    7.11MiB/s ETA 00:11 (frag 36/59)
[download]  61.1% of ~ 212.88MiB at    7.11MiB/s ETA 00:11 (frag 36/59)
[download]  61.2% of ~ 212.84MiB at    7.11MiB/s ETA 00:11 (frag 36/59)
[download]  61.2% of ~ 213.64MiB at    7.12MiB/s ETA 00:11 (frag 36/59)
[download]  61.6% of ~ 214.10MiB at    7.12MiB/s ETA 00:11 (frag 36/59)
[download]  61.5% of ~ 216.06MiB at    7.10MiB/s ETA 00:11 (frag 36/59)
[download]  61.8% of ~ 217.29MiB at    7.15MiB/s ETA 00:11 (frag 36/59)
[download]  61.1% of ~ 219.65MiB at    7.15MiB/s ETA 00:11 (frag 37/59)
[download]  63.2% of ~ 214.20MiB at    7.15MiB/s ETA 00:11 (frag 37/59)
[download]  63.0% of ~ 215.32MiB at    7.22MiB/s ETA 00:11 (frag 37/59)
[download]  63.5% of ~ 216.75MiB at    7.36MiB/s ETA 00:11 (frag 37/59)
[download]  62.7% of ~ 219.67MiB at    7.36MiB/s ETA 00:11 (frag 37/59)
[download]  62.6% of ~ 219.70MiB at    7.36MiB/s ETA 00:11 (frag 38/59)
[download]  64.3% of ~ 214.15MiB at    7.36MiB/s ETA 00:11 (frag 38/59)
[download]  64.3% of ~ 214.16MiB at    7.36MiB/s ETA 00:11 (frag 38/59)
[download]  64.3% of ~ 214.16MiB at    7.36MiB/s ETA 00:11 (frag 38/59)
[download]  64.3% of ~ 214.17MiB at    7.36MiB/s ETA 00:11 (frag 38/59)
[download]  64.3% of ~ 214.18MiB at    7.36MiB/s ETA 00:11 (frag 38/59)
[download]  64.3% of ~ 214.20MiB at    7.32MiB/s ETA 00:11 (frag 38/59)
[download]  64.3% of ~ 214.25MiB at    7.32MiB/s ETA 00:11 (frag 38/59)
[download]  65.1% of ~ 214.00MiB at    7.35MiB/s ETA 00:11 (frag 38/59)
[download]  65.2% of ~ 216.19MiB at    7.35MiB/s ETA 00:11 (frag 38/59)
[download]  64.4% of ~ 218.75MiB at    7.35MiB/s ETA 00:11 (frag 39/59)
[download]  66.0% of ~ 213.64MiB at    7.35MiB/s ETA 00:11 (frag 39/59)
[download]  66.2% of ~ 213.49MiB at    7.24MiB/s ETA 00:11 (frag 39/59)
[download]  66.1% of ~ 213.85MiB at    7.24MiB/s ETA 00:11 (frag 40/59)
[download]  67.7% of ~ 208.96MiB at    7.24MiB/s ETA 00:11 (frag 40/59)
[download]  67.9% of ~ 209.32MiB at    7.11MiB/s ETA 00:11 (frag 40/59)
[download]  68.1% of ~ 209.29MiB at    7.11MiB/s ETA 00:11 (frag 40/59)
[download]  67.4% of ~ 211.50MiB at    7.10MiB/s ETA 00:10 (frag 40/59)
[download]  67.4% of ~ 211.51MiB at    7.10MiB/s ETA 00:10 (frag 40/59)
[download]  67.4% of ~ 211.51MiB at    7.10MiB/s ETA 00:10 (frag 40/59)
[download]  67.4% of ~ 211.51MiB at    7.10MiB/s ETA 00:10 (frag 40/59)
[download]  67.4% of ~ 211.53MiB at    7.10MiB/s ETA 00:10 (frag 40/59)
[download]  67.4% of ~ 211.55MiB at    7.10MiB/s ETA 00:10 (frag 40/59)
[download]  67.4% of ~ 211.59MiB at    7.10MiB/s ETA 00:10 (frag 40/59)
[download]  67.5% of ~ 211.51MiB at    7.10MiB/s ETA 00:10 (frag 40/59)
[download]  67.5% of ~ 211.51MiB at    7.10MiB/s ETA 00:10 (frag 40/59)
[download]  67.5% of ~ 211.51MiB at    7.10MiB/s ETA 00:10 (frag 40/59)
[download]  67.5% of ~ 211.52MiB at    7.10MiB/s ETA 00:10 (frag 40/59)
[download]  67.5% of ~ 211.53MiB at    7.10MiB/s ETA 00:10 (frag 40/59)
[download]  67.5% of ~ 211.73MiB at    6.86MiB/s ETA 00:10 (frag 40/59)
[download]  67.4% of ~ 212.03MiB at    6.86MiB/s ETA 00:10 (frag 40/59)
[download]  67.4% of ~ 212.03MiB at    6.86MiB/s ETA 00:10 (frag 40/59)
[download]  67.4% of ~ 212.03MiB at    6.86MiB/s ETA 00:10 (frag 40/59)
[download]  67.4% of ~ 212.04MiB at    6.86MiB/s ETA 00:10 (frag 40/59)
[download]  67.4% of ~ 212.05MiB at    6.86MiB/s ETA 00:10 (frag 40/59)
[download]  67.4% of ~ 212.07MiB at    6.86MiB/s ETA 00:10 (frag 40/59)
[download]  67.4% of ~ 212.12MiB at    6.65MiB/s ETA 00:10 (frag 40/59)
[download]  67.5% of ~ 212.08MiB at    6.65MiB/s ETA 00:10 (frag 40/59)
[download]  67.5% of ~ 212.27MiB at    6.65MiB/s ETA 00:10 (frag 40/59)
[download]  67.5% of ~ 212.31MiB at    6.65MiB/s ETA 00:10 (frag 40/59)
[download]  67.4% of ~ 212.70MiB at    6.54MiB/s ETA 00:10 (frag 40/59)
[download]  67.5% of ~ 212.88MiB at    6.54MiB/s ETA 00:10 (frag 40/59)
[download]  67.5% of ~ 212.94MiB at    6.54MiB/s ETA 00:10 (frag 40/59)
[download]  67.6% of ~ 213.12MiB at    6.54MiB/s ETA 00:10 (frag 40/59)
[download]  67.7% of ~ 213.66MiB at    6.54MiB/s ETA 00:10 (frag 40/59)
[download]  67.6% of ~ 214.50MiB at    6.52MiB/s ETA 00:10 (frag 40/59)
[download]  68.3% of ~ 213.70MiB at    6.44MiB/s ETA 00:10 (frag 40/59)
[download]  68.1% of ~ 215.56MiB at    6.41MiB/s ETA 00:10 (frag 40/59)
[download]  67.8% of ~ 217.47MiB at    6.29MiB/s ETA 00:10 (frag 40/59)
[download]  67.9% of ~ 218.37MiB at    6.29MiB/s ETA 00:10 (frag 40/59)
[download]  68.1% of ~ 219.16MiB at    6.27MiB/s ETA 00:10 (frag 40/59)
[download]  67.9% of ~ 221.18MiB at    6.36MiB/s ETA 00:10 (frag 40/59)
[download]  67.9% of ~ 222.32MiB at    6.43MiB/s ETA 00:10 (frag 40/59)
[download]  68.2% of ~ 222.84MiB at    6.43MiB/s ETA 00:10 (frag 40/59)
[download]  67.7% of ~ 224.37MiB at    6.43MiB/s ETA 00:10 (frag 41/59)
[download]  69.8% of ~ 219.66MiB at    6.57MiB/s ETA 00:10 (frag 41/59)
[download]  69.7% of ~ 221.63MiB at    6.57MiB/s ETA 00:10 (frag 41/59)
[download]  70.0% of ~ 221.79MiB at    6.41MiB/s ETA 00:10 (frag 41/59)
[download]  69.3% of ~ 224.15MiB at    6.41MiB/s ETA 00:10 (frag 41/59)
[download]  69.3% of ~ 224.15MiB at    6.41MiB/s ETA 00:10 (frag 41/59)
[download]  69.3% of ~ 224.15MiB at    6.41MiB/s ETA 00:10 (frag 41/59)
[download]  69.3% of ~ 224.16MiB at    6.41MiB/s ETA 00:10 (frag 41/59)
[download]  69.3% of ~ 224.17MiB at    6.41MiB/s ETA 00:10 (frag 41/59)
[download]  69.3% of ~ 224.19MiB at    6.41MiB/s ETA 00:10 (frag 41/59)
[download]  69.3% of ~ 224.24MiB at    6.41MiB/s ETA 00:10 (frag 41/59)
[download]  69.9% of ~ 224.27MiB at    6.47MiB/s ETA 00:10 (frag 41/59)
[download]  69.7% of ~ 226.37MiB at    6.49MiB/s ETA 00:10 (frag 41/59)
[download]  69.3% of ~ 227.86MiB at    6.49MiB/s ETA 00:10 (frag 42/59)
[download]  71.0% of ~ 222.45MiB at    6.49MiB/s ETA 00:10 (frag 42/59)
[download]  71.5% of ~ 222.85MiB at    6.59MiB/s ETA 00:10 (frag 42/59)
[download]  70.9% of ~ 224.64MiB at    6.59MiB/s ETA 00:10 (frag 43/59)
[download]  72.7% of ~ 219.31MiB at    6.64MiB/s ETA 00:10 (frag 43/59)
[download]  73.2% of ~ 218.46MiB at    6.56MiB/s ETA 00:10 (frag 43/59)
[download]  73.0% of ~ 218.93MiB at    6.56MiB/s ETA 00:10 (frag 44/59)
[download]  74.5% of ~ 215.22MiB at    6.56MiB/s ETA 00:10 (frag 44/59)
[download]  74.9% of ~ 215.83MiB at    6.56MiB/s ETA 00:10 (frag 44/59)
[download]  74.3% of ~ 217.41MiB at    6.56MiB/s ETA 00:10 (frag 45/59)
[download]  75.8% of ~ 213.03MiB at    6.63MiB/s ETA 00:10 (frag 45/59)
[download]  75.8% of ~ 213.03MiB at    6.63MiB/s ETA 00:10 (frag 45/59)
[download]  75.8% of ~ 213.03MiB at    6.63MiB/s ETA 00:10 (frag 45/59)
[download]  75.8% of ~ 213.04MiB at    6.63MiB/s ETA 00:10 (frag 45/59)
[download]  75.8% of ~ 213.05MiB at    6.63MiB/s ETA 00:10 (frag 45/59)
[download]  75.9% of ~ 213.07MiB at    6.63MiB/s ETA 00:10 (frag 45/59)
[download]  75.9% of ~ 213.11MiB at    6.63MiB/s ETA 00:10 (frag 45/59)
[download]  75.6% of ~ 213.75MiB at    6.67MiB/s ETA 00:09 (frag 45/59)
[download]  75.6% of ~ 213.75MiB at    6.67MiB/s ETA 00:09 (frag 45/59)
[download]  75.6% of ~ 213.75MiB at    6.67MiB/s ETA 00:09 (frag 45/59)
[download]  75.6% of ~ 213.76MiB at    6.67MiB/s ETA 00:09 (frag 45/59)
[download]  75.7% of ~ 213.77MiB at    6.67MiB/s ETA 00:09 (frag 45/59)
[download]  75.7% of ~ 213.79MiB at    6.67MiB/s ETA 00:09 (frag 45/59)
[download]  75.7% of ~ 213.83MiB at    6.67MiB/s ETA 00:09 (frag 45/59)
[download]  75.9% of ~ 213.35MiB at    6.67MiB/s ETA 00:09 (frag 45/59)
[download]  75.7% of ~ 214.07MiB at    6.67MiB/s ETA 00:09 (frag 45/59)
[download]  76.4% of ~ 213.37MiB at    6.67MiB/s ETA 00:09 (frag 45/59)
[download]  76.9% of ~ 211.91MiB at    6.73MiB/s ETA 00:09 (frag 45/59)
[download]  76.9% of ~ 211.91MiB at    6.73MiB/s ETA 00:09 (frag 45/59)
[download]  76.9% of ~ 211.91MiB at    6.73MiB/s ETA 00:09 (frag 45/59)
[download]  77.0% of ~ 211.92MiB at    6.73MiB/s ETA 00:09 (frag 45/59)
[download]  77.0% of ~ 211.93MiB at    6.73MiB/s ETA 00:09 (frag 45/59)
[download]  76.0% of ~ 214.99MiB at    6.80MiB/s ETA 00:09 (frag 45/59)
[download]  77.0% of ~ 212.27MiB at    6.80MiB/s ETA 00:09 (frag 45/59)
[download]  77.0% of ~ 212.31MiB at    6.80MiB/s ETA 00:09 (frag 45/59)
[download]  77.0% of ~ 212.39MiB at    6.80MiB/s ETA 00:09 (frag 45/59)
[download]  76.3% of ~ 214.40MiB at    6.78MiB/s ETA 00:08 (frag 45/59)
[download]  76.3% of ~ 214.40MiB at    6.78MiB/s ETA 00:08 (frag 45/59)
[download]  76.3% of ~ 214.40MiB at    6.78MiB/s ETA 00:08 (frag 45/59)
[download]  76.3% of ~ 214.41MiB at    6.78MiB/s ETA 00:08 (frag 45/59)
[download]  75.8% of ~ 216.17MiB at    6.78MiB/s ETA 00:08 (frag 45/59)
[download]  76.1% of ~ 215.93MiB at    6.77MiB/s ETA 00:08 (frag 45/59)
[download]  76.3% of ~ 215.38MiB at    6.77MiB/s ETA 00:08 (frag 45/59)
[download]  75.9% of ~ 217.15MiB at    6.77MiB/s ETA 00:08 (frag 45/59)
[download]  76.3% of ~ 216.04MiB at    6.77MiB/s ETA 00:08 (frag 45/59)
[download]  77.1% of ~ 214.23MiB at    6.77MiB/s ETA 00:08 (frag 45/59)
[download]  77.2% of ~ 214.55MiB at    6.80MiB/s ETA 00:08 (frag 45/59)
[download]  76.3% of ~ 217.04MiB at    6.80MiB/s ETA 00:08 (frag 45/59)
[download]  76.9% of ~ 218.02MiB at    6.98MiB/s ETA 00:08 (frag 45/59)
[download]  76.2% of ~ 220.59MiB at    7.08MiB/s ETA 00:08 (frag 45/59)
[download]  76.0% of ~ 220.97MiB at    7.08MiB/s ETA 00:08 (frag 46/59)
[download]  78.0% of ~ 215.39MiB at    7.08MiB/s ETA 00:08 (frag 46/59)
[download]  77.8% of ~ 217.26MiB at    7.19MiB/s ETA 00:08 (frag 46/59)
[download]  78.0% of ~ 217.97MiB at    7.19MiB/s ETA 00:08 (frag 46/59)
[download]  79.1% of ~ 216.25MiB at    7.41MiB/s ETA 00:07 (frag 46/59)
[download]  78.7% of ~ 217.34MiB at    7.41MiB/s ETA 00:07 (frag 46/59)
[download]  78.7% of ~ 217.34MiB at    7.41MiB/s ETA 00:07 (frag 46/59)
[download]  78.7% of ~ 217.34MiB at    7.41MiB/s ETA 00:07 (frag 46/59)
[download]  78.7% of ~ 217.34MiB at    7.41MiB/s ETA 00:07 (frag 46/59)
[download]  78.7% of ~ 217.35MiB at    7.41MiB/s ETA 00:07 (frag 46/59)
[download]  78.7% of ~ 217.37MiB at    7.41MiB/s ETA 00:07 (frag 46/59)
[download]  78.8% of ~ 217.41MiB at    7.51MiB/s ETA 00:07 (frag 46/59)
[download]  78.7% of ~ 217.66MiB at    7.51MiB/s ETA 00:07 (frag 46/59)
[download]  78.7% of ~ 217.86MiB at    7.51MiB/s ETA 00:07 (frag 47/59)
[download]  79.8% of ~ 215.09MiB at    7.51MiB/s ETA 00:07 (frag 47/59)
[download]  79.9% of ~ 217.08MiB at    7.64MiB/s ETA 00:07 (frag 47/59)
[download]  80.5% of ~ 215.73MiB at    7.42MiB/s ETA 00:07 (frag 47/59)
[download]  79.6% of ~ 219.50MiB at    7.34MiB/s ETA 00:07 (frag 47/59)
[download]  79.1% of ~ 220.88MiB at    7.34MiB/s ETA 00:07 (frag 48/59)
[download]  82.2% of ~ 212.83MiB at    7.24MiB/s ETA 00:07 (frag 48/59)
[download]  81.7% of ~ 216.10MiB at    7.24MiB/s ETA 00:07 (frag 48/59)
[download]  82.3% of ~ 215.14MiB at    7.33MiB/s ETA 00:06 (frag 48/59)
[download]  81.6% of ~ 217.55MiB at    7.39MiB/s ETA 00:06 (frag 48/59)
[download]  81.4% of ~ 219.27MiB at    7.38MiB/s ETA 00:06 (frag 48/59)
[download]  81.0% of ~ 220.26MiB at    7.38MiB/s ETA 00:06 (frag 49/59)
[download]  83.7% of ~ 213.04MiB at    7.38MiB/s ETA 00:06 (frag 49/59)
[download]  83.7% of ~ 213.04MiB at    7.38MiB/s ETA 00:06 (frag 49/59)
[download]  83.7% of ~ 213.04MiB at    7.38MiB/s ETA 00:06 (frag 49/59)
[download]  83.7% of ~ 213.05MiB at    7.38MiB/s ETA 00:06 (frag 49/59)
[download]  83.7% of ~ 213.06MiB at    7.38MiB/s ETA 00:06 (frag 49/59)
[download]  83.8% of ~ 213.07MiB at    7.38MiB/s ETA 00:06 (frag 49/59)
[download]  84.2% of ~ 212.97MiB at    7.38MiB/s ETA 00:06 (frag 49/59)
[download]  83.9% of ~ 213.98MiB at    7.38MiB/s ETA 00:06 (frag 49/59)
[download]  83.8% of ~ 214.31MiB at    7.38MiB/s ETA 00:06 (frag 50/59)
[download]  85.5% of ~ 210.24MiB at    7.38MiB/s ETA 00:06 (frag 50/59)
[download]  85.5% of ~ 210.04MiB at    7.01MiB/s ETA 00:06 (frag 50/59)
[download]  85.5% of ~ 210.04MiB at    7.01MiB/s ETA 00:06 (frag 50/59)
[download]  85.5% of ~ 210.04MiB at    7.01MiB/s ETA 00:06 (frag 50/59)
[download]  85.5% of ~ 210.05MiB at    7.01MiB/s ETA 00:06 (frag 50/59)
[download]  85.5% of ~ 210.17MiB at    7.01MiB/s ETA 00:06 (frag 50/59)
[download]  85.5% of ~ 210.06MiB at    7.01MiB/s ETA 00:06 (frag 50/59)
[download]  85.5% of ~ 210.19MiB at    7.01MiB/s ETA 00:06 (frag 50/59)
[download]  85.5% of ~ 210.20MiB at    7.01MiB/s ETA 00:06 (frag 50/59)
[download]  85.5% of ~ 210.20MiB at    7.01MiB/s ETA 00:06 (frag 50/59)
[download]  85.5% of ~ 210.21MiB at    7.01MiB/s ETA 00:06 (frag 50/59)
[download]  85.5% of ~ 210.23MiB at    7.01MiB/s ETA 00:06 (frag 50/59)
[download]  85.5% of ~ 210.26MiB at    7.01MiB/s ETA 00:06 (frag 50/59)
[download]  85.5% of ~ 210.49MiB at    7.01MiB/s ETA 00:06 (frag 50/59)
[download]  85.6% of ~ 210.36MiB at    6.75MiB/s ETA 00:06 (frag 50/59)
[download] Got error: SocksHTTPSConnectionPool(host='hls-cdn77.xvideos-cdn.com', port=443): Read timed out.. Retrying (1/10)...
[download]  85.5% of ~ 210.52MiB at    6.63MiB/s ETA 00:06 (frag 50/59)
[download]  85.6% of ~ 210.54MiB at    6.50MiB/s ETA 00:06 (frag 50/59)
[download]  85.6% of ~ 210.73MiB at    6.50MiB/s ETA 00:06 (frag 50/59)
[download]  85.6% of ~ 210.90MiB at    6.43MiB/s ETA 00:05 (frag 50/59)
[download]  85.5% of ~ 211.33MiB at    6.43MiB/s ETA 00:05 (frag 50/59)
[download]  85.4% of ~ 211.57MiB at    6.43MiB/s ETA 00:05 (frag 50/59)
[download]  85.4% of ~ 211.57MiB at    6.43MiB/s ETA 00:05 (frag 50/59)
[download]  85.4% of ~ 211.57MiB at    6.43MiB/s ETA 00:05 (frag 50/59)
[download]  85.5% of ~ 211.58MiB at    6.43MiB/s ETA 00:05 (frag 50/59)
[download]  85.5% of ~ 211.59MiB at    6.43MiB/s ETA 00:05 (frag 50/59)
[download]  85.5% of ~ 211.60MiB at    6.43MiB/s ETA 00:05 (frag 50/59)
[download]  85.5% of ~ 211.64MiB at    6.28MiB/s ETA 00:05 (frag 50/59)
[download]  85.7% of ~ 211.76MiB at    6.28MiB/s ETA 00:05 (frag 50/59)
[download]  85.7% of ~ 212.06MiB at    6.23MiB/s ETA 00:05 (frag 50/59)
[download]  85.5% of ~ 212.58MiB at    6.23MiB/s ETA 00:05 (frag 50/59)
[download]  85.8% of ~ 212.49MiB at    6.23MiB/s ETA 00:05 (frag 50/59)
[download]  85.0% of ~ 215.03MiB at    6.23MiB/s ETA 00:05 (frag 50/59)
[download]  85.9% of ~ 214.01MiB at    6.34MiB/s ETA 00:05 (frag 50/59)
[download]  85.5% of ~ 215.16MiB at    6.34MiB/s ETA 00:05 (frag 50/59)
[download]  85.4% of ~ 215.33MiB at    6.34MiB/s ETA 00:05 (frag 51/59)
[download]  87.4% of ~ 211.03MiB at    6.46MiB/s ETA 00:05 (frag 51/59)
[download]  87.3% of ~ 211.71MiB at    6.46MiB/s ETA 00:05 (frag 51/59)
[download]  87.4% of ~ 211.99MiB at    6.53MiB/s ETA 00:05 (frag 51/59)
[download]  87.8% of ~ 211.02MiB at    6.53MiB/s ETA 00:05 (frag 51/59)
[download]  87.8% of ~ 211.02MiB at    6.53MiB/s ETA 00:05 (frag 51/59)
[download]  87.8% of ~ 211.02MiB at    6.53MiB/s ETA 00:05 (frag 51/59)
[download]  87.8% of ~ 211.03MiB at    6.53MiB/s ETA 00:05 (frag 51/59)
[download]  87.7% of ~ 212.35MiB at    6.53MiB/s ETA 00:05 (frag 51/59)
[download]  87.2% of ~ 213.37MiB at    6.53MiB/s ETA 00:05 (frag 52/59)
[download]  89.5% of ~ 208.06MiB at    6.45MiB/s ETA 00:05 (frag 52/59)
[download]  89.5% of ~ 208.07MiB at    6.45MiB/s ETA 00:05 (frag 52/59)
[download]  89.3% of ~ 209.51MiB at    6.43MiB/s ETA 00:04 (frag 52/59)
[download]  88.9% of ~ 210.54MiB at    6.43MiB/s ETA 00:04 (frag 52/59)
[download]  88.9% of ~ 210.63MiB at    6.43MiB/s ETA 00:04 (frag 53/59)
[download]  90.0% of ~ 208.47MiB at    6.18MiB/s ETA 00:04 (frag 53/59)
[download]  91.2% of ~ 205.86MiB at    6.18MiB/s ETA 00:04 (frag 53/59)
[download]  91.2% of ~ 205.93MiB at    6.18MiB/s ETA 00:04 (frag 53/59)
[download]  91.3% of ~ 206.07MiB at    5.87MiB/s ETA 00:04 (frag 53/59)
[download]  91.3% of ~ 206.34MiB at    5.87MiB/s ETA 00:04 (frag 53/59)
[download]  91.2% of ~ 206.61MiB at    5.87MiB/s ETA 00:04 (frag 54/59)
[download]  92.7% of ~ 204.31MiB at    5.71MiB/s ETA 00:04 (frag 54/59)
[download]  92.2% of ~ 205.38MiB at    5.48MiB/s ETA 00:04 (frag 54/59)
[download]  92.2% of ~ 205.49MiB at    5.48MiB/s ETA 00:04 (frag 55/59)
[download]  93.4% of ~ 203.40MiB at    5.35MiB/s ETA 00:04 (frag 55/59)
[download]  93.4% of ~ 203.59MiB at    5.35MiB/s ETA 00:04 (frag 55/59)
[download]  93.4% of ~ 203.60MiB at    5.35MiB/s ETA 00:04 (frag 55/59)
[download]  93.4% of ~ 203.60MiB at    5.35MiB/s ETA 00:04 (frag 55/59)
[download]  93.4% of ~ 203.60MiB at    5.35MiB/s ETA 00:04 (frag 55/59)
[download]  93.4% of ~ 203.61MiB at    5.05MiB/s ETA 00:04 (frag 55/59)
[download]  93.4% of ~ 203.63MiB at    4.72MiB/s ETA 00:03 (frag 55/59)
[download]  93.4% of ~ 203.66MiB at    4.51MiB/s ETA 00:03 (frag 55/59)
[download]  93.4% of ~ 203.72MiB at    4.29MiB/s ETA 00:03 (frag 55/59)
[download]  93.5% of ~ 204.30MiB at    4.11MiB/s ETA 00:03 (frag 55/59)
[download]  93.5% of ~ 204.60MiB at    4.11MiB/s ETA 00:03 (frag 55/59)
[download]  93.6% of ~ 204.87MiB at    4.00MiB/s ETA 00:03 (frag 55/59)
[download]  93.5% of ~ 205.39MiB at    3.55MiB/s ETA 00:03 (frag 55/59)
[download]  93.4% of ~ 205.58MiB at    3.55MiB/s ETA 00:03 (frag 56/59)
[download]  95.0% of ~ 202.41MiB at    3.19MiB/s ETA 00:04 (frag 56/59)
[download]  94.8% of ~ 202.66MiB at    3.19MiB/s ETA 00:04 (frag 57/59)
[download] Got error: SocksHTTPSConnectionPool(host='hls-cdn77.xvideos-cdn.com', port=443): Read timed out.. Retrying (1/10)...
[download]  96.4% of ~ 199.44MiB at      0.00B/s ETA Unknown (frag 57/59)
[download]  96.4% of ~ 199.44MiB at      0.00B/s ETA Unknown (frag 57/59)
[download]  96.4% of ~ 199.44MiB at      0.00B/s ETA Unknown (frag 57/59)
[download]  96.4% of ~ 199.44MiB at      0.00B/s ETA Unknown (frag 57/59)
[download]  96.4% of ~ 199.45MiB at  115.38KiB/s ETA 00:19 (frag 57/59)
[download]  96.4% of ~ 199.47MiB at  188.91KiB/s ETA 00:19 (frag 57/59)
[download]  96.4% of ~ 199.50MiB at  242.12KiB/s ETA 00:19 (frag 57/59)
[download]  96.4% of ~ 199.56MiB at  271.08KiB/s ETA 00:19 (frag 57/59)
[download]  96.5% of ~ 199.69MiB at  355.70KiB/s ETA 00:18 (frag 57/59)
[download]  96.6% of ~ 199.94MiB at  521.52KiB/s ETA 00:17 (frag 57/59)
[download]  96.9% of ~ 200.45MiB at  821.76KiB/s ETA 00:16 (frag 57/59)
[download]  96.8% of ~ 201.47MiB at    1.14MiB/s ETA 00:15 (frag 57/59)
[download]  96.4% of ~ 202.35MiB at    1.14MiB/s ETA 00:15 (frag 58/59)
[download] Got error: SocksHTTPSConnectionPool(host='hls-cdn77.xvideos-cdn.com', port=443): Read timed out.. Retrying (1/10)...
[download]  98.2% of ~ 198.68MiB at      0.00B/s ETA Unknown (frag 58/59)
[download]  98.2% of ~ 198.68MiB at      0.00B/s ETA Unknown (frag 58/59)
[download]  98.2% of ~ 198.68MiB at      0.00B/s ETA Unknown (frag 58/59)
[download]  98.2% of ~ 198.69MiB at      0.00B/s ETA Unknown (frag 58/59)
[download]  98.2% of ~ 198.69MiB at   28.75KiB/s ETA 00:38 (frag 58/59)
[download]  98.2% of ~ 198.71MiB at   28.75KiB/s ETA 00:38 (frag 58/59)
[download]  98.2% of ~ 198.74MiB at   89.23KiB/s ETA 00:36 (frag 58/59)
[download]  98.2% of ~ 198.80MiB at  149.55KiB/s ETA 00:33 (frag 58/59)
[download]  98.3% of ~ 198.93MiB at  262.58KiB/s ETA 00:31 (frag 58/59)
[download]  98.4% of ~ 199.18MiB at  420.20KiB/s ETA 00:28 (frag 58/59)
[download]  98.7% of ~ 199.68MiB at  695.05KiB/s ETA 00:25 (frag 58/59)
[download]  98.5% of ~ 200.68MiB at  947.19KiB/s ETA 00:23 (frag 58/59)
[download]  98.2% of ~ 201.31MiB at  947.19KiB/s ETA 00:23 (frag 59/59)
[download] 100% of  197.68MiB in 00:00:41 at 4.73MiB/s
[FixupM3u8] Fixing MPEG-TS in MP4 container of "D:\ĎÂÔŘ\My_best_friend_lets_me_fuck_and_cum_inside_her_finally-uohvvde0bf2.mp4"
[Metadata] Adding metadata to "D:\ĎÂÔŘ\My_best_friend_lets_me_fuck_and_cum_inside_her_finally-uohvvde0bf2.mp4"
