[generic] Extracting URL: https://www.xvideos.com/prof-video-click/upload/myamya42/udiebbd8fc3/_
[generic] _: Downloading webpage
[redirect] Following redirect to https://www.xvideos.com/video.udiebbd8fc3/myanmar_wife_has_pretty_boobs_and_cheat_with_my_friend
[XVideos] Extracting URL: https://www.xvideos.com/video.udiebbd8fc3/myanmar_wife_has_pretty_boobs_and_cheat_with_my_friend
[XVideos] udiebbd8fc3: Downloading webpage
[XVideos] udiebbd8fc3: Downloading m3u8 information
[XVideos] udiebbd8fc3: Checking hls-480p video format URL
[XVideos] udiebbd8fc3: Checking hls-720p video format URL
[XVideos] udiebbd8fc3: Checking hls-1080p video format URL
[XVideos] udiebbd8fc3: Checking hls-360p video format URL
[XVideos] udiebbd8fc3: Checking hls-250p video format URL
[info] udiebbd8fc3: Downloading 1 format(s): hls-1080p
[info] Downloading video thumbnail 1 ...
[info] Writing video thumbnail 1 to: D:\ĎÂÔŘ\Myanmar_wife_has_pretty_boobs_and_cheat_with_my_friend-udiebbd8fc3.jpg
[hlsnative] Downloading m3u8 manifest
[hlsnative] Total fragments: 62
[download] Destination: D:\ĎÂÔŘ\Myanmar_wife_has_pretty_boobs_and_cheat_with_my_friend-udiebbd8fc3.mp4
[download]   0.0% of ~ 264.15MiB at    678.15B/s ETA Unknown (frag 0/62)
[download]   0.0% of ~ 264.21MiB at    678.15B/s ETA Unknown (frag 0/62)
[download]   0.0% of ~ 264.33MiB at    678.15B/s ETA Unknown (frag 0/62)
[download]   0.0% of ~ 264.57MiB at    678.15B/s ETA Unknown (frag 0/62)
[download]   0.0% of ~ 265.06MiB at    678.15B/s ETA Unknown (frag 0/62)
[download]   0.0% of ~ 266.03MiB at   26.18KiB/s ETA Unknown (frag 0/62)
[download]   0.0% of ~ 267.96MiB at   66.13KiB/s ETA Unknown (frag 0/62)
[download]   0.1% of ~ 271.84MiB at  132.15KiB/s ETA Unknown (frag 0/62)
[download]   0.2% of ~ 279.59MiB at  248.14KiB/s ETA Unknown (frag 0/62)
[download]   0.2% of ~ 219.48MiB at  306.45KiB/s ETA 08:26 (frag 0/62)
[download]   0.2% of ~ 219.54MiB at  306.45KiB/s ETA 08:26 (frag 0/62)
[download]   0.2% of ~ 219.66MiB at  306.45KiB/s ETA 08:26 (frag 0/62)
[download]   0.2% of ~ 219.90MiB at  306.45KiB/s ETA 08:26 (frag 0/62)
[download]   0.2% of ~ 237.59MiB at  342.53KiB/s ETA 08:32 (frag 0/62)
[download]   0.2% of ~ 237.65MiB at  342.53KiB/s ETA 08:32 (frag 0/62)
[download]   0.2% of ~ 237.78MiB at  342.53KiB/s ETA 08:32 (frag 0/62)
[download]   0.3% of ~ 194.22MiB at  342.53KiB/s ETA 08:32 (frag 0/62)
[download]   0.3% of ~ 194.28MiB at  342.53KiB/s ETA 08:32 (frag 0/62)
[download]   0.2% of ~ 238.20MiB at  342.53KiB/s ETA 08:32 (frag 0/62)
[download]   0.3% of ~ 194.89MiB at  342.53KiB/s ETA 08:32 (frag 0/62)
[download]   0.3% of ~ 195.13MiB at  342.53KiB/s ETA 08:32 (frag 0/62)
[download]   0.2% of ~ 300.67MiB at  342.53KiB/s ETA 08:32 (frag 0/62)
[download]   0.2% of ~ 300.73MiB at  342.53KiB/s ETA 08:32 (frag 0/62)
[download]   0.2% of ~ 300.85MiB at  342.53KiB/s ETA 08:32 (frag 0/62)
[download]   0.2% of ~ 301.09MiB at  342.53KiB/s ETA 08:32 (frag 0/62)
[download]   0.2% of ~ 265.72MiB at  342.53KiB/s ETA 08:32 (frag 0/62)
[download]   0.2% of ~ 265.78MiB at  342.53KiB/s ETA 08:32 (frag 0/62)
[download]   0.2% of ~ 265.90MiB at  342.53KiB/s ETA 08:32 (frag 0/62)
[download]   0.2% of ~ 266.14MiB at  342.53KiB/s ETA 08:32 (frag 0/62)
[download]   0.3% of ~ 197.43MiB at  342.53KiB/s ETA 08:32 (frag 0/62)
[download]   0.3% of ~ 224.99MiB at  342.53KiB/s ETA 08:32 (frag 0/62)
[download]   0.2% of ~ 268.56MiB at  384.63KiB/s ETA 08:38 (frag 0/62)
[download]   0.3% of ~ 244.13MiB at  384.63KiB/s ETA 08:38 (frag 0/62)
[download]   0.3% of ~ 205.14MiB at  384.63KiB/s ETA 08:38 (frag 0/62)
[download]   0.3% of ~ 205.20MiB at  384.63KiB/s ETA 08:38 (frag 0/62)
[download]   0.3% of ~ 205.32MiB at  384.63KiB/s ETA 08:38 (frag 0/62)
[download]   0.3% of ~ 205.56MiB at  384.63KiB/s ETA 08:38 (frag 0/62)
[download]   0.3% of ~ 202.21MiB at  421.32KiB/s ETA 08:27 (frag 0/62)
[download]   0.4% of ~ 306.35MiB at  421.32KiB/s ETA 08:27 (frag 0/62)
[download]   0.4% of ~ 340.21MiB at  421.32KiB/s ETA 08:27 (frag 0/62)
[download]   0.4% of ~ 305.32MiB at  557.16KiB/s ETA 08:12 (frag 0/62)
[download]   0.4% of ~ 343.11MiB at  645.09KiB/s ETA 08:04 (frag 0/62)
[download]   0.5% of ~ 243.83MiB at  645.09KiB/s ETA 08:04 (frag 0/62)
[download]   0.5% of ~ 267.55MiB at  703.20KiB/s ETA 07:48 (frag 0/62)
[download]   0.5% of ~ 246.74MiB at  703.20KiB/s ETA 07:48 (frag 0/62)
[download]   0.4% of ~ 314.04MiB at  746.92KiB/s ETA 07:39 (frag 0/62)
[download]   0.6% of ~ 248.71MiB at  746.92KiB/s ETA 07:39 (frag 0/62)
[download]   0.5% of ~ 296.39MiB at  746.92KiB/s ETA 07:39 (frag 0/62)
[download]   0.4% of ~ 359.58MiB at  791.02KiB/s ETA 07:34 (frag 0/62)
[download]   0.7% of ~ 360.60MiB at  791.02KiB/s ETA 07:34 (frag 0/62)
[download]   0.7% of ~ 364.20MiB at  972.19KiB/s ETA 07:15 (frag 0/62)
[download]   0.8% of ~ 350.87MiB at  972.19KiB/s ETA 07:15 (frag 0/62)
[download]   0.6% of ~ 433.21MiB at  972.19KiB/s ETA 07:15 (frag 0/62)
[download]   0.8% of ~ 339.74MiB at  972.19KiB/s ETA 07:15 (frag 0/62)
[download]   0.7% of ~ 408.97MiB at    1.12MiB/s ETA 06:58 (frag 0/62)
[download]   0.9% of ~ 347.53MiB at    1.24MiB/s ETA 06:39 (frag 0/62)
[download]   0.7% of ~ 460.33MiB at    1.33MiB/s ETA 06:29 (frag 0/62)
[download]   0.9% of ~ 374.61MiB at    1.33MiB/s ETA 06:29 (frag 0/62)
[download]   1.1% of ~ 480.73MiB at    1.33MiB/s ETA 06:29 (frag 0/62)
[download]   1.0% of ~ 546.32MiB at    1.33MiB/s ETA 06:29 (frag 0/62)
[download]   1.0% of ~ 612.48MiB at    1.33MiB/s ETA 06:29 (frag 0/62)
[download]   0.9% of ~ 628.69MiB at    1.33MiB/s ETA 06:29 (frag 1/62)
[download]   2.2% of ~ 276.54MiB at    1.74MiB/s ETA 06:00 (frag 1/62)
[download]   2.0% of ~ 319.65MiB at    1.74MiB/s ETA 06:00 (frag 1/62)
[download]   2.1% of ~ 317.21MiB at    2.04MiB/s ETA 05:35 (frag 1/62)
[download]   2.1% of ~ 317.24MiB at    2.04MiB/s ETA 05:35 (frag 1/62)
[download]   2.1% of ~ 317.30MiB at    2.04MiB/s ETA 05:35 (frag 1/62)
[download]   2.1% of ~ 317.42MiB at    2.04MiB/s ETA 05:35 (frag 1/62)
[download]   2.2% of ~ 335.60MiB at    2.04MiB/s ETA 05:35 (frag 1/62)
[download]   2.5% of ~ 314.07MiB at    2.37MiB/s ETA 05:11 (frag 1/62)
[download]   2.2% of ~ 356.42MiB at    2.37MiB/s ETA 05:11 (frag 1/62)
[download]   2.1% of ~ 372.78MiB at    2.37MiB/s ETA 05:11 (frag 1/62)
[download]   2.1% of ~ 372.81MiB at    2.57MiB/s ETA 04:52 (frag 1/62)
[download]   2.1% of ~ 372.88MiB at    2.57MiB/s ETA 04:52 (frag 1/62)
[download]   2.1% of ~ 373.00MiB at    2.57MiB/s ETA 04:52 (frag 1/62)
[download]   2.3% of ~ 357.36MiB at    2.57MiB/s ETA 04:52 (frag 1/62)
[download]   2.1% of ~ 380.99MiB at    2.72MiB/s ETA 04:35 (frag 1/62)
[download]   2.1% of ~ 381.47MiB at    2.72MiB/s ETA 04:35 (frag 1/62)
[download]   2.5% of ~ 333.88MiB at    2.72MiB/s ETA 04:35 (frag 1/62)
[download]   2.4% of ~ 361.61MiB at    2.72MiB/s ETA 04:35 (frag 1/62)
[download]   2.2% of ~ 397.94MiB at    2.72MiB/s ETA 04:35 (frag 1/62)
[download]   2.2% of ~ 399.88MiB at    2.72MiB/s ETA 04:35 (frag 1/62)
[download]   2.7% of ~ 405.81MiB at    3.09MiB/s ETA 04:17 (frag 1/62)
[download]   2.4% of ~ 467.81MiB at    3.09MiB/s ETA 04:17 (frag 1/62)
[download]   2.3% of ~ 477.34MiB at    3.09MiB/s ETA 04:17 (frag 2/62)
[download]   3.6% of ~ 306.27MiB at    3.09MiB/s ETA 04:17 (frag 2/62)
[download]   3.9% of ~ 292.72MiB at    3.09MiB/s ETA 04:17 (frag 2/62)
[download]   3.7% of ~ 312.08MiB at    3.37MiB/s ETA 03:59 (frag 2/62)
[download]   3.6% of ~ 323.96MiB at    3.56MiB/s ETA 03:43 (frag 2/62)
[download]   3.7% of ~ 329.13MiB at    3.56MiB/s ETA 03:43 (frag 2/62)
[download]   3.6% of ~ 338.94MiB at    3.84MiB/s ETA 03:28 (frag 2/62)
[download]   3.6% of ~ 338.96MiB at    3.84MiB/s ETA 03:28 (frag 2/62)
[download]   3.6% of ~ 339.00MiB at    3.84MiB/s ETA 03:28 (frag 2/62)
[download]   3.6% of ~ 339.09MiB at    3.84MiB/s ETA 03:28 (frag 2/62)
[download]   3.6% of ~ 339.25MiB at    3.84MiB/s ETA 03:28 (frag 2/62)
[download]   3.6% of ~ 339.57MiB at    3.84MiB/s ETA 03:28 (frag 2/62)
[download]   3.7% of ~ 330.14MiB at    4.02MiB/s ETA 03:14 (frag 2/62)
[download]   4.2% of ~ 309.67MiB at    4.02MiB/s ETA 03:14 (frag 2/62)
[download]   3.7% of ~ 353.13MiB at    4.15MiB/s ETA 03:02 (frag 2/62)
[download]   4.0% of ~ 335.89MiB at    4.15MiB/s ETA 03:02 (frag 2/62)
[download]   3.7% of ~ 364.76MiB at    4.15MiB/s ETA 03:02 (frag 2/62)
[download]   3.8% of ~ 367.34MiB at    4.15MiB/s ETA 03:02 (frag 2/62)
[download]   3.9% of ~ 362.44MiB at    4.15MiB/s ETA 03:02 (frag 2/62)
[download]   3.9% of ~ 377.67MiB at    4.15MiB/s ETA 03:02 (frag 2/62)
[download]   4.1% of ~ 363.74MiB at    4.52MiB/s ETA 02:51 (frag 2/62)
[download]   4.2% of ~ 365.71MiB at    4.52MiB/s ETA 02:51 (frag 2/62)
[download]   4.1% of ~ 407.90MiB at    4.52MiB/s ETA 02:51 (frag 2/62)
[download]   4.1% of ~ 429.08MiB at    4.52MiB/s ETA 02:51 (frag 2/62)
[download]   4.1% of ~ 439.16MiB at    5.03MiB/s ETA 02:40 (frag 2/62)
[download]   4.1% of ~ 448.44MiB at    5.38MiB/s ETA 02:31 (frag 2/62)
[download]   4.4% of ~ 468.85MiB at    5.38MiB/s ETA 02:31 (frag 2/62)
[download]   4.1% of ~ 510.18MiB at    5.82MiB/s ETA 02:23 (frag 2/62)
[download]   4.0% of ~ 514.65MiB at    5.82MiB/s ETA 02:23 (frag 3/62)
[download]   5.8% of ~ 386.38MiB at    6.30MiB/s ETA 02:14 (frag 3/62)
[download]   5.9% of ~ 388.27MiB at    6.75MiB/s ETA 02:05 (frag 3/62)
[download]   6.0% of ~ 395.99MiB at    7.06MiB/s ETA 01:57 (frag 3/62)
[download]   5.6% of ~ 431.36MiB at    7.06MiB/s ETA 01:57 (frag 3/62)
[download]   5.5% of ~ 439.92MiB at    7.06MiB/s ETA 01:57 (frag 4/62)
[download]   6.9% of ~ 351.51MiB at    7.33MiB/s ETA 01:49 (frag 4/62)
[download]   6.9% of ~ 351.52MiB at    7.33MiB/s ETA 01:49 (frag 4/62)
[download]   6.9% of ~ 351.55MiB at    7.33MiB/s ETA 01:49 (frag 4/62)
[download]   6.9% of ~ 351.60MiB at    7.33MiB/s ETA 01:49 (frag 4/62)
[download]   6.9% of ~ 351.69MiB at    7.33MiB/s ETA 01:49 (frag 4/62)
[download]   7.3% of ~ 345.96MiB at    7.33MiB/s ETA 01:49 (frag 4/62)
[download]   6.9% of ~ 364.29MiB at    7.61MiB/s ETA 01:43 (frag 4/62)
[download]   6.9% of ~ 364.67MiB at    7.61MiB/s ETA 01:43 (frag 4/62)
[download]   6.9% of ~ 365.45MiB at    7.61MiB/s ETA 01:43 (frag 4/62)
[download]   7.3% of ~ 355.99MiB at    7.61MiB/s ETA 01:43 (frag 4/62)
[download]   7.2% of ~ 369.70MiB at    7.93MiB/s ETA 01:36 (frag 4/62)
[download]   7.4% of ~ 366.43MiB at    7.93MiB/s ETA 01:36 (frag 4/62)
[download]   7.0% of ~ 388.73MiB at    7.93MiB/s ETA 01:36 (frag 4/62)
[download]   7.2% of ~ 382.65MiB at    8.20MiB/s ETA 01:31 (frag 4/62)
[download]   7.2% of ~ 382.66MiB at    8.20MiB/s ETA 01:31 (frag 4/62)
[download]   7.2% of ~ 382.69MiB at    8.20MiB/s ETA 01:31 (frag 4/62)
[download]   7.2% of ~ 382.74MiB at    8.20MiB/s ETA 01:31 (frag 4/62)
[download]   7.2% of ~ 382.83MiB at    8.20MiB/s ETA 01:31 (frag 4/62)
[download]   7.2% of ~ 383.03MiB at    8.20MiB/s ETA 01:31 (frag 4/62)
[download]   7.2% of ~ 383.42MiB at    8.20MiB/s ETA 01:31 (frag 4/62)
[download]   7.2% of ~ 384.19MiB at    8.38MiB/s ETA 01:26 (frag 4/62)
[download]   7.1% of ~ 394.92MiB at    8.38MiB/s ETA 01:26 (frag 4/62)
[download]   7.6% of ~ 381.35MiB at    8.38MiB/s ETA 01:26 (frag 4/62)
[download]   7.3% of ~ 410.31MiB at    8.73MiB/s ETA 01:21 (frag 4/62)
[download]   7.5% of ~ 402.94MiB at    8.73MiB/s ETA 01:21 (frag 4/62)
[download]   7.4% of ~ 405.65MiB at    8.73MiB/s ETA 01:21 (frag 5/62)
[download]   8.8% of ~ 346.87MiB at    8.97MiB/s ETA 01:16 (frag 5/62)
[download]   9.1% of ~ 352.16MiB at    8.97MiB/s ETA 01:16 (frag 5/62)
[download]   8.7% of ~ 370.03MiB at    9.26MiB/s ETA 01:12 (frag 6/62)
[download]  10.6% of ~ 321.40MiB at    9.26MiB/s ETA 01:12 (frag 6/62)
[download]  10.4% of ~ 332.56MiB at    9.26MiB/s ETA 01:12 (frag 6/62)
[download]  10.8% of ~ 329.97MiB at    9.26MiB/s ETA 01:12 (frag 6/62)
[download]  10.5% of ~ 339.65MiB at    9.26MiB/s ETA 01:12 (frag 6/62)
[download]  10.5% of ~ 339.85MiB at    9.26MiB/s ETA 01:12 (frag 7/62)
[download]  11.8% of ~ 303.22MiB at    9.80MiB/s ETA 01:07 (frag 7/62)
[download]  11.8% of ~ 303.23MiB at    9.80MiB/s ETA 01:07 (frag 7/62)
[download]  11.8% of ~ 303.25MiB at    9.80MiB/s ETA 01:07 (frag 7/62)
[download]  11.8% of ~ 303.28MiB at    9.80MiB/s ETA 01:07 (frag 7/62)
[download]  11.8% of ~ 303.34MiB at    9.80MiB/s ETA 01:07 (frag 7/62)
[download]  11.8% of ~ 303.46MiB at    9.80MiB/s ETA 01:07 (frag 7/62)
[download]  12.1% of ~ 300.69MiB at    9.80MiB/s ETA 01:07 (frag 7/62)
[download]  11.9% of ~ 311.78MiB at    9.80MiB/s ETA 01:07 (frag 7/62)
[download]  12.1% of ~ 314.15MiB at    9.80MiB/s ETA 01:07 (frag 7/62)
[download]  11.7% of ~ 327.64MiB at    9.80MiB/s ETA 01:07 (frag 7/62)
[download]  11.6% of ~ 329.24MiB at    9.80MiB/s ETA 01:07 (frag 8/62)
[download]  13.3% of ~ 287.31MiB at   10.11MiB/s ETA 01:03 (frag 8/62)
[download]  13.2% of ~ 291.51MiB at   10.11MiB/s ETA 01:03 (frag 8/62)
[download]  13.2% of ~ 291.52MiB at   10.11MiB/s ETA 01:03 (frag 8/62)
[download]  13.2% of ~ 291.53MiB at   10.11MiB/s ETA 01:03 (frag 8/62)
[download]  13.2% of ~ 291.56MiB at   10.11MiB/s ETA 01:03 (frag 8/62)
[download]  13.4% of ~ 287.84MiB at   10.11MiB/s ETA 01:03 (frag 8/62)
[download]  13.2% of ~ 292.47MiB at   10.11MiB/s ETA 01:03 (frag 8/62)
[download]  13.2% of ~ 292.58MiB at   10.36MiB/s ETA 00:59 (frag 8/62)
[download]  13.6% of ~ 288.26MiB at   10.49MiB/s ETA 00:55 (frag 8/62)
[download]  13.4% of ~ 294.08MiB at   10.49MiB/s ETA 00:55 (frag 8/62)
[download]  13.2% of ~ 299.57MiB at   10.54MiB/s ETA 00:52 (frag 8/62)
[download]  13.1% of ~ 303.22MiB at   10.57MiB/s ETA 00:49 (frag 8/62)
[download]  13.1% of ~ 303.22MiB at   10.57MiB/s ETA 00:49 (frag 8/62)
[download]  13.1% of ~ 303.24MiB at   10.57MiB/s ETA 00:49 (frag 8/62)
[download]  13.1% of ~ 303.26MiB at   10.57MiB/s ETA 00:49 (frag 8/62)
[download]  13.1% of ~ 303.32MiB at   10.57MiB/s ETA 00:49 (frag 8/62)
[download]  13.1% of ~ 303.42MiB at   10.57MiB/s ETA 00:49 (frag 8/62)
[download]  13.1% of ~ 303.64MiB at   10.57MiB/s ETA 00:49 (frag 8/62)
[download]  13.1% of ~ 304.07MiB at   10.57MiB/s ETA 00:49 (frag 8/62)
[download]  13.8% of ~ 298.19MiB at   10.57MiB/s ETA 00:49 (frag 8/62)
[download]  13.3% of ~ 311.82MiB at   10.57MiB/s ETA 00:49 (frag 8/62)
[download]  13.4% of ~ 309.16MiB at   10.57MiB/s ETA 00:49 (frag 9/62)
[download]  14.8% of ~ 279.73MiB at   10.77MiB/s ETA 00:46 (frag 9/62)
[download]  14.8% of ~ 279.74MiB at   10.77MiB/s ETA 00:46 (frag 9/62)
[download]  14.8% of ~ 279.75MiB at   10.77MiB/s ETA 00:46 (frag 9/62)
[download]  14.8% of ~ 279.78MiB at   10.77MiB/s ETA 00:46 (frag 9/62)
[download]  14.8% of ~ 279.82MiB at   10.69MiB/s ETA 00:44 (frag 9/62)
[download]  14.8% of ~ 279.92MiB at   10.69MiB/s ETA 00:44 (frag 9/62)
[download]  14.8% of ~ 280.12MiB at   10.69MiB/s ETA 00:44 (frag 9/62)
[download]  14.9% of ~ 280.50MiB at   10.69MiB/s ETA 00:44 (frag 9/62)
[download]  15.1% of ~ 279.56MiB at   10.62MiB/s ETA 00:42 (frag 9/62)
[download]  15.3% of ~ 280.25MiB at   10.62MiB/s ETA 00:42 (frag 9/62)
[download]  15.1% of ~ 284.61MiB at   10.62MiB/s ETA 00:42 (frag 10/62)
[download]  16.4% of ~ 262.48MiB at   10.62MiB/s ETA 00:42 (frag 10/62)
[download]  16.3% of ~ 265.42MiB at   10.62MiB/s ETA 00:42 (frag 10/62)
[download]  16.2% of ~ 269.46MiB at   10.70MiB/s ETA 00:40 (frag 10/62)
[download]  16.6% of ~ 266.83MiB at   10.70MiB/s ETA 00:40 (frag 10/62)
[download]  16.3% of ~ 274.97MiB at   10.88MiB/s ETA 00:38 (frag 10/62)
[download]  16.4% of ~ 273.95MiB at   10.88MiB/s ETA 00:38 (frag 10/62)
[download]  16.4% of ~ 273.96MiB at   10.88MiB/s ETA 00:38 (frag 10/62)
[download]  16.4% of ~ 273.97MiB at   10.88MiB/s ETA 00:38 (frag 10/62)
[download]  16.4% of ~ 273.99MiB at   10.88MiB/s ETA 00:38 (frag 10/62)
[download]  16.4% of ~ 274.03MiB at   10.88MiB/s ETA 00:38 (frag 10/62)
[download]  16.4% of ~ 274.12MiB at   10.88MiB/s ETA 00:38 (frag 10/62)
[download]  16.5% of ~ 275.50MiB at   10.88MiB/s ETA 00:38 (frag 10/62)
[download]  16.4% of ~ 277.12MiB at   10.88MiB/s ETA 00:38 (frag 10/62)
[download]  16.6% of ~ 277.15MiB at   11.10MiB/s ETA 00:36 (frag 10/62)
[download]  16.4% of ~ 280.29MiB at   11.10MiB/s ETA 00:36 (frag 10/62)
[download]  16.4% of ~ 281.82MiB at   11.10MiB/s ETA 00:36 (frag 10/62)
[download]  16.4% of ~ 281.83MiB at   11.10MiB/s ETA 00:36 (frag 10/62)
[download]  16.4% of ~ 281.84MiB at   11.10MiB/s ETA 00:36 (frag 10/62)
[download]  16.4% of ~ 281.86MiB at   11.10MiB/s ETA 00:36 (frag 10/62)
[download]  16.4% of ~ 281.91MiB at   11.10MiB/s ETA 00:36 (frag 10/62)
[download]  16.4% of ~ 281.99MiB at   11.20MiB/s ETA 00:34 (frag 10/62)
[download]  16.5% of ~ 285.17MiB at   11.20MiB/s ETA 00:34 (frag 10/62)
[download]  16.5% of ~ 286.98MiB at   11.20MiB/s ETA 00:34 (frag 10/62)
[download]  16.6% of ~ 288.38MiB at   11.41MiB/s ETA 00:33 (frag 10/62)
[download]  16.9% of ~ 289.32MiB at   11.47MiB/s ETA 00:31 (frag 10/62)
[download]  16.4% of ~ 297.67MiB at   11.47MiB/s ETA 00:31 (frag 10/62)
[download]  16.9% of ~ 301.03MiB at   11.36MiB/s ETA 00:31 (frag 10/62)
[download]  16.9% of ~ 308.14MiB at   11.43MiB/s ETA 00:30 (frag 10/62)
[download]  16.9% of ~ 311.59MiB at   11.43MiB/s ETA 00:30 (frag 10/62)
[download]  16.6% of ~ 318.64MiB at   11.43MiB/s ETA 00:30 (frag 10/62)
[download]  16.8% of ~ 319.72MiB at   11.55MiB/s ETA 00:29 (frag 10/62)
[download]  16.6% of ~ 324.99MiB at   11.30MiB/s ETA 00:28 (frag 10/62)
[download]  16.9% of ~ 325.56MiB at   11.30MiB/s ETA 00:28 (frag 10/62)
[download]  16.8% of ~ 328.69MiB at   11.30MiB/s ETA 00:28 (frag 10/62)
[download]  16.7% of ~ 330.00MiB at   11.30MiB/s ETA 00:28 (frag 11/62)
[download]  18.5% of ~ 304.62MiB at   11.24MiB/s ETA 00:28 (frag 11/62)
[download]  18.2% of ~ 309.99MiB at   11.24MiB/s ETA 00:28 (frag 11/62)
[download]  18.7% of ~ 309.98MiB at   11.24MiB/s ETA 00:28 (frag 11/62)
[download]  18.2% of ~ 318.77MiB at   11.24MiB/s ETA 00:28 (frag 12/62)
[download]  19.7% of ~ 294.14MiB at   11.24MiB/s ETA 00:28 (frag 12/62)
[download]  19.7% of ~ 294.28MiB at   11.24MiB/s ETA 00:28 (frag 13/62)
[download]  21.1% of ~ 276.53MiB at   11.39MiB/s ETA 00:27 (frag 13/62)
[download]  21.0% of ~ 278.50MiB at   11.39MiB/s ETA 00:27 (frag 14/62)
[download]  23.3% of ~ 257.12MiB at   11.39MiB/s ETA 00:27 (frag 14/62)
[download]  22.8% of ~ 263.71MiB at   11.39MiB/s ETA 00:27 (frag 14/62)
[download]  22.8% of ~ 264.42MiB at   11.39MiB/s ETA 00:27 (frag 15/62)
[download]  24.7% of ~ 248.72MiB at   11.39MiB/s ETA 00:27 (frag 15/62)
[download]  24.5% of ~ 252.93MiB at   11.70MiB/s ETA 00:26 (frag 15/62)
[download]  24.5% of ~ 252.78MiB at   11.70MiB/s ETA 00:26 (frag 15/62)
[download]  24.5% of ~ 252.78MiB at   11.70MiB/s ETA 00:26 (frag 15/62)
[download]  24.5% of ~ 252.79MiB at   11.70MiB/s ETA 00:26 (frag 15/62)
[download]  24.5% of ~ 252.80MiB at   11.70MiB/s ETA 00:26 (frag 15/62)
[download]  24.5% of ~ 252.83MiB at   11.70MiB/s ETA 00:26 (frag 15/62)
[download]  24.5% of ~ 252.89MiB at   11.75MiB/s ETA 00:25 (frag 15/62)
[download]  24.8% of ~ 250.12MiB at   11.68MiB/s ETA 00:24 (frag 15/62)
[download]  24.8% of ~ 250.12MiB at   11.68MiB/s ETA 00:24 (frag 15/62)
[download]  24.8% of ~ 250.13MiB at   11.68MiB/s ETA 00:24 (frag 15/62)
[download]  24.8% of ~ 250.14MiB at   11.68MiB/s ETA 00:24 (frag 15/62)
[download]  24.8% of ~ 250.17MiB at   11.68MiB/s ETA 00:24 (frag 15/62)
[download]  24.6% of ~ 251.50MiB at   11.68MiB/s ETA 00:24 (frag 15/62)
[download]  24.6% of ~ 251.50MiB at   11.68MiB/s ETA 00:24 (frag 15/62)
[download]  24.6% of ~ 251.51MiB at   11.68MiB/s ETA 00:24 (frag 15/62)
[download]  24.8% of ~ 250.26MiB at   11.68MiB/s ETA 00:24 (frag 15/62)
[download]  24.6% of ~ 251.65MiB at   11.68MiB/s ETA 00:24 (frag 15/62)
[download]  24.6% of ~ 251.68MiB at   11.68MiB/s ETA 00:24 (frag 15/62)
[download]  24.5% of ~ 253.37MiB at   11.68MiB/s ETA 00:24 (frag 15/62)
[download]  24.6% of ~ 251.98MiB at   11.68MiB/s ETA 00:24 (frag 15/62)
[download]  24.6% of ~ 252.71MiB at   11.68MiB/s ETA 00:24 (frag 15/62)
[download]  24.6% of ~ 252.71MiB at   11.68MiB/s ETA 00:24 (frag 15/62)
[download]  24.6% of ~ 252.72MiB at   11.68MiB/s ETA 00:24 (frag 15/62)
[download]  24.6% of ~ 252.74MiB at   11.68MiB/s ETA 00:24 (frag 15/62)
[download]  24.6% of ~ 252.77MiB at   11.68MiB/s ETA 00:24 (frag 15/62)
[download]  24.6% of ~ 252.83MiB at   11.68MiB/s ETA 00:24 (frag 15/62)
[download]  24.6% of ~ 252.95MiB at   11.68MiB/s ETA 00:24 (frag 15/62)
[download]  24.6% of ~ 253.19MiB at   11.68MiB/s ETA 00:24 (frag 15/62)
[download]  24.7% of ~ 253.07MiB at   11.68MiB/s ETA 00:24 (frag 15/62)
[download]  24.8% of ~ 252.04MiB at   11.68MiB/s ETA 00:24 (frag 15/62)
[download]  24.6% of ~ 254.35MiB at   11.68MiB/s ETA 00:24 (frag 15/62)
[download]  24.6% of ~ 254.35MiB at   11.68MiB/s ETA 00:24 (frag 15/62)
[download]  24.6% of ~ 254.36MiB at   11.68MiB/s ETA 00:24 (frag 15/62)
[download]  24.6% of ~ 254.37MiB at   11.73MiB/s ETA 00:23 (frag 15/62)
[download]  24.6% of ~ 254.40MiB at   11.73MiB/s ETA 00:23 (frag 15/62)
[download]  24.6% of ~ 254.46MiB at   11.73MiB/s ETA 00:23 (frag 15/62)
[download]  24.6% of ~ 254.58MiB at   11.73MiB/s ETA 00:23 (frag 15/62)
[download]  24.7% of ~ 254.03MiB at   11.73MiB/s ETA 00:23 (frag 15/62)
[download]  24.6% of ~ 255.31MiB at   11.73MiB/s ETA 00:23 (frag 15/62)
[download]  24.6% of ~ 258.98MiB at   11.73MiB/s ETA 00:23 (frag 15/62)
[download]  24.3% of ~ 262.17MiB at   11.73MiB/s ETA 00:23 (frag 16/62)
[download]  26.2% of ~ 243.75MiB at   11.69MiB/s ETA 00:22 (frag 16/62)
[download]  26.3% of ~ 243.92MiB at   11.69MiB/s ETA 00:22 (frag 16/62)
[download]  26.4% of ~ 243.64MiB at   11.69MiB/s ETA 00:22 (frag 16/62)
[download]  26.3% of ~ 245.86MiB at   11.69MiB/s ETA 00:22 (frag 16/62)
[download]  26.6% of ~ 247.95MiB at   11.69MiB/s ETA 00:22 (frag 16/62)
[download]  26.1% of ~ 253.16MiB at   11.69MiB/s ETA 00:22 (frag 16/62)
[download]  26.1% of ~ 253.17MiB at   11.69MiB/s ETA 00:22 (frag 17/62)
[download]  27.7% of ~ 238.90MiB at   11.81MiB/s ETA 00:21 (frag 17/62)
[download]  27.9% of ~ 238.42MiB at   11.81MiB/s ETA 00:21 (frag 17/62)
[download]  27.5% of ~ 241.95MiB at   11.56MiB/s ETA 00:21 (frag 17/62)
[download]  27.5% of ~ 241.96MiB at   11.56MiB/s ETA 00:21 (frag 17/62)
[download]  27.5% of ~ 241.97MiB at   11.56MiB/s ETA 00:21 (frag 17/62)
[download]  27.5% of ~ 241.98MiB at   11.56MiB/s ETA 00:21 (frag 17/62)
[download]  27.5% of ~ 242.01MiB at   11.56MiB/s ETA 00:21 (frag 17/62)
[download]  27.5% of ~ 242.06MiB at   11.56MiB/s ETA 00:21 (frag 17/62)
[download]  27.7% of ~ 241.26MiB at   11.22MiB/s ETA 00:20 (frag 17/62)
[download]  27.9% of ~ 241.38MiB at   11.22MiB/s ETA 00:20 (frag 17/62)
[download]  27.6% of ~ 244.52MiB at   11.22MiB/s ETA 00:20 (frag 17/62)
[download]  27.6% of ~ 244.52MiB at   11.22MiB/s ETA 00:20 (frag 17/62)
[download]  27.6% of ~ 244.53MiB at   11.22MiB/s ETA 00:20 (frag 17/62)
[download]  27.6% of ~ 244.54MiB at   11.22MiB/s ETA 00:20 (frag 17/62)
[download]  27.6% of ~ 244.57MiB at   10.82MiB/s ETA 00:20 (frag 17/62)
[download]  27.6% of ~ 244.62MiB at   10.53MiB/s ETA 00:20 (frag 17/62)
[download]  28.0% of ~ 242.61MiB at   10.53MiB/s ETA 00:20 (frag 17/62)
[download]  28.1% of ~ 243.20MiB at   10.34MiB/s ETA 00:19 (frag 17/62)
[download]  28.2% of ~ 245.73MiB at   10.34MiB/s ETA 00:19 (frag 17/62)
[download]  27.6% of ~ 250.99MiB at   10.28MiB/s ETA 00:19 (frag 17/62)
[download]  27.6% of ~ 251.21MiB at   10.28MiB/s ETA 00:19 (frag 17/62)
[download]  27.6% of ~ 251.41MiB at   10.28MiB/s ETA 00:19 (frag 17/62)
[download]  27.7% of ~ 251.62MiB at   10.20MiB/s ETA 00:19 (frag 17/62)
[download]  28.2% of ~ 250.63MiB at   10.07MiB/s ETA 00:19 (frag 17/62)
[download]  28.2% of ~ 253.37MiB at   10.07MiB/s ETA 00:19 (frag 17/62)
[download]  27.7% of ~ 258.69MiB at   10.07MiB/s ETA 00:19 (frag 17/62)
[download]  28.3% of ~ 257.74MiB at   10.21MiB/s ETA 00:19 (frag 17/62)
[download]  27.8% of ~ 261.56MiB at   10.21MiB/s ETA 00:19 (frag 18/62)
[download]  29.7% of ~ 246.21MiB at   10.21MiB/s ETA 00:19 (frag 18/62)
[download]  29.5% of ~ 251.78MiB at   10.21MiB/s ETA 00:19 (frag 18/62)
[download]  29.3% of ~ 253.92MiB at   10.21MiB/s ETA 00:19 (frag 18/62)
[download]  29.9% of ~ 253.39MiB at   10.21MiB/s ETA 00:19 (frag 18/62)
[download]  29.4% of ~ 257.16MiB at   10.21MiB/s ETA 00:19 (frag 19/62)
[download]  31.0% of ~ 245.79MiB at   10.43MiB/s ETA 00:18 (frag 19/62)
[download]  31.1% of ~ 246.52MiB at   10.43MiB/s ETA 00:18 (frag 19/62)
[download]  30.6% of ~ 250.41MiB at   10.39MiB/s ETA 00:18 (frag 19/62)
[download]  30.6% of ~ 250.41MiB at   10.39MiB/s ETA 00:18 (frag 19/62)
[download]  30.6% of ~ 250.42MiB at   10.39MiB/s ETA 00:18 (frag 19/62)
[download]  30.6% of ~ 250.43MiB at   10.39MiB/s ETA 00:18 (frag 19/62)
[download]  30.6% of ~ 250.46MiB at   10.39MiB/s ETA 00:18 (frag 19/62)
[download]  30.6% of ~ 250.51MiB at   10.39MiB/s ETA 00:18 (frag 19/62)
[download]  30.6% of ~ 250.60MiB at   10.39MiB/s ETA 00:18 (frag 19/62)
[download]  31.2% of ~ 249.27MiB at   10.39MiB/s ETA 00:18 (frag 19/62)
[download]  30.7% of ~ 253.90MiB at   10.39MiB/s ETA 00:18 (frag 19/62)
[download]  31.5% of ~ 249.63MiB at   10.39MiB/s ETA 00:18 (frag 19/62)
[download]  31.5% of ~ 253.23MiB at   10.39MiB/s ETA 00:18 (frag 19/62)
[download]  31.1% of ~ 256.61MiB at   10.39MiB/s ETA 00:18 (frag 20/62)
[download]  32.6% of ~ 246.21MiB at   10.69MiB/s ETA 00:18 (frag 20/62)
[download]  32.3% of ~ 249.33MiB at   10.69MiB/s ETA 00:18 (frag 20/62)
[download]  32.4% of ~ 250.07MiB at   10.86MiB/s ETA 00:17 (frag 20/62)
[download]  32.3% of ~ 251.34MiB at   10.89MiB/s ETA 00:17 (frag 20/62)
[download]  32.3% of ~ 251.34MiB at   10.89MiB/s ETA 00:17 (frag 20/62)
[download]  32.3% of ~ 251.35MiB at   10.89MiB/s ETA 00:17 (frag 20/62)
[download]  32.3% of ~ 251.36MiB at   10.89MiB/s ETA 00:17 (frag 20/62)
[download]  32.3% of ~ 251.39MiB at   10.89MiB/s ETA 00:17 (frag 20/62)
[download]  32.3% of ~ 251.43MiB at   10.89MiB/s ETA 00:17 (frag 20/62)
[download]  32.4% of ~ 250.78MiB at   10.89MiB/s ETA 00:17 (frag 20/62)
[download]  32.4% of ~ 250.79MiB at   10.89MiB/s ETA 00:17 (frag 20/62)
[download]  32.4% of ~ 250.79MiB at   10.89MiB/s ETA 00:17 (frag 20/62)
[download]  32.4% of ~ 250.80MiB at   10.89MiB/s ETA 00:17 (frag 20/62)
[download]  32.6% of ~ 251.14MiB at   10.89MiB/s ETA 00:17 (frag 20/62)
[download]  32.3% of ~ 253.64MiB at   10.78MiB/s ETA 00:17 (frag 20/62)
[download]  33.1% of ~ 252.58MiB at   10.78MiB/s ETA 00:17 (frag 20/62)
[download]  32.5% of ~ 257.41MiB at   10.78MiB/s ETA 00:17 (frag 21/62)
[download]  34.4% of ~ 244.97MiB at   10.78MiB/s ETA 00:17 (frag 21/62)
[download]  33.9% of ~ 248.94MiB at   10.78MiB/s ETA 00:17 (frag 21/62)
[download]  34.8% of ~ 245.25MiB at   10.98MiB/s ETA 00:17 (frag 21/62)
[download]  34.4% of ~ 247.71MiB at   10.98MiB/s ETA 00:17 (frag 22/62)
[download]  35.5% of ~ 240.13MiB at   10.98MiB/s ETA 00:17 (frag 22/62)
[download]  35.5% of ~ 240.17MiB at   10.98MiB/s ETA 00:17 (frag 22/62)
[download]  35.5% of ~ 240.93MiB at   10.98MiB/s ETA 00:17 (frag 22/62)
[download]  35.5% of ~ 240.93MiB at   10.98MiB/s ETA 00:17 (frag 22/62)
[download]  35.8% of ~ 241.96MiB at   10.98MiB/s ETA 00:17 (frag 22/62)
[download]  35.6% of ~ 243.79MiB at   11.16MiB/s ETA 00:16 (frag 22/62)
[download]  35.6% of ~ 244.13MiB at   10.94MiB/s ETA 00:16 (frag 22/62)
[download]  35.4% of ~ 245.50MiB at   10.94MiB/s ETA 00:16 (frag 22/62)
[download]  35.4% of ~ 245.50MiB at   10.94MiB/s ETA 00:16 (frag 22/62)
[download]  35.4% of ~ 245.51MiB at   10.94MiB/s ETA 00:16 (frag 22/62)
[download]  35.4% of ~ 245.52MiB at   10.94MiB/s ETA 00:16 (frag 22/62)
[download]  35.4% of ~ 245.54MiB at   10.94MiB/s ETA 00:16 (frag 22/62)
[download]  35.6% of ~ 245.56MiB at   10.61MiB/s ETA 00:16 (frag 22/62)
[download]  35.5% of ~ 246.93MiB at   10.10MiB/s ETA 00:16 (frag 22/62)
[download]  35.5% of ~ 247.01MiB at   10.10MiB/s ETA 00:16 (frag 22/62)
[download]  35.8% of ~ 246.49MiB at   10.10MiB/s ETA 00:16 (frag 22/62)
[download]  36.1% of ~ 247.19MiB at   10.10MiB/s ETA 00:16 (frag 22/62)
[download]  35.5% of ~ 251.22MiB at    9.81MiB/s ETA 00:16 (frag 22/62)
[download]  36.0% of ~ 250.87MiB at    9.81MiB/s ETA 00:16 (frag 22/62)
[download]  35.5% of ~ 254.33MiB at    9.70MiB/s ETA 00:16 (frag 22/62)
[download]  35.5% of ~ 254.34MiB at    9.70MiB/s ETA 00:16 (frag 22/62)
[download]  35.5% of ~ 254.34MiB at    9.70MiB/s ETA 00:16 (frag 22/62)
[download]  35.5% of ~ 254.35MiB at    9.70MiB/s ETA 00:16 (frag 22/62)
[download]  35.5% of ~ 254.37MiB at    9.70MiB/s ETA 00:16 (frag 22/62)
[download]  35.5% of ~ 254.42MiB at    9.70MiB/s ETA 00:16 (frag 22/62)
[download]  35.6% of ~ 254.42MiB at    9.67MiB/s ETA 00:16 (frag 22/62)
[download]  35.5% of ~ 255.17MiB at    9.67MiB/s ETA 00:16 (frag 22/62)
[download]  35.5% of ~ 255.34MiB at    9.59MiB/s ETA 00:16 (frag 22/62)
[download]  36.1% of ~ 253.74MiB at    9.54MiB/s ETA 00:16 (frag 22/62)
[download]  35.6% of ~ 258.22MiB at    9.30MiB/s ETA 00:17 (frag 22/62)
[download]  35.9% of ~ 258.41MiB at    9.25MiB/s ETA 00:17 (frag 22/62)
[download]  35.7% of ~ 261.27MiB at    9.25MiB/s ETA 00:17 (frag 22/62)
[download]  35.9% of ~ 262.60MiB at    9.31MiB/s ETA 00:17 (frag 22/62)
[download]  35.7% of ~ 265.39MiB at    9.46MiB/s ETA 00:17 (frag 22/62)
[download]  36.3% of ~ 266.83MiB at    9.46MiB/s ETA 00:17 (frag 22/62)
[download]  35.6% of ~ 272.22MiB at    9.46MiB/s ETA 00:17 (frag 22/62)
[download]  35.6% of ~ 272.56MiB at    9.46MiB/s ETA 00:17 (frag 23/62)
[download]  37.3% of ~ 260.65MiB at    9.62MiB/s ETA 00:17 (frag 23/62)
[download]  37.2% of ~ 261.43MiB at    9.62MiB/s ETA 00:17 (frag 24/62)
[download]  39.5% of ~ 250.71MiB at    9.85MiB/s ETA 00:16 (frag 24/62)
[download]  38.8% of ~ 255.19MiB at    9.85MiB/s ETA 00:16 (frag 25/62)
[download]  40.3% of ~ 246.05MiB at    9.93MiB/s ETA 00:16 (frag 25/62)
[download]  40.3% of ~ 246.05MiB at    9.93MiB/s ETA 00:16 (frag 25/62)
[download]  40.3% of ~ 246.06MiB at    9.93MiB/s ETA 00:16 (frag 25/62)
[download]  40.3% of ~ 246.07MiB at    9.93MiB/s ETA 00:16 (frag 25/62)
[download]  40.3% of ~ 246.09MiB at    9.93MiB/s ETA 00:16 (frag 25/62)
[download]  40.3% of ~ 246.12MiB at    9.93MiB/s ETA 00:16 (frag 25/62)
[download]  40.3% of ~ 246.20MiB at    9.93MiB/s ETA 00:16 (frag 25/62)
[download]  40.3% of ~ 246.35MiB at    9.93MiB/s ETA 00:16 (frag 25/62)
[download]  40.8% of ~ 246.56MiB at    9.93MiB/s ETA 00:16 (frag 25/62)
[download]  40.7% of ~ 249.64MiB at   10.16MiB/s ETA 00:16 (frag 25/62)
[download]  40.9% of ~ 250.77MiB at   10.16MiB/s ETA 00:16 (frag 25/62)
[download]  40.3% of ~ 254.64MiB at   10.16MiB/s ETA 00:16 (frag 25/62)
[download]  40.3% of ~ 254.64MiB at   10.16MiB/s ETA 00:16 (frag 25/62)
[download]  40.3% of ~ 254.65MiB at   10.16MiB/s ETA 00:16 (frag 25/62)
[download]  40.3% of ~ 254.66MiB at   10.16MiB/s ETA 00:16 (frag 25/62)
[download]  40.4% of ~ 254.39MiB at   10.16MiB/s ETA 00:16 (frag 25/62)
[download]  40.9% of ~ 253.28MiB at   10.16MiB/s ETA 00:16 (frag 25/62)
[download]  40.6% of ~ 254.95MiB at   10.48MiB/s ETA 00:16 (frag 26/62)
[download]  41.9% of ~ 247.43MiB at   10.48MiB/s ETA 00:16 (frag 26/62)
[download]  41.9% of ~ 247.47MiB at   10.48MiB/s ETA 00:16 (frag 26/62)
[download]  42.3% of ~ 247.20MiB at   10.48MiB/s ETA 00:16 (frag 26/62)
[download]  42.1% of ~ 248.29MiB at   10.56MiB/s ETA 00:15 (frag 26/62)
[download]  42.1% of ~ 248.29MiB at   10.56MiB/s ETA 00:15 (frag 26/62)
[download]  42.1% of ~ 248.29MiB at   10.56MiB/s ETA 00:15 (frag 26/62)
[download]  42.1% of ~ 248.30MiB at   10.56MiB/s ETA 00:15 (frag 26/62)
[download]  42.1% of ~ 248.32MiB at   10.56MiB/s ETA 00:15 (frag 26/62)
[download]  42.1% of ~ 248.35MiB at   10.56MiB/s ETA 00:15 (frag 26/62)
[download]  42.2% of ~ 248.43MiB at   10.56MiB/s ETA 00:15 (frag 26/62)
[download]  42.2% of ~ 248.57MiB at   10.56MiB/s ETA 00:15 (frag 26/62)
[download]  42.1% of ~ 250.14MiB at   10.42MiB/s ETA 00:15 (frag 26/62)
[download]  41.9% of ~ 251.56MiB at   10.42MiB/s ETA 00:15 (frag 26/62)
[download]  42.2% of ~ 250.15MiB at   10.26MiB/s ETA 00:15 (frag 26/62)
[download]  42.3% of ~ 251.92MiB at   10.26MiB/s ETA 00:15 (frag 26/62)
[download]  42.0% of ~ 253.76MiB at   10.26MiB/s ETA 00:15 (frag 27/62)
[download]  43.3% of ~ 245.69MiB at   10.38MiB/s ETA 00:15 (frag 27/62)
[download]  43.3% of ~ 245.70MiB at   10.38MiB/s ETA 00:15 (frag 27/62)
[download]  43.3% of ~ 245.70MiB at   10.38MiB/s ETA 00:15 (frag 27/62)
[download]  43.3% of ~ 245.71MiB at   10.38MiB/s ETA 00:15 (frag 27/62)
[download]  43.5% of ~ 245.07MiB at   10.38MiB/s ETA 00:15 (frag 27/62)
[download]  43.3% of ~ 246.00MiB at   10.38MiB/s ETA 00:15 (frag 27/62)
[download]  43.9% of ~ 243.89MiB at   10.46MiB/s ETA 00:15 (frag 27/62)
[download]  43.9% of ~ 246.23MiB at   10.46MiB/s ETA 00:15 (frag 27/62)
[download]  43.4% of ~ 249.36MiB at   10.46MiB/s ETA 00:15 (frag 27/62)
[download]  43.4% of ~ 249.43MiB at   10.54MiB/s ETA 00:14 (frag 27/62)
[download]  44.3% of ~ 248.65MiB at   10.41MiB/s ETA 00:14 (frag 27/62)
[download]  43.6% of ~ 252.73MiB at   10.41MiB/s ETA 00:14 (frag 27/62)
[download]  43.6% of ~ 252.74MiB at   10.41MiB/s ETA 00:14 (frag 27/62)
[download]  43.6% of ~ 252.74MiB at   10.41MiB/s ETA 00:14 (frag 27/62)
[download]  43.6% of ~ 252.75MiB at   10.41MiB/s ETA 00:14 (frag 27/62)
[download]  43.6% of ~ 252.77MiB at   10.41MiB/s ETA 00:14 (frag 27/62)
[download]  43.6% of ~ 252.80MiB at   10.36MiB/s ETA 00:14 (frag 27/62)
[download]  43.6% of ~ 253.08MiB at   10.36MiB/s ETA 00:14 (frag 27/62)
[download]  43.5% of ~ 253.42MiB at   10.36MiB/s ETA 00:14 (frag 28/62)
[download]  45.2% of ~ 244.48MiB at   10.36MiB/s ETA 00:14 (frag 28/62)
[download]  45.2% of ~ 244.61MiB at   10.21MiB/s ETA 00:14 (frag 28/62)
[download]  45.6% of ~ 243.96MiB at   10.21MiB/s ETA 00:14 (frag 28/62)
[download]  45.3% of ~ 245.22MiB at   10.21MiB/s ETA 00:14 (frag 29/62)
[download]  46.6% of ~ 238.98MiB at   10.20MiB/s ETA 00:14 (frag 29/62)
[download]  47.3% of ~ 237.23MiB at   10.20MiB/s ETA 00:14 (frag 29/62)
[download]  46.5% of ~ 241.44MiB at    9.85MiB/s ETA 00:14 (frag 29/62)
[download]  46.5% of ~ 241.44MiB at    9.85MiB/s ETA 00:14 (frag 29/62)
[download]  46.5% of ~ 241.44MiB at    9.85MiB/s ETA 00:14 (frag 29/62)
[download]  46.5% of ~ 241.45MiB at    9.85MiB/s ETA 00:14 (frag 29/62)
[download]  46.5% of ~ 241.47MiB at    9.85MiB/s ETA 00:14 (frag 29/62)
[download]  46.5% of ~ 241.50MiB at    9.85MiB/s ETA 00:14 (frag 29/62)
[download]  46.7% of ~ 240.82MiB at    9.85MiB/s ETA 00:14 (frag 29/62)
[download]  46.5% of ~ 242.08MiB at    9.85MiB/s ETA 00:14 (frag 29/62)
[download]  47.3% of ~ 241.17MiB at    9.85MiB/s ETA 00:14 (frag 29/62)
[download]  46.6% of ~ 244.83MiB at    9.90MiB/s ETA 00:14 (frag 29/62)
[download]  46.5% of ~ 245.39MiB at    9.90MiB/s ETA 00:14 (frag 29/62)
[download]  46.5% of ~ 245.40MiB at    9.90MiB/s ETA 00:14 (frag 29/62)
[download]  46.5% of ~ 245.40MiB at    9.90MiB/s ETA 00:14 (frag 29/62)
[download]  46.5% of ~ 245.41MiB at    9.90MiB/s ETA 00:14 (frag 29/62)
[download]  46.6% of ~ 245.50MiB at    9.90MiB/s ETA 00:14 (frag 29/62)
[download]  46.9% of ~ 244.58MiB at    9.89MiB/s ETA 00:14 (frag 29/62)
[download]  46.6% of ~ 246.20MiB at    9.89MiB/s ETA 00:14 (frag 29/62)
[download]  46.6% of ~ 246.31MiB at    9.89MiB/s ETA 00:14 (frag 29/62)
[download]  47.5% of ~ 245.84MiB at    9.89MiB/s ETA 00:14 (frag 29/62)
[download]  46.8% of ~ 249.98MiB at    9.89MiB/s ETA 00:14 (frag 29/62)
[download]  46.8% of ~ 250.17MiB at    9.89MiB/s ETA 00:14 (frag 30/62)
[download]  48.1% of ~ 242.97MiB at   10.03MiB/s ETA 00:13 (frag 30/62)
[download]  48.2% of ~ 243.03MiB at   10.03MiB/s ETA 00:13 (frag 30/62)
[download]  49.2% of ~ 241.17MiB at   10.14MiB/s ETA 00:13 (frag 30/62)
[download]  48.6% of ~ 244.24MiB at   10.14MiB/s ETA 00:13 (frag 31/62)
[download]  49.9% of ~ 238.61MiB at   10.14MiB/s ETA 00:13 (frag 31/62)
[download]  50.1% of ~ 238.47MiB at   10.14MiB/s ETA 00:13 (frag 31/62)
[download]  49.8% of ~ 240.47MiB at   10.33MiB/s ETA 00:13 (frag 31/62)
[download]  50.2% of ~ 239.81MiB at   10.33MiB/s ETA 00:13 (frag 31/62)
[download]  49.9% of ~ 241.23MiB at   10.33MiB/s ETA 00:13 (frag 32/62)
[download]  51.6% of ~ 233.45MiB at   10.33MiB/s ETA 00:13 (frag 32/62)
[download]  51.6% of ~ 233.45MiB at   10.33MiB/s ETA 00:13 (frag 32/62)
[download]  51.6% of ~ 233.46MiB at   10.33MiB/s ETA 00:13 (frag 32/62)
[download]  51.6% of ~ 233.46MiB at   10.33MiB/s ETA 00:13 (frag 32/62)
[download]  51.6% of ~ 233.48MiB at   10.33MiB/s ETA 00:13 (frag 32/62)
[download]  51.5% of ~ 234.81MiB at   10.33MiB/s ETA 00:13 (frag 32/62)
[download]  51.6% of ~ 234.45MiB at   10.33MiB/s ETA 00:13 (frag 32/62)
[download]  51.6% of ~ 234.51MiB at   10.48MiB/s ETA 00:13 (frag 32/62)
[download]  51.7% of ~ 234.62MiB at   10.48MiB/s ETA 00:13 (frag 32/62)
[download]  51.6% of ~ 235.60MiB at   10.48MiB/s ETA 00:13 (frag 32/62)
[download]  51.7% of ~ 235.51MiB at   10.52MiB/s ETA 00:12 (frag 32/62)
[download]  51.4% of ~ 237.33MiB at   10.52MiB/s ETA 00:12 (frag 32/62)
[download]  51.7% of ~ 236.25MiB at   10.52MiB/s ETA 00:12 (frag 32/62)
[download]  51.7% of ~ 236.25MiB at   10.52MiB/s ETA 00:12 (frag 32/62)
[download]  51.7% of ~ 236.26MiB at   10.52MiB/s ETA 00:12 (frag 32/62)
[download]  51.7% of ~ 236.26MiB at   10.52MiB/s ETA 00:12 (frag 32/62)
[download]  51.7% of ~ 236.28MiB at   10.52MiB/s ETA 00:12 (frag 32/62)
[download]  51.7% of ~ 236.31MiB at   10.60MiB/s ETA 00:12 (frag 32/62)
[download]  51.7% of ~ 236.37MiB at   10.60MiB/s ETA 00:12 (frag 32/62)
[download]  51.8% of ~ 236.69MiB at   10.60MiB/s ETA 00:12 (frag 32/62)
[download]  52.0% of ~ 237.97MiB at   10.73MiB/s ETA 00:12 (frag 32/62)
[download]  51.5% of ~ 240.23MiB at   10.73MiB/s ETA 00:12 (frag 32/62)
[download]  51.5% of ~ 240.23MiB at   10.73MiB/s ETA 00:12 (frag 32/62)
[download]  51.5% of ~ 240.24MiB at   10.73MiB/s ETA 00:12 (frag 32/62)
[download]  51.5% of ~ 240.24MiB at   10.73MiB/s ETA 00:12 (frag 32/62)
[download]  51.5% of ~ 240.26MiB at   10.73MiB/s ETA 00:12 (frag 32/62)
[download]  51.5% of ~ 240.29MiB at   10.73MiB/s ETA 00:12 (frag 32/62)
[download]  51.7% of ~ 241.03MiB at   10.73MiB/s ETA 00:12 (frag 32/62)
[download]  51.7% of ~ 241.29MiB at   10.73MiB/s ETA 00:12 (frag 32/62)
[download]  51.5% of ~ 242.46MiB at   10.93MiB/s ETA 00:12 (frag 32/62)
[download]  52.1% of ~ 241.85MiB at   11.01MiB/s ETA 00:12 (frag 32/62)
[download]  51.6% of ~ 244.46MiB at   10.89MiB/s ETA 00:11 (frag 32/62)
[download]  51.8% of ~ 243.76MiB at   10.89MiB/s ETA 00:11 (frag 32/62)
[download]  51.6% of ~ 245.16MiB at   10.81MiB/s ETA 00:11 (frag 32/62)
[download]  52.4% of ~ 244.90MiB at   10.82MiB/s ETA 00:11 (frag 32/62)
[download]  51.7% of ~ 248.30MiB at   10.82MiB/s ETA 00:11 (frag 33/62)
[download]  53.5% of ~ 240.81MiB at   10.82MiB/s ETA 00:11 (frag 33/62)
[download]  53.3% of ~ 242.64MiB at   10.81MiB/s ETA 00:11 (frag 33/62)
[download]  54.0% of ~ 243.27MiB at   10.81MiB/s ETA 00:11 (frag 33/62)
[download]  53.2% of ~ 246.90MiB at   10.81MiB/s ETA 00:11 (frag 33/62)
[download]  53.2% of ~ 246.91MiB at   10.81MiB/s ETA 00:11 (frag 34/62)
[download]  54.9% of ~ 240.22MiB at   10.93MiB/s ETA 00:11 (frag 34/62)
[download]  54.8% of ~ 241.69MiB at   10.93MiB/s ETA 00:11 (frag 34/62)
[download]  55.3% of ~ 241.11MiB at   11.09MiB/s ETA 00:11 (frag 34/62)
[download]  54.7% of ~ 243.94MiB at   11.09MiB/s ETA 00:11 (frag 34/62)
[download]  54.7% of ~ 243.94MiB at   11.09MiB/s ETA 00:11 (frag 34/62)
[download]  54.7% of ~ 243.94MiB at   11.09MiB/s ETA 00:11 (frag 34/62)
[download]  54.7% of ~ 243.95MiB at   11.09MiB/s ETA 00:11 (frag 34/62)
[download]  54.7% of ~ 243.97MiB at   11.09MiB/s ETA 00:11 (frag 34/62)
[download]  54.7% of ~ 243.99MiB at   11.27MiB/s ETA 00:11 (frag 34/62)
[download]  54.7% of ~ 244.05MiB at   11.27MiB/s ETA 00:11 (frag 34/62)
[download]  54.7% of ~ 244.16MiB at   11.27MiB/s ETA 00:11 (frag 34/62)
[download]  54.7% of ~ 244.49MiB at   11.10MiB/s ETA 00:10 (frag 34/62)
[download]  54.7% of ~ 244.49MiB at   11.10MiB/s ETA 00:10 (frag 34/62)
[download]  54.7% of ~ 244.49MiB at   11.10MiB/s ETA 00:10 (frag 34/62)
[download]  54.7% of ~ 244.50MiB at   11.10MiB/s ETA 00:10 (frag 34/62)
[download]  54.7% of ~ 244.51MiB at   11.10MiB/s ETA 00:10 (frag 34/62)
[download]  54.8% of ~ 244.43MiB at   11.10MiB/s ETA 00:10 (frag 34/62)
[download]  54.7% of ~ 244.98MiB at   11.10MiB/s ETA 00:10 (frag 34/62)
[download]  54.7% of ~ 245.04MiB at   11.10MiB/s ETA 00:10 (frag 34/62)
[download]  54.7% of ~ 245.15MiB at   10.83MiB/s ETA 00:10 (frag 34/62)
[download]  54.9% of ~ 245.26MiB at   10.59MiB/s ETA 00:10 (frag 34/62)
[download]  55.6% of ~ 245.10MiB at   10.59MiB/s ETA 00:10 (frag 34/62)
[download]  55.0% of ~ 248.12MiB at   10.59MiB/s ETA 00:10 (frag 35/62)
[download]  56.4% of ~ 242.35MiB at   10.56MiB/s ETA 00:10 (frag 35/62)
[download]  56.6% of ~ 243.03MiB at   10.56MiB/s ETA 00:10 (frag 35/62)
[download]  56.7% of ~ 244.40MiB at   10.69MiB/s ETA 00:10 (frag 35/62)
[download]  56.5% of ~ 246.23MiB at   10.69MiB/s ETA 00:10 (frag 35/62)
[download]  57.0% of ~ 247.45MiB at   10.69MiB/s ETA 00:10 (frag 35/62)
[download]  56.5% of ~ 250.82MiB at   10.98MiB/s ETA 00:10 (frag 35/62)
[download]  56.3% of ~ 251.78MiB at   11.08MiB/s ETA 00:10 (frag 35/62)
[download]  56.3% of ~ 251.78MiB at   11.08MiB/s ETA 00:10 (frag 35/62)
[download]  56.3% of ~ 251.79MiB at   11.08MiB/s ETA 00:10 (frag 35/62)
[download]  56.3% of ~ 251.79MiB at   11.08MiB/s ETA 00:10 (frag 35/62)
[download]  56.3% of ~ 251.81MiB at   11.08MiB/s ETA 00:10 (frag 35/62)
[download]  56.8% of ~ 251.27MiB at   11.08MiB/s ETA 00:10 (frag 35/62)
[download]  56.6% of ~ 253.01MiB at   11.16MiB/s ETA 00:10 (frag 35/62)
[download]  56.3% of ~ 254.62MiB at   11.16MiB/s ETA 00:10 (frag 35/62)
[download]  56.3% of ~ 254.67MiB at   11.16MiB/s ETA 00:10 (frag 35/62)
[download]  56.7% of ~ 254.49MiB at   11.24MiB/s ETA 00:10 (frag 35/62)
[download]  57.2% of ~ 256.11MiB at   11.24MiB/s ETA 00:10 (frag 35/62)
[download]  56.5% of ~ 259.55MiB at   11.24MiB/s ETA 00:10 (frag 35/62)
[download]  56.4% of ~ 260.07MiB at   11.24MiB/s ETA 00:10 (frag 36/62)
[download]  57.9% of ~ 253.42MiB at   11.24MiB/s ETA 00:10 (frag 36/62)
[download]  58.1% of ~ 253.70MiB at   11.24MiB/s ETA 00:10 (frag 36/62)
[download]  57.9% of ~ 254.65MiB at   11.24MiB/s ETA 00:10 (frag 37/62)
[download]  59.6% of ~ 247.88MiB at   11.61MiB/s ETA 00:10 (frag 37/62)
[download]  59.7% of ~ 248.29MiB at   11.89MiB/s ETA 00:09 (frag 37/62)
[download]  60.3% of ~ 248.83MiB at   11.89MiB/s ETA 00:09 (frag 37/62)
[download]  59.7% of ~ 252.10MiB at   12.40MiB/s ETA 00:09 (frag 37/62)
[download]  59.6% of ~ 252.68MiB at   12.40MiB/s ETA 00:09 (frag 38/62)
[download]  61.1% of ~ 246.23MiB at   12.40MiB/s ETA 00:09 (frag 38/62)
[download]  61.1% of ~ 246.23MiB at   12.40MiB/s ETA 00:09 (frag 38/62)
[download]  61.1% of ~ 246.23MiB at   12.40MiB/s ETA 00:09 (frag 38/62)
[download]  61.1% of ~ 246.24MiB at   12.40MiB/s ETA 00:09 (frag 38/62)
[download]  61.1% of ~ 246.25MiB at   12.40MiB/s ETA 00:09 (frag 38/62)
[download]  61.1% of ~ 246.27MiB at   12.40MiB/s ETA 00:09 (frag 38/62)
[download]  61.2% of ~ 246.32MiB at   12.40MiB/s ETA 00:09 (frag 38/62)
[download]  61.2% of ~ 246.34MiB at   12.40MiB/s ETA 00:09 (frag 38/62)
[download]  61.2% of ~ 246.34MiB at   12.40MiB/s ETA 00:09 (frag 38/62)
[download]  61.2% of ~ 246.34MiB at   12.40MiB/s ETA 00:09 (frag 38/62)
[download]  61.2% of ~ 246.35MiB at   12.40MiB/s ETA 00:09 (frag 38/62)
[download]  61.2% of ~ 246.45MiB at   12.40MiB/s ETA 00:09 (frag 38/62)
[download]  61.2% of ~ 246.56MiB at   12.40MiB/s ETA 00:09 (frag 38/62)
[download]  61.5% of ~ 246.41MiB at   12.40MiB/s ETA 00:09 (frag 38/62)
[download]  61.3% of ~ 248.00MiB at   12.84MiB/s ETA 00:09 (frag 38/62)
[download]  61.2% of ~ 248.71MiB at   12.84MiB/s ETA 00:09 (frag 38/62)
[download]  61.2% of ~ 248.84MiB at   12.84MiB/s ETA 00:09 (frag 38/62)
[download]  61.2% of ~ 249.15MiB at   12.84MiB/s ETA 00:09 (frag 38/62)
[download]  61.7% of ~ 249.07MiB at   13.21MiB/s ETA 00:09 (frag 38/62)
[download]  61.5% of ~ 251.66MiB at   13.21MiB/s ETA 00:09 (frag 38/62)
[download]  61.4% of ~ 253.25MiB at   13.21MiB/s ETA 00:09 (frag 38/62)
[download]  61.4% of ~ 254.35MiB at   13.21MiB/s ETA 00:09 (frag 38/62)
[download]  61.3% of ~ 255.05MiB at   13.21MiB/s ETA 00:09 (frag 38/62)
[download]  61.2% of ~ 255.46MiB at   13.49MiB/s ETA 00:08 (frag 38/62)
[download]  61.2% of ~ 255.47MiB at   13.49MiB/s ETA 00:08 (frag 38/62)
[download]  61.2% of ~ 255.47MiB at   13.49MiB/s ETA 00:08 (frag 38/62)
[download]  61.2% of ~ 255.48MiB at   13.49MiB/s ETA 00:08 (frag 38/62)
[download]  61.2% of ~ 255.49MiB at   13.49MiB/s ETA 00:08 (frag 38/62)
[download]  61.2% of ~ 255.51MiB at   13.49MiB/s ETA 00:08 (frag 38/62)
[download]  61.2% of ~ 255.56MiB at   13.49MiB/s ETA 00:08 (frag 38/62)
[download]  61.6% of ~ 255.54MiB at   13.49MiB/s ETA 00:08 (frag 38/62)
[download]  61.2% of ~ 257.25MiB at   13.49MiB/s ETA 00:08 (frag 38/62)
[download]  61.3% of ~ 257.24MiB at   13.49MiB/s ETA 00:08 (frag 38/62)
[download]  61.3% of ~ 257.85MiB at   13.41MiB/s ETA 00:08 (frag 38/62)
[download]  61.4% of ~ 258.25MiB at   13.41MiB/s ETA 00:08 (frag 38/62)
[download]  61.4% of ~ 258.83MiB at   13.41MiB/s ETA 00:08 (frag 38/62)
[download]  62.0% of ~ 259.71MiB at   13.41MiB/s ETA 00:08 (frag 38/62)
[download]  61.6% of ~ 263.01MiB at   13.66MiB/s ETA 00:08 (frag 38/62)
[download]  61.4% of ~ 264.48MiB at   13.66MiB/s ETA 00:08 (frag 38/62)
[download]  62.0% of ~ 265.32MiB at   13.66MiB/s ETA 00:08 (frag 38/62)
[download]  61.9% of ~ 267.99MiB at   13.66MiB/s ETA 00:08 (frag 38/62)
[download]  61.3% of ~ 270.49MiB at   13.66MiB/s ETA 00:08 (frag 39/62)
[download]  62.9% of ~ 263.48MiB at   13.66MiB/s ETA 00:08 (frag 39/62)
[download]  62.9% of ~ 263.59MiB at   13.66MiB/s ETA 00:08 (frag 40/62)
[download]  64.6% of ~ 257.64MiB at   13.66MiB/s ETA 00:08 (frag 40/62)
[download]  64.4% of ~ 258.44MiB at   13.66MiB/s ETA 00:08 (frag 41/62)
[download]  66.5% of ~ 252.29MiB at   14.35MiB/s ETA 00:08 (frag 41/62)
[download]  66.4% of ~ 253.72MiB at   14.35MiB/s ETA 00:08 (frag 41/62)
[download]  66.1% of ~ 255.04MiB at   14.35MiB/s ETA 00:08 (frag 42/62)
[download]  68.4% of ~ 249.47MiB at   14.97MiB/s ETA 00:07 (frag 42/62)
[download]  67.8% of ~ 252.35MiB at   14.97MiB/s ETA 00:07 (frag 42/62)
[download]  67.6% of ~ 253.00MiB at   14.97MiB/s ETA 00:07 (frag 43/62)
[download]  69.3% of ~ 246.88MiB at   15.29MiB/s ETA 00:07 (frag 43/62)
[download]  69.3% of ~ 246.88MiB at   15.29MiB/s ETA 00:07 (frag 43/62)
[download]  69.2% of ~ 247.21MiB at   15.29MiB/s ETA 00:07 (frag 43/62)
[download]  69.3% of ~ 246.89MiB at   15.29MiB/s ETA 00:07 (frag 43/62)
[download]  69.2% of ~ 247.21MiB at   15.29MiB/s ETA 00:07 (frag 43/62)
[download]  69.3% of ~ 246.90MiB at   15.29MiB/s ETA 00:07 (frag 43/62)
[download]  69.2% of ~ 247.23MiB at   15.29MiB/s ETA 00:07 (frag 43/62)
[download]  69.3% of ~ 246.91MiB at   15.29MiB/s ETA 00:07 (frag 43/62)
[download]  69.2% of ~ 247.26MiB at   15.29MiB/s ETA 00:07 (frag 43/62)
[download]  69.2% of ~ 247.27MiB at   15.29MiB/s ETA 00:07 (frag 43/62)
[download]  69.2% of ~ 247.29MiB at   15.29MiB/s ETA 00:07 (frag 43/62)
[download]  69.2% of ~ 247.33MiB at   15.29MiB/s ETA 00:07 (frag 43/62)
[download]  69.3% of ~ 247.10MiB at   15.29MiB/s ETA 00:07 (frag 43/62)
[download]  69.2% of ~ 247.46MiB at   15.29MiB/s ETA 00:07 (frag 43/62)
[download]  69.5% of ~ 247.76MiB at   15.29MiB/s ETA 00:07 (frag 43/62)
[download]  69.6% of ~ 248.78MiB at   15.29MiB/s ETA 00:07 (frag 43/62)
[download]  69.3% of ~ 250.01MiB at   15.29MiB/s ETA 00:07 (frag 43/62)
[download]  69.5% of ~ 250.57MiB at   15.70MiB/s ETA 00:07 (frag 43/62)
[download]  69.2% of ~ 251.75MiB at   15.70MiB/s ETA 00:07 (frag 44/62)
[download]  70.9% of ~ 245.69MiB at   15.70MiB/s ETA 00:07 (frag 44/62)
[download]  71.2% of ~ 244.67MiB at   15.70MiB/s ETA 00:07 (frag 44/62)
[download]  71.2% of ~ 244.67MiB at   15.70MiB/s ETA 00:07 (frag 44/62)
[download]  71.2% of ~ 244.67MiB at   15.70MiB/s ETA 00:07 (frag 44/62)
[download]  71.2% of ~ 244.68MiB at   15.70MiB/s ETA 00:07 (frag 44/62)
[download]  71.2% of ~ 244.69MiB at   15.70MiB/s ETA 00:07 (frag 44/62)
[download]  71.2% of ~ 244.71MiB at   15.70MiB/s ETA 00:07 (frag 44/62)
[download]  71.2% of ~ 244.75MiB at   15.70MiB/s ETA 00:07 (frag 44/62)
[download]  71.6% of ~ 243.49MiB at   16.16MiB/s ETA 00:06 (frag 44/62)
[download]  71.6% of ~ 243.50MiB at   16.16MiB/s ETA 00:06 (frag 44/62)
[download]  71.6% of ~ 243.50MiB at   16.16MiB/s ETA 00:06 (frag 44/62)
[download]  71.6% of ~ 243.50MiB at   16.16MiB/s ETA 00:06 (frag 44/62)
[download]  71.6% of ~ 243.51MiB at   16.16MiB/s ETA 00:06 (frag 44/62)
[download]  71.6% of ~ 243.54MiB at   16.16MiB/s ETA 00:06 (frag 44/62)
[download]  70.9% of ~ 246.43MiB at   16.16MiB/s ETA 00:06 (frag 44/62)
[download]  71.6% of ~ 243.92MiB at   16.16MiB/s ETA 00:06 (frag 44/62)
[download]  71.0% of ~ 246.55MiB at   16.16MiB/s ETA 00:06 (frag 44/62)
[download]  71.7% of ~ 244.35MiB at   16.45MiB/s ETA 00:06 (frag 44/62)
[download]  71.0% of ~ 247.38MiB at   16.45MiB/s ETA 00:06 (frag 44/62)
[download]  71.3% of ~ 246.56MiB at   16.45MiB/s ETA 00:06 (frag 44/62)
[download]  71.3% of ~ 246.73MiB at   16.63MiB/s ETA 00:06 (frag 44/62)
[download]  71.8% of ~ 245.07MiB at   16.63MiB/s ETA 00:06 (frag 44/62)
[download]  71.8% of ~ 245.07MiB at   16.63MiB/s ETA 00:06 (frag 44/62)
[download]  71.8% of ~ 245.07MiB at   16.63MiB/s ETA 00:06 (frag 44/62)
[download]  71.8% of ~ 245.08MiB at   16.63MiB/s ETA 00:06 (frag 44/62)
[download]  71.8% of ~ 245.09MiB at   16.63MiB/s ETA 00:06 (frag 44/62)
[download]  71.8% of ~ 245.11MiB at   16.63MiB/s ETA 00:06 (frag 44/62)
[download]  71.8% of ~ 245.15MiB at   16.63MiB/s ETA 00:06 (frag 44/62)
[download]  71.7% of ~ 245.90MiB at   16.63MiB/s ETA 00:06 (frag 44/62)
[download]  71.1% of ~ 248.79MiB at   16.86MiB/s ETA 00:06 (frag 44/62)
[download]  71.8% of ~ 246.42MiB at   16.86MiB/s ETA 00:06 (frag 44/62)
[download]  71.8% of ~ 246.42MiB at   16.86MiB/s ETA 00:06 (frag 44/62)
[download]  71.8% of ~ 246.42MiB at   16.86MiB/s ETA 00:06 (frag 44/62)
[download]  71.8% of ~ 246.43MiB at   16.86MiB/s ETA 00:06 (frag 44/62)
[download]  71.8% of ~ 246.44MiB at   16.92MiB/s ETA 00:05 (frag 44/62)
[download]  71.8% of ~ 246.46MiB at   16.92MiB/s ETA 00:05 (frag 44/62)
[download]  71.8% of ~ 246.50MiB at   16.92MiB/s ETA 00:05 (frag 44/62)
[download]  71.4% of ~ 248.45MiB at   16.92MiB/s ETA 00:05 (frag 44/62)
[download]  71.8% of ~ 247.80MiB at   16.84MiB/s ETA 00:05 (frag 44/62)
[download]  71.1% of ~ 251.46MiB at   16.84MiB/s ETA 00:05 (frag 44/62)
[download]  71.2% of ~ 252.58MiB at   16.84MiB/s ETA 00:05 (frag 44/62)
[download]  70.8% of ~ 254.07MiB at   16.84MiB/s ETA 00:05 (frag 44/62)
[download]  70.8% of ~ 254.17MiB at   16.84MiB/s ETA 00:05 (frag 45/62)
[download]  73.4% of ~ 245.23MiB at   16.84MiB/s ETA 00:05 (frag 45/62)
[download]  73.5% of ~ 245.40MiB at   16.71MiB/s ETA 00:05 (frag 45/62)
[download]  72.9% of ~ 248.73MiB at   16.71MiB/s ETA 00:05 (frag 45/62)
[download]  73.5% of ~ 246.94MiB at   16.55MiB/s ETA 00:05 (frag 45/62)
[download]  73.6% of ~ 247.25MiB at   16.55MiB/s ETA 00:05 (frag 45/62)
[download]  73.3% of ~ 251.09MiB at   16.55MiB/s ETA 00:05 (frag 45/62)
[download]  72.6% of ~ 253.78MiB at   16.55MiB/s ETA 00:05 (frag 45/62)
[download]  72.5% of ~ 254.21MiB at   16.55MiB/s ETA 00:05 (frag 46/62)
[download]  74.8% of ~ 248.94MiB at   16.55MiB/s ETA 00:05 (frag 46/62)
[download]  74.2% of ~ 251.57MiB at   16.97MiB/s ETA 00:05 (frag 46/62)
[download]  74.1% of ~ 252.13MiB at   16.97MiB/s ETA 00:05 (frag 47/62)
[download]  76.5% of ~ 245.46MiB at   16.97MiB/s ETA 00:05 (frag 47/62)
[download]  76.9% of ~ 245.49MiB at   16.97MiB/s ETA 00:05 (frag 47/62)
[download]  76.6% of ~ 246.78MiB at   16.97MiB/s ETA 00:05 (frag 47/62)
[download]  76.5% of ~ 247.23MiB at   16.97MiB/s ETA 00:05 (frag 48/62)
[download]  78.4% of ~ 241.57MiB at   16.97MiB/s ETA 00:05 (frag 48/62)
[download]  78.2% of ~ 243.72MiB at   17.72MiB/s ETA 00:04 (frag 48/62)
[download]  77.7% of ~ 245.40MiB at   17.72MiB/s ETA 00:04 (frag 49/62)
[download]  80.1% of ~ 238.68MiB at   17.72MiB/s ETA 00:04 (frag 49/62)
[download]  79.9% of ~ 239.13MiB at   17.72MiB/s ETA 00:04 (frag 49/62)
[download]  79.9% of ~ 239.13MiB at   17.72MiB/s ETA 00:04 (frag 49/62)
[download]  79.9% of ~ 239.13MiB at   17.72MiB/s ETA 00:04 (frag 49/62)
[download]  79.9% of ~ 239.14MiB at   17.72MiB/s ETA 00:04 (frag 49/62)
[download]  80.2% of ~ 239.42MiB at   18.26MiB/s ETA 00:04 (frag 49/62)
[download]  79.8% of ~ 240.63MiB at   18.26MiB/s ETA 00:04 (frag 50/62)
[download]  81.8% of ~ 235.78MiB at   18.26MiB/s ETA 00:04 (frag 50/62)
[download]  81.5% of ~ 236.87MiB at   18.26MiB/s ETA 00:04 (frag 51/62)
[download]  83.1% of ~ 232.17MiB at   18.26MiB/s ETA 00:04 (frag 51/62)
[download]  83.1% of ~ 232.19MiB at   18.26MiB/s ETA 00:04 (frag 51/62)
[download]  83.1% of ~ 232.23MiB at   18.26MiB/s ETA 00:04 (frag 51/62)
[download]  83.2% of ~ 232.30MiB at   18.26MiB/s ETA 00:04 (frag 51/62)
[download]  82.9% of ~ 233.07MiB at   18.64MiB/s ETA 00:04 (frag 51/62)
[download]  82.9% of ~ 233.07MiB at   18.64MiB/s ETA 00:04 (frag 51/62)
[download]  82.9% of ~ 233.07MiB at   18.64MiB/s ETA 00:04 (frag 51/62)
[download]  82.9% of ~ 233.08MiB at   18.64MiB/s ETA 00:04 (frag 51/62)
[download]  82.9% of ~ 233.08MiB at   18.64MiB/s ETA 00:04 (frag 51/62)
[download]  83.6% of ~ 231.04MiB at   18.64MiB/s ETA 00:04 (frag 51/62)
[download]  83.2% of ~ 232.49MiB at   18.64MiB/s ETA 00:04 (frag 51/62)
[download]  83.6% of ~ 231.34MiB at   18.64MiB/s ETA 00:04 (frag 51/62)
[download]  82.9% of ~ 233.40MiB at   18.64MiB/s ETA 00:04 (frag 51/62)
[download]  83.6% of ~ 231.38MiB at   18.64MiB/s ETA 00:04 (frag 51/62)
[download]  83.6% of ~ 231.39MiB at   18.64MiB/s ETA 00:04 (frag 51/62)
[download]  83.6% of ~ 231.40MiB at   18.64MiB/s ETA 00:04 (frag 51/62)
[download]  83.7% of ~ 231.41MiB at   18.64MiB/s ETA 00:04 (frag 51/62)
[download]  83.7% of ~ 231.45MiB at   18.64MiB/s ETA 00:04 (frag 51/62)
[download]  82.9% of ~ 233.59MiB at   18.64MiB/s ETA 00:04 (frag 51/62)
[download]  83.7% of ~ 231.60MiB at   18.64MiB/s ETA 00:04 (frag 51/62)
[download]  83.6% of ~ 231.76MiB at   18.86MiB/s ETA 00:04 (frag 51/62)
[download]  83.6% of ~ 231.76MiB at   18.86MiB/s ETA 00:04 (frag 51/62)
[download]  83.6% of ~ 231.76MiB at   18.86MiB/s ETA 00:04 (frag 51/62)
[download]  83.6% of ~ 231.77MiB at   18.86MiB/s ETA 00:04 (frag 51/62)
[download]  83.6% of ~ 231.78MiB at   18.86MiB/s ETA 00:04 (frag 51/62)
[download]  83.7% of ~ 231.80MiB at   18.86MiB/s ETA 00:04 (frag 51/62)
[download]  83.7% of ~ 231.83MiB at   18.86MiB/s ETA 00:04 (frag 51/62)
[download]  83.6% of ~ 231.94MiB at   18.86MiB/s ETA 00:04 (frag 51/62)
[download]  83.6% of ~ 231.94MiB at   18.86MiB/s ETA 00:04 (frag 51/62)
[download]  83.6% of ~ 231.94MiB at   18.86MiB/s ETA 00:04 (frag 51/62)
[download]  83.6% of ~ 231.95MiB at   18.86MiB/s ETA 00:04 (frag 51/62)
[download]  83.6% of ~ 231.95MiB at   18.86MiB/s ETA 00:04 (frag 51/62)
[download]  83.6% of ~ 231.97MiB at   18.86MiB/s ETA 00:04 (frag 51/62)
[download]  83.7% of ~ 232.01MiB at   18.86MiB/s ETA 00:04 (frag 51/62)
[download]  82.9% of ~ 236.40MiB at   19.04MiB/s ETA 00:03 (frag 51/62)
[download]  83.0% of ~ 236.49MiB at   19.04MiB/s ETA 00:03 (frag 51/62)
[download]  83.7% of ~ 234.58MiB at   19.04MiB/s ETA 00:03 (frag 51/62)
[download]  83.7% of ~ 234.88MiB at   19.04MiB/s ETA 00:03 (frag 51/62)
[download]  83.6% of ~ 234.92MiB at   18.99MiB/s ETA 00:03 (frag 52/62)
[download]  83.8% of ~ 234.76MiB at   18.99MiB/s ETA 00:03 (frag 52/62)
[download]  83.7% of ~ 234.99MiB at   18.99MiB/s ETA 00:03 (frag 53/62)
[download]  86.9% of ~ 226.45MiB at   18.99MiB/s ETA 00:03 (frag 53/62)
[download]  86.8% of ~ 226.66MiB at   18.99MiB/s ETA 00:03 (frag 53/62)
[download]  86.8% of ~ 226.66MiB at   18.99MiB/s ETA 00:03 (frag 53/62)
[download]  86.8% of ~ 226.66MiB at   18.99MiB/s ETA 00:03 (frag 53/62)
[download]  86.8% of ~ 226.66MiB at   18.99MiB/s ETA 00:03 (frag 53/62)
[download]  86.8% of ~ 226.67MiB at   18.99MiB/s ETA 00:03 (frag 53/62)
[download]  86.8% of ~ 226.72MiB at   18.99MiB/s ETA 00:03 (frag 53/62)
[download]  86.8% of ~ 226.73MiB at   18.99MiB/s ETA 00:03 (frag 53/62)
[download]  86.8% of ~ 226.73MiB at   18.99MiB/s ETA 00:03 (frag 53/62)
[download]  86.6% of ~ 228.01MiB at   18.99MiB/s ETA 00:03 (frag 53/62)
[download]  86.8% of ~ 227.31MiB at   18.99MiB/s ETA 00:03 (frag 53/62)
[download]  86.8% of ~ 227.32MiB at   18.99MiB/s ETA 00:03 (frag 53/62)
[download]  86.8% of ~ 227.33MiB at   18.99MiB/s ETA 00:03 (frag 53/62)
[download]  86.8% of ~ 227.37MiB at   18.99MiB/s ETA 00:03 (frag 53/62)
[download]  86.8% of ~ 227.41MiB at   18.99MiB/s ETA 00:03 (frag 53/62)
[download]  86.9% of ~ 227.44MiB at   18.88MiB/s ETA 00:03 (frag 53/62)
[download]  86.9% of ~ 227.55MiB at   18.88MiB/s ETA 00:03 (frag 53/62)
[download]  86.9% of ~ 227.66MiB at   18.88MiB/s ETA 00:03 (frag 53/62)
[download]  86.9% of ~ 227.76MiB at   18.73MiB/s ETA 00:03 (frag 53/62)
[download]  86.2% of ~ 229.85MiB at   18.73MiB/s ETA 00:03 (frag 53/62)
[download]  86.9% of ~ 228.23MiB at   18.73MiB/s ETA 00:03 (frag 53/62)
[download]  86.9% of ~ 228.55MiB at   18.73MiB/s ETA 00:03 (frag 53/62)
[download]  86.9% of ~ 228.84MiB at   18.73MiB/s ETA 00:03 (frag 53/62)
[download]  86.8% of ~ 228.99MiB at   18.73MiB/s ETA 00:03 (frag 54/62)
[download]  88.6% of ~ 224.73MiB at   18.73MiB/s ETA 00:03 (frag 54/62)
[download]  88.5% of ~ 225.01MiB at   18.73MiB/s ETA 00:03 (frag 54/62)
[download]  88.5% of ~ 225.06MiB at   18.73MiB/s ETA 00:03 (frag 55/62)
[download]  89.5% of ~ 222.94MiB at   18.73MiB/s ETA 00:03 (frag 55/62)
[download]  90.1% of ~ 221.66MiB at   18.73MiB/s ETA 00:03 (frag 55/62)
[download]  90.2% of ~ 221.73MiB at   18.73MiB/s ETA 00:03 (frag 55/62)
[download]  90.1% of ~ 222.05MiB at   18.73MiB/s ETA 00:03 (frag 56/62)
[download]  91.7% of ~ 218.11MiB at   18.73MiB/s ETA 00:03 (frag 56/62)
[download]  91.7% of ~ 218.19MiB at   18.73MiB/s ETA 00:03 (frag 57/62)
[download]  93.1% of ~ 215.69MiB at   18.81MiB/s ETA 00:03 (frag 57/62)
[download]  92.7% of ~ 216.48MiB at   18.81MiB/s ETA 00:03 (frag 58/62)
[download]  94.9% of ~ 211.65MiB at   18.81MiB/s ETA 00:03 (frag 58/62)
[download]  94.9% of ~ 211.65MiB at   18.81MiB/s ETA 00:03 (frag 58/62)
[download]  94.9% of ~ 211.65MiB at   18.81MiB/s ETA 00:03 (frag 58/62)
[download]  94.9% of ~ 211.66MiB at   18.81MiB/s ETA 00:03 (frag 58/62)
[download]  94.9% of ~ 211.66MiB at   18.81MiB/s ETA 00:03 (frag 58/62)
[download]  94.8% of ~ 211.83MiB at   18.81MiB/s ETA 00:03 (frag 58/62)
[download]  94.8% of ~ 211.83MiB at   18.81MiB/s ETA 00:03 (frag 58/62)
[download]  94.8% of ~ 211.83MiB at   18.81MiB/s ETA 00:03 (frag 58/62)
[download]  94.9% of ~ 211.69MiB at   18.81MiB/s ETA 00:03 (frag 58/62)
[download]  94.8% of ~ 211.87MiB at   18.81MiB/s ETA 00:03 (frag 58/62)
[download]  94.8% of ~ 211.87MiB at   18.81MiB/s ETA 00:03 (frag 58/62)
[download]  94.9% of ~ 211.75MiB at   18.81MiB/s ETA 00:03 (frag 58/62)
[download]  94.8% of ~ 211.96MiB at   18.81MiB/s ETA 00:03 (frag 58/62)
[download]  94.6% of ~ 213.55MiB at   18.65MiB/s ETA 00:02 (frag 58/62)
[download]  94.8% of ~ 213.04MiB at   18.65MiB/s ETA 00:02 (frag 58/62)
[download]  94.9% of ~ 213.10MiB at   18.65MiB/s ETA 00:02 (frag 58/62)
[download]  94.9% of ~ 213.09MiB at   18.65MiB/s ETA 00:02 (frag 58/62)
[download]  94.2% of ~ 214.93MiB at   18.65MiB/s ETA 00:02 (frag 58/62)
[download]  94.1% of ~ 215.21MiB at   18.65MiB/s ETA 00:02 (frag 59/62)
[download]  96.6% of ~ 209.94MiB at   18.60MiB/s ETA 00:02 (frag 59/62)
[download]  96.5% of ~ 210.20MiB at   18.60MiB/s ETA 00:02 (frag 59/62)
[download]  96.5% of ~ 210.34MiB at   18.60MiB/s ETA 00:02 (frag 60/62)
[download]  98.1% of ~ 207.03MiB at   18.60MiB/s ETA 00:02 (frag 60/62)
[download]  98.2% of ~ 206.92MiB at   18.43MiB/s ETA 00:02 (frag 60/62)
[download]  98.2% of ~ 206.92MiB at   18.43MiB/s ETA 00:02 (frag 60/62)
[download]  98.2% of ~ 206.92MiB at   18.43MiB/s ETA 00:02 (frag 60/62)
[download]  98.2% of ~ 206.93MiB at   18.43MiB/s ETA 00:02 (frag 60/62)
[download]  98.2% of ~ 206.94MiB at   18.43MiB/s ETA 00:02 (frag 60/62)
[download]  98.2% of ~ 206.95MiB at   18.43MiB/s ETA 00:02 (frag 60/62)
[download]  98.2% of ~ 206.98MiB at   18.43MiB/s ETA 00:02 (frag 60/62)
[download]  98.2% of ~ 207.05MiB at   18.43MiB/s ETA 00:02 (frag 60/62)
[download]  98.1% of ~ 207.54MiB at   18.43MiB/s ETA 00:02 (frag 60/62)
[download]  98.0% of ~ 207.82MiB at   18.43MiB/s ETA 00:02 (frag 61/62)
[download]  99.9% of ~ 204.11MiB at   18.07MiB/s ETA 00:01 (frag 61/62)
[download]  99.8% of ~ 204.27MiB at   18.07MiB/s ETA 00:01 (frag 62/62)
[download] 100% of  203.86MiB in 00:00:18 at 11.05MiB/s
[FixupM3u8] Fixing MPEG-TS in MP4 container of "D:\ĎÂÔŘ\Myanmar_wife_has_pretty_boobs_and_cheat_with_my_friend-udiebbd8fc3.mp4"
[Metadata] Adding metadata to "D:\ĎÂÔŘ\Myanmar_wife_has_pretty_boobs_and_cheat_with_my_friend-udiebbd8fc3.mp4"
