[generic] Extracting URL: https://www.xvideos.com/prof-video-click/upload/asiangoodgirl/kbaktlh7939/asian_girlfriend_with_b...cock_and_real_orgasm
[generic] asian_girlfriend_with_big_bouncy_tits_riding_cock_and_real_orgasm: Downloading webpage
[redirect] Following redirect to https://www.xvideos.com/video.kbaktlh7939/asian_girlfriend_with_big_bouncy_tits_riding_cock_and_real_orgasm
[XVideos] Extracting URL: https://www.xvideos.com/video.kbaktlh7939/asian_girlfriend_with_big_bouncy_tits_riding_cock_and_real_orgasm
[XVideos] kbaktlh7939: Downloading webpage
[XVideos] kbaktlh7939: Downloading m3u8 information
[XVideos] kbaktlh7939: Checking hls-480p video format URL
[XVideos] kbaktlh7939: Checking hls-720p video format URL
[XVideos] kbaktlh7939: Checking hls-1080p video format URL
[XVideos] kbaktlh7939: Checking hls-360p video format URL
[XVideos] kbaktlh7939: Checking hls-250p video format URL
[info] kbaktlh7939: Downloading 1 format(s): hls-1080p
[info] Downloading video thumbnail 1 ...
[info] Writing video thumbnail 1 to: D:\ĎÂÔŘ\Asian_Girlfriend_with_Big_Bouncy_Tits_Riding_Cock_Real_Orgasm-kbaktlh7939.jpg
[hlsnative] Downloading m3u8 manifest
[hlsnative] Total fragments: 60
[download] Destination: D:\ĎÂÔŘ\Asian_Girlfriend_with_Big_Bouncy_Tits_Riding_Cock_Real_Orgasm-kbaktlh7939.mp4
[download]   0.0% of ~ 191.43MiB at    756.65B/s ETA Unknown (frag 0/60)
[download]   0.0% of ~ 191.49MiB at    756.65B/s ETA Unknown (frag 0/60)
[download]   0.0% of ~ 191.60MiB at    756.65B/s ETA Unknown (frag 0/60)
[download]   0.0% of ~ 191.84MiB at    756.65B/s ETA Unknown (frag 0/60)
[download]   0.0% of ~ 192.31MiB at    756.65B/s ETA Unknown (frag 0/60)
[download]   0.0% of ~ 193.25MiB at   34.15KiB/s ETA Unknown (frag 0/60)
[download]   0.1% of ~ 195.12MiB at   79.36KiB/s ETA Unknown (frag 0/60)
[download]   0.1% of ~ 198.87MiB at  147.94KiB/s ETA Unknown (frag 0/60)
[download]   0.2% of ~ 206.37MiB at  249.98KiB/s ETA 07:11 (frag 0/60)
[download]   0.3% of ~ 169.16MiB at  249.98KiB/s ETA 07:11 (frag 0/60)
[download]   0.3% of ~ 169.22MiB at  249.98KiB/s ETA 07:11 (frag 0/60)
[download]   0.3% of ~ 169.34MiB at  249.98KiB/s ETA 07:11 (frag 0/60)
[download]   0.3% of ~ 169.57MiB at  249.98KiB/s ETA 07:11 (frag 0/60)
[download]   0.3% of ~ 186.82MiB at  249.98KiB/s ETA 07:11 (frag 0/60)
[download]   0.3% of ~ 186.88MiB at  249.98KiB/s ETA 07:11 (frag 0/60)
[download]   0.3% of ~ 187.00MiB at  249.98KiB/s ETA 07:11 (frag 0/60)
[download]   0.3% of ~ 187.23MiB at  249.98KiB/s ETA 07:11 (frag 0/60)
[download]   0.3% of ~ 185.37MiB at  249.98KiB/s ETA 07:11 (frag 0/60)
[download]   0.3% of ~ 185.43MiB at  249.98KiB/s ETA 07:11 (frag 0/60)
[download]   0.3% of ~ 185.55MiB at  249.98KiB/s ETA 07:11 (frag 0/60)
[download]   0.3% of ~ 185.78MiB at  249.98KiB/s ETA 07:11 (frag 0/60)
[download]   0.2% of ~ 242.34MiB at  323.52KiB/s ETA 07:18 (frag 0/60)
[download]   0.2% of ~ 242.40MiB at  323.52KiB/s ETA 07:18 (frag 0/60)
[download]   0.2% of ~ 242.51MiB at  323.52KiB/s ETA 07:18 (frag 0/60)
[download]   0.3% of ~ 201.37MiB at  323.52KiB/s ETA 07:18 (frag 0/60)
[download]   0.2% of ~ 242.81MiB at  323.52KiB/s ETA 07:18 (frag 0/60)
[download]   0.3% of ~ 201.90MiB at  323.52KiB/s ETA 07:18 (frag 0/60)
[download]   0.3% of ~ 202.02MiB at  323.52KiB/s ETA 07:18 (frag 0/60)
[download]   0.3% of ~ 202.25MiB at  323.52KiB/s ETA 07:18 (frag 0/60)
[download]   0.3% of ~ 205.57MiB at  323.52KiB/s ETA 07:18 (frag 0/60)
[download]   0.3% of ~ 205.63MiB at  323.52KiB/s ETA 07:18 (frag 0/60)
[download]   0.3% of ~ 205.75MiB at  323.52KiB/s ETA 07:18 (frag 0/60)
[download]   0.3% of ~ 205.98MiB at  323.52KiB/s ETA 07:18 (frag 0/60)
[download]   0.5% of ~ 226.64MiB at  323.52KiB/s ETA 07:18 (frag 0/60)
[download]   0.5% of ~ 233.60MiB at  511.80KiB/s ETA 06:59 (frag 0/60)
[download]   0.5% of ~ 205.38MiB at  511.80KiB/s ETA 06:59 (frag 0/60)
[download]   0.5% of ~ 223.09MiB at  511.80KiB/s ETA 06:59 (frag 0/60)
[download]   0.5% of ~ 221.70MiB at  511.80KiB/s ETA 06:59 (frag 0/60)
[download]   0.5% of ~ 245.16MiB at  511.80KiB/s ETA 06:59 (frag 0/60)
[download]   0.5% of ~ 245.22MiB at  511.80KiB/s ETA 06:59 (frag 0/60)
[download]   0.5% of ~ 245.34MiB at  511.80KiB/s ETA 06:59 (frag 0/60)
[download]   0.5% of ~ 245.57MiB at  511.80KiB/s ETA 06:59 (frag 0/60)
[download]   0.4% of ~ 279.60MiB at  511.80KiB/s ETA 06:59 (frag 0/60)
[download]   0.5% of ~ 242.02MiB at  652.02KiB/s ETA 06:43 (frag 0/60)
[download]   0.5% of ~ 242.96MiB at  652.02KiB/s ETA 06:43 (frag 0/60)
[download]   0.6% of ~ 212.82MiB at  750.93KiB/s ETA 06:24 (frag 0/60)
[download]   0.5% of ~ 251.66MiB at  750.93KiB/s ETA 06:24 (frag 0/60)
[download]   0.6% of ~ 232.41MiB at  750.93KiB/s ETA 06:24 (frag 0/60)
[download]   0.5% of ~ 288.04MiB at  824.12KiB/s ETA 06:15 (frag 0/60)
[download]   0.6% of ~ 248.54MiB at  824.12KiB/s ETA 06:15 (frag 0/60)
[download]   0.9% of ~ 273.46MiB at  824.12KiB/s ETA 06:15 (frag 0/60)
[download]   0.8% of ~ 295.70MiB at  824.12KiB/s ETA 06:15 (frag 0/60)
[download]   0.8% of ~ 320.10MiB at  824.12KiB/s ETA 06:15 (frag 0/60)
[download]   0.8% of ~ 317.02MiB at  824.12KiB/s ETA 06:15 (frag 0/60)
[download]   0.8% of ~ 305.54MiB at    1.10MiB/s ETA 05:55 (frag 0/60)
[download]   0.8% of ~ 321.67MiB at    1.10MiB/s ETA 05:55 (frag 0/60)
[download]   1.1% of ~ 348.46MiB at    1.10MiB/s ETA 05:55 (frag 0/60)
[download]   0.9% of ~ 419.95MiB at    1.10MiB/s ETA 05:55 (frag 1/60)
[download]   2.1% of ~ 183.87MiB at    1.10MiB/s ETA 05:55 (frag 1/60)
[download]   1.8% of ~ 221.01MiB at    1.10MiB/s ETA 05:55 (frag 1/60)
[download]   2.1% of ~ 194.84MiB at    1.10MiB/s ETA 05:55 (frag 1/60)
[download]   2.0% of ~ 207.98MiB at    1.10MiB/s ETA 05:55 (frag 1/60)
[download]   2.0% of ~ 205.95MiB at    1.59MiB/s ETA 05:27 (frag 1/60)
[download]   2.0% of ~ 211.13MiB at    1.59MiB/s ETA 05:27 (frag 1/60)
[download]   2.1% of ~ 207.26MiB at    1.59MiB/s ETA 05:27 (frag 1/60)
[download]   2.2% of ~ 202.62MiB at    1.59MiB/s ETA 05:27 (frag 1/60)
[download]   2.2% of ~ 213.59MiB at    1.59MiB/s ETA 05:27 (frag 1/60)
[download]   2.0% of ~ 245.39MiB at    1.59MiB/s ETA 05:27 (frag 1/60)
[download]   2.1% of ~ 232.36MiB at    2.03MiB/s ETA 05:01 (frag 1/60)
[download]   2.2% of ~ 232.20MiB at    2.35MiB/s ETA 04:39 (frag 1/60)
[download]   2.4% of ~ 225.12MiB at    2.35MiB/s ETA 04:39 (frag 1/60)
[download]   2.3% of ~ 248.63MiB at    2.35MiB/s ETA 04:39 (frag 1/60)
[download]   2.4% of ~ 248.51MiB at    2.35MiB/s ETA 04:39 (frag 1/60)
[download]   2.4% of ~ 254.84MiB at    2.35MiB/s ETA 04:39 (frag 1/60)
[download]   2.2% of ~ 290.39MiB at    2.35MiB/s ETA 04:39 (frag 1/60)
[download]   2.4% of ~ 281.11MiB at    2.79MiB/s ETA 04:18 (frag 1/60)
[download]   2.2% of ~ 301.39MiB at    2.79MiB/s ETA 04:18 (frag 1/60)
[download]   2.2% of ~ 301.42MiB at    2.79MiB/s ETA 04:18 (frag 1/60)
[download]   2.2% of ~ 301.48MiB at    2.79MiB/s ETA 04:18 (frag 1/60)
[download]   2.2% of ~ 301.59MiB at    2.79MiB/s ETA 04:18 (frag 1/60)
[download]   2.2% of ~ 301.83MiB at    2.79MiB/s ETA 04:18 (frag 1/60)
[download]   2.2% of ~ 302.30MiB at    2.79MiB/s ETA 04:18 (frag 1/60)
[download]   2.2% of ~ 303.23MiB at    2.79MiB/s ETA 04:18 (frag 1/60)
[download]   2.6% of ~ 281.07MiB at    3.15MiB/s ETA 03:59 (frag 1/60)
[download]   2.3% of ~ 320.11MiB at    3.15MiB/s ETA 03:59 (frag 1/60)
[download]   2.6% of ~ 307.17MiB at    3.15MiB/s ETA 03:59 (frag 1/60)
[download]   2.7% of ~ 315.98MiB at    3.15MiB/s ETA 03:59 (frag 1/60)
[download]   2.6% of ~ 338.60MiB at    3.15MiB/s ETA 03:59 (frag 1/60)
[download]   2.8% of ~ 337.59MiB at    3.15MiB/s ETA 03:59 (frag 1/60)
[download]   2.6% of ~ 387.86MiB at    3.67MiB/s ETA 03:43 (frag 1/60)
[download]   2.6% of ~ 398.86MiB at    4.01MiB/s ETA 03:28 (frag 1/60)
[download]   2.7% of ~ 393.58MiB at    4.01MiB/s ETA 03:28 (frag 1/60)
[download]   2.7% of ~ 421.36MiB at    4.23MiB/s ETA 03:16 (frag 1/60)
[download]   2.9% of ~ 419.67MiB at    4.23MiB/s ETA 03:16 (frag 1/60)
[download]   3.0% of ~ 435.09MiB at    4.23MiB/s ETA 03:16 (frag 1/60)
[download]   3.0% of ~ 473.48MiB at    4.23MiB/s ETA 03:16 (frag 1/60)
[download]   3.0% of ~ 502.32MiB at    4.83MiB/s ETA 03:04 (frag 1/60)
[download]   3.0% of ~ 541.10MiB at    4.83MiB/s ETA 03:04 (frag 1/60)
[download]   3.0% of ~ 562.32MiB at    4.83MiB/s ETA 03:04 (frag 1/60)
[download]   2.9% of ~ 579.18MiB at    4.83MiB/s ETA 03:04 (frag 2/60)
[download]   4.4% of ~ 404.82MiB at    4.83MiB/s ETA 03:04 (frag 2/60)
[download]   4.4% of ~ 422.15MiB at    4.83MiB/s ETA 03:04 (frag 2/60)
[download]   4.5% of ~ 431.03MiB at    5.73MiB/s ETA 02:51 (frag 2/60)
[download]   4.4% of ~ 447.17MiB at    5.73MiB/s ETA 02:51 (frag 3/60)
[download]   6.1% of ~ 328.09MiB at    5.73MiB/s ETA 02:51 (frag 3/60)
[download]   6.0% of ~ 332.91MiB at    5.73MiB/s ETA 02:51 (frag 4/60)
[download]   7.6% of ~ 272.73MiB at    5.73MiB/s ETA 02:51 (frag 4/60)
[download]   7.3% of ~ 282.99MiB at    5.73MiB/s ETA 02:51 (frag 5/60)
[download]   9.2% of ~ 236.65MiB at    5.73MiB/s ETA 02:51 (frag 5/60)
[download]   9.2% of ~ 243.29MiB at    5.73MiB/s ETA 02:51 (frag 5/60)
[download]   9.0% of ~ 249.30MiB at    5.73MiB/s ETA 02:51 (frag 6/60)
[download]  10.8% of ~ 221.36MiB at    6.75MiB/s ETA 02:36 (frag 6/60)
[download]  10.2% of ~ 234.19MiB at    6.75MiB/s ETA 02:36 (frag 7/60)
[download]  12.3% of ~ 200.72MiB at    6.75MiB/s ETA 02:36 (frag 7/60)
[download]  11.9% of ~ 207.76MiB at    6.75MiB/s ETA 02:36 (frag 8/60)
[download]  13.9% of ~ 187.51MiB at    6.75MiB/s ETA 02:36 (frag 8/60)
[download]  13.3% of ~ 196.60MiB at    6.75MiB/s ETA 02:36 (frag 9/60)
[download]  14.8% of ~ 176.37MiB at    7.53MiB/s ETA 02:22 (frag 9/60)
[download]  14.8% of ~ 176.38MiB at    7.53MiB/s ETA 02:22 (frag 9/60)
[download]  14.8% of ~ 176.39MiB at    7.53MiB/s ETA 02:22 (frag 9/60)
[download]  14.8% of ~ 176.41MiB at    7.53MiB/s ETA 02:22 (frag 9/60)
[download]  14.8% of ~ 176.46MiB at    7.53MiB/s ETA 02:22 (frag 9/60)
[download]  14.8% of ~ 176.56MiB at    7.53MiB/s ETA 02:22 (frag 9/60)
[download]  14.9% of ~ 176.74MiB at    7.53MiB/s ETA 02:22 (frag 9/60)
[download]  15.0% of ~ 175.51MiB at    7.53MiB/s ETA 02:22 (frag 9/60)
[download]  15.0% of ~ 175.52MiB at    7.53MiB/s ETA 02:22 (frag 9/60)
[download]  15.0% of ~ 175.53MiB at    7.53MiB/s ETA 02:22 (frag 9/60)
[download]  15.0% of ~ 175.55MiB at    7.53MiB/s ETA 02:22 (frag 9/60)
[download]  15.0% of ~ 175.60MiB at    7.53MiB/s ETA 02:22 (frag 9/60)
[download]  15.0% of ~ 175.70MiB at    7.53MiB/s ETA 02:22 (frag 9/60)
[download]  15.0% of ~ 175.88MiB at    7.53MiB/s ETA 02:22 (frag 9/60)
[download]  15.1% of ~ 175.15MiB at    7.53MiB/s ETA 02:22 (frag 9/60)
[download]  15.1% of ~ 175.16MiB at    7.53MiB/s ETA 02:22 (frag 9/60)
[download]  15.1% of ~ 175.17MiB at    7.53MiB/s ETA 02:22 (frag 9/60)
[download]  15.1% of ~ 175.19MiB at    7.53MiB/s ETA 02:22 (frag 9/60)
[download]  15.1% of ~ 175.24MiB at    7.53MiB/s ETA 02:22 (frag 9/60)
[download]  15.1% of ~ 175.33MiB at    7.53MiB/s ETA 02:22 (frag 9/60)
[download]  15.1% of ~ 175.65MiB at    7.53MiB/s ETA 02:22 (frag 9/60)
[download]  15.1% of ~ 175.66MiB at    7.53MiB/s ETA 02:22 (frag 9/60)
[download]  15.1% of ~ 175.54MiB at    7.53MiB/s ETA 02:22 (frag 9/60)
[download]  15.1% of ~ 176.04MiB at    7.53MiB/s ETA 02:22 (frag 9/60)
[download]  15.1% of ~ 176.07MiB at    7.53MiB/s ETA 02:22 (frag 9/60)
[download]  15.1% of ~ 176.11MiB at    7.53MiB/s ETA 02:22 (frag 9/60)
[download]  15.1% of ~ 176.21MiB at    7.53MiB/s ETA 02:22 (frag 9/60)
[download]  15.1% of ~ 176.39MiB at    7.53MiB/s ETA 02:22 (frag 9/60)
[download]  14.9% of ~ 179.19MiB at    7.53MiB/s ETA 02:22 (frag 9/60)
[download]  14.9% of ~ 179.19MiB at    7.53MiB/s ETA 02:22 (frag 9/60)
[download]  14.9% of ~ 179.20MiB at    7.53MiB/s ETA 02:22 (frag 9/60)
[download]  14.9% of ~ 179.23MiB at    7.53MiB/s ETA 02:22 (frag 9/60)
[download]  14.9% of ~ 179.27MiB at    7.53MiB/s ETA 02:22 (frag 9/60)
[download]  14.9% of ~ 179.37MiB at    7.53MiB/s ETA 02:22 (frag 9/60)
[download]  14.9% of ~ 179.56MiB at    7.53MiB/s ETA 02:22 (frag 9/60)
[download]  14.9% of ~ 179.93MiB at    7.53MiB/s ETA 02:22 (frag 9/60)
[download]  14.9% of ~ 180.84MiB at    8.04MiB/s ETA 02:09 (frag 9/60)
[download]  14.9% of ~ 180.74MiB at    8.04MiB/s ETA 02:09 (frag 9/60)
[download]  14.9% of ~ 180.75MiB at    8.04MiB/s ETA 02:09 (frag 9/60)
[download]  14.9% of ~ 180.76MiB at    8.04MiB/s ETA 02:09 (frag 9/60)
[download]  14.9% of ~ 180.78MiB at    8.04MiB/s ETA 02:09 (frag 9/60)
[download]  14.9% of ~ 180.83MiB at    8.04MiB/s ETA 02:09 (frag 9/60)
[download]  15.0% of ~ 180.92MiB at    8.04MiB/s ETA 02:09 (frag 9/60)
[download]  15.1% of ~ 180.36MiB at    8.04MiB/s ETA 02:09 (frag 9/60)
[download]  15.0% of ~ 181.86MiB at    8.04MiB/s ETA 02:09 (frag 9/60)
[download]  15.2% of ~ 180.51MiB at    8.04MiB/s ETA 02:09 (frag 9/60)
[download]  15.2% of ~ 181.13MiB at    8.79MiB/s ETA 01:58 (frag 9/60)
[download]  15.0% of ~ 184.59MiB at    8.79MiB/s ETA 01:58 (frag 9/60)
[download]  14.9% of ~ 185.68MiB at    8.79MiB/s ETA 01:58 (frag 9/60)
[download]  14.9% of ~ 185.68MiB at    8.79MiB/s ETA 01:58 (frag 9/60)
[download]  14.9% of ~ 185.69MiB at    8.79MiB/s ETA 01:58 (frag 9/60)
[download]  15.3% of ~ 183.55MiB at    8.79MiB/s ETA 01:58 (frag 9/60)
[download]  15.0% of ~ 187.22MiB at    8.79MiB/s ETA 01:58 (frag 9/60)
[download]  15.0% of ~ 187.26MiB at    8.79MiB/s ETA 01:58 (frag 9/60)
[download]  15.0% of ~ 187.36MiB at    8.79MiB/s ETA 01:58 (frag 9/60)
[download]  15.3% of ~ 185.25MiB at    8.79MiB/s ETA 01:58 (frag 9/60)
[download]  15.0% of ~ 189.05MiB at    8.79MiB/s ETA 01:58 (frag 9/60)
[download]  15.0% of ~ 189.42MiB at    8.79MiB/s ETA 01:58 (frag 9/60)
[download]  15.1% of ~ 189.19MiB at    8.79MiB/s ETA 01:58 (frag 9/60)
[download]  15.1% of ~ 189.20MiB at    8.79MiB/s ETA 01:58 (frag 9/60)
[download]  15.1% of ~ 189.21MiB at    8.79MiB/s ETA 01:58 (frag 9/60)
[download]  15.1% of ~ 189.23MiB at    8.79MiB/s ETA 01:58 (frag 9/60)
[download]  15.1% of ~ 189.28MiB at    8.79MiB/s ETA 01:58 (frag 9/60)
[download]  15.1% of ~ 189.38MiB at    8.79MiB/s ETA 01:58 (frag 9/60)
[download]  15.1% of ~ 189.56MiB at    8.79MiB/s ETA 01:58 (frag 9/60)
[download]  15.2% of ~ 189.72MiB at    8.79MiB/s ETA 01:58 (frag 9/60)
[download]  15.2% of ~ 192.83MiB at    9.43MiB/s ETA 01:48 (frag 9/60)
[download]  15.1% of ~ 194.97MiB at    9.43MiB/s ETA 01:48 (frag 9/60)
[download]  15.2% of ~ 195.19MiB at    9.43MiB/s ETA 01:48 (frag 9/60)
[download]  15.2% of ~ 196.47MiB at    9.43MiB/s ETA 01:48 (frag 9/60)
[download]  15.2% of ~ 198.66MiB at    9.89MiB/s ETA 01:38 (frag 9/60)
[download]  15.3% of ~ 198.94MiB at    9.89MiB/s ETA 01:38 (frag 9/60)
[download]  15.2% of ~ 201.41MiB at    9.89MiB/s ETA 01:38 (frag 9/60)
[download]  15.5% of ~ 200.62MiB at    9.89MiB/s ETA 01:38 (frag 9/60)
[download]  15.4% of ~ 204.72MiB at   10.29MiB/s ETA 01:30 (frag 9/60)
[download]  15.4% of ~ 207.94MiB at   10.29MiB/s ETA 01:30 (frag 9/60)
[download]  15.6% of ~ 209.75MiB at   10.57MiB/s ETA 01:23 (frag 9/60)
[download]  15.6% of ~ 215.33MiB at   10.57MiB/s ETA 01:23 (frag 9/60)
[download]  15.5% of ~ 220.47MiB at   10.57MiB/s ETA 01:23 (frag 9/60)
[download]  15.4% of ~ 224.16MiB at   10.99MiB/s ETA 01:16 (frag 9/60)
[download]  15.5% of ~ 226.91MiB at   10.99MiB/s ETA 01:16 (frag 9/60)
[download]  15.8% of ~ 230.33MiB at   10.99MiB/s ETA 01:16 (frag 9/60)
[download]  15.3% of ~ 237.94MiB at   10.99MiB/s ETA 01:16 (frag 10/60)
[download]  17.3% of ~ 215.53MiB at   11.44MiB/s ETA 01:10 (frag 10/60)
[download]  17.4% of ~ 220.50MiB at   11.92MiB/s ETA 01:04 (frag 10/60)
[download]  17.5% of ~ 224.87MiB at   11.92MiB/s ETA 01:04 (frag 10/60)
[download]  17.5% of ~ 231.21MiB at   11.92MiB/s ETA 01:04 (frag 10/60)
[download]  17.5% of ~ 235.78MiB at   11.92MiB/s ETA 01:04 (frag 10/60)
[download]  17.2% of ~ 240.36MiB at   11.92MiB/s ETA 01:04 (frag 11/60)
[download]  19.1% of ~ 221.32MiB at   11.92MiB/s ETA 01:04 (frag 11/60)
[download]  18.7% of ~ 226.51MiB at   11.92MiB/s ETA 01:04 (frag 12/60)
[download]  20.6% of ~ 210.03MiB at   11.92MiB/s ETA 01:04 (frag 12/60)
[download]  20.6% of ~ 214.45MiB at   12.76MiB/s ETA 00:59 (frag 12/60)
[download]  20.8% of ~ 217.30MiB at   12.76MiB/s ETA 00:59 (frag 12/60)
[download]  20.8% of ~ 223.34MiB at   12.76MiB/s ETA 00:59 (frag 12/60)
[download]  20.3% of ~ 228.54MiB at   12.76MiB/s ETA 00:59 (frag 13/60)
[download]  22.4% of ~ 212.71MiB at   13.77MiB/s ETA 00:54 (frag 13/60)
[download]  21.8% of ~ 218.03MiB at   13.77MiB/s ETA 00:54 (frag 14/60)
[download]  23.5% of ~ 202.40MiB at   13.77MiB/s ETA 00:54 (frag 14/60)
[download]  23.5% of ~ 202.41MiB at   13.77MiB/s ETA 00:54 (frag 14/60)
[download]  23.5% of ~ 202.41MiB at   13.77MiB/s ETA 00:54 (frag 14/60)
[download]  23.5% of ~ 202.43MiB at   13.77MiB/s ETA 00:54 (frag 14/60)
[download]  23.5% of ~ 202.46MiB at   13.77MiB/s ETA 00:54 (frag 14/60)
[download]  23.6% of ~ 202.52MiB at   13.77MiB/s ETA 00:54 (frag 14/60)
[download]  23.6% of ~ 202.65MiB at   13.77MiB/s ETA 00:54 (frag 14/60)
[download]  23.6% of ~ 202.90MiB at   13.77MiB/s ETA 00:54 (frag 14/60)
[download]  24.0% of ~ 204.33MiB at   14.52MiB/s ETA 00:49 (frag 14/60)
[download]  23.5% of ~ 209.13MiB at   14.52MiB/s ETA 00:49 (frag 15/60)
[download]  25.6% of ~ 195.31MiB at   14.52MiB/s ETA 00:49 (frag 15/60)
[download]  25.2% of ~ 199.07MiB at   14.52MiB/s ETA 00:49 (frag 16/60)
[download]  26.9% of ~ 187.24MiB at   15.36MiB/s ETA 00:45 (frag 16/60)
[download]  26.9% of ~ 187.02MiB at   15.85MiB/s ETA 00:41 (frag 16/60)
[download]  26.9% of ~ 187.03MiB at   15.85MiB/s ETA 00:41 (frag 16/60)
[download]  26.9% of ~ 187.03MiB at   15.85MiB/s ETA 00:41 (frag 16/60)
[download]  26.9% of ~ 187.05MiB at   15.85MiB/s ETA 00:41 (frag 16/60)
[download]  26.9% of ~ 187.07MiB at   15.85MiB/s ETA 00:41 (frag 16/60)
[download]  26.9% of ~ 187.13MiB at   15.85MiB/s ETA 00:41 (frag 16/60)
[download]  26.9% of ~ 187.24MiB at   15.85MiB/s ETA 00:41 (frag 16/60)
[download]  26.8% of ~ 188.04MiB at   15.85MiB/s ETA 00:41 (frag 16/60)
[download]  26.8% of ~ 188.04MiB at   15.85MiB/s ETA 00:41 (frag 16/60)
[download]  26.8% of ~ 188.05MiB at   15.85MiB/s ETA 00:41 (frag 16/60)
[download]  26.8% of ~ 188.06MiB at   15.85MiB/s ETA 00:41 (frag 16/60)
[download]  26.8% of ~ 188.09MiB at   15.85MiB/s ETA 00:41 (frag 16/60)
[download]  26.9% of ~ 188.14MiB at   15.85MiB/s ETA 00:41 (frag 16/60)
[download]  26.9% of ~ 188.25MiB at   16.10MiB/s ETA 00:38 (frag 16/60)
[download]  26.9% of ~ 188.48MiB at   16.10MiB/s ETA 00:38 (frag 16/60)
[download]  27.0% of ~ 189.44MiB at   16.10MiB/s ETA 00:38 (frag 16/60)
[download]  27.0% of ~ 190.10MiB at   16.10MiB/s ETA 00:38 (frag 16/60)
[download]  26.4% of ~ 194.08MiB at   16.10MiB/s ETA 00:38 (frag 16/60)
[download]  26.4% of ~ 194.09MiB at   16.10MiB/s ETA 00:38 (frag 16/60)
[download]  26.5% of ~ 194.10MiB at   16.10MiB/s ETA 00:38 (frag 16/60)
[download]  26.5% of ~ 194.11MiB at   16.10MiB/s ETA 00:38 (frag 16/60)
[download]  26.5% of ~ 194.14MiB at   16.10MiB/s ETA 00:38 (frag 16/60)
[download]  26.5% of ~ 194.19MiB at   16.10MiB/s ETA 00:38 (frag 16/60)
[download]  27.3% of ~ 191.33MiB at   16.10MiB/s ETA 00:38 (frag 16/60)
[download]  26.9% of ~ 194.22MiB at   16.10MiB/s ETA 00:38 (frag 17/60)
[download]  28.1% of ~ 186.23MiB at   16.10MiB/s ETA 00:38 (frag 17/60)
[download]  28.4% of ~ 184.16MiB at   16.10MiB/s ETA 00:38 (frag 17/60)
[download]  28.4% of ~ 184.17MiB at   16.10MiB/s ETA 00:38 (frag 17/60)
[download]  28.4% of ~ 184.17MiB at   16.10MiB/s ETA 00:38 (frag 17/60)
[download]  28.4% of ~ 184.19MiB at   16.10MiB/s ETA 00:38 (frag 17/60)
[download]  28.4% of ~ 184.21MiB at   16.10MiB/s ETA 00:38 (frag 17/60)
[download]  28.4% of ~ 184.26MiB at   16.10MiB/s ETA 00:38 (frag 17/60)
[download]  28.4% of ~ 184.37MiB at   16.10MiB/s ETA 00:38 (frag 17/60)
[download]  28.2% of ~ 185.85MiB at   16.46MiB/s ETA 00:35 (frag 17/60)
[download]  28.2% of ~ 185.85MiB at   16.46MiB/s ETA 00:35 (frag 17/60)
[download]  28.2% of ~ 185.86MiB at   16.46MiB/s ETA 00:35 (frag 17/60)
[download]  28.2% of ~ 185.87MiB at   16.46MiB/s ETA 00:35 (frag 17/60)
[download]  28.2% of ~ 185.90MiB at   16.46MiB/s ETA 00:35 (frag 17/60)
[download]  28.2% of ~ 185.95MiB at   16.46MiB/s ETA 00:35 (frag 17/60)
[download]  28.5% of ~ 184.78MiB at   16.46MiB/s ETA 00:35 (frag 17/60)
[download]  28.2% of ~ 186.47MiB at   16.46MiB/s ETA 00:35 (frag 17/60)
[download]  28.0% of ~ 187.71MiB at   16.46MiB/s ETA 00:35 (frag 17/60)
[download]  28.0% of ~ 187.71MiB at   16.46MiB/s ETA 00:35 (frag 17/60)
[download]  28.0% of ~ 187.72MiB at   16.46MiB/s ETA 00:35 (frag 17/60)
[download]  28.1% of ~ 187.73MiB at   16.46MiB/s ETA 00:35 (frag 17/60)
[download]  28.1% of ~ 187.76MiB at   16.46MiB/s ETA 00:35 (frag 17/60)
[download]  28.5% of ~ 185.51MiB at   16.46MiB/s ETA 00:35 (frag 17/60)
[download]  28.1% of ~ 188.64MiB at   16.46MiB/s ETA 00:35 (frag 17/60)
[download]  28.3% of ~ 187.72MiB at   16.46MiB/s ETA 00:35 (frag 17/60)
[download]  28.1% of ~ 189.16MiB at   16.46MiB/s ETA 00:35 (frag 17/60)
[download]  28.6% of ~ 186.55MiB at   16.75MiB/s ETA 00:32 (frag 17/60)
[download]  28.1% of ~ 190.18MiB at   16.75MiB/s ETA 00:32 (frag 17/60)
[download]  28.2% of ~ 190.60MiB at   16.75MiB/s ETA 00:32 (frag 17/60)
[download]  28.7% of ~ 188.09MiB at   17.08MiB/s ETA 00:30 (frag 17/60)
[download]  29.0% of ~ 189.96MiB at   17.08MiB/s ETA 00:30 (frag 17/60)
[download]  29.0% of ~ 193.29MiB at   17.48MiB/s ETA 00:27 (frag 17/60)
[download]  28.5% of ~ 196.52MiB at   17.48MiB/s ETA 00:27 (frag 18/60)
[download]  29.8% of ~ 188.38MiB at   17.48MiB/s ETA 00:27 (frag 18/60)
[download]  29.8% of ~ 187.99MiB at   17.48MiB/s ETA 00:27 (frag 18/60)
[download]  29.9% of ~ 187.99MiB at   17.48MiB/s ETA 00:27 (frag 18/60)
[download]  29.9% of ~ 188.00MiB at   17.48MiB/s ETA 00:27 (frag 18/60)
[download]  29.9% of ~ 188.01MiB at   17.48MiB/s ETA 00:27 (frag 18/60)
[download]  30.4% of ~ 186.15MiB at   17.70MiB/s ETA 00:25 (frag 18/60)
[download]  30.5% of ~ 187.21MiB at   17.70MiB/s ETA 00:25 (frag 18/60)
[download]  30.0% of ~ 191.00MiB at   17.70MiB/s ETA 00:25 (frag 18/60)
[download]  30.4% of ~ 190.59MiB at   17.70MiB/s ETA 00:25 (frag 18/60)
[download]  29.9% of ~ 194.35MiB at   17.70MiB/s ETA 00:25 (frag 18/60)
[download]  29.9% of ~ 194.35MiB at   17.90MiB/s ETA 00:23 (frag 18/60)
[download]  29.9% of ~ 194.40MiB at   17.90MiB/s ETA 00:23 (frag 18/60)
[download]  29.9% of ~ 194.50MiB at   17.90MiB/s ETA 00:23 (frag 18/60)
[download]  30.0% of ~ 194.70MiB at   17.90MiB/s ETA 00:23 (frag 18/60)
[download]  30.2% of ~ 194.90MiB at   17.90MiB/s ETA 00:23 (frag 18/60)
[download]  30.8% of ~ 194.27MiB at   18.14MiB/s ETA 00:22 (frag 18/60)
[download]  30.1% of ~ 200.59MiB at   18.14MiB/s ETA 00:22 (frag 18/60)
[download]  30.1% of ~ 202.19MiB at   18.29MiB/s ETA 00:20 (frag 18/60)
[download]  30.1% of ~ 202.99MiB at   18.29MiB/s ETA 00:20 (frag 18/60)
[download]  30.7% of ~ 202.38MiB at   18.29MiB/s ETA 00:20 (frag 18/60)
[download]  30.2% of ~ 205.58MiB at   18.29MiB/s ETA 00:20 (frag 18/60)
[download]  30.2% of ~ 205.58MiB at   18.29MiB/s ETA 00:20 (frag 18/60)
[download]  30.2% of ~ 205.58MiB at   18.29MiB/s ETA 00:20 (frag 18/60)
[download]  30.2% of ~ 205.60MiB at   18.29MiB/s ETA 00:20 (frag 18/60)
[download]  30.2% of ~ 205.62MiB at   18.29MiB/s ETA 00:20 (frag 18/60)
[download]  30.2% of ~ 205.67MiB at   18.29MiB/s ETA 00:20 (frag 18/60)
[download]  30.2% of ~ 205.77MiB at   18.29MiB/s ETA 00:20 (frag 18/60)
[download]  30.8% of ~ 205.44MiB at   18.55MiB/s ETA 00:19 (frag 18/60)
[download]  30.5% of ~ 210.29MiB at   18.55MiB/s ETA 00:19 (frag 18/60)
[download]  30.7% of ~ 212.25MiB at   18.55MiB/s ETA 00:19 (frag 18/60)
[download]  30.3% of ~ 215.33MiB at   18.55MiB/s ETA 00:19 (frag 19/60)
[download]  32.4% of ~ 203.60MiB at   18.55MiB/s ETA 00:19 (frag 19/60)
[download]  32.0% of ~ 205.57MiB at   18.55MiB/s ETA 00:19 (frag 20/60)
[download]  33.7% of ~ 198.65MiB at   18.55MiB/s ETA 00:19 (frag 20/60)
[download]  33.7% of ~ 201.53MiB at   19.14MiB/s ETA 00:18 (frag 20/60)
[download]  33.6% of ~ 203.67MiB at   19.14MiB/s ETA 00:18 (frag 20/60)
[download]  33.6% of ~ 203.87MiB at   19.14MiB/s ETA 00:18 (frag 20/60)
[download]  34.0% of ~ 203.75MiB at   19.14MiB/s ETA 00:18 (frag 20/60)
[download]  33.6% of ~ 206.09MiB at   19.14MiB/s ETA 00:18 (frag 21/60)
[download]  35.3% of ~ 197.18MiB at   19.14MiB/s ETA 00:18 (frag 21/60)
[download]  35.4% of ~ 197.86MiB at   19.47MiB/s ETA 00:16 (frag 21/60)
[download]  34.9% of ~ 200.94MiB at   19.47MiB/s ETA 00:16 (frag 21/60)
[download]  34.9% of ~ 200.94MiB at   19.47MiB/s ETA 00:16 (frag 21/60)
[download]  34.9% of ~ 200.94MiB at   19.47MiB/s ETA 00:16 (frag 21/60)
[download]  34.9% of ~ 200.95MiB at   19.47MiB/s ETA 00:16 (frag 21/60)
[download]  34.9% of ~ 200.98MiB at   19.47MiB/s ETA 00:16 (frag 21/60)
[download]  34.9% of ~ 201.02MiB at   19.47MiB/s ETA 00:16 (frag 21/60)
[download]  34.9% of ~ 201.10MiB at   19.47MiB/s ETA 00:16 (frag 21/60)
[download]  35.7% of ~ 199.56MiB at   19.83MiB/s ETA 00:15 (frag 21/60)
[download]  35.7% of ~ 204.13MiB at   19.83MiB/s ETA 00:15 (frag 21/60)
[download]  34.9% of ~ 208.65MiB at   19.83MiB/s ETA 00:15 (frag 22/60)
[download]  37.3% of ~ 198.79MiB at   19.83MiB/s ETA 00:15 (frag 22/60)
[download]  36.7% of ~ 202.33MiB at   19.83MiB/s ETA 00:15 (frag 23/60)
[download]  39.0% of ~ 194.67MiB at   19.83MiB/s ETA 00:15 (frag 23/60)
[download]  38.2% of ~ 198.84MiB at   19.83MiB/s ETA 00:15 (frag 24/60)
[download]  39.8% of ~ 190.76MiB at   19.83MiB/s ETA 00:15 (frag 24/60)
[download]  40.4% of ~ 190.59MiB at   19.83MiB/s ETA 00:15 (frag 24/60)
[download]  39.9% of ~ 193.21MiB at   19.83MiB/s ETA 00:15 (frag 24/60)
[download]  39.9% of ~ 193.22MiB at   19.83MiB/s ETA 00:15 (frag 24/60)
[download]  39.9% of ~ 193.22MiB at   19.83MiB/s ETA 00:15 (frag 24/60)
[download]  39.9% of ~ 193.23MiB at   19.83MiB/s ETA 00:15 (frag 24/60)
[download]  39.8% of ~ 193.56MiB at   19.83MiB/s ETA 00:15 (frag 24/60)
[download]  39.9% of ~ 193.25MiB at   19.83MiB/s ETA 00:15 (frag 24/60)
[download]  39.8% of ~ 193.60MiB at   19.83MiB/s ETA 00:15 (frag 24/60)
[download]  39.8% of ~ 193.60MiB at   19.83MiB/s ETA 00:15 (frag 24/60)
[download]  39.8% of ~ 193.61MiB at   19.83MiB/s ETA 00:15 (frag 24/60)
[download]  39.9% of ~ 193.32MiB at   20.98MiB/s ETA 00:14 (frag 24/60)
[download]  39.8% of ~ 193.71MiB at   20.98MiB/s ETA 00:14 (frag 24/60)
[download]  39.9% of ~ 193.43MiB at   20.98MiB/s ETA 00:14 (frag 24/60)
[download]  39.9% of ~ 193.58MiB at   20.98MiB/s ETA 00:14 (frag 24/60)
[download]  40.6% of ~ 192.63MiB at   21.77MiB/s ETA 00:13 (frag 24/60)
[download]  40.1% of ~ 195.00MiB at   21.77MiB/s ETA 00:13 (frag 25/60)
[download]  41.4% of ~ 189.00MiB at   21.77MiB/s ETA 00:13 (frag 25/60)
[download]  41.6% of ~ 189.01MiB at   21.77MiB/s ETA 00:13 (frag 25/60)
[download]  41.6% of ~ 189.35MiB at   22.18MiB/s ETA 00:12 (frag 25/60)
[download]  41.5% of ~ 190.23MiB at   22.18MiB/s ETA 00:12 (frag 25/60)
[download]  41.7% of ~ 190.31MiB at   22.18MiB/s ETA 00:12 (frag 25/60)
[download]  41.5% of ~ 191.53MiB at   22.18MiB/s ETA 00:12 (frag 25/60)
[download]  41.6% of ~ 191.82MiB at   22.18MiB/s ETA 00:12 (frag 25/60)
[download]  41.4% of ~ 192.61MiB at   22.08MiB/s ETA 00:12 (frag 25/60)
[download]  41.4% of ~ 192.61MiB at   22.08MiB/s ETA 00:12 (frag 25/60)
[download]  41.4% of ~ 192.61MiB at   22.08MiB/s ETA 00:12 (frag 25/60)
[download]  41.4% of ~ 192.62MiB at   22.08MiB/s ETA 00:12 (frag 25/60)
[download]  41.5% of ~ 192.05MiB at   22.08MiB/s ETA 00:12 (frag 25/60)
[download]  41.4% of ~ 192.64MiB at   22.08MiB/s ETA 00:12 (frag 25/60)
[download]  41.5% of ~ 192.09MiB at   22.08MiB/s ETA 00:12 (frag 25/60)
[download]  41.4% of ~ 192.68MiB at   22.08MiB/s ETA 00:12 (frag 25/60)
[download]  41.5% of ~ 192.17MiB at   22.08MiB/s ETA 00:12 (frag 25/60)
[download]  41.5% of ~ 192.18MiB at   22.08MiB/s ETA 00:12 (frag 25/60)
[download]  41.5% of ~ 192.25MiB at   22.08MiB/s ETA 00:12 (frag 25/60)
[download]  41.5% of ~ 192.20MiB at   22.08MiB/s ETA 00:12 (frag 25/60)
[download]  41.5% of ~ 192.29MiB at   22.08MiB/s ETA 00:12 (frag 25/60)
[download]  41.5% of ~ 192.30MiB at   22.08MiB/s ETA 00:12 (frag 25/60)
[download]  41.5% of ~ 192.30MiB at   22.08MiB/s ETA 00:12 (frag 25/60)
[download]  41.5% of ~ 192.27MiB at   22.08MiB/s ETA 00:12 (frag 25/60)
[download]  41.5% of ~ 192.39MiB at   22.08MiB/s ETA 00:12 (frag 25/60)
[download]  41.4% of ~ 192.96MiB at   22.08MiB/s ETA 00:12 (frag 25/60)
[download]  41.5% of ~ 192.57MiB at   22.08MiB/s ETA 00:12 (frag 25/60)
[download]  41.7% of ~ 192.96MiB at   22.08MiB/s ETA 00:12 (frag 25/60)
[download]  41.6% of ~ 193.74MiB at   21.62MiB/s ETA 00:11 (frag 25/60)
[download]  42.0% of ~ 194.20MiB at   21.62MiB/s ETA 00:11 (frag 25/60)
[download]  41.8% of ~ 196.27MiB at   21.62MiB/s ETA 00:11 (frag 25/60)
[download]  41.4% of ~ 198.00MiB at   21.62MiB/s ETA 00:11 (frag 25/60)
[download]  41.4% of ~ 198.00MiB at   21.62MiB/s ETA 00:11 (frag 25/60)
[download]  41.4% of ~ 198.00MiB at   21.62MiB/s ETA 00:11 (frag 25/60)
[download]  41.4% of ~ 198.01MiB at   21.62MiB/s ETA 00:11 (frag 25/60)
[download]  41.4% of ~ 198.03MiB at   21.62MiB/s ETA 00:11 (frag 25/60)
[download]  41.5% of ~ 198.07MiB at   21.62MiB/s ETA 00:11 (frag 25/60)
[download]  41.5% of ~ 198.14MiB at   21.62MiB/s ETA 00:11 (frag 25/60)
[download]  41.6% of ~ 197.64MiB at   21.14MiB/s ETA 00:10 (frag 25/60)
[download]  41.6% of ~ 197.98MiB at   21.14MiB/s ETA 00:10 (frag 25/60)
[download]  41.5% of ~ 198.65MiB at   21.14MiB/s ETA 00:10 (frag 25/60)
[download]  41.6% of ~ 198.41MiB at   21.14MiB/s ETA 00:10 (frag 25/60)
[download]  42.3% of ~ 198.50MiB at   21.14MiB/s ETA 00:10 (frag 25/60)
[download]  41.6% of ~ 201.78MiB at   21.14MiB/s ETA 00:10 (frag 26/60)
[download]  43.1% of ~ 195.06MiB at   20.83MiB/s ETA 00:10 (frag 26/60)
[download]  43.3% of ~ 194.72MiB at   20.83MiB/s ETA 00:10 (frag 26/60)
[download]  43.3% of ~ 195.33MiB at   20.56MiB/s ETA 00:09 (frag 26/60)
[download]  43.2% of ~ 196.39MiB at   20.56MiB/s ETA 00:09 (frag 26/60)
[download]  43.2% of ~ 197.00MiB at   20.56MiB/s ETA 00:09 (frag 26/60)
[download]  43.5% of ~ 196.94MiB at   20.34MiB/s ETA 00:09 (frag 26/60)
[download]  43.4% of ~ 198.61MiB at   20.34MiB/s ETA 00:09 (frag 26/60)
[download]  43.5% of ~ 199.21MiB at   20.34MiB/s ETA 00:09 (frag 26/60)
[download]  43.7% of ~ 200.63MiB at   20.34MiB/s ETA 00:09 (frag 26/60)
[download]  43.8% of ~ 202.57MiB at   20.34MiB/s ETA 00:09 (frag 26/60)
[download]  43.1% of ~ 205.71MiB at   20.50MiB/s ETA 00:09 (frag 26/60)
[download]  43.1% of ~ 205.71MiB at   20.50MiB/s ETA 00:09 (frag 26/60)
[download]  43.1% of ~ 205.71MiB at   20.50MiB/s ETA 00:09 (frag 26/60)
[download]  43.1% of ~ 205.72MiB at   20.50MiB/s ETA 00:09 (frag 26/60)
[download]  43.1% of ~ 205.74MiB at   20.50MiB/s ETA 00:09 (frag 26/60)
[download]  43.1% of ~ 205.77MiB at   20.50MiB/s ETA 00:09 (frag 26/60)
[download]  43.7% of ~ 205.42MiB at   20.50MiB/s ETA 00:09 (frag 26/60)
[download]  43.1% of ~ 208.07MiB at   20.50MiB/s ETA 00:09 (frag 26/60)
[download]  43.4% of ~ 207.84MiB at   20.50MiB/s ETA 00:09 (frag 26/60)
[download]  43.2% of ~ 209.32MiB at   20.67MiB/s ETA 00:08 (frag 26/60)
[download]  44.0% of ~ 208.96MiB at   20.67MiB/s ETA 00:08 (frag 26/60)
[download]  43.3% of ~ 212.61MiB at   20.67MiB/s ETA 00:08 (frag 27/60)
[download]  45.3% of ~ 205.27MiB at   20.67MiB/s ETA 00:08 (frag 27/60)
[download]  45.5% of ~ 206.81MiB at   20.67MiB/s ETA 00:08 (frag 27/60)
[download]  45.5% of ~ 209.01MiB at   20.67MiB/s ETA 00:08 (frag 27/60)
[download]  45.7% of ~ 211.17MiB at   21.23MiB/s ETA 00:08 (frag 27/60)
[download]  45.0% of ~ 214.40MiB at   21.23MiB/s ETA 00:08 (frag 28/60)
[download]  46.6% of ~ 207.87MiB at   21.23MiB/s ETA 00:08 (frag 28/60)
[download]  47.4% of ~ 208.04MiB at   21.66MiB/s ETA 00:08 (frag 28/60)
[download]  46.6% of ~ 211.68MiB at   21.66MiB/s ETA 00:08 (frag 29/60)
[download]  49.0% of ~ 204.33MiB at   21.66MiB/s ETA 00:08 (frag 29/60)
[download]  48.3% of ~ 207.56MiB at   21.66MiB/s ETA 00:08 (frag 30/60)
[download]  50.7% of ~ 200.65MiB at   22.21MiB/s ETA 00:07 (frag 30/60)
[download]  49.9% of ~ 203.56MiB at   22.21MiB/s ETA 00:07 (frag 31/60)
[download]  52.3% of ~ 197.15MiB at   22.21MiB/s ETA 00:07 (frag 31/60)
[download]  52.3% of ~ 200.40MiB at   22.21MiB/s ETA 00:07 (frag 31/60)
[download]  51.6% of ~ 203.18MiB at   22.21MiB/s ETA 00:07 (frag 32/60)
[download]  53.1% of ~ 197.48MiB at   22.21MiB/s ETA 00:07 (frag 33/60)
[download]  54.9% of ~ 192.01MiB at   22.21MiB/s ETA 00:07 (frag 33/60)
[download]  54.7% of ~ 192.59MiB at   22.93MiB/s ETA 00:07 (frag 33/60)
[download]  54.7% of ~ 192.59MiB at   22.93MiB/s ETA 00:07 (frag 33/60)
[download]  54.7% of ~ 192.59MiB at   22.93MiB/s ETA 00:07 (frag 33/60)
[download]  54.7% of ~ 192.60MiB at   22.93MiB/s ETA 00:07 (frag 33/60)
[download]  54.7% of ~ 192.61MiB at   22.93MiB/s ETA 00:07 (frag 33/60)
[download]  54.7% of ~ 192.64MiB at   22.93MiB/s ETA 00:07 (frag 33/60)
[download]  54.8% of ~ 192.70MiB at   22.93MiB/s ETA 00:07 (frag 33/60)
[download]  54.8% of ~ 192.61MiB at   23.29MiB/s ETA 00:06 (frag 33/60)
[download]  54.8% of ~ 192.62MiB at   23.29MiB/s ETA 00:06 (frag 33/60)
[download]  54.8% of ~ 192.62MiB at   23.29MiB/s ETA 00:06 (frag 33/60)
[download]  54.8% of ~ 192.63MiB at   23.29MiB/s ETA 00:06 (frag 33/60)
[download]  54.8% of ~ 192.64MiB at   23.29MiB/s ETA 00:06 (frag 33/60)
[download]  54.8% of ~ 192.67MiB at   23.29MiB/s ETA 00:06 (frag 33/60)
[download]  54.8% of ~ 192.72MiB at   23.29MiB/s ETA 00:06 (frag 33/60)
[download]  54.8% of ~ 192.83MiB at   23.29MiB/s ETA 00:06 (frag 33/60)
[download]  54.8% of ~ 193.25MiB at   23.34MiB/s ETA 00:06 (frag 33/60)
[download]  54.9% of ~ 193.04MiB at   23.34MiB/s ETA 00:06 (frag 33/60)
[download]  54.9% of ~ 193.04MiB at   23.34MiB/s ETA 00:06 (frag 33/60)
[download]  54.9% of ~ 193.04MiB at   23.34MiB/s ETA 00:06 (frag 33/60)
[download]  54.9% of ~ 193.05MiB at   23.34MiB/s ETA 00:06 (frag 33/60)
[download]  54.9% of ~ 193.06MiB at   23.34MiB/s ETA 00:06 (frag 33/60)
[download]  54.9% of ~ 193.09MiB at   23.34MiB/s ETA 00:06 (frag 33/60)
[download]  54.9% of ~ 193.14MiB at   23.34MiB/s ETA 00:06 (frag 33/60)
[download]  54.9% of ~ 193.25MiB at   23.34MiB/s ETA 00:06 (frag 33/60)
[download]  54.8% of ~ 193.83MiB at   23.34MiB/s ETA 00:06 (frag 33/60)
[download]  54.8% of ~ 193.83MiB at   23.34MiB/s ETA 00:06 (frag 33/60)
[download]  54.8% of ~ 193.83MiB at   23.34MiB/s ETA 00:06 (frag 33/60)
[download]  54.8% of ~ 193.84MiB at   23.34MiB/s ETA 00:06 (frag 33/60)
[download]  54.8% of ~ 193.85MiB at   23.34MiB/s ETA 00:06 (frag 33/60)
[download]  54.8% of ~ 193.88MiB at   23.34MiB/s ETA 00:06 (frag 33/60)
[download]  55.2% of ~ 194.32MiB at   23.35MiB/s ETA 00:06 (frag 33/60)
[download]  54.5% of ~ 196.64MiB at   23.35MiB/s ETA 00:06 (frag 33/60)
[download]  54.5% of ~ 196.64MiB at   23.35MiB/s ETA 00:06 (frag 33/60)
[download]  54.9% of ~ 195.59MiB at   23.35MiB/s ETA 00:06 (frag 33/60)
[download]  54.5% of ~ 197.09MiB at   23.35MiB/s ETA 00:06 (frag 33/60)
[download]  54.5% of ~ 197.09MiB at   23.35MiB/s ETA 00:06 (frag 33/60)
[download]  54.5% of ~ 197.11MiB at   23.35MiB/s ETA 00:06 (frag 33/60)
[download]  54.5% of ~ 197.14MiB at   23.35MiB/s ETA 00:06 (frag 33/60)
[download]  54.6% of ~ 196.99MiB at   23.35MiB/s ETA 00:06 (frag 33/60)
[download]  54.6% of ~ 196.99MiB at   23.35MiB/s ETA 00:06 (frag 33/60)
[download]  54.6% of ~ 196.99MiB at   23.35MiB/s ETA 00:06 (frag 33/60)
[download]  54.6% of ~ 197.00MiB at   23.35MiB/s ETA 00:06 (frag 33/60)
[download]  54.6% of ~ 197.01MiB at   23.35MiB/s ETA 00:06 (frag 33/60)
[download]  54.6% of ~ 197.04MiB at   23.35MiB/s ETA 00:06 (frag 33/60)
[download]  54.8% of ~ 196.36MiB at   23.35MiB/s ETA 00:06 (frag 33/60)
[download]  54.9% of ~ 196.55MiB at   23.35MiB/s ETA 00:06 (frag 33/60)
[download]  54.8% of ~ 196.96MiB at   23.30MiB/s ETA 00:06 (frag 33/60)
[download]  54.8% of ~ 196.96MiB at   23.30MiB/s ETA 00:06 (frag 33/60)
[download]  54.8% of ~ 196.97MiB at   23.30MiB/s ETA 00:06 (frag 33/60)
[download]  54.8% of ~ 196.98MiB at   23.30MiB/s ETA 00:06 (frag 33/60)
[download]  54.8% of ~ 196.99MiB at   23.30MiB/s ETA 00:06 (frag 33/60)
[download]  54.8% of ~ 197.02MiB at   23.30MiB/s ETA 00:06 (frag 33/60)
[download]  54.6% of ~ 197.96MiB at   23.30MiB/s ETA 00:06 (frag 33/60)
[download]  54.8% of ~ 197.18MiB at   23.30MiB/s ETA 00:06 (frag 33/60)
[download]  54.6% of ~ 197.98MiB at   23.30MiB/s ETA 00:06 (frag 33/60)
[download]  54.8% of ~ 197.40MiB at   23.30MiB/s ETA 00:06 (frag 33/60)
[download]  54.9% of ~ 197.57MiB at   23.30MiB/s ETA 00:06 (frag 33/60)
[download]  54.7% of ~ 198.53MiB at   23.30MiB/s ETA 00:06 (frag 33/60)
[download]  55.1% of ~ 197.90MiB at   22.78MiB/s ETA 00:05 (frag 33/60)
[download]  55.0% of ~ 198.97MiB at   22.78MiB/s ETA 00:05 (frag 33/60)
[download]  54.7% of ~ 200.52MiB at   22.78MiB/s ETA 00:05 (frag 33/60)
[download]  55.0% of ~ 199.87MiB at   22.78MiB/s ETA 00:05 (frag 33/60)
[download]  54.9% of ~ 200.66MiB at   22.78MiB/s ETA 00:05 (frag 33/60)
[download]  54.6% of ~ 202.04MiB at   22.78MiB/s ETA 00:05 (frag 33/60)
[download]  54.9% of ~ 201.37MiB at   22.78MiB/s ETA 00:05 (frag 33/60)
[download]  55.2% of ~ 201.41MiB at   22.30MiB/s ETA 00:05 (frag 33/60)
[download]  55.3% of ~ 202.72MiB at   21.85MiB/s ETA 00:05 (frag 33/60)
[download]  54.9% of ~ 205.15MiB at   21.85MiB/s ETA 00:05 (frag 33/60)
[download]  54.7% of ~ 206.23MiB at   21.85MiB/s ETA 00:05 (frag 33/60)
[download]  55.1% of ~ 205.73MiB at   21.67MiB/s ETA 00:05 (frag 33/60)
[download]  54.9% of ~ 207.56MiB at   21.67MiB/s ETA 00:05 (frag 33/60)
[download]  55.1% of ~ 207.55MiB at   21.58MiB/s ETA 00:05 (frag 33/60)
[download]  55.4% of ~ 208.27MiB at   21.37MiB/s ETA 00:05 (frag 33/60)
[download]  55.2% of ~ 210.88MiB at   21.26MiB/s ETA 00:05 (frag 33/60)
[download]  55.5% of ~ 211.56MiB at   21.26MiB/s ETA 00:05 (frag 33/60)
[download]  55.4% of ~ 213.67MiB at   21.26MiB/s ETA 00:05 (frag 33/60)
[download]  55.2% of ~ 216.38MiB at   21.26MiB/s ETA 00:05 (frag 33/60)
[download]  55.7% of ~ 217.59MiB at   21.52MiB/s ETA 00:05 (frag 33/60)
[download]  54.9% of ~ 220.98MiB at   21.52MiB/s ETA 00:05 (frag 34/60)
[download]  57.1% of ~ 214.35MiB at   21.52MiB/s ETA 00:05 (frag 34/60)
[download]  57.3% of ~ 216.92MiB at   21.71MiB/s ETA 00:04 (frag 34/60)
[download]  56.5% of ~ 220.35MiB at   21.71MiB/s ETA 00:04 (frag 34/60)
[download]  56.4% of ~ 220.77MiB at   21.71MiB/s ETA 00:04 (frag 35/60)
[download]  59.1% of ~ 213.64MiB at   21.71MiB/s ETA 00:04 (frag 35/60)
[download]  58.3% of ~ 216.38MiB at   21.71MiB/s ETA 00:04 (frag 36/60)
[download]  60.7% of ~ 211.31MiB at   22.07MiB/s ETA 00:04 (frag 36/60)
[download]  59.8% of ~ 214.55MiB at   22.07MiB/s ETA 00:04 (frag 36/60)
[download]  59.7% of ~ 214.76MiB at   22.07MiB/s ETA 00:04 (frag 37/60)
[download]  62.4% of ~ 208.52MiB at   22.07MiB/s ETA 00:04 (frag 37/60)
[download]  61.6% of ~ 211.28MiB at   22.07MiB/s ETA 00:04 (frag 38/60)
[download]  64.0% of ~ 205.80MiB at   22.07MiB/s ETA 00:04 (frag 38/60)
[download]  63.2% of ~ 208.42MiB at   22.07MiB/s ETA 00:04 (frag 39/60)
[download]  65.7% of ~ 203.26MiB at   22.71MiB/s ETA 00:04 (frag 39/60)
[download]  64.9% of ~ 205.86MiB at   22.71MiB/s ETA 00:04 (frag 40/60)
[download]  66.4% of ~ 201.01MiB at   22.50MiB/s ETA 00:04 (frag 40/60)
[download]  66.4% of ~ 201.01MiB at   22.50MiB/s ETA 00:04 (frag 40/60)
[download]  66.4% of ~ 201.02MiB at   22.50MiB/s ETA 00:04 (frag 40/60)
[download]  66.4% of ~ 201.02MiB at   22.50MiB/s ETA 00:04 (frag 40/60)
[download]  66.4% of ~ 201.03MiB at   22.50MiB/s ETA 00:04 (frag 40/60)
[download]  66.4% of ~ 201.06MiB at   22.50MiB/s ETA 00:04 (frag 40/60)
[download]  66.4% of ~ 201.10MiB at   22.50MiB/s ETA 00:04 (frag 40/60)
[download]  66.5% of ~ 201.19MiB at   22.50MiB/s ETA 00:04 (frag 40/60)
[download]  66.5% of ~ 201.13MiB at   22.50MiB/s ETA 00:04 (frag 40/60)
[download]  66.5% of ~ 201.13MiB at   22.50MiB/s ETA 00:04 (frag 40/60)
[download]  66.5% of ~ 201.13MiB at   22.50MiB/s ETA 00:04 (frag 40/60)
[download]  66.5% of ~ 201.14MiB at   22.50MiB/s ETA 00:04 (frag 40/60)
[download]  66.5% of ~ 201.15MiB at   22.51MiB/s ETA 00:04 (frag 40/60)
[download]  66.5% of ~ 201.17MiB at   22.51MiB/s ETA 00:04 (frag 40/60)
[download]  66.5% of ~ 201.22MiB at   22.51MiB/s ETA 00:04 (frag 40/60)
[download]  66.5% of ~ 201.27MiB at   22.51MiB/s ETA 00:04 (frag 40/60)
[download]  66.5% of ~ 201.28MiB at   22.51MiB/s ETA 00:04 (frag 40/60)
[download]  66.5% of ~ 201.28MiB at   22.51MiB/s ETA 00:04 (frag 40/60)
[download]  66.5% of ~ 201.28MiB at   22.51MiB/s ETA 00:04 (frag 40/60)
[download]  66.5% of ~ 201.30MiB at   22.51MiB/s ETA 00:04 (frag 40/60)
[download]  66.5% of ~ 201.32MiB at   22.51MiB/s ETA 00:04 (frag 40/60)
[download]  66.5% of ~ 201.36MiB at   22.51MiB/s ETA 00:04 (frag 40/60)
[download]  66.6% of ~ 201.46MiB at   22.51MiB/s ETA 00:04 (frag 40/60)
[download]  67.3% of ~ 201.42MiB at   22.51MiB/s ETA 00:04 (frag 40/60)
[download]  66.6% of ~ 203.62MiB at   22.51MiB/s ETA 00:04 (frag 41/60)
[download]  68.1% of ~ 199.19MiB at   22.56MiB/s ETA 00:04 (frag 41/60)
[download]  68.1% of ~ 199.19MiB at   22.56MiB/s ETA 00:04 (frag 41/60)
[download]  68.1% of ~ 199.19MiB at   22.56MiB/s ETA 00:04 (frag 41/60)
[download]  68.1% of ~ 199.20MiB at   22.56MiB/s ETA 00:04 (frag 41/60)
[download]  68.1% of ~ 199.21MiB at   22.56MiB/s ETA 00:04 (frag 41/60)
[download]  68.1% of ~ 199.23MiB at   22.56MiB/s ETA 00:04 (frag 41/60)
[download]  68.3% of ~ 198.80MiB at   22.56MiB/s ETA 00:04 (frag 41/60)
[download]  68.3% of ~ 198.80MiB at   22.56MiB/s ETA 00:04 (frag 41/60)
[download]  68.3% of ~ 198.80MiB at   22.56MiB/s ETA 00:04 (frag 41/60)
[download]  68.3% of ~ 198.81MiB at   22.56MiB/s ETA 00:04 (frag 41/60)
[download]  68.3% of ~ 198.82MiB at   22.56MiB/s ETA 00:04 (frag 41/60)
[download]  68.3% of ~ 198.84MiB at   22.56MiB/s ETA 00:04 (frag 41/60)
[download]  68.1% of ~ 199.36MiB at   22.56MiB/s ETA 00:04 (frag 41/60)
[download]  68.3% of ~ 198.97MiB at   22.56MiB/s ETA 00:04 (frag 41/60)
[download]  68.2% of ~ 199.62MiB at   22.56MiB/s ETA 00:04 (frag 41/60)
[download]  68.3% of ~ 199.42MiB at   22.52MiB/s ETA 00:04 (frag 41/60)
[download]  68.2% of ~ 199.92MiB at   22.52MiB/s ETA 00:04 (frag 41/60)
[download]  68.2% of ~ 199.89MiB at   22.52MiB/s ETA 00:04 (frag 41/60)
[download]  68.2% of ~ 199.89MiB at   22.52MiB/s ETA 00:04 (frag 41/60)
[download]  68.2% of ~ 199.89MiB at   22.52MiB/s ETA 00:04 (frag 41/60)
[download]  68.2% of ~ 199.90MiB at   22.52MiB/s ETA 00:04 (frag 41/60)
[download]  68.2% of ~ 199.91MiB at   22.52MiB/s ETA 00:04 (frag 41/60)
[download]  68.3% of ~ 200.14MiB at   22.52MiB/s ETA 00:04 (frag 41/60)
[download]  68.3% of ~ 200.46MiB at   22.52MiB/s ETA 00:04 (frag 41/60)
[download]  68.3% of ~ 201.09MiB at   21.89MiB/s ETA 00:03 (frag 41/60)
[download]  68.3% of ~ 201.36MiB at   21.89MiB/s ETA 00:03 (frag 41/60)
[download]  68.2% of ~ 201.77MiB at   21.89MiB/s ETA 00:03 (frag 41/60)
[download]  68.4% of ~ 201.47MiB at   21.34MiB/s ETA 00:03 (frag 41/60)
[download]  68.3% of ~ 201.94MiB at   21.34MiB/s ETA 00:03 (frag 41/60)
[download]  68.3% of ~ 201.91MiB at   21.34MiB/s ETA 00:03 (frag 41/60)
[download]  68.3% of ~ 201.91MiB at   21.34MiB/s ETA 00:03 (frag 41/60)
[download]  68.3% of ~ 201.91MiB at   21.34MiB/s ETA 00:03 (frag 41/60)
[download]  68.4% of ~ 202.25MiB at   21.34MiB/s ETA 00:03 (frag 41/60)
[download]  68.3% of ~ 202.63MiB at   21.34MiB/s ETA 00:03 (frag 41/60)
[download]  68.3% of ~ 202.65MiB at   21.34MiB/s ETA 00:03 (frag 41/60)
[download]  68.3% of ~ 202.67MiB at   21.34MiB/s ETA 00:03 (frag 41/60)
[download]  68.3% of ~ 202.71MiB at   21.34MiB/s ETA 00:03 (frag 41/60)
[download]  68.3% of ~ 202.92MiB at   21.34MiB/s ETA 00:03 (frag 41/60)
[download]  68.4% of ~ 203.27MiB at   21.07MiB/s ETA 00:03 (frag 41/60)
[download]  68.3% of ~ 204.18MiB at   21.07MiB/s ETA 00:03 (frag 41/60)
[download]  68.3% of ~ 204.16MiB at   20.87MiB/s ETA 00:03 (frag 41/60)
[download]  68.3% of ~ 204.16MiB at   20.87MiB/s ETA 00:03 (frag 41/60)
[download]  68.3% of ~ 204.16MiB at   20.87MiB/s ETA 00:03 (frag 41/60)
[download]  68.3% of ~ 204.17MiB at   20.87MiB/s ETA 00:03 (frag 41/60)
[download]  68.3% of ~ 204.18MiB at   20.87MiB/s ETA 00:03 (frag 41/60)
[download]  68.4% of ~ 204.21MiB at   20.87MiB/s ETA 00:03 (frag 41/60)
[download]  68.4% of ~ 204.45MiB at   20.66MiB/s ETA 00:03 (frag 41/60)
[download]  68.4% of ~ 205.12MiB at   20.66MiB/s ETA 00:03 (frag 41/60)
[download]  68.4% of ~ 205.34MiB at   20.46MiB/s ETA 00:03 (frag 41/60)
[download]  68.3% of ~ 205.81MiB at   20.46MiB/s ETA 00:03 (frag 41/60)
[download]  68.3% of ~ 205.85MiB at   20.46MiB/s ETA 00:03 (frag 41/60)
[download]  68.7% of ~ 206.13MiB at   20.46MiB/s ETA 00:03 (frag 41/60)
[download]  68.7% of ~ 207.59MiB at   20.36MiB/s ETA 00:03 (frag 41/60)
[download]  68.5% of ~ 208.81MiB at   20.36MiB/s ETA 00:03 (frag 41/60)
[download]  68.6% of ~ 209.98MiB at   20.28MiB/s ETA 00:03 (frag 41/60)
[download]  68.6% of ~ 210.84MiB at   20.28MiB/s ETA 00:03 (frag 41/60)
[download]  68.6% of ~ 211.56MiB at   20.28MiB/s ETA 00:03 (frag 41/60)
[download]  68.4% of ~ 212.37MiB at   20.28MiB/s ETA 00:03 (frag 41/60)
[download]  69.1% of ~ 212.74MiB at   20.55MiB/s ETA 00:03 (frag 41/60)
[download]  68.3% of ~ 215.11MiB at   20.55MiB/s ETA 00:03 (frag 42/60)
[download]  70.3% of ~ 210.29MiB at   20.55MiB/s ETA 00:03 (frag 42/60)
[download]  70.7% of ~ 211.53MiB at   20.61MiB/s ETA 00:03 (frag 42/60)
[download]  69.9% of ~ 213.89MiB at   20.61MiB/s ETA 00:03 (frag 43/60)
[download]  72.2% of ~ 208.72MiB at   19.86MiB/s ETA 00:03 (frag 43/60)
[download]  72.4% of ~ 210.62MiB at   19.86MiB/s ETA 00:03 (frag 43/60)
[download]  71.5% of ~ 213.14MiB at   19.86MiB/s ETA 00:03 (frag 44/60)
[download]  73.3% of ~ 207.86MiB at   19.32MiB/s ETA 00:03 (frag 44/60)
[download]  73.3% of ~ 207.86MiB at   19.32MiB/s ETA 00:03 (frag 44/60)
[download]  73.3% of ~ 207.86MiB at   19.32MiB/s ETA 00:03 (frag 44/60)
[download]  73.3% of ~ 207.87MiB at   19.32MiB/s ETA 00:03 (frag 44/60)
[download]  73.3% of ~ 208.07MiB at   18.66MiB/s ETA 00:03 (frag 44/60)
[download]  73.3% of ~ 208.07MiB at   18.66MiB/s ETA 00:03 (frag 44/60)
[download]  73.3% of ~ 208.08MiB at   18.66MiB/s ETA 00:03 (frag 44/60)
[download]  73.3% of ~ 208.08MiB at   18.66MiB/s ETA 00:03 (frag 44/60)
[download]  73.4% of ~ 208.01MiB at   18.66MiB/s ETA 00:03 (frag 44/60)
[download]  73.3% of ~ 208.43MiB at   17.85MiB/s ETA 00:03 (frag 44/60)
[download]  73.4% of ~ 208.25MiB at   17.85MiB/s ETA 00:03 (frag 44/60)
[download]  73.3% of ~ 208.47MiB at   17.27MiB/s ETA 00:03 (frag 44/60)
[download]  73.4% of ~ 208.32MiB at   17.27MiB/s ETA 00:03 (frag 44/60)
[download]  73.4% of ~ 208.36MiB at   17.27MiB/s ETA 00:03 (frag 44/60)
[download]  74.0% of ~ 208.91MiB at   17.27MiB/s ETA 00:03 (frag 44/60)
[download]  73.2% of ~ 211.31MiB at   17.27MiB/s ETA 00:03 (frag 45/60)
[download]  75.1% of ~ 206.25MiB at   17.27MiB/s ETA 00:03 (frag 45/60)
[download]  75.1% of ~ 206.41MiB at   17.27MiB/s ETA 00:03 (frag 45/60)
[download]  75.4% of ~ 206.87MiB at   17.27MiB/s ETA 00:03 (frag 45/60)
[download]  75.5% of ~ 208.06MiB at   17.27MiB/s ETA 00:03 (frag 45/60)
[download]  74.8% of ~ 209.97MiB at   17.26MiB/s ETA 00:03 (frag 45/60)
[download]  74.8% of ~ 209.97MiB at   17.26MiB/s ETA 00:03 (frag 45/60)
[download]  74.8% of ~ 209.97MiB at   17.26MiB/s ETA 00:03 (frag 45/60)
[download]  74.8% of ~ 209.98MiB at   17.26MiB/s ETA 00:03 (frag 45/60)
[download]  74.8% of ~ 209.99MiB at   17.26MiB/s ETA 00:03 (frag 45/60)
[download]  75.0% of ~ 209.58MiB at   17.26MiB/s ETA 00:03 (frag 45/60)
[download]  74.8% of ~ 210.09MiB at   17.26MiB/s ETA 00:03 (frag 45/60)
[download]  74.8% of ~ 210.13MiB at   17.26MiB/s ETA 00:03 (frag 45/60)
[download]  74.9% of ~ 210.21MiB at   17.26MiB/s ETA 00:03 (frag 45/60)
[download]  75.7% of ~ 209.78MiB at   17.28MiB/s ETA 00:03 (frag 45/60)
[download]  75.0% of ~ 211.69MiB at   17.28MiB/s ETA 00:03 (frag 46/60)
[download]  76.7% of ~ 207.34MiB at   17.28MiB/s ETA 00:03 (frag 46/60)
[download]  76.9% of ~ 207.32MiB at   17.28MiB/s ETA 00:03 (frag 46/60)
[download]  76.8% of ~ 208.07MiB at   17.28MiB/s ETA 00:03 (frag 46/60)
[download]  76.7% of ~ 208.68MiB at   17.28MiB/s ETA 00:03 (frag 46/60)
[download]  77.2% of ~ 208.81MiB at   17.45MiB/s ETA 00:03 (frag 46/60)
[download]  77.3% of ~ 210.11MiB at   17.45MiB/s ETA 00:03 (frag 46/60)
[download]  76.6% of ~ 212.27MiB at   17.60MiB/s ETA 00:03 (frag 46/60)
[download]  76.7% of ~ 212.00MiB at   17.60MiB/s ETA 00:03 (frag 46/60)
[download]  76.7% of ~ 212.00MiB at   17.60MiB/s ETA 00:03 (frag 46/60)
[download]  76.7% of ~ 212.00MiB at   17.60MiB/s ETA 00:03 (frag 46/60)
[download]  76.7% of ~ 212.01MiB at   17.60MiB/s ETA 00:03 (frag 46/60)
[download]  76.7% of ~ 212.02MiB at   17.60MiB/s ETA 00:03 (frag 46/60)
[download]  76.7% of ~ 212.63MiB at   17.60MiB/s ETA 00:03 (frag 46/60)
[download]  76.8% of ~ 212.67MiB at   17.60MiB/s ETA 00:03 (frag 46/60)
[download]  76.7% of ~ 212.96MiB at   17.60MiB/s ETA 00:03 (frag 47/60)
[download]  78.4% of ~ 208.52MiB at   17.60MiB/s ETA 00:03 (frag 47/60)
[download]  79.0% of ~ 208.55MiB at   17.60MiB/s ETA 00:03 (frag 47/60)
[download]  78.4% of ~ 210.35MiB at   17.60MiB/s ETA 00:03 (frag 48/60)
[download]  80.0% of ~ 206.07MiB at   17.60MiB/s ETA 00:03 (frag 48/60)
[download]  80.2% of ~ 206.31MiB at   17.75MiB/s ETA 00:03 (frag 48/60)
[download]  80.3% of ~ 207.33MiB at   17.97MiB/s ETA 00:03 (frag 48/60)
[download]  80.2% of ~ 207.50MiB at   17.97MiB/s ETA 00:03 (frag 48/60)
[download]  80.2% of ~ 207.50MiB at   17.97MiB/s ETA 00:03 (frag 48/60)
[download]  80.2% of ~ 207.50MiB at   17.97MiB/s ETA 00:03 (frag 48/60)
[download]  80.1% of ~ 207.99MiB at   17.97MiB/s ETA 00:03 (frag 48/60)
[download]  80.2% of ~ 207.66MiB at   17.97MiB/s ETA 00:03 (frag 48/60)
[download]  80.2% of ~ 207.67MiB at   17.97MiB/s ETA 00:03 (frag 48/60)
[download]  80.4% of ~ 208.34MiB at   17.97MiB/s ETA 00:03 (frag 48/60)
[download]  80.2% of ~ 208.91MiB at   17.97MiB/s ETA 00:03 (frag 48/60)
[download]  80.2% of ~ 208.95MiB at   18.09MiB/s ETA 00:02 (frag 48/60)
[download]  80.1% of ~ 209.52MiB at   18.09MiB/s ETA 00:02 (frag 48/60)
[download]  80.3% of ~ 209.33MiB at   18.09MiB/s ETA 00:02 (frag 48/60)
[download]  80.7% of ~ 210.54MiB at   18.28MiB/s ETA 00:02 (frag 48/60)
[download]  79.8% of ~ 212.89MiB at   18.28MiB/s ETA 00:02 (frag 49/60)
[download]  82.0% of ~ 207.60MiB at   18.28MiB/s ETA 00:02 (frag 49/60)
[download]  81.9% of ~ 207.86MiB at   18.28MiB/s ETA 00:02 (frag 49/60)
[download]  81.9% of ~ 207.86MiB at   18.28MiB/s ETA 00:02 (frag 49/60)
[download]  81.9% of ~ 207.87MiB at   18.28MiB/s ETA 00:02 (frag 49/60)
[download]  81.9% of ~ 207.87MiB at   18.28MiB/s ETA 00:02 (frag 49/60)
[download]  81.9% of ~ 207.88MiB at   18.28MiB/s ETA 00:02 (frag 49/60)
[download]  82.4% of ~ 208.57MiB at   18.28MiB/s ETA 00:02 (frag 49/60)
[download]  81.6% of ~ 210.47MiB at   18.28MiB/s ETA 00:02 (frag 50/60)
[download]  83.6% of ~ 206.19MiB at   18.28MiB/s ETA 00:02 (frag 50/60)
[download]  83.5% of ~ 206.28MiB at   18.28MiB/s ETA 00:02 (frag 50/60)
[download]  83.4% of ~ 206.53MiB at   18.28MiB/s ETA 00:02 (frag 50/60)
[download]  83.4% of ~ 206.53MiB at   18.28MiB/s ETA 00:02 (frag 50/60)
[download]  83.4% of ~ 206.53MiB at   18.28MiB/s ETA 00:02 (frag 50/60)
[download]  83.5% of ~ 206.54MiB at   18.28MiB/s ETA 00:02 (frag 50/60)
[download]  83.5% of ~ 206.55MiB at   18.28MiB/s ETA 00:02 (frag 50/60)
[download]  83.5% of ~ 206.56MiB at   18.28MiB/s ETA 00:02 (frag 50/60)
[download]  83.5% of ~ 206.60MiB at   18.28MiB/s ETA 00:02 (frag 50/60)
[download]  83.6% of ~ 206.46MiB at   18.60MiB/s ETA 00:02 (frag 50/60)
[download]  83.5% of ~ 206.75MiB at   18.60MiB/s ETA 00:02 (frag 50/60)
[download]  83.6% of ~ 206.68MiB at   18.60MiB/s ETA 00:02 (frag 50/60)
[download]  83.9% of ~ 207.43MiB at   18.34MiB/s ETA 00:02 (frag 50/60)
[download]  83.7% of ~ 208.21MiB at   18.34MiB/s ETA 00:02 (frag 50/60)
[download]  83.8% of ~ 208.54MiB at   18.10MiB/s ETA 00:02 (frag 50/60)
[download]  83.5% of ~ 209.12MiB at   18.10MiB/s ETA 00:02 (frag 50/60)
[download]  83.5% of ~ 209.12MiB at   18.10MiB/s ETA 00:02 (frag 50/60)
[download]  83.5% of ~ 209.13MiB at   18.10MiB/s ETA 00:02 (frag 50/60)
[download]  83.5% of ~ 209.13MiB at   18.10MiB/s ETA 00:02 (frag 50/60)
[download]  83.5% of ~ 209.14MiB at   18.10MiB/s ETA 00:02 (frag 50/60)
[download]  83.6% of ~ 209.16MiB at   18.10MiB/s ETA 00:02 (frag 50/60)
[download]  83.5% of ~ 209.35MiB at   18.10MiB/s ETA 00:02 (frag 50/60)
[download]  83.5% of ~ 209.35MiB at   18.10MiB/s ETA 00:02 (frag 50/60)
[download]  83.5% of ~ 209.35MiB at   18.10MiB/s ETA 00:02 (frag 50/60)
[download]  83.5% of ~ 209.36MiB at   18.10MiB/s ETA 00:02 (frag 50/60)
[download]  83.5% of ~ 209.37MiB at   18.10MiB/s ETA 00:02 (frag 50/60)
[download]  83.5% of ~ 209.39MiB at   18.10MiB/s ETA 00:02 (frag 50/60)
[download]  83.5% of ~ 209.42MiB at   18.10MiB/s ETA 00:02 (frag 50/60)
[download]  83.8% of ~ 209.81MiB at   18.10MiB/s ETA 00:02 (frag 50/60)
[download]  83.5% of ~ 210.67MiB at   17.87MiB/s ETA 00:02 (frag 50/60)
[download]  83.6% of ~ 210.85MiB at   17.32MiB/s ETA 00:02 (frag 50/60)
[download]  83.7% of ~ 211.14MiB at   17.32MiB/s ETA 00:02 (frag 50/60)
[download]  83.7% of ~ 212.11MiB at   16.55MiB/s ETA 00:02 (frag 50/60)
[download]  83.6% of ~ 212.54MiB at   16.55MiB/s ETA 00:02 (frag 50/60)
[download]  83.8% of ~ 212.58MiB at   16.55MiB/s ETA 00:02 (frag 50/60)
[download]  83.6% of ~ 213.35MiB at   16.25MiB/s ETA 00:02 (frag 50/60)
[download]  83.7% of ~ 213.65MiB at   15.96MiB/s ETA 00:02 (frag 50/60)
[download]  84.0% of ~ 214.09MiB at   15.96MiB/s ETA 00:02 (frag 50/60)
[download]  84.1% of ~ 215.73MiB at   15.96MiB/s ETA 00:02 (frag 50/60)
[download]  83.4% of ~ 217.44MiB at   15.96MiB/s ETA 00:02 (frag 51/60)
[download]  85.3% of ~ 212.80MiB at   16.00MiB/s ETA 00:02 (frag 51/60)
[download]  85.6% of ~ 213.12MiB at   16.00MiB/s ETA 00:02 (frag 51/60)
[download]  85.6% of ~ 214.25MiB at   16.00MiB/s ETA 00:02 (frag 51/60)
[download]  85.7% of ~ 215.22MiB at   16.14MiB/s ETA 00:02 (frag 51/60)
[download]  85.2% of ~ 216.96MiB at   16.14MiB/s ETA 00:02 (frag 51/60)
[download]  85.7% of ~ 217.00MiB at   16.14MiB/s ETA 00:02 (frag 51/60)
[download]  85.0% of ~ 218.78MiB at   16.14MiB/s ETA 00:02 (frag 52/60)
[download]  86.8% of ~ 214.28MiB at   16.14MiB/s ETA 00:02 (frag 53/60)
[download]  89.0% of ~ 210.14MiB at   16.41MiB/s ETA 00:02 (frag 53/60)
[download]  88.6% of ~ 211.31MiB at   16.41MiB/s ETA 00:02 (frag 54/60)
[download]  90.3% of ~ 207.47MiB at   16.64MiB/s ETA 00:02 (frag 54/60)
[download]  90.4% of ~ 207.74MiB at   16.64MiB/s ETA 00:02 (frag 54/60)
[download]  90.7% of ~ 208.43MiB at   16.64MiB/s ETA 00:02 (frag 54/60)
[download]  90.1% of ~ 209.72MiB at   16.64MiB/s ETA 00:02 (frag 55/60)
[download]  91.9% of ~ 205.76MiB at   16.84MiB/s ETA 00:02 (frag 55/60)
[download]  91.9% of ~ 205.76MiB at   16.84MiB/s ETA 00:02 (frag 55/60)
[download]  91.9% of ~ 205.76MiB at   16.84MiB/s ETA 00:02 (frag 55/60)
[download]  91.9% of ~ 205.77MiB at   16.84MiB/s ETA 00:02 (frag 55/60)
[download]  91.9% of ~ 205.78MiB at   16.84MiB/s ETA 00:02 (frag 55/60)
[download]  91.9% of ~ 205.79MiB at   16.84MiB/s ETA 00:02 (frag 55/60)
[download]  91.9% of ~ 205.83MiB at   16.84MiB/s ETA 00:02 (frag 55/60)
[download]  92.3% of ~ 205.97MiB at   17.06MiB/s ETA 00:01 (frag 55/60)
[download]  92.0% of ~ 207.55MiB at   17.06MiB/s ETA 00:01 (frag 55/60)
[download]  92.2% of ~ 207.22MiB at   17.06MiB/s ETA 00:01 (frag 55/60)
[download]  92.2% of ~ 207.22MiB at   17.06MiB/s ETA 00:01 (frag 55/60)
[download]  92.2% of ~ 207.22MiB at   17.06MiB/s ETA 00:01 (frag 55/60)
[download]  92.2% of ~ 207.22MiB at   17.06MiB/s ETA 00:01 (frag 55/60)
[download]  92.2% of ~ 207.23MiB at   17.06MiB/s ETA 00:01 (frag 55/60)
[download]  92.2% of ~ 207.25MiB at   17.06MiB/s ETA 00:01 (frag 55/60)
[download]  92.2% of ~ 207.28MiB at   17.06MiB/s ETA 00:01 (frag 55/60)
[download]  92.0% of ~ 207.96MiB at   17.06MiB/s ETA 00:01 (frag 55/60)
[download]  92.0% of ~ 208.09MiB at   17.23MiB/s ETA 00:01 (frag 55/60)
[download]  92.4% of ~ 208.41MiB at   17.23MiB/s ETA 00:01 (frag 55/60)
[download]  91.9% of ~ 209.51MiB at   17.23MiB/s ETA 00:01 (frag 56/60)
[download]  93.9% of ~ 205.19MiB at   17.23MiB/s ETA 00:01 (frag 56/60)
[download]  94.0% of ~ 205.99MiB at   17.23MiB/s ETA 00:01 (frag 56/60)
[download]  93.5% of ~ 207.10MiB at   17.23MiB/s ETA 00:01 (frag 57/60)
[download]  95.6% of ~ 202.87MiB at   17.62MiB/s ETA 00:01 (frag 57/60)
[download]  95.4% of ~ 203.71MiB at   17.80MiB/s ETA 00:01 (frag 57/60)
[download]  95.7% of ~ 203.64MiB at   17.62MiB/s ETA 00:01 (frag 57/60)
[download]  95.7% of ~ 204.75MiB at   17.20MiB/s ETA 00:01 (frag 57/60)
[download]  95.7% of ~ 205.78MiB at   16.79MiB/s ETA 00:01 (frag 57/60)
[download]  95.2% of ~ 206.80MiB at   16.79MiB/s ETA 00:01 (frag 58/60)
[download]  97.6% of ~ 202.72MiB at   16.51MiB/s ETA 00:01 (frag 58/60)
[download]  97.4% of ~ 203.73MiB at   16.20MiB/s ETA 00:01 (frag 58/60)
[download]  97.2% of ~ 204.16MiB at   16.20MiB/s ETA 00:01 (frag 59/60)
[download]  98.7% of ~ 201.87MiB at   16.01MiB/s ETA 00:01 (frag 59/60)
[download]  98.3% of ~ 202.83MiB at   16.01MiB/s ETA 00:01 (frag 60/60)
[download] 100% of  199.30MiB in 00:00:12 at 16.08MiB/s
[FixupM3u8] Fixing MPEG-TS in MP4 container of "D:\ĎÂÔŘ\Asian_Girlfriend_with_Big_Bouncy_Tits_Riding_Cock_Real_Orgasm-kbaktlh7939.mp4"
[Metadata] Adding metadata to "D:\ĎÂÔŘ\Asian_Girlfriend_with_Big_Bouncy_Tits_Riding_Cock_Real_Orgasm-kbaktlh7939.mp4"
