[XVideos] Extracting URL: https://www.xvideos.com/video.ophvcmv6036/_av_-_
[XVideos] ophvcmv6036: Downloading webpage
[XVideos] ophvcmv6036: Downloading m3u8 information
[XVideos] ophvcmv6036: Checking hls-480p video format URL
[XVideos] ophvcmv6036: Checking hls-1080p video format URL
[XVideos] ophvcmv6036: Checking hls-360p video format URL
[info] ophvcmv6036: Downloading 1 format(s): hls-1080p
[info] Downloading video thumbnail 1 ...
[info] Writing video thumbnail 1 to: D:\üôåÄ\Ex-Taiwanese_Hostess_Tries_Porn_Part-Time_Hot_Body_Big_Ass_Get_Pounded-ophvcmv6036.avif
[hlsnative] Downloading m3u8 manifest
[hlsnative] Total fragments: 93
[download] Destination: D:\üôåÄ\Ex-Taiwanese_Hostess_Tries_Porn_Part-Time_Hot_Body_Big_Ass_Get_Pounded-ophvcmv6036.mp4
[download]   0.0% of ~ 251.81MiB at    546.62B/s ETA Unknown (frag 0/93)
[download]   0.0% of ~ 251.90MiB at    546.62B/s ETA Unknown (frag 0/93)
[download]   0.0% of ~ 252.08MiB at    546.62B/s ETA Unknown (frag 0/93)
[download]   0.0% of ~ 252.45MiB at    546.62B/s ETA Unknown (frag 0/93)
[download]   0.0% of ~ 253.17MiB at    546.62B/s ETA Unknown (frag 0/93)
[download]   0.0% of ~ 254.63MiB at   29.86KiB/s ETA Unknown (frag 0/93)
[download]   0.0% of ~ 257.53MiB at   69.68KiB/s ETA Unknown (frag 0/93)
[download]   0.1% of ~ 263.35MiB at  118.71KiB/s ETA 19:15 (frag 0/93)
[download]   0.1% of ~ 318.57MiB at  146.10KiB/s ETA 19:55 (frag 0/93)
[download]   0.1% of ~ 318.66MiB at  146.10KiB/s ETA 19:55 (frag 0/93)
[download]   0.1% of ~ 318.85MiB at  146.10KiB/s ETA 19:55 (frag 0/93)
[download]   0.1% of ~ 319.21MiB at  146.10KiB/s ETA 19:55 (frag 0/93)
[download]   0.1% of ~ 352.77MiB at  146.10KiB/s ETA 19:55 (frag 0/93)
[download]   0.1% of ~ 352.86MiB at  146.10KiB/s ETA 19:55 (frag 0/93)
[download]   0.1% of ~ 353.04MiB at  146.10KiB/s ETA 19:55 (frag 0/93)
[download]   0.1% of ~ 353.40MiB at  146.10KiB/s ETA 19:55 (frag 0/93)
[download]   0.1% of ~ 354.13MiB at  172.76KiB/s ETA 20:30 (frag 0/93)
[download]   0.1% of ~ 322.75MiB at  190.91KiB/s ETA 20:48 (frag 0/93)
[download]   0.1% of ~ 357.04MiB at  190.91KiB/s ETA 20:48 (frag 0/93)
[download]   0.2% of ~ 283.51MiB at  258.55KiB/s ETA 19:53 (frag 0/93)
[download]   0.2% of ~ 350.36MiB at  258.55KiB/s ETA 19:53 (frag 0/93)
[download]   0.2% of ~ 386.10MiB at  258.55KiB/s ETA 19:53 (frag 0/93)
[download]   0.2% of ~ 391.91MiB at  332.54KiB/s ETA 19:13 (frag 0/93)
[download]   0.2% of ~ 370.70MiB at  332.54KiB/s ETA 19:13 (frag 0/93)
[download]   0.2% of ~ 549.48MiB at  386.03KiB/s ETA 19:07 (frag 0/93)
[download]   0.2% of ~ 549.57MiB at  386.03KiB/s ETA 19:07 (frag 0/93)
[download]   0.2% of ~ 549.75MiB at  386.03KiB/s ETA 19:07 (frag 0/93)
[download]   0.2% of ~ 550.11MiB at  386.03KiB/s ETA 19:07 (frag 0/93)
[download]   0.2% of ~ 550.84MiB at  386.03KiB/s ETA 19:07 (frag 0/93)
[download]   0.3% of ~ 379.33MiB at  439.99KiB/s ETA 18:21 (frag 0/93)
[download]   0.2% of ~ 563.92MiB at  439.99KiB/s ETA 18:21 (frag 0/93)
[download]   0.2% of ~ 566.82MiB at  476.24KiB/s ETA 18:14 (frag 0/93)
[download]   0.3% of ~ 432.51MiB at  531.58KiB/s ETA 17:32 (frag 0/93)
[download]   0.4% of ~ 422.93MiB at  531.58KiB/s ETA 17:32 (frag 0/93)
[download]   0.5% of ~ 402.57MiB at  659.66KiB/s ETA 16:29 (frag 0/93)
[download]   0.5% of ~ 492.68MiB at  790.01KiB/s ETA 15:36 (frag 0/93)
[download]   0.4% of ~ 712.14MiB at  790.01KiB/s ETA 15:36 (frag 0/93)
[download]   0.3% of ~ 805.43MiB at  878.34KiB/s ETA 15:18 (frag 0/93)
[download]   0.3% of ~ 805.52MiB at  878.34KiB/s ETA 15:18 (frag 0/93)
[download]   0.3% of ~ 805.70MiB at  878.34KiB/s ETA 15:18 (frag 0/93)
[download]   0.3% of ~ 806.07MiB at  878.34KiB/s ETA 15:18 (frag 0/93)
[download]   0.5% of ~ 608.84MiB at  878.34KiB/s ETA 15:18 (frag 0/93)
[download]   0.5% of ~ 608.93MiB at  878.34KiB/s ETA 15:18 (frag 0/93)
[download]   0.5% of ~ 609.11MiB at  878.34KiB/s ETA 15:18 (frag 0/93)
[download]   0.5% of ~ 609.47MiB at  878.34KiB/s ETA 15:18 (frag 0/93)
[download]   0.5% of ~ 552.44MiB at  878.34KiB/s ETA 15:18 (frag 0/93)
[download]   0.5% of ~ 552.53MiB at  878.34KiB/s ETA 15:18 (frag 0/93)
[download]   0.5% of ~ 552.71MiB at  878.34KiB/s ETA 15:18 (frag 0/93)
[download]   0.5% of ~ 553.08MiB at  937.54KiB/s ETA 14:39 (frag 0/93)
[download]   0.6% of ~ 587.72MiB at  937.54KiB/s ETA 14:39 (frag 0/93)
[download]   0.4% of ~ 856.02MiB at  937.54KiB/s ETA 14:39 (frag 0/93)
[download]   0.7% of ~ 559.24MiB at    1.06MiB/s ETA 13:50 (frag 0/93)
[download]   0.5% of ~ 716.68MiB at    1.06MiB/s ETA 13:50 (frag 0/93)
[download]   0.5% of ~ 834.42MiB at    1.06MiB/s ETA 13:50 (frag 0/93)
[download]   0.8% of ~ 684.71MiB at    1.06MiB/s ETA 13:50 (frag 0/93)
[download]   0.7% of ~ 776.63MiB at    1.06MiB/s ETA 13:50 (frag 0/93)
[download]   0.5% of ~   1.01GiB at    1.06MiB/s ETA 13:50 (frag 0/93)
[download]   0.7% of ~ 780.98MiB at    1.27MiB/s ETA 13:11 (frag 0/93)
[download]   0.6% of ~ 841.65MiB at    1.52MiB/s ETA 12:32 (frag 0/93)
[download]   0.7% of ~ 786.80MiB at    1.52MiB/s ETA 12:32 (frag 0/93)
[download]   0.6% of ~ 850.37MiB at    1.70MiB/s ETA 11:57 (frag 0/93)
[download]   0.5% of ~   1.03GiB at    1.70MiB/s ETA 11:57 (frag 0/93)
[download]   0.5% of ~   1.04GiB at    1.79MiB/s ETA 11:38 (frag 0/93)
[download]   0.8% of ~ 816.94MiB at    1.96MiB/s ETA 11:02 (frag 0/93)
[download]   0.7% of ~ 926.45MiB at    1.96MiB/s ETA 11:02 (frag 1/93)
[download]   1.5% of ~ 462.68MiB at    1.96MiB/s ETA 11:02 (frag 1/93)
[download]   1.4% of ~ 497.37MiB at    2.08MiB/s ETA 10:17 (frag 1/93)
[download]   1.5% of ~ 474.31MiB at    2.08MiB/s ETA 10:17 (frag 1/93)
[download]   1.4% of ~ 572.95MiB at    2.24MiB/s ETA 09:37 (frag 1/93)
[download]   1.5% of ~ 538.06MiB at    2.38MiB/s ETA 08:59 (frag 1/93)
[download]   1.6% of ~ 508.72MiB at    2.46MiB/s ETA 08:24 (frag 1/93)
[download]   1.6% of ~ 508.76MiB at    2.46MiB/s ETA 08:24 (frag 1/93)
[download]   1.6% of ~ 508.85MiB at    2.46MiB/s ETA 08:24 (frag 1/93)
[download]   1.6% of ~ 509.04MiB at    2.46MiB/s ETA 08:24 (frag 1/93)
[download]   1.6% of ~ 509.40MiB at    2.57MiB/s ETA 07:51 (frag 1/93)
[download]   1.6% of ~ 522.21MiB at    2.57MiB/s ETA 07:51 (frag 1/93)
[download]   1.3% of ~ 673.32MiB at    2.57MiB/s ETA 07:51 (frag 1/93)
[download]   1.6% of ~ 545.00MiB at    2.67MiB/s ETA 07:22 (frag 1/93)
[download]   1.6% of ~ 546.45MiB at    2.67MiB/s ETA 07:22 (frag 1/93)
[download]   1.8% of ~ 561.45MiB at    2.67MiB/s ETA 07:22 (frag 1/93)
[download]   1.7% of ~ 595.86MiB at    2.67MiB/s ETA 07:22 (frag 1/93)
[download]   1.7% of ~ 601.67MiB at    2.91MiB/s ETA 06:55 (frag 1/93)
[download]   1.8% of ~ 625.39MiB at    2.91MiB/s ETA 06:55 (frag 1/93)
[download]   1.7% of ~ 679.60MiB at    2.91MiB/s ETA 06:55 (frag 2/93)
[download]   2.5% of ~ 472.32MiB at    2.91MiB/s ETA 06:55 (frag 2/93)
[download]   2.9% of ~ 454.39MiB at    3.31MiB/s ETA 06:24 (frag 2/93)
[download]   2.7% of ~ 488.30MiB at    3.31MiB/s ETA 06:24 (frag 3/93)
[download]   3.6% of ~ 385.34MiB at    3.69MiB/s ETA 05:54 (frag 3/93)
[download]   3.7% of ~ 392.95MiB at    3.69MiB/s ETA 05:54 (frag 3/93)
[download]   3.2% of ~ 474.55MiB at    4.04MiB/s ETA 05:28 (frag 3/93)
[download]   3.5% of ~ 430.51MiB at    4.25MiB/s ETA 05:04 (frag 3/93)
[download]   3.5% of ~ 430.53MiB at    4.25MiB/s ETA 05:04 (frag 3/93)
[download]   3.5% of ~ 430.58MiB at    4.25MiB/s ETA 05:04 (frag 3/93)
[download]   3.5% of ~ 430.67MiB at    4.25MiB/s ETA 05:04 (frag 3/93)
[download]   3.5% of ~ 430.85MiB at    4.41MiB/s ETA 04:42 (frag 3/93)
[download]   3.5% of ~ 431.22MiB at    4.41MiB/s ETA 04:42 (frag 3/93)
[download]   3.6% of ~ 420.45MiB at    4.52MiB/s ETA 04:22 (frag 3/93)
[download]   3.6% of ~ 420.47MiB at    4.52MiB/s ETA 04:22 (frag 3/93)
[download]   3.6% of ~ 420.52MiB at    4.52MiB/s ETA 04:22 (frag 3/93)
[download]   3.6% of ~ 420.61MiB at    4.52MiB/s ETA 04:22 (frag 3/93)
[download]   3.6% of ~ 420.79MiB at    4.52MiB/s ETA 04:22 (frag 3/93)
[download]   3.6% of ~ 421.15MiB at    4.52MiB/s ETA 04:22 (frag 3/93)
[download]   3.6% of ~ 421.88MiB at    4.52MiB/s ETA 04:22 (frag 3/93)
[download]   3.4% of ~ 469.54MiB at    4.52MiB/s ETA 04:22 (frag 3/93)
[download]   3.6% of ~ 437.92MiB at    4.52MiB/s ETA 04:22 (frag 3/93)
[download]   3.7% of ~ 440.82MiB at    4.52MiB/s ETA 04:22 (frag 3/93)
[download]   3.7% of ~ 446.64MiB at    4.73MiB/s ETA 04:04 (frag 3/93)
[download]   3.9% of ~ 454.91MiB at    4.73MiB/s ETA 04:04 (frag 3/93)
[download]   3.6% of ~ 493.00MiB at    5.04MiB/s ETA 03:48 (frag 3/93)
[download]   3.6% of ~ 494.46MiB at    5.23MiB/s ETA 03:33 (frag 3/93)
[download]   3.7% of ~ 503.00MiB at    5.39MiB/s ETA 03:20 (frag 3/93)
[download]   3.9% of ~ 509.12MiB at    5.58MiB/s ETA 03:08 (frag 3/93)
[download]   3.8% of ~ 543.54MiB at    5.58MiB/s ETA 03:08 (frag 3/93)
[download]   3.9% of ~ 541.87MiB at    5.58MiB/s ETA 03:08 (frag 3/93)
[download]   3.8% of ~ 562.93MiB at    5.58MiB/s ETA 03:08 (frag 4/93)
[download]   4.7% of ~ 462.22MiB at    5.84MiB/s ETA 02:56 (frag 4/93)
[download]   4.9% of ~ 457.68MiB at    5.84MiB/s ETA 02:56 (frag 4/93)
[download]   4.7% of ~ 477.21MiB at    5.84MiB/s ETA 02:56 (frag 5/93)
[download]   5.3% of ~ 442.09MiB at    6.20MiB/s ETA 02:45 (frag 5/93)
[download]   5.4% of ~ 439.57MiB at    6.20MiB/s ETA 02:45 (frag 5/93)
[download]   5.6% of ~ 423.26MiB at    6.45MiB/s ETA 02:34 (frag 5/93)
[download]   5.6% of ~ 423.27MiB at    6.45MiB/s ETA 02:34 (frag 5/93)
[download]   5.6% of ~ 423.30MiB at    6.45MiB/s ETA 02:34 (frag 5/93)
[download]   5.6% of ~ 423.36MiB at    6.45MiB/s ETA 02:34 (frag 5/93)
[download]   5.6% of ~ 423.48MiB at    6.45MiB/s ETA 02:34 (frag 5/93)
[download]   5.6% of ~ 423.72MiB at    6.45MiB/s ETA 02:34 (frag 5/93)
[download]   5.7% of ~ 424.21MiB at    6.45MiB/s ETA 02:34 (frag 5/93)
[download]   5.8% of ~ 430.20MiB at    6.45MiB/s ETA 02:34 (frag 5/93)
[download]   5.7% of ~ 436.40MiB at    6.65MiB/s ETA 02:24 (frag 5/93)
[download]   5.7% of ~ 436.41MiB at    6.65MiB/s ETA 02:24 (frag 5/93)
[download]   5.7% of ~ 436.44MiB at    6.65MiB/s ETA 02:24 (frag 5/93)
[download]   5.7% of ~ 436.51MiB at    6.65MiB/s ETA 02:24 (frag 5/93)
[download]   5.7% of ~ 436.63MiB at    6.65MiB/s ETA 02:24 (frag 5/93)
[download]   5.7% of ~ 436.87MiB at    6.65MiB/s ETA 02:24 (frag 5/93)
[download]   5.7% of ~ 437.35MiB at    6.65MiB/s ETA 02:24 (frag 5/93)
[download]   5.7% of ~ 442.19MiB at    6.65MiB/s ETA 02:24 (frag 5/93)
[download]   5.8% of ~ 440.26MiB at    6.65MiB/s ETA 02:24 (frag 5/93)
[download]   5.7% of ~ 446.07MiB at    6.76MiB/s ETA 02:16 (frag 5/93)
[download]   5.8% of ~ 451.20MiB at    6.76MiB/s ETA 02:16 (frag 5/93)
[download]   5.8% of ~ 458.74MiB at    6.76MiB/s ETA 02:16 (frag 5/93)
[download]   5.8% of ~ 462.83MiB at    6.76MiB/s ETA 02:16 (frag 5/93)
[download]   5.8% of ~ 475.59MiB at    6.99MiB/s ETA 02:08 (frag 5/93)
[download]   5.7% of ~ 488.20MiB at    6.99MiB/s ETA 02:08 (frag 6/93)
[download]   6.9% of ~ 410.84MiB at    7.22MiB/s ETA 02:00 (frag 6/93)
[download]   6.8% of ~ 420.80MiB at    7.40MiB/s ETA 01:53 (frag 6/93)
[download]   6.8% of ~ 428.34MiB at    7.67MiB/s ETA 01:47 (frag 6/93)
[download]   6.7% of ~ 434.24MiB at    7.67MiB/s ETA 01:47 (frag 7/93)
[download]   7.7% of ~ 376.66MiB at    7.78MiB/s ETA 01:40 (frag 7/93)
[download]   7.7% of ~ 376.67MiB at    7.78MiB/s ETA 01:40 (frag 7/93)
[download]   7.7% of ~ 376.70MiB at    7.78MiB/s ETA 01:40 (frag 7/93)
[download]   7.7% of ~ 376.74MiB at    7.78MiB/s ETA 01:40 (frag 7/93)
[download]   7.7% of ~ 376.83MiB at    7.78MiB/s ETA 01:40 (frag 7/93)
[download]   7.7% of ~ 377.01MiB at    7.78MiB/s ETA 01:40 (frag 7/93)
[download]   8.0% of ~ 376.99MiB at    7.78MiB/s ETA 01:40 (frag 7/93)
[download]   7.8% of ~ 389.00MiB at    7.78MiB/s ETA 01:40 (frag 7/93)
[download]   7.8% of ~ 389.73MiB at    7.92MiB/s ETA 01:34 (frag 7/93)
[download]   8.1% of ~ 390.79MiB at    8.06MiB/s ETA 01:29 (frag 7/93)
[download]   7.8% of ~ 404.90MiB at    8.06MiB/s ETA 01:29 (frag 8/93)
[download]   8.8% of ~ 360.25MiB at    8.06MiB/s ETA 01:29 (frag 8/93)
[download]   8.8% of ~ 360.68MiB at    8.15MiB/s ETA 01:24 (frag 8/93)
[download]   8.8% of ~ 360.69MiB at    8.15MiB/s ETA 01:24 (frag 8/93)
[download]   8.8% of ~ 360.71MiB at    8.15MiB/s ETA 01:24 (frag 8/93)
[download]   8.8% of ~ 360.75MiB at    8.15MiB/s ETA 01:24 (frag 8/93)
[download]   8.8% of ~ 360.83MiB at    8.15MiB/s ETA 01:24 (frag 8/93)
[download]   8.4% of ~ 390.73MiB at    8.15MiB/s ETA 01:24 (frag 8/93)
[download]   8.9% of ~ 368.74MiB at    8.15MiB/s ETA 01:24 (frag 8/93)
[download]   8.9% of ~ 369.06MiB at    8.24MiB/s ETA 01:20 (frag 8/93)
[download]   8.9% of ~ 371.87MiB at    8.24MiB/s ETA 01:20 (frag 8/93)
[download]   9.0% of ~ 379.27MiB at    8.39MiB/s ETA 01:16 (frag 8/93)
[download]   8.9% of ~ 385.21MiB at    8.52MiB/s ETA 01:12 (frag 8/93)
[download]   8.6% of ~ 407.16MiB at    8.52MiB/s ETA 01:12 (frag 8/93)
[download]   8.9% of ~ 396.17MiB at    8.68MiB/s ETA 01:09 (frag 8/93)
[download]   8.9% of ~ 396.18MiB at    8.68MiB/s ETA 01:09 (frag 8/93)
[download]   8.9% of ~ 396.20MiB at    8.68MiB/s ETA 01:09 (frag 8/93)
[download]   8.9% of ~ 396.25MiB at    8.68MiB/s ETA 01:09 (frag 8/93)
[download]   8.9% of ~ 396.33MiB at    8.68MiB/s ETA 01:09 (frag 8/93)
[download]   8.9% of ~ 396.49MiB at    8.68MiB/s ETA 01:09 (frag 8/93)
[download]   8.9% of ~ 396.81MiB at    8.68MiB/s ETA 01:09 (frag 8/93)
[download]   9.0% of ~ 395.05MiB at    8.68MiB/s ETA 01:09 (frag 8/93)
[download]   8.9% of ~ 400.04MiB at    8.68MiB/s ETA 01:09 (frag 8/93)
[download]   9.1% of ~ 401.08MiB at    8.68MiB/s ETA 01:09 (frag 8/93)
[download]   8.9% of ~ 411.66MiB at    8.99MiB/s ETA 01:06 (frag 8/93)
[download]   9.1% of ~ 417.07MiB at    9.25MiB/s ETA 01:03 (frag 8/93)
[download]   9.0% of ~ 424.58MiB at    9.12MiB/s ETA 01:01 (frag 8/93)
[download]   9.1% of ~ 427.34MiB at    9.12MiB/s ETA 01:01 (frag 8/93)
[download]   9.2% of ~ 434.67MiB at    9.14MiB/s ETA 00:59 (frag 8/93)
[download]   9.0% of ~ 447.55MiB at    9.14MiB/s ETA 00:59 (frag 9/93)
[download]  10.3% of ~ 404.80MiB at    9.14MiB/s ETA 00:59 (frag 9/93)
[download]   9.9% of ~ 418.41MiB at    9.14MiB/s ETA 00:59 (frag 10/93)
[download]  11.2% of ~ 378.75MiB at    9.17MiB/s ETA 00:57 (frag 10/93)
[download]  11.1% of ~ 383.88MiB at    9.17MiB/s ETA 00:57 (frag 10/93)
[download]  11.1% of ~ 383.88MiB at    9.17MiB/s ETA 00:57 (frag 10/93)
[download]  11.1% of ~ 383.90MiB at    9.17MiB/s ETA 00:57 (frag 10/93)
[download]  11.1% of ~ 383.93MiB at    9.17MiB/s ETA 00:57 (frag 10/93)
[download]  11.3% of ~ 387.33MiB at    9.30MiB/s ETA 00:55 (frag 10/93)
[download]  11.0% of ~ 398.07MiB at    9.30MiB/s ETA 00:55 (frag 11/93)
[download]  12.1% of ~ 361.85MiB at    9.41MiB/s ETA 00:52 (frag 11/93)
[download]  12.1% of ~ 361.97MiB at    9.41MiB/s ETA 00:52 (frag 11/93)
[download]  12.1% of ~ 362.21MiB at    9.41MiB/s ETA 00:52 (frag 11/93)
[download]  12.0% of ~ 364.52MiB at    9.41MiB/s ETA 00:52 (frag 11/93)
[download]  12.1% of ~ 364.53MiB at    9.41MiB/s ETA 00:52 (frag 11/93)
[download]  12.1% of ~ 364.55MiB at    9.41MiB/s ETA 00:52 (frag 11/93)
[download]  12.1% of ~ 364.58MiB at    9.41MiB/s ETA 00:52 (frag 11/93)
[download]  12.1% of ~ 364.64MiB at    9.41MiB/s ETA 00:52 (frag 11/93)
[download]  12.1% of ~ 364.76MiB at    9.41MiB/s ETA 00:52 (frag 11/93)
[download]  12.1% of ~ 363.17MiB at    9.54MiB/s ETA 00:50 (frag 11/93)
[download]  12.1% of ~ 365.97MiB at    9.54MiB/s ETA 00:50 (frag 11/93)
[download]  12.2% of ~ 364.63MiB at    9.54MiB/s ETA 00:50 (frag 11/93)
[download]  12.2% of ~ 371.73MiB at    9.54MiB/s ETA 00:50 (frag 11/93)
[download]  11.6% of ~ 397.08MiB at    9.54MiB/s ETA 00:50 (frag 11/93)
[download]  12.1% of ~ 381.21MiB at    9.53MiB/s ETA 00:49 (frag 11/93)
[download]  12.4% of ~ 381.59MiB at    9.53MiB/s ETA 00:49 (frag 11/93)
[download]  12.1% of ~ 391.31MiB at    9.53MiB/s ETA 00:49 (frag 11/93)
[download]  12.1% of ~ 391.31MiB at    9.53MiB/s ETA 00:49 (frag 11/93)
[download]  12.1% of ~ 391.33MiB at    9.53MiB/s ETA 00:49 (frag 11/93)
[download]  12.1% of ~ 391.36MiB at    9.53MiB/s ETA 00:49 (frag 11/93)
[download]  11.8% of ~ 404.95MiB at    9.53MiB/s ETA 00:49 (frag 11/93)
[download]  12.1% of ~ 395.74MiB at    9.53MiB/s ETA 00:49 (frag 11/93)
[download]  12.2% of ~ 394.49MiB at    9.53MiB/s ETA 00:49 (frag 11/93)
[download]  12.1% of ~ 397.80MiB at    9.53MiB/s ETA 00:49 (frag 11/93)
[download]  12.1% of ~ 398.04MiB at    9.53MiB/s ETA 00:49 (frag 11/93)
[download]  12.3% of ~ 395.32MiB at    9.79MiB/s ETA 00:47 (frag 11/93)
[download]  12.1% of ~ 402.40MiB at    9.79MiB/s ETA 00:47 (frag 11/93)
[download]  12.4% of ~ 400.17MiB at   10.03MiB/s ETA 00:46 (frag 11/93)
[download]  12.3% of ~ 409.74MiB at   10.03MiB/s ETA 00:46 (frag 11/93)
[download]  12.2% of ~ 416.96MiB at   10.03MiB/s ETA 00:46 (frag 11/93)
[download]  12.1% of ~ 421.96MiB at   10.03MiB/s ETA 00:46 (frag 12/93)
[download]  13.2% of ~ 387.69MiB at   10.03MiB/s ETA 00:46 (frag 12/93)
[download]  13.5% of ~ 386.52MiB at   10.38MiB/s ETA 00:44 (frag 12/93)
[download]  13.2% of ~ 392.79MiB at   10.38MiB/s ETA 00:44 (frag 13/93)
[download]  14.3% of ~ 367.48MiB at   10.38MiB/s ETA 00:44 (frag 13/93)
[download]  14.5% of ~ 369.62MiB at   10.53MiB/s ETA 00:43 (frag 13/93)
[download]  14.4% of ~ 377.45MiB at   10.53MiB/s ETA 00:43 (frag 13/93)
[download]  14.5% of ~ 382.41MiB at   10.53MiB/s ETA 00:43 (frag 13/93)
[download]  14.3% of ~ 389.30MiB at   10.53MiB/s ETA 00:43 (frag 14/93)
[download]  14.7% of ~ 381.19MiB at   10.83MiB/s ETA 00:41 (frag 14/93)
[download]  15.2% of ~ 369.19MiB at   10.94MiB/s ETA 00:40 (frag 14/93)
[download]  15.2% of ~ 369.20MiB at   10.94MiB/s ETA 00:40 (frag 14/93)
[download]  15.2% of ~ 369.21MiB at   10.94MiB/s ETA 00:40 (frag 14/93)
[download]  15.2% of ~ 369.23MiB at   10.94MiB/s ETA 00:40 (frag 14/93)
[download]  15.2% of ~ 369.28MiB at   10.94MiB/s ETA 00:40 (frag 14/93)
[download]  14.9% of ~ 379.58MiB at   10.94MiB/s ETA 00:40 (frag 14/93)
[download]  15.2% of ~ 372.40MiB at   10.94MiB/s ETA 00:40 (frag 14/93)
[download]  15.2% of ~ 372.02MiB at   10.94MiB/s ETA 00:40 (frag 14/93)
[download]  15.6% of ~ 370.87MiB at   10.94MiB/s ETA 00:40 (frag 14/93)
[download]  15.3% of ~ 378.92MiB at   10.94MiB/s ETA 00:40 (frag 14/93)
[download]  15.3% of ~ 378.94MiB at   10.94MiB/s ETA 00:40 (frag 14/93)
[download]  15.3% of ~ 377.81MiB at   10.94MiB/s ETA 00:40 (frag 15/93)
[download]  16.3% of ~ 355.28MiB at   10.94MiB/s ETA 00:40 (frag 15/93)
[download]  16.3% of ~ 355.32MiB at   10.94MiB/s ETA 00:40 (frag 15/93)
[download]  16.3% of ~ 355.41MiB at   10.94MiB/s ETA 00:40 (frag 15/93)
[download]  16.3% of ~ 355.59MiB at   10.94MiB/s ETA 00:40 (frag 15/93)
[download]  16.3% of ~ 356.50MiB at   10.94MiB/s ETA 00:40 (frag 15/93)
[download]  16.3% of ~ 356.32MiB at   11.23MiB/s ETA 00:38 (frag 15/93)
[download]  16.6% of ~ 357.00MiB at   11.23MiB/s ETA 00:38 (frag 15/93)
[download]  16.3% of ~ 364.51MiB at   11.23MiB/s ETA 00:38 (frag 16/93)
[download]  17.3% of ~ 343.62MiB at   11.23MiB/s ETA 00:38 (frag 16/93)
[download]  17.4% of ~ 343.79MiB at   11.46MiB/s ETA 00:37 (frag 16/93)
[download]  17.3% of ~ 346.15MiB at   11.46MiB/s ETA 00:37 (frag 16/93)
[download]  17.3% of ~ 346.16MiB at   11.46MiB/s ETA 00:37 (frag 16/93)
[download]  17.3% of ~ 346.17MiB at   11.46MiB/s ETA 00:37 (frag 16/93)
[download]  17.3% of ~ 346.19MiB at   11.46MiB/s ETA 00:37 (frag 16/93)
[download]  17.3% of ~ 346.23MiB at   11.46MiB/s ETA 00:37 (frag 16/93)
[download]  17.3% of ~ 346.32MiB at   11.46MiB/s ETA 00:37 (frag 16/93)
[download]  17.4% of ~ 346.00MiB at   11.46MiB/s ETA 00:37 (frag 16/93)
[download]  17.3% of ~ 347.86MiB at   11.46MiB/s ETA 00:37 (frag 16/93)
[download]  17.3% of ~ 348.20MiB at   11.56MiB/s ETA 00:35 (frag 16/93)
[download]  17.5% of ~ 347.89MiB at   11.56MiB/s ETA 00:35 (frag 16/93)
[download]  17.4% of ~ 349.88MiB at   11.71MiB/s ETA 00:34 (frag 16/93)
[download]  17.4% of ~ 349.88MiB at   11.71MiB/s ETA 00:34 (frag 16/93)
[download]  17.4% of ~ 349.89MiB at   11.71MiB/s ETA 00:34 (frag 16/93)
[download]  17.4% of ~ 349.91MiB at   11.71MiB/s ETA 00:34 (frag 16/93)
[download]  17.4% of ~ 349.96MiB at   11.71MiB/s ETA 00:34 (frag 16/93)
[download]  17.4% of ~ 350.04MiB at   11.71MiB/s ETA 00:34 (frag 16/93)
[download]  17.4% of ~ 350.21MiB at   11.71MiB/s ETA 00:34 (frag 16/93)
[download]  17.1% of ~ 360.81MiB at   11.70MiB/s ETA 00:33 (frag 16/93)
[download]  17.4% of ~ 357.48MiB at   11.70MiB/s ETA 00:33 (frag 16/93)
[download]  17.0% of ~ 367.37MiB at   11.70MiB/s ETA 00:33 (frag 16/93)
[download]  16.9% of ~ 368.42MiB at   11.70MiB/s ETA 00:33 (frag 17/93)
[download]  18.5% of ~ 339.45MiB at   11.70MiB/s ETA 00:33 (frag 17/93)
[download]  18.5% of ~ 340.84MiB at   11.70MiB/s ETA 00:33 (frag 17/93)
[download]  18.4% of ~ 342.57MiB at   11.70MiB/s ETA 00:33 (frag 17/93)
[download]  18.4% of ~ 342.58MiB at   11.70MiB/s ETA 00:33 (frag 17/93)
[download]  18.4% of ~ 342.59MiB at   11.70MiB/s ETA 00:33 (frag 17/93)
[download]  18.4% of ~ 342.61MiB at   11.73MiB/s ETA 00:32 (frag 17/93)
[download]  18.4% of ~ 342.65MiB at   11.73MiB/s ETA 00:32 (frag 17/93)
[download]  18.4% of ~ 342.73MiB at   11.73MiB/s ETA 00:32 (frag 17/93)
[download]  18.4% of ~ 342.89MiB at   11.73MiB/s ETA 00:32 (frag 17/93)
[download]  18.4% of ~ 343.22MiB at   11.73MiB/s ETA 00:32 (frag 17/93)
[download]  18.7% of ~ 343.48MiB at   11.73MiB/s ETA 00:32 (frag 17/93)
[download]  18.5% of ~ 349.03MiB at   11.82MiB/s ETA 00:31 (frag 17/93)
[download]  18.5% of ~ 350.88MiB at   11.82MiB/s ETA 00:31 (frag 17/93)
[download]  18.5% of ~ 351.81MiB at   11.82MiB/s ETA 00:31 (frag 17/93)
[download]  18.6% of ~ 353.11MiB at   12.05MiB/s ETA 00:30 (frag 17/93)
[download]  18.5% of ~ 355.71MiB at   12.05MiB/s ETA 00:30 (frag 17/93)
[download]  18.5% of ~ 355.72MiB at   12.05MiB/s ETA 00:30 (frag 17/93)
[download]  18.5% of ~ 355.73MiB at   12.05MiB/s ETA 00:30 (frag 17/93)
[download]  18.5% of ~ 355.75MiB at   12.05MiB/s ETA 00:30 (frag 17/93)
[download]  18.5% of ~ 355.79MiB at   12.05MiB/s ETA 00:30 (frag 17/93)
[download]  18.5% of ~ 355.87MiB at   12.05MiB/s ETA 00:30 (frag 17/93)
[download]  18.6% of ~ 357.10MiB at   12.05MiB/s ETA 00:30 (frag 17/93)
[download]  18.8% of ~ 359.30MiB at   12.31MiB/s ETA 00:30 (frag 17/93)
[download]  18.5% of ~ 365.32MiB at   12.31MiB/s ETA 00:30 (frag 17/93)
[download]  18.5% of ~ 366.33MiB at   12.31MiB/s ETA 00:30 (frag 18/93)
[download]  19.8% of ~ 346.38MiB at   12.31MiB/s ETA 00:30 (frag 18/93)
[download]  19.6% of ~ 351.29MiB at   12.31MiB/s ETA 00:30 (frag 18/93)
[download]  19.7% of ~ 353.44MiB at   12.49MiB/s ETA 00:29 (frag 18/93)
[download]  19.8% of ~ 357.91MiB at   12.49MiB/s ETA 00:29 (frag 18/93)
[download]  19.8% of ~ 362.71MiB at   12.81MiB/s ETA 00:28 (frag 18/93)
[download]  19.9% of ~ 366.57MiB at   12.81MiB/s ETA 00:28 (frag 18/93)
[download]  19.6% of ~ 372.25MiB at   12.81MiB/s ETA 00:28 (frag 19/93)
[download]  20.7% of ~ 353.66MiB at   13.07MiB/s ETA 00:27 (frag 19/93)
[download]  20.6% of ~ 355.49MiB at   13.10MiB/s ETA 00:27 (frag 19/93)
[download]  20.6% of ~ 355.49MiB at   13.10MiB/s ETA 00:27 (frag 19/93)
[download]  20.6% of ~ 355.50MiB at   13.10MiB/s ETA 00:27 (frag 19/93)
[download]  20.6% of ~ 355.52MiB at   13.10MiB/s ETA 00:27 (frag 19/93)
[download]  20.6% of ~ 355.55MiB at   13.10MiB/s ETA 00:27 (frag 19/93)
[download]  20.6% of ~ 355.63MiB at   13.10MiB/s ETA 00:27 (frag 19/93)
[download]  20.6% of ~ 355.77MiB at   13.10MiB/s ETA 00:27 (frag 19/93)
[download]  20.6% of ~ 356.06MiB at   13.10MiB/s ETA 00:27 (frag 19/93)
[download]  20.9% of ~ 357.44MiB at   13.10MiB/s ETA 00:27 (frag 19/93)
[download]  20.6% of ~ 364.33MiB at   13.10MiB/s ETA 00:27 (frag 20/93)
[download]  22.0% of ~ 346.50MiB at   13.10MiB/s ETA 00:27 (frag 20/93)
[download]  21.6% of ~ 352.58MiB at   13.10MiB/s ETA 00:27 (frag 21/93)
[download]  23.1% of ~ 336.63MiB at   13.10MiB/s ETA 00:27 (frag 21/93)
[download]  22.7% of ~ 342.51MiB at   13.10MiB/s ETA 00:27 (frag 22/93)
[download]  23.9% of ~ 326.71MiB at   13.60MiB/s ETA 00:26 (frag 22/93)
[download]  23.8% of ~ 329.31MiB at   13.60MiB/s ETA 00:26 (frag 22/93)
[download]  23.7% of ~ 330.53MiB at   13.60MiB/s ETA 00:26 (frag 22/93)
[download]  23.7% of ~ 330.54MiB at   13.60MiB/s ETA 00:26 (frag 22/93)
[download]  23.7% of ~ 330.55MiB at   13.60MiB/s ETA 00:26 (frag 22/93)
[download]  23.7% of ~ 330.56MiB at   13.60MiB/s ETA 00:26 (frag 22/93)
[download]  23.7% of ~ 330.59MiB at   13.60MiB/s ETA 00:26 (frag 22/93)
[download]  23.7% of ~ 330.66MiB at   13.60MiB/s ETA 00:26 (frag 22/93)
[download]  23.7% of ~ 330.78MiB at   13.93MiB/s ETA 00:25 (frag 22/93)
[download]  23.8% of ~ 331.04MiB at   13.93MiB/s ETA 00:25 (frag 22/93)
[download]  23.9% of ~ 331.32MiB at   14.07MiB/s ETA 00:24 (frag 22/93)
[download]  23.8% of ~ 333.56MiB at   14.05MiB/s ETA 00:23 (frag 22/93)
[download]  23.7% of ~ 334.48MiB at   14.05MiB/s ETA 00:23 (frag 22/93)
[download]  23.7% of ~ 334.49MiB at   14.05MiB/s ETA 00:23 (frag 22/93)
[download]  23.7% of ~ 334.49MiB at   14.05MiB/s ETA 00:23 (frag 22/93)
[download]  23.7% of ~ 334.51MiB at   14.05MiB/s ETA 00:23 (frag 22/93)
[download]  23.7% of ~ 334.54MiB at   14.05MiB/s ETA 00:23 (frag 22/93)
[download]  24.1% of ~ 333.90MiB at   14.05MiB/s ETA 00:23 (frag 22/93)
[download]  23.7% of ~ 338.91MiB at   14.20MiB/s ETA 00:23 (frag 22/93)
[download]  23.7% of ~ 338.92MiB at   14.20MiB/s ETA 00:23 (frag 22/93)
[download]  23.7% of ~ 338.93MiB at   14.20MiB/s ETA 00:23 (frag 22/93)
[download]  23.7% of ~ 338.94MiB at   14.20MiB/s ETA 00:23 (frag 22/93)
[download]  23.7% of ~ 338.97MiB at   14.20MiB/s ETA 00:23 (frag 22/93)
[download]  23.7% of ~ 339.04MiB at   14.20MiB/s ETA 00:23 (frag 22/93)
[download]  23.8% of ~ 338.90MiB at   14.20MiB/s ETA 00:23 (frag 22/93)
[download]  23.8% of ~ 339.02MiB at   14.20MiB/s ETA 00:23 (frag 22/93)
[download]  23.7% of ~ 339.54MiB at   14.20MiB/s ETA 00:23 (frag 22/93)
[download]  23.9% of ~ 339.62MiB at   14.20MiB/s ETA 00:23 (frag 22/93)
[download]  23.6% of ~ 343.23MiB at   14.20MiB/s ETA 00:23 (frag 22/93)
[download]  23.6% of ~ 343.24MiB at   14.20MiB/s ETA 00:23 (frag 22/93)
[download]  23.6% of ~ 343.24MiB at   14.20MiB/s ETA 00:23 (frag 22/93)
[download]  23.6% of ~ 343.26MiB at   14.20MiB/s ETA 00:23 (frag 22/93)
[download]  23.6% of ~ 343.29MiB at   14.20MiB/s ETA 00:23 (frag 22/93)
[download]  23.8% of ~ 341.67MiB at   14.20MiB/s ETA 00:23 (frag 22/93)
[download]  23.6% of ~ 343.86MiB at   14.20MiB/s ETA 00:23 (frag 22/93)
[download]  23.7% of ~ 343.99MiB at   14.20MiB/s ETA 00:23 (frag 22/93)
[download]  23.7% of ~ 344.24MiB at   14.20MiB/s ETA 00:23 (frag 22/93)
[download]  24.1% of ~ 342.94MiB at   14.43MiB/s ETA 00:22 (frag 22/93)
[download]  23.8% of ~ 347.37MiB at   14.43MiB/s ETA 00:22 (frag 22/93)
[download]  23.8% of ~ 347.61MiB at   14.58MiB/s ETA 00:22 (frag 22/93)
[download]  23.7% of ~ 350.31MiB at   14.58MiB/s ETA 00:22 (frag 22/93)
[download]  24.2% of ~ 349.51MiB at   14.70MiB/s ETA 00:21 (frag 22/93)
[download]  23.8% of ~ 354.80MiB at   14.70MiB/s ETA 00:21 (frag 23/93)
[download]  24.9% of ~ 341.75MiB at   14.70MiB/s ETA 00:21 (frag 23/93)
[download]  25.2% of ~ 341.40MiB at   14.70MiB/s ETA 00:21 (frag 23/93)
[download]  24.9% of ~ 345.92MiB at   14.70MiB/s ETA 00:21 (frag 24/93)
[download]  25.9% of ~ 332.97MiB at   14.84MiB/s ETA 00:21 (frag 24/93)
[download]  26.0% of ~ 333.65MiB at   14.84MiB/s ETA 00:21 (frag 24/93)
[download]  26.2% of ~ 335.60MiB at   14.84MiB/s ETA 00:21 (frag 24/93)
[download]  26.0% of ~ 339.48MiB at   14.89MiB/s ETA 00:20 (frag 24/93)
[download]  26.1% of ~ 342.64MiB at   14.89MiB/s ETA 00:20 (frag 24/93)
[download]  26.0% of ~ 343.89MiB at   15.00MiB/s ETA 00:20 (frag 24/93)
[download]  26.0% of ~ 343.89MiB at   15.00MiB/s ETA 00:20 (frag 24/93)
[download]  26.0% of ~ 343.90MiB at   15.00MiB/s ETA 00:20 (frag 24/93)
[download]  26.0% of ~ 343.91MiB at   15.00MiB/s ETA 00:20 (frag 24/93)
[download]  26.0% of ~ 343.94MiB at   15.00MiB/s ETA 00:20 (frag 24/93)
[download]  26.2% of ~ 344.93MiB at   15.15MiB/s ETA 00:19 (frag 24/93)
[download]  26.0% of ~ 347.72MiB at   15.15MiB/s ETA 00:19 (frag 24/93)
[download]  25.9% of ~ 348.99MiB at   15.15MiB/s ETA 00:19 (frag 24/93)
[download]  26.0% of ~ 347.84MiB at   15.15MiB/s ETA 00:19 (frag 24/93)
[download]  25.9% of ~ 354.29MiB at   15.15MiB/s ETA 00:19 (frag 24/93)
[download]  26.3% of ~ 349.08MiB at   15.15MiB/s ETA 00:19 (frag 24/93)
[download]  25.9% of ~ 354.30MiB at   15.15MiB/s ETA 00:19 (frag 24/93)
[download]  26.0% of ~ 353.16MiB at   15.15MiB/s ETA 00:19 (frag 24/93)
[download]  25.9% of ~ 354.78MiB at   15.15MiB/s ETA 00:19 (frag 24/93)
[download]  25.9% of ~ 354.67MiB at   15.15MiB/s ETA 00:19 (frag 25/93)
[download]  27.0% of ~ 341.16MiB at   15.15MiB/s ETA 00:19 (frag 25/93)
[download]  27.0% of ~ 341.21MiB at   15.15MiB/s ETA 00:19 (frag 25/93)
[download]  27.0% of ~ 341.33MiB at   15.15MiB/s ETA 00:19 (frag 25/93)
[download]  27.3% of ~ 341.57MiB at   15.15MiB/s ETA 00:19 (frag 25/93)
[download]  27.0% of ~ 345.13MiB at   15.15MiB/s ETA 00:19 (frag 25/93)
[download]  27.4% of ~ 346.85MiB at   15.67MiB/s ETA 00:19 (frag 25/93)
[download]  26.9% of ~ 353.13MiB at   15.67MiB/s ETA 00:19 (frag 26/93)
[download]  28.2% of ~ 337.75MiB at   15.67MiB/s ETA 00:19 (frag 26/93)
[download]  28.4% of ~ 339.47MiB at   16.06MiB/s ETA 00:18 (frag 26/93)
[download]  28.1% of ~ 344.09MiB at   16.06MiB/s ETA 00:18 (frag 27/93)
[download]  29.5% of ~ 332.02MiB at   16.25MiB/s ETA 00:18 (frag 27/93)
[download]  29.1% of ~ 336.68MiB at   16.25MiB/s ETA 00:18 (frag 28/93)
[download]  30.1% of ~ 325.04MiB at   16.25MiB/s ETA 00:17 (frag 28/93)
[download]  30.1% of ~ 325.04MiB at   16.25MiB/s ETA 00:17 (frag 28/93)
[download]  30.1% of ~ 325.05MiB at   16.25MiB/s ETA 00:17 (frag 28/93)
[download]  30.1% of ~ 325.06MiB at   16.25MiB/s ETA 00:17 (frag 28/93)
[download]  30.1% of ~ 325.08MiB at   16.25MiB/s ETA 00:17 (frag 28/93)
[download]  30.1% of ~ 325.13MiB at   16.25MiB/s ETA 00:17 (frag 28/93)
[download]  30.2% of ~ 325.23MiB at   16.25MiB/s ETA 00:17 (frag 28/93)
[download]  30.2% of ~ 325.43MiB at   16.25MiB/s ETA 00:17 (frag 28/93)
[download]  30.4% of ~ 324.86MiB at   16.25MiB/s ETA 00:17 (frag 28/93)
[download]  30.2% of ~ 327.46MiB at   16.17MiB/s ETA 00:17 (frag 28/93)
[download]  30.1% of ~ 328.33MiB at   16.17MiB/s ETA 00:17 (frag 28/93)
[download]  30.1% of ~ 328.34MiB at   16.17MiB/s ETA 00:17 (frag 28/93)
[download]  30.1% of ~ 328.34MiB at   16.17MiB/s ETA 00:17 (frag 28/93)
[download]  30.1% of ~ 328.36MiB at   16.17MiB/s ETA 00:17 (frag 28/93)
[download]  30.1% of ~ 328.38MiB at   16.17MiB/s ETA 00:17 (frag 28/93)
[download]  30.2% of ~ 328.43MiB at   16.17MiB/s ETA 00:17 (frag 28/93)
[download]  30.2% of ~ 328.53MiB at   16.17MiB/s ETA 00:17 (frag 28/93)
[download]  30.2% of ~ 328.73MiB at   16.17MiB/s ETA 00:17 (frag 28/93)
[download]  30.3% of ~ 329.06MiB at   16.03MiB/s ETA 00:17 (frag 28/93)
[download]  30.2% of ~ 330.61MiB at   16.03MiB/s ETA 00:17 (frag 28/93)
[download]  30.2% of ~ 330.62MiB at   16.03MiB/s ETA 00:17 (frag 28/93)
[download]  30.2% of ~ 330.62MiB at   16.03MiB/s ETA 00:17 (frag 28/93)
[download]  30.2% of ~ 330.64MiB at   16.03MiB/s ETA 00:17 (frag 28/93)
[download]  30.2% of ~ 330.73MiB at   15.84MiB/s ETA 00:17 (frag 28/93)
[download]  30.2% of ~ 330.74MiB at   15.84MiB/s ETA 00:17 (frag 28/93)
[download]  30.2% of ~ 330.74MiB at   15.84MiB/s ETA 00:17 (frag 28/93)
[download]  30.2% of ~ 330.76MiB at   15.84MiB/s ETA 00:17 (frag 28/93)
[download]  30.2% of ~ 330.78MiB at   15.84MiB/s ETA 00:17 (frag 28/93)
[download]  30.2% of ~ 330.83MiB at   15.45MiB/s ETA 00:16 (frag 28/93)
[download]  30.2% of ~ 330.93MiB at   15.45MiB/s ETA 00:16 (frag 28/93)
[download]  30.2% of ~ 331.13MiB at   15.45MiB/s ETA 00:16 (frag 28/93)
[download]  30.2% of ~ 331.58MiB at   15.22MiB/s ETA 00:16 (frag 28/93)
[download]  30.2% of ~ 332.26MiB at   14.89MiB/s ETA 00:16 (frag 28/93)
[download]  30.2% of ~ 332.31MiB at   14.89MiB/s ETA 00:16 (frag 28/93)
[download]  30.2% of ~ 332.41MiB at   14.89MiB/s ETA 00:16 (frag 28/93)
[download]  30.6% of ~ 331.67MiB at   14.89MiB/s ETA 00:16 (frag 28/93)
[download]  30.2% of ~ 335.82MiB at   14.70MiB/s ETA 00:16 (frag 28/93)
[download]  30.3% of ~ 336.34MiB at   14.70MiB/s ETA 00:16 (frag 28/93)
[download]  30.2% of ~ 337.90MiB at   14.70MiB/s ETA 00:16 (frag 28/93)
[download]  30.5% of ~ 338.67MiB at   14.70MiB/s ETA 00:16 (frag 28/93)
[download]  30.3% of ~ 341.86MiB at   14.70MiB/s ETA 00:16 (frag 28/93)
[download]  30.3% of ~ 342.71MiB at   14.70MiB/s ETA 00:16 (frag 28/93)
[download]  30.3% of ~ 344.27MiB at   14.70MiB/s ETA 00:16 (frag 28/93)
[download]  30.3% of ~ 345.81MiB at   14.70MiB/s ETA 00:16 (frag 28/93)
[download]  30.5% of ~ 346.64MiB at   14.80MiB/s ETA 00:16 (frag 28/93)
[download]  30.4% of ~ 349.75MiB at   14.80MiB/s ETA 00:16 (frag 28/93)
[download]  30.5% of ~ 351.48MiB at   14.80MiB/s ETA 00:16 (frag 28/93)
[download]  30.6% of ~ 353.62MiB at   14.80MiB/s ETA 00:16 (frag 28/93)
[download]  30.3% of ~ 357.11MiB at   14.80MiB/s ETA 00:16 (frag 29/93)
[download]  31.6% of ~ 346.19MiB at   15.07MiB/s ETA 00:16 (frag 29/93)
[download]  31.7% of ~ 349.25MiB at   15.07MiB/s ETA 00:16 (frag 29/93)
[download]  31.3% of ~ 353.66MiB at   15.07MiB/s ETA 00:16 (frag 30/93)
[download]  32.7% of ~ 342.27MiB at   15.52MiB/s ETA 00:16 (frag 30/93)
[download]  32.4% of ~ 346.47MiB at   15.52MiB/s ETA 00:16 (frag 31/93)
[download]  33.8% of ~ 335.71MiB at   15.52MiB/s ETA 00:16 (frag 31/93)
[download]  33.4% of ~ 339.84MiB at   15.52MiB/s ETA 00:16 (frag 32/93)
[download]  34.8% of ~ 329.44MiB at   15.52MiB/s ETA 00:16 (frag 32/93)
[download]  34.6% of ~ 331.38MiB at   15.85MiB/s ETA 00:15 (frag 32/93)
[download]  34.6% of ~ 331.38MiB at   15.85MiB/s ETA 00:15 (frag 32/93)
[download]  34.6% of ~ 331.38MiB at   15.85MiB/s ETA 00:15 (frag 32/93)
[download]  34.6% of ~ 331.40MiB at   15.85MiB/s ETA 00:15 (frag 32/93)
[download]  34.6% of ~ 331.42MiB at   15.85MiB/s ETA 00:15 (frag 32/93)
[download]  34.6% of ~ 331.46MiB at   15.85MiB/s ETA 00:15 (frag 32/93)
[download]  34.6% of ~ 331.55MiB at   15.85MiB/s ETA 00:15 (frag 32/93)
[download]  34.6% of ~ 331.73MiB at   15.85MiB/s ETA 00:15 (frag 32/93)
[download]  34.9% of ~ 332.96MiB at   16.03MiB/s ETA 00:15 (frag 32/93)
[download]  34.5% of ~ 336.86MiB at   16.03MiB/s ETA 00:15 (frag 33/93)
[download]  35.6% of ~ 326.33MiB at   16.03MiB/s ETA 00:15 (frag 33/93)
[download]  35.6% of ~ 326.34MiB at   16.03MiB/s ETA 00:15 (frag 33/93)
[download]  35.6% of ~ 326.34MiB at   16.03MiB/s ETA 00:15 (frag 33/93)
[download]  35.6% of ~ 326.35MiB at   16.03MiB/s ETA 00:15 (frag 33/93)
[download]  35.6% of ~ 326.37MiB at   16.03MiB/s ETA 00:15 (frag 33/93)
[download]  35.6% of ~ 326.42MiB at   16.03MiB/s ETA 00:15 (frag 33/93)
[download]  35.9% of ~ 327.18MiB at   16.03MiB/s ETA 00:15 (frag 33/93)
[download]  35.6% of ~ 330.35MiB at   16.03MiB/s ETA 00:15 (frag 33/93)
[download]  35.5% of ~ 331.20MiB at   16.03MiB/s ETA 00:15 (frag 34/93)
[download]  36.6% of ~ 321.72MiB at   16.17MiB/s ETA 00:15 (frag 34/93)
[download]  36.6% of ~ 321.72MiB at   16.17MiB/s ETA 00:15 (frag 34/93)
[download]  36.6% of ~ 321.73MiB at   16.17MiB/s ETA 00:15 (frag 34/93)
[download]  36.6% of ~ 321.74MiB at   16.17MiB/s ETA 00:15 (frag 34/93)
[download]  36.6% of ~ 321.76MiB at   16.17MiB/s ETA 00:15 (frag 34/93)
[download]  36.6% of ~ 321.80MiB at   16.17MiB/s ETA 00:15 (frag 34/93)
[download]  36.7% of ~ 321.24MiB at   16.17MiB/s ETA 00:15 (frag 34/93)
[download]  36.8% of ~ 321.35MiB at   16.17MiB/s ETA 00:15 (frag 34/93)
[download]  36.6% of ~ 322.88MiB at   16.17MiB/s ETA 00:15 (frag 34/93)
[download]  36.6% of ~ 323.05MiB at   16.17MiB/s ETA 00:15 (frag 34/93)
[download]  36.6% of ~ 322.96MiB at   16.17MiB/s ETA 00:15 (frag 34/93)
[download]  36.6% of ~ 322.96MiB at   16.17MiB/s ETA 00:15 (frag 34/93)
[download]  36.6% of ~ 322.96MiB at   16.17MiB/s ETA 00:15 (frag 34/93)
[download]  36.6% of ~ 322.97MiB at   16.17MiB/s ETA 00:15 (frag 34/93)
[download]  36.6% of ~ 323.00MiB at   16.17MiB/s ETA 00:15 (frag 34/93)
[download]  36.6% of ~ 323.04MiB at   16.17MiB/s ETA 00:15 (frag 34/93)
[download]  36.7% of ~ 323.12MiB at   16.24MiB/s ETA 00:15 (frag 34/93)
[download]  36.7% of ~ 323.29MiB at   16.24MiB/s ETA 00:15 (frag 34/93)
[download]  36.7% of ~ 323.40MiB at   16.10MiB/s ETA 00:14 (frag 34/93)
[download]  36.8% of ~ 323.83MiB at   16.10MiB/s ETA 00:14 (frag 34/93)
[download]  36.7% of ~ 326.03MiB at   16.10MiB/s ETA 00:14 (frag 34/93)
[download]  36.7% of ~ 326.28MiB at   16.09MiB/s ETA 00:14 (frag 34/93)
[download]  36.6% of ~ 326.97MiB at   15.95MiB/s ETA 00:14 (frag 34/93)
[download]  36.6% of ~ 326.98MiB at   15.95MiB/s ETA 00:14 (frag 34/93)
[download]  36.6% of ~ 326.98MiB at   15.95MiB/s ETA 00:14 (frag 34/93)
[download]  36.8% of ~ 326.74MiB at   15.95MiB/s ETA 00:14 (frag 34/93)
[download]  36.6% of ~ 328.32MiB at   15.95MiB/s ETA 00:14 (frag 34/93)
[download]  36.6% of ~ 328.34MiB at   15.95MiB/s ETA 00:14 (frag 34/93)
[download]  36.7% of ~ 328.38MiB at   15.95MiB/s ETA 00:14 (frag 34/93)
[download]  36.8% of ~ 328.85MiB at   15.95MiB/s ETA 00:14 (frag 34/93)
[download]  36.7% of ~ 329.79MiB at   15.95MiB/s ETA 00:14 (frag 34/93)
[download]  36.5% of ~ 331.06MiB at   15.51MiB/s ETA 00:14 (frag 34/93)
[download]  36.5% of ~ 331.06MiB at   15.51MiB/s ETA 00:14 (frag 34/93)
[download]  36.5% of ~ 331.06MiB at   15.51MiB/s ETA 00:14 (frag 34/93)
[download]  36.5% of ~ 331.07MiB at   15.51MiB/s ETA 00:14 (frag 34/93)
[download]  36.5% of ~ 331.09MiB at   15.51MiB/s ETA 00:14 (frag 34/93)
[download]  36.5% of ~ 331.14MiB at   15.51MiB/s ETA 00:14 (frag 34/93)
[download]  36.5% of ~ 331.22MiB at   15.51MiB/s ETA 00:14 (frag 34/93)
[download]  36.6% of ~ 331.38MiB at   15.51MiB/s ETA 00:14 (frag 34/93)
[download]  37.0% of ~ 330.14MiB at   15.51MiB/s ETA 00:14 (frag 34/93)
[download]  36.8% of ~ 333.25MiB at   15.51MiB/s ETA 00:14 (frag 34/93)
[download]  37.0% of ~ 334.35MiB at   15.42MiB/s ETA 00:14 (frag 34/93)
[download]  36.7% of ~ 337.27MiB at   15.31MiB/s ETA 00:14 (frag 34/93)
[download]  36.7% of ~ 337.60MiB at   15.15MiB/s ETA 00:14 (frag 34/93)
[download]  36.6% of ~ 339.36MiB at   15.15MiB/s ETA 00:14 (frag 34/93)
[download]  37.0% of ~ 338.67MiB at   14.90MiB/s ETA 00:14 (frag 34/93)
[download]  36.7% of ~ 341.75MiB at   14.90MiB/s ETA 00:14 (frag 35/93)
[download]  37.9% of ~ 332.50MiB at   14.83MiB/s ETA 00:14 (frag 35/93)
[download]  38.0% of ~ 333.76MiB at   14.83MiB/s ETA 00:14 (frag 35/93)
[download]  37.8% of ~ 337.44MiB at   14.83MiB/s ETA 00:14 (frag 35/93)
[download]  38.0% of ~ 337.67MiB at   14.68MiB/s ETA 00:14 (frag 35/93)
[download]  38.1% of ~ 339.78MiB at   14.68MiB/s ETA 00:14 (frag 35/93)
[download]  37.8% of ~ 342.55MiB at   14.68MiB/s ETA 00:14 (frag 36/93)
[download]  39.1% of ~ 334.12MiB at   14.68MiB/s ETA 00:14 (frag 36/93)
[download]  39.0% of ~ 337.30MiB at   14.68MiB/s ETA 00:14 (frag 36/93)
[download]  38.9% of ~ 338.41MiB at   14.81MiB/s ETA 00:14 (frag 36/93)
[download]  38.9% of ~ 338.41MiB at   14.81MiB/s ETA 00:14 (frag 36/93)
[download]  38.9% of ~ 338.42MiB at   14.81MiB/s ETA 00:14 (frag 36/93)
[download]  38.9% of ~ 338.43MiB at   14.81MiB/s ETA 00:14 (frag 36/93)
[download]  38.9% of ~ 338.45MiB at   14.81MiB/s ETA 00:14 (frag 36/93)
[download]  38.9% of ~ 338.49MiB at   14.81MiB/s ETA 00:14 (frag 36/93)
[download]  39.2% of ~ 338.93MiB at   14.81MiB/s ETA 00:14 (frag 36/93)
[download]  38.8% of ~ 342.09MiB at   14.81MiB/s ETA 00:14 (frag 37/93)
[download]  39.9% of ~ 332.73MiB at   14.81MiB/s ETA 00:14 (frag 37/93)
[download]  40.2% of ~ 333.59MiB at   14.81MiB/s ETA 00:14 (frag 37/93)
[download]  40.3% of ~ 336.18MiB at   14.81MiB/s ETA 00:14 (frag 37/93)
[download]  40.0% of ~ 338.89MiB at   14.81MiB/s ETA 00:14 (frag 37/93)
[download]  39.9% of ~ 339.52MiB at   14.81MiB/s ETA 00:14 (frag 38/93)
[download]  41.0% of ~ 331.20MiB at   14.81MiB/s ETA 00:14 (frag 38/93)
[download]  40.9% of ~ 331.64MiB at   14.81MiB/s ETA 00:14 (frag 39/93)
[download]  42.4% of ~ 323.96MiB at   15.24MiB/s ETA 00:14 (frag 39/93)
[download]  41.9% of ~ 327.84MiB at   15.24MiB/s ETA 00:14 (frag 40/93)
[download]  43.2% of ~ 318.57MiB at   15.24MiB/s ETA 00:14 (frag 40/93)
[download]  43.0% of ~ 319.84MiB at   15.41MiB/s ETA 00:13 (frag 40/93)
[download]  43.0% of ~ 319.84MiB at   15.41MiB/s ETA 00:13 (frag 40/93)
[download]  43.0% of ~ 319.85MiB at   15.41MiB/s ETA 00:13 (frag 40/93)
[download]  43.0% of ~ 319.85MiB at   15.41MiB/s ETA 00:13 (frag 40/93)
[download]  43.0% of ~ 319.87MiB at   15.41MiB/s ETA 00:13 (frag 40/93)
[download]  43.0% of ~ 319.91MiB at   15.41MiB/s ETA 00:13 (frag 40/93)
[download]  43.0% of ~ 319.98MiB at   15.41MiB/s ETA 00:13 (frag 40/93)
[download]  43.1% of ~ 320.12MiB at   15.41MiB/s ETA 00:13 (frag 40/93)
[download]  43.1% of ~ 319.45MiB at   15.12MiB/s ETA 00:13 (frag 40/93)
[download]  43.1% of ~ 319.45MiB at   15.12MiB/s ETA 00:13 (frag 40/93)
[download]  43.2% of ~ 319.46MiB at   15.12MiB/s ETA 00:13 (frag 40/93)
[download]  43.2% of ~ 319.46MiB at   15.12MiB/s ETA 00:13 (frag 40/93)
[download]  43.2% of ~ 319.48MiB at   15.12MiB/s ETA 00:13 (frag 40/93)
[download]  43.2% of ~ 319.52MiB at   15.12MiB/s ETA 00:13 (frag 40/93)
[download]  43.3% of ~ 319.84MiB at   15.12MiB/s ETA 00:13 (frag 40/93)
[download]  43.2% of ~ 320.72MiB at   15.12MiB/s ETA 00:13 (frag 40/93)
[download]  43.1% of ~ 320.91MiB at   15.12MiB/s ETA 00:13 (frag 40/93)
[download]  43.1% of ~ 320.92MiB at   15.12MiB/s ETA 00:13 (frag 40/93)
[download]  43.1% of ~ 320.92MiB at   15.12MiB/s ETA 00:13 (frag 40/93)
[download]  43.1% of ~ 320.93MiB at   15.12MiB/s ETA 00:13 (frag 40/93)
[download]  43.2% of ~ 320.95MiB at   15.12MiB/s ETA 00:13 (frag 40/93)
[download]  43.2% of ~ 320.98MiB at   15.12MiB/s ETA 00:13 (frag 40/93)
[download]  43.2% of ~ 321.00MiB at   15.12MiB/s ETA 00:13 (frag 40/93)
[download]  43.0% of ~ 322.64MiB at   15.12MiB/s ETA 00:13 (frag 40/93)
[download]  43.2% of ~ 321.34MiB at   15.12MiB/s ETA 00:13 (frag 40/93)
[download]  43.0% of ~ 322.79MiB at   15.12MiB/s ETA 00:13 (frag 40/93)
[download]  43.0% of ~ 322.79MiB at   15.12MiB/s ETA 00:13 (frag 40/93)
[download]  43.0% of ~ 322.80MiB at   15.12MiB/s ETA 00:13 (frag 40/93)
[download]  43.0% of ~ 322.82MiB at   15.12MiB/s ETA 00:13 (frag 40/93)
[download]  43.0% of ~ 322.85MiB at   15.12MiB/s ETA 00:13 (frag 40/93)
[download]  43.2% of ~ 321.62MiB at   14.89MiB/s ETA 00:13 (frag 40/93)
[download]  43.0% of ~ 323.21MiB at   14.89MiB/s ETA 00:13 (frag 40/93)
[download]  43.1% of ~ 322.95MiB at   14.89MiB/s ETA 00:13 (frag 40/93)
[download]  43.0% of ~ 323.92MiB at   14.89MiB/s ETA 00:13 (frag 40/93)
[download]  43.1% of ~ 323.31MiB at   14.64MiB/s ETA 00:13 (frag 40/93)
[download]  43.1% of ~ 323.32MiB at   14.64MiB/s ETA 00:13 (frag 40/93)
[download]  43.1% of ~ 323.32MiB at   14.64MiB/s ETA 00:13 (frag 40/93)
[download]  43.1% of ~ 323.33MiB at   14.64MiB/s ETA 00:13 (frag 40/93)
[download]  43.1% of ~ 323.35MiB at   14.64MiB/s ETA 00:13 (frag 40/93)
[download]  43.1% of ~ 323.38MiB at   14.42MiB/s ETA 00:13 (frag 40/93)
[download]  43.1% of ~ 323.45MiB at   14.42MiB/s ETA 00:13 (frag 40/93)
[download]  43.1% of ~ 323.60MiB at   14.15MiB/s ETA 00:13 (frag 40/93)
[download]  43.2% of ~ 323.46MiB at   14.15MiB/s ETA 00:13 (frag 40/93)
[download]  43.2% of ~ 323.98MiB at   14.15MiB/s ETA 00:13 (frag 40/93)
[download]  43.1% of ~ 325.90MiB at   14.15MiB/s ETA 00:13 (frag 40/93)
[download]  43.3% of ~ 325.16MiB at   14.11MiB/s ETA 00:13 (frag 40/93)
[download]  43.2% of ~ 326.71MiB at   14.11MiB/s ETA 00:13 (frag 40/93)
[download]  43.2% of ~ 327.77MiB at   14.11MiB/s ETA 00:13 (frag 40/93)
[download]  43.4% of ~ 328.20MiB at   14.11MiB/s ETA 00:13 (frag 40/93)
[download]  43.3% of ~ 330.21MiB at   14.11MiB/s ETA 00:13 (frag 40/93)
[download]  43.2% of ~ 332.70MiB at   14.26MiB/s ETA 00:13 (frag 40/93)
[download]  43.3% of ~ 332.95MiB at   14.42MiB/s ETA 00:13 (frag 40/93)
[download]  43.5% of ~ 333.67MiB at   14.42MiB/s ETA 00:13 (frag 40/93)
[download]  43.5% of ~ 335.88MiB at   14.42MiB/s ETA 00:13 (frag 40/93)
[download]  43.4% of ~ 339.11MiB at   14.83MiB/s ETA 00:13 (frag 40/93)
[download]  43.3% of ~ 341.78MiB at   15.09MiB/s ETA 00:13 (frag 40/93)
[download]  43.5% of ~ 342.95MiB at   15.15MiB/s ETA 00:13 (frag 40/93)
[download]  43.2% of ~ 345.46MiB at   15.15MiB/s ETA 00:13 (frag 41/93)
[download]  44.6% of ~ 336.98MiB at   15.15MiB/s ETA 00:13 (frag 41/93)
[download]  44.3% of ~ 339.18MiB at   15.15MiB/s ETA 00:13 (frag 42/93)
[download]  45.6% of ~ 331.74MiB at   15.15MiB/s ETA 00:13 (frag 42/93)
[download]  45.6% of ~ 333.51MiB at   15.41MiB/s ETA 00:12 (frag 42/93)
[download]  45.3% of ~ 335.71MiB at   15.41MiB/s ETA 00:12 (frag 43/93)
[download]  46.7% of ~ 328.92MiB at   15.41MiB/s ETA 00:12 (frag 43/93)
[download]  46.3% of ~ 331.91MiB at   15.41MiB/s ETA 00:12 (frag 44/93)
[download]  47.8% of ~ 324.09MiB at   15.49MiB/s ETA 00:12 (frag 44/93)
[download]  47.4% of ~ 326.58MiB at   15.49MiB/s ETA 00:12 (frag 45/93)
[download]  48.8% of ~ 320.27MiB at   15.49MiB/s ETA 00:12 (frag 45/93)
[download]  48.4% of ~ 323.48MiB at   15.49MiB/s ETA 00:12 (frag 46/93)
[download]  49.6% of ~ 315.44MiB at   15.30MiB/s ETA 00:12 (frag 46/93)
[download]  49.6% of ~ 315.44MiB at   15.30MiB/s ETA 00:12 (frag 46/93)
[download]  49.6% of ~ 315.44MiB at   15.30MiB/s ETA 00:12 (frag 46/93)
[download]  49.6% of ~ 315.45MiB at   15.30MiB/s ETA 00:12 (frag 46/93)
[download]  49.6% of ~ 315.47MiB at   15.30MiB/s ETA 00:12 (frag 46/93)
[download]  49.6% of ~ 315.50MiB at   15.30MiB/s ETA 00:12 (frag 46/93)
[download]  49.6% of ~ 315.56MiB at   15.30MiB/s ETA 00:12 (frag 46/93)
[download]  49.6% of ~ 315.68MiB at   15.30MiB/s ETA 00:12 (frag 46/93)
[download]  49.5% of ~ 316.52MiB at   15.30MiB/s ETA 00:12 (frag 46/93)
[download]  49.5% of ~ 316.52MiB at   15.30MiB/s ETA 00:12 (frag 46/93)
[download]  49.5% of ~ 316.53MiB at   15.30MiB/s ETA 00:12 (frag 46/93)
[download]  49.5% of ~ 316.53MiB at   15.30MiB/s ETA 00:12 (frag 46/93)
[download]  49.5% of ~ 316.55MiB at   15.30MiB/s ETA 00:12 (frag 46/93)
[download]  49.5% of ~ 316.58MiB at   15.30MiB/s ETA 00:12 (frag 46/93)
[download]  49.5% of ~ 316.64MiB at   15.12MiB/s ETA 00:12 (frag 46/93)
[download]  49.5% of ~ 316.52MiB at   15.12MiB/s ETA 00:12 (frag 46/93)
[download]  49.5% of ~ 316.52MiB at   15.12MiB/s ETA 00:12 (frag 46/93)
[download]  49.5% of ~ 316.52MiB at   15.12MiB/s ETA 00:12 (frag 46/93)
[download]  49.5% of ~ 316.53MiB at   15.12MiB/s ETA 00:12 (frag 46/93)
[download]  49.5% of ~ 316.54MiB at   15.12MiB/s ETA 00:12 (frag 46/93)
[download]  49.5% of ~ 316.58MiB at   15.12MiB/s ETA 00:12 (frag 46/93)
[download]  49.6% of ~ 316.64MiB at   15.12MiB/s ETA 00:12 (frag 46/93)
[download]  49.5% of ~ 317.01MiB at   15.12MiB/s ETA 00:12 (frag 46/93)
[download]  49.5% of ~ 316.93MiB at   15.12MiB/s ETA 00:12 (frag 46/93)
[download]  49.5% of ~ 316.93MiB at   15.12MiB/s ETA 00:12 (frag 46/93)
[download]  49.6% of ~ 316.93MiB at   15.12MiB/s ETA 00:12 (frag 46/93)
[download]  49.6% of ~ 316.94MiB at   15.12MiB/s ETA 00:12 (frag 46/93)
[download]  49.6% of ~ 316.95MiB at   15.12MiB/s ETA 00:12 (frag 46/93)
[download]  49.6% of ~ 316.99MiB at   15.12MiB/s ETA 00:12 (frag 46/93)
[download]  49.6% of ~ 317.05MiB at   15.12MiB/s ETA 00:12 (frag 46/93)
[download]  49.6% of ~ 317.25MiB at   15.12MiB/s ETA 00:12 (frag 46/93)
[download]  49.6% of ~ 317.42MiB at   15.12MiB/s ETA 00:12 (frag 46/93)
[download]  49.6% of ~ 317.24MiB at   14.92MiB/s ETA 00:12 (frag 46/93)
[download]  49.6% of ~ 317.24MiB at   14.92MiB/s ETA 00:12 (frag 46/93)
[download]  49.6% of ~ 317.24MiB at   14.92MiB/s ETA 00:12 (frag 46/93)
[download]  49.6% of ~ 317.25MiB at   14.92MiB/s ETA 00:12 (frag 46/93)
[download]  49.6% of ~ 317.27MiB at   14.92MiB/s ETA 00:12 (frag 46/93)
[download]  49.6% of ~ 317.30MiB at   14.92MiB/s ETA 00:12 (frag 46/93)
[download]  49.6% of ~ 317.36MiB at   14.92MiB/s ETA 00:12 (frag 46/93)
[download]  49.6% of ~ 318.24MiB at   14.92MiB/s ETA 00:12 (frag 46/93)
[download]  49.7% of ~ 318.15MiB at   14.50MiB/s ETA 00:12 (frag 46/93)
[download]  49.5% of ~ 319.01MiB at   14.50MiB/s ETA 00:12 (frag 46/93)
[download]  49.5% of ~ 319.01MiB at   14.50MiB/s ETA 00:12 (frag 46/93)
[download]  49.5% of ~ 319.02MiB at   14.50MiB/s ETA 00:12 (frag 46/93)
[download]  49.5% of ~ 319.03MiB at   14.50MiB/s ETA 00:12 (frag 46/93)
[download]  49.6% of ~ 318.93MiB at   14.50MiB/s ETA 00:12 (frag 46/93)
[download]  49.5% of ~ 319.54MiB at   14.50MiB/s ETA 00:12 (frag 46/93)
[download]  49.5% of ~ 319.57MiB at   14.50MiB/s ETA 00:12 (frag 46/93)
[download]  49.6% of ~ 319.63MiB at   14.50MiB/s ETA 00:12 (frag 46/93)
[download]  49.6% of ~ 319.75MiB at   14.50MiB/s ETA 00:12 (frag 46/93)
[download]  49.7% of ~ 320.22MiB at   14.23MiB/s ETA 00:12 (frag 46/93)
[download]  49.8% of ~ 320.62MiB at   14.23MiB/s ETA 00:12 (frag 46/93)
[download]  49.7% of ~ 321.44MiB at   14.09MiB/s ETA 00:12 (frag 46/93)
[download]  49.6% of ~ 322.20MiB at   14.09MiB/s ETA 00:12 (frag 46/93)
[download]  49.7% of ~ 322.61MiB at   13.92MiB/s ETA 00:12 (frag 46/93)
[download]  49.7% of ~ 323.17MiB at   13.92MiB/s ETA 00:12 (frag 46/93)
[download]  49.7% of ~ 324.18MiB at   13.92MiB/s ETA 00:12 (frag 46/93)
[download]  49.6% of ~ 325.19MiB at   13.92MiB/s ETA 00:12 (frag 46/93)
[download]  49.8% of ~ 325.91MiB at   13.92MiB/s ETA 00:12 (frag 46/93)
[download]  49.9% of ~ 327.30MiB at   14.13MiB/s ETA 00:12 (frag 46/93)
[download]  49.9% of ~ 329.62MiB at   14.13MiB/s ETA 00:12 (frag 46/93)
[download]  49.7% of ~ 331.62MiB at   14.04MiB/s ETA 00:12 (frag 46/93)
[download]  49.8% of ~ 332.07MiB at   14.12MiB/s ETA 00:11 (frag 46/93)
[download]  49.9% of ~ 333.82MiB at   14.12MiB/s ETA 00:11 (frag 46/93)
[download]  49.6% of ~ 336.40MiB at   14.12MiB/s ETA 00:11 (frag 47/93)
[download]  51.0% of ~ 328.81MiB at   14.12MiB/s ETA 00:11 (frag 47/93)
[download]  50.7% of ~ 330.76MiB at   14.12MiB/s ETA 00:11 (frag 48/93)
[download]  52.1% of ~ 324.33MiB at   14.12MiB/s ETA 00:11 (frag 48/93)
[download]  51.7% of ~ 326.56MiB at   14.12MiB/s ETA 00:11 (frag 49/93)
[download]  53.1% of ~ 319.95MiB at   14.12MiB/s ETA 00:11 (frag 49/93)
[download]  53.2% of ~ 321.41MiB at   14.67MiB/s ETA 00:11 (frag 49/93)
[download]  53.1% of ~ 323.67MiB at   15.05MiB/s ETA 00:11 (frag 49/93)
[download]  52.8% of ~ 325.78MiB at   15.05MiB/s ETA 00:11 (frag 50/93)
[download]  54.2% of ~ 319.00MiB at   15.05MiB/s ETA 00:11 (frag 50/93)
[download]  53.9% of ~ 320.67MiB at   15.05MiB/s ETA 00:11 (frag 51/93)
[download]  55.2% of ~ 314.99MiB at   15.38MiB/s ETA 00:11 (frag 51/93)
[download]  54.9% of ~ 317.11MiB at   15.38MiB/s ETA 00:11 (frag 51/93)
[download]  54.9% of ~ 316.81MiB at   15.38MiB/s ETA 00:11 (frag 51/93)
[download]  54.9% of ~ 317.12MiB at   15.38MiB/s ETA 00:11 (frag 51/93)
[download]  54.9% of ~ 316.81MiB at   15.38MiB/s ETA 00:11 (frag 51/93)
[download]  54.9% of ~ 317.12MiB at   15.38MiB/s ETA 00:11 (frag 51/93)
[download]  54.9% of ~ 316.82MiB at   15.38MiB/s ETA 00:11 (frag 51/93)
[download]  55.3% of ~ 316.80MiB at   15.38MiB/s ETA 00:11 (frag 51/93)
[download]  54.9% of ~ 319.26MiB at   15.71MiB/s ETA 00:10 (frag 51/93)
[download]  54.9% of ~ 318.97MiB at   15.71MiB/s ETA 00:10 (frag 51/93)
[download]  54.9% of ~ 319.29MiB at   15.71MiB/s ETA 00:10 (frag 51/93)
[download]  54.9% of ~ 318.99MiB at   15.71MiB/s ETA 00:10 (frag 52/93)
[download]  56.0% of ~ 312.99MiB at   15.71MiB/s ETA 00:10 (frag 52/93)
[download]  55.9% of ~ 313.32MiB at   15.71MiB/s ETA 00:10 (frag 52/93)
[download]  55.8% of ~ 313.84MiB at   15.71MiB/s ETA 00:10 (frag 52/93)
[download]  56.0% of ~ 313.08MiB at   15.71MiB/s ETA 00:10 (frag 52/93)
[download]  55.8% of ~ 313.90MiB at   15.71MiB/s ETA 00:10 (frag 52/93)
[download]  55.9% of ~ 313.44MiB at   15.71MiB/s ETA 00:10 (frag 52/93)
[download]  55.8% of ~ 314.01MiB at   15.71MiB/s ETA 00:10 (frag 52/93)
[download]  55.8% of ~ 314.01MiB at   15.71MiB/s ETA 00:10 (frag 52/93)
[download]  55.8% of ~ 314.03MiB at   15.71MiB/s ETA 00:10 (frag 52/93)
[download]  56.0% of ~ 313.29MiB at   15.71MiB/s ETA 00:10 (frag 52/93)
[download]  55.8% of ~ 314.17MiB at   15.71MiB/s ETA 00:10 (frag 52/93)
[download]  56.0% of ~ 313.76MiB at   15.71MiB/s ETA 00:10 (frag 52/93)
[download]  55.9% of ~ 314.44MiB at   15.71MiB/s ETA 00:10 (frag 52/93)
[download]  56.0% of ~ 313.79MiB at   15.71MiB/s ETA 00:10 (frag 52/93)
[download]  55.9% of ~ 314.77MiB at   15.71MiB/s ETA 00:10 (frag 52/93)
[download]  56.0% of ~ 314.53MiB at   15.87MiB/s ETA 00:10 (frag 52/93)
[download]  55.8% of ~ 315.36MiB at   15.87MiB/s ETA 00:10 (frag 52/93)
[download]  55.8% of ~ 315.36MiB at   15.87MiB/s ETA 00:10 (frag 52/93)
[download]  55.8% of ~ 315.36MiB at   15.87MiB/s ETA 00:10 (frag 52/93)
[download]  55.9% of ~ 315.37MiB at   15.87MiB/s ETA 00:10 (frag 52/93)
[download]  55.9% of ~ 315.38MiB at   15.87MiB/s ETA 00:10 (frag 52/93)
[download]  55.9% of ~ 315.41MiB at   15.87MiB/s ETA 00:10 (frag 52/93)
[download]  55.9% of ~ 315.53MiB at   15.87MiB/s ETA 00:10 (frag 52/93)
[download]  56.1% of ~ 315.21MiB at   15.72MiB/s ETA 00:10 (frag 52/93)
[download]  55.9% of ~ 316.34MiB at   15.72MiB/s ETA 00:10 (frag 52/93)
[download]  55.8% of ~ 316.84MiB at   15.72MiB/s ETA 00:10 (frag 52/93)
[download]  55.8% of ~ 316.84MiB at   15.72MiB/s ETA 00:10 (frag 52/93)
[download]  55.8% of ~ 316.85MiB at   15.72MiB/s ETA 00:10 (frag 52/93)
[download]  55.8% of ~ 316.85MiB at   15.72MiB/s ETA 00:10 (frag 52/93)
[download]  55.8% of ~ 316.87MiB at   15.72MiB/s ETA 00:10 (frag 52/93)
[download]  55.8% of ~ 316.89MiB at   15.72MiB/s ETA 00:10 (frag 52/93)
[download]  56.1% of ~ 316.17MiB at   15.72MiB/s ETA 00:10 (frag 52/93)
[download]  55.8% of ~ 317.83MiB at   15.72MiB/s ETA 00:10 (frag 52/93)
[download]  55.9% of ~ 317.55MiB at   15.72MiB/s ETA 00:10 (frag 52/93)
[download]  55.8% of ~ 318.16MiB at   15.72MiB/s ETA 00:10 (frag 52/93)
[download]  56.0% of ~ 317.34MiB at   15.20MiB/s ETA 00:10 (frag 52/93)
[download]  56.0% of ~ 317.34MiB at   15.20MiB/s ETA 00:10 (frag 52/93)
[download]  56.0% of ~ 317.34MiB at   15.20MiB/s ETA 00:10 (frag 52/93)
[download]  56.0% of ~ 317.35MiB at   15.20MiB/s ETA 00:10 (frag 52/93)
[download]  56.0% of ~ 317.36MiB at   15.20MiB/s ETA 00:10 (frag 52/93)
[download]  55.9% of ~ 318.43MiB at   15.20MiB/s ETA 00:10 (frag 52/93)
[download]  56.0% of ~ 318.55MiB at   14.84MiB/s ETA 00:10 (frag 52/93)
[download]  56.1% of ~ 318.66MiB at   14.84MiB/s ETA 00:10 (frag 52/93)
[download]  56.2% of ~ 319.84MiB at   14.84MiB/s ETA 00:10 (frag 52/93)
[download]  56.0% of ~ 322.38MiB at   14.60MiB/s ETA 00:10 (frag 52/93)
[download]  56.0% of ~ 322.87MiB at   14.60MiB/s ETA 00:10 (frag 52/93)
[download]  56.3% of ~ 322.61MiB at   14.52MiB/s ETA 00:10 (frag 52/93)
[download]  56.0% of ~ 324.41MiB at   14.52MiB/s ETA 00:10 (frag 52/93)
[download]  56.0% of ~ 324.46MiB at   14.52MiB/s ETA 00:10 (frag 52/93)
[download]  56.4% of ~ 324.83MiB at   14.65MiB/s ETA 00:10 (frag 52/93)
[download]  56.0% of ~ 327.24MiB at   14.65MiB/s ETA 00:10 (frag 53/93)
[download]  57.1% of ~ 320.93MiB at   14.65MiB/s ETA 00:10 (frag 53/93)
[download]  57.4% of ~ 321.10MiB at   14.82MiB/s ETA 00:10 (frag 53/93)
[download]  57.1% of ~ 323.18MiB at   14.82MiB/s ETA 00:10 (frag 54/93)
[download]  58.3% of ~ 318.34MiB at   14.82MiB/s ETA 00:10 (frag 54/93)
[download]  58.2% of ~ 319.66MiB at   14.93MiB/s ETA 00:10 (frag 54/93)
[download]  58.2% of ~ 319.88MiB at   14.93MiB/s ETA 00:10 (frag 54/93)
[download]  58.2% of ~ 320.17MiB at   14.40MiB/s ETA 00:10 (frag 54/93)
[download]  58.2% of ~ 320.17MiB at   14.40MiB/s ETA 00:10 (frag 54/93)
[download]  58.2% of ~ 320.18MiB at   14.40MiB/s ETA 00:10 (frag 54/93)
[download]  58.2% of ~ 320.18MiB at   14.40MiB/s ETA 00:10 (frag 54/93)
[download]  58.2% of ~ 320.20MiB at   14.40MiB/s ETA 00:10 (frag 54/93)
[download]  58.2% of ~ 320.22MiB at   14.40MiB/s ETA 00:10 (frag 54/93)
[download]  58.2% of ~ 320.28MiB at   14.40MiB/s ETA 00:10 (frag 54/93)
[download]  58.1% of ~ 320.44MiB at   14.40MiB/s ETA 00:10 (frag 54/93)
[download]  58.1% of ~ 320.44MiB at   14.40MiB/s ETA 00:10 (frag 54/93)
[download]  58.1% of ~ 320.44MiB at   14.40MiB/s ETA 00:10 (frag 54/93)
[download]  58.2% of ~ 320.39MiB at   14.40MiB/s ETA 00:10 (frag 54/93)
[download]  58.1% of ~ 320.66MiB at   14.40MiB/s ETA 00:10 (frag 54/93)
[download]  58.2% of ~ 320.68MiB at   14.40MiB/s ETA 00:10 (frag 54/93)
[download]  58.2% of ~ 320.70MiB at   14.40MiB/s ETA 00:10 (frag 54/93)
[download]  58.3% of ~ 320.83MiB at   14.40MiB/s ETA 00:10 (frag 54/93)
[download]  58.3% of ~ 322.30MiB at   14.18MiB/s ETA 00:10 (frag 54/93)
[download]  58.2% of ~ 323.29MiB at   14.18MiB/s ETA 00:10 (frag 54/93)
[download]  58.3% of ~ 324.16MiB at   13.96MiB/s ETA 00:10 (frag 54/93)
[download]  58.5% of ~ 326.16MiB at   13.96MiB/s ETA 00:10 (frag 54/93)
[download]  58.0% of ~ 329.24MiB at   13.96MiB/s ETA 00:10 (frag 55/93)
[download]  59.3% of ~ 322.30MiB at   13.96MiB/s ETA 00:10 (frag 55/93)
[download]  59.3% of ~ 322.46MiB at   13.53MiB/s ETA 00:10 (frag 55/93)
[download]  59.4% of ~ 322.87MiB at   13.53MiB/s ETA 00:10 (frag 55/93)
[download]  59.5% of ~ 323.83MiB at   13.53MiB/s ETA 00:10 (frag 55/93)
[download]  59.6% of ~ 326.11MiB at   13.53MiB/s ETA 00:10 (frag 55/93)
[download]  59.1% of ~ 328.76MiB at   13.47MiB/s ETA 00:10 (frag 56/93)
[download]  60.4% of ~ 322.32MiB at   13.47MiB/s ETA 00:10 (frag 56/93)
[download]  60.5% of ~ 323.47MiB at   13.33MiB/s ETA 00:10 (frag 56/93)
[download]  60.6% of ~ 324.24MiB at   13.35MiB/s ETA 00:09 (frag 56/93)
[download]  60.5% of ~ 325.92MiB at   13.35MiB/s ETA 00:09 (frag 56/93)
[download]  60.3% of ~ 326.67MiB at   13.35MiB/s ETA 00:09 (frag 56/93)
[download]  60.3% of ~ 326.67MiB at   13.35MiB/s ETA 00:09 (frag 56/93)
[download]  60.3% of ~ 326.68MiB at   13.35MiB/s ETA 00:09 (frag 56/93)
[download]  60.3% of ~ 326.68MiB at   13.35MiB/s ETA 00:09 (frag 56/93)
[download]  60.3% of ~ 326.69MiB at   13.35MiB/s ETA 00:09 (frag 56/93)
[download]  60.3% of ~ 326.72MiB at   13.35MiB/s ETA 00:09 (frag 56/93)
[download]  60.4% of ~ 327.58MiB at   13.35MiB/s ETA 00:09 (frag 56/93)
[download]  60.2% of ~ 328.69MiB at   13.35MiB/s ETA 00:09 (frag 57/93)
[download]  61.7% of ~ 322.29MiB at   13.51MiB/s ETA 00:09 (frag 57/93)
[download]  61.4% of ~ 323.83MiB at   13.51MiB/s ETA 00:09 (frag 57/93)
[download]  61.7% of ~ 324.00MiB at   13.51MiB/s ETA 00:09 (frag 57/93)
[download]  61.4% of ~ 325.90MiB at   13.51MiB/s ETA 00:09 (frag 58/93)
[download]  62.8% of ~ 320.32MiB at   13.51MiB/s ETA 00:09 (frag 58/93)
[download]  62.5% of ~ 322.14MiB at   13.51MiB/s ETA 00:09 (frag 59/93)
[download]  63.6% of ~ 316.76MiB at   13.62MiB/s ETA 00:09 (frag 59/93)
[download]  63.4% of ~ 317.39MiB at   13.62MiB/s ETA 00:09 (frag 59/93)
[download]  63.4% of ~ 317.39MiB at   13.62MiB/s ETA 00:09 (frag 59/93)
[download]  63.4% of ~ 317.40MiB at   13.62MiB/s ETA 00:09 (frag 59/93)
[download]  63.4% of ~ 317.40MiB at   13.62MiB/s ETA 00:09 (frag 59/93)
[download]  63.4% of ~ 317.41MiB at   13.67MiB/s ETA 00:09 (frag 59/93)
[download]  63.4% of ~ 317.44MiB at   13.67MiB/s ETA 00:09 (frag 59/93)
[download]  63.5% of ~ 317.49MiB at   13.67MiB/s ETA 00:09 (frag 59/93)
[download]  63.6% of ~ 317.14MiB at   13.67MiB/s ETA 00:09 (frag 59/93)
[download]  63.5% of ~ 317.97MiB at   13.67MiB/s ETA 00:09 (frag 59/93)
[download]  63.5% of ~ 317.73MiB at   13.67MiB/s ETA 00:09 (frag 59/93)
[download]  63.5% of ~ 317.73MiB at   13.67MiB/s ETA 00:09 (frag 59/93)
[download]  63.5% of ~ 317.74MiB at   13.67MiB/s ETA 00:09 (frag 59/93)
[download]  63.5% of ~ 317.74MiB at   13.67MiB/s ETA 00:09 (frag 59/93)
[download]  63.5% of ~ 317.75MiB at   13.67MiB/s ETA 00:09 (frag 59/93)
[download]  63.5% of ~ 317.78MiB at   13.67MiB/s ETA 00:09 (frag 59/93)
[download]  63.5% of ~ 317.83MiB at   13.47MiB/s ETA 00:09 (frag 59/93)
[download]  63.7% of ~ 317.92MiB at   13.47MiB/s ETA 00:09 (frag 59/93)
[download]  63.5% of ~ 319.13MiB at   13.40MiB/s ETA 00:09 (frag 59/93)
[download]  63.6% of ~ 319.09MiB at   13.40MiB/s ETA 00:09 (frag 59/93)
[download]  63.5% of ~ 319.34MiB at   13.40MiB/s ETA 00:09 (frag 59/93)
[download]  63.5% of ~ 319.34MiB at   13.40MiB/s ETA 00:09 (frag 59/93)
[download]  63.5% of ~ 319.34MiB at   13.40MiB/s ETA 00:09 (frag 59/93)
[download]  63.5% of ~ 319.35MiB at   13.40MiB/s ETA 00:09 (frag 59/93)
[download]  63.5% of ~ 319.36MiB at   13.40MiB/s ETA 00:09 (frag 59/93)
[download]  63.5% of ~ 319.39MiB at   13.40MiB/s ETA 00:09 (frag 59/93)
[download]  63.6% of ~ 318.94MiB at   13.40MiB/s ETA 00:09 (frag 59/93)
[download]  63.6% of ~ 318.94MiB at   13.40MiB/s ETA 00:09 (frag 59/93)
[download]  63.6% of ~ 318.95MiB at   13.40MiB/s ETA 00:09 (frag 59/93)
[download]  63.6% of ~ 318.95MiB at   13.40MiB/s ETA 00:09 (frag 59/93)
[download]  63.6% of ~ 318.96MiB at   13.40MiB/s ETA 00:09 (frag 59/93)
[download]  63.5% of ~ 319.48MiB at   13.40MiB/s ETA 00:09 (frag 59/93)
[download]  63.8% of ~ 319.51MiB at   13.35MiB/s ETA 00:09 (frag 59/93)
[download]  63.6% of ~ 320.63MiB at   13.35MiB/s ETA 00:09 (frag 59/93)
[download]  63.6% of ~ 320.68MiB at   13.35MiB/s ETA 00:09 (frag 59/93)
[download]  63.6% of ~ 321.21MiB at   13.35MiB/s ETA 00:09 (frag 59/93)
[download]  63.9% of ~ 321.72MiB at   13.40MiB/s ETA 00:09 (frag 59/93)
[download]  63.6% of ~ 323.94MiB at   13.40MiB/s ETA 00:09 (frag 59/93)
[download]  63.5% of ~ 324.40MiB at   13.40MiB/s ETA 00:09 (frag 60/93)
[download]  64.7% of ~ 318.54MiB at   13.40MiB/s ETA 00:09 (frag 60/93)
[download]  64.8% of ~ 318.73MiB at   13.05MiB/s ETA 00:09 (frag 60/93)
[download]  65.0% of ~ 319.53MiB at   13.05MiB/s ETA 00:09 (frag 60/93)
[download]  64.6% of ~ 321.27MiB at   13.05MiB/s ETA 00:09 (frag 61/93)
[download]  65.7% of ~ 316.16MiB at   13.05MiB/s ETA 00:09 (frag 61/93)
[download]  65.8% of ~ 316.29MiB at   13.05MiB/s ETA 00:09 (frag 61/93)
[download]  65.7% of ~ 317.09MiB at   12.86MiB/s ETA 00:09 (frag 61/93)
[download]  65.9% of ~ 317.83MiB at   12.57MiB/s ETA 00:09 (frag 61/93)
[download]  65.8% of ~ 318.97MiB at   12.57MiB/s ETA 00:09 (frag 61/93)
[download]  65.7% of ~ 319.73MiB at   12.27MiB/s ETA 00:09 (frag 61/93)
[download]  65.7% of ~ 319.73MiB at   12.27MiB/s ETA 00:09 (frag 61/93)
[download]  65.7% of ~ 319.73MiB at   12.27MiB/s ETA 00:09 (frag 61/93)
[download]  65.7% of ~ 319.74MiB at   12.27MiB/s ETA 00:09 (frag 61/93)
[download]  65.7% of ~ 319.75MiB at   11.97MiB/s ETA 00:09 (frag 61/93)
[download]  66.0% of ~ 319.71MiB at   11.97MiB/s ETA 00:09 (frag 61/93)
[download]  65.7% of ~ 321.28MiB at   11.97MiB/s ETA 00:09 (frag 61/93)
[download]  65.7% of ~ 321.28MiB at   11.97MiB/s ETA 00:09 (frag 61/93)
[download]  65.7% of ~ 321.28MiB at   11.97MiB/s ETA 00:09 (frag 61/93)
[download]  65.7% of ~ 321.29MiB at   11.97MiB/s ETA 00:09 (frag 61/93)
[download]  66.0% of ~ 321.65MiB at   11.97MiB/s ETA 00:09 (frag 61/93)
[download]  65.6% of ~ 323.79MiB at   11.97MiB/s ETA 00:09 (frag 62/93)
[download]  67.0% of ~ 317.83MiB at   12.01MiB/s ETA 00:09 (frag 62/93)
[download]  66.8% of ~ 319.04MiB at   12.01MiB/s ETA 00:09 (frag 62/93)
[download]  67.1% of ~ 319.08MiB at   12.06MiB/s ETA 00:09 (frag 62/93)
[download]  66.8% of ~ 320.57MiB at   12.02MiB/s ETA 00:09 (frag 62/93)
[download]  67.1% of ~ 320.18MiB at   12.02MiB/s ETA 00:09 (frag 62/93)
[download]  66.8% of ~ 321.94MiB at   12.02MiB/s ETA 00:09 (frag 62/93)
[download]  66.8% of ~ 321.96MiB at   12.09MiB/s ETA 00:09 (frag 62/93)
[download]  66.8% of ~ 322.14MiB at   12.09MiB/s ETA 00:09 (frag 62/93)
[download]  66.8% of ~ 322.52MiB at   12.09MiB/s ETA 00:09 (frag 62/93)
[download]  66.9% of ~ 322.56MiB at   12.09MiB/s ETA 00:09 (frag 62/93)
[download]  67.1% of ~ 323.23MiB at   12.09MiB/s ETA 00:09 (frag 62/93)
[download]  66.8% of ~ 324.92MiB at   12.09MiB/s ETA 00:09 (frag 63/93)
[download]  68.2% of ~ 319.90MiB at   12.38MiB/s ETA 00:08 (frag 63/93)
[download]  67.8% of ~ 321.63MiB at   12.38MiB/s ETA 00:08 (frag 64/93)
[download]  68.8% of ~ 317.08MiB at   12.38MiB/s ETA 00:08 (frag 64/93)
[download]  68.8% of ~ 317.08MiB at   12.38MiB/s ETA 00:08 (frag 64/93)
[download]  68.8% of ~ 317.08MiB at   12.38MiB/s ETA 00:08 (frag 64/93)
[download]  68.8% of ~ 317.09MiB at   12.38MiB/s ETA 00:08 (frag 64/93)
[download]  68.8% of ~ 317.10MiB at   12.38MiB/s ETA 00:08 (frag 64/93)
[download]  68.8% of ~ 317.12MiB at   12.38MiB/s ETA 00:08 (frag 64/93)
[download]  69.2% of ~ 316.78MiB at   12.38MiB/s ETA 00:08 (frag 64/93)
[download]  68.8% of ~ 318.60MiB at   12.38MiB/s ETA 00:08 (frag 64/93)
[download]  69.3% of ~ 317.83MiB at   12.38MiB/s ETA 00:08 (frag 64/93)
[download]  69.0% of ~ 319.27MiB at   12.38MiB/s ETA 00:08 (frag 65/93)
[download]  69.9% of ~ 315.27MiB at   12.38MiB/s ETA 00:08 (frag 65/93)
[download]  70.0% of ~ 315.07MiB at   12.57MiB/s ETA 00:08 (frag 65/93)
[download]  69.9% of ~ 315.54MiB at   12.57MiB/s ETA 00:08 (frag 65/93)
[download]  70.3% of ~ 315.51MiB at   12.57MiB/s ETA 00:08 (frag 65/93)
[download]  70.0% of ~ 317.19MiB at   12.57MiB/s ETA 00:08 (frag 66/93)
[download]  70.9% of ~ 312.82MiB at   12.68MiB/s ETA 00:08 (frag 66/93)
[download]  70.9% of ~ 312.82MiB at   12.68MiB/s ETA 00:08 (frag 66/93)
[download]  70.9% of ~ 312.82MiB at   12.68MiB/s ETA 00:08 (frag 66/93)
[download]  70.9% of ~ 312.83MiB at   12.68MiB/s ETA 00:08 (frag 66/93)
[download]  70.9% of ~ 312.84MiB at   12.68MiB/s ETA 00:08 (frag 66/93)
[download]  70.9% of ~ 312.86MiB at   12.68MiB/s ETA 00:08 (frag 66/93)
[download]  70.9% of ~ 313.03MiB at   12.68MiB/s ETA 00:08 (frag 66/93)
[download]  71.1% of ~ 312.92MiB at   12.68MiB/s ETA 00:08 (frag 66/93)
[download]  70.9% of ~ 313.72MiB at   12.68MiB/s ETA 00:08 (frag 66/93)
[download]  71.0% of ~ 313.60MiB at   12.68MiB/s ETA 00:08 (frag 66/93)
[download]  70.9% of ~ 313.81MiB at   12.68MiB/s ETA 00:08 (frag 66/93)
[download]  70.9% of ~ 313.82MiB at   12.68MiB/s ETA 00:08 (frag 66/93)
[download]  70.9% of ~ 313.83MiB at   12.68MiB/s ETA 00:08 (frag 66/93)
[download]  70.9% of ~ 313.85MiB at   12.68MiB/s ETA 00:08 (frag 66/93)
[download]  70.9% of ~ 313.89MiB at   12.68MiB/s ETA 00:08 (frag 66/93)
[download]  71.0% of ~ 313.98MiB at   12.68MiB/s ETA 00:08 (frag 66/93)
[download]  71.0% of ~ 314.03MiB at   12.68MiB/s ETA 00:08 (frag 66/93)
[download] Got error: SocksHTTPSConnectionPool(host='hls-cdn77.xvideos-cdn.com', port=443): Read timed out. (read timeout=20.0). Retrying (1/10)...
[download]  71.1% of ~ 313.40MiB at   12.74MiB/s ETA 00:08 (frag 66/93)
[download]  71.1% of ~ 313.40MiB at   12.74MiB/s ETA 00:08 (frag 66/93)
[download]  71.1% of ~ 313.40MiB at   12.74MiB/s ETA 00:08 (frag 66/93)
[download]  71.1% of ~ 313.41MiB at   12.74MiB/s ETA 00:08 (frag 66/93)
[download]  71.1% of ~ 313.42MiB at   12.74MiB/s ETA 00:08 (frag 66/93)
[download]  71.1% of ~ 313.44MiB at   12.74MiB/s ETA 00:08 (frag 66/93)
[download]  71.1% of ~ 313.49MiB at   12.74MiB/s ETA 00:08 (frag 66/93)
[download]  71.3% of ~ 314.39MiB at   12.77MiB/s ETA 00:08 (frag 66/93)
[download]  71.1% of ~ 315.41MiB at   12.77MiB/s ETA 00:08 (frag 66/93)
[download]  71.0% of ~ 316.06MiB at   12.77MiB/s ETA 00:08 (frag 66/93)
[download]  71.0% of ~ 316.28MiB at   13.04MiB/s ETA 00:08 (frag 66/93)
[download]  71.0% of ~ 316.22MiB at   13.04MiB/s ETA 00:08 (frag 66/93)
[download]  71.0% of ~ 316.22MiB at   13.04MiB/s ETA 00:08 (frag 66/93)
[download]  71.0% of ~ 316.22MiB at   13.04MiB/s ETA 00:08 (frag 66/93)
[download]  71.0% of ~ 316.23MiB at   13.04MiB/s ETA 00:08 (frag 66/93)
[download]  71.0% of ~ 316.24MiB at   13.04MiB/s ETA 00:08 (frag 66/93)
[download]  71.2% of ~ 315.87MiB at   13.09MiB/s ETA 00:08 (frag 66/93)
[download]  71.1% of ~ 316.43MiB at   13.09MiB/s ETA 00:08 (frag 66/93)
[download]  71.2% of ~ 316.09MiB at   13.09MiB/s ETA 00:08 (frag 66/93)
[download]  71.1% of ~ 316.88MiB at   12.96MiB/s ETA 00:07 (frag 66/93)
[download]  71.1% of ~ 317.17MiB at   12.96MiB/s ETA 00:07 (frag 66/93)
[download]  71.3% of ~ 316.87MiB at   12.96MiB/s ETA 00:07 (frag 66/93)
[download]  71.1% of ~ 318.36MiB at   12.96MiB/s ETA 00:07 (frag 66/93)
[download]  71.1% of ~ 318.65MiB at   12.96MiB/s ETA 00:07 (frag 66/93)
[download]  71.1% of ~ 319.36MiB at   13.01MiB/s ETA 00:07 (frag 66/93)
[download]  71.1% of ~ 319.51MiB at   13.01MiB/s ETA 00:07 (frag 66/93)
[download]  71.3% of ~ 320.27MiB at   13.07MiB/s ETA 00:07 (frag 66/93)
[download]  71.2% of ~ 321.25MiB at   13.07MiB/s ETA 00:07 (frag 66/93)
[download]  71.5% of ~ 321.55MiB at   13.13MiB/s ETA 00:07 (frag 66/93)
[download]  71.4% of ~ 323.33MiB at   13.13MiB/s ETA 00:07 (frag 66/93)
[download]  71.4% of ~ 325.15MiB at   13.33MiB/s ETA 00:07 (frag 66/93)
[download]  71.0% of ~ 327.18MiB at   13.33MiB/s ETA 00:07 (frag 67/93)
[download]  72.3% of ~ 322.00MiB at   13.30MiB/s ETA 00:07 (frag 67/93)
[download]  72.5% of ~ 322.63MiB at   13.29MiB/s ETA 00:07 (frag 67/93)
[download]  72.1% of ~ 324.21MiB at   13.29MiB/s ETA 00:07 (frag 68/93)
[download]  73.6% of ~ 319.92MiB at   13.29MiB/s ETA 00:07 (frag 68/93)
[download]  73.1% of ~ 321.87MiB at   13.29MiB/s ETA 00:07 (frag 69/93)
[download]  74.6% of ~ 316.51MiB at   13.29MiB/s ETA 00:07 (frag 69/93)
[download]  74.4% of ~ 317.67MiB at   13.29MiB/s ETA 00:07 (frag 70/93)
[download]  75.1% of ~ 314.45MiB at   13.37MiB/s ETA 00:07 (frag 70/93)
[download]  75.1% of ~ 314.45MiB at   13.37MiB/s ETA 00:07 (frag 70/93)
[download]  75.1% of ~ 314.45MiB at   13.37MiB/s ETA 00:07 (frag 70/93)
[download]  75.1% of ~ 314.46MiB at   13.37MiB/s ETA 00:07 (frag 70/93)
[download]  75.1% of ~ 314.47MiB at   13.37MiB/s ETA 00:07 (frag 70/93)
[download]  75.1% of ~ 314.49MiB at   13.37MiB/s ETA 00:07 (frag 70/93)
[download]  75.1% of ~ 314.53MiB at   13.37MiB/s ETA 00:07 (frag 70/93)
[download]  75.2% of ~ 314.61MiB at   13.35MiB/s ETA 00:07 (frag 70/93)
[download]  75.2% of ~ 314.78MiB at   13.35MiB/s ETA 00:07 (frag 70/93)
[download]  75.2% of ~ 314.74MiB at   13.13MiB/s ETA 00:07 (frag 70/93)
[download]  75.2% of ~ 314.74MiB at   13.13MiB/s ETA 00:07 (frag 70/93)
[download]  75.2% of ~ 314.74MiB at   13.13MiB/s ETA 00:07 (frag 70/93)
[download]  75.2% of ~ 314.74MiB at   13.13MiB/s ETA 00:07 (frag 70/93)
[download]  75.2% of ~ 314.76MiB at   13.13MiB/s ETA 00:07 (frag 70/93)
[download]  75.2% of ~ 314.78MiB at   13.13MiB/s ETA 00:07 (frag 70/93)
[download]  75.2% of ~ 314.82MiB at   13.13MiB/s ETA 00:07 (frag 70/93)
[download]  75.3% of ~ 314.90MiB at   13.13MiB/s ETA 00:07 (frag 70/93)
[download]  75.2% of ~ 314.93MiB at   13.13MiB/s ETA 00:07 (frag 70/93)
[download]  75.2% of ~ 314.93MiB at   13.13MiB/s ETA 00:07 (frag 70/93)
[download]  75.3% of ~ 314.93MiB at   13.13MiB/s ETA 00:07 (frag 70/93)
[download]  75.3% of ~ 314.94MiB at   13.13MiB/s ETA 00:07 (frag 70/93)
[download]  75.3% of ~ 314.95MiB at   13.13MiB/s ETA 00:07 (frag 70/93)
[download]  75.3% of ~ 314.97MiB at   13.13MiB/s ETA 00:07 (frag 70/93)
[download]  75.2% of ~ 315.17MiB at   13.13MiB/s ETA 00:07 (frag 70/93)
[download]  75.2% of ~ 315.17MiB at   13.13MiB/s ETA 00:07 (frag 70/93)
[download]  75.2% of ~ 315.17MiB at   13.13MiB/s ETA 00:07 (frag 70/93)
[download]  75.2% of ~ 315.18MiB at   13.13MiB/s ETA 00:07 (frag 70/93)
[download]  75.2% of ~ 315.19MiB at   13.13MiB/s ETA 00:07 (frag 70/93)
[download]  75.3% of ~ 315.05MiB at   13.13MiB/s ETA 00:07 (frag 70/93)
[download]  75.2% of ~ 315.29MiB at   13.13MiB/s ETA 00:07 (frag 70/93)
[download]  75.2% of ~ 315.33MiB at   13.13MiB/s ETA 00:07 (frag 70/93)
[download]  75.5% of ~ 315.38MiB at   13.15MiB/s ETA 00:06 (frag 70/93)
[download]  75.6% of ~ 316.23MiB at   13.15MiB/s ETA 00:06 (frag 70/93)
[download]  75.3% of ~ 318.38MiB at   13.15MiB/s ETA 00:06 (frag 70/93)
[download]  75.3% of ~ 318.53MiB at   13.10MiB/s ETA 00:06 (frag 70/93)
[download]  76.1% of ~ 315.06MiB at   13.10MiB/s ETA 00:06 (frag 70/93)
[download]  76.1% of ~ 315.07MiB at   13.10MiB/s ETA 00:06 (frag 70/93)
[download]  76.1% of ~ 315.07MiB at   13.10MiB/s ETA 00:06 (frag 70/93)
[download]  76.1% of ~ 315.07MiB at   13.10MiB/s ETA 00:06 (frag 70/93)
[download]  75.3% of ~ 318.84MiB at   13.08MiB/s ETA 00:06 (frag 70/93)
[download]  75.3% of ~ 319.04MiB at   13.02MiB/s ETA 00:06 (frag 70/93)
[download]  75.3% of ~ 319.52MiB at   13.02MiB/s ETA 00:06 (frag 70/93)
[download]  75.3% of ~ 319.69MiB at   13.02MiB/s ETA 00:06 (frag 70/93)
[download]  75.6% of ~ 319.98MiB at   13.02MiB/s ETA 00:06 (frag 70/93)
[download]  75.3% of ~ 321.65MiB at   13.02MiB/s ETA 00:06 (frag 70/93)
[download]  75.7% of ~ 321.55MiB at   13.02MiB/s ETA 00:06 (frag 70/93)
[download]  75.2% of ~ 323.57MiB at   13.02MiB/s ETA 00:06 (frag 71/93)
[download]  76.4% of ~ 318.63MiB at   13.02MiB/s ETA 00:06 (frag 72/93)
[download]  78.3% of ~ 311.06MiB at   13.02MiB/s ETA 00:06 (frag 72/93)
[download]  77.6% of ~ 314.61MiB at   13.22MiB/s ETA 00:06 (frag 72/93)
[download]  77.6% of ~ 315.73MiB at   13.22MiB/s ETA 00:06 (frag 72/93)
[download]  78.3% of ~ 312.99MiB at   13.22MiB/s ETA 00:06 (frag 72/93)
[download]  77.5% of ~ 316.69MiB at   13.22MiB/s ETA 00:06 (frag 72/93)
[download]  77.7% of ~ 317.32MiB at   13.51MiB/s ETA 00:06 (frag 72/93)
[download]  78.3% of ~ 314.94MiB at   13.51MiB/s ETA 00:06 (frag 72/93)
[download]  77.5% of ~ 318.70MiB at   13.52MiB/s ETA 00:06 (frag 72/93)
[download]  77.4% of ~ 319.23MiB at   13.52MiB/s ETA 00:06 (frag 72/93)
[download]  77.4% of ~ 319.23MiB at   13.52MiB/s ETA 00:06 (frag 72/93)
[download]  77.4% of ~ 319.23MiB at   13.52MiB/s ETA 00:06 (frag 72/93)
[download]  77.4% of ~ 319.24MiB at   13.52MiB/s ETA 00:06 (frag 72/93)
[download]  77.4% of ~ 319.25MiB at   13.52MiB/s ETA 00:06 (frag 72/93)
[download]  77.4% of ~ 319.27MiB at   13.52MiB/s ETA 00:06 (frag 72/93)
[download]  77.4% of ~ 319.31MiB at   13.42MiB/s ETA 00:06 (frag 72/93)
[download]  77.9% of ~ 319.83MiB at   13.42MiB/s ETA 00:06 (frag 72/93)
[download]  77.3% of ~ 322.17MiB at   13.42MiB/s ETA 00:06 (frag 73/93)
[download]  78.8% of ~ 317.33MiB at   13.42MiB/s ETA 00:06 (frag 73/93)
[download]  79.4% of ~ 315.11MiB at   13.42MiB/s ETA 00:06 (frag 73/93)
[download]  78.6% of ~ 318.41MiB at   13.42MiB/s ETA 00:06 (frag 73/93)
[download]  78.6% of ~ 318.42MiB at   13.42MiB/s ETA 00:06 (frag 73/93)
[download]  78.6% of ~ 318.42MiB at   13.42MiB/s ETA 00:06 (frag 73/93)
[download]  78.6% of ~ 318.42MiB at   13.42MiB/s ETA 00:06 (frag 73/93)
[download]  78.6% of ~ 318.43MiB at   13.42MiB/s ETA 00:06 (frag 73/93)
[download]  78.6% of ~ 318.45MiB at   13.42MiB/s ETA 00:06 (frag 73/93)
[download]  78.6% of ~ 318.49MiB at   13.42MiB/s ETA 00:06 (frag 73/93)
[download]  78.6% of ~ 318.57MiB at   13.42MiB/s ETA 00:06 (frag 73/93)
[download]  78.8% of ~ 319.21MiB at   13.75MiB/s ETA 00:06 (frag 73/93)
[download]  79.4% of ~ 316.83MiB at   13.75MiB/s ETA 00:06 (frag 73/93)
[download]  78.9% of ~ 320.76MiB at   14.07MiB/s ETA 00:05 (frag 73/93)
[download]  78.5% of ~ 322.71MiB at   14.07MiB/s ETA 00:05 (frag 74/93)
[download]  80.5% of ~ 314.84MiB at   14.33MiB/s ETA 00:05 (frag 74/93)
[download]  80.4% of ~ 315.07MiB at   14.33MiB/s ETA 00:05 (frag 75/93)
[download]  80.8% of ~ 313.99MiB at   14.33MiB/s ETA 00:05 (frag 75/93)
[download]  80.7% of ~ 314.66MiB at   14.46MiB/s ETA 00:05 (frag 75/93)
[download]  80.7% of ~ 314.59MiB at   14.46MiB/s ETA 00:05 (frag 75/93)
[download]  80.7% of ~ 314.59MiB at   14.46MiB/s ETA 00:05 (frag 75/93)
[download]  80.7% of ~ 314.59MiB at   14.46MiB/s ETA 00:05 (frag 75/93)
[download]  80.7% of ~ 314.59MiB at   14.46MiB/s ETA 00:05 (frag 75/93)
[download]  80.7% of ~ 314.60MiB at   14.46MiB/s ETA 00:05 (frag 75/93)
[download]  80.7% of ~ 314.62MiB at   14.46MiB/s ETA 00:05 (frag 75/93)
[download]  80.7% of ~ 314.89MiB at   14.46MiB/s ETA 00:05 (frag 75/93)
[download]  80.9% of ~ 314.83MiB at   14.70MiB/s ETA 00:05 (frag 75/93)
[download]  80.7% of ~ 315.58MiB at   14.78MiB/s ETA 00:05 (frag 75/93)
[download]  81.1% of ~ 315.99MiB at   14.78MiB/s ETA 00:05 (frag 75/93)
[download]  80.6% of ~ 317.91MiB at   14.78MiB/s ETA 00:05 (frag 76/93)
[download]  81.8% of ~ 313.67MiB at   14.77MiB/s ETA 00:05 (frag 76/93)
[download]  82.2% of ~ 314.24MiB at   14.77MiB/s ETA 00:05 (frag 76/93)
[download]  81.7% of ~ 315.99MiB at   14.77MiB/s ETA 00:05 (frag 77/93)
[download]  82.9% of ~ 311.76MiB at   14.80MiB/s ETA 00:04 (frag 77/93)
[download]  83.2% of ~ 311.77MiB at   14.80MiB/s ETA 00:04 (frag 77/93)
[download]  82.9% of ~ 313.10MiB at   14.80MiB/s ETA 00:04 (frag 77/93)
[download]  83.0% of ~ 313.40MiB at   14.93MiB/s ETA 00:04 (frag 77/93)
[download]  82.7% of ~ 314.51MiB at   14.69MiB/s ETA 00:04 (frag 77/93)
[download]  82.7% of ~ 314.51MiB at   14.69MiB/s ETA 00:04 (frag 77/93)
[download]  82.7% of ~ 314.51MiB at   14.69MiB/s ETA 00:04 (frag 77/93)
[download]  82.7% of ~ 314.52MiB at   14.69MiB/s ETA 00:04 (frag 77/93)
[download]  82.7% of ~ 314.53MiB at   14.69MiB/s ETA 00:04 (frag 77/93)
[download]  82.7% of ~ 314.54MiB at   14.69MiB/s ETA 00:04 (frag 77/93)
[download]  82.7% of ~ 314.58MiB at   14.40MiB/s ETA 00:04 (frag 77/93)
[download]  82.7% of ~ 314.66MiB at   14.40MiB/s ETA 00:04 (frag 77/93)
[download]  82.7% of ~ 314.66MiB at   14.40MiB/s ETA 00:04 (frag 77/93)
[download]  82.7% of ~ 314.67MiB at   14.40MiB/s ETA 00:04 (frag 77/93)
[download]  82.7% of ~ 314.67MiB at   14.40MiB/s ETA 00:04 (frag 77/93)
[download]  82.7% of ~ 314.68MiB at   14.40MiB/s ETA 00:04 (frag 77/93)
[download]  82.7% of ~ 314.53MiB at   14.07MiB/s ETA 00:04 (frag 77/93)
[download]  82.7% of ~ 314.53MiB at   14.07MiB/s ETA 00:04 (frag 77/93)
[download]  82.7% of ~ 314.53MiB at   14.07MiB/s ETA 00:04 (frag 77/93)
[download]  82.7% of ~ 314.54MiB at   14.07MiB/s ETA 00:04 (frag 77/93)
[download]  82.7% of ~ 314.54MiB at   14.07MiB/s ETA 00:04 (frag 77/93)
[download]  82.8% of ~ 314.42MiB at   14.07MiB/s ETA 00:04 (frag 77/93)
[download]  82.8% of ~ 314.42MiB at   14.07MiB/s ETA 00:04 (frag 77/93)
[download]  82.8% of ~ 314.42MiB at   14.07MiB/s ETA 00:04 (frag 77/93)
[download]  82.8% of ~ 314.43MiB at   14.07MiB/s ETA 00:04 (frag 77/93)
[download]  82.7% of ~ 314.75MiB at   13.70MiB/s ETA 00:04 (frag 77/93)
[download]  83.1% of ~ 314.38MiB at   13.70MiB/s ETA 00:04 (frag 77/93)
[download]  82.7% of ~ 315.92MiB at   13.70MiB/s ETA 00:04 (frag 77/93)
[download]  82.8% of ~ 315.96MiB at   13.70MiB/s ETA 00:04 (frag 77/93)
[download]  82.8% of ~ 316.03MiB at   13.70MiB/s ETA 00:04 (frag 77/93)
[download]  82.7% of ~ 316.35MiB at   13.48MiB/s ETA 00:04 (frag 77/93)
[download]  82.7% of ~ 316.39MiB at   13.48MiB/s ETA 00:04 (frag 77/93)
[download]  82.7% of ~ 316.47MiB at   13.48MiB/s ETA 00:04 (frag 77/93)
[download]  82.8% of ~ 316.61MiB at   13.28MiB/s ETA 00:04 (frag 77/93)
[download]  82.8% of ~ 316.74MiB at   13.28MiB/s ETA 00:04 (frag 77/93)
[download]  82.8% of ~ 317.21MiB at   13.28MiB/s ETA 00:04 (frag 77/93)
[download]  82.8% of ~ 317.19MiB at   13.13MiB/s ETA 00:04 (frag 77/93)
[download]  82.8% of ~ 317.21MiB at   13.13MiB/s ETA 00:04 (frag 77/93)
[download]  82.8% of ~ 317.25MiB at   13.13MiB/s ETA 00:04 (frag 77/93)
[download]  82.8% of ~ 317.32MiB at   13.13MiB/s ETA 00:04 (frag 77/93)
[download]  83.1% of ~ 317.49MiB at   13.13MiB/s ETA 00:04 (frag 77/93)
[download]  82.9% of ~ 318.98MiB at   13.18MiB/s ETA 00:04 (frag 77/93)
[download]  82.9% of ~ 319.41MiB at   13.18MiB/s ETA 00:04 (frag 77/93)
[download]  83.2% of ~ 319.65MiB at   13.18MiB/s ETA 00:04 (frag 77/93)
[download]  82.8% of ~ 321.21MiB at   13.18MiB/s ETA 00:04 (frag 78/93)
[download]  83.9% of ~ 317.65MiB at   13.18MiB/s ETA 00:04 (frag 78/93)
[download]  83.9% of ~ 317.93MiB at   13.18MiB/s ETA 00:04 (frag 78/93)
[download]  84.1% of ~ 318.53MiB at   13.50MiB/s ETA 00:04 (frag 78/93)
[download]  84.1% of ~ 319.71MiB at   13.50MiB/s ETA 00:04 (frag 78/93)
[download]  84.1% of ~ 320.72MiB at   13.50MiB/s ETA 00:04 (frag 78/93)
[download]  84.0% of ~ 321.75MiB at   13.72MiB/s ETA 00:04 (frag 78/93)
[download]  84.2% of ~ 322.36MiB at   13.72MiB/s ETA 00:04 (frag 78/93)
[download]  84.3% of ~ 323.44MiB at   13.72MiB/s ETA 00:04 (frag 78/93)
[download]  84.0% of ~ 324.83MiB at   13.72MiB/s ETA 00:04 (frag 79/93)
[download]  85.4% of ~ 321.41MiB at   13.83MiB/s ETA 00:04 (frag 79/93)
[download]  84.9% of ~ 323.42MiB at   13.83MiB/s ETA 00:04 (frag 80/93)
[download]  86.5% of ~ 319.43MiB at   13.83MiB/s ETA 00:04 (frag 80/93)
[download]  85.9% of ~ 321.42MiB at   13.83MiB/s ETA 00:04 (frag 81/93)
[download]  87.5% of ~ 317.34MiB at   14.23MiB/s ETA 00:04 (frag 81/93)
[download]  87.0% of ~ 319.15MiB at   14.23MiB/s ETA 00:04 (frag 82/93)
[download]  88.1% of ~ 315.19MiB at   14.42MiB/s ETA 00:03 (frag 82/93)
[download]  88.1% of ~ 315.19MiB at   14.42MiB/s ETA 00:03 (frag 82/93)
[download]  88.1% of ~ 315.19MiB at   14.42MiB/s ETA 00:03 (frag 82/93)
[download]  88.1% of ~ 315.20MiB at   14.42MiB/s ETA 00:03 (frag 82/93)
[download]  88.1% of ~ 315.21MiB at   14.42MiB/s ETA 00:03 (frag 82/93)
[download]  88.2% of ~ 315.22MiB at   14.42MiB/s ETA 00:03 (frag 82/93)
[download]  88.2% of ~ 315.26MiB at   14.38MiB/s ETA 00:03 (frag 82/93)
[download]  88.2% of ~ 315.33MiB at   14.38MiB/s ETA 00:03 (frag 82/93)
[download]  88.2% of ~ 315.46MiB at   14.38MiB/s ETA 00:03 (frag 82/93)
[download]  88.1% of ~ 315.76MiB at   14.38MiB/s ETA 00:03 (frag 83/93)
[download]  89.5% of ~ 311.99MiB at   14.40MiB/s ETA 00:03 (frag 83/93)
[download]  89.3% of ~ 312.72MiB at   14.40MiB/s ETA 00:03 (frag 83/93)
[download]  89.3% of ~ 312.72MiB at   14.40MiB/s ETA 00:03 (frag 83/93)
[download]  89.3% of ~ 312.72MiB at   14.40MiB/s ETA 00:03 (frag 83/93)
[download]  89.3% of ~ 312.72MiB at   14.40MiB/s ETA 00:03 (frag 83/93)
[download]  89.3% of ~ 312.73MiB at   14.40MiB/s ETA 00:03 (frag 83/93)
[download]  89.3% of ~ 312.75MiB at   14.40MiB/s ETA 00:03 (frag 83/93)
[download]  89.3% of ~ 312.78MiB at   14.40MiB/s ETA 00:03 (frag 83/93)
[download]  89.3% of ~ 312.84MiB at   14.44MiB/s ETA 00:03 (frag 83/93)
[download]  89.3% of ~ 312.84MiB at   14.44MiB/s ETA 00:03 (frag 83/93)
[download]  89.3% of ~ 312.85MiB at   14.44MiB/s ETA 00:03 (frag 83/93)
[download]  89.3% of ~ 312.85MiB at   14.44MiB/s ETA 00:03 (frag 83/93)
[download]  89.3% of ~ 312.86MiB at   14.44MiB/s ETA 00:03 (frag 83/93)
[download]  89.3% of ~ 312.86MiB at   14.44MiB/s ETA 00:03 (frag 83/93)
[download]  89.3% of ~ 312.86MiB at   14.44MiB/s ETA 00:03 (frag 83/93)
[download]  89.3% of ~ 312.88MiB at   14.44MiB/s ETA 00:03 (frag 83/93)
[download]  89.3% of ~ 312.90MiB at   14.44MiB/s ETA 00:03 (frag 83/93)
[download]  89.3% of ~ 312.91MiB at   14.44MiB/s ETA 00:03 (frag 83/93)
[download]  89.3% of ~ 312.91MiB at   14.44MiB/s ETA 00:03 (frag 83/93)
[download]  89.3% of ~ 312.93MiB at   14.44MiB/s ETA 00:03 (frag 83/93)
[download]  89.4% of ~ 312.97MiB at   14.44MiB/s ETA 00:03 (frag 83/93)
[download]  89.4% of ~ 313.04MiB at   14.44MiB/s ETA 00:03 (frag 83/93)
[download]  89.3% of ~ 313.19MiB at   14.44MiB/s ETA 00:03 (frag 83/93)
[download]  89.4% of ~ 313.26MiB at   14.44MiB/s ETA 00:03 (frag 83/93)
[download]  89.3% of ~ 313.81MiB at   14.53MiB/s ETA 00:03 (frag 83/93)
[download]  89.4% of ~ 314.09MiB at   14.48MiB/s ETA 00:03 (frag 83/93)
[download]  89.4% of ~ 314.23MiB at   14.48MiB/s ETA 00:03 (frag 83/93)
[download]  89.2% of ~ 314.69MiB at   14.34MiB/s ETA 00:03 (frag 83/93)
[download]  89.2% of ~ 314.69MiB at   14.34MiB/s ETA 00:03 (frag 83/93)
[download]  89.2% of ~ 314.69MiB at   14.34MiB/s ETA 00:03 (frag 83/93)
[download]  89.2% of ~ 314.69MiB at   14.34MiB/s ETA 00:03 (frag 83/93)
[download]  89.2% of ~ 314.70MiB at   14.34MiB/s ETA 00:03 (frag 83/93)
[download]  89.2% of ~ 314.72MiB at   14.34MiB/s ETA 00:03 (frag 83/93)
[download]  89.4% of ~ 314.44MiB at   14.14MiB/s ETA 00:03 (frag 83/93)
[download]  89.4% of ~ 314.69MiB at   14.14MiB/s ETA 00:03 (frag 83/93)
[download]  89.5% of ~ 314.97MiB at   14.07MiB/s ETA 00:03 (frag 83/93)
[download]  89.4% of ~ 315.54MiB at   14.07MiB/s ETA 00:03 (frag 83/93)
[download]  89.5% of ~ 315.83MiB at   13.78MiB/s ETA 00:02 (frag 83/93)
[download]  89.3% of ~ 316.69MiB at   13.78MiB/s ETA 00:02 (frag 83/93)
[download]  89.3% of ~ 316.76MiB at   13.78MiB/s ETA 00:02 (frag 83/93)
[download]  89.5% of ~ 316.58MiB at   13.40MiB/s ETA 00:02 (frag 83/93)
[download]  89.5% of ~ 317.54MiB at   13.40MiB/s ETA 00:02 (frag 83/93)
[download]  89.7% of ~ 318.22MiB at   13.37MiB/s ETA 00:02 (frag 83/93)
[download]  89.3% of ~ 319.67MiB at   13.37MiB/s ETA 00:02 (frag 83/93)
[download]  89.7% of ~ 319.63MiB at   13.37MiB/s ETA 00:02 (frag 83/93)
[download]  89.7% of ~ 320.73MiB at   13.37MiB/s ETA 00:02 (frag 83/93)
[download]  89.3% of ~ 322.18MiB at   13.44MiB/s ETA 00:02 (frag 83/93)
[download]  89.3% of ~ 322.18MiB at   13.44MiB/s ETA 00:02 (frag 83/93)
[download]  89.3% of ~ 322.18MiB at   13.44MiB/s ETA 00:02 (frag 83/93)
[download]  89.3% of ~ 322.19MiB at   13.44MiB/s ETA 00:02 (frag 83/93)
[download]  89.3% of ~ 322.20MiB at   13.44MiB/s ETA 00:02 (frag 83/93)
[download]  89.7% of ~ 322.26MiB at   13.23MiB/s ETA 00:02 (frag 83/93)
[download]  89.3% of ~ 323.89MiB at   13.23MiB/s ETA 00:02 (frag 84/93)
[download]  90.8% of ~ 319.69MiB at   13.23MiB/s ETA 00:02 (frag 84/93)
[download]  90.4% of ~ 320.91MiB at   13.23MiB/s ETA 00:02 (frag 85/93)
[download]  91.6% of ~ 317.50MiB at   13.23MiB/s ETA 00:02 (frag 85/93)
[download]  91.8% of ~ 317.71MiB at   13.18MiB/s ETA 00:02 (frag 85/93)
[download]  91.5% of ~ 318.90MiB at   13.18MiB/s ETA 00:02 (frag 86/93)
[download]  92.9% of ~ 315.26MiB at   13.18MiB/s ETA 00:02 (frag 86/93)
[download]  92.6% of ~ 316.46MiB at   13.18MiB/s ETA 00:02 (frag 87/93)
[download]  94.0% of ~ 313.25MiB at   13.18MiB/s ETA 00:02 (frag 87/93)
[download]  93.5% of ~ 314.83MiB at   13.18MiB/s ETA 00:02 (frag 88/93)
[download]  94.9% of ~ 311.21MiB at   13.43MiB/s ETA 00:02 (frag 88/93)
[download]  94.8% of ~ 311.75MiB at   13.50MiB/s ETA 00:02 (frag 88/93)
[download]  94.8% of ~ 311.76MiB at   13.50MiB/s ETA 00:02 (frag 88/93)
[download]  94.8% of ~ 311.76MiB at   13.50MiB/s ETA 00:02 (frag 88/93)
[download]  94.8% of ~ 311.76MiB at   13.50MiB/s ETA 00:02 (frag 88/93)
[download]  95.3% of ~ 309.84MiB at   13.50MiB/s ETA 00:02 (frag 88/93)
[download]  95.3% of ~ 309.85MiB at   13.50MiB/s ETA 00:02 (frag 88/93)
[download]  95.3% of ~ 309.85MiB at   13.50MiB/s ETA 00:02 (frag 88/93)
[download]  94.8% of ~ 311.78MiB at   13.50MiB/s ETA 00:02 (frag 88/93)
[download]  95.3% of ~ 309.87MiB at   13.50MiB/s ETA 00:02 (frag 88/93)
[download]  95.4% of ~ 309.88MiB at   13.50MiB/s ETA 00:02 (frag 88/93)
[download]  95.4% of ~ 309.89MiB at   13.50MiB/s ETA 00:02 (frag 88/93)
[download]  95.4% of ~ 309.92MiB at   13.50MiB/s ETA 00:02 (frag 88/93)
[download]  94.8% of ~ 311.92MiB at   13.50MiB/s ETA 00:02 (frag 88/93)
[download]  94.6% of ~ 312.47MiB at   13.50MiB/s ETA 00:02 (frag 88/93)
[download]  95.4% of ~ 310.06MiB at   13.50MiB/s ETA 00:02 (frag 88/93)
[download]  94.8% of ~ 312.11MiB at   13.38MiB/s ETA 00:02 (frag 88/93)
[download]  94.8% of ~ 312.18MiB at   13.38MiB/s ETA 00:02 (frag 88/93)
[download]  95.4% of ~ 310.38MiB at   13.38MiB/s ETA 00:02 (frag 88/93)
[download]  94.8% of ~ 312.57MiB at   13.08MiB/s ETA 00:02 (frag 88/93)
[download]  95.5% of ~ 310.90MiB at   13.08MiB/s ETA 00:02 (frag 88/93)
[download]  95.4% of ~ 311.43MiB at   13.08MiB/s ETA 00:02 (frag 88/93)
[download]  95.3% of ~ 311.52MiB at   13.08MiB/s ETA 00:02 (frag 89/93)
[download]  96.1% of ~ 310.46MiB at   13.00MiB/s ETA 00:02 (frag 89/93)
[download]  95.7% of ~ 311.91MiB at   13.00MiB/s ETA 00:02 (frag 90/93)
[download]  97.1% of ~ 308.00MiB at   13.10MiB/s ETA 00:01 (frag 90/93)
[download]  96.8% of ~ 309.02MiB at   12.91MiB/s ETA 00:01 (frag 90/93)
[download]  97.2% of ~ 308.57MiB at   12.25MiB/s ETA 00:01 (frag 90/93)
[download]  96.8% of ~ 310.10MiB at   10.85MiB/s ETA 00:01 (frag 90/93)
[download]  97.2% of ~ 309.68MiB at    9.68MiB/s ETA 00:01 (frag 90/93)
[download]  96.9% of ~ 310.63MiB at    9.68MiB/s ETA 00:01 (frag 91/93)
[download]  97.9% of ~ 307.76MiB at    8.71MiB/s ETA 00:01 (frag 91/93)
[download]  97.9% of ~ 307.89MiB at    7.48MiB/s ETA 00:01 (frag 91/93)
[download]  97.9% of ~ 308.05MiB at    5.78MiB/s ETA 00:01 (frag 91/93)
[download] Got error: SocksHTTPSConnectionPool(host='hls-cdn77.xvideos-cdn.com', port=443): Read timed out.. Retrying (1/10)...
[download]  98.0% of ~ 308.39MiB at    4.37MiB/s ETA 00:02 (frag 91/93)
[download]  98.2% of ~ 308.92MiB at    3.40MiB/s ETA 00:02 (frag 91/93)
[download]  97.0% of ~ 312.51MiB at    2.69MiB/s ETA 00:03 (frag 91/93)
[download]  97.0% of ~ 312.51MiB at    2.69MiB/s ETA 00:03 (frag 91/93)
[download]  97.0% of ~ 312.51MiB at    2.69MiB/s ETA 00:03 (frag 91/93)
[download]  97.0% of ~ 312.52MiB at    2.69MiB/s ETA 00:03 (frag 91/93)
[download]  97.0% of ~ 312.52MiB at    2.14MiB/s ETA 00:03 (frag 91/93)
[download]  98.1% of ~ 310.03MiB at    1.85MiB/s ETA 00:03 (frag 91/93)
[download]  97.8% of ~ 311.05MiB at    1.85MiB/s ETA 00:03 (frag 92/93)
[download]  98.1% of ~ 310.19MiB at    1.85MiB/s ETA 00:03 (frag 92/93)
[download]  98.1% of ~ 310.22MiB at    1.65MiB/s ETA 00:04 (frag 92/93)
[download]  98.1% of ~ 310.28MiB at    1.52MiB/s ETA 00:04 (frag 92/93)
[download]  98.2% of ~ 310.41MiB at    1.45MiB/s ETA 00:04 (frag 92/93)
[download]  98.3% of ~ 310.66MiB at    1.43MiB/s ETA 00:04 (frag 92/93)
[download]  98.4% of ~ 311.16MiB at    1.54MiB/s ETA 00:03 (frag 92/93)
[download]  98.1% of ~ 312.16MiB at    1.54MiB/s ETA 00:03 (frag 92/93)
[download]  98.1% of ~ 312.29MiB at    1.54MiB/s ETA 00:03 (frag 93/93)
[download] 100% of  306.37MiB in 00:00:30 at 9.90MiB/s
[FixupM3u8] Fixing MPEG-TS in MP4 container of "D:\üôåÄ\Ex-Taiwanese_Hostess_Tries_Porn_Part-Time_Hot_Body_Big_Ass_Get_Pounded-ophvcmv6036.mp4"
[Metadata] Adding metadata to "D:\üôåÄ\Ex-Taiwanese_Hostess_Tries_Porn_Part-Time_Hot_Body_Big_Ass_Get_Pounded-ophvcmv6036.mp4"
